[0.020s] Invoking command in '/home/denis/diploma_ws/build/behaviortree_ros2': CMAKE_PREFIX_PATH=/home/denis/diploma_ws/install/behaviortree_cpp:/home/denis/diploma_ws/install/btcpp_ros2_samples:/home/denis/diploma_ws/install/btcpp_ros2_interfaces:/home/denis/diploma_ws/install/behaviortree_ros2:/home/denis/diploma_ws/install/turtlebot3_navigation2:/home/denis/diploma_ws/install/turtlebot3_simulations:/home/denis/diploma_ws/install/turtlebot3_gazebo:/home/denis/diploma_ws/install/turtlebot3_fake_node:/home/denis/diploma_ws/install/ssu:/home/denis/diploma_ws/install/fsu:/home/denis/diploma_ws/install/csu:/home/denis/diploma_ws/install/bt:/opt/ros/humble LD_LIBRARY_PATH=/home/denis/diploma_ws/install/behaviortree_cpp/lib:/home/denis/diploma_ws/install/btcpp_ros2_interfaces/lib:/usr/lib/x86_64-linux-gnu/gazebo-11/plugins:/opt/ros/humble/opt/rviz_ogre_vendor/lib:/opt/ros/humble/lib/x86_64-linux-gnu:/opt/ros/humble/lib /usr/bin/cmake --build /home/denis/diploma_ws/build/behaviortree_ros2 -- -j4 -l4
[0.126s] [100%] Built target behaviortree_ros2
[0.144s] Invoked command in '/home/denis/diploma_ws/build/behaviortree_ros2' returned '0': CMAKE_PREFIX_PATH=/home/denis/diploma_ws/install/behaviortree_cpp:/home/denis/diploma_ws/install/btcpp_ros2_samples:/home/denis/diploma_ws/install/btcpp_ros2_interfaces:/home/denis/diploma_ws/install/behaviortree_ros2:/home/denis/diploma_ws/install/turtlebot3_navigation2:/home/denis/diploma_ws/install/turtlebot3_simulations:/home/denis/diploma_ws/install/turtlebot3_gazebo:/home/denis/diploma_ws/install/turtlebot3_fake_node:/home/denis/diploma_ws/install/ssu:/home/denis/diploma_ws/install/fsu:/home/denis/diploma_ws/install/csu:/home/denis/diploma_ws/install/bt:/opt/ros/humble LD_LIBRARY_PATH=/home/denis/diploma_ws/install/behaviortree_cpp/lib:/home/denis/diploma_ws/install/btcpp_ros2_interfaces/lib:/usr/lib/x86_64-linux-gnu/gazebo-11/plugins:/opt/ros/humble/opt/rviz_ogre_vendor/lib:/opt/ros/humble/lib/x86_64-linux-gnu:/opt/ros/humble/lib /usr/bin/cmake --build /home/denis/diploma_ws/build/behaviortree_ros2 -- -j4 -l4
[0.199s] Invoking command in '/home/denis/diploma_ws/build/behaviortree_ros2': CMAKE_PREFIX_PATH=/home/denis/diploma_ws/install/behaviortree_cpp:/home/denis/diploma_ws/install/btcpp_ros2_samples:/home/denis/diploma_ws/install/btcpp_ros2_interfaces:/home/denis/diploma_ws/install/behaviortree_ros2:/home/denis/diploma_ws/install/turtlebot3_navigation2:/home/denis/diploma_ws/install/turtlebot3_simulations:/home/denis/diploma_ws/install/turtlebot3_gazebo:/home/denis/diploma_ws/install/turtlebot3_fake_node:/home/denis/diploma_ws/install/ssu:/home/denis/diploma_ws/install/fsu:/home/denis/diploma_ws/install/csu:/home/denis/diploma_ws/install/bt:/opt/ros/humble LD_LIBRARY_PATH=/home/denis/diploma_ws/install/behaviortree_cpp/lib:/home/denis/diploma_ws/install/btcpp_ros2_interfaces/lib:/usr/lib/x86_64-linux-gnu/gazebo-11/plugins:/opt/ros/humble/opt/rviz_ogre_vendor/lib:/opt/ros/humble/lib/x86_64-linux-gnu:/opt/ros/humble/lib /usr/bin/cmake --install /home/denis/diploma_ws/build/behaviortree_ros2
[0.211s] -- Install configuration: ""
[0.211s] -- Up-to-date: /home/denis/diploma_ws/install/behaviortree_ros2/include/
[0.211s] -- Up-to-date: /home/denis/diploma_ws/install/behaviortree_ros2/include//behaviortree_ros2
[0.212s] -- Up-to-date: /home/denis/diploma_ws/install/behaviortree_ros2/include//behaviortree_ros2/ros_node_params.hpp
[0.212s] -- Up-to-date: /home/denis/diploma_ws/install/behaviortree_ros2/include//behaviortree_ros2/plugins.hpp
[0.212s] -- Up-to-date: /home/denis/diploma_ws/install/behaviortree_ros2/include//behaviortree_ros2/bt_topic_sub_node.hpp
[0.212s] -- Up-to-date: /home/denis/diploma_ws/install/behaviortree_ros2/include//behaviortree_ros2/bt_service_node.hpp
[0.212s] -- Up-to-date: /home/denis/diploma_ws/install/behaviortree_ros2/include//behaviortree_ros2/bt_topic_pub_node.hpp
[0.212s] -- Up-to-date: /home/denis/diploma_ws/install/behaviortree_ros2/include//behaviortree_ros2/bt_action_node.hpp
[0.213s] -- Up-to-date: /home/denis/diploma_ws/install/behaviortree_ros2/share/ament_index/resource_index/package_run_dependencies/behaviortree_ros2
[0.213s] -- Up-to-date: /home/denis/diploma_ws/install/behaviortree_ros2/share/ament_index/resource_index/parent_prefix_path/behaviortree_ros2
[0.213s] -- Up-to-date: /home/denis/diploma_ws/install/behaviortree_ros2/share/behaviortree_ros2/environment/ament_prefix_path.sh
[0.213s] -- Up-to-date: /home/denis/diploma_ws/install/behaviortree_ros2/share/behaviortree_ros2/environment/ament_prefix_path.dsv
[0.213s] -- Up-to-date: /home/denis/diploma_ws/install/behaviortree_ros2/share/behaviortree_ros2/environment/path.sh
[0.213s] -- Up-to-date: /home/denis/diploma_ws/install/behaviortree_ros2/share/behaviortree_ros2/environment/path.dsv
[0.214s] -- Up-to-date: /home/denis/diploma_ws/install/behaviortree_ros2/share/behaviortree_ros2/local_setup.bash
[0.214s] -- Up-to-date: /home/denis/diploma_ws/install/behaviortree_ros2/share/behaviortree_ros2/local_setup.sh
[0.214s] -- Up-to-date: /home/denis/diploma_ws/install/behaviortree_ros2/share/behaviortree_ros2/local_setup.zsh
[0.214s] -- Up-to-date: /home/denis/diploma_ws/install/behaviortree_ros2/share/behaviortree_ros2/local_setup.dsv
[0.214s] -- Installing: /home/denis/diploma_ws/install/behaviortree_ros2/share/behaviortree_ros2/package.dsv
[0.214s] -- Up-to-date: /home/denis/diploma_ws/install/behaviortree_ros2/share/ament_index/resource_index/packages/behaviortree_ros2
[0.214s] -- Up-to-date: /home/denis/diploma_ws/install/behaviortree_ros2/share/behaviortree_ros2/cmake/ament_cmake_export_include_directories-extras.cmake
[0.214s] -- Up-to-date: /home/denis/diploma_ws/install/behaviortree_ros2/share/behaviortree_ros2/cmake/ament_cmake_export_dependencies-extras.cmake
[0.214s] -- Up-to-date: /home/denis/diploma_ws/install/behaviortree_ros2/share/behaviortree_ros2/cmake/behaviortree_ros2Config.cmake
[0.214s] -- Up-to-date: /home/denis/diploma_ws/install/behaviortree_ros2/share/behaviortree_ros2/cmake/behaviortree_ros2Config-version.cmake
[0.214s] -- Up-to-date: /home/denis/diploma_ws/install/behaviortree_ros2/share/behaviortree_ros2/package.xml
[0.217s] Invoked command in '/home/denis/diploma_ws/build/behaviortree_ros2' returned '0': CMAKE_PREFIX_PATH=/home/denis/diploma_ws/install/behaviortree_cpp:/home/denis/diploma_ws/install/btcpp_ros2_samples:/home/denis/diploma_ws/install/btcpp_ros2_interfaces:/home/denis/diploma_ws/install/behaviortree_ros2:/home/denis/diploma_ws/install/turtlebot3_navigation2:/home/denis/diploma_ws/install/turtlebot3_simulations:/home/denis/diploma_ws/install/turtlebot3_gazebo:/home/denis/diploma_ws/install/turtlebot3_fake_node:/home/denis/diploma_ws/install/ssu:/home/denis/diploma_ws/install/fsu:/home/denis/diploma_ws/install/csu:/home/denis/diploma_ws/install/bt:/opt/ros/humble LD_LIBRARY_PATH=/home/denis/diploma_ws/install/behaviortree_cpp/lib:/home/denis/diploma_ws/install/btcpp_ros2_interfaces/lib:/usr/lib/x86_64-linux-gnu/gazebo-11/plugins:/opt/ros/humble/opt/rviz_ogre_vendor/lib:/opt/ros/humble/lib/x86_64-linux-gnu:/opt/ros/humble/lib /usr/bin/cmake --install /home/denis/diploma_ws/build/behaviortree_ros2
