[0.044s] Invoking command in '/home/denis/diploma_ws/build/groot': CMAKE_PREFIX_PATH=/home/denis/diploma_ws/install/behaviortree_cpp_v3:/home/denis/diploma_ws/install/turtlebot3_simulations:/home/denis/diploma_ws/install/turtlebot3_navigation2:/home/denis/diploma_ws/install/turtlebot3_gazebo:/home/denis/diploma_ws/install/turtlebot3_fake_node:/home/denis/diploma_ws/install/ssu:/home/denis/diploma_ws/install/nav2_bringup:/home/denis/diploma_ws/install/groot:/home/denis/diploma_ws/install/fsu:/home/denis/diploma_ws/install/csu:/home/denis/diploma_ws/install/dms_interfaces:/home/denis/diploma_ws/install/btcpp_ros2_samples:/home/denis/diploma_ws/install/btcpp_ros2_interfaces:/home/denis/diploma_ws/install/bt:/home/denis/diploma_ws/install/behaviortree_ros2:/home/denis/diploma_ws/install/behaviortree_cpp:/home/denis/diploma_ws/src/install/dms_interfaces:/home/denis/diploma_ws/src/install/turtlebot3_simulations:/home/denis/diploma_ws/src/install/turtlebot3_navigation2:/home/denis/diploma_ws/src/install/turtlebot3_gazebo:/home/denis/diploma_ws/src/install/turtlebot3_fake_node:/home/denis/diploma_ws/src/install/ssu:/home/denis/diploma_ws/src/install/nav2_bringup:/home/denis/diploma_ws/src/install/groot:/home/denis/diploma_ws/src/install/fsu:/home/denis/diploma_ws/src/install/csu:/home/denis/diploma_ws/src/install/btcpp_ros2_interfaces:/home/denis/diploma_ws/src/install/bt:/home/denis/diploma_ws/src/install/behaviortree_cpp_v3:/opt/ros/humble LD_LIBRARY_PATH=/home/denis/diploma_ws/install/behaviortree_cpp_v3/lib:/home/denis/diploma_ws/install/groot/lib:/home/denis/diploma_ws/install/dms_interfaces/lib:/home/denis/diploma_ws/install/btcpp_ros2_interfaces/lib:/home/denis/diploma_ws/install/behaviortree_cpp/lib:/home/denis/diploma_ws/src/install/dms_interfaces/lib:/home/denis/diploma_ws/src/install/groot/lib:/home/denis/diploma_ws/src/install/btcpp_ros2_interfaces/lib:/home/denis/diploma_ws/src/install/behaviortree_cpp_v3/lib:/usr/lib/x86_64-linux-gnu/gazebo-11/plugins:/opt/ros/humble/opt/rviz_ogre_vendor/lib:/opt/ros/humble/lib/x86_64-linux-gnu:/opt/ros/humble/lib /usr/bin/cmake --build /home/denis/diploma_ws/build/groot -- -j4 -l4
[0.186s] [  1%] [34m[1mAutomatic MOC and UIC for target QtNodeEditor[0m
[0.238s] [  1%] Built target QtNodeEditor_autogen
[0.381s] [ 57%] Built target QtNodeEditor
[0.440s] [ 58%] [34m[1mAutomatic MOC and UIC for target behavior_tree_editor[0m
[0.520s] [ 58%] Built target behavior_tree_editor_autogen
[0.633s] [ 74%] Built target behavior_tree_editor
[0.708s] [ 74%] [34m[1mAutomatic MOC and UIC for target editor_test[0m
[0.714s] [ 75%] [34m[1mAutomatic MOC and UIC for target replay_test[0m
[0.719s] [ 76%] [34m[1mAutomatic MOC and UIC for target Groot[0m
[0.788s] [ 76%] Built target replay_test_autogen
[0.788s] [ 76%] Built target editor_test_autogen
[0.824s] [ 76%] Built target Groot_autogen
[0.896s] [ 85%] Built target editor_test
[0.920s] [ 91%] Built target Groot
[0.929s] [100%] Built target replay_test
[0.953s] Invoked command in '/home/denis/diploma_ws/build/groot' returned '0': CMAKE_PREFIX_PATH=/home/denis/diploma_ws/install/behaviortree_cpp_v3:/home/denis/diploma_ws/install/turtlebot3_simulations:/home/denis/diploma_ws/install/turtlebot3_navigation2:/home/denis/diploma_ws/install/turtlebot3_gazebo:/home/denis/diploma_ws/install/turtlebot3_fake_node:/home/denis/diploma_ws/install/ssu:/home/denis/diploma_ws/install/nav2_bringup:/home/denis/diploma_ws/install/groot:/home/denis/diploma_ws/install/fsu:/home/denis/diploma_ws/install/csu:/home/denis/diploma_ws/install/dms_interfaces:/home/denis/diploma_ws/install/btcpp_ros2_samples:/home/denis/diploma_ws/install/btcpp_ros2_interfaces:/home/denis/diploma_ws/install/bt:/home/denis/diploma_ws/install/behaviortree_ros2:/home/denis/diploma_ws/install/behaviortree_cpp:/home/denis/diploma_ws/src/install/dms_interfaces:/home/denis/diploma_ws/src/install/turtlebot3_simulations:/home/denis/diploma_ws/src/install/turtlebot3_navigation2:/home/denis/diploma_ws/src/install/turtlebot3_gazebo:/home/denis/diploma_ws/src/install/turtlebot3_fake_node:/home/denis/diploma_ws/src/install/ssu:/home/denis/diploma_ws/src/install/nav2_bringup:/home/denis/diploma_ws/src/install/groot:/home/denis/diploma_ws/src/install/fsu:/home/denis/diploma_ws/src/install/csu:/home/denis/diploma_ws/src/install/btcpp_ros2_interfaces:/home/denis/diploma_ws/src/install/bt:/home/denis/diploma_ws/src/install/behaviortree_cpp_v3:/opt/ros/humble LD_LIBRARY_PATH=/home/denis/diploma_ws/install/behaviortree_cpp_v3/lib:/home/denis/diploma_ws/install/groot/lib:/home/denis/diploma_ws/install/dms_interfaces/lib:/home/denis/diploma_ws/install/btcpp_ros2_interfaces/lib:/home/denis/diploma_ws/install/behaviortree_cpp/lib:/home/denis/diploma_ws/src/install/dms_interfaces/lib:/home/denis/diploma_ws/src/install/groot/lib:/home/denis/diploma_ws/src/install/btcpp_ros2_interfaces/lib:/home/denis/diploma_ws/src/install/behaviortree_cpp_v3/lib:/usr/lib/x86_64-linux-gnu/gazebo-11/plugins:/opt/ros/humble/opt/rviz_ogre_vendor/lib:/opt/ros/humble/lib/x86_64-linux-gnu:/opt/ros/humble/lib /usr/bin/cmake --build /home/denis/diploma_ws/build/groot -- -j4 -l4
[1.221s] Invoking command in '/home/denis/diploma_ws/build/groot': CMAKE_PREFIX_PATH=/home/denis/diploma_ws/install/behaviortree_cpp_v3:/home/denis/diploma_ws/install/turtlebot3_simulations:/home/denis/diploma_ws/install/turtlebot3_navigation2:/home/denis/diploma_ws/install/turtlebot3_gazebo:/home/denis/diploma_ws/install/turtlebot3_fake_node:/home/denis/diploma_ws/install/ssu:/home/denis/diploma_ws/install/nav2_bringup:/home/denis/diploma_ws/install/groot:/home/denis/diploma_ws/install/fsu:/home/denis/diploma_ws/install/csu:/home/denis/diploma_ws/install/dms_interfaces:/home/denis/diploma_ws/install/btcpp_ros2_samples:/home/denis/diploma_ws/install/btcpp_ros2_interfaces:/home/denis/diploma_ws/install/bt:/home/denis/diploma_ws/install/behaviortree_ros2:/home/denis/diploma_ws/install/behaviortree_cpp:/home/denis/diploma_ws/src/install/dms_interfaces:/home/denis/diploma_ws/src/install/turtlebot3_simulations:/home/denis/diploma_ws/src/install/turtlebot3_navigation2:/home/denis/diploma_ws/src/install/turtlebot3_gazebo:/home/denis/diploma_ws/src/install/turtlebot3_fake_node:/home/denis/diploma_ws/src/install/ssu:/home/denis/diploma_ws/src/install/nav2_bringup:/home/denis/diploma_ws/src/install/groot:/home/denis/diploma_ws/src/install/fsu:/home/denis/diploma_ws/src/install/csu:/home/denis/diploma_ws/src/install/btcpp_ros2_interfaces:/home/denis/diploma_ws/src/install/bt:/home/denis/diploma_ws/src/install/behaviortree_cpp_v3:/opt/ros/humble LD_LIBRARY_PATH=/home/denis/diploma_ws/install/behaviortree_cpp_v3/lib:/home/denis/diploma_ws/install/groot/lib:/home/denis/diploma_ws/install/dms_interfaces/lib:/home/denis/diploma_ws/install/btcpp_ros2_interfaces/lib:/home/denis/diploma_ws/install/behaviortree_cpp/lib:/home/denis/diploma_ws/src/install/dms_interfaces/lib:/home/denis/diploma_ws/src/install/groot/lib:/home/denis/diploma_ws/src/install/btcpp_ros2_interfaces/lib:/home/denis/diploma_ws/src/install/behaviortree_cpp_v3/lib:/usr/lib/x86_64-linux-gnu/gazebo-11/plugins:/opt/ros/humble/opt/rviz_ogre_vendor/lib:/opt/ros/humble/lib/x86_64-linux-gnu:/opt/ros/humble/lib /usr/bin/cmake --install /home/denis/diploma_ws/build/groot
[1.242s] -- Install configuration: ""
[1.243s] -- Up-to-date: /home/denis/diploma_ws/install/groot/lib/libbehavior_tree_editor.so
[1.244s] -- Up-to-date: /home/denis/diploma_ws/install/groot/lib/groot/Groot
[1.245s] -- Up-to-date: /home/denis/diploma_ws/install/groot/share/groot/environment/library_path.sh
[1.245s] -- Up-to-date: /home/denis/diploma_ws/install/groot/share/groot/environment/library_path.dsv
[1.245s] -- Up-to-date: /home/denis/diploma_ws/install/groot/share/ament_index/resource_index/package_run_dependencies/groot
[1.246s] -- Up-to-date: /home/denis/diploma_ws/install/groot/share/ament_index/resource_index/parent_prefix_path/groot
[1.246s] -- Up-to-date: /home/denis/diploma_ws/install/groot/share/groot/environment/ament_prefix_path.sh
[1.246s] -- Up-to-date: /home/denis/diploma_ws/install/groot/share/groot/environment/ament_prefix_path.dsv
[1.246s] -- Up-to-date: /home/denis/diploma_ws/install/groot/share/groot/environment/path.sh
[1.247s] -- Up-to-date: /home/denis/diploma_ws/install/groot/share/groot/environment/path.dsv
[1.247s] -- Up-to-date: /home/denis/diploma_ws/install/groot/share/groot/local_setup.bash
[1.247s] -- Up-to-date: /home/denis/diploma_ws/install/groot/share/groot/local_setup.sh
[1.247s] -- Up-to-date: /home/denis/diploma_ws/install/groot/share/groot/local_setup.zsh
[1.248s] -- Up-to-date: /home/denis/diploma_ws/install/groot/share/groot/local_setup.dsv
[1.248s] -- Installing: /home/denis/diploma_ws/install/groot/share/groot/package.dsv
[1.248s] -- Up-to-date: /home/denis/diploma_ws/install/groot/share/ament_index/resource_index/packages/groot
[1.249s] -- Up-to-date: /home/denis/diploma_ws/install/groot/share/groot/cmake/ament_cmake_export_include_directories-extras.cmake
[1.249s] -- Up-to-date: /home/denis/diploma_ws/install/groot/share/groot/cmake/ament_cmake_export_dependencies-extras.cmake
[1.249s] -- Up-to-date: /home/denis/diploma_ws/install/groot/share/groot/cmake/ament_cmake_export_libraries-extras.cmake
[1.249s] -- Up-to-date: /home/denis/diploma_ws/install/groot/share/groot/cmake/grootConfig.cmake
[1.249s] -- Up-to-date: /home/denis/diploma_ws/install/groot/share/groot/cmake/grootConfig-version.cmake
[1.250s] -- Up-to-date: /home/denis/diploma_ws/install/groot/share/groot/package.xml
[1.258s] Invoked command in '/home/denis/diploma_ws/build/groot' returned '0': CMAKE_PREFIX_PATH=/home/denis/diploma_ws/install/behaviortree_cpp_v3:/home/denis/diploma_ws/install/turtlebot3_simulations:/home/denis/diploma_ws/install/turtlebot3_navigation2:/home/denis/diploma_ws/install/turtlebot3_gazebo:/home/denis/diploma_ws/install/turtlebot3_fake_node:/home/denis/diploma_ws/install/ssu:/home/denis/diploma_ws/install/nav2_bringup:/home/denis/diploma_ws/install/groot:/home/denis/diploma_ws/install/fsu:/home/denis/diploma_ws/install/csu:/home/denis/diploma_ws/install/dms_interfaces:/home/denis/diploma_ws/install/btcpp_ros2_samples:/home/denis/diploma_ws/install/btcpp_ros2_interfaces:/home/denis/diploma_ws/install/bt:/home/denis/diploma_ws/install/behaviortree_ros2:/home/denis/diploma_ws/install/behaviortree_cpp:/home/denis/diploma_ws/src/install/dms_interfaces:/home/denis/diploma_ws/src/install/turtlebot3_simulations:/home/denis/diploma_ws/src/install/turtlebot3_navigation2:/home/denis/diploma_ws/src/install/turtlebot3_gazebo:/home/denis/diploma_ws/src/install/turtlebot3_fake_node:/home/denis/diploma_ws/src/install/ssu:/home/denis/diploma_ws/src/install/nav2_bringup:/home/denis/diploma_ws/src/install/groot:/home/denis/diploma_ws/src/install/fsu:/home/denis/diploma_ws/src/install/csu:/home/denis/diploma_ws/src/install/btcpp_ros2_interfaces:/home/denis/diploma_ws/src/install/bt:/home/denis/diploma_ws/src/install/behaviortree_cpp_v3:/opt/ros/humble LD_LIBRARY_PATH=/home/denis/diploma_ws/install/behaviortree_cpp_v3/lib:/home/denis/diploma_ws/install/groot/lib:/home/denis/diploma_ws/install/dms_interfaces/lib:/home/denis/diploma_ws/install/btcpp_ros2_interfaces/lib:/home/denis/diploma_ws/install/behaviortree_cpp/lib:/home/denis/diploma_ws/src/install/dms_interfaces/lib:/home/denis/diploma_ws/src/install/groot/lib:/home/denis/diploma_ws/src/install/btcpp_ros2_interfaces/lib:/home/denis/diploma_ws/src/install/behaviortree_cpp_v3/lib:/usr/lib/x86_64-linux-gnu/gazebo-11/plugins:/opt/ros/humble/opt/rviz_ogre_vendor/lib:/opt/ros/humble/lib/x86_64-linux-gnu:/opt/ros/humble/lib /usr/bin/cmake --install /home/denis/diploma_ws/build/groot
