[0.477s] DEBUG:colcon:Command line arguments: ['/usr/bin/colcon', 'list', '-p', '--base-paths', '/home/denis/diploma_ws']
[0.477s] DEBUG:colcon:Parsed command line arguments: Namespace(log_base=None, log_level=None, verb_name='list', build_base='build', ignore_user_meta=False, metas=['./colcon.meta'], base_paths=['/home/denis/diploma_ws'], packages_ignore=None, packages_ignore_regex=None, paths=None, packages_up_to=None, packages_up_to_regex=None, packages_above=None, packages_above_and_dependencies=None, packages_above_depth=None, packages_select_by_dep=None, packages_skip_by_dep=None, packages_skip_up_to=None, packages_select_build_failed=False, packages_skip_build_finished=False, packages_select_test_failures=False, packages_skip_test_passed=False, packages_select=None, packages_skip=None, packages_select_regex=None, packages_skip_regex=None, packages_start=None, packages_end=None, allow_overriding=[], topological_order=False, names_only=False, paths_only=True, topological_graph=False, topological_graph_dot=False, topological_graph_density=False, topological_graph_legend=False, topological_graph_dot_cluster=False, topological_graph_dot_include_skipped=False, verb_parser=<colcon_defaults.argument_parser.defaults.DefaultArgumentsDecorator object at 0x7be1ebe31ba0>, verb_extension=<colcon_package_information.verb.list.ListVerb object at 0x7be1ebe30eb0>, main=<bound method ListVerb.main of <colcon_package_information.verb.list.ListVerb object at 0x7be1ebe30eb0>>)
[1.846s] Level 1:colcon.colcon_core.package_discovery:discover_packages(colcon_meta) check parameters
[1.846s] Level 1:colcon.colcon_core.package_discovery:discover_packages(recursive) check parameters
[1.846s] Level 1:colcon.colcon_core.package_discovery:discover_packages(ignore) check parameters
[1.846s] Level 1:colcon.colcon_core.package_discovery:discover_packages(path) check parameters
[1.846s] Level 1:colcon.colcon_core.package_discovery:discover_packages(recursive) discover
[1.847s] INFO:colcon.colcon_core.package_discovery:Crawling recursively for packages in '/home/denis/diploma_ws'
[1.847s] Level 1:colcon.colcon_core.package_identification:_identify(/home/denis/diploma_ws) by extensions ['ignore', 'ignore_ament_install']
[1.847s] Level 1:colcon.colcon_core.package_identification:_identify(/home/denis/diploma_ws) by extension 'ignore'
[1.847s] Level 1:colcon.colcon_core.package_identification:_identify(/home/denis/diploma_ws) by extension 'ignore_ament_install'
[1.847s] Level 1:colcon.colcon_core.package_identification:_identify(/home/denis/diploma_ws) by extensions ['colcon_pkg']
[1.847s] Level 1:colcon.colcon_core.package_identification:_identify(/home/denis/diploma_ws) by extension 'colcon_pkg'
[1.848s] Level 1:colcon.colcon_core.package_identification:_identify(/home/denis/diploma_ws) by extensions ['colcon_meta']
[1.848s] Level 1:colcon.colcon_core.package_identification:_identify(/home/denis/diploma_ws) by extension 'colcon_meta'
[1.848s] Level 1:colcon.colcon_core.package_identification:_identify(/home/denis/diploma_ws) by extensions ['ros']
[1.848s] Level 1:colcon.colcon_core.package_identification:_identify(/home/denis/diploma_ws) by extension 'ros'
[1.893s] Level 1:colcon.colcon_core.package_identification:_identify(/home/denis/diploma_ws) by extensions ['cmake', 'python']
[1.894s] Level 1:colcon.colcon_core.package_identification:_identify(/home/denis/diploma_ws) by extension 'cmake'
[1.894s] Level 1:colcon.colcon_core.package_identification:_identify(/home/denis/diploma_ws) by extension 'python'
[1.894s] Level 1:colcon.colcon_core.package_identification:_identify(/home/denis/diploma_ws) by extensions ['python_setup_py']
[1.894s] Level 1:colcon.colcon_core.package_identification:_identify(/home/denis/diploma_ws) by extension 'python_setup_py'
[1.894s] Level 1:colcon.colcon_core.package_identification:_identify(/home/denis/diploma_ws/build) by extensions ['ignore', 'ignore_ament_install']
[1.894s] Level 1:colcon.colcon_core.package_identification:_identify(/home/denis/diploma_ws/build) by extension 'ignore'
[1.895s] Level 1:colcon.colcon_core.package_identification:_identify(/home/denis/diploma_ws/build) ignored
[1.895s] Level 1:colcon.colcon_core.package_identification:_identify(/home/denis/diploma_ws/install) by extensions ['ignore', 'ignore_ament_install']
[1.895s] Level 1:colcon.colcon_core.package_identification:_identify(/home/denis/diploma_ws/install) by extension 'ignore'
[1.895s] Level 1:colcon.colcon_core.package_identification:_identify(/home/denis/diploma_ws/install) ignored
[1.896s] Level 1:colcon.colcon_core.package_identification:_identify(/home/denis/diploma_ws/log) by extensions ['ignore', 'ignore_ament_install']
[1.896s] Level 1:colcon.colcon_core.package_identification:_identify(/home/denis/diploma_ws/log) by extension 'ignore'
[1.896s] Level 1:colcon.colcon_core.package_identification:_identify(/home/denis/diploma_ws/log) ignored
[1.896s] Level 1:colcon.colcon_core.package_identification:_identify(/home/denis/diploma_ws/src) by extensions ['ignore', 'ignore_ament_install']
[1.897s] Level 1:colcon.colcon_core.package_identification:_identify(/home/denis/diploma_ws/src) by extension 'ignore'
[1.917s] Level 1:colcon.colcon_core.package_identification:_identify(/home/denis/diploma_ws/src) by extension 'ignore_ament_install'
[1.917s] Level 1:colcon.colcon_core.package_identification:_identify(/home/denis/diploma_ws/src) by extensions ['colcon_pkg']
[1.917s] Level 1:colcon.colcon_core.package_identification:_identify(/home/denis/diploma_ws/src) by extension 'colcon_pkg'
[1.917s] Level 1:colcon.colcon_core.package_identification:_identify(/home/denis/diploma_ws/src) by extensions ['colcon_meta']
[1.917s] Level 1:colcon.colcon_core.package_identification:_identify(/home/denis/diploma_ws/src) by extension 'colcon_meta'
[1.917s] Level 1:colcon.colcon_core.package_identification:_identify(/home/denis/diploma_ws/src) by extensions ['ros']
[1.917s] Level 1:colcon.colcon_core.package_identification:_identify(/home/denis/diploma_ws/src) by extension 'ros'
[1.918s] Level 1:colcon.colcon_core.package_identification:_identify(/home/denis/diploma_ws/src) by extensions ['cmake', 'python']
[1.918s] Level 1:colcon.colcon_core.package_identification:_identify(/home/denis/diploma_ws/src) by extension 'cmake'
[1.918s] Level 1:colcon.colcon_core.package_identification:_identify(/home/denis/diploma_ws/src) by extension 'python'
[1.918s] Level 1:colcon.colcon_core.package_identification:_identify(/home/denis/diploma_ws/src) by extensions ['python_setup_py']
[1.918s] Level 1:colcon.colcon_core.package_identification:_identify(/home/denis/diploma_ws/src) by extension 'python_setup_py'
[1.918s] Level 1:colcon.colcon_core.package_identification:_identify(/home/denis/diploma_ws/src/BehaviorTree.CPP-3.8) by extensions ['ignore', 'ignore_ament_install']
[1.919s] Level 1:colcon.colcon_core.package_identification:_identify(/home/denis/diploma_ws/src/BehaviorTree.CPP-3.8) by extension 'ignore'
[1.919s] Level 1:colcon.colcon_core.package_identification:_identify(/home/denis/diploma_ws/src/BehaviorTree.CPP-3.8) by extension 'ignore_ament_install'
[1.919s] Level 1:colcon.colcon_core.package_identification:_identify(/home/denis/diploma_ws/src/BehaviorTree.CPP-3.8) by extensions ['colcon_pkg']
[1.919s] Level 1:colcon.colcon_core.package_identification:_identify(/home/denis/diploma_ws/src/BehaviorTree.CPP-3.8) by extension 'colcon_pkg'
[1.919s] Level 1:colcon.colcon_core.package_identification:_identify(/home/denis/diploma_ws/src/BehaviorTree.CPP-3.8) by extensions ['colcon_meta']
[1.919s] Level 1:colcon.colcon_core.package_identification:_identify(/home/denis/diploma_ws/src/BehaviorTree.CPP-3.8) by extension 'colcon_meta'
[1.929s] Level 1:colcon.colcon_core.package_identification:_identify(/home/denis/diploma_ws/src/BehaviorTree.CPP-3.8) by extensions ['ros']
[1.929s] Level 1:colcon.colcon_core.package_identification:_identify(/home/denis/diploma_ws/src/BehaviorTree.CPP-3.8) by extension 'ros'
[1.990s] DEBUG:colcon.colcon_core.package_identification:Package '/home/denis/diploma_ws/src/BehaviorTree.CPP-3.8' with type 'ros.ament_cmake' and name 'behaviortree_cpp_v3'
[2.001s] Level 1:colcon.colcon_core.package_identification:_identify(/home/denis/diploma_ws/src/Groot) by extensions ['ignore', 'ignore_ament_install']
[2.001s] Level 1:colcon.colcon_core.package_identification:_identify(/home/denis/diploma_ws/src/Groot) by extension 'ignore'
[2.001s] Level 1:colcon.colcon_core.package_identification:_identify(/home/denis/diploma_ws/src/Groot) by extension 'ignore_ament_install'
[2.002s] Level 1:colcon.colcon_core.package_identification:_identify(/home/denis/diploma_ws/src/Groot) by extensions ['colcon_pkg']
[2.002s] Level 1:colcon.colcon_core.package_identification:_identify(/home/denis/diploma_ws/src/Groot) by extension 'colcon_pkg'
[2.002s] Level 1:colcon.colcon_core.package_identification:_identify(/home/denis/diploma_ws/src/Groot) by extensions ['colcon_meta']
[2.002s] Level 1:colcon.colcon_core.package_identification:_identify(/home/denis/diploma_ws/src/Groot) by extension 'colcon_meta'
[2.002s] Level 1:colcon.colcon_core.package_identification:_identify(/home/denis/diploma_ws/src/Groot) by extensions ['ros']
[2.002s] Level 1:colcon.colcon_core.package_identification:_identify(/home/denis/diploma_ws/src/Groot) by extension 'ros'
[2.009s] DEBUG:colcon.colcon_core.package_identification:Package '/home/denis/diploma_ws/src/Groot' with type 'ros.ament_cmake' and name 'groot'
[2.009s] Level 1:colcon.colcon_core.package_identification:_identify(/home/denis/diploma_ws/src/bsu) by extensions ['ignore', 'ignore_ament_install']
[2.009s] Level 1:colcon.colcon_core.package_identification:_identify(/home/denis/diploma_ws/src/bsu) by extension 'ignore'
[2.009s] Level 1:colcon.colcon_core.package_identification:_identify(/home/denis/diploma_ws/src/bsu) by extension 'ignore_ament_install'
[2.010s] Level 1:colcon.colcon_core.package_identification:_identify(/home/denis/diploma_ws/src/bsu) by extensions ['colcon_pkg']
[2.010s] Level 1:colcon.colcon_core.package_identification:_identify(/home/denis/diploma_ws/src/bsu) by extension 'colcon_pkg'
[2.010s] Level 1:colcon.colcon_core.package_identification:_identify(/home/denis/diploma_ws/src/bsu) by extensions ['colcon_meta']
[2.010s] Level 1:colcon.colcon_core.package_identification:_identify(/home/denis/diploma_ws/src/bsu) by extension 'colcon_meta'
[2.010s] Level 1:colcon.colcon_core.package_identification:_identify(/home/denis/diploma_ws/src/bsu) by extensions ['ros']
[2.010s] Level 1:colcon.colcon_core.package_identification:_identify(/home/denis/diploma_ws/src/bsu) by extension 'ros'
[2.012s] DEBUG:colcon.colcon_core.package_identification:Package '/home/denis/diploma_ws/src/bsu' with type 'ros.ament_cmake' and name 'bsu'
[2.012s] Level 1:colcon.colcon_core.package_identification:_identify(/home/denis/diploma_ws/src/bt) by extensions ['ignore', 'ignore_ament_install']
[2.012s] Level 1:colcon.colcon_core.package_identification:_identify(/home/denis/diploma_ws/src/bt) by extension 'ignore'
[2.013s] Level 1:colcon.colcon_core.package_identification:_identify(/home/denis/diploma_ws/src/bt) by extension 'ignore_ament_install'
[2.021s] Level 1:colcon.colcon_core.package_identification:_identify(/home/denis/diploma_ws/src/bt) by extensions ['colcon_pkg']
[2.021s] Level 1:colcon.colcon_core.package_identification:_identify(/home/denis/diploma_ws/src/bt) by extension 'colcon_pkg'
[2.021s] Level 1:colcon.colcon_core.package_identification:_identify(/home/denis/diploma_ws/src/bt) by extensions ['colcon_meta']
[2.021s] Level 1:colcon.colcon_core.package_identification:_identify(/home/denis/diploma_ws/src/bt) by extension 'colcon_meta'
[2.022s] Level 1:colcon.colcon_core.package_identification:_identify(/home/denis/diploma_ws/src/bt) by extensions ['ros']
[2.022s] Level 1:colcon.colcon_core.package_identification:_identify(/home/denis/diploma_ws/src/bt) by extension 'ros'
[2.025s] DEBUG:colcon.colcon_core.package_identification:Package '/home/denis/diploma_ws/src/bt' with type 'ros.ament_cmake' and name 'bt'
[2.025s] Level 1:colcon.colcon_core.package_identification:_identify(/home/denis/diploma_ws/src/build) by extensions ['ignore', 'ignore_ament_install']
[2.026s] Level 1:colcon.colcon_core.package_identification:_identify(/home/denis/diploma_ws/src/build) by extension 'ignore'
[2.026s] Level 1:colcon.colcon_core.package_identification:_identify(/home/denis/diploma_ws/src/build) ignored
[2.026s] Level 1:colcon.colcon_core.package_identification:_identify(/home/denis/diploma_ws/src/csu) by extensions ['ignore', 'ignore_ament_install']
[2.029s] Level 1:colcon.colcon_core.package_identification:_identify(/home/denis/diploma_ws/src/csu) by extension 'ignore'
[2.030s] Level 1:colcon.colcon_core.package_identification:_identify(/home/denis/diploma_ws/src/csu) by extension 'ignore_ament_install'
[2.030s] Level 1:colcon.colcon_core.package_identification:_identify(/home/denis/diploma_ws/src/csu) by extensions ['colcon_pkg']
[2.030s] Level 1:colcon.colcon_core.package_identification:_identify(/home/denis/diploma_ws/src/csu) by extension 'colcon_pkg'
[2.030s] Level 1:colcon.colcon_core.package_identification:_identify(/home/denis/diploma_ws/src/csu) by extensions ['colcon_meta']
[2.030s] Level 1:colcon.colcon_core.package_identification:_identify(/home/denis/diploma_ws/src/csu) by extension 'colcon_meta'
[2.030s] Level 1:colcon.colcon_core.package_identification:_identify(/home/denis/diploma_ws/src/csu) by extensions ['ros']
[2.030s] Level 1:colcon.colcon_core.package_identification:_identify(/home/denis/diploma_ws/src/csu) by extension 'ros'
[2.033s] DEBUG:colcon.colcon_core.package_identification:Package '/home/denis/diploma_ws/src/csu' with type 'ros.ament_cmake' and name 'csu'
[2.037s] Level 1:colcon.colcon_core.package_identification:_identify(/home/denis/diploma_ws/src/dms_interfaces) by extensions ['ignore', 'ignore_ament_install']
[2.037s] Level 1:colcon.colcon_core.package_identification:_identify(/home/denis/diploma_ws/src/dms_interfaces) by extension 'ignore'
[2.037s] Level 1:colcon.colcon_core.package_identification:_identify(/home/denis/diploma_ws/src/dms_interfaces) by extension 'ignore_ament_install'
[2.037s] Level 1:colcon.colcon_core.package_identification:_identify(/home/denis/diploma_ws/src/dms_interfaces) by extensions ['colcon_pkg']
[2.037s] Level 1:colcon.colcon_core.package_identification:_identify(/home/denis/diploma_ws/src/dms_interfaces) by extension 'colcon_pkg'
[2.037s] Level 1:colcon.colcon_core.package_identification:_identify(/home/denis/diploma_ws/src/dms_interfaces) by extensions ['colcon_meta']
[2.038s] Level 1:colcon.colcon_core.package_identification:_identify(/home/denis/diploma_ws/src/dms_interfaces) by extension 'colcon_meta'
[2.038s] Level 1:colcon.colcon_core.package_identification:_identify(/home/denis/diploma_ws/src/dms_interfaces) by extensions ['ros']
[2.038s] Level 1:colcon.colcon_core.package_identification:_identify(/home/denis/diploma_ws/src/dms_interfaces) by extension 'ros'
[2.050s] DEBUG:colcon.colcon_core.package_identification:Package '/home/denis/diploma_ws/src/dms_interfaces' with type 'ros.ament_cmake' and name 'dms_interfaces'
[2.050s] Level 1:colcon.colcon_core.package_identification:_identify(/home/denis/diploma_ws/src/fsu) by extensions ['ignore', 'ignore_ament_install']
[2.051s] Level 1:colcon.colcon_core.package_identification:_identify(/home/denis/diploma_ws/src/fsu) by extension 'ignore'
[2.051s] Level 1:colcon.colcon_core.package_identification:_identify(/home/denis/diploma_ws/src/fsu) by extension 'ignore_ament_install'
[2.051s] Level 1:colcon.colcon_core.package_identification:_identify(/home/denis/diploma_ws/src/fsu) by extensions ['colcon_pkg']
[2.052s] Level 1:colcon.colcon_core.package_identification:_identify(/home/denis/diploma_ws/src/fsu) by extension 'colcon_pkg'
[2.052s] Level 1:colcon.colcon_core.package_identification:_identify(/home/denis/diploma_ws/src/fsu) by extensions ['colcon_meta']
[2.052s] Level 1:colcon.colcon_core.package_identification:_identify(/home/denis/diploma_ws/src/fsu) by extension 'colcon_meta'
[2.052s] Level 1:colcon.colcon_core.package_identification:_identify(/home/denis/diploma_ws/src/fsu) by extensions ['ros']
[2.052s] Level 1:colcon.colcon_core.package_identification:_identify(/home/denis/diploma_ws/src/fsu) by extension 'ros'
[2.054s] DEBUG:colcon.colcon_core.package_identification:Package '/home/denis/diploma_ws/src/fsu' with type 'ros.ament_cmake' and name 'fsu'
[2.055s] Level 1:colcon.colcon_core.package_identification:_identify(/home/denis/diploma_ws/src/install) by extensions ['ignore', 'ignore_ament_install']
[2.055s] Level 1:colcon.colcon_core.package_identification:_identify(/home/denis/diploma_ws/src/install) by extension 'ignore'
[2.055s] Level 1:colcon.colcon_core.package_identification:_identify(/home/denis/diploma_ws/src/install) ignored
[2.055s] Level 1:colcon.colcon_core.package_identification:_identify(/home/denis/diploma_ws/src/log) by extensions ['ignore', 'ignore_ament_install']
[2.055s] Level 1:colcon.colcon_core.package_identification:_identify(/home/denis/diploma_ws/src/log) by extension 'ignore'
[2.056s] Level 1:colcon.colcon_core.package_identification:_identify(/home/denis/diploma_ws/src/log) ignored
[2.056s] Level 1:colcon.colcon_core.package_identification:_identify(/home/denis/diploma_ws/src/nav2_bringup) by extensions ['ignore', 'ignore_ament_install']
[2.056s] Level 1:colcon.colcon_core.package_identification:_identify(/home/denis/diploma_ws/src/nav2_bringup) by extension 'ignore'
[2.056s] Level 1:colcon.colcon_core.package_identification:_identify(/home/denis/diploma_ws/src/nav2_bringup) by extension 'ignore_ament_install'
[2.056s] Level 1:colcon.colcon_core.package_identification:_identify(/home/denis/diploma_ws/src/nav2_bringup) by extensions ['colcon_pkg']
[2.056s] Level 1:colcon.colcon_core.package_identification:_identify(/home/denis/diploma_ws/src/nav2_bringup) by extension 'colcon_pkg'
[2.057s] Level 1:colcon.colcon_core.package_identification:_identify(/home/denis/diploma_ws/src/nav2_bringup) by extensions ['colcon_meta']
[2.057s] Level 1:colcon.colcon_core.package_identification:_identify(/home/denis/diploma_ws/src/nav2_bringup) by extension 'colcon_meta'
[2.069s] Level 1:colcon.colcon_core.package_identification:_identify(/home/denis/diploma_ws/src/nav2_bringup) by extensions ['ros']
[2.069s] Level 1:colcon.colcon_core.package_identification:_identify(/home/denis/diploma_ws/src/nav2_bringup) by extension 'ros'
[2.071s] DEBUG:colcon.colcon_core.package_identification:Package '/home/denis/diploma_ws/src/nav2_bringup' with type 'ros.ament_cmake' and name 'nav2_bringup'
[2.071s] Level 1:colcon.colcon_core.package_identification:_identify(/home/denis/diploma_ws/src/nspu) by extensions ['ignore', 'ignore_ament_install']
[2.072s] Level 1:colcon.colcon_core.package_identification:_identify(/home/denis/diploma_ws/src/nspu) by extension 'ignore'
[2.072s] Level 1:colcon.colcon_core.package_identification:_identify(/home/denis/diploma_ws/src/nspu) by extension 'ignore_ament_install'
[2.072s] Level 1:colcon.colcon_core.package_identification:_identify(/home/denis/diploma_ws/src/nspu) by extensions ['colcon_pkg']
[2.072s] Level 1:colcon.colcon_core.package_identification:_identify(/home/denis/diploma_ws/src/nspu) by extension 'colcon_pkg'
[2.072s] Level 1:colcon.colcon_core.package_identification:_identify(/home/denis/diploma_ws/src/nspu) by extensions ['colcon_meta']
[2.072s] Level 1:colcon.colcon_core.package_identification:_identify(/home/denis/diploma_ws/src/nspu) by extension 'colcon_meta'
[2.073s] Level 1:colcon.colcon_core.package_identification:_identify(/home/denis/diploma_ws/src/nspu) by extensions ['ros']
[2.073s] Level 1:colcon.colcon_core.package_identification:_identify(/home/denis/diploma_ws/src/nspu) by extension 'ros'
[2.078s] DEBUG:colcon.colcon_core.package_identification:Package '/home/denis/diploma_ws/src/nspu' with type 'ros.ament_cmake' and name 'nspu'
[2.079s] Level 1:colcon.colcon_core.package_identification:_identify(/home/denis/diploma_ws/src/ssu) by extensions ['ignore', 'ignore_ament_install']
[2.079s] Level 1:colcon.colcon_core.package_identification:_identify(/home/denis/diploma_ws/src/ssu) by extension 'ignore'
[2.079s] Level 1:colcon.colcon_core.package_identification:_identify(/home/denis/diploma_ws/src/ssu) by extension 'ignore_ament_install'
[2.079s] Level 1:colcon.colcon_core.package_identification:_identify(/home/denis/diploma_ws/src/ssu) by extensions ['colcon_pkg']
[2.079s] Level 1:colcon.colcon_core.package_identification:_identify(/home/denis/diploma_ws/src/ssu) by extension 'colcon_pkg'
[2.080s] Level 1:colcon.colcon_core.package_identification:_identify(/home/denis/diploma_ws/src/ssu) by extensions ['colcon_meta']
[2.080s] Level 1:colcon.colcon_core.package_identification:_identify(/home/denis/diploma_ws/src/ssu) by extension 'colcon_meta'
[2.080s] Level 1:colcon.colcon_core.package_identification:_identify(/home/denis/diploma_ws/src/ssu) by extensions ['ros']
[2.080s] Level 1:colcon.colcon_core.package_identification:_identify(/home/denis/diploma_ws/src/ssu) by extension 'ros'
[2.083s] DEBUG:colcon.colcon_core.package_identification:Package '/home/denis/diploma_ws/src/ssu' with type 'ros.ament_cmake' and name 'ssu'
[2.083s] Level 1:colcon.colcon_core.package_identification:_identify(/home/denis/diploma_ws/src/turtlebot3_navigation2) by extensions ['ignore', 'ignore_ament_install']
[2.084s] Level 1:colcon.colcon_core.package_identification:_identify(/home/denis/diploma_ws/src/turtlebot3_navigation2) by extension 'ignore'
[2.084s] Level 1:colcon.colcon_core.package_identification:_identify(/home/denis/diploma_ws/src/turtlebot3_navigation2) by extension 'ignore_ament_install'
[2.084s] Level 1:colcon.colcon_core.package_identification:_identify(/home/denis/diploma_ws/src/turtlebot3_navigation2) by extensions ['colcon_pkg']
[2.084s] Level 1:colcon.colcon_core.package_identification:_identify(/home/denis/diploma_ws/src/turtlebot3_navigation2) by extension 'colcon_pkg'
[2.084s] Level 1:colcon.colcon_core.package_identification:_identify(/home/denis/diploma_ws/src/turtlebot3_navigation2) by extensions ['colcon_meta']
[2.084s] Level 1:colcon.colcon_core.package_identification:_identify(/home/denis/diploma_ws/src/turtlebot3_navigation2) by extension 'colcon_meta'
[2.085s] Level 1:colcon.colcon_core.package_identification:_identify(/home/denis/diploma_ws/src/turtlebot3_navigation2) by extensions ['ros']
[2.085s] Level 1:colcon.colcon_core.package_identification:_identify(/home/denis/diploma_ws/src/turtlebot3_navigation2) by extension 'ros'
[2.086s] DEBUG:colcon.colcon_core.package_identification:Package '/home/denis/diploma_ws/src/turtlebot3_navigation2' with type 'ros.ament_cmake' and name 'turtlebot3_navigation2'
[2.086s] Level 1:colcon.colcon_core.package_identification:_identify(/home/denis/diploma_ws/src/turtlebot3_simulations) by extensions ['ignore', 'ignore_ament_install']
[2.087s] Level 1:colcon.colcon_core.package_identification:_identify(/home/denis/diploma_ws/src/turtlebot3_simulations) by extension 'ignore'
[2.087s] Level 1:colcon.colcon_core.package_identification:_identify(/home/denis/diploma_ws/src/turtlebot3_simulations) by extension 'ignore_ament_install'
[2.087s] Level 1:colcon.colcon_core.package_identification:_identify(/home/denis/diploma_ws/src/turtlebot3_simulations) by extensions ['colcon_pkg']
[2.087s] Level 1:colcon.colcon_core.package_identification:_identify(/home/denis/diploma_ws/src/turtlebot3_simulations) by extension 'colcon_pkg'
[2.087s] Level 1:colcon.colcon_core.package_identification:_identify(/home/denis/diploma_ws/src/turtlebot3_simulations) by extensions ['colcon_meta']
[2.087s] Level 1:colcon.colcon_core.package_identification:_identify(/home/denis/diploma_ws/src/turtlebot3_simulations) by extension 'colcon_meta'
[2.087s] Level 1:colcon.colcon_core.package_identification:_identify(/home/denis/diploma_ws/src/turtlebot3_simulations) by extensions ['ros']
[2.088s] Level 1:colcon.colcon_core.package_identification:_identify(/home/denis/diploma_ws/src/turtlebot3_simulations) by extension 'ros'
[2.088s] Level 1:colcon.colcon_core.package_identification:_identify(/home/denis/diploma_ws/src/turtlebot3_simulations) by extensions ['cmake', 'python']
[2.088s] Level 1:colcon.colcon_core.package_identification:_identify(/home/denis/diploma_ws/src/turtlebot3_simulations) by extension 'cmake'
[2.088s] Level 1:colcon.colcon_core.package_identification:_identify(/home/denis/diploma_ws/src/turtlebot3_simulations) by extension 'python'
[2.088s] Level 1:colcon.colcon_core.package_identification:_identify(/home/denis/diploma_ws/src/turtlebot3_simulations) by extensions ['python_setup_py']
[2.088s] Level 1:colcon.colcon_core.package_identification:_identify(/home/denis/diploma_ws/src/turtlebot3_simulations) by extension 'python_setup_py'
[2.089s] Level 1:colcon.colcon_core.package_identification:_identify(/home/denis/diploma_ws/src/turtlebot3_simulations/turtlebot3_fake_node) by extensions ['ignore', 'ignore_ament_install']
[2.104s] Level 1:colcon.colcon_core.package_identification:_identify(/home/denis/diploma_ws/src/turtlebot3_simulations/turtlebot3_fake_node) by extension 'ignore'
[2.104s] Level 1:colcon.colcon_core.package_identification:_identify(/home/denis/diploma_ws/src/turtlebot3_simulations/turtlebot3_fake_node) by extension 'ignore_ament_install'
[2.104s] Level 1:colcon.colcon_core.package_identification:_identify(/home/denis/diploma_ws/src/turtlebot3_simulations/turtlebot3_fake_node) by extensions ['colcon_pkg']
[2.105s] Level 1:colcon.colcon_core.package_identification:_identify(/home/denis/diploma_ws/src/turtlebot3_simulations/turtlebot3_fake_node) by extension 'colcon_pkg'
[2.105s] Level 1:colcon.colcon_core.package_identification:_identify(/home/denis/diploma_ws/src/turtlebot3_simulations/turtlebot3_fake_node) by extensions ['colcon_meta']
[2.105s] Level 1:colcon.colcon_core.package_identification:_identify(/home/denis/diploma_ws/src/turtlebot3_simulations/turtlebot3_fake_node) by extension 'colcon_meta'
[2.105s] Level 1:colcon.colcon_core.package_identification:_identify(/home/denis/diploma_ws/src/turtlebot3_simulations/turtlebot3_fake_node) by extensions ['ros']
[2.105s] Level 1:colcon.colcon_core.package_identification:_identify(/home/denis/diploma_ws/src/turtlebot3_simulations/turtlebot3_fake_node) by extension 'ros'
[2.126s] DEBUG:colcon.colcon_core.package_identification:Package '/home/denis/diploma_ws/src/turtlebot3_simulations/turtlebot3_fake_node' with type 'ros.ament_cmake' and name 'turtlebot3_fake_node'
[2.126s] Level 1:colcon.colcon_core.package_identification:_identify(/home/denis/diploma_ws/src/turtlebot3_simulations/turtlebot3_gazebo) by extensions ['ignore', 'ignore_ament_install']
[2.127s] Level 1:colcon.colcon_core.package_identification:_identify(/home/denis/diploma_ws/src/turtlebot3_simulations/turtlebot3_gazebo) by extension 'ignore'
[2.127s] Level 1:colcon.colcon_core.package_identification:_identify(/home/denis/diploma_ws/src/turtlebot3_simulations/turtlebot3_gazebo) by extension 'ignore_ament_install'
[2.127s] Level 1:colcon.colcon_core.package_identification:_identify(/home/denis/diploma_ws/src/turtlebot3_simulations/turtlebot3_gazebo) by extensions ['colcon_pkg']
[2.127s] Level 1:colcon.colcon_core.package_identification:_identify(/home/denis/diploma_ws/src/turtlebot3_simulations/turtlebot3_gazebo) by extension 'colcon_pkg'
[2.127s] Level 1:colcon.colcon_core.package_identification:_identify(/home/denis/diploma_ws/src/turtlebot3_simulations/turtlebot3_gazebo) by extensions ['colcon_meta']
[2.127s] Level 1:colcon.colcon_core.package_identification:_identify(/home/denis/diploma_ws/src/turtlebot3_simulations/turtlebot3_gazebo) by extension 'colcon_meta'
[2.128s] Level 1:colcon.colcon_core.package_identification:_identify(/home/denis/diploma_ws/src/turtlebot3_simulations/turtlebot3_gazebo) by extensions ['ros']
[2.142s] Level 1:colcon.colcon_core.package_identification:_identify(/home/denis/diploma_ws/src/turtlebot3_simulations/turtlebot3_gazebo) by extension 'ros'
[2.144s] DEBUG:colcon.colcon_core.package_identification:Package '/home/denis/diploma_ws/src/turtlebot3_simulations/turtlebot3_gazebo' with type 'ros.ament_cmake' and name 'turtlebot3_gazebo'
[2.145s] Level 1:colcon.colcon_core.package_identification:_identify(/home/denis/diploma_ws/src/turtlebot3_simulations/turtlebot3_simulations) by extensions ['ignore', 'ignore_ament_install']
[2.145s] Level 1:colcon.colcon_core.package_identification:_identify(/home/denis/diploma_ws/src/turtlebot3_simulations/turtlebot3_simulations) by extension 'ignore'
[2.145s] Level 1:colcon.colcon_core.package_identification:_identify(/home/denis/diploma_ws/src/turtlebot3_simulations/turtlebot3_simulations) by extension 'ignore_ament_install'
[2.145s] Level 1:colcon.colcon_core.package_identification:_identify(/home/denis/diploma_ws/src/turtlebot3_simulations/turtlebot3_simulations) by extensions ['colcon_pkg']
[2.145s] Level 1:colcon.colcon_core.package_identification:_identify(/home/denis/diploma_ws/src/turtlebot3_simulations/turtlebot3_simulations) by extension 'colcon_pkg'
[2.146s] Level 1:colcon.colcon_core.package_identification:_identify(/home/denis/diploma_ws/src/turtlebot3_simulations/turtlebot3_simulations) by extensions ['colcon_meta']
[2.146s] Level 1:colcon.colcon_core.package_identification:_identify(/home/denis/diploma_ws/src/turtlebot3_simulations/turtlebot3_simulations) by extension 'colcon_meta'
[2.146s] Level 1:colcon.colcon_core.package_identification:_identify(/home/denis/diploma_ws/src/turtlebot3_simulations/turtlebot3_simulations) by extensions ['ros']
[2.146s] Level 1:colcon.colcon_core.package_identification:_identify(/home/denis/diploma_ws/src/turtlebot3_simulations/turtlebot3_simulations) by extension 'ros'
[2.147s] DEBUG:colcon.colcon_core.package_identification:Package '/home/denis/diploma_ws/src/turtlebot3_simulations/turtlebot3_simulations' with type 'ros.ament_cmake' and name 'turtlebot3_simulations'
[2.147s] Level 1:colcon.colcon_core.package_discovery:discover_packages(recursive) using defaults
