[0.039s] Invoking command in '/home/denis/diploma_ws/build/turtlebot3_gazebo': CMAKE_PREFIX_PATH=/opt/ros/humble /usr/bin/cmake /home/denis/diploma_ws/src/turtlebot3_simulations/turtlebot3_gazebo -DCMAKE_INSTALL_PREFIX=/home/denis/diploma_ws/install/turtlebot3_gazebo
[0.348s] -- The C compiler identification is GNU 11.4.0
[0.699s] -- The CXX compiler identification is GNU 11.4.0
[0.750s] -- Detecting C compiler ABI info
[1.106s] -- Detecting C compiler ABI info - done
[1.150s] -- Check for working C compiler: /usr/bin/cc - skipped
[1.154s] -- Detecting C compile features
[1.169s] -- Detecting C compile features - done
[1.190s] -- Detecting CXX compiler ABI info
[1.507s] -- Detecting CXX compiler ABI info - done
[1.560s] -- Check for working CXX compiler: /usr/bin/c++ - skipped
[1.561s] -- Detecting CXX compile features
[1.562s] -- Detecting CXX compile features - done
[1.579s] -- Found ament_cmake: 1.3.8 (/opt/ros/humble/share/ament_cmake/cmake)
[2.223s] -- Found Python3: /usr/bin/python3 (found version "3.10.12") found components: Interpreter 
[2.579s] [33mCMake Warning (dev) at /usr/share/cmake-3.22/Modules/FindPackageHandleStandardArgs.cmake:438 (message):
[2.579s]   The package name passed to `find_package_handle_standard_args` (PkgConfig)
[2.579s]   does not match the name of the calling package (gazebo).  This can lead to
[2.579s]   problems in calling code that expects `find_package` result variables
[2.579s]   (e.g., `_FOUND`) to follow a certain pattern.
[2.580s] Call Stack (most recent call first):
[2.582s]   /usr/share/cmake-3.22/Modules/FindPkgConfig.cmake:99 (find_package_handle_standard_args)
[2.583s]   /usr/lib/x86_64-linux-gnu/cmake/gazebo/gazebo-config.cmake:72 (include)
[2.583s]   CMakeLists.txt:23 (find_package)
[2.583s] This warning is for project developers.  Use -Wno-dev to suppress it.
[2.583s] [0m
[2.588s] -- Found PkgConfig: /usr/bin/pkg-config (found version "0.29.2") 
[2.597s] -- Checking for module 'bullet>=2.82'
[2.701s] --   Found bullet, version 3.05
[3.146s] -- Found fcl: /usr/include (found suitable version "0.7.0", minimum required is "0.5.0") 
[3.305s] -- Found assimp: /usr/include (found version "5.2.0") 
[3.414s] -- Found DART: /usr/include (Required is at least version "6.6") found components: dart 
[4.458s] -- Found Boost: /usr/lib/x86_64-linux-gnu/cmake/Boost-1.74.0/BoostConfig.cmake (found suitable version "1.74.0", minimum required is "1.40.0") found components: thread system filesystem program_options regex iostreams date_time 
[4.573s] -- Found Protobuf: /usr/lib/x86_64-linux-gnu/libprotobuf.so (found version "3.12.4") 
[4.599s] -- Looking for ignition-math6 -- found version 6.15.1
[4.621s] -- Searching for dependencies of ignition-math6
[4.626s] -- Looking for OGRE...
[4.628s] -- OGRE_PREFIX_WATCH changed.
[4.654s] -- Checking for module 'OGRE'
[4.723s] --   Found OGRE, version 1.9.0
[4.810s] -- Found Ogre Ghadamon (1.9.0)
[4.913s] -- Found OGRE: optimized;/usr/lib/x86_64-linux-gnu/libOgreMain.so;debug;/usr/lib/x86_64-linux-gnu/libOgreMain.so
[4.963s] -- Looking for OGRE_Paging...
[4.980s] -- Found OGRE_Paging: optimized;/usr/lib/x86_64-linux-gnu/libOgrePaging.so;debug;/usr/lib/x86_64-linux-gnu/libOgrePaging.so
[4.980s] -- Looking for OGRE_Terrain...
[4.998s] -- Found OGRE_Terrain: optimized;/usr/lib/x86_64-linux-gnu/libOgreTerrain.so;debug;/usr/lib/x86_64-linux-gnu/libOgreTerrain.so
[4.998s] -- Looking for OGRE_Property...
[5.020s] -- Found OGRE_Property: optimized;/usr/lib/x86_64-linux-gnu/libOgreProperty.so;debug;/usr/lib/x86_64-linux-gnu/libOgreProperty.so
[5.020s] -- Looking for OGRE_RTShaderSystem...
[5.045s] -- Found OGRE_RTShaderSystem: optimized;/usr/lib/x86_64-linux-gnu/libOgreRTShaderSystem.so;debug;/usr/lib/x86_64-linux-gnu/libOgreRTShaderSystem.so
[5.046s] -- Looking for OGRE_Volume...
[5.072s] -- Found OGRE_Volume: optimized;/usr/lib/x86_64-linux-gnu/libOgreVolume.so;debug;/usr/lib/x86_64-linux-gnu/libOgreVolume.so
[5.072s] -- Looking for OGRE_Overlay...
[5.103s] -- Found OGRE_Overlay: optimized;/usr/lib/x86_64-linux-gnu/libOgreOverlay.so;debug;/usr/lib/x86_64-linux-gnu/libOgreOverlay.so
[5.706s] -- Looking for ignition-math6 -- found version 6.15.1
[5.720s] -- Looking for ignition-transport8 -- found version 8.2.1
[5.721s] -- Searching for dependencies of ignition-transport8
[5.802s] -- Found Protobuf: /usr/lib/x86_64-linux-gnu/libprotobuf.so (found suitable version "3.12.4", minimum required is "3") 
[5.881s] -- Config-file not installed for ZeroMQ -- checking for pkg-config
[5.905s] -- Checking for module 'libzmq >= 4'
[5.982s] --   Found libzmq , version 4.3.4
[6.132s] -- Found ZeroMQ: TRUE (Required is at least version "4") 
[6.162s] -- Checking for module 'uuid'
[6.239s] --   Found uuid, version 2.37.2
[6.383s] -- Found UUID: TRUE  
[6.388s] -- Looking for ignition-msgs5 -- found version 5.8.1
[6.390s] -- Searching for dependencies of ignition-msgs5
[6.443s] -- Looking for ignition-math6 -- found version 6.15.1
[6.458s] -- Checking for module 'tinyxml2'
[6.499s] --   Found tinyxml2, version 9.0.0
[6.583s] -- Looking for ignition-msgs5 -- found version 5.8.1
[6.590s] -- Looking for ignition-common3 -- found version 3.14.0
[6.592s] -- Searching for dependencies of ignition-common3
[6.593s] -- Looking for dlfcn.h - found
[6.596s] -- Looking for libdl - found
[6.600s] -- Found DL: TRUE  
[6.629s] -- Found tinyobjloader: /usr/lib/x86_64-linux-gnu/cmake/tinyobjloader/tinyobjloader-config.cmake (found version "2.0.0") 
[6.632s] -- Searching for <ignition-common3> component [graphics]
[6.637s] -- Looking for ignition-common3-graphics -- found version 3.14.0
[6.640s] -- Searching for dependencies of ignition-common3-graphics
[6.640s] -- Looking for ignition-math6 -- found version 6.15.1
[6.655s] -- Looking for ignition-fuel_tools4 -- found version 4.4.0
[6.657s] -- Searching for dependencies of ignition-fuel_tools4
[6.798s] -- Found CURL: /usr/lib/x86_64-linux-gnu/libcurl.so (found version "7.81.0")  
[6.814s] -- Checking for module 'jsoncpp'
[6.837s] --   Found jsoncpp, version 1.9.5
[6.922s] -- Found JSONCPP: TRUE  
[6.939s] -- Checking for module 'libzip'
[6.971s] --   Found libzip, version 1.7.3
[7.055s] -- Found ZIP: TRUE  
[7.056s] -- Looking for ignition-common3 -- found version 3.14.0
[7.058s] -- Looking for ignition-math6 -- found version 6.15.1
[7.059s] -- Looking for ignition-msgs5 -- found version 5.8.1
[7.072s] -- Found gazebo_ros_pkgs: 3.7.0 (/opt/ros/humble/share/gazebo_ros_pkgs/cmake)
[7.077s] -- Found geometry_msgs: 4.2.3 (/opt/ros/humble/share/geometry_msgs/cmake)
[7.159s] -- Found rosidl_generator_c: 3.1.5 (/opt/ros/humble/share/rosidl_generator_c/cmake)
[7.171s] -- Found rosidl_adapter: 3.1.5 (/opt/ros/humble/share/rosidl_adapter/cmake)
[7.193s] -- Found rosidl_generator_cpp: 3.1.5 (/opt/ros/humble/share/rosidl_generator_cpp/cmake)
[7.232s] -- Using all available rosidl_typesupport_c: rosidl_typesupport_fastrtps_c;rosidl_typesupport_introspection_c
[7.288s] -- Using all available rosidl_typesupport_cpp: rosidl_typesupport_fastrtps_cpp;rosidl_typesupport_introspection_cpp
[7.651s] -- Found nav_msgs: 4.2.3 (/opt/ros/humble/share/nav_msgs/cmake)
[7.906s] -- Found rclcpp: 16.0.8 (/opt/ros/humble/share/rclcpp/cmake)
[8.081s] -- Found rmw_implementation_cmake: 6.1.1 (/opt/ros/humble/share/rmw_implementation_cmake/cmake)
[8.088s] -- Found rmw_fastrtps_cpp: 6.2.6 (/opt/ros/humble/share/rmw_fastrtps_cpp/cmake)
[8.329s] -- Found OpenSSL: /usr/lib/x86_64-linux-gnu/libcrypto.so (found version "3.0.2")  
[8.372s] -- Found FastRTPS: /opt/ros/humble/include  
[8.472s] -- Using RMW implementation 'rmw_fastrtps_cpp' as default
[8.500s] -- Found Threads: TRUE  
[8.803s] -- Found sensor_msgs: 4.2.3 (/opt/ros/humble/share/sensor_msgs/cmake)
[8.971s] -- Found tf2: 0.25.6 (/opt/ros/humble/share/tf2/cmake)
[9.155s] -- Configuring done
[9.278s] -- Generating done
[9.281s] -- Build files have been written to: /home/denis/diploma_ws/build/turtlebot3_gazebo
[9.315s] Invoked command in '/home/denis/diploma_ws/build/turtlebot3_gazebo' returned '0': CMAKE_PREFIX_PATH=/opt/ros/humble /usr/bin/cmake /home/denis/diploma_ws/src/turtlebot3_simulations/turtlebot3_gazebo -DCMAKE_INSTALL_PREFIX=/home/denis/diploma_ws/install/turtlebot3_gazebo
[9.316s] Invoking command in '/home/denis/diploma_ws/build/turtlebot3_gazebo': CMAKE_PREFIX_PATH=/opt/ros/humble /usr/bin/cmake --build /home/denis/diploma_ws/build/turtlebot3_gazebo -- -j4 -l4
[9.482s] [ 25%] [32mBuilding CXX object CMakeFiles/obstacles.dir/models/turtlebot3_dqn_world/obstacle_plugin/obstacles.cc.o[0m
[9.483s] [ 25%] [32mBuilding CXX object CMakeFiles/obstacle1.dir/models/turtlebot3_dqn_world/obstacle_plugin/obstacle1.cc.o[0m
[9.498s] [ 37%] [32mBuilding CXX object CMakeFiles/turtlebot3_drive.dir/src/turtlebot3_drive.cpp.o[0m
[9.501s] [ 50%] [32mBuilding CXX object CMakeFiles/obstacle2.dir/models/turtlebot3_dqn_world/obstacle_plugin/obstacle2.cc.o[0m
[51.482s] [ 62%] [32m[1mLinking CXX executable turtlebot3_drive[0m
[52.977s] [ 75%] [32m[1mLinking CXX shared library libobstacle2.so[0m
[53.852s] [ 75%] Built target turtlebot3_drive
[53.872s] [ 87%] [32m[1mLinking CXX shared library libobstacles.so[0m
[54.088s] [ 87%] Built target obstacle2
[54.378s] [ 87%] Built target obstacles
[54.448s] [100%] [32m[1mLinking CXX shared library libobstacle1.so[0m
[54.862s] [100%] Built target obstacle1
[54.883s] Invoked command in '/home/denis/diploma_ws/build/turtlebot3_gazebo' returned '0': CMAKE_PREFIX_PATH=/opt/ros/humble /usr/bin/cmake --build /home/denis/diploma_ws/build/turtlebot3_gazebo -- -j4 -l4
[54.949s] Invoking command in '/home/denis/diploma_ws/build/turtlebot3_gazebo': CMAKE_PREFIX_PATH=/opt/ros/humble /usr/bin/cmake --install /home/denis/diploma_ws/build/turtlebot3_gazebo
[54.961s] -- Install configuration: ""
[54.962s] -- Installing: /home/denis/diploma_ws/install/turtlebot3_gazebo/lib/turtlebot3_gazebo/turtlebot3_drive
[54.971s] -- Set runtime path of "/home/denis/diploma_ws/install/turtlebot3_gazebo/lib/turtlebot3_gazebo/turtlebot3_drive" to ""
[54.971s] -- Installing: /home/denis/diploma_ws/install/turtlebot3_gazebo/share/turtlebot3_gazebo//launch
[54.972s] -- Installing: /home/denis/diploma_ws/install/turtlebot3_gazebo/share/turtlebot3_gazebo//launch/turtlebot3_dqn_stage3.launch.py
[54.972s] -- Installing: /home/denis/diploma_ws/install/turtlebot3_gazebo/share/turtlebot3_gazebo//launch/robot_state_publisher.launch.py
[54.972s] -- Installing: /home/denis/diploma_ws/install/turtlebot3_gazebo/share/turtlebot3_gazebo//launch/turtlebot3_house.launch.py
[54.973s] -- Installing: /home/denis/diploma_ws/install/turtlebot3_gazebo/share/turtlebot3_gazebo//launch/empty_world.launch.py
[54.973s] -- Installing: /home/denis/diploma_ws/install/turtlebot3_gazebo/share/turtlebot3_gazebo//launch/turtlebot3_world.launch.py
[54.973s] -- Installing: /home/denis/diploma_ws/install/turtlebot3_gazebo/share/turtlebot3_gazebo//launch/turtlebot3_dqn_stage1.launch.py
[54.974s] -- Installing: /home/denis/diploma_ws/install/turtlebot3_gazebo/share/turtlebot3_gazebo//launch/spawn_turtlebot3.launch.py
[54.974s] -- Installing: /home/denis/diploma_ws/install/turtlebot3_gazebo/share/turtlebot3_gazebo//launch/turtlebot3_dqn_stage4.launch.py
[54.975s] -- Installing: /home/denis/diploma_ws/install/turtlebot3_gazebo/share/turtlebot3_gazebo//launch/turtlebot3_dqn_stage2.launch.py
[54.975s] -- Installing: /home/denis/diploma_ws/install/turtlebot3_gazebo/share/turtlebot3_gazebo//models
[54.976s] -- Installing: /home/denis/diploma_ws/install/turtlebot3_gazebo/share/turtlebot3_gazebo//models/turtlebot3_waffle_pi
[54.977s] -- Installing: /home/denis/diploma_ws/install/turtlebot3_gazebo/share/turtlebot3_gazebo//models/turtlebot3_waffle_pi/model.config
[54.977s] -- Installing: /home/denis/diploma_ws/install/turtlebot3_gazebo/share/turtlebot3_gazebo//models/turtlebot3_waffle_pi/model-1_4_.sdf
[54.978s] -- Installing: /home/denis/diploma_ws/install/turtlebot3_gazebo/share/turtlebot3_gazebo//models/turtlebot3_waffle_pi/model.sdf
[54.978s] -- Installing: /home/denis/diploma_ws/install/turtlebot3_gazebo/share/turtlebot3_gazebo//models/turtlebot3_world
[54.978s] -- Installing: /home/denis/diploma_ws/install/turtlebot3_gazebo/share/turtlebot3_gazebo//models/turtlebot3_world/model-1_4.sdf
[54.979s] -- Installing: /home/denis/diploma_ws/install/turtlebot3_gazebo/share/turtlebot3_gazebo//models/turtlebot3_world/model.config
[54.979s] -- Installing: /home/denis/diploma_ws/install/turtlebot3_gazebo/share/turtlebot3_gazebo//models/turtlebot3_world/meshes
[54.979s] -- Installing: /home/denis/diploma_ws/install/turtlebot3_gazebo/share/turtlebot3_gazebo//models/turtlebot3_world/meshes/wall.dae
[54.980s] -- Installing: /home/denis/diploma_ws/install/turtlebot3_gazebo/share/turtlebot3_gazebo//models/turtlebot3_world/meshes/hexagon.dae
[54.980s] -- Installing: /home/denis/diploma_ws/install/turtlebot3_gazebo/share/turtlebot3_gazebo//models/turtlebot3_world/model.sdf
[54.980s] -- Installing: /home/denis/diploma_ws/install/turtlebot3_gazebo/share/turtlebot3_gazebo//models/turtlebot3_burger
[54.981s] -- Installing: /home/denis/diploma_ws/install/turtlebot3_gazebo/share/turtlebot3_gazebo//models/turtlebot3_burger/model-1_4.sdf
[54.981s] -- Installing: /home/denis/diploma_ws/install/turtlebot3_gazebo/share/turtlebot3_gazebo//models/turtlebot3_burger/model.config
[54.981s] -- Installing: /home/denis/diploma_ws/install/turtlebot3_gazebo/share/turtlebot3_gazebo//models/turtlebot3_burger/model.sdf
[54.982s] -- Installing: /home/denis/diploma_ws/install/turtlebot3_gazebo/share/turtlebot3_gazebo//models/turtlebot3_dqn_world
[54.982s] -- Installing: /home/denis/diploma_ws/install/turtlebot3_gazebo/share/turtlebot3_gazebo//models/turtlebot3_dqn_world/obstacle1
[54.983s] -- Installing: /home/denis/diploma_ws/install/turtlebot3_gazebo/share/turtlebot3_gazebo//models/turtlebot3_dqn_world/obstacle1/model.config
[54.983s] -- Installing: /home/denis/diploma_ws/install/turtlebot3_gazebo/share/turtlebot3_gazebo//models/turtlebot3_dqn_world/obstacle1/model.sdf
[54.983s] -- Installing: /home/denis/diploma_ws/install/turtlebot3_gazebo/share/turtlebot3_gazebo//models/turtlebot3_dqn_world/obstacle_plugin
[54.983s] -- Installing: /home/denis/diploma_ws/install/turtlebot3_gazebo/share/turtlebot3_gazebo//models/turtlebot3_dqn_world/obstacle_plugin/obstacle1.cc
[54.984s] -- Installing: /home/denis/diploma_ws/install/turtlebot3_gazebo/share/turtlebot3_gazebo//models/turtlebot3_dqn_world/obstacle_plugin/CMakeLists.txt
[54.984s] -- Installing: /home/denis/diploma_ws/install/turtlebot3_gazebo/share/turtlebot3_gazebo//models/turtlebot3_dqn_world/obstacle_plugin/obstacle2.cc
[54.984s] -- Installing: /home/denis/diploma_ws/install/turtlebot3_gazebo/share/turtlebot3_gazebo//models/turtlebot3_dqn_world/obstacle_plugin/obstacles.cc
[54.985s] -- Installing: /home/denis/diploma_ws/install/turtlebot3_gazebo/share/turtlebot3_gazebo//models/turtlebot3_dqn_world/goal_box
[54.985s] -- Installing: /home/denis/diploma_ws/install/turtlebot3_gazebo/share/turtlebot3_gazebo//models/turtlebot3_dqn_world/goal_box/model.config
[54.985s] -- Installing: /home/denis/diploma_ws/install/turtlebot3_gazebo/share/turtlebot3_gazebo//models/turtlebot3_dqn_world/goal_box/model.sdf
[54.986s] -- Installing: /home/denis/diploma_ws/install/turtlebot3_gazebo/share/turtlebot3_gazebo//models/turtlebot3_dqn_world/obstacle2
[54.986s] -- Installing: /home/denis/diploma_ws/install/turtlebot3_gazebo/share/turtlebot3_gazebo//models/turtlebot3_dqn_world/obstacle2/model.config
[54.986s] -- Installing: /home/denis/diploma_ws/install/turtlebot3_gazebo/share/turtlebot3_gazebo//models/turtlebot3_dqn_world/obstacle2/model.sdf
[54.986s] -- Installing: /home/denis/diploma_ws/install/turtlebot3_gazebo/share/turtlebot3_gazebo//models/turtlebot3_dqn_world/obstacles
[54.987s] -- Installing: /home/denis/diploma_ws/install/turtlebot3_gazebo/share/turtlebot3_gazebo//models/turtlebot3_dqn_world/obstacles/model.config
[54.987s] -- Installing: /home/denis/diploma_ws/install/turtlebot3_gazebo/share/turtlebot3_gazebo//models/turtlebot3_dqn_world/obstacles/model.sdf
[54.987s] -- Installing: /home/denis/diploma_ws/install/turtlebot3_gazebo/share/turtlebot3_gazebo//models/turtlebot3_dqn_world/model.config
[54.988s] -- Installing: /home/denis/diploma_ws/install/turtlebot3_gazebo/share/turtlebot3_gazebo//models/turtlebot3_dqn_world/inner_walls
[54.988s] -- Installing: /home/denis/diploma_ws/install/turtlebot3_gazebo/share/turtlebot3_gazebo//models/turtlebot3_dqn_world/inner_walls/model.config
[54.988s] -- Installing: /home/denis/diploma_ws/install/turtlebot3_gazebo/share/turtlebot3_gazebo//models/turtlebot3_dqn_world/inner_walls/model.sdf
[54.989s] -- Installing: /home/denis/diploma_ws/install/turtlebot3_gazebo/share/turtlebot3_gazebo//models/turtlebot3_dqn_world/model.sdf
[54.989s] -- Installing: /home/denis/diploma_ws/install/turtlebot3_gazebo/share/turtlebot3_gazebo//models/turtlebot3_house
[54.989s] -- Installing: /home/denis/diploma_ws/install/turtlebot3_gazebo/share/turtlebot3_gazebo//models/turtlebot3_house/model.config
[54.990s] -- Installing: /home/denis/diploma_ws/install/turtlebot3_gazebo/share/turtlebot3_gazebo//models/turtlebot3_house/model.sdf
[54.990s] -- Installing: /home/denis/diploma_ws/install/turtlebot3_gazebo/share/turtlebot3_gazebo//models/turtlebot3_common
[54.990s] -- Installing: /home/denis/diploma_ws/install/turtlebot3_gazebo/share/turtlebot3_gazebo//models/turtlebot3_common/model.config
[54.991s] -- Installing: /home/denis/diploma_ws/install/turtlebot3_gazebo/share/turtlebot3_gazebo//models/turtlebot3_common/meshes
[54.991s] -- Installing: /home/denis/diploma_ws/install/turtlebot3_gazebo/share/turtlebot3_gazebo//models/turtlebot3_common/meshes/tire.dae
[54.991s] -- Installing: /home/denis/diploma_ws/install/turtlebot3_gazebo/share/turtlebot3_gazebo//models/turtlebot3_common/meshes/r200.dae
[54.992s] -- Installing: /home/denis/diploma_ws/install/turtlebot3_gazebo/share/turtlebot3_gazebo//models/turtlebot3_common/meshes/waffle_base.dae
[54.992s] -- Installing: /home/denis/diploma_ws/install/turtlebot3_gazebo/share/turtlebot3_gazebo//models/turtlebot3_common/meshes/waffle_pi_base.dae
[54.992s] -- Installing: /home/denis/diploma_ws/install/turtlebot3_gazebo/share/turtlebot3_gazebo//models/turtlebot3_common/meshes/burger_base.dae
[54.993s] -- Installing: /home/denis/diploma_ws/install/turtlebot3_gazebo/share/turtlebot3_gazebo//models/turtlebot3_common/meshes/lds.dae
[54.993s] -- Installing: /home/denis/diploma_ws/install/turtlebot3_gazebo/share/turtlebot3_gazebo//models/turtlebot3_waffle
[54.993s] -- Installing: /home/denis/diploma_ws/install/turtlebot3_gazebo/share/turtlebot3_gazebo//models/turtlebot3_waffle/model-1_4.sdf
[54.993s] -- Installing: /home/denis/diploma_ws/install/turtlebot3_gazebo/share/turtlebot3_gazebo//models/turtlebot3_waffle/model.config
[54.994s] -- Installing: /home/denis/diploma_ws/install/turtlebot3_gazebo/share/turtlebot3_gazebo//models/turtlebot3_waffle/model.sdf
[54.994s] -- Installing: /home/denis/diploma_ws/install/turtlebot3_gazebo/share/turtlebot3_gazebo//rviz
[54.994s] -- Installing: /home/denis/diploma_ws/install/turtlebot3_gazebo/share/turtlebot3_gazebo//rviz/tb3_gazebo.rviz
[54.995s] -- Installing: /home/denis/diploma_ws/install/turtlebot3_gazebo/share/turtlebot3_gazebo//urdf
[54.995s] -- Installing: /home/denis/diploma_ws/install/turtlebot3_gazebo/share/turtlebot3_gazebo//urdf/turtlebot3_burger.urdf
[54.995s] -- Installing: /home/denis/diploma_ws/install/turtlebot3_gazebo/share/turtlebot3_gazebo//urdf/turtlebot3_waffle_pi.urdf
[54.995s] -- Installing: /home/denis/diploma_ws/install/turtlebot3_gazebo/share/turtlebot3_gazebo//urdf/common_properties.urdf
[54.996s] -- Installing: /home/denis/diploma_ws/install/turtlebot3_gazebo/share/turtlebot3_gazebo//urdf/turtlebot3_waffle.urdf
[54.996s] -- Installing: /home/denis/diploma_ws/install/turtlebot3_gazebo/share/turtlebot3_gazebo//worlds
[54.996s] -- Installing: /home/denis/diploma_ws/install/turtlebot3_gazebo/share/turtlebot3_gazebo//worlds/turtlebot3_dqn_stage2.world
[54.997s] -- Installing: /home/denis/diploma_ws/install/turtlebot3_gazebo/share/turtlebot3_gazebo//worlds/turtlebot3_dqn_stage1.world
[54.997s] -- Installing: /home/denis/diploma_ws/install/turtlebot3_gazebo/share/turtlebot3_gazebo//worlds/turtlebot3_world.world
[54.997s] -- Installing: /home/denis/diploma_ws/install/turtlebot3_gazebo/share/turtlebot3_gazebo//worlds/turtlebot3_dqn_stage4.world
[54.997s] -- Installing: /home/denis/diploma_ws/install/turtlebot3_gazebo/share/turtlebot3_gazebo//worlds/empty_world.world
[54.998s] -- Installing: /home/denis/diploma_ws/install/turtlebot3_gazebo/share/turtlebot3_gazebo//worlds/turtlebot3_house.world
[54.998s] -- Installing: /home/denis/diploma_ws/install/turtlebot3_gazebo/share/turtlebot3_gazebo//worlds/turtlebot3_dqn_stage3.world
[54.998s] -- Installing: /home/denis/diploma_ws/install/turtlebot3_gazebo/include/
[54.999s] -- Installing: /home/denis/diploma_ws/install/turtlebot3_gazebo/include//turtlebot3_gazebo
[54.999s] -- Installing: /home/denis/diploma_ws/install/turtlebot3_gazebo/include//turtlebot3_gazebo/turtlebot3_drive.hpp
[54.999s] -- Installing: /home/denis/diploma_ws/install/turtlebot3_gazebo/share/ament_index/resource_index/package_run_dependencies/turtlebot3_gazebo
[55.000s] -- Installing: /home/denis/diploma_ws/install/turtlebot3_gazebo/share/ament_index/resource_index/parent_prefix_path/turtlebot3_gazebo
[55.000s] -- Installing: /home/denis/diploma_ws/install/turtlebot3_gazebo/share/turtlebot3_gazebo/environment/ament_prefix_path.sh
[55.000s] -- Installing: /home/denis/diploma_ws/install/turtlebot3_gazebo/share/turtlebot3_gazebo/environment/ament_prefix_path.dsv
[55.000s] -- Installing: /home/denis/diploma_ws/install/turtlebot3_gazebo/share/turtlebot3_gazebo/environment/path.sh
[55.000s] -- Installing: /home/denis/diploma_ws/install/turtlebot3_gazebo/share/turtlebot3_gazebo/environment/path.dsv
[55.000s] -- Installing: /home/denis/diploma_ws/install/turtlebot3_gazebo/share/turtlebot3_gazebo/local_setup.bash
[55.001s] -- Installing: /home/denis/diploma_ws/install/turtlebot3_gazebo/share/turtlebot3_gazebo/local_setup.sh
[55.001s] -- Installing: /home/denis/diploma_ws/install/turtlebot3_gazebo/share/turtlebot3_gazebo/local_setup.zsh
[55.001s] -- Installing: /home/denis/diploma_ws/install/turtlebot3_gazebo/share/turtlebot3_gazebo/local_setup.dsv
[55.001s] -- Installing: /home/denis/diploma_ws/install/turtlebot3_gazebo/share/turtlebot3_gazebo/package.dsv
[55.001s] -- Installing: /home/denis/diploma_ws/install/turtlebot3_gazebo/share/ament_index/resource_index/packages/turtlebot3_gazebo
[55.002s] -- Installing: /home/denis/diploma_ws/install/turtlebot3_gazebo/share/turtlebot3_gazebo/cmake/ament_cmake_export_include_directories-extras.cmake
[55.002s] -- Installing: /home/denis/diploma_ws/install/turtlebot3_gazebo/share/turtlebot3_gazebo/cmake/ament_cmake_export_dependencies-extras.cmake
[55.002s] -- Installing: /home/denis/diploma_ws/install/turtlebot3_gazebo/share/turtlebot3_gazebo/cmake/turtlebot3_gazeboConfig.cmake
[55.003s] -- Installing: /home/denis/diploma_ws/install/turtlebot3_gazebo/share/turtlebot3_gazebo/cmake/turtlebot3_gazeboConfig-version.cmake
[55.005s] -- Installing: /home/denis/diploma_ws/install/turtlebot3_gazebo/share/turtlebot3_gazebo/package.xml
[55.005s] Invoked command in '/home/denis/diploma_ws/build/turtlebot3_gazebo' returned '0': CMAKE_PREFIX_PATH=/opt/ros/humble /usr/bin/cmake --install /home/denis/diploma_ws/build/turtlebot3_gazebo
