-- The C compiler identification is GNU 11.4.0
-- The CXX compiler identification is GNU 11.4.0
-- Detecting C compiler ABI info
-- Detecting C compiler ABI info - done
-- Check for working C compiler: /usr/bin/cc - skipped
-- Detecting C compile features
-- Detecting C compile features - done
-- Detecting CXX compiler ABI info
-- Detecting CXX compiler ABI info - done
-- Check for working CXX compiler: /usr/bin/c++ - skipped
-- Detecting CXX compile features
-- Detecting CXX compile features - done
-- Found ament_cmake: 1.3.8 (/opt/ros/humble/share/ament_cmake/cmake)
-- Found Python3: /usr/bin/python3 (found version "3.10.12") found components: Interpreter 
-- Found rclcpp: 16.0.8 (/opt/ros/humble/share/rclcpp/cmake)
-- Found rosidl_generator_c: 3.1.5 (/opt/ros/humble/share/rosidl_generator_c/cmake)
-- Found rosidl_adapter: 3.1.5 (/opt/ros/humble/share/rosidl_adapter/cmake)
-- Found rosidl_generator_cpp: 3.1.5 (/opt/ros/humble/share/rosidl_generator_cpp/cmake)
-- Using all available rosidl_typesupport_c: rosidl_typesupport_fastrtps_c;rosidl_typesupport_introspection_c
-- Using all available rosidl_typesupport_cpp: rosidl_typesupport_fastrtps_cpp;rosidl_typesupport_introspection_cpp
-- Found rmw_implementation_cmake: 6.1.1 (/opt/ros/humble/share/rmw_implementation_cmake/cmake)
-- Found rmw_fastrtps_cpp: 6.2.6 (/opt/ros/humble/share/rmw_fastrtps_cpp/cmake)
-- Found OpenSSL: /usr/lib/x86_64-linux-gnu/libcrypto.so (found version "3.0.2")  
-- Found FastRTPS: /opt/ros/humble/include  
-- Using RMW implementation 'rmw_fastrtps_cpp' as default
-- Looking for pthread.h
-- Looking for pthread.h - found
-- Performing Test CMAKE_HAVE_LIBC_PTHREAD
-- Performing Test CMAKE_HAVE_LIBC_PTHREAD - Success
-- Found Threads: TRUE  
-- Found std_srvs: 4.2.3 (/opt/ros/humble/share/std_srvs/cmake)
-- Found behaviortree_ros2: 0.2.0 (/home/denis/diploma_ws/install/behaviortree_ros2/share/behaviortree_ros2/cmake)
-- Found ament_lint_auto: 0.12.10 (/opt/ros/humble/share/ament_lint_auto/cmake)
-- Added test 'cppcheck' to perform static code analysis on C / C++ code
-- Configured cppcheck include dirs: /home/denis/diploma_ws/src/bt/include/bt
-- Configured cppcheck exclude dirs and/or files: 
-- Added test 'flake8' to check Python code syntax and style conventions
-- Added test 'lint_cmake' to check CMake code style
-- Added test 'pep257' to check Python code against some of the docstring style conventions in PEP 257
-- Added test 'uncrustify' to check C / C++ code style
-- Configured uncrustify additional arguments: 
-- Added test 'xmllint' to check XML markup files
-- Configuring done
-- Generating done
-- Build files have been written to: /home/denis/diploma_ws/src/build/bt
[ 50%] [32mBuilding CXX object CMakeFiles/lidar_bt.dir/src/lidar_bt.cpp.o[0m
In file included from [01m[K/opt/ros/humble/include/rclcpp/rclcpp/logging.hpp:24[m[K,
                 from [01m[K/opt/ros/humble/include/rclcpp/rclcpp/client.hpp:40[m[K,
                 from [01m[K/opt/ros/humble/include/rclcpp/rclcpp/callback_group.hpp:24[m[K,
                 from [01m[K/opt/ros/humble/include/rclcpp/rclcpp/any_executable.hpp:20[m[K,
                 from [01m[K/opt/ros/humble/include/rclcpp/rclcpp/memory_strategy.hpp:25[m[K,
                 from [01m[K/opt/ros/humble/include/rclcpp/rclcpp/memory_strategies.hpp:18[m[K,
                 from [01m[K/opt/ros/humble/include/rclcpp/rclcpp/executor_options.hpp:20[m[K,
                 from [01m[K/opt/ros/humble/include/rclcpp/rclcpp/executor.hpp:37[m[K,
                 from [01m[K/opt/ros/humble/include/rclcpp/rclcpp/executors/multi_threaded_executor.hpp:25[m[K,
                 from [01m[K/opt/ros/humble/include/rclcpp/rclcpp/executors.hpp:21[m[K,
                 from [01m[K/opt/ros/humble/include/rclcpp/rclcpp/rclcpp.hpp:155[m[K,
                 from [01m[K/home/denis/diploma_ws/src/bt/include/bt/lidar_check.hpp:5[m[K,
                 from [01m[K/home/denis/diploma_ws/src/bt/src/lidar_bt.cpp:1[m[K:
[01m[K/home/denis/diploma_ws/src/bt/src/lidar_bt.cpp:[m[K In function ‘[01m[Kint main(int, const char**)[m[K’:
[01m[K/home/denis/diploma_ws/src/bt/src/lidar_bt.cpp:38:49:[m[K [01;35m[Kwarning: [m[Kformat ‘[01m[K%d[m[K’ expects argument of type ‘[01m[Kint[m[K’, but argument 5 has type ‘[01m[KBT::NodeStatus[m[K’ [[01;35m[K]8;;https://gcc.gnu.org/onlinedocs/gcc/Warning-Options.html#index-Wformat=-Wformat=]8;;[m[K]
   38 |         RCLCPP_INFO(rclcpp::get_logger("root"), [01;35m[K"BT Status: %d"[m[K, [32m[Kstatus[m[K);
      |                                                 [01;35m[K^~~~~~~~~~~~~~~[m[K  [32m[K~~~~~~[m[K
      |                                                                  [32m[K|[m[K
      |                                                                  [32m[KBT::NodeStatus[m[K
[01m[K/home/denis/diploma_ws/src/bt/src/lidar_bt.cpp:38:62:[m[K [01;36m[Knote: [m[Kformat string is defined here
   38 |         RCLCPP_INFO(rclcpp::get_logger("root"), "BT Status: [01;36m[K%d[m[K", status);
      |                                                             [01;36m[K~^[m[K
      |                                                              [01;36m[K|[m[K
      |                                                              [01;36m[Kint[m[K
[100%] [32m[1mLinking CXX executable lidar_bt[0m
[100%] Built target lidar_bt
-- Install configuration: ""
-- Installing: /home/denis/diploma_ws/src/install/bt/lib/bt/lidar_bt
-- Set runtime path of "/home/denis/diploma_ws/src/install/bt/lib/bt/lidar_bt" to ""
-- Installing: /home/denis/diploma_ws/src/install/bt/share/bt/resources
-- Installing: /home/denis/diploma_ws/src/install/bt/share/bt/resources/lidar_bt.xml
-- Installing: /home/denis/diploma_ws/src/install/bt/share/bt/launch
-- Installing: /home/denis/diploma_ws/src/install/bt/share/bt/launch/lidar_bt.launch.py
-- Installing: /home/denis/diploma_ws/src/install/bt/share/ament_index/resource_index/package_run_dependencies/bt
-- Installing: /home/denis/diploma_ws/src/install/bt/share/ament_index/resource_index/parent_prefix_path/bt
-- Installing: /home/denis/diploma_ws/src/install/bt/share/bt/environment/ament_prefix_path.sh
-- Installing: /home/denis/diploma_ws/src/install/bt/share/bt/environment/ament_prefix_path.dsv
-- Installing: /home/denis/diploma_ws/src/install/bt/share/bt/environment/path.sh
-- Installing: /home/denis/diploma_ws/src/install/bt/share/bt/environment/path.dsv
-- Installing: /home/denis/diploma_ws/src/install/bt/share/bt/local_setup.bash
-- Installing: /home/denis/diploma_ws/src/install/bt/share/bt/local_setup.sh
-- Installing: /home/denis/diploma_ws/src/install/bt/share/bt/local_setup.zsh
-- Installing: /home/denis/diploma_ws/src/install/bt/share/bt/local_setup.dsv
-- Installing: /home/denis/diploma_ws/src/install/bt/share/bt/package.dsv
-- Installing: /home/denis/diploma_ws/src/install/bt/share/ament_index/resource_index/packages/bt
-- Installing: /home/denis/diploma_ws/src/install/bt/share/bt/cmake/btConfig.cmake
-- Installing: /home/denis/diploma_ws/src/install/bt/share/bt/cmake/btConfig-version.cmake
-- Installing: /home/denis/diploma_ws/src/install/bt/share/bt/package.xml
