[35m[1mConsolidate compiler generated dependencies of target gtest_main[0m
[35m[1mConsolidate compiler generated dependencies of target gtest[0m
[35m[1mConsolidate compiler generated dependencies of target behaviortree_cpp_v3[0m
[  2%] Built target gtest
[  4%] Built target gtest_main
[ 38%] Built target behaviortree_cpp_v3
[35m[1mConsolidate compiler generated dependencies of target bt_sample_nodes[0m
[ 42%] Built target bt_sample_nodes
[ 43%] [32mBuilding CXX object sample_nodes/CMakeFiles/crossdoor_nodes_dyn.dir/crossdoor_nodes.cpp.o[0m
[ 44%] [32mBuilding CXX object sample_nodes/CMakeFiles/dummy_nodes_dyn.dir/dummy_nodes.cpp.o[0m
[35m[1mConsolidate compiler generated dependencies of target movebase_node_dyn[0m
[ 46%] Built target movebase_node_dyn
[35m[1mConsolidate compiler generated dependencies of target bt3_log_cat[0m
[ 48%] Built target bt3_log_cat
[35m[1mConsolidate compiler generated dependencies of target bt3_recorder[0m
[ 51%] Built target bt3_recorder
[35m[1mConsolidate compiler generated dependencies of target bt3_plugin_manifest[0m
[35m[1mConsolidate compiler generated dependencies of target t01_first_tree_static[0m
[ 53%] Built target bt3_plugin_manifest
[35m[1mConsolidate compiler generated dependencies of target t01_first_tree_dynamic[0m
[ 55%] Built target t01_first_tree_static
[35m[1mConsolidate compiler generated dependencies of target t02_basic_ports[0m
[ 57%] Built target t01_first_tree_dynamic
[ 59%] Built target t02_basic_ports
[35m[1mConsolidate compiler generated dependencies of target t03_generic_ports[0m
[ 61%] Built target t03_generic_ports
[35m[1mConsolidate compiler generated dependencies of target t04_reactive_sequence[0m
[35m[1mConsolidate compiler generated dependencies of target t05_crossdoor[0m
[ 63%] Built target t04_reactive_sequence
[ 65%] Built target t05_crossdoor
[35m[1mConsolidate compiler generated dependencies of target t06_subtree_port_remapping[0m
[35m[1mConsolidate compiler generated dependencies of target t07_load_multiple_xml[0m
[ 67%] Built target t06_subtree_port_remapping
[35m[1mConsolidate compiler generated dependencies of target t08_additional_node_args[0m
[ 69%] Built target t07_load_multiple_xml
[ 71%] Built target t08_additional_node_args
[35m[1mConsolidate compiler generated dependencies of target ex01_wrap_legacy[0m
[35m[1mConsolidate compiler generated dependencies of target ex02_runtime_ports[0m
[ 73%] Built target ex01_wrap_legacy
[ 75%] Built target ex02_runtime_ports
[35m[1mConsolidate compiler generated dependencies of target ex03_ncurses_manual_selector[0m
[35m[1mConsolidate compiler generated dependencies of target ex04_waypoints[0m
[ 77%] Built target ex03_ncurses_manual_selector
[ 79%] Built target ex04_waypoints
[35m[1mConsolidate compiler generated dependencies of target behaviortree_cpp_v3_test[0m
[ 80%] [32mBuilding CXX object tests/CMakeFiles/behaviortree_cpp_v3_test.dir/gtest_wakeup.cpp.o[0m
[ 81%] [32mBuilding CXX object tests/CMakeFiles/behaviortree_cpp_v3_test.dir/gtest_logger_zmq.cpp.o[0m
[ 82%] [32m[1mLinking CXX shared library bin/libcrossdoor_nodes_dyn.so[0m
[ 82%] Built target crossdoor_nodes_dyn
[ 83%] [32m[1mLinking CXX shared library bin/libdummy_nodes_dyn.so[0m
[ 83%] Built target dummy_nodes_dyn
[ 84%] [32m[1mLinking CXX executable behaviortree_cpp_v3_test[0m
[100%] Built target behaviortree_cpp_v3_test
-- Install configuration: ""
-- Installing: /home/denis/diploma_ws/src/install/behaviortree_cpp_v3/share/behaviortree_cpp_v3/environment/library_path.sh
-- Installing: /home/denis/diploma_ws/src/install/behaviortree_cpp_v3/share/behaviortree_cpp_v3/environment/library_path.dsv
-- Installing: /home/denis/diploma_ws/src/install/behaviortree_cpp_v3/share/ament_index/resource_index/package_run_dependencies/behaviortree_cpp_v3
-- Installing: /home/denis/diploma_ws/src/install/behaviortree_cpp_v3/share/ament_index/resource_index/parent_prefix_path/behaviortree_cpp_v3
-- Installing: /home/denis/diploma_ws/src/install/behaviortree_cpp_v3/share/behaviortree_cpp_v3/environment/ament_prefix_path.sh
-- Installing: /home/denis/diploma_ws/src/install/behaviortree_cpp_v3/share/behaviortree_cpp_v3/environment/ament_prefix_path.dsv
-- Installing: /home/denis/diploma_ws/src/install/behaviortree_cpp_v3/share/behaviortree_cpp_v3/environment/path.sh
-- Installing: /home/denis/diploma_ws/src/install/behaviortree_cpp_v3/share/behaviortree_cpp_v3/environment/path.dsv
-- Installing: /home/denis/diploma_ws/src/install/behaviortree_cpp_v3/share/behaviortree_cpp_v3/local_setup.bash
-- Installing: /home/denis/diploma_ws/src/install/behaviortree_cpp_v3/share/behaviortree_cpp_v3/local_setup.sh
-- Installing: /home/denis/diploma_ws/src/install/behaviortree_cpp_v3/share/behaviortree_cpp_v3/local_setup.zsh
-- Installing: /home/denis/diploma_ws/src/install/behaviortree_cpp_v3/share/behaviortree_cpp_v3/local_setup.dsv
-- Installing: /home/denis/diploma_ws/src/install/behaviortree_cpp_v3/share/behaviortree_cpp_v3/package.dsv
-- Installing: /home/denis/diploma_ws/src/install/behaviortree_cpp_v3/share/ament_index/resource_index/packages/behaviortree_cpp_v3
-- Installing: /home/denis/diploma_ws/src/install/behaviortree_cpp_v3/share/behaviortree_cpp_v3/cmake/ament_cmake_export_dependencies-extras.cmake
-- Installing: /home/denis/diploma_ws/src/install/behaviortree_cpp_v3/share/behaviortree_cpp_v3/cmake/ament_cmake_export_include_directories-extras.cmake
-- Installing: /home/denis/diploma_ws/src/install/behaviortree_cpp_v3/share/behaviortree_cpp_v3/cmake/ament_cmake_export_libraries-extras.cmake
-- Installing: /home/denis/diploma_ws/src/install/behaviortree_cpp_v3/share/behaviortree_cpp_v3/cmake/behaviortree_cpp_v3Config.cmake
-- Installing: /home/denis/diploma_ws/src/install/behaviortree_cpp_v3/share/behaviortree_cpp_v3/cmake/behaviortree_cpp_v3Config-version.cmake
-- Installing: /home/denis/diploma_ws/src/install/behaviortree_cpp_v3/share/behaviortree_cpp_v3/package.xml
-- Installing: /home/denis/diploma_ws/src/install/behaviortree_cpp_v3/include
-- Installing: /home/denis/diploma_ws/src/install/behaviortree_cpp_v3/include/behaviortree_cpp_v3
-- Installing: /home/denis/diploma_ws/src/install/behaviortree_cpp_v3/include/behaviortree_cpp_v3/bt_factory.h
-- Installing: /home/denis/diploma_ws/src/install/behaviortree_cpp_v3/include/behaviortree_cpp_v3/behavior_tree.h
-- Installing: /home/denis/diploma_ws/src/install/behaviortree_cpp_v3/include/behaviortree_cpp_v3/decorators
-- Installing: /home/denis/diploma_ws/src/install/behaviortree_cpp_v3/include/behaviortree_cpp_v3/decorators/force_failure_node.h
-- Installing: /home/denis/diploma_ws/src/install/behaviortree_cpp_v3/include/behaviortree_cpp_v3/decorators/delay_node.h
-- Installing: /home/denis/diploma_ws/src/install/behaviortree_cpp_v3/include/behaviortree_cpp_v3/decorators/subtree_node.h
-- Installing: /home/denis/diploma_ws/src/install/behaviortree_cpp_v3/include/behaviortree_cpp_v3/decorators/retry_node.h
-- Installing: /home/denis/diploma_ws/src/install/behaviortree_cpp_v3/include/behaviortree_cpp_v3/decorators/repeat_node.h
-- Installing: /home/denis/diploma_ws/src/install/behaviortree_cpp_v3/include/behaviortree_cpp_v3/decorators/timeout_node.h
-- Installing: /home/denis/diploma_ws/src/install/behaviortree_cpp_v3/include/behaviortree_cpp_v3/decorators/keep_running_until_failure_node.h
-- Installing: /home/denis/diploma_ws/src/install/behaviortree_cpp_v3/include/behaviortree_cpp_v3/decorators/force_success_node.h
-- Installing: /home/denis/diploma_ws/src/install/behaviortree_cpp_v3/include/behaviortree_cpp_v3/decorators/inverter_node.h
-- Installing: /home/denis/diploma_ws/src/install/behaviortree_cpp_v3/include/behaviortree_cpp_v3/decorators/consume_queue.h
-- Installing: /home/denis/diploma_ws/src/install/behaviortree_cpp_v3/include/behaviortree_cpp_v3/decorators/timer_queue.h
-- Installing: /home/denis/diploma_ws/src/install/behaviortree_cpp_v3/include/behaviortree_cpp_v3/decorators/blackboard_precondition.h
-- Installing: /home/denis/diploma_ws/src/install/behaviortree_cpp_v3/include/behaviortree_cpp_v3/flatbuffers
-- Installing: /home/denis/diploma_ws/src/install/behaviortree_cpp_v3/include/behaviortree_cpp_v3/flatbuffers/stl_emulation.h
-- Installing: /home/denis/diploma_ws/src/install/behaviortree_cpp_v3/include/behaviortree_cpp_v3/flatbuffers/bt_flatbuffer_helper.h
-- Installing: /home/denis/diploma_ws/src/install/behaviortree_cpp_v3/include/behaviortree_cpp_v3/flatbuffers/BT_logger_generated.h
-- Installing: /home/denis/diploma_ws/src/install/behaviortree_cpp_v3/include/behaviortree_cpp_v3/flatbuffers/flatbuffers.h
-- Installing: /home/denis/diploma_ws/src/install/behaviortree_cpp_v3/include/behaviortree_cpp_v3/flatbuffers/base.h
-- Installing: /home/denis/diploma_ws/src/install/behaviortree_cpp_v3/include/behaviortree_cpp_v3/action_node.h
-- Installing: /home/denis/diploma_ws/src/install/behaviortree_cpp_v3/include/behaviortree_cpp_v3/decorator_node.h
-- Installing: /home/denis/diploma_ws/src/install/behaviortree_cpp_v3/include/behaviortree_cpp_v3/xml_parsing.h
-- Installing: /home/denis/diploma_ws/src/install/behaviortree_cpp_v3/include/behaviortree_cpp_v3/blackboard.h
-- Installing: /home/denis/diploma_ws/src/install/behaviortree_cpp_v3/include/behaviortree_cpp_v3/loggers
-- Installing: /home/denis/diploma_ws/src/install/behaviortree_cpp_v3/include/behaviortree_cpp_v3/loggers/bt_file_logger.h
-- Installing: /home/denis/diploma_ws/src/install/behaviortree_cpp_v3/include/behaviortree_cpp_v3/loggers/bt_cout_logger.h
-- Installing: /home/denis/diploma_ws/src/install/behaviortree_cpp_v3/include/behaviortree_cpp_v3/loggers/abstract_logger.h
-- Installing: /home/denis/diploma_ws/src/install/behaviortree_cpp_v3/include/behaviortree_cpp_v3/loggers/bt_minitrace_logger.h
-- Installing: /home/denis/diploma_ws/src/install/behaviortree_cpp_v3/include/behaviortree_cpp_v3/loggers/bt_zmq_publisher.h
-- Installing: /home/denis/diploma_ws/src/install/behaviortree_cpp_v3/include/behaviortree_cpp_v3/control_node.h
-- Installing: /home/denis/diploma_ws/src/install/behaviortree_cpp_v3/include/behaviortree_cpp_v3/exceptions.h
-- Installing: /home/denis/diploma_ws/src/install/behaviortree_cpp_v3/include/behaviortree_cpp_v3/controls
-- Installing: /home/denis/diploma_ws/src/install/behaviortree_cpp_v3/include/behaviortree_cpp_v3/controls/if_then_else_node.h
-- Installing: /home/denis/diploma_ws/src/install/behaviortree_cpp_v3/include/behaviortree_cpp_v3/controls/sequence_node.h
-- Installing: /home/denis/diploma_ws/src/install/behaviortree_cpp_v3/include/behaviortree_cpp_v3/controls/reactive_sequence.h
-- Installing: /home/denis/diploma_ws/src/install/behaviortree_cpp_v3/include/behaviortree_cpp_v3/controls/reactive_fallback.h
-- Installing: /home/denis/diploma_ws/src/install/behaviortree_cpp_v3/include/behaviortree_cpp_v3/controls/while_do_else_node.h
-- Installing: /home/denis/diploma_ws/src/install/behaviortree_cpp_v3/include/behaviortree_cpp_v3/controls/fallback_node.h
-- Installing: /home/denis/diploma_ws/src/install/behaviortree_cpp_v3/include/behaviortree_cpp_v3/controls/manual_node.h
-- Installing: /home/denis/diploma_ws/src/install/behaviortree_cpp_v3/include/behaviortree_cpp_v3/controls/parallel_node.h
-- Installing: /home/denis/diploma_ws/src/install/behaviortree_cpp_v3/include/behaviortree_cpp_v3/controls/sequence_star_node.h
-- Installing: /home/denis/diploma_ws/src/install/behaviortree_cpp_v3/include/behaviortree_cpp_v3/controls/switch_node.h
-- Installing: /home/denis/diploma_ws/src/install/behaviortree_cpp_v3/include/behaviortree_cpp_v3/actions
-- Installing: /home/denis/diploma_ws/src/install/behaviortree_cpp_v3/include/behaviortree_cpp_v3/actions/always_success_node.h
-- Installing: /home/denis/diploma_ws/src/install/behaviortree_cpp_v3/include/behaviortree_cpp_v3/actions/set_blackboard_node.h
-- Installing: /home/denis/diploma_ws/src/install/behaviortree_cpp_v3/include/behaviortree_cpp_v3/actions/always_failure_node.h
-- Installing: /home/denis/diploma_ws/src/install/behaviortree_cpp_v3/include/behaviortree_cpp_v3/actions/pop_from_queue.hpp
-- Installing: /home/denis/diploma_ws/src/install/behaviortree_cpp_v3/include/behaviortree_cpp_v3/bt_parser.h
-- Installing: /home/denis/diploma_ws/src/install/behaviortree_cpp_v3/include/behaviortree_cpp_v3/leaf_node.h
-- Installing: /home/denis/diploma_ws/src/install/behaviortree_cpp_v3/include/behaviortree_cpp_v3/tree_node.h
-- Installing: /home/denis/diploma_ws/src/install/behaviortree_cpp_v3/include/behaviortree_cpp_v3/utils
-- Installing: /home/denis/diploma_ws/src/install/behaviortree_cpp_v3/include/behaviortree_cpp_v3/utils/strcat.hpp
-- Installing: /home/denis/diploma_ws/src/install/behaviortree_cpp_v3/include/behaviortree_cpp_v3/utils/platform.hpp
-- Installing: /home/denis/diploma_ws/src/install/behaviortree_cpp_v3/include/behaviortree_cpp_v3/utils/string_view.hpp
-- Installing: /home/denis/diploma_ws/src/install/behaviortree_cpp_v3/include/behaviortree_cpp_v3/utils/any.hpp
-- Installing: /home/denis/diploma_ws/src/install/behaviortree_cpp_v3/include/behaviortree_cpp_v3/utils/signal.h
-- Installing: /home/denis/diploma_ws/src/install/behaviortree_cpp_v3/include/behaviortree_cpp_v3/utils/simple_string.hpp
-- Installing: /home/denis/diploma_ws/src/install/behaviortree_cpp_v3/include/behaviortree_cpp_v3/utils/safe_any.hpp
-- Installing: /home/denis/diploma_ws/src/install/behaviortree_cpp_v3/include/behaviortree_cpp_v3/utils/expected.hpp
-- Installing: /home/denis/diploma_ws/src/install/behaviortree_cpp_v3/include/behaviortree_cpp_v3/utils/make_unique.hpp
-- Installing: /home/denis/diploma_ws/src/install/behaviortree_cpp_v3/include/behaviortree_cpp_v3/utils/shared_library.h
-- Installing: /home/denis/diploma_ws/src/install/behaviortree_cpp_v3/include/behaviortree_cpp_v3/utils/demangle_util.h
-- Installing: /home/denis/diploma_ws/src/install/behaviortree_cpp_v3/include/behaviortree_cpp_v3/utils/convert_impl.hpp
-- Installing: /home/denis/diploma_ws/src/install/behaviortree_cpp_v3/include/behaviortree_cpp_v3/utils/wakeup_signal.hpp
-- Installing: /home/denis/diploma_ws/src/install/behaviortree_cpp_v3/include/behaviortree_cpp_v3/basic_types.h
-- Installing: /home/denis/diploma_ws/src/install/behaviortree_cpp_v3/include/behaviortree_cpp_v3/condition_node.h
-- Installing: /home/denis/diploma_ws/src/install/behaviortree_cpp_v3/lib/libbehaviortree_cpp_v3.so
-- Set runtime path of "/home/denis/diploma_ws/src/install/behaviortree_cpp_v3/lib/libbehaviortree_cpp_v3.so" to ""
-- Installing: /home/denis/diploma_ws/src/install/behaviortree_cpp_v3/lib/cmake/behaviortree_cpp_v3/behaviortree_cpp_v3Targets.cmake
-- Installing: /home/denis/diploma_ws/src/install/behaviortree_cpp_v3/lib/cmake/behaviortree_cpp_v3/behaviortree_cpp_v3Targets-noconfig.cmake
-- Installing: /home/denis/diploma_ws/src/install/behaviortree_cpp_v3/lib/cmake/behaviortree_cpp_v3/behaviortree_cpp_v3Config.cmake
-- Installing: /home/denis/diploma_ws/src/install/behaviortree_cpp_v3/bin/bt3_log_cat
-- Set runtime path of "/home/denis/diploma_ws/src/install/behaviortree_cpp_v3/bin/bt3_log_cat" to ""
-- Installing: /home/denis/diploma_ws/src/install/behaviortree_cpp_v3/bin/bt3_recorder
-- Set runtime path of "/home/denis/diploma_ws/src/install/behaviortree_cpp_v3/bin/bt3_recorder" to ""
-- Installing: /home/denis/diploma_ws/src/install/behaviortree_cpp_v3/bin/bt3_plugin_manifest
-- Set runtime path of "/home/denis/diploma_ws/src/install/behaviortree_cpp_v3/bin/bt3_plugin_manifest" to ""
