[0.030s] Invoking command in '/home/denis/diploma_ws/build/csu': CMAKE_PREFIX_PATH=/home/denis/diploma_ws/install/dms_interfaces:/home/denis/diploma_ws/install/turtlebot3_simulations:/home/denis/diploma_ws/install/turtlebot3_navigation2:/home/denis/diploma_ws/install/nav2_bringup:/home/denis/diploma_ws/install/turtlebot3_gazebo:/home/denis/diploma_ws/install/turtlebot3_fake_node:/home/denis/diploma_ws/install/ssu:/home/denis/diploma_ws/install/groot:/home/denis/diploma_ws/install/fsu:/home/denis/diploma_ws/install/csu:/home/denis/diploma_ws/install/btcpp_ros2_samples:/home/denis/diploma_ws/install/btcpp_ros2_interfaces:/home/denis/diploma_ws/install/bt:/home/denis/diploma_ws/install/behaviortree_ros2:/home/denis/diploma_ws/install/behaviortree_cpp_v3:/home/denis/diploma_ws/install/behaviortree_cpp:/opt/ros/humble LD_LIBRARY_PATH=/home/denis/diploma_ws/install/dms_interfaces/lib:/home/denis/diploma_ws/install/groot/lib:/home/denis/diploma_ws/install/btcpp_ros2_interfaces/lib:/home/denis/diploma_ws/install/behaviortree_cpp_v3/lib:/home/denis/diploma_ws/install/behaviortree_cpp/lib:/usr/lib/x86_64-linux-gnu/gazebo-11/plugins:/opt/ros/humble/opt/rviz_ogre_vendor/lib:/opt/ros/humble/lib/x86_64-linux-gnu:/opt/ros/humble/lib /usr/bin/cmake --build /home/denis/diploma_ws/build/csu -- -j4 -l4
[0.133s] [35m[1mConsolidate compiler generated dependencies of target control_switching_unit[0m
[0.180s] [ 50%] [32mBuilding CXX object CMakeFiles/control_switching_unit.dir/src/control_switching_unit.cpp.o[0m
[20.990s] [100%] [32m[1mLinking CXX executable control_switching_unit[0m
[22.119s] [100%] Built target control_switching_unit
[22.147s] Invoked command in '/home/denis/diploma_ws/build/csu' returned '0': CMAKE_PREFIX_PATH=/home/denis/diploma_ws/install/dms_interfaces:/home/denis/diploma_ws/install/turtlebot3_simulations:/home/denis/diploma_ws/install/turtlebot3_navigation2:/home/denis/diploma_ws/install/nav2_bringup:/home/denis/diploma_ws/install/turtlebot3_gazebo:/home/denis/diploma_ws/install/turtlebot3_fake_node:/home/denis/diploma_ws/install/ssu:/home/denis/diploma_ws/install/groot:/home/denis/diploma_ws/install/fsu:/home/denis/diploma_ws/install/csu:/home/denis/diploma_ws/install/btcpp_ros2_samples:/home/denis/diploma_ws/install/btcpp_ros2_interfaces:/home/denis/diploma_ws/install/bt:/home/denis/diploma_ws/install/behaviortree_ros2:/home/denis/diploma_ws/install/behaviortree_cpp_v3:/home/denis/diploma_ws/install/behaviortree_cpp:/opt/ros/humble LD_LIBRARY_PATH=/home/denis/diploma_ws/install/dms_interfaces/lib:/home/denis/diploma_ws/install/groot/lib:/home/denis/diploma_ws/install/btcpp_ros2_interfaces/lib:/home/denis/diploma_ws/install/behaviortree_cpp_v3/lib:/home/denis/diploma_ws/install/behaviortree_cpp/lib:/usr/lib/x86_64-linux-gnu/gazebo-11/plugins:/opt/ros/humble/opt/rviz_ogre_vendor/lib:/opt/ros/humble/lib/x86_64-linux-gnu:/opt/ros/humble/lib /usr/bin/cmake --build /home/denis/diploma_ws/build/csu -- -j4 -l4
[22.237s] Invoking command in '/home/denis/diploma_ws/build/csu': CMAKE_PREFIX_PATH=/home/denis/diploma_ws/install/dms_interfaces:/home/denis/diploma_ws/install/turtlebot3_simulations:/home/denis/diploma_ws/install/turtlebot3_navigation2:/home/denis/diploma_ws/install/nav2_bringup:/home/denis/diploma_ws/install/turtlebot3_gazebo:/home/denis/diploma_ws/install/turtlebot3_fake_node:/home/denis/diploma_ws/install/ssu:/home/denis/diploma_ws/install/groot:/home/denis/diploma_ws/install/fsu:/home/denis/diploma_ws/install/csu:/home/denis/diploma_ws/install/btcpp_ros2_samples:/home/denis/diploma_ws/install/btcpp_ros2_interfaces:/home/denis/diploma_ws/install/bt:/home/denis/diploma_ws/install/behaviortree_ros2:/home/denis/diploma_ws/install/behaviortree_cpp_v3:/home/denis/diploma_ws/install/behaviortree_cpp:/opt/ros/humble LD_LIBRARY_PATH=/home/denis/diploma_ws/install/dms_interfaces/lib:/home/denis/diploma_ws/install/groot/lib:/home/denis/diploma_ws/install/btcpp_ros2_interfaces/lib:/home/denis/diploma_ws/install/behaviortree_cpp_v3/lib:/home/denis/diploma_ws/install/behaviortree_cpp/lib:/usr/lib/x86_64-linux-gnu/gazebo-11/plugins:/opt/ros/humble/opt/rviz_ogre_vendor/lib:/opt/ros/humble/lib/x86_64-linux-gnu:/opt/ros/humble/lib /usr/bin/cmake --install /home/denis/diploma_ws/build/csu
[22.258s] -- Install configuration: ""
[22.259s] -- Installing: /home/denis/diploma_ws/install/csu/lib/csu/control_switching_unit
[22.271s] -- Set runtime path of "/home/denis/diploma_ws/install/csu/lib/csu/control_switching_unit" to ""
[22.271s] -- Up-to-date: /home/denis/diploma_ws/install/csu/share/csu/launch
[22.272s] -- Up-to-date: /home/denis/diploma_ws/install/csu/share/csu/launch/control_switching_unit.launch.py
[22.272s] -- Up-to-date: /home/denis/diploma_ws/install/csu/share/ament_index/resource_index/package_run_dependencies/csu
[22.272s] -- Up-to-date: /home/denis/diploma_ws/install/csu/share/ament_index/resource_index/parent_prefix_path/csu
[22.273s] -- Up-to-date: /home/denis/diploma_ws/install/csu/share/csu/environment/ament_prefix_path.sh
[22.273s] -- Up-to-date: /home/denis/diploma_ws/install/csu/share/csu/environment/ament_prefix_path.dsv
[22.273s] -- Up-to-date: /home/denis/diploma_ws/install/csu/share/csu/environment/path.sh
[22.273s] -- Up-to-date: /home/denis/diploma_ws/install/csu/share/csu/environment/path.dsv
[22.274s] -- Up-to-date: /home/denis/diploma_ws/install/csu/share/csu/local_setup.bash
[22.274s] -- Up-to-date: /home/denis/diploma_ws/install/csu/share/csu/local_setup.sh
[22.274s] -- Up-to-date: /home/denis/diploma_ws/install/csu/share/csu/local_setup.zsh
[22.274s] -- Up-to-date: /home/denis/diploma_ws/install/csu/share/csu/local_setup.dsv
[22.275s] -- Installing: /home/denis/diploma_ws/install/csu/share/csu/package.dsv
[22.275s] -- Up-to-date: /home/denis/diploma_ws/install/csu/share/ament_index/resource_index/packages/csu
[22.275s] -- Up-to-date: /home/denis/diploma_ws/install/csu/share/csu/cmake/csuConfig.cmake
[22.275s] -- Up-to-date: /home/denis/diploma_ws/install/csu/share/csu/cmake/csuConfig-version.cmake
[22.276s] -- Up-to-date: /home/denis/diploma_ws/install/csu/share/csu/package.xml
[22.278s] Invoked command in '/home/denis/diploma_ws/build/csu' returned '0': CMAKE_PREFIX_PATH=/home/denis/diploma_ws/install/dms_interfaces:/home/denis/diploma_ws/install/turtlebot3_simulations:/home/denis/diploma_ws/install/turtlebot3_navigation2:/home/denis/diploma_ws/install/nav2_bringup:/home/denis/diploma_ws/install/turtlebot3_gazebo:/home/denis/diploma_ws/install/turtlebot3_fake_node:/home/denis/diploma_ws/install/ssu:/home/denis/diploma_ws/install/groot:/home/denis/diploma_ws/install/fsu:/home/denis/diploma_ws/install/csu:/home/denis/diploma_ws/install/btcpp_ros2_samples:/home/denis/diploma_ws/install/btcpp_ros2_interfaces:/home/denis/diploma_ws/install/bt:/home/denis/diploma_ws/install/behaviortree_ros2:/home/denis/diploma_ws/install/behaviortree_cpp_v3:/home/denis/diploma_ws/install/behaviortree_cpp:/opt/ros/humble LD_LIBRARY_PATH=/home/denis/diploma_ws/install/dms_interfaces/lib:/home/denis/diploma_ws/install/groot/lib:/home/denis/diploma_ws/install/btcpp_ros2_interfaces/lib:/home/denis/diploma_ws/install/behaviortree_cpp_v3/lib:/home/denis/diploma_ws/install/behaviortree_cpp/lib:/usr/lib/x86_64-linux-gnu/gazebo-11/plugins:/opt/ros/humble/opt/rviz_ogre_vendor/lib:/opt/ros/humble/lib/x86_64-linux-gnu:/opt/ros/humble/lib /usr/bin/cmake --install /home/denis/diploma_ws/build/csu
