[35m[1mConsolidate compiler generated dependencies of target navigation_services_provider_unit[0m
[ 50%] [32mBuilding CXX object CMakeFiles/navigation_services_provider_unit.dir/src/navigation_services_provider_unit.cpp.o[0m
[100%] [32m[1mLinking CXX executable navigation_services_provider_unit[0m
[100%] Built target navigation_services_provider_unit
-- Install configuration: ""
-- Installing: /home/denis/diploma_ws/install/nspu/lib/nspu/navigation_services_provider_unit
-- Set runtime path of "/home/denis/diploma_ws/install/nspu/lib/nspu/navigation_services_provider_unit" to ""
-- Installing: /home/denis/diploma_ws/install/nspu/share/nspu/launch
-- Installing: /home/denis/diploma_ws/install/nspu/share/nspu/launch/navigation_services_provider_unit.launch.py
-- Installing: /home/denis/diploma_ws/install/nspu/share/ament_index/resource_index/package_run_dependencies/nspu
-- Installing: /home/denis/diploma_ws/install/nspu/share/ament_index/resource_index/parent_prefix_path/nspu
-- Installing: /home/denis/diploma_ws/install/nspu/share/nspu/environment/ament_prefix_path.sh
-- Installing: /home/denis/diploma_ws/install/nspu/share/nspu/environment/ament_prefix_path.dsv
-- Installing: /home/denis/diploma_ws/install/nspu/share/nspu/environment/path.sh
-- Installing: /home/denis/diploma_ws/install/nspu/share/nspu/environment/path.dsv
-- Installing: /home/denis/diploma_ws/install/nspu/share/nspu/local_setup.bash
-- Installing: /home/denis/diploma_ws/install/nspu/share/nspu/local_setup.sh
-- Installing: /home/denis/diploma_ws/install/nspu/share/nspu/local_setup.zsh
-- Installing: /home/denis/diploma_ws/install/nspu/share/nspu/local_setup.dsv
-- Installing: /home/denis/diploma_ws/install/nspu/share/nspu/package.dsv
-- Installing: /home/denis/diploma_ws/install/nspu/share/ament_index/resource_index/packages/nspu
-- Installing: /home/denis/diploma_ws/install/nspu/share/nspu/cmake/nspuConfig.cmake
-- Installing: /home/denis/diploma_ws/install/nspu/share/nspu/cmake/nspuConfig-version.cmake
-- Installing: /home/denis/diploma_ws/install/nspu/share/nspu/package.xml
