[0.104s] Invoking command in '/home/denis/diploma_ws/build/turtlebot3_gazebo': CMAKE_PREFIX_PATH=${CMAKE_PREFIX_PATH}:/opt/ros/humble /usr/bin/cmake --build /home/denis/diploma_ws/build/turtlebot3_gazebo -- -j4 -l4
[0.572s] [ 25%] Built target turtlebot3_drive
[0.613s] [ 50%] Built target obstacle1
[0.621s] [ 75%] Built target obstacles
[0.634s] [100%] Built target obstacle2
[0.664s] Invoked command in '/home/denis/diploma_ws/build/turtlebot3_gazebo' returned '0': CMAKE_PREFIX_PATH=${CMAKE_PREFIX_PATH}:/opt/ros/humble /usr/bin/cmake --build /home/denis/diploma_ws/build/turtlebot3_gazebo -- -j4 -l4
[0.828s] Invoking command in '/home/denis/diploma_ws/build/turtlebot3_gazebo': CMAKE_PREFIX_PATH=${CMAKE_PREFIX_PATH}:/opt/ros/humble /usr/bin/cmake --install /home/denis/diploma_ws/build/turtlebot3_gazebo
[0.848s] -- Install configuration: ""
[0.851s] -- Up-to-date: /home/denis/diploma_ws/install/turtlebot3_gazebo/lib/turtlebot3_gazebo/turtlebot3_drive
[0.852s] -- Up-to-date: /home/denis/diploma_ws/install/turtlebot3_gazebo/share/turtlebot3_gazebo//launch
[0.853s] -- Up-to-date: /home/denis/diploma_ws/install/turtlebot3_gazebo/share/turtlebot3_gazebo//launch/turtlebot3_dqn_stage3.launch.py
[0.854s] -- Up-to-date: /home/denis/diploma_ws/install/turtlebot3_gazebo/share/turtlebot3_gazebo//launch/robot_state_publisher.launch.py
[0.854s] -- Up-to-date: /home/denis/diploma_ws/install/turtlebot3_gazebo/share/turtlebot3_gazebo//launch/turtlebot3_house.launch.py
[0.855s] -- Up-to-date: /home/denis/diploma_ws/install/turtlebot3_gazebo/share/turtlebot3_gazebo//launch/empty_world.launch.py
[0.855s] -- Up-to-date: /home/denis/diploma_ws/install/turtlebot3_gazebo/share/turtlebot3_gazebo//launch/turtlebot3_world.launch.py
[0.855s] -- Up-to-date: /home/denis/diploma_ws/install/turtlebot3_gazebo/share/turtlebot3_gazebo//launch/turtlebot3_dqn_stage1.launch.py
[0.855s] -- Up-to-date: /home/denis/diploma_ws/install/turtlebot3_gazebo/share/turtlebot3_gazebo//launch/spawn_turtlebot3.launch.py
[0.856s] -- Up-to-date: /home/denis/diploma_ws/install/turtlebot3_gazebo/share/turtlebot3_gazebo//launch/turtlebot3_dqn_stage4.launch.py
[0.856s] -- Up-to-date: /home/denis/diploma_ws/install/turtlebot3_gazebo/share/turtlebot3_gazebo//launch/turtlebot3_dqn_stage2.launch.py
[0.856s] -- Up-to-date: /home/denis/diploma_ws/install/turtlebot3_gazebo/share/turtlebot3_gazebo//models
[0.856s] -- Up-to-date: /home/denis/diploma_ws/install/turtlebot3_gazebo/share/turtlebot3_gazebo//models/turtlebot3_waffle_pi
[0.856s] -- Up-to-date: /home/denis/diploma_ws/install/turtlebot3_gazebo/share/turtlebot3_gazebo//models/turtlebot3_waffle_pi/model-1_4__orig.sdf
[0.857s] -- Up-to-date: /home/denis/diploma_ws/install/turtlebot3_gazebo/share/turtlebot3_gazebo//models/turtlebot3_waffle_pi/model.config
[0.857s] -- Up-to-date: /home/denis/diploma_ws/install/turtlebot3_gazebo/share/turtlebot3_gazebo//models/turtlebot3_waffle_pi/model-1_4_.sdf
[0.857s] -- Up-to-date: /home/denis/diploma_ws/install/turtlebot3_gazebo/share/turtlebot3_gazebo//models/turtlebot3_waffle_pi/model_orig.sdf
[0.858s] -- Up-to-date: /home/denis/diploma_ws/install/turtlebot3_gazebo/share/turtlebot3_gazebo//models/turtlebot3_waffle_pi/model.sdf
[0.858s] -- Up-to-date: /home/denis/diploma_ws/install/turtlebot3_gazebo/share/turtlebot3_gazebo//models/turtlebot3_world
[0.858s] -- Up-to-date: /home/denis/diploma_ws/install/turtlebot3_gazebo/share/turtlebot3_gazebo//models/turtlebot3_world/model-1_4.sdf
[0.859s] -- Up-to-date: /home/denis/diploma_ws/install/turtlebot3_gazebo/share/turtlebot3_gazebo//models/turtlebot3_world/model.config
[0.859s] -- Up-to-date: /home/denis/diploma_ws/install/turtlebot3_gazebo/share/turtlebot3_gazebo//models/turtlebot3_world/meshes
[0.859s] -- Up-to-date: /home/denis/diploma_ws/install/turtlebot3_gazebo/share/turtlebot3_gazebo//models/turtlebot3_world/meshes/wall.dae
[0.859s] -- Up-to-date: /home/denis/diploma_ws/install/turtlebot3_gazebo/share/turtlebot3_gazebo//models/turtlebot3_world/meshes/hexagon.dae
[0.859s] -- Up-to-date: /home/denis/diploma_ws/install/turtlebot3_gazebo/share/turtlebot3_gazebo//models/turtlebot3_world/model.sdf
[0.859s] -- Up-to-date: /home/denis/diploma_ws/install/turtlebot3_gazebo/share/turtlebot3_gazebo//models/turtlebot3_dqn_world
[0.860s] -- Up-to-date: /home/denis/diploma_ws/install/turtlebot3_gazebo/share/turtlebot3_gazebo//models/turtlebot3_dqn_world/obstacle1
[0.860s] -- Up-to-date: /home/denis/diploma_ws/install/turtlebot3_gazebo/share/turtlebot3_gazebo//models/turtlebot3_dqn_world/obstacle1/model.config
[0.860s] -- Up-to-date: /home/denis/diploma_ws/install/turtlebot3_gazebo/share/turtlebot3_gazebo//models/turtlebot3_dqn_world/obstacle1/model.sdf
[0.883s] -- Up-to-date: /home/denis/diploma_ws/install/turtlebot3_gazebo/share/turtlebot3_gazebo//models/turtlebot3_dqn_world/obstacle_plugin
[0.883s] -- Up-to-date: /home/denis/diploma_ws/install/turtlebot3_gazebo/share/turtlebot3_gazebo//models/turtlebot3_dqn_world/obstacle_plugin/obstacle1.cc
[0.884s] -- Up-to-date: /home/denis/diploma_ws/install/turtlebot3_gazebo/share/turtlebot3_gazebo//models/turtlebot3_dqn_world/obstacle_plugin/CMakeLists.txt
[0.884s] -- Up-to-date: /home/denis/diploma_ws/install/turtlebot3_gazebo/share/turtlebot3_gazebo//models/turtlebot3_dqn_world/obstacle_plugin/obstacle2.cc
[0.884s] -- Up-to-date: /home/denis/diploma_ws/install/turtlebot3_gazebo/share/turtlebot3_gazebo//models/turtlebot3_dqn_world/obstacle_plugin/obstacles.cc
[0.884s] -- Up-to-date: /home/denis/diploma_ws/install/turtlebot3_gazebo/share/turtlebot3_gazebo//models/turtlebot3_dqn_world/goal_box
[0.884s] -- Up-to-date: /home/denis/diploma_ws/install/turtlebot3_gazebo/share/turtlebot3_gazebo//models/turtlebot3_dqn_world/goal_box/model.config
[0.885s] -- Up-to-date: /home/denis/diploma_ws/install/turtlebot3_gazebo/share/turtlebot3_gazebo//models/turtlebot3_dqn_world/goal_box/model.sdf
[0.885s] -- Up-to-date: /home/denis/diploma_ws/install/turtlebot3_gazebo/share/turtlebot3_gazebo//models/turtlebot3_dqn_world/obstacle2
[0.885s] -- Up-to-date: /home/denis/diploma_ws/install/turtlebot3_gazebo/share/turtlebot3_gazebo//models/turtlebot3_dqn_world/obstacle2/model.config
[0.885s] -- Up-to-date: /home/denis/diploma_ws/install/turtlebot3_gazebo/share/turtlebot3_gazebo//models/turtlebot3_dqn_world/obstacle2/model.sdf
[0.885s] -- Up-to-date: /home/denis/diploma_ws/install/turtlebot3_gazebo/share/turtlebot3_gazebo//models/turtlebot3_dqn_world/obstacles
[0.885s] -- Up-to-date: /home/denis/diploma_ws/install/turtlebot3_gazebo/share/turtlebot3_gazebo//models/turtlebot3_dqn_world/obstacles/model.config
[0.886s] -- Up-to-date: /home/denis/diploma_ws/install/turtlebot3_gazebo/share/turtlebot3_gazebo//models/turtlebot3_dqn_world/obstacles/model.sdf
[0.886s] -- Up-to-date: /home/denis/diploma_ws/install/turtlebot3_gazebo/share/turtlebot3_gazebo//models/turtlebot3_dqn_world/model.config
[0.886s] -- Up-to-date: /home/denis/diploma_ws/install/turtlebot3_gazebo/share/turtlebot3_gazebo//models/turtlebot3_dqn_world/inner_walls
[0.886s] -- Up-to-date: /home/denis/diploma_ws/install/turtlebot3_gazebo/share/turtlebot3_gazebo//models/turtlebot3_dqn_world/inner_walls/model.config
[0.886s] -- Up-to-date: /home/denis/diploma_ws/install/turtlebot3_gazebo/share/turtlebot3_gazebo//models/turtlebot3_dqn_world/inner_walls/model.sdf
[0.887s] -- Up-to-date: /home/denis/diploma_ws/install/turtlebot3_gazebo/share/turtlebot3_gazebo//models/turtlebot3_dqn_world/model.sdf
[0.887s] -- Up-to-date: /home/denis/diploma_ws/install/turtlebot3_gazebo/share/turtlebot3_gazebo//models/turtlebot3_house
[0.887s] -- Up-to-date: /home/denis/diploma_ws/install/turtlebot3_gazebo/share/turtlebot3_gazebo//models/turtlebot3_house/model.config
[0.887s] -- Up-to-date: /home/denis/diploma_ws/install/turtlebot3_gazebo/share/turtlebot3_gazebo//models/turtlebot3_house/model.sdf
[0.887s] -- Up-to-date: /home/denis/diploma_ws/install/turtlebot3_gazebo/share/turtlebot3_gazebo//models/turtlebot3_common
[0.887s] -- Up-to-date: /home/denis/diploma_ws/install/turtlebot3_gazebo/share/turtlebot3_gazebo//models/turtlebot3_common/model.config
[0.888s] -- Up-to-date: /home/denis/diploma_ws/install/turtlebot3_gazebo/share/turtlebot3_gazebo//models/turtlebot3_common/meshes
[0.888s] -- Up-to-date: /home/denis/diploma_ws/install/turtlebot3_gazebo/share/turtlebot3_gazebo//models/turtlebot3_common/meshes/tire.dae
[0.888s] -- Up-to-date: /home/denis/diploma_ws/install/turtlebot3_gazebo/share/turtlebot3_gazebo//models/turtlebot3_common/meshes/r200.dae
[0.888s] -- Up-to-date: /home/denis/diploma_ws/install/turtlebot3_gazebo/share/turtlebot3_gazebo//models/turtlebot3_common/meshes/waffle_base.dae
[0.888s] -- Up-to-date: /home/denis/diploma_ws/install/turtlebot3_gazebo/share/turtlebot3_gazebo//models/turtlebot3_common/meshes/waffle_pi_base.dae
[0.889s] -- Up-to-date: /home/denis/diploma_ws/install/turtlebot3_gazebo/share/turtlebot3_gazebo//models/turtlebot3_common/meshes/burger_base.dae
[0.889s] -- Up-to-date: /home/denis/diploma_ws/install/turtlebot3_gazebo/share/turtlebot3_gazebo//models/turtlebot3_common/meshes/lds.dae
[0.889s] -- Up-to-date: /home/denis/diploma_ws/install/turtlebot3_gazebo/share/turtlebot3_gazebo//rviz
[0.893s] -- Up-to-date: /home/denis/diploma_ws/install/turtlebot3_gazebo/share/turtlebot3_gazebo//rviz/tb3_gazebo.rviz
[0.893s] -- Up-to-date: /home/denis/diploma_ws/install/turtlebot3_gazebo/share/turtlebot3_gazebo//urdf
[0.893s] -- Up-to-date: /home/denis/diploma_ws/install/turtlebot3_gazebo/share/turtlebot3_gazebo//urdf/turtlebot3_waffle_pi.urdf
[0.894s] -- Up-to-date: /home/denis/diploma_ws/install/turtlebot3_gazebo/share/turtlebot3_gazebo//urdf/common_properties.urdf
[0.896s] -- Up-to-date: /home/denis/diploma_ws/install/turtlebot3_gazebo/share/turtlebot3_gazebo//worlds
[0.897s] -- Up-to-date: /home/denis/diploma_ws/install/turtlebot3_gazebo/share/turtlebot3_gazebo//worlds/turtlebot3_dqn_stage2.world
[0.899s] -- Up-to-date: /home/denis/diploma_ws/install/turtlebot3_gazebo/share/turtlebot3_gazebo//worlds/turtlebot3_dqn_stage1.world
[0.901s] -- Up-to-date: /home/denis/diploma_ws/install/turtlebot3_gazebo/share/turtlebot3_gazebo//worlds/turtlebot3_world.world
[0.901s] -- Up-to-date: /home/denis/diploma_ws/install/turtlebot3_gazebo/share/turtlebot3_gazebo//worlds/turtlebot3_dqn_stage4.world
[0.901s] -- Up-to-date: /home/denis/diploma_ws/install/turtlebot3_gazebo/share/turtlebot3_gazebo//worlds/empty_world.world
[0.901s] -- Up-to-date: /home/denis/diploma_ws/install/turtlebot3_gazebo/share/turtlebot3_gazebo//worlds/turtlebot3_house.world
[0.902s] -- Up-to-date: /home/denis/diploma_ws/install/turtlebot3_gazebo/share/turtlebot3_gazebo//worlds/turtlebot3_dqn_stage3.world
[0.902s] -- Up-to-date: /home/denis/diploma_ws/install/turtlebot3_gazebo/include/
[0.902s] -- Up-to-date: /home/denis/diploma_ws/install/turtlebot3_gazebo/include//turtlebot3_gazebo
[0.902s] -- Up-to-date: /home/denis/diploma_ws/install/turtlebot3_gazebo/include//turtlebot3_gazebo/turtlebot3_drive.hpp
[0.902s] -- Up-to-date: /home/denis/diploma_ws/install/turtlebot3_gazebo/share/ament_index/resource_index/package_run_dependencies/turtlebot3_gazebo
[0.903s] -- Up-to-date: /home/denis/diploma_ws/install/turtlebot3_gazebo/share/ament_index/resource_index/parent_prefix_path/turtlebot3_gazebo
[0.903s] -- Up-to-date: /home/denis/diploma_ws/install/turtlebot3_gazebo/share/turtlebot3_gazebo/environment/ament_prefix_path.sh
[0.903s] -- Up-to-date: /home/denis/diploma_ws/install/turtlebot3_gazebo/share/turtlebot3_gazebo/environment/ament_prefix_path.dsv
[0.903s] -- Up-to-date: /home/denis/diploma_ws/install/turtlebot3_gazebo/share/turtlebot3_gazebo/environment/path.sh
[0.904s] -- Up-to-date: /home/denis/diploma_ws/install/turtlebot3_gazebo/share/turtlebot3_gazebo/environment/path.dsv
[0.904s] -- Up-to-date: /home/denis/diploma_ws/install/turtlebot3_gazebo/share/turtlebot3_gazebo/local_setup.bash
[0.904s] -- Up-to-date: /home/denis/diploma_ws/install/turtlebot3_gazebo/share/turtlebot3_gazebo/local_setup.sh
[0.905s] -- Up-to-date: /home/denis/diploma_ws/install/turtlebot3_gazebo/share/turtlebot3_gazebo/local_setup.zsh
[0.905s] -- Up-to-date: /home/denis/diploma_ws/install/turtlebot3_gazebo/share/turtlebot3_gazebo/local_setup.dsv
[0.906s] -- Installing: /home/denis/diploma_ws/install/turtlebot3_gazebo/share/turtlebot3_gazebo/package.dsv
[0.906s] -- Up-to-date: /home/denis/diploma_ws/install/turtlebot3_gazebo/share/ament_index/resource_index/packages/turtlebot3_gazebo
[0.906s] -- Up-to-date: /home/denis/diploma_ws/install/turtlebot3_gazebo/share/turtlebot3_gazebo/cmake/ament_cmake_export_include_directories-extras.cmake
[0.906s] -- Up-to-date: /home/denis/diploma_ws/install/turtlebot3_gazebo/share/turtlebot3_gazebo/cmake/ament_cmake_export_dependencies-extras.cmake
[0.907s] -- Up-to-date: /home/denis/diploma_ws/install/turtlebot3_gazebo/share/turtlebot3_gazebo/cmake/turtlebot3_gazeboConfig.cmake
[0.907s] -- Up-to-date: /home/denis/diploma_ws/install/turtlebot3_gazebo/share/turtlebot3_gazebo/cmake/turtlebot3_gazeboConfig-version.cmake
[0.907s] -- Up-to-date: /home/denis/diploma_ws/install/turtlebot3_gazebo/share/turtlebot3_gazebo/package.xml
[0.907s] Invoked command in '/home/denis/diploma_ws/build/turtlebot3_gazebo' returned '0': CMAKE_PREFIX_PATH=${CMAKE_PREFIX_PATH}:/opt/ros/humble /usr/bin/cmake --install /home/denis/diploma_ws/build/turtlebot3_gazebo
