[0.033s] Invoking command in '/home/denis/diploma_ws/build/dms_interfaces': CMAKE_PREFIX_PATH=/opt/ros/humble /usr/bin/cmake --build /home/denis/diploma_ws/build/dms_interfaces -- -j4 -l4
[0.206s] [  3%] Built target dms_interfaces__cpp
[0.215s] [ 12%] Built target dms_interfaces__rosidl_generator_c
[0.252s] [ 12%] Built target ament_cmake_python_copy_dms_interfaces
[0.339s] [ 22%] Built target dms_interfaces__rosidl_typesupport_fastrtps_cpp
[0.344s] [ 32%] Built target dms_interfaces__rosidl_typesupport_cpp
[0.363s] [ 41%] Built target dms_interfaces__rosidl_typesupport_fastrtps_c
[0.363s] [ 51%] Built target dms_interfaces__rosidl_typesupport_introspection_cpp
[0.443s] [ 61%] Built target dms_interfaces__rosidl_typesupport_introspection_c
[0.481s] [ 70%] Built target dms_interfaces__rosidl_typesupport_c
[0.606s] [ 70%] Built target dms_interfaces
[0.721s] [ 74%] Built target dms_interfaces__py
[0.857s] [ 80%] Built target dms_interfaces__rosidl_generator_py
[1.007s] [ 87%] Built target dms_interfaces__rosidl_typesupport_introspection_c__pyext
[1.050s] [ 93%] Built target dms_interfaces__rosidl_typesupport_c__pyext
[1.058s] [100%] Built target dms_interfaces__rosidl_typesupport_fastrtps_c__pyext
[1.406s] running egg_info
[1.409s] writing dms_interfaces.egg-info/PKG-INFO
[1.409s] writing dependency_links to dms_interfaces.egg-info/dependency_links.txt
[1.409s] writing top-level names to dms_interfaces.egg-info/top_level.txt
[1.419s] reading manifest file 'dms_interfaces.egg-info/SOURCES.txt'
[1.419s] writing manifest file 'dms_interfaces.egg-info/SOURCES.txt'
[1.483s] [100%] Built target ament_cmake_python_build_dms_interfaces_egg
[1.516s] Invoked command in '/home/denis/diploma_ws/build/dms_interfaces' returned '0': CMAKE_PREFIX_PATH=/opt/ros/humble /usr/bin/cmake --build /home/denis/diploma_ws/build/dms_interfaces -- -j4 -l4
[1.706s] Invoking command in '/home/denis/diploma_ws/build/dms_interfaces': CMAKE_PREFIX_PATH=/opt/ros/humble /usr/bin/cmake --install /home/denis/diploma_ws/build/dms_interfaces
[1.731s] -- Install configuration: ""
[1.731s] -- Up-to-date: /home/denis/diploma_ws/install/dms_interfaces/share/ament_index/resource_index/rosidl_interfaces/dms_interfaces
[1.732s] -- Up-to-date: /home/denis/diploma_ws/install/dms_interfaces/include/dms_interfaces/dms_interfaces
[1.732s] -- Up-to-date: /home/denis/diploma_ws/install/dms_interfaces/include/dms_interfaces/dms_interfaces/srv
[1.732s] -- Up-to-date: /home/denis/diploma_ws/install/dms_interfaces/include/dms_interfaces/dms_interfaces/srv/pub_res_cmd_vel.h
[1.732s] -- Up-to-date: /home/denis/diploma_ws/install/dms_interfaces/include/dms_interfaces/dms_interfaces/srv/detail
[1.733s] -- Up-to-date: /home/denis/diploma_ws/install/dms_interfaces/include/dms_interfaces/dms_interfaces/srv/detail/pub_res_cmd_vel__functions.c
[1.733s] -- Up-to-date: /home/denis/diploma_ws/install/dms_interfaces/include/dms_interfaces/dms_interfaces/srv/detail/pub_res_cmd_vel__type_support.h
[1.733s] -- Up-to-date: /home/denis/diploma_ws/install/dms_interfaces/include/dms_interfaces/dms_interfaces/srv/detail/pub_res_cmd_vel__functions.h
[1.733s] -- Up-to-date: /home/denis/diploma_ws/install/dms_interfaces/include/dms_interfaces/dms_interfaces/srv/detail/pub_res_cmd_vel__struct.h
[1.734s] -- Up-to-date: /home/denis/diploma_ws/install/dms_interfaces/include/dms_interfaces/dms_interfaces/msg
[1.734s] -- Up-to-date: /home/denis/diploma_ws/install/dms_interfaces/include/dms_interfaces/dms_interfaces/msg/rosidl_generator_c__visibility_control.h
[1.734s] -- Up-to-date: /home/denis/diploma_ws/install/dms_interfaces/share/dms_interfaces/environment/library_path.sh
[1.734s] -- Up-to-date: /home/denis/diploma_ws/install/dms_interfaces/share/dms_interfaces/environment/library_path.dsv
[1.735s] -- Up-to-date: /home/denis/diploma_ws/install/dms_interfaces/lib/libdms_interfaces__rosidl_generator_c.so
[1.735s] -- Up-to-date: /home/denis/diploma_ws/install/dms_interfaces/include/dms_interfaces/dms_interfaces
[1.736s] -- Up-to-date: /home/denis/diploma_ws/install/dms_interfaces/include/dms_interfaces/dms_interfaces/srv
[1.736s] -- Up-to-date: /home/denis/diploma_ws/install/dms_interfaces/include/dms_interfaces/dms_interfaces/srv/detail
[1.736s] -- Up-to-date: /home/denis/diploma_ws/install/dms_interfaces/include/dms_interfaces/dms_interfaces/srv/detail/pub_res_cmd_vel__rosidl_typesupport_fastrtps_c.h
[1.737s] -- Up-to-date: /home/denis/diploma_ws/install/dms_interfaces/include/dms_interfaces/dms_interfaces/msg
[1.737s] -- Up-to-date: /home/denis/diploma_ws/install/dms_interfaces/include/dms_interfaces/dms_interfaces/msg/rosidl_typesupport_fastrtps_c__visibility_control.h
[1.737s] -- Up-to-date: /home/denis/diploma_ws/install/dms_interfaces/lib/libdms_interfaces__rosidl_typesupport_fastrtps_c.so
[1.738s] -- Up-to-date: /home/denis/diploma_ws/install/dms_interfaces/include/dms_interfaces/dms_interfaces
[1.738s] -- Up-to-date: /home/denis/diploma_ws/install/dms_interfaces/include/dms_interfaces/dms_interfaces/srv
[1.738s] -- Up-to-date: /home/denis/diploma_ws/install/dms_interfaces/include/dms_interfaces/dms_interfaces/srv/detail
[1.738s] -- Up-to-date: /home/denis/diploma_ws/install/dms_interfaces/include/dms_interfaces/dms_interfaces/srv/detail/pub_res_cmd_vel__rosidl_typesupport_introspection_c.h
[1.739s] -- Up-to-date: /home/denis/diploma_ws/install/dms_interfaces/include/dms_interfaces/dms_interfaces/srv/detail/pub_res_cmd_vel__type_support.c
[1.739s] -- Up-to-date: /home/denis/diploma_ws/install/dms_interfaces/include/dms_interfaces/dms_interfaces/msg
[1.740s] -- Up-to-date: /home/denis/diploma_ws/install/dms_interfaces/include/dms_interfaces/dms_interfaces/msg/rosidl_typesupport_introspection_c__visibility_control.h
[1.740s] -- Up-to-date: /home/denis/diploma_ws/install/dms_interfaces/lib/libdms_interfaces__rosidl_typesupport_introspection_c.so
[1.741s] -- Up-to-date: /home/denis/diploma_ws/install/dms_interfaces/lib/libdms_interfaces__rosidl_typesupport_c.so
[1.741s] -- Up-to-date: /home/denis/diploma_ws/install/dms_interfaces/include/dms_interfaces/dms_interfaces
[1.741s] -- Up-to-date: /home/denis/diploma_ws/install/dms_interfaces/include/dms_interfaces/dms_interfaces/srv
[1.742s] -- Up-to-date: /home/denis/diploma_ws/install/dms_interfaces/include/dms_interfaces/dms_interfaces/srv/pub_res_cmd_vel.hpp
[1.742s] -- Up-to-date: /home/denis/diploma_ws/install/dms_interfaces/include/dms_interfaces/dms_interfaces/srv/detail
[1.742s] -- Up-to-date: /home/denis/diploma_ws/install/dms_interfaces/include/dms_interfaces/dms_interfaces/srv/detail/pub_res_cmd_vel__traits.hpp
[1.744s] -- Up-to-date: /home/denis/diploma_ws/install/dms_interfaces/include/dms_interfaces/dms_interfaces/srv/detail/pub_res_cmd_vel__struct.hpp
[1.744s] -- Up-to-date: /home/denis/diploma_ws/install/dms_interfaces/include/dms_interfaces/dms_interfaces/srv/detail/pub_res_cmd_vel__builder.hpp
[1.744s] -- Up-to-date: /home/denis/diploma_ws/install/dms_interfaces/include/dms_interfaces/dms_interfaces
[1.744s] -- Up-to-date: /home/denis/diploma_ws/install/dms_interfaces/include/dms_interfaces/dms_interfaces/srv
[1.745s] -- Up-to-date: /home/denis/diploma_ws/install/dms_interfaces/include/dms_interfaces/dms_interfaces/srv/detail
[1.745s] -- Up-to-date: /home/denis/diploma_ws/install/dms_interfaces/include/dms_interfaces/dms_interfaces/srv/detail/dds_fastrtps
[1.745s] -- Up-to-date: /home/denis/diploma_ws/install/dms_interfaces/include/dms_interfaces/dms_interfaces/srv/detail/pub_res_cmd_vel__rosidl_typesupport_fastrtps_cpp.hpp
[1.746s] -- Up-to-date: /home/denis/diploma_ws/install/dms_interfaces/include/dms_interfaces/dms_interfaces/msg
[1.746s] -- Up-to-date: /home/denis/diploma_ws/install/dms_interfaces/include/dms_interfaces/dms_interfaces/msg/rosidl_typesupport_fastrtps_cpp__visibility_control.h
[1.746s] -- Up-to-date: /home/denis/diploma_ws/install/dms_interfaces/lib/libdms_interfaces__rosidl_typesupport_fastrtps_cpp.so
[1.746s] -- Up-to-date: /home/denis/diploma_ws/install/dms_interfaces/include/dms_interfaces/dms_interfaces
[1.747s] -- Up-to-date: /home/denis/diploma_ws/install/dms_interfaces/include/dms_interfaces/dms_interfaces/srv
[1.747s] -- Up-to-date: /home/denis/diploma_ws/install/dms_interfaces/include/dms_interfaces/dms_interfaces/srv/detail
[1.747s] -- Up-to-date: /home/denis/diploma_ws/install/dms_interfaces/include/dms_interfaces/dms_interfaces/srv/detail/pub_res_cmd_vel__rosidl_typesupport_introspection_cpp.hpp
[1.747s] -- Up-to-date: /home/denis/diploma_ws/install/dms_interfaces/include/dms_interfaces/dms_interfaces/srv/detail/pub_res_cmd_vel__type_support.cpp
[1.748s] -- Up-to-date: /home/denis/diploma_ws/install/dms_interfaces/lib/libdms_interfaces__rosidl_typesupport_introspection_cpp.so
[1.748s] -- Up-to-date: /home/denis/diploma_ws/install/dms_interfaces/lib/libdms_interfaces__rosidl_typesupport_cpp.so
[1.748s] -- Up-to-date: /home/denis/diploma_ws/install/dms_interfaces/share/dms_interfaces/environment/pythonpath.sh
[1.748s] -- Up-to-date: /home/denis/diploma_ws/install/dms_interfaces/share/dms_interfaces/environment/pythonpath.dsv
[1.749s] -- Up-to-date: /home/denis/diploma_ws/install/dms_interfaces/local/lib/python3.10/dist-packages/dms_interfaces-0.0.0-py3.10.egg-info
[1.749s] -- Installing: /home/denis/diploma_ws/install/dms_interfaces/local/lib/python3.10/dist-packages/dms_interfaces-0.0.0-py3.10.egg-info/SOURCES.txt
[1.749s] -- Installing: /home/denis/diploma_ws/install/dms_interfaces/local/lib/python3.10/dist-packages/dms_interfaces-0.0.0-py3.10.egg-info/dependency_links.txt
[1.749s] -- Installing: /home/denis/diploma_ws/install/dms_interfaces/local/lib/python3.10/dist-packages/dms_interfaces-0.0.0-py3.10.egg-info/PKG-INFO
[1.750s] -- Installing: /home/denis/diploma_ws/install/dms_interfaces/local/lib/python3.10/dist-packages/dms_interfaces-0.0.0-py3.10.egg-info/top_level.txt
[1.750s] -- Up-to-date: /home/denis/diploma_ws/install/dms_interfaces/local/lib/python3.10/dist-packages/dms_interfaces
[1.750s] -- Up-to-date: /home/denis/diploma_ws/install/dms_interfaces/local/lib/python3.10/dist-packages/dms_interfaces/dms_interfaces_s__rosidl_typesupport_c.cpython-310-x86_64-linux-gnu.so
[1.750s] -- Up-to-date: /home/denis/diploma_ws/install/dms_interfaces/local/lib/python3.10/dist-packages/dms_interfaces/srv
[1.750s] -- Up-to-date: /home/denis/diploma_ws/install/dms_interfaces/local/lib/python3.10/dist-packages/dms_interfaces/srv/_pub_res_cmd_vel.py
[1.751s] -- Up-to-date: /home/denis/diploma_ws/install/dms_interfaces/local/lib/python3.10/dist-packages/dms_interfaces/srv/__init__.py
[1.751s] -- Up-to-date: /home/denis/diploma_ws/install/dms_interfaces/local/lib/python3.10/dist-packages/dms_interfaces/srv/_pub_res_cmd_vel_s.c
[1.751s] -- Up-to-date: /home/denis/diploma_ws/install/dms_interfaces/local/lib/python3.10/dist-packages/dms_interfaces/dms_interfaces_s__rosidl_typesupport_fastrtps_c.cpython-310-x86_64-linux-gnu.so
[1.751s] -- Up-to-date: /home/denis/diploma_ws/install/dms_interfaces/local/lib/python3.10/dist-packages/dms_interfaces/dms_interfaces_s__rosidl_typesupport_introspection_c.cpython-310-x86_64-linux-gnu.so
[1.752s] -- Up-to-date: /home/denis/diploma_ws/install/dms_interfaces/local/lib/python3.10/dist-packages/dms_interfaces/_dms_interfaces_s.ep.rosidl_typesupport_c.c
[1.752s] -- Up-to-date: /home/denis/diploma_ws/install/dms_interfaces/local/lib/python3.10/dist-packages/dms_interfaces/libdms_interfaces__rosidl_generator_py.so
[1.752s] -- Up-to-date: /home/denis/diploma_ws/install/dms_interfaces/local/lib/python3.10/dist-packages/dms_interfaces/__init__.py
[1.752s] -- Up-to-date: /home/denis/diploma_ws/install/dms_interfaces/local/lib/python3.10/dist-packages/dms_interfaces/_dms_interfaces_s.ep.rosidl_typesupport_introspection_c.c
[1.753s] -- Up-to-date: /home/denis/diploma_ws/install/dms_interfaces/local/lib/python3.10/dist-packages/dms_interfaces/_dms_interfaces_s.ep.rosidl_typesupport_fastrtps_c.c
[1.829s] Listing '/home/denis/diploma_ws/install/dms_interfaces/local/lib/python3.10/dist-packages/dms_interfaces'...
[1.829s] Listing '/home/denis/diploma_ws/install/dms_interfaces/local/lib/python3.10/dist-packages/dms_interfaces/srv'...
[1.841s] -- Up-to-date: /home/denis/diploma_ws/install/dms_interfaces/local/lib/python3.10/dist-packages/dms_interfaces/dms_interfaces_s__rosidl_typesupport_fastrtps_c.cpython-310-x86_64-linux-gnu.so
[1.842s] -- Up-to-date: /home/denis/diploma_ws/install/dms_interfaces/local/lib/python3.10/dist-packages/dms_interfaces/dms_interfaces_s__rosidl_typesupport_introspection_c.cpython-310-x86_64-linux-gnu.so
[1.843s] -- Up-to-date: /home/denis/diploma_ws/install/dms_interfaces/local/lib/python3.10/dist-packages/dms_interfaces/dms_interfaces_s__rosidl_typesupport_c.cpython-310-x86_64-linux-gnu.so
[1.844s] -- Up-to-date: /home/denis/diploma_ws/install/dms_interfaces/lib/libdms_interfaces__rosidl_generator_py.so
[1.845s] -- Up-to-date: /home/denis/diploma_ws/install/dms_interfaces/share/dms_interfaces/srv/PubResCmdVel.idl
[1.845s] -- Up-to-date: /home/denis/diploma_ws/install/dms_interfaces/share/dms_interfaces/srv/PubResCmdVel.srv
[1.845s] -- Up-to-date: /home/denis/diploma_ws/install/dms_interfaces/share/dms_interfaces/srv/PubResCmdVel_Request.msg
[1.845s] -- Up-to-date: /home/denis/diploma_ws/install/dms_interfaces/share/dms_interfaces/srv/PubResCmdVel_Response.msg
[1.846s] -- Up-to-date: /home/denis/diploma_ws/install/dms_interfaces/share/ament_index/resource_index/package_run_dependencies/dms_interfaces
[1.846s] -- Up-to-date: /home/denis/diploma_ws/install/dms_interfaces/share/ament_index/resource_index/parent_prefix_path/dms_interfaces
[1.847s] -- Up-to-date: /home/denis/diploma_ws/install/dms_interfaces/share/dms_interfaces/environment/ament_prefix_path.sh
[1.848s] -- Up-to-date: /home/denis/diploma_ws/install/dms_interfaces/share/dms_interfaces/environment/ament_prefix_path.dsv
[1.848s] -- Up-to-date: /home/denis/diploma_ws/install/dms_interfaces/share/dms_interfaces/environment/path.sh
[1.849s] -- Up-to-date: /home/denis/diploma_ws/install/dms_interfaces/share/dms_interfaces/environment/path.dsv
[1.849s] -- Up-to-date: /home/denis/diploma_ws/install/dms_interfaces/share/dms_interfaces/local_setup.bash
[1.850s] -- Up-to-date: /home/denis/diploma_ws/install/dms_interfaces/share/dms_interfaces/local_setup.sh
[1.851s] -- Up-to-date: /home/denis/diploma_ws/install/dms_interfaces/share/dms_interfaces/local_setup.zsh
[1.851s] -- Up-to-date: /home/denis/diploma_ws/install/dms_interfaces/share/dms_interfaces/local_setup.dsv
[1.856s] -- Installing: /home/denis/diploma_ws/install/dms_interfaces/share/dms_interfaces/package.dsv
[1.856s] -- Up-to-date: /home/denis/diploma_ws/install/dms_interfaces/share/ament_index/resource_index/packages/dms_interfaces
[1.858s] -- Up-to-date: /home/denis/diploma_ws/install/dms_interfaces/share/dms_interfaces/cmake/export_dms_interfaces__rosidl_generator_cExport.cmake
[1.859s] -- Up-to-date: /home/denis/diploma_ws/install/dms_interfaces/share/dms_interfaces/cmake/export_dms_interfaces__rosidl_generator_cExport-noconfig.cmake
[1.862s] -- Up-to-date: /home/denis/diploma_ws/install/dms_interfaces/share/dms_interfaces/cmake/export_dms_interfaces__rosidl_typesupport_fastrtps_cExport.cmake
[1.863s] -- Up-to-date: /home/denis/diploma_ws/install/dms_interfaces/share/dms_interfaces/cmake/export_dms_interfaces__rosidl_typesupport_fastrtps_cExport-noconfig.cmake
[1.864s] -- Up-to-date: /home/denis/diploma_ws/install/dms_interfaces/share/dms_interfaces/cmake/dms_interfaces__rosidl_typesupport_introspection_cExport.cmake
[1.864s] -- Up-to-date: /home/denis/diploma_ws/install/dms_interfaces/share/dms_interfaces/cmake/dms_interfaces__rosidl_typesupport_introspection_cExport-noconfig.cmake
[1.865s] -- Up-to-date: /home/denis/diploma_ws/install/dms_interfaces/share/dms_interfaces/cmake/dms_interfaces__rosidl_typesupport_cExport.cmake
[1.865s] -- Up-to-date: /home/denis/diploma_ws/install/dms_interfaces/share/dms_interfaces/cmake/dms_interfaces__rosidl_typesupport_cExport-noconfig.cmake
[1.865s] -- Up-to-date: /home/denis/diploma_ws/install/dms_interfaces/share/dms_interfaces/cmake/export_dms_interfaces__rosidl_generator_cppExport.cmake
[1.866s] -- Up-to-date: /home/denis/diploma_ws/install/dms_interfaces/share/dms_interfaces/cmake/export_dms_interfaces__rosidl_typesupport_fastrtps_cppExport.cmake
[1.867s] -- Up-to-date: /home/denis/diploma_ws/install/dms_interfaces/share/dms_interfaces/cmake/export_dms_interfaces__rosidl_typesupport_fastrtps_cppExport-noconfig.cmake
[1.867s] -- Up-to-date: /home/denis/diploma_ws/install/dms_interfaces/share/dms_interfaces/cmake/dms_interfaces__rosidl_typesupport_introspection_cppExport.cmake
[1.868s] -- Up-to-date: /home/denis/diploma_ws/install/dms_interfaces/share/dms_interfaces/cmake/dms_interfaces__rosidl_typesupport_introspection_cppExport-noconfig.cmake
[1.868s] -- Up-to-date: /home/denis/diploma_ws/install/dms_interfaces/share/dms_interfaces/cmake/dms_interfaces__rosidl_typesupport_cppExport.cmake
[1.868s] -- Up-to-date: /home/denis/diploma_ws/install/dms_interfaces/share/dms_interfaces/cmake/dms_interfaces__rosidl_typesupport_cppExport-noconfig.cmake
[1.869s] -- Up-to-date: /home/denis/diploma_ws/install/dms_interfaces/share/dms_interfaces/cmake/export_dms_interfaces__rosidl_generator_pyExport.cmake
[1.869s] -- Up-to-date: /home/denis/diploma_ws/install/dms_interfaces/share/dms_interfaces/cmake/export_dms_interfaces__rosidl_generator_pyExport-noconfig.cmake
[1.870s] -- Up-to-date: /home/denis/diploma_ws/install/dms_interfaces/share/dms_interfaces/cmake/rosidl_cmake-extras.cmake
[1.870s] -- Up-to-date: /home/denis/diploma_ws/install/dms_interfaces/share/dms_interfaces/cmake/ament_cmake_export_dependencies-extras.cmake
[1.871s] -- Up-to-date: /home/denis/diploma_ws/install/dms_interfaces/share/dms_interfaces/cmake/ament_cmake_export_include_directories-extras.cmake
[1.871s] -- Up-to-date: /home/denis/diploma_ws/install/dms_interfaces/share/dms_interfaces/cmake/ament_cmake_export_libraries-extras.cmake
[1.872s] -- Up-to-date: /home/denis/diploma_ws/install/dms_interfaces/share/dms_interfaces/cmake/ament_cmake_export_targets-extras.cmake
[1.872s] -- Up-to-date: /home/denis/diploma_ws/install/dms_interfaces/share/dms_interfaces/cmake/rosidl_cmake_export_typesupport_targets-extras.cmake
[1.872s] -- Up-to-date: /home/denis/diploma_ws/install/dms_interfaces/share/dms_interfaces/cmake/rosidl_cmake_export_typesupport_libraries-extras.cmake
[1.877s] -- Up-to-date: /home/denis/diploma_ws/install/dms_interfaces/share/dms_interfaces/cmake/dms_interfacesConfig.cmake
[1.878s] -- Up-to-date: /home/denis/diploma_ws/install/dms_interfaces/share/dms_interfaces/cmake/dms_interfacesConfig-version.cmake
[1.878s] -- Up-to-date: /home/denis/diploma_ws/install/dms_interfaces/share/dms_interfaces/package.xml
[1.912s] Invoked command in '/home/denis/diploma_ws/build/dms_interfaces' returned '0': CMAKE_PREFIX_PATH=/opt/ros/humble /usr/bin/cmake --install /home/denis/diploma_ws/build/dms_interfaces
