[0.042s] Invoking command in '/home/denis/diploma_ws/build/bt': CMAKE_PREFIX_PATH=${CMAKE_PREFIX_PATH}:/opt/ros/humble /usr/bin/cmake --build /home/denis/diploma_ws/build/bt -- -j4 -l4
[0.153s] Invoked command in '/home/denis/diploma_ws/build/bt' returned '0': CMAKE_PREFIX_PATH=${CMAKE_PREFIX_PATH}:/opt/ros/humble /usr/bin/cmake --build /home/denis/diploma_ws/build/bt -- -j4 -l4
[0.295s] Invoking command in '/home/denis/diploma_ws/build/bt': CMAKE_PREFIX_PATH=${CMAKE_PREFIX_PATH}:/opt/ros/humble /usr/bin/cmake --install /home/denis/diploma_ws/build/bt
[0.322s] -- Install configuration: ""
[0.322s] -- Up-to-date: /home/denis/diploma_ws/install/bt/share/ament_index/resource_index/package_run_dependencies/bt
[0.323s] -- Up-to-date: /home/denis/diploma_ws/install/bt/share/ament_index/resource_index/parent_prefix_path/bt
[0.323s] -- Up-to-date: /home/denis/diploma_ws/install/bt/share/bt/environment/ament_prefix_path.sh
[0.324s] -- Up-to-date: /home/denis/diploma_ws/install/bt/share/bt/environment/ament_prefix_path.dsv
[0.324s] -- Up-to-date: /home/denis/diploma_ws/install/bt/share/bt/environment/path.sh
[0.324s] -- Up-to-date: /home/denis/diploma_ws/install/bt/share/bt/environment/path.dsv
[0.325s] -- Up-to-date: /home/denis/diploma_ws/install/bt/share/bt/local_setup.bash
[0.325s] -- Up-to-date: /home/denis/diploma_ws/install/bt/share/bt/local_setup.sh
[0.326s] -- Up-to-date: /home/denis/diploma_ws/install/bt/share/bt/local_setup.zsh
[0.326s] -- Up-to-date: /home/denis/diploma_ws/install/bt/share/bt/local_setup.dsv
[0.327s] -- Installing: /home/denis/diploma_ws/install/bt/share/bt/package.dsv
[0.328s] -- Up-to-date: /home/denis/diploma_ws/install/bt/share/ament_index/resource_index/packages/bt
[0.328s] -- Up-to-date: /home/denis/diploma_ws/install/bt/share/bt/cmake/btConfig.cmake
[0.328s] -- Up-to-date: /home/denis/diploma_ws/install/bt/share/bt/cmake/btConfig-version.cmake
[0.329s] -- Up-to-date: /home/denis/diploma_ws/install/bt/share/bt/package.xml
[0.338s] Invoked command in '/home/denis/diploma_ws/build/bt' returned '0': CMAKE_PREFIX_PATH=${CMAKE_PREFIX_PATH}:/opt/ros/humble /usr/bin/cmake --install /home/denis/diploma_ws/build/bt
