[0.146s] Invoking command in '/home/denis/diploma_ws/build/turtlebot3_fake_node': CMAKE_PREFIX_PATH=${CMAKE_PREFIX_PATH}:/opt/ros/humble /usr/bin/cmake --build /home/denis/diploma_ws/build/turtlebot3_fake_node -- -j4 -l4
[0.464s] [100%] Built target turtlebot3_fake_node
[0.523s] Invoked command in '/home/denis/diploma_ws/build/turtlebot3_fake_node' returned '0': CMAKE_PREFIX_PATH=${CMAKE_PREFIX_PATH}:/opt/ros/humble /usr/bin/cmake --build /home/denis/diploma_ws/build/turtlebot3_fake_node -- -j4 -l4
[0.962s] Invoking command in '/home/denis/diploma_ws/build/turtlebot3_fake_node': CMAKE_PREFIX_PATH=${CMAKE_PREFIX_PATH}:/opt/ros/humble /usr/bin/cmake --install /home/denis/diploma_ws/build/turtlebot3_fake_node
[1.015s] -- Install configuration: ""
[1.017s] -- Up-to-date: /home/denis/diploma_ws/install/turtlebot3_fake_node/lib/turtlebot3_fake_node/turtlebot3_fake_node
[1.019s] -- Up-to-date: /home/denis/diploma_ws/install/turtlebot3_fake_node/share/turtlebot3_fake_node/launch
[1.020s] -- Up-to-date: /home/denis/diploma_ws/install/turtlebot3_fake_node/share/turtlebot3_fake_node/launch/rviz2.launch.py
[1.020s] -- Up-to-date: /home/denis/diploma_ws/install/turtlebot3_fake_node/share/turtlebot3_fake_node/launch/turtlebot3_fake_node.launch.py
[1.021s] -- Up-to-date: /home/denis/diploma_ws/install/turtlebot3_fake_node/share/turtlebot3_fake_node/param
[1.022s] -- Up-to-date: /home/denis/diploma_ws/install/turtlebot3_fake_node/share/turtlebot3_fake_node/param/burger.yaml
[1.022s] -- Up-to-date: /home/denis/diploma_ws/install/turtlebot3_fake_node/share/turtlebot3_fake_node/param/waffle_pi.yaml
[1.023s] -- Up-to-date: /home/denis/diploma_ws/install/turtlebot3_fake_node/share/turtlebot3_fake_node/param/waffle.yaml
[1.023s] -- Up-to-date: /home/denis/diploma_ws/install/turtlebot3_fake_node/include/
[1.024s] -- Up-to-date: /home/denis/diploma_ws/install/turtlebot3_fake_node/include//turtlebot3_fake_node
[1.025s] -- Up-to-date: /home/denis/diploma_ws/install/turtlebot3_fake_node/include//turtlebot3_fake_node/turtlebot3_fake_node.hpp
[1.027s] -- Up-to-date: /home/denis/diploma_ws/install/turtlebot3_fake_node/share/ament_index/resource_index/package_run_dependencies/turtlebot3_fake_node
[1.028s] -- Up-to-date: /home/denis/diploma_ws/install/turtlebot3_fake_node/share/ament_index/resource_index/parent_prefix_path/turtlebot3_fake_node
[1.028s] -- Up-to-date: /home/denis/diploma_ws/install/turtlebot3_fake_node/share/turtlebot3_fake_node/environment/ament_prefix_path.sh
[1.029s] -- Up-to-date: /home/denis/diploma_ws/install/turtlebot3_fake_node/share/turtlebot3_fake_node/environment/ament_prefix_path.dsv
[1.029s] -- Up-to-date: /home/denis/diploma_ws/install/turtlebot3_fake_node/share/turtlebot3_fake_node/environment/path.sh
[1.030s] -- Up-to-date: /home/denis/diploma_ws/install/turtlebot3_fake_node/share/turtlebot3_fake_node/environment/path.dsv
[1.031s] -- Up-to-date: /home/denis/diploma_ws/install/turtlebot3_fake_node/share/turtlebot3_fake_node/local_setup.bash
[1.031s] -- Up-to-date: /home/denis/diploma_ws/install/turtlebot3_fake_node/share/turtlebot3_fake_node/local_setup.sh
[1.032s] -- Up-to-date: /home/denis/diploma_ws/install/turtlebot3_fake_node/share/turtlebot3_fake_node/local_setup.zsh
[1.033s] -- Up-to-date: /home/denis/diploma_ws/install/turtlebot3_fake_node/share/turtlebot3_fake_node/local_setup.dsv
[1.034s] -- Installing: /home/denis/diploma_ws/install/turtlebot3_fake_node/share/turtlebot3_fake_node/package.dsv
[1.035s] -- Up-to-date: /home/denis/diploma_ws/install/turtlebot3_fake_node/share/ament_index/resource_index/packages/turtlebot3_fake_node
[1.037s] -- Up-to-date: /home/denis/diploma_ws/install/turtlebot3_fake_node/share/turtlebot3_fake_node/cmake/ament_cmake_export_include_directories-extras.cmake
[1.038s] -- Up-to-date: /home/denis/diploma_ws/install/turtlebot3_fake_node/share/turtlebot3_fake_node/cmake/ament_cmake_export_dependencies-extras.cmake
[1.038s] -- Up-to-date: /home/denis/diploma_ws/install/turtlebot3_fake_node/share/turtlebot3_fake_node/cmake/turtlebot3_fake_nodeConfig.cmake
[1.039s] -- Up-to-date: /home/denis/diploma_ws/install/turtlebot3_fake_node/share/turtlebot3_fake_node/cmake/turtlebot3_fake_nodeConfig-version.cmake
[1.039s] -- Up-to-date: /home/denis/diploma_ws/install/turtlebot3_fake_node/share/turtlebot3_fake_node/package.xml
[1.051s] Invoked command in '/home/denis/diploma_ws/build/turtlebot3_fake_node' returned '0': CMAKE_PREFIX_PATH=${CMAKE_PREFIX_PATH}:/opt/ros/humble /usr/bin/cmake --install /home/denis/diploma_ws/build/turtlebot3_fake_node
