-- Found ament_cmake: 1.3.8 (/opt/ros/humble/share/ament_cmake/cmake)
-- Found rclcpp: 16.0.8 (/opt/ros/humble/share/rclcpp/cmake)
-- Found rosidl_generator_c: 3.1.5 (/opt/ros/humble/share/rosidl_generator_c/cmake)
-- Found rosidl_adapter: 3.1.5 (/opt/ros/humble/share/rosidl_adapter/cmake)
-- Found rosidl_generator_cpp: 3.1.5 (/opt/ros/humble/share/rosidl_generator_cpp/cmake)
-- Using all available rosidl_typesupport_c: rosidl_typesupport_fastrtps_c;rosidl_typesupport_introspection_c
-- Using all available rosidl_typesupport_cpp: rosidl_typesupport_fastrtps_cpp;rosidl_typesupport_introspection_cpp
-- Found rmw_implementation_cmake: 6.1.1 (/opt/ros/humble/share/rmw_implementation_cmake/cmake)
-- Found rmw_cyclonedds_cpp: 1.3.4 (/opt/ros/humble/share/rmw_cyclonedds_cpp/cmake)
-- Using RMW implementation 'rmw_cyclonedds_cpp' as default
-- Found sensor_msgs: 4.2.3 (/opt/ros/humble/share/sensor_msgs/cmake)
-- Found std_srvs: 4.2.3 (/opt/ros/humble/share/std_srvs/cmake)
-- Found ament_lint_auto: 0.12.10 (/opt/ros/humble/share/ament_lint_auto/cmake)
-- Added test 'cppcheck' to perform static code analysis on C / C++ code
-- Configured cppcheck include dirs: /home/denis/diploma_ws/src/ssu/include/ssu;$<BUILD_INTERFACE:/home/denis/diploma_ws/src/ssu/include>
-- Configured cppcheck exclude dirs and/or files: 
-- Added test 'flake8' to check Python code syntax and style conventions
-- Added test 'lint_cmake' to check CMake code style
-- Added test 'pep257' to check Python code against some of the docstring style conventions in PEP 257
-- Added test 'uncrustify' to check C / C++ code style
-- Configured uncrustify additional arguments: 
-- Added test 'xmllint' to check XML markup files
-- Configuring done
-- Generating done
-- Build files have been written to: /home/denis/diploma_ws/build/ssu
[35m[1mConsolidate compiler generated dependencies of target sensor_supervisitory_unit[0m
[100%] Built target sensor_supervisitory_unit
-- Install configuration: ""
-- Up-to-date: /home/denis/diploma_ws/install/ssu/lib/ssu/sensor_supervisitory_unit
-- Installing: /home/denis/diploma_ws/install/ssu/share/ssu/launch
-- Installing: /home/denis/diploma_ws/install/ssu/share/ssu/launch/sensor_supervisitory_unit.launch.py
-- Up-to-date: /home/denis/diploma_ws/install/ssu/share/ament_index/resource_index/package_run_dependencies/ssu
-- Installing: /home/denis/diploma_ws/install/ssu/share/ament_index/resource_index/parent_prefix_path/ssu
-- Up-to-date: /home/denis/diploma_ws/install/ssu/share/ssu/environment/ament_prefix_path.sh
-- Installing: /home/denis/diploma_ws/install/ssu/share/ssu/environment/ament_prefix_path.dsv
-- Up-to-date: /home/denis/diploma_ws/install/ssu/share/ssu/environment/path.sh
-- Installing: /home/denis/diploma_ws/install/ssu/share/ssu/environment/path.dsv
-- Up-to-date: /home/denis/diploma_ws/install/ssu/share/ssu/local_setup.bash
-- Up-to-date: /home/denis/diploma_ws/install/ssu/share/ssu/local_setup.sh
-- Up-to-date: /home/denis/diploma_ws/install/ssu/share/ssu/local_setup.zsh
-- Installing: /home/denis/diploma_ws/install/ssu/share/ssu/local_setup.dsv
-- Installing: /home/denis/diploma_ws/install/ssu/share/ssu/package.dsv
-- Up-to-date: /home/denis/diploma_ws/install/ssu/share/ament_index/resource_index/packages/ssu
-- Up-to-date: /home/denis/diploma_ws/install/ssu/share/ssu/cmake/ssuConfig.cmake
-- Up-to-date: /home/denis/diploma_ws/install/ssu/share/ssu/cmake/ssuConfig-version.cmake
-- Up-to-date: /home/denis/diploma_ws/install/ssu/share/ssu/package.xml
