[0.026s] Invoking command in '/home/denis/diploma_ws/build/ssu': CMAKE_PREFIX_PATH=${CMAKE_PREFIX_PATH}:/opt/ros/humble /usr/bin/cmake --build /home/denis/diploma_ws/build/ssu -- -j4 -l4
[0.105s] -- Found ament_cmake: 1.3.8 (/opt/ros/humble/share/ament_cmake/cmake)
[0.538s] -- Found rclcpp: 16.0.8 (/opt/ros/humble/share/rclcpp/cmake)
[0.659s] -- Found rosidl_generator_c: 3.1.5 (/opt/ros/humble/share/rosidl_generator_c/cmake)
[0.675s] -- Found rosidl_adapter: 3.1.5 (/opt/ros/humble/share/rosidl_adapter/cmake)
[0.705s] -- Found rosidl_generator_cpp: 3.1.5 (/opt/ros/humble/share/rosidl_generator_cpp/cmake)
[0.759s] -- Using all available rosidl_typesupport_c: rosidl_typesupport_fastrtps_c;rosidl_typesupport_introspection_c
[0.833s] -- Using all available rosidl_typesupport_cpp: rosidl_typesupport_fastrtps_cpp;rosidl_typesupport_introspection_cpp
[1.071s] -- Found rmw_implementation_cmake: 6.1.1 (/opt/ros/humble/share/rmw_implementation_cmake/cmake)
[1.079s] -- Found rmw_cyclonedds_cpp: 1.3.4 (/opt/ros/humble/share/rmw_cyclonedds_cpp/cmake)
[1.234s] -- Using RMW implementation 'rmw_cyclonedds_cpp' as default
[1.822s] -- Found sensor_msgs: 4.2.3 (/opt/ros/humble/share/sensor_msgs/cmake)
[2.228s] -- Found std_srvs: 4.2.3 (/opt/ros/humble/share/std_srvs/cmake)
[2.288s] -- Found ament_lint_auto: 0.12.10 (/opt/ros/humble/share/ament_lint_auto/cmake)
[2.474s] -- Added test 'cppcheck' to perform static code analysis on C / C++ code
[2.475s] -- Configured cppcheck include dirs: /home/denis/diploma_ws/src/ssu/include/ssu;$<BUILD_INTERFACE:/home/denis/diploma_ws/src/ssu/include>
[2.475s] -- Configured cppcheck exclude dirs and/or files: 
[2.476s] -- Added test 'flake8' to check Python code syntax and style conventions
[2.478s] -- Added test 'lint_cmake' to check CMake code style
[2.479s] -- Added test 'pep257' to check Python code against some of the docstring style conventions in PEP 257
[2.483s] -- Added test 'uncrustify' to check C / C++ code style
[2.483s] -- Configured uncrustify additional arguments: 
[2.484s] -- Added test 'xmllint' to check XML markup files
[2.487s] -- Configuring done
[2.518s] -- Generating done
[2.522s] -- Build files have been written to: /home/denis/diploma_ws/build/ssu
[2.571s] [35m[1mConsolidate compiler generated dependencies of target sensor_supervisitory_unit[0m
[2.609s] [100%] Built target sensor_supervisitory_unit
[2.637s] Invoked command in '/home/denis/diploma_ws/build/ssu' returned '0': CMAKE_PREFIX_PATH=${CMAKE_PREFIX_PATH}:/opt/ros/humble /usr/bin/cmake --build /home/denis/diploma_ws/build/ssu -- -j4 -l4
[2.690s] Invoking command in '/home/denis/diploma_ws/build/ssu': CMAKE_PREFIX_PATH=${CMAKE_PREFIX_PATH}:/opt/ros/humble /usr/bin/cmake --install /home/denis/diploma_ws/build/ssu
[2.703s] -- Install configuration: ""
[2.704s] -- Up-to-date: /home/denis/diploma_ws/install/ssu/lib/ssu/sensor_supervisitory_unit
[2.704s] -- Installing: /home/denis/diploma_ws/install/ssu/share/ssu/launch
[2.705s] -- Installing: /home/denis/diploma_ws/install/ssu/share/ssu/launch/sensor_supervisitory_unit.launch.py
[2.705s] -- Up-to-date: /home/denis/diploma_ws/install/ssu/share/ament_index/resource_index/package_run_dependencies/ssu
[2.705s] -- Installing: /home/denis/diploma_ws/install/ssu/share/ament_index/resource_index/parent_prefix_path/ssu
[2.706s] -- Up-to-date: /home/denis/diploma_ws/install/ssu/share/ssu/environment/ament_prefix_path.sh
[2.706s] -- Installing: /home/denis/diploma_ws/install/ssu/share/ssu/environment/ament_prefix_path.dsv
[2.710s] -- Up-to-date: /home/denis/diploma_ws/install/ssu/share/ssu/environment/path.sh
[2.710s] -- Installing: /home/denis/diploma_ws/install/ssu/share/ssu/environment/path.dsv
[2.711s] -- Up-to-date: /home/denis/diploma_ws/install/ssu/share/ssu/local_setup.bash
[2.711s] -- Up-to-date: /home/denis/diploma_ws/install/ssu/share/ssu/local_setup.sh
[2.711s] -- Up-to-date: /home/denis/diploma_ws/install/ssu/share/ssu/local_setup.zsh
[2.711s] -- Installing: /home/denis/diploma_ws/install/ssu/share/ssu/local_setup.dsv
[2.714s] -- Installing: /home/denis/diploma_ws/install/ssu/share/ssu/package.dsv
[2.714s] -- Up-to-date: /home/denis/diploma_ws/install/ssu/share/ament_index/resource_index/packages/ssu
[2.715s] -- Up-to-date: /home/denis/diploma_ws/install/ssu/share/ssu/cmake/ssuConfig.cmake
[2.715s] -- Up-to-date: /home/denis/diploma_ws/install/ssu/share/ssu/cmake/ssuConfig-version.cmake
[2.715s] -- Up-to-date: /home/denis/diploma_ws/install/ssu/share/ssu/package.xml
[2.715s] Invoked command in '/home/denis/diploma_ws/build/ssu' returned '0': CMAKE_PREFIX_PATH=${CMAKE_PREFIX_PATH}:/opt/ros/humble /usr/bin/cmake --install /home/denis/diploma_ws/build/ssu
