[0.055s] Invoking command in '/home/denis/diploma_ws/src/build/ssu': CMAKE_PREFIX_PATH=${CMAKE_PREFIX_PATH}:/opt/ros/humble /usr/bin/cmake --build /home/denis/diploma_ws/src/build/ssu -- -j4 -l4
[0.469s] [35m[1mConsolidate compiler generated dependencies of target sensor_supervisitory_unit[0m
[0.604s] [100%] Built target sensor_supervisitory_unit
[0.661s] Invoked command in '/home/denis/diploma_ws/src/build/ssu' returned '0': CMAKE_PREFIX_PATH=${CMAKE_PREFIX_PATH}:/opt/ros/humble /usr/bin/cmake --build /home/denis/diploma_ws/src/build/ssu -- -j4 -l4
[0.989s] Invoking command in '/home/denis/diploma_ws/src/build/ssu': CMAKE_PREFIX_PATH=${CMAKE_PREFIX_PATH}:/opt/ros/humble /usr/bin/cmake --install /home/denis/diploma_ws/src/build/ssu
[1.053s] -- Install configuration: ""
[1.054s] -- Up-to-date: /home/denis/diploma_ws/src/install/ssu/lib/ssu/sensor_supervisitory_unit
[1.054s] -- Up-to-date: /home/denis/diploma_ws/src/install/ssu/share/ament_index/resource_index/package_run_dependencies/ssu
[1.055s] -- Up-to-date: /home/denis/diploma_ws/src/install/ssu/share/ament_index/resource_index/parent_prefix_path/ssu
[1.055s] -- Up-to-date: /home/denis/diploma_ws/src/install/ssu/share/ssu/environment/ament_prefix_path.sh
[1.055s] -- Up-to-date: /home/denis/diploma_ws/src/install/ssu/share/ssu/environment/ament_prefix_path.dsv
[1.055s] -- Up-to-date: /home/denis/diploma_ws/src/install/ssu/share/ssu/environment/path.sh
[1.056s] -- Up-to-date: /home/denis/diploma_ws/src/install/ssu/share/ssu/environment/path.dsv
[1.056s] -- Up-to-date: /home/denis/diploma_ws/src/install/ssu/share/ssu/local_setup.bash
[1.056s] -- Up-to-date: /home/denis/diploma_ws/src/install/ssu/share/ssu/local_setup.sh
[1.056s] -- Up-to-date: /home/denis/diploma_ws/src/install/ssu/share/ssu/local_setup.zsh
[1.056s] -- Up-to-date: /home/denis/diploma_ws/src/install/ssu/share/ssu/local_setup.dsv
[1.057s] -- Installing: /home/denis/diploma_ws/src/install/ssu/share/ssu/package.dsv
[1.057s] -- Up-to-date: /home/denis/diploma_ws/src/install/ssu/share/ament_index/resource_index/packages/ssu
[1.057s] -- Up-to-date: /home/denis/diploma_ws/src/install/ssu/share/ssu/cmake/ssuConfig.cmake
[1.058s] -- Up-to-date: /home/denis/diploma_ws/src/install/ssu/share/ssu/cmake/ssuConfig-version.cmake
[1.058s] -- Up-to-date: /home/denis/diploma_ws/src/install/ssu/share/ssu/package.xml
[1.074s] Invoked command in '/home/denis/diploma_ws/src/build/ssu' returned '0': CMAKE_PREFIX_PATH=${CMAKE_PREFIX_PATH}:/opt/ros/humble /usr/bin/cmake --install /home/denis/diploma_ws/src/build/ssu
