[0.044s] Invoking command in '/home/denis/diploma_ws/src/build/turtlebot3_navigation2': CMAKE_PREFIX_PATH=${CMAKE_PREFIX_PATH}:/opt/ros/humble /usr/bin/cmake /home/denis/diploma_ws/src/turtlebot3_navigation2 -DCMAKE_INSTALL_PREFIX=/home/denis/diploma_ws/src/install/turtlebot3_navigation2
[0.343s] -- The C compiler identification is GNU 11.4.0
[0.715s] -- The CXX compiler identification is GNU 11.4.0
[0.741s] -- Detecting C compiler ABI info
[1.191s] -- Detecting C compiler ABI info - done
[1.229s] -- Check for working C compiler: /usr/bin/cc - skipped
[1.230s] -- Detecting C compile features
[1.231s] -- Detecting C compile features - done
[1.238s] -- Detecting CXX compiler ABI info
[1.835s] -- Detecting CXX compiler ABI info - done
[1.864s] -- Check for working CXX compiler: /usr/bin/c++ - skipped
[1.869s] -- Detecting CXX compile features
[1.878s] -- Detecting CXX compile features - done
[1.888s] -- Found ament_cmake: 1.3.8 (/opt/ros/humble/share/ament_cmake/cmake)
[2.689s] -- Found Python3: /usr/bin/python3 (found version "3.10.12") found components: Interpreter 
[3.408s] -- Configuring done
[3.423s] -- Generating done
[3.430s] -- Build files have been written to: /home/denis/diploma_ws/src/build/turtlebot3_navigation2
[3.476s] Invoked command in '/home/denis/diploma_ws/src/build/turtlebot3_navigation2' returned '0': CMAKE_PREFIX_PATH=${CMAKE_PREFIX_PATH}:/opt/ros/humble /usr/bin/cmake /home/denis/diploma_ws/src/turtlebot3_navigation2 -DCMAKE_INSTALL_PREFIX=/home/denis/diploma_ws/src/install/turtlebot3_navigation2
[3.477s] Invoking command in '/home/denis/diploma_ws/src/build/turtlebot3_navigation2': CMAKE_PREFIX_PATH=${CMAKE_PREFIX_PATH}:/opt/ros/humble /usr/bin/cmake --build /home/denis/diploma_ws/src/build/turtlebot3_navigation2 -- -j4 -l4
[3.735s] Invoked command in '/home/denis/diploma_ws/src/build/turtlebot3_navigation2' returned '0': CMAKE_PREFIX_PATH=${CMAKE_PREFIX_PATH}:/opt/ros/humble /usr/bin/cmake --build /home/denis/diploma_ws/src/build/turtlebot3_navigation2 -- -j4 -l4
[4.001s] Invoking command in '/home/denis/diploma_ws/src/build/turtlebot3_navigation2': CMAKE_PREFIX_PATH=${CMAKE_PREFIX_PATH}:/opt/ros/humble /usr/bin/cmake --install /home/denis/diploma_ws/src/build/turtlebot3_navigation2
[4.041s] -- Install configuration: ""
[4.041s] -- Installing: /home/denis/diploma_ws/src/install/turtlebot3_navigation2/share/turtlebot3_navigation2/launch
[4.044s] -- Installing: /home/denis/diploma_ws/src/install/turtlebot3_navigation2/share/turtlebot3_navigation2/launch/navigation2.launch.py
[4.051s] -- Installing: /home/denis/diploma_ws/src/install/turtlebot3_navigation2/share/turtlebot3_navigation2/map
[4.052s] -- Installing: /home/denis/diploma_ws/src/install/turtlebot3_navigation2/share/turtlebot3_navigation2/map/map.pgm
[4.067s] -- Installing: /home/denis/diploma_ws/src/install/turtlebot3_navigation2/share/turtlebot3_navigation2/map/map.yaml
[4.068s] -- Installing: /home/denis/diploma_ws/src/install/turtlebot3_navigation2/share/turtlebot3_navigation2/param
[4.069s] -- Installing: /home/denis/diploma_ws/src/install/turtlebot3_navigation2/share/turtlebot3_navigation2/param/waffle_pi.yaml
[4.070s] -- Installing: /home/denis/diploma_ws/src/install/turtlebot3_navigation2/share/turtlebot3_navigation2/rviz
[4.070s] -- Installing: /home/denis/diploma_ws/src/install/turtlebot3_navigation2/share/turtlebot3_navigation2/rviz/tb3_navigation2.rviz
[4.073s] -- Installing: /home/denis/diploma_ws/src/install/turtlebot3_navigation2/share/ament_index/resource_index/package_run_dependencies/turtlebot3_navigation2
[4.073s] -- Installing: /home/denis/diploma_ws/src/install/turtlebot3_navigation2/share/ament_index/resource_index/parent_prefix_path/turtlebot3_navigation2
[4.073s] -- Installing: /home/denis/diploma_ws/src/install/turtlebot3_navigation2/share/turtlebot3_navigation2/environment/ament_prefix_path.sh
[4.074s] -- Installing: /home/denis/diploma_ws/src/install/turtlebot3_navigation2/share/turtlebot3_navigation2/environment/ament_prefix_path.dsv
[4.074s] -- Installing: /home/denis/diploma_ws/src/install/turtlebot3_navigation2/share/turtlebot3_navigation2/environment/path.sh
[4.074s] -- Installing: /home/denis/diploma_ws/src/install/turtlebot3_navigation2/share/turtlebot3_navigation2/environment/path.dsv
[4.075s] -- Installing: /home/denis/diploma_ws/src/install/turtlebot3_navigation2/share/turtlebot3_navigation2/local_setup.bash
[4.075s] -- Installing: /home/denis/diploma_ws/src/install/turtlebot3_navigation2/share/turtlebot3_navigation2/local_setup.sh
[4.078s] -- Installing: /home/denis/diploma_ws/src/install/turtlebot3_navigation2/share/turtlebot3_navigation2/local_setup.zsh
[4.078s] -- Installing: /home/denis/diploma_ws/src/install/turtlebot3_navigation2/share/turtlebot3_navigation2/local_setup.dsv
[4.079s] -- Installing: /home/denis/diploma_ws/src/install/turtlebot3_navigation2/share/turtlebot3_navigation2/package.dsv
[4.079s] -- Installing: /home/denis/diploma_ws/src/install/turtlebot3_navigation2/share/ament_index/resource_index/packages/turtlebot3_navigation2
[4.079s] -- Installing: /home/denis/diploma_ws/src/install/turtlebot3_navigation2/share/turtlebot3_navigation2/cmake/turtlebot3_navigation2Config.cmake
[4.079s] -- Installing: /home/denis/diploma_ws/src/install/turtlebot3_navigation2/share/turtlebot3_navigation2/cmake/turtlebot3_navigation2Config-version.cmake
[4.079s] -- Installing: /home/denis/diploma_ws/src/install/turtlebot3_navigation2/share/turtlebot3_navigation2/package.xml
[4.091s] Invoked command in '/home/denis/diploma_ws/src/build/turtlebot3_navigation2' returned '0': CMAKE_PREFIX_PATH=${CMAKE_PREFIX_PATH}:/opt/ros/humble /usr/bin/cmake --install /home/denis/diploma_ws/src/build/turtlebot3_navigation2
