[0.070s] Invoking command in '/home/denis/diploma_ws/build/behaviortree_cpp_v3': CMAKE_PREFIX_PATH=${CMAKE_PREFIX_PATH}:/opt/ros/humble /usr/bin/cmake --build /home/denis/diploma_ws/build/behaviortree_cpp_v3 -- -j4 -l4
[0.507s] [  2%] Built target gtest_main
[0.561s] [  4%] Built target gtest
[0.563s] [ 38%] Built target behaviortree_cpp_v3
[0.745s] [ 40%] Built target crossdoor_nodes_dyn
[0.766s] [ 44%] Built target bt_sample_nodes
[0.802s] [ 46%] Built target movebase_node_dyn
[0.854s] [ 48%] Built target dummy_nodes_dyn
[0.920s] [ 51%] Built target bt3_log_cat
[0.950s] [ 53%] Built target bt3_recorder
[0.975s] [ 55%] Built target bt3_plugin_manifest
[1.048s] [ 57%] Built target t01_first_tree_static
[1.086s] [ 59%] Built target t02_basic_ports
[1.086s] [ 61%] Built target t01_first_tree_dynamic
[1.170s] [ 63%] Built target t04_reactive_sequence
[1.194s] [ 65%] Built target t03_generic_ports
[1.252s] [ 67%] Built target t06_subtree_port_remapping
[1.257s] [ 69%] Built target t05_crossdoor
[1.375s] [ 71%] Built target ex01_wrap_legacy
[1.380s] [ 73%] Built target t08_additional_node_args
[1.418s] [ 75%] Built target t07_load_multiple_xml
[1.450s] [ 77%] Built target ex02_runtime_ports
[1.581s] [ 79%] Built target ex04_waypoints
[1.664s] [ 81%] Built target ex03_ncurses_manual_selector
[1.754s] [100%] Built target behaviortree_cpp_v3_test
[1.824s] Invoked command in '/home/denis/diploma_ws/build/behaviortree_cpp_v3' returned '0': CMAKE_PREFIX_PATH=${CMAKE_PREFIX_PATH}:/opt/ros/humble /usr/bin/cmake --build /home/denis/diploma_ws/build/behaviortree_cpp_v3 -- -j4 -l4
[2.622s] Invoking command in '/home/denis/diploma_ws/build/behaviortree_cpp_v3': CMAKE_PREFIX_PATH=${CMAKE_PREFIX_PATH}:/opt/ros/humble /usr/bin/cmake --install /home/denis/diploma_ws/build/behaviortree_cpp_v3
[2.658s] -- Install configuration: ""
[2.658s] -- Up-to-date: /home/denis/diploma_ws/install/behaviortree_cpp_v3/share/behaviortree_cpp_v3/environment/library_path.sh
[2.658s] -- Up-to-date: /home/denis/diploma_ws/install/behaviortree_cpp_v3/share/behaviortree_cpp_v3/environment/library_path.dsv
[2.659s] -- Up-to-date: /home/denis/diploma_ws/install/behaviortree_cpp_v3/share/ament_index/resource_index/package_run_dependencies/behaviortree_cpp_v3
[2.659s] -- Up-to-date: /home/denis/diploma_ws/install/behaviortree_cpp_v3/share/ament_index/resource_index/parent_prefix_path/behaviortree_cpp_v3
[2.659s] -- Up-to-date: /home/denis/diploma_ws/install/behaviortree_cpp_v3/share/behaviortree_cpp_v3/environment/ament_prefix_path.sh
[2.659s] -- Up-to-date: /home/denis/diploma_ws/install/behaviortree_cpp_v3/share/behaviortree_cpp_v3/environment/ament_prefix_path.dsv
[2.660s] -- Up-to-date: /home/denis/diploma_ws/install/behaviortree_cpp_v3/share/behaviortree_cpp_v3/environment/path.sh
[2.660s] -- Up-to-date: /home/denis/diploma_ws/install/behaviortree_cpp_v3/share/behaviortree_cpp_v3/environment/path.dsv
[2.660s] -- Up-to-date: /home/denis/diploma_ws/install/behaviortree_cpp_v3/share/behaviortree_cpp_v3/local_setup.bash
[2.670s] -- Up-to-date: /home/denis/diploma_ws/install/behaviortree_cpp_v3/share/behaviortree_cpp_v3/local_setup.sh
[2.671s] -- Up-to-date: /home/denis/diploma_ws/install/behaviortree_cpp_v3/share/behaviortree_cpp_v3/local_setup.zsh
[2.671s] -- Up-to-date: /home/denis/diploma_ws/install/behaviortree_cpp_v3/share/behaviortree_cpp_v3/local_setup.dsv
[2.671s] -- Installing: /home/denis/diploma_ws/install/behaviortree_cpp_v3/share/behaviortree_cpp_v3/package.dsv
[2.671s] -- Up-to-date: /home/denis/diploma_ws/install/behaviortree_cpp_v3/share/ament_index/resource_index/packages/behaviortree_cpp_v3
[2.671s] -- Up-to-date: /home/denis/diploma_ws/install/behaviortree_cpp_v3/share/behaviortree_cpp_v3/cmake/ament_cmake_export_dependencies-extras.cmake
[2.672s] -- Up-to-date: /home/denis/diploma_ws/install/behaviortree_cpp_v3/share/behaviortree_cpp_v3/cmake/ament_cmake_export_include_directories-extras.cmake
[2.672s] -- Up-to-date: /home/denis/diploma_ws/install/behaviortree_cpp_v3/share/behaviortree_cpp_v3/cmake/ament_cmake_export_libraries-extras.cmake
[2.672s] -- Up-to-date: /home/denis/diploma_ws/install/behaviortree_cpp_v3/share/behaviortree_cpp_v3/cmake/behaviortree_cpp_v3Config.cmake
[2.672s] -- Up-to-date: /home/denis/diploma_ws/install/behaviortree_cpp_v3/share/behaviortree_cpp_v3/cmake/behaviortree_cpp_v3Config-version.cmake
[2.672s] -- Up-to-date: /home/denis/diploma_ws/install/behaviortree_cpp_v3/share/behaviortree_cpp_v3/package.xml
[2.672s] -- Up-to-date: /home/denis/diploma_ws/install/behaviortree_cpp_v3/include
[2.673s] -- Up-to-date: /home/denis/diploma_ws/install/behaviortree_cpp_v3/include/behaviortree_cpp_v3
[2.675s] -- Up-to-date: /home/denis/diploma_ws/install/behaviortree_cpp_v3/include/behaviortree_cpp_v3/bt_factory.h
[2.677s] -- Up-to-date: /home/denis/diploma_ws/install/behaviortree_cpp_v3/include/behaviortree_cpp_v3/behavior_tree.h
[2.677s] -- Up-to-date: /home/denis/diploma_ws/install/behaviortree_cpp_v3/include/behaviortree_cpp_v3/decorators
[2.677s] -- Up-to-date: /home/denis/diploma_ws/install/behaviortree_cpp_v3/include/behaviortree_cpp_v3/decorators/force_failure_node.h
[2.678s] -- Up-to-date: /home/denis/diploma_ws/install/behaviortree_cpp_v3/include/behaviortree_cpp_v3/decorators/delay_node.h
[2.678s] -- Up-to-date: /home/denis/diploma_ws/install/behaviortree_cpp_v3/include/behaviortree_cpp_v3/decorators/subtree_node.h
[2.678s] -- Up-to-date: /home/denis/diploma_ws/install/behaviortree_cpp_v3/include/behaviortree_cpp_v3/decorators/retry_node.h
[2.678s] -- Up-to-date: /home/denis/diploma_ws/install/behaviortree_cpp_v3/include/behaviortree_cpp_v3/decorators/repeat_node.h
[2.678s] -- Up-to-date: /home/denis/diploma_ws/install/behaviortree_cpp_v3/include/behaviortree_cpp_v3/decorators/timeout_node.h
[2.679s] -- Up-to-date: /home/denis/diploma_ws/install/behaviortree_cpp_v3/include/behaviortree_cpp_v3/decorators/keep_running_until_failure_node.h
[2.679s] -- Up-to-date: /home/denis/diploma_ws/install/behaviortree_cpp_v3/include/behaviortree_cpp_v3/decorators/force_success_node.h
[2.682s] -- Up-to-date: /home/denis/diploma_ws/install/behaviortree_cpp_v3/include/behaviortree_cpp_v3/decorators/inverter_node.h
[2.683s] -- Up-to-date: /home/denis/diploma_ws/install/behaviortree_cpp_v3/include/behaviortree_cpp_v3/decorators/consume_queue.h
[2.684s] -- Up-to-date: /home/denis/diploma_ws/install/behaviortree_cpp_v3/include/behaviortree_cpp_v3/decorators/timer_queue.h
[2.685s] -- Up-to-date: /home/denis/diploma_ws/install/behaviortree_cpp_v3/include/behaviortree_cpp_v3/decorators/blackboard_precondition.h
[2.685s] -- Up-to-date: /home/denis/diploma_ws/install/behaviortree_cpp_v3/include/behaviortree_cpp_v3/flatbuffers
[2.685s] -- Up-to-date: /home/denis/diploma_ws/install/behaviortree_cpp_v3/include/behaviortree_cpp_v3/flatbuffers/stl_emulation.h
[2.686s] -- Up-to-date: /home/denis/diploma_ws/install/behaviortree_cpp_v3/include/behaviortree_cpp_v3/flatbuffers/bt_flatbuffer_helper.h
[2.686s] -- Up-to-date: /home/denis/diploma_ws/install/behaviortree_cpp_v3/include/behaviortree_cpp_v3/flatbuffers/BT_logger_generated.h
[2.686s] -- Up-to-date: /home/denis/diploma_ws/install/behaviortree_cpp_v3/include/behaviortree_cpp_v3/flatbuffers/flatbuffers.h
[2.687s] -- Up-to-date: /home/denis/diploma_ws/install/behaviortree_cpp_v3/include/behaviortree_cpp_v3/flatbuffers/base.h
[2.687s] -- Up-to-date: /home/denis/diploma_ws/install/behaviortree_cpp_v3/include/behaviortree_cpp_v3/action_node.h
[2.687s] -- Up-to-date: /home/denis/diploma_ws/install/behaviortree_cpp_v3/include/behaviortree_cpp_v3/decorator_node.h
[2.688s] -- Up-to-date: /home/denis/diploma_ws/install/behaviortree_cpp_v3/include/behaviortree_cpp_v3/xml_parsing.h
[2.688s] -- Up-to-date: /home/denis/diploma_ws/install/behaviortree_cpp_v3/include/behaviortree_cpp_v3/blackboard.h
[2.689s] -- Up-to-date: /home/denis/diploma_ws/install/behaviortree_cpp_v3/include/behaviortree_cpp_v3/loggers
[2.689s] -- Up-to-date: /home/denis/diploma_ws/install/behaviortree_cpp_v3/include/behaviortree_cpp_v3/loggers/bt_file_logger.h
[2.689s] -- Up-to-date: /home/denis/diploma_ws/install/behaviortree_cpp_v3/include/behaviortree_cpp_v3/loggers/bt_cout_logger.h
[2.690s] -- Up-to-date: /home/denis/diploma_ws/install/behaviortree_cpp_v3/include/behaviortree_cpp_v3/loggers/abstract_logger.h
[2.690s] -- Up-to-date: /home/denis/diploma_ws/install/behaviortree_cpp_v3/include/behaviortree_cpp_v3/loggers/bt_minitrace_logger.h
[2.691s] -- Up-to-date: /home/denis/diploma_ws/install/behaviortree_cpp_v3/include/behaviortree_cpp_v3/loggers/bt_zmq_publisher.h
[2.691s] -- Up-to-date: /home/denis/diploma_ws/install/behaviortree_cpp_v3/include/behaviortree_cpp_v3/control_node.h
[2.691s] -- Up-to-date: /home/denis/diploma_ws/install/behaviortree_cpp_v3/include/behaviortree_cpp_v3/exceptions.h
[2.692s] -- Up-to-date: /home/denis/diploma_ws/install/behaviortree_cpp_v3/include/behaviortree_cpp_v3/controls
[2.692s] -- Up-to-date: /home/denis/diploma_ws/install/behaviortree_cpp_v3/include/behaviortree_cpp_v3/controls/if_then_else_node.h
[2.693s] -- Up-to-date: /home/denis/diploma_ws/install/behaviortree_cpp_v3/include/behaviortree_cpp_v3/controls/sequence_node.h
[2.693s] -- Up-to-date: /home/denis/diploma_ws/install/behaviortree_cpp_v3/include/behaviortree_cpp_v3/controls/reactive_sequence.h
[2.693s] -- Up-to-date: /home/denis/diploma_ws/install/behaviortree_cpp_v3/include/behaviortree_cpp_v3/controls/reactive_fallback.h
[2.694s] -- Up-to-date: /home/denis/diploma_ws/install/behaviortree_cpp_v3/include/behaviortree_cpp_v3/controls/while_do_else_node.h
[2.694s] -- Up-to-date: /home/denis/diploma_ws/install/behaviortree_cpp_v3/include/behaviortree_cpp_v3/controls/fallback_node.h
[2.694s] -- Up-to-date: /home/denis/diploma_ws/install/behaviortree_cpp_v3/include/behaviortree_cpp_v3/controls/manual_node.h
[2.695s] -- Up-to-date: /home/denis/diploma_ws/install/behaviortree_cpp_v3/include/behaviortree_cpp_v3/controls/parallel_node.h
[2.695s] -- Up-to-date: /home/denis/diploma_ws/install/behaviortree_cpp_v3/include/behaviortree_cpp_v3/controls/sequence_star_node.h
[2.695s] -- Up-to-date: /home/denis/diploma_ws/install/behaviortree_cpp_v3/include/behaviortree_cpp_v3/controls/switch_node.h
[2.695s] -- Up-to-date: /home/denis/diploma_ws/install/behaviortree_cpp_v3/include/behaviortree_cpp_v3/actions
[2.695s] -- Up-to-date: /home/denis/diploma_ws/install/behaviortree_cpp_v3/include/behaviortree_cpp_v3/actions/always_success_node.h
[2.696s] -- Up-to-date: /home/denis/diploma_ws/install/behaviortree_cpp_v3/include/behaviortree_cpp_v3/actions/set_blackboard_node.h
[2.696s] -- Up-to-date: /home/denis/diploma_ws/install/behaviortree_cpp_v3/include/behaviortree_cpp_v3/actions/always_failure_node.h
[2.696s] -- Up-to-date: /home/denis/diploma_ws/install/behaviortree_cpp_v3/include/behaviortree_cpp_v3/actions/pop_from_queue.hpp
[2.696s] -- Up-to-date: /home/denis/diploma_ws/install/behaviortree_cpp_v3/include/behaviortree_cpp_v3/bt_parser.h
[2.697s] -- Up-to-date: /home/denis/diploma_ws/install/behaviortree_cpp_v3/include/behaviortree_cpp_v3/leaf_node.h
[2.697s] -- Up-to-date: /home/denis/diploma_ws/install/behaviortree_cpp_v3/include/behaviortree_cpp_v3/tree_node.h
[2.697s] -- Up-to-date: /home/denis/diploma_ws/install/behaviortree_cpp_v3/include/behaviortree_cpp_v3/utils
[2.697s] -- Up-to-date: /home/denis/diploma_ws/install/behaviortree_cpp_v3/include/behaviortree_cpp_v3/utils/strcat.hpp
[2.697s] -- Up-to-date: /home/denis/diploma_ws/install/behaviortree_cpp_v3/include/behaviortree_cpp_v3/utils/platform.hpp
[2.697s] -- Up-to-date: /home/denis/diploma_ws/install/behaviortree_cpp_v3/include/behaviortree_cpp_v3/utils/string_view.hpp
[2.697s] -- Up-to-date: /home/denis/diploma_ws/install/behaviortree_cpp_v3/include/behaviortree_cpp_v3/utils/any.hpp
[2.697s] -- Up-to-date: /home/denis/diploma_ws/install/behaviortree_cpp_v3/include/behaviortree_cpp_v3/utils/signal.h
[2.697s] -- Up-to-date: /home/denis/diploma_ws/install/behaviortree_cpp_v3/include/behaviortree_cpp_v3/utils/simple_string.hpp
[2.698s] -- Up-to-date: /home/denis/diploma_ws/install/behaviortree_cpp_v3/include/behaviortree_cpp_v3/utils/safe_any.hpp
[2.698s] -- Up-to-date: /home/denis/diploma_ws/install/behaviortree_cpp_v3/include/behaviortree_cpp_v3/utils/expected.hpp
[2.698s] -- Up-to-date: /home/denis/diploma_ws/install/behaviortree_cpp_v3/include/behaviortree_cpp_v3/utils/make_unique.hpp
[2.698s] -- Up-to-date: /home/denis/diploma_ws/install/behaviortree_cpp_v3/include/behaviortree_cpp_v3/utils/shared_library.h
[2.698s] -- Up-to-date: /home/denis/diploma_ws/install/behaviortree_cpp_v3/include/behaviortree_cpp_v3/utils/demangle_util.h
[2.698s] -- Up-to-date: /home/denis/diploma_ws/install/behaviortree_cpp_v3/include/behaviortree_cpp_v3/utils/convert_impl.hpp
[2.698s] -- Up-to-date: /home/denis/diploma_ws/install/behaviortree_cpp_v3/include/behaviortree_cpp_v3/utils/wakeup_signal.hpp
[2.698s] -- Up-to-date: /home/denis/diploma_ws/install/behaviortree_cpp_v3/include/behaviortree_cpp_v3/basic_types.h
[2.698s] -- Up-to-date: /home/denis/diploma_ws/install/behaviortree_cpp_v3/include/behaviortree_cpp_v3/condition_node.h
[2.698s] -- Up-to-date: /home/denis/diploma_ws/install/behaviortree_cpp_v3/lib/libbehaviortree_cpp_v3.so
[2.698s] -- Up-to-date: /home/denis/diploma_ws/install/behaviortree_cpp_v3/lib/cmake/behaviortree_cpp_v3/behaviortree_cpp_v3Targets.cmake
[2.699s] -- Up-to-date: /home/denis/diploma_ws/install/behaviortree_cpp_v3/lib/cmake/behaviortree_cpp_v3/behaviortree_cpp_v3Targets-noconfig.cmake
[2.699s] -- Up-to-date: /home/denis/diploma_ws/install/behaviortree_cpp_v3/lib/cmake/behaviortree_cpp_v3/behaviortree_cpp_v3Config.cmake
[2.699s] -- Up-to-date: /home/denis/diploma_ws/install/behaviortree_cpp_v3/bin/bt3_log_cat
[2.699s] -- Up-to-date: /home/denis/diploma_ws/install/behaviortree_cpp_v3/bin/bt3_recorder
[2.699s] -- Up-to-date: /home/denis/diploma_ws/install/behaviortree_cpp_v3/bin/bt3_plugin_manifest
[2.699s] Invoked command in '/home/denis/diploma_ws/build/behaviortree_cpp_v3' returned '0': CMAKE_PREFIX_PATH=${CMAKE_PREFIX_PATH}:/opt/ros/humble /usr/bin/cmake --install /home/denis/diploma_ws/build/behaviortree_cpp_v3
