[0.050s] Invoking command in '/home/denis/diploma_ws/build/bt': CMAKE_PREFIX_PATH=/home/denis/diploma_ws/install/dms_interfaces:/home/denis/diploma_ws/install/behaviortree_cpp_v3:/home/denis/diploma_ws/install/turtlebot3_simulations:/home/denis/diploma_ws/install/turtlebot3_navigation2:/home/denis/diploma_ws/install/turtlebot3_gazebo:/home/denis/diploma_ws/install/turtlebot3_fake_node:/home/denis/diploma_ws/install/ssu:/home/denis/diploma_ws/install/nspu:/home/denis/diploma_ws/install/nav2_bringup:/home/denis/diploma_ws/install/groot:/home/denis/diploma_ws/install/fsu:/home/denis/diploma_ws/install/csu:/home/denis/diploma_ws/install/bt:/home/denis/diploma_ws/install/bsu:/home/denis/diploma_ws/install/btcpp_ros2_samples:/home/denis/diploma_ws/install/btcpp_ros2_interfaces:/home/denis/diploma_ws/install/behaviortree_ros2:/home/denis/diploma_ws/install/behaviortree_cpp:/opt/ros/humble LD_LIBRARY_PATH=/home/denis/diploma_ws/install/dms_interfaces/lib:/home/denis/diploma_ws/install/behaviortree_cpp_v3/lib:/home/denis/diploma_ws/install/groot/lib:/home/denis/diploma_ws/install/btcpp_ros2_interfaces/lib:/home/denis/diploma_ws/install/behaviortree_cpp/lib:/usr/lib/x86_64-linux-gnu/gazebo-11/plugins:/opt/ros/humble/opt/rviz_ogre_vendor/lib:/opt/ros/humble/lib/x86_64-linux-gnu:/opt/ros/humble/lib /usr/bin/cmake --build /home/denis/diploma_ws/build/bt -- -j4 -l4
[0.252s] [ 20%] Built target lidar_bt
[0.340s] [ 40%] Built target sensors_bt
[0.376s] [35m[1mConsolidate compiler generated dependencies of target battery_bt[0m
[0.446s] [ 50%] [32mBuilding CXX object CMakeFiles/battery_bt.dir/src/battery_bt.cpp.o[0m
[10.536s] In file included from [01m[K/opt/ros/humble/include/rclcpp/rclcpp/logging.hpp:24[m[K,
[10.536s]                  from [01m[K/opt/ros/humble/include/rclcpp/rclcpp/client.hpp:40[m[K,
[10.536s]                  from [01m[K/opt/ros/humble/include/rclcpp/rclcpp/callback_group.hpp:24[m[K,
[10.536s]                  from [01m[K/opt/ros/humble/include/rclcpp/rclcpp/any_executable.hpp:20[m[K,
[10.536s]                  from [01m[K/opt/ros/humble/include/rclcpp/rclcpp/memory_strategy.hpp:25[m[K,
[10.536s]                  from [01m[K/opt/ros/humble/include/rclcpp/rclcpp/memory_strategies.hpp:18[m[K,
[10.537s]                  from [01m[K/opt/ros/humble/include/rclcpp/rclcpp/executor_options.hpp:20[m[K,
[10.537s]                  from [01m[K/opt/ros/humble/include/rclcpp/rclcpp/executor.hpp:37[m[K,
[10.537s]                  from [01m[K/opt/ros/humble/include/rclcpp/rclcpp/executors/multi_threaded_executor.hpp:25[m[K,
[10.537s]                  from [01m[K/opt/ros/humble/include/rclcpp/rclcpp/executors.hpp:21[m[K,
[10.537s]                  from [01m[K/opt/ros/humble/include/rclcpp/rclcpp/rclcpp.hpp:155[m[K,
[10.537s]                  from [01m[K/home/denis/diploma_ws/src/bt/include/bt/battery_check.hpp:5[m[K,
[10.538s]                  from [01m[K/home/denis/diploma_ws/src/bt/src/battery_bt.cpp:1[m[K:
[10.538s] [01m[K/home/denis/diploma_ws/src/bt/src/battery_bt.cpp:[m[K In function ‘[01m[Kint main(int, const char**)[m[K’:
[10.538s] [01m[K/home/denis/diploma_ws/src/bt/src/battery_bt.cpp:48:49:[m[K [01;35m[Kwarning: [m[Kformat ‘[01m[K%d[m[K’ expects argument of type ‘[01m[Kint[m[K’, but argument 5 has type ‘[01m[KBT::NodeStatus[m[K’ [[01;35m[K]8;;https://gcc.gnu.org/onlinedocs/gcc/Warning-Options.html#index-Wformat=-Wformat=]8;;[m[K]
[10.538s]    48 |         RCLCPP_INFO(rclcpp::get_logger("root"), [01;35m[K"BT Status: %d"[m[K, [32m[Kstatus[m[K);
[10.538s]       |                                                 [01;35m[K^~~~~~~~~~~~~~~[m[K  [32m[K~~~~~~[m[K
[10.538s]       |                                                                  [32m[K|[m[K
[10.539s]       |                                                                  [32m[KBT::NodeStatus[m[K
[10.539s] [01m[K/home/denis/diploma_ws/src/bt/src/battery_bt.cpp:48:62:[m[K [01;36m[Knote: [m[Kformat string is defined here
[10.539s]    48 |         RCLCPP_INFO(rclcpp::get_logger("root"), "BT Status: [01;36m[K%d[m[K", status);
[10.539s]       |                                                             [01;36m[K~^[m[K
[10.539s]       |                                                              [01;36m[K|[m[K
[10.539s]       |                                                              [01;36m[Kint[m[K
[21.326s] [ 60%] [32m[1mLinking CXX executable battery_bt[0m
[22.223s] [ 60%] Built target battery_bt
[22.300s] [ 80%] Built target odom_bt
[22.365s] [100%] Built target imu_bt
[22.389s] Invoked command in '/home/denis/diploma_ws/build/bt' returned '0': CMAKE_PREFIX_PATH=/home/denis/diploma_ws/install/dms_interfaces:/home/denis/diploma_ws/install/behaviortree_cpp_v3:/home/denis/diploma_ws/install/turtlebot3_simulations:/home/denis/diploma_ws/install/turtlebot3_navigation2:/home/denis/diploma_ws/install/turtlebot3_gazebo:/home/denis/diploma_ws/install/turtlebot3_fake_node:/home/denis/diploma_ws/install/ssu:/home/denis/diploma_ws/install/nspu:/home/denis/diploma_ws/install/nav2_bringup:/home/denis/diploma_ws/install/groot:/home/denis/diploma_ws/install/fsu:/home/denis/diploma_ws/install/csu:/home/denis/diploma_ws/install/bt:/home/denis/diploma_ws/install/bsu:/home/denis/diploma_ws/install/btcpp_ros2_samples:/home/denis/diploma_ws/install/btcpp_ros2_interfaces:/home/denis/diploma_ws/install/behaviortree_ros2:/home/denis/diploma_ws/install/behaviortree_cpp:/opt/ros/humble LD_LIBRARY_PATH=/home/denis/diploma_ws/install/dms_interfaces/lib:/home/denis/diploma_ws/install/behaviortree_cpp_v3/lib:/home/denis/diploma_ws/install/groot/lib:/home/denis/diploma_ws/install/btcpp_ros2_interfaces/lib:/home/denis/diploma_ws/install/behaviortree_cpp/lib:/usr/lib/x86_64-linux-gnu/gazebo-11/plugins:/opt/ros/humble/opt/rviz_ogre_vendor/lib:/opt/ros/humble/lib/x86_64-linux-gnu:/opt/ros/humble/lib /usr/bin/cmake --build /home/denis/diploma_ws/build/bt -- -j4 -l4
[22.532s] Invoking command in '/home/denis/diploma_ws/build/bt': CMAKE_PREFIX_PATH=/home/denis/diploma_ws/install/dms_interfaces:/home/denis/diploma_ws/install/behaviortree_cpp_v3:/home/denis/diploma_ws/install/turtlebot3_simulations:/home/denis/diploma_ws/install/turtlebot3_navigation2:/home/denis/diploma_ws/install/turtlebot3_gazebo:/home/denis/diploma_ws/install/turtlebot3_fake_node:/home/denis/diploma_ws/install/ssu:/home/denis/diploma_ws/install/nspu:/home/denis/diploma_ws/install/nav2_bringup:/home/denis/diploma_ws/install/groot:/home/denis/diploma_ws/install/fsu:/home/denis/diploma_ws/install/csu:/home/denis/diploma_ws/install/bt:/home/denis/diploma_ws/install/bsu:/home/denis/diploma_ws/install/btcpp_ros2_samples:/home/denis/diploma_ws/install/btcpp_ros2_interfaces:/home/denis/diploma_ws/install/behaviortree_ros2:/home/denis/diploma_ws/install/behaviortree_cpp:/opt/ros/humble LD_LIBRARY_PATH=/home/denis/diploma_ws/install/dms_interfaces/lib:/home/denis/diploma_ws/install/behaviortree_cpp_v3/lib:/home/denis/diploma_ws/install/groot/lib:/home/denis/diploma_ws/install/btcpp_ros2_interfaces/lib:/home/denis/diploma_ws/install/behaviortree_cpp/lib:/usr/lib/x86_64-linux-gnu/gazebo-11/plugins:/opt/ros/humble/opt/rviz_ogre_vendor/lib:/opt/ros/humble/lib/x86_64-linux-gnu:/opt/ros/humble/lib /usr/bin/cmake --install /home/denis/diploma_ws/build/bt
[22.553s] -- Install configuration: ""
[22.554s] -- Up-to-date: /home/denis/diploma_ws/install/bt/lib/bt/lidar_bt
[22.555s] -- Up-to-date: /home/denis/diploma_ws/install/bt/lib/bt/imu_bt
[22.556s] -- Up-to-date: /home/denis/diploma_ws/install/bt/lib/bt/odom_bt
[22.557s] -- Up-to-date: /home/denis/diploma_ws/install/bt/lib/bt/sensors_bt
[22.558s] -- Installing: /home/denis/diploma_ws/install/bt/lib/bt/battery_bt
[22.565s] -- Set runtime path of "/home/denis/diploma_ws/install/bt/lib/bt/battery_bt" to ""
[22.566s] -- Up-to-date: /home/denis/diploma_ws/install/bt/share/bt/resources
[22.566s] -- Up-to-date: /home/denis/diploma_ws/install/bt/share/bt/resources/imu_bt.xml
[22.566s] -- Up-to-date: /home/denis/diploma_ws/install/bt/share/bt/resources/sensors_bt.xml
[22.566s] -- Up-to-date: /home/denis/diploma_ws/install/bt/share/bt/resources/lidar_bt.xml
[22.567s] -- Up-to-date: /home/denis/diploma_ws/install/bt/share/bt/resources/odom_bt.xml
[22.567s] -- Up-to-date: /home/denis/diploma_ws/install/bt/share/bt/resources/battery_bt.xml
[22.567s] -- Up-to-date: /home/denis/diploma_ws/install/bt/share/bt/launch
[22.567s] -- Up-to-date: /home/denis/diploma_ws/install/bt/share/bt/launch/lidar_bt.launch.py
[22.568s] -- Up-to-date: /home/denis/diploma_ws/install/bt/share/bt/launch/odom_bt.launch.py
[22.568s] -- Up-to-date: /home/denis/diploma_ws/install/bt/share/bt/launch/sensors_bt.launch.py
[22.569s] -- Up-to-date: /home/denis/diploma_ws/install/bt/share/bt/launch/battery_bt.launch.py
[22.569s] -- Up-to-date: /home/denis/diploma_ws/install/bt/share/bt/launch/imu_bt.launch.py
[22.569s] -- Up-to-date: /home/denis/diploma_ws/install/bt/share/ament_index/resource_index/package_run_dependencies/bt
[22.569s] -- Up-to-date: /home/denis/diploma_ws/install/bt/share/ament_index/resource_index/parent_prefix_path/bt
[22.569s] -- Up-to-date: /home/denis/diploma_ws/install/bt/share/bt/environment/ament_prefix_path.sh
[22.570s] -- Up-to-date: /home/denis/diploma_ws/install/bt/share/bt/environment/ament_prefix_path.dsv
[22.570s] -- Up-to-date: /home/denis/diploma_ws/install/bt/share/bt/environment/path.sh
[22.572s] -- Up-to-date: /home/denis/diploma_ws/install/bt/share/bt/environment/path.dsv
[22.572s] -- Up-to-date: /home/denis/diploma_ws/install/bt/share/bt/local_setup.bash
[22.573s] -- Up-to-date: /home/denis/diploma_ws/install/bt/share/bt/local_setup.sh
[22.573s] -- Up-to-date: /home/denis/diploma_ws/install/bt/share/bt/local_setup.zsh
[22.573s] -- Up-to-date: /home/denis/diploma_ws/install/bt/share/bt/local_setup.dsv
[22.573s] -- Installing: /home/denis/diploma_ws/install/bt/share/bt/package.dsv
[22.576s] -- Up-to-date: /home/denis/diploma_ws/install/bt/share/ament_index/resource_index/packages/bt
[22.576s] -- Up-to-date: /home/denis/diploma_ws/install/bt/share/bt/cmake/btConfig.cmake
[22.576s] -- Up-to-date: /home/denis/diploma_ws/install/bt/share/bt/cmake/btConfig-version.cmake
[22.577s] -- Up-to-date: /home/denis/diploma_ws/install/bt/share/bt/package.xml
[22.577s] Invoked command in '/home/denis/diploma_ws/build/bt' returned '0': CMAKE_PREFIX_PATH=/home/denis/diploma_ws/install/dms_interfaces:/home/denis/diploma_ws/install/behaviortree_cpp_v3:/home/denis/diploma_ws/install/turtlebot3_simulations:/home/denis/diploma_ws/install/turtlebot3_navigation2:/home/denis/diploma_ws/install/turtlebot3_gazebo:/home/denis/diploma_ws/install/turtlebot3_fake_node:/home/denis/diploma_ws/install/ssu:/home/denis/diploma_ws/install/nspu:/home/denis/diploma_ws/install/nav2_bringup:/home/denis/diploma_ws/install/groot:/home/denis/diploma_ws/install/fsu:/home/denis/diploma_ws/install/csu:/home/denis/diploma_ws/install/bt:/home/denis/diploma_ws/install/bsu:/home/denis/diploma_ws/install/btcpp_ros2_samples:/home/denis/diploma_ws/install/btcpp_ros2_interfaces:/home/denis/diploma_ws/install/behaviortree_ros2:/home/denis/diploma_ws/install/behaviortree_cpp:/opt/ros/humble LD_LIBRARY_PATH=/home/denis/diploma_ws/install/dms_interfaces/lib:/home/denis/diploma_ws/install/behaviortree_cpp_v3/lib:/home/denis/diploma_ws/install/groot/lib:/home/denis/diploma_ws/install/btcpp_ros2_interfaces/lib:/home/denis/diploma_ws/install/behaviortree_cpp/lib:/usr/lib/x86_64-linux-gnu/gazebo-11/plugins:/opt/ros/humble/opt/rviz_ogre_vendor/lib:/opt/ros/humble/lib/x86_64-linux-gnu:/opt/ros/humble/lib /usr/bin/cmake --install /home/denis/diploma_ws/build/bt
