[0.037s] Invoking command in '/home/denis/diploma_ws/build/turtlebot3_simulations': CMAKE_PREFIX_PATH=/home/denis/diploma_ws/install/turtlebot3_gazebo:/home/denis/diploma_ws/install/turtlebot3_fake_node:/home/denis/diploma_ws/install/behaviortree_cpp:/home/denis/diploma_ws/install/turtlebot3_navigation2:/home/denis/diploma_ws/install/turtlebot3_simulations:/home/denis/diploma_ws/install/ssu:/home/denis/diploma_ws/install/fsu:/home/denis/diploma_ws/install/csu:/home/denis/diploma_ws/install/bt:/opt/ros/humble /usr/bin/cmake --build /home/denis/diploma_ws/build/turtlebot3_simulations -- -j4 -l4
[0.159s] Invoked command in '/home/denis/diploma_ws/build/turtlebot3_simulations' returned '0': CMAKE_PREFIX_PATH=/home/denis/diploma_ws/install/turtlebot3_gazebo:/home/denis/diploma_ws/install/turtlebot3_fake_node:/home/denis/diploma_ws/install/behaviortree_cpp:/home/denis/diploma_ws/install/turtlebot3_navigation2:/home/denis/diploma_ws/install/turtlebot3_simulations:/home/denis/diploma_ws/install/ssu:/home/denis/diploma_ws/install/fsu:/home/denis/diploma_ws/install/csu:/home/denis/diploma_ws/install/bt:/opt/ros/humble /usr/bin/cmake --build /home/denis/diploma_ws/build/turtlebot3_simulations -- -j4 -l4
[0.210s] Invoking command in '/home/denis/diploma_ws/build/turtlebot3_simulations': CMAKE_PREFIX_PATH=/home/denis/diploma_ws/install/turtlebot3_gazebo:/home/denis/diploma_ws/install/turtlebot3_fake_node:/home/denis/diploma_ws/install/behaviortree_cpp:/home/denis/diploma_ws/install/turtlebot3_navigation2:/home/denis/diploma_ws/install/turtlebot3_simulations:/home/denis/diploma_ws/install/ssu:/home/denis/diploma_ws/install/fsu:/home/denis/diploma_ws/install/csu:/home/denis/diploma_ws/install/bt:/opt/ros/humble /usr/bin/cmake --install /home/denis/diploma_ws/build/turtlebot3_simulations
[0.226s] -- Install configuration: ""
[0.227s] -- Up-to-date: /home/denis/diploma_ws/install/turtlebot3_simulations/share/ament_index/resource_index/package_run_dependencies/turtlebot3_simulations
[0.227s] -- Up-to-date: /home/denis/diploma_ws/install/turtlebot3_simulations/share/ament_index/resource_index/parent_prefix_path/turtlebot3_simulations
[0.227s] -- Up-to-date: /home/denis/diploma_ws/install/turtlebot3_simulations/share/turtlebot3_simulations/environment/ament_prefix_path.sh
[0.228s] -- Up-to-date: /home/denis/diploma_ws/install/turtlebot3_simulations/share/turtlebot3_simulations/environment/ament_prefix_path.dsv
[0.228s] -- Up-to-date: /home/denis/diploma_ws/install/turtlebot3_simulations/share/turtlebot3_simulations/environment/path.sh
[0.228s] -- Up-to-date: /home/denis/diploma_ws/install/turtlebot3_simulations/share/turtlebot3_simulations/environment/path.dsv
[0.228s] -- Up-to-date: /home/denis/diploma_ws/install/turtlebot3_simulations/share/turtlebot3_simulations/local_setup.bash
[0.229s] -- Up-to-date: /home/denis/diploma_ws/install/turtlebot3_simulations/share/turtlebot3_simulations/local_setup.sh
[0.229s] -- Up-to-date: /home/denis/diploma_ws/install/turtlebot3_simulations/share/turtlebot3_simulations/local_setup.zsh
[0.229s] -- Up-to-date: /home/denis/diploma_ws/install/turtlebot3_simulations/share/turtlebot3_simulations/local_setup.dsv
[0.230s] -- Installing: /home/denis/diploma_ws/install/turtlebot3_simulations/share/turtlebot3_simulations/package.dsv
[0.230s] -- Up-to-date: /home/denis/diploma_ws/install/turtlebot3_simulations/share/ament_index/resource_index/packages/turtlebot3_simulations
[0.230s] -- Up-to-date: /home/denis/diploma_ws/install/turtlebot3_simulations/share/turtlebot3_simulations/cmake/turtlebot3_simulationsConfig.cmake
[0.231s] -- Up-to-date: /home/denis/diploma_ws/install/turtlebot3_simulations/share/turtlebot3_simulations/cmake/turtlebot3_simulationsConfig-version.cmake
[0.233s] -- Up-to-date: /home/denis/diploma_ws/install/turtlebot3_simulations/share/turtlebot3_simulations/package.xml
[0.233s] Invoked command in '/home/denis/diploma_ws/build/turtlebot3_simulations' returned '0': CMAKE_PREFIX_PATH=/home/denis/diploma_ws/install/turtlebot3_gazebo:/home/denis/diploma_ws/install/turtlebot3_fake_node:/home/denis/diploma_ws/install/behaviortree_cpp:/home/denis/diploma_ws/install/turtlebot3_navigation2:/home/denis/diploma_ws/install/turtlebot3_simulations:/home/denis/diploma_ws/install/ssu:/home/denis/diploma_ws/install/fsu:/home/denis/diploma_ws/install/csu:/home/denis/diploma_ws/install/bt:/opt/ros/humble /usr/bin/cmake --install /home/denis/diploma_ws/build/turtlebot3_simulations
