[ 20%] Built target lidar_bt
[ 40%] Built target odom_bt
[ 60%] Built target sensors_bt
[ 80%] Built target imu_bt
[35m[1mConsolidate compiler generated dependencies of target battery_bt[0m
[ 90%] [32mBuilding CXX object CMakeFiles/battery_bt.dir/src/battery_bt.cpp.o[0m
[100%] [32m[1mLinking CXX executable battery_bt[0m
[100%] Built target battery_bt
-- Install configuration: ""
-- Installing: /home/denis/diploma_ws/install/bt/lib/bt/lidar_bt
-- Set runtime path of "/home/denis/diploma_ws/install/bt/lib/bt/lidar_bt" to ""
-- Installing: /home/denis/diploma_ws/install/bt/lib/bt/imu_bt
-- Set runtime path of "/home/denis/diploma_ws/install/bt/lib/bt/imu_bt" to ""
-- Installing: /home/denis/diploma_ws/install/bt/lib/bt/odom_bt
-- Set runtime path of "/home/denis/diploma_ws/install/bt/lib/bt/odom_bt" to ""
-- Installing: /home/denis/diploma_ws/install/bt/lib/bt/sensors_bt
-- Set runtime path of "/home/denis/diploma_ws/install/bt/lib/bt/sensors_bt" to ""
-- Installing: /home/denis/diploma_ws/install/bt/lib/bt/battery_bt
-- Set runtime path of "/home/denis/diploma_ws/install/bt/lib/bt/battery_bt" to ""
-- Up-to-date: /home/denis/diploma_ws/install/bt/share/bt/resources
-- Up-to-date: /home/denis/diploma_ws/install/bt/share/bt/resources/imu_bt.xml
-- Up-to-date: /home/denis/diploma_ws/install/bt/share/bt/resources/sensors_bt.xml
-- Up-to-date: /home/denis/diploma_ws/install/bt/share/bt/resources/lidar_bt.xml
-- Up-to-date: /home/denis/diploma_ws/install/bt/share/bt/resources/odom_bt.xml
-- Installing: /home/denis/diploma_ws/install/bt/share/bt/resources/battery_bt.xml
-- Up-to-date: /home/denis/diploma_ws/install/bt/share/bt/launch
-- Up-to-date: /home/denis/diploma_ws/install/bt/share/bt/launch/lidar_bt.launch.py
-- Up-to-date: /home/denis/diploma_ws/install/bt/share/bt/launch/odom_bt.launch.py
-- Up-to-date: /home/denis/diploma_ws/install/bt/share/bt/launch/sensors_bt.launch.py
-- Installing: /home/denis/diploma_ws/install/bt/share/bt/launch/battery_bt.launch.py
-- Up-to-date: /home/denis/diploma_ws/install/bt/share/bt/launch/imu_bt.launch.py
-- Installing: /home/denis/diploma_ws/install/bt/share/ament_index/resource_index/package_run_dependencies/bt
-- Installing: /home/denis/diploma_ws/install/bt/share/ament_index/resource_index/parent_prefix_path/bt
-- Up-to-date: /home/denis/diploma_ws/install/bt/share/bt/environment/ament_prefix_path.sh
-- Installing: /home/denis/diploma_ws/install/bt/share/bt/environment/ament_prefix_path.dsv
-- Up-to-date: /home/denis/diploma_ws/install/bt/share/bt/environment/path.sh
-- Installing: /home/denis/diploma_ws/install/bt/share/bt/environment/path.dsv
-- Up-to-date: /home/denis/diploma_ws/install/bt/share/bt/local_setup.bash
-- Up-to-date: /home/denis/diploma_ws/install/bt/share/bt/local_setup.sh
-- Up-to-date: /home/denis/diploma_ws/install/bt/share/bt/local_setup.zsh
-- Installing: /home/denis/diploma_ws/install/bt/share/bt/local_setup.dsv
-- Installing: /home/denis/diploma_ws/install/bt/share/bt/package.dsv
-- Up-to-date: /home/denis/diploma_ws/install/bt/share/ament_index/resource_index/packages/bt
-- Up-to-date: /home/denis/diploma_ws/install/bt/share/bt/cmake/btConfig.cmake
-- Up-to-date: /home/denis/diploma_ws/install/bt/share/bt/cmake/btConfig-version.cmake
-- Installing: /home/denis/diploma_ws/install/bt/share/bt/package.xml
