[0.030s] Invoking command in '/home/denis/diploma_ws/build/csu': CMAKE_PREFIX_PATH=/home/denis/diploma_ws/install/dms_interfaces:/home/denis/diploma_ws/install/turtlebot3_simulations:/home/denis/diploma_ws/install/turtlebot3_navigation2:/home/denis/diploma_ws/install/turtlebot3_gazebo:/home/denis/diploma_ws/install/turtlebot3_fake_node:/home/denis/diploma_ws/install/ssu:/home/denis/diploma_ws/install/nav2_bringup:/home/denis/diploma_ws/install/groot:/home/denis/diploma_ws/install/fsu:/home/denis/diploma_ws/install/csu:/home/denis/diploma_ws/install/btcpp_ros2_samples:/home/denis/diploma_ws/install/btcpp_ros2_interfaces:/home/denis/diploma_ws/install/bt:/home/denis/diploma_ws/install/behaviortree_ros2:/home/denis/diploma_ws/install/behaviortree_cpp_v3:/home/denis/diploma_ws/install/behaviortree_cpp:/home/denis/diploma_ws/src/install/dms_interfaces:/home/denis/diploma_ws/src/install/turtlebot3_simulations:/home/denis/diploma_ws/src/install/turtlebot3_navigation2:/home/denis/diploma_ws/src/install/turtlebot3_gazebo:/home/denis/diploma_ws/src/install/turtlebot3_fake_node:/home/denis/diploma_ws/src/install/ssu:/home/denis/diploma_ws/src/install/nav2_bringup:/home/denis/diploma_ws/src/install/groot:/home/denis/diploma_ws/src/install/fsu:/home/denis/diploma_ws/src/install/csu:/home/denis/diploma_ws/src/install/btcpp_ros2_interfaces:/home/denis/diploma_ws/src/install/bt:/home/denis/diploma_ws/src/install/behaviortree_cpp_v3:/opt/ros/humble LD_LIBRARY_PATH=/home/denis/diploma_ws/install/dms_interfaces/lib:/home/denis/diploma_ws/install/groot/lib:/home/denis/diploma_ws/install/btcpp_ros2_interfaces/lib:/home/denis/diploma_ws/install/behaviortree_cpp_v3/lib:/home/denis/diploma_ws/install/behaviortree_cpp/lib:/home/denis/diploma_ws/src/install/dms_interfaces/lib:/home/denis/diploma_ws/src/install/groot/lib:/home/denis/diploma_ws/src/install/btcpp_ros2_interfaces/lib:/home/denis/diploma_ws/src/install/behaviortree_cpp_v3/lib:/usr/lib/x86_64-linux-gnu/gazebo-11/plugins:/opt/ros/humble/opt/rviz_ogre_vendor/lib:/opt/ros/humble/lib/x86_64-linux-gnu:/opt/ros/humble/lib /usr/bin/cmake --build /home/denis/diploma_ws/build/csu -- -j4 -l4
[0.146s] [35m[1mConsolidate compiler generated dependencies of target control_switching_unit[0m
[0.196s] [ 50%] [32mBuilding CXX object CMakeFiles/control_switching_unit.dir/src/control_switching_unit.cpp.o[0m
[4.373s] [01m[K/home/denis/diploma_ws/src/csu/src/control_switching_unit.cpp:115:1:[m[K [01;31m[Kerror: [m[Kno declaration matches ‘[01m[KControlSwitchingUnit::ControlSwitchingUnit(const string&)[m[K’
[4.374s]   115 | [01;31m[KControlSwitchingUnit[m[K::ControlSwitchingUnit(const std::string& name) : Node(name)
[4.374s]       | [01;31m[K^~~~~~~~~~~~~~~~~~~~[m[K
[4.374s] In file included from [01m[K/home/denis/diploma_ws/src/csu/src/control_switching_unit.cpp:112[m[K:
[4.374s] [01m[K/home/denis/diploma_ws/src/csu/include/csu/control_switching_unit.hpp:14:7:[m[K [01;36m[Knote: [m[Kcandidates are: ‘[01m[KControlSwitchingUnit::ControlSwitchingUnit(ControlSwitchingUnit&&)[m[K’
[4.374s]    14 | class [01;36m[KControlSwitchingUnit[m[K : public rclcpp::Node
[4.374s]       |       [01;36m[K^~~~~~~~~~~~~~~~~~~~[m[K
[4.375s] [01m[K/home/denis/diploma_ws/src/csu/include/csu/control_switching_unit.hpp:14:7:[m[K [01;36m[Knote: [m[K                ‘[01m[KControlSwitchingUnit::ControlSwitchingUnit(const ControlSwitchingUnit&)[m[K’
[4.375s] [01m[K/home/denis/diploma_ws/src/csu/include/csu/control_switching_unit.hpp:17:9:[m[K [01;36m[Knote: [m[K                ‘[01m[KControlSwitchingUnit::ControlSwitchingUnit(const string&, const rclcpp::NodeOptions&)[m[K’
[4.375s]    17 |         [01;36m[KControlSwitchingUnit[m[K(const std::string& node_name, const rclcpp::NodeOptions& options);
[4.375s]       |         [01;36m[K^~~~~~~~~~~~~~~~~~~~[m[K
[4.375s] [01m[K/home/denis/diploma_ws/src/csu/include/csu/control_switching_unit.hpp:14:7:[m[K [01;36m[Knote: [m[K‘[01m[Kclass ControlSwitchingUnit[m[K’ defined here
[4.375s]    14 | class [01;36m[KControlSwitchingUnit[m[K : public rclcpp::Node
[4.375s]       |       [01;36m[K^~~~~~~~~~~~~~~~~~~~[m[K
[5.089s] In file included from [01m[K/usr/include/x86_64-linux-gnu/c++/11/bits/c++allocator.h:33[m[K,
[5.090s]                  from [01m[K/usr/include/c++/11/bits/allocator.h:46[m[K,
[5.090s]                  from [01m[K/usr/include/c++/11/memory:64[m[K,
[5.090s]                  from [01m[K/opt/ros/humble/include/rclcpp/rclcpp/rclcpp.hpp:153[m[K,
[5.090s]                  from [01m[K/home/denis/diploma_ws/src/csu/include/csu/control_switching_unit.hpp:3[m[K,
[5.090s]                  from [01m[K/home/denis/diploma_ws/src/csu/src/control_switching_unit.cpp:112[m[K:
[5.090s] /usr/include/c++/11/ext/new_allocator.h: In instantiation of ‘[01m[Kvoid __gnu_cxx::new_allocator<_Tp>::construct(_Up*, _Args&& ...) [with _Up = ControlSwitchingUnit; _Args = {const char (&)[23]}; _Tp = ControlSwitchingUnit][m[K’:
[5.091s] [01m[K/usr/include/c++/11/bits/alloc_traits.h:516:17:[m[K   required from ‘[01m[Kstatic void std::allocator_traits<std::allocator<_Tp1> >::construct(std::allocator_traits<std::allocator<_Tp1> >::allocator_type&, _Up*, _Args&& ...) [with _Up = ControlSwitchingUnit; _Args = {const char (&)[23]}; _Tp = ControlSwitchingUnit; std::allocator_traits<std::allocator<_Tp1> >::allocator_type = std::allocator<ControlSwitchingUnit>][m[K’
[5.091s] [01m[K/usr/include/c++/11/bits/shared_ptr_base.h:519:39:[m[K   required from ‘[01m[Kstd::_Sp_counted_ptr_inplace<_Tp, _Alloc, _Lp>::_Sp_counted_ptr_inplace(_Alloc, _Args&& ...) [with _Args = {const char (&)[23]}; _Tp = ControlSwitchingUnit; _Alloc = std::allocator<ControlSwitchingUnit>; __gnu_cxx::_Lock_policy _Lp = __gnu_cxx::_S_atomic][m[K’
[5.091s] [01m[K/usr/include/c++/11/bits/shared_ptr_base.h:650:16:[m[K   required from ‘[01m[Kstd::__shared_count<_Lp>::__shared_count(_Tp*&, std::_Sp_alloc_shared_tag<_Alloc>, _Args&& ...) [with _Tp = ControlSwitchingUnit; _Alloc = std::allocator<ControlSwitchingUnit>; _Args = {const char (&)[23]}; __gnu_cxx::_Lock_policy _Lp = __gnu_cxx::_S_atomic][m[K’
[5.091s] [01m[K/usr/include/c++/11/bits/shared_ptr_base.h:1342:14:[m[K   required from ‘[01m[Kstd::__shared_ptr<_Tp, _Lp>::__shared_ptr(std::_Sp_alloc_shared_tag<_Tp>, _Args&& ...) [with _Alloc = std::allocator<ControlSwitchingUnit>; _Args = {const char (&)[23]}; _Tp = ControlSwitchingUnit; __gnu_cxx::_Lock_policy _Lp = __gnu_cxx::_S_atomic][m[K’
[5.091s] [01m[K/usr/include/c++/11/bits/shared_ptr.h:409:59:[m[K   required from ‘[01m[Kstd::shared_ptr<_Tp>::shared_ptr(std::_Sp_alloc_shared_tag<_Tp>, _Args&& ...) [with _Alloc = std::allocator<ControlSwitchingUnit>; _Args = {const char (&)[23]}; _Tp = ControlSwitchingUnit][m[K’
[5.092s] [01m[K/usr/include/c++/11/bits/shared_ptr.h:862:14:[m[K   required from ‘[01m[Kstd::shared_ptr<_Tp> std::allocate_shared(const _Alloc&, _Args&& ...) [with _Tp = ControlSwitchingUnit; _Alloc = std::allocator<ControlSwitchingUnit>; _Args = {const char (&)[23]}][m[K’
[5.092s] [01m[K/usr/include/c++/11/bits/shared_ptr.h:878:39:[m[K   required from ‘[01m[Kstd::shared_ptr<_Tp> std::make_shared(_Args&& ...) [with _Tp = ControlSwitchingUnit; _Args = {const char (&)[23]}][m[K’
[5.092s] [01m[K/home/denis/diploma_ws/src/csu/src/control_switching_unit.cpp:187:60:[m[K   required from here
[5.092s] [01m[K/usr/include/c++/11/ext/new_allocator.h:162:11:[m[K [01;31m[Kerror: [m[Kno matching function for call to ‘[01m[KControlSwitchingUnit::ControlSwitchingUnit(const char [23])[m[K’
[5.092s]   162 |         { [01;31m[K::new((void *)__p) _Up(std::forward<_Args>(__args)...)[m[K; }
[5.092s]       |           [01;31m[K^~~~~~~~~~~~~~~~~~~~~~~~~~~~~~~~~~~~~~~~~~~~~~~~~~~~~~[m[K
[5.093s] In file included from [01m[K/home/denis/diploma_ws/src/csu/src/control_switching_unit.cpp:112[m[K:
[5.093s] [01m[K/home/denis/diploma_ws/src/csu/include/csu/control_switching_unit.hpp:17:9:[m[K [01;36m[Knote: [m[Kcandidate: ‘[01m[KControlSwitchingUnit::ControlSwitchingUnit(const string&, const rclcpp::NodeOptions&)[m[K’
[5.093s]    17 |         [01;36m[KControlSwitchingUnit[m[K(const std::string& node_name, const rclcpp::NodeOptions& options);
[5.093s]       |         [01;36m[K^~~~~~~~~~~~~~~~~~~~[m[K
[5.093s] [01m[K/home/denis/diploma_ws/src/csu/include/csu/control_switching_unit.hpp:17:9:[m[K [01;36m[Knote: [m[K  candidate expects 2 arguments, 1 provided
[5.242s] gmake[2]: *** [CMakeFiles/control_switching_unit.dir/build.make:76: CMakeFiles/control_switching_unit.dir/src/control_switching_unit.cpp.o] Error 1
[5.243s] gmake[1]: *** [CMakeFiles/Makefile2:137: CMakeFiles/control_switching_unit.dir/all] Error 2
[5.243s] gmake: *** [Makefile:146: all] Error 2
[5.247s] Invoked command in '/home/denis/diploma_ws/build/csu' returned '2': CMAKE_PREFIX_PATH=/home/denis/diploma_ws/install/dms_interfaces:/home/denis/diploma_ws/install/turtlebot3_simulations:/home/denis/diploma_ws/install/turtlebot3_navigation2:/home/denis/diploma_ws/install/turtlebot3_gazebo:/home/denis/diploma_ws/install/turtlebot3_fake_node:/home/denis/diploma_ws/install/ssu:/home/denis/diploma_ws/install/nav2_bringup:/home/denis/diploma_ws/install/groot:/home/denis/diploma_ws/install/fsu:/home/denis/diploma_ws/install/csu:/home/denis/diploma_ws/install/btcpp_ros2_samples:/home/denis/diploma_ws/install/btcpp_ros2_interfaces:/home/denis/diploma_ws/install/bt:/home/denis/diploma_ws/install/behaviortree_ros2:/home/denis/diploma_ws/install/behaviortree_cpp_v3:/home/denis/diploma_ws/install/behaviortree_cpp:/home/denis/diploma_ws/src/install/dms_interfaces:/home/denis/diploma_ws/src/install/turtlebot3_simulations:/home/denis/diploma_ws/src/install/turtlebot3_navigation2:/home/denis/diploma_ws/src/install/turtlebot3_gazebo:/home/denis/diploma_ws/src/install/turtlebot3_fake_node:/home/denis/diploma_ws/src/install/ssu:/home/denis/diploma_ws/src/install/nav2_bringup:/home/denis/diploma_ws/src/install/groot:/home/denis/diploma_ws/src/install/fsu:/home/denis/diploma_ws/src/install/csu:/home/denis/diploma_ws/src/install/btcpp_ros2_interfaces:/home/denis/diploma_ws/src/install/bt:/home/denis/diploma_ws/src/install/behaviortree_cpp_v3:/opt/ros/humble LD_LIBRARY_PATH=/home/denis/diploma_ws/install/dms_interfaces/lib:/home/denis/diploma_ws/install/groot/lib:/home/denis/diploma_ws/install/btcpp_ros2_interfaces/lib:/home/denis/diploma_ws/install/behaviortree_cpp_v3/lib:/home/denis/diploma_ws/install/behaviortree_cpp/lib:/home/denis/diploma_ws/src/install/dms_interfaces/lib:/home/denis/diploma_ws/src/install/groot/lib:/home/denis/diploma_ws/src/install/btcpp_ros2_interfaces/lib:/home/denis/diploma_ws/src/install/behaviortree_cpp_v3/lib:/usr/lib/x86_64-linux-gnu/gazebo-11/plugins:/opt/ros/humble/opt/rviz_ogre_vendor/lib:/opt/ros/humble/lib/x86_64-linux-gnu:/opt/ros/humble/lib /usr/bin/cmake --build /home/denis/diploma_ws/build/csu -- -j4 -l4
