[0.023s] Invoking command in '/home/denis/diploma_ws/build/groot': AMENT_PREFIX_PATH=/home/denis/diploma_ws/install/behaviortree_cpp_v3:${AMENT_PREFIX_PATH} CMAKE_PREFIX_PATH=/home/denis/diploma_ws/install/behaviortree_cpp_v3:/opt/ros/humble LD_LIBRARY_PATH=/home/denis/diploma_ws/install/behaviortree_cpp_v3/lib:${LD_LIBRARY_PATH} PATH=/home/denis/diploma_ws/install/behaviortree_cpp_v3/bin:${PATH} /usr/bin/cmake --build /home/denis/diploma_ws/build/groot -- -j4 -l4
[0.136s] [  1%] [34m[1mAutomatic MOC and UIC for target QtNodeEditor[0m
[0.171s] [  1%] Built target QtNodeEditor_autogen
[0.264s] [ 57%] Built target QtNodeEditor
[0.304s] [ 58%] [34m[1mAutomatic MOC and UIC for target behavior_tree_editor[0m
[0.372s] [ 58%] Built target behavior_tree_editor_autogen
[0.530s] [ 74%] Built target behavior_tree_editor
[0.612s] [ 76%] [34m[1mAutomatic MOC and UIC for target replay_test[0m
[0.612s] [ 76%] [34m[1mAutomatic MOC and UIC for target Groot[0m
[0.627s] [ 76%] [34m[1mAutomatic MOC and UIC for target editor_test[0m
[0.679s] [ 76%] Built target Groot_autogen
[0.700s] [ 76%] Built target replay_test_autogen
[0.715s] [ 76%] Built target editor_test_autogen
[0.782s] [ 82%] Built target Groot
[0.806s] [ 91%] Built target replay_test
[0.838s] [100%] Built target editor_test
[0.873s] Invoked command in '/home/denis/diploma_ws/build/groot' returned '0': AMENT_PREFIX_PATH=/home/denis/diploma_ws/install/behaviortree_cpp_v3:${AMENT_PREFIX_PATH} CMAKE_PREFIX_PATH=/home/denis/diploma_ws/install/behaviortree_cpp_v3:/opt/ros/humble LD_LIBRARY_PATH=/home/denis/diploma_ws/install/behaviortree_cpp_v3/lib:${LD_LIBRARY_PATH} PATH=/home/denis/diploma_ws/install/behaviortree_cpp_v3/bin:${PATH} /usr/bin/cmake --build /home/denis/diploma_ws/build/groot -- -j4 -l4
[1.040s] Invoking command in '/home/denis/diploma_ws/build/groot': AMENT_PREFIX_PATH=/home/denis/diploma_ws/install/behaviortree_cpp_v3:${AMENT_PREFIX_PATH} CMAKE_PREFIX_PATH=/home/denis/diploma_ws/install/behaviortree_cpp_v3:/opt/ros/humble LD_LIBRARY_PATH=/home/denis/diploma_ws/install/behaviortree_cpp_v3/lib:${LD_LIBRARY_PATH} PATH=/home/denis/diploma_ws/install/behaviortree_cpp_v3/bin:${PATH} /usr/bin/cmake --install /home/denis/diploma_ws/build/groot
[1.057s] -- Install configuration: ""
[1.059s] -- Up-to-date: /home/denis/diploma_ws/install/groot/lib/libbehavior_tree_editor.so
[1.061s] -- Up-to-date: /home/denis/diploma_ws/install/groot/lib/groot/Groot
[1.062s] -- Up-to-date: /home/denis/diploma_ws/install/groot/share/groot/environment/library_path.sh
[1.062s] -- Up-to-date: /home/denis/diploma_ws/install/groot/share/groot/environment/library_path.dsv
[1.062s] -- Up-to-date: /home/denis/diploma_ws/install/groot/share/ament_index/resource_index/package_run_dependencies/groot
[1.063s] -- Up-to-date: /home/denis/diploma_ws/install/groot/share/ament_index/resource_index/parent_prefix_path/groot
[1.063s] -- Up-to-date: /home/denis/diploma_ws/install/groot/share/groot/environment/ament_prefix_path.sh
[1.064s] -- Up-to-date: /home/denis/diploma_ws/install/groot/share/groot/environment/ament_prefix_path.dsv
[1.064s] -- Up-to-date: /home/denis/diploma_ws/install/groot/share/groot/environment/path.sh
[1.064s] -- Up-to-date: /home/denis/diploma_ws/install/groot/share/groot/environment/path.dsv
[1.064s] -- Up-to-date: /home/denis/diploma_ws/install/groot/share/groot/local_setup.bash
[1.065s] -- Up-to-date: /home/denis/diploma_ws/install/groot/share/groot/local_setup.sh
[1.065s] -- Up-to-date: /home/denis/diploma_ws/install/groot/share/groot/local_setup.zsh
[1.065s] -- Up-to-date: /home/denis/diploma_ws/install/groot/share/groot/local_setup.dsv
[1.065s] -- Installing: /home/denis/diploma_ws/install/groot/share/groot/package.dsv
[1.066s] -- Up-to-date: /home/denis/diploma_ws/install/groot/share/ament_index/resource_index/packages/groot
[1.066s] -- Up-to-date: /home/denis/diploma_ws/install/groot/share/groot/cmake/ament_cmake_export_include_directories-extras.cmake
[1.066s] -- Up-to-date: /home/denis/diploma_ws/install/groot/share/groot/cmake/ament_cmake_export_dependencies-extras.cmake
[1.066s] -- Up-to-date: /home/denis/diploma_ws/install/groot/share/groot/cmake/ament_cmake_export_libraries-extras.cmake
[1.066s] -- Up-to-date: /home/denis/diploma_ws/install/groot/share/groot/cmake/grootConfig.cmake
[1.066s] -- Up-to-date: /home/denis/diploma_ws/install/groot/share/groot/cmake/grootConfig-version.cmake
[1.067s] -- Up-to-date: /home/denis/diploma_ws/install/groot/share/groot/package.xml
[1.072s] Invoked command in '/home/denis/diploma_ws/build/groot' returned '0': AMENT_PREFIX_PATH=/home/denis/diploma_ws/install/behaviortree_cpp_v3:${AMENT_PREFIX_PATH} CMAKE_PREFIX_PATH=/home/denis/diploma_ws/install/behaviortree_cpp_v3:/opt/ros/humble LD_LIBRARY_PATH=/home/denis/diploma_ws/install/behaviortree_cpp_v3/lib:${LD_LIBRARY_PATH} PATH=/home/denis/diploma_ws/install/behaviortree_cpp_v3/bin:${PATH} /usr/bin/cmake --install /home/denis/diploma_ws/build/groot
