[0.068s] Invoking command in '/home/denis/diploma_ws/src/build/ssu': CMAKE_PREFIX_PATH=${CMAKE_PREFIX_PATH}:/opt/ros/humble /usr/bin/cmake --build /home/denis/diploma_ws/src/build/ssu -- -j4 -l4
[0.167s] -- Found ament_cmake: 1.3.8 (/opt/ros/humble/share/ament_cmake/cmake)
[0.533s] -- Found rclcpp: 16.0.8 (/opt/ros/humble/share/rclcpp/cmake)
[0.623s] -- Found rosidl_generator_c: 3.1.5 (/opt/ros/humble/share/rosidl_generator_c/cmake)
[0.631s] -- Found rosidl_adapter: 3.1.5 (/opt/ros/humble/share/rosidl_adapter/cmake)
[0.656s] -- Found rosidl_generator_cpp: 3.1.5 (/opt/ros/humble/share/rosidl_generator_cpp/cmake)
[0.700s] -- Using all available rosidl_typesupport_c: rosidl_typesupport_fastrtps_c;rosidl_typesupport_introspection_c
[0.789s] -- Using all available rosidl_typesupport_cpp: rosidl_typesupport_fastrtps_cpp;rosidl_typesupport_introspection_cpp
[1.036s] -- Found rmw_implementation_cmake: 6.1.1 (/opt/ros/humble/share/rmw_implementation_cmake/cmake)
[1.038s] -- Found rmw_fastrtps_cpp: 6.2.6 (/opt/ros/humble/share/rmw_fastrtps_cpp/cmake)
[1.608s] -- Using RMW implementation 'rmw_fastrtps_cpp' as default
[2.500s] -- Found sensor_msgs: 4.2.3 (/opt/ros/humble/share/sensor_msgs/cmake)
[3.192s] -- Found std_srvs: 4.2.3 (/opt/ros/humble/share/std_srvs/cmake)
[3.406s] -- Found ament_lint_auto: 0.12.10 (/opt/ros/humble/share/ament_lint_auto/cmake)
[4.005s] -- Added test 'cppcheck' to perform static code analysis on C / C++ code
[4.005s] -- Configured cppcheck include dirs: /home/denis/diploma_ws/src/ssu/include/ssu;$<BUILD_INTERFACE:/home/denis/diploma_ws/src/ssu/include>
[4.011s] -- Configured cppcheck exclude dirs and/or files: 
[4.011s] -- Added test 'flake8' to check Python code syntax and style conventions
[4.013s] -- Added test 'lint_cmake' to check CMake code style
[4.014s] -- Added test 'pep257' to check Python code against some of the docstring style conventions in PEP 257
[4.019s] -- Added test 'uncrustify' to check C / C++ code style
[4.019s] -- Configured uncrustify additional arguments: 
[4.031s] -- Added test 'xmllint' to check XML markup files
[4.033s] -- Configuring done
[4.078s] -- Generating done
[4.101s] -- Build files have been written to: /home/denis/diploma_ws/src/build/ssu
[4.223s] [35m[1mConsolidate compiler generated dependencies of target sensor_supervisitory_unit[0m
[4.349s] [100%] Built target sensor_supervisitory_unit
[4.436s] Invoked command in '/home/denis/diploma_ws/src/build/ssu' returned '0': CMAKE_PREFIX_PATH=${CMAKE_PREFIX_PATH}:/opt/ros/humble /usr/bin/cmake --build /home/denis/diploma_ws/src/build/ssu -- -j4 -l4
[4.597s] Invoking command in '/home/denis/diploma_ws/src/build/ssu': CMAKE_PREFIX_PATH=${CMAKE_PREFIX_PATH}:/opt/ros/humble /usr/bin/cmake --install /home/denis/diploma_ws/src/build/ssu
[4.630s] -- Install configuration: ""
[4.637s] -- Up-to-date: /home/denis/diploma_ws/src/install/ssu/lib/ssu/sensor_supervisitory_unit
[4.638s] -- Installing: /home/denis/diploma_ws/src/install/ssu/share/ssu/launch
[4.638s] -- Installing: /home/denis/diploma_ws/src/install/ssu/share/ssu/launch/sensor_supervisitory_unit.launch.py
[4.638s] -- Up-to-date: /home/denis/diploma_ws/src/install/ssu/share/ament_index/resource_index/package_run_dependencies/ssu
[4.639s] -- Installing: /home/denis/diploma_ws/src/install/ssu/share/ament_index/resource_index/parent_prefix_path/ssu
[4.639s] -- Up-to-date: /home/denis/diploma_ws/src/install/ssu/share/ssu/environment/ament_prefix_path.sh
[4.639s] -- Installing: /home/denis/diploma_ws/src/install/ssu/share/ssu/environment/ament_prefix_path.dsv
[4.640s] -- Up-to-date: /home/denis/diploma_ws/src/install/ssu/share/ssu/environment/path.sh
[4.640s] -- Installing: /home/denis/diploma_ws/src/install/ssu/share/ssu/environment/path.dsv
[4.640s] -- Up-to-date: /home/denis/diploma_ws/src/install/ssu/share/ssu/local_setup.bash
[4.640s] -- Up-to-date: /home/denis/diploma_ws/src/install/ssu/share/ssu/local_setup.sh
[4.641s] -- Up-to-date: /home/denis/diploma_ws/src/install/ssu/share/ssu/local_setup.zsh
[4.641s] -- Installing: /home/denis/diploma_ws/src/install/ssu/share/ssu/local_setup.dsv
[4.641s] -- Installing: /home/denis/diploma_ws/src/install/ssu/share/ssu/package.dsv
[4.641s] -- Up-to-date: /home/denis/diploma_ws/src/install/ssu/share/ament_index/resource_index/packages/ssu
[4.642s] -- Up-to-date: /home/denis/diploma_ws/src/install/ssu/share/ssu/cmake/ssuConfig.cmake
[4.642s] -- Up-to-date: /home/denis/diploma_ws/src/install/ssu/share/ssu/cmake/ssuConfig-version.cmake
[4.642s] -- Up-to-date: /home/denis/diploma_ws/src/install/ssu/share/ssu/package.xml
[4.651s] Invoked command in '/home/denis/diploma_ws/src/build/ssu' returned '0': CMAKE_PREFIX_PATH=${CMAKE_PREFIX_PATH}:/opt/ros/humble /usr/bin/cmake --install /home/denis/diploma_ws/src/build/ssu
