[0.133s] Invoking command in '/home/denis/diploma_ws/src/build/bt': CMAKE_PREFIX_PATH=/home/denis/diploma_ws/src/install/behaviortree_cpp_v3:/home/denis/diploma_ws/src/install/turtlebot3_simulations:/home/denis/diploma_ws/src/install/turtlebot3_navigation2:/home/denis/diploma_ws/src/install/turtlebot3_gazebo:/home/denis/diploma_ws/src/install/turtlebot3_fake_node:/home/denis/diploma_ws/src/install/ssu:/home/denis/diploma_ws/src/install/nav2_bringup:/home/denis/diploma_ws/src/install/groot:/home/denis/diploma_ws/src/install/fsu:/home/denis/diploma_ws/src/install/csu:/home/denis/diploma_ws/src/install/btcpp_ros2_interfaces:/home/denis/diploma_ws/src/install/bt:/opt/ros/humble LD_LIBRARY_PATH=/home/denis/diploma_ws/src/install/behaviortree_cpp_v3/lib:/home/denis/diploma_ws/src/install/groot/lib:/home/denis/diploma_ws/src/install/btcpp_ros2_interfaces/lib:/usr/lib/x86_64-linux-gnu/gazebo-11/plugins:/opt/ros/humble/opt/rviz_ogre_vendor/lib:/opt/ros/humble/lib/x86_64-linux-gnu:/opt/ros/humble/lib /usr/bin/cmake --build /home/denis/diploma_ws/src/build/bt -- -j4 -l4
[0.274s] -- Found ament_cmake: 1.3.8 (/opt/ros/humble/share/ament_cmake/cmake)
[0.822s] -- Found rclcpp: 16.0.8 (/opt/ros/humble/share/rclcpp/cmake)
[0.948s] -- Found rosidl_generator_c: 3.1.5 (/opt/ros/humble/share/rosidl_generator_c/cmake)
[0.964s] -- Found rosidl_adapter: 3.1.5 (/opt/ros/humble/share/rosidl_adapter/cmake)
[0.996s] -- Found rosidl_generator_cpp: 3.1.5 (/opt/ros/humble/share/rosidl_generator_cpp/cmake)
[1.062s] -- Using all available rosidl_typesupport_c: rosidl_typesupport_fastrtps_c;rosidl_typesupport_introspection_c
[1.162s] -- Using all available rosidl_typesupport_cpp: rosidl_typesupport_fastrtps_cpp;rosidl_typesupport_introspection_cpp
[1.391s] -- Found rmw_implementation_cmake: 6.1.1 (/opt/ros/humble/share/rmw_implementation_cmake/cmake)
[1.395s] -- Found rmw_fastrtps_cpp: 6.2.6 (/opt/ros/humble/share/rmw_fastrtps_cpp/cmake)
[1.805s] -- Using RMW implementation 'rmw_fastrtps_cpp' as default
[2.629s] -- Found std_srvs: 4.2.3 (/opt/ros/humble/share/std_srvs/cmake)
[2.683s] -- Found behaviortree_ros2: 0.2.0 (/home/denis/diploma_ws/install/behaviortree_ros2/share/behaviortree_ros2/cmake)
[3.131s] -- Found ament_lint_auto: 0.12.10 (/opt/ros/humble/share/ament_lint_auto/cmake)
[3.328s] -- Added test 'cppcheck' to perform static code analysis on C / C++ code
[3.329s] -- Configured cppcheck include dirs: /home/denis/diploma_ws/src/bt/include/bt
[3.329s] -- Configured cppcheck exclude dirs and/or files: 
[3.331s] -- Added test 'flake8' to check Python code syntax and style conventions
[3.333s] -- Added test 'lint_cmake' to check CMake code style
[3.335s] -- Added test 'pep257' to check Python code against some of the docstring style conventions in PEP 257
[3.339s] -- Added test 'uncrustify' to check C / C++ code style
[3.339s] -- Configured uncrustify additional arguments: 
[3.343s] -- Added test 'xmllint' to check XML markup files
[3.346s] -- Configuring done
[3.398s] -- Generating done
[3.402s] -- Build files have been written to: /home/denis/diploma_ws/src/build/bt
[3.512s] [35m[1mConsolidate compiler generated dependencies of target lidar_bt[0m
[3.613s] [ 50%] [32mBuilding CXX object CMakeFiles/lidar_bt.dir/src/lidar_bt.cpp.o[0m
[13.054s] In file included from [01m[K/opt/ros/humble/include/rclcpp/rclcpp/logging.hpp:24[m[K,
[13.054s]                  from [01m[K/opt/ros/humble/include/rclcpp/rclcpp/client.hpp:40[m[K,
[13.054s]                  from [01m[K/opt/ros/humble/include/rclcpp/rclcpp/callback_group.hpp:24[m[K,
[13.055s]                  from [01m[K/opt/ros/humble/include/rclcpp/rclcpp/any_executable.hpp:20[m[K,
[13.055s]                  from [01m[K/opt/ros/humble/include/rclcpp/rclcpp/memory_strategy.hpp:25[m[K,
[13.055s]                  from [01m[K/opt/ros/humble/include/rclcpp/rclcpp/memory_strategies.hpp:18[m[K,
[13.055s]                  from [01m[K/opt/ros/humble/include/rclcpp/rclcpp/executor_options.hpp:20[m[K,
[13.055s]                  from [01m[K/opt/ros/humble/include/rclcpp/rclcpp/executor.hpp:37[m[K,
[13.055s]                  from [01m[K/opt/ros/humble/include/rclcpp/rclcpp/executors/multi_threaded_executor.hpp:25[m[K,
[13.056s]                  from [01m[K/opt/ros/humble/include/rclcpp/rclcpp/executors.hpp:21[m[K,
[13.056s]                  from [01m[K/opt/ros/humble/include/rclcpp/rclcpp/rclcpp.hpp:155[m[K,
[13.056s]                  from [01m[K/home/denis/diploma_ws/src/bt/include/bt/lidar_check.hpp:5[m[K,
[13.056s]                  from [01m[K/home/denis/diploma_ws/src/bt/src/lidar_bt.cpp:1[m[K:
[13.056s] [01m[K/home/denis/diploma_ws/src/bt/src/lidar_bt.cpp:[m[K In function ‘[01m[Kint main(int, const char**)[m[K’:
[13.056s] [01m[K/home/denis/diploma_ws/src/bt/src/lidar_bt.cpp:40:49:[m[K [01;35m[Kwarning: [m[Kformat ‘[01m[K%d[m[K’ expects argument of type ‘[01m[Kint[m[K’, but argument 5 has type ‘[01m[KBT::NodeStatus[m[K’ [[01;35m[K]8;;https://gcc.gnu.org/onlinedocs/gcc/Warning-Options.html#index-Wformat=-Wformat=]8;;[m[K]
[13.057s]    40 |         RCLCPP_INFO(rclcpp::get_logger("root"), [01;35m[K"BT Status: %d"[m[K, [32m[Kstatus[m[K);
[13.057s]       |                                                 [01;35m[K^~~~~~~~~~~~~~~[m[K  [32m[K~~~~~~[m[K
[13.057s]       |                                                                  [32m[K|[m[K
[13.057s]       |                                                                  [32m[KBT::NodeStatus[m[K
[13.057s] [01m[K/home/denis/diploma_ws/src/bt/src/lidar_bt.cpp:40:62:[m[K [01;36m[Knote: [m[Kformat string is defined here
[13.057s]    40 |         RCLCPP_INFO(rclcpp::get_logger("root"), "BT Status: [01;36m[K%d[m[K", status);
[13.058s]       |                                                             [01;36m[K~^[m[K
[13.058s]       |                                                              [01;36m[K|[m[K
[13.058s]       |                                                              [01;36m[Kint[m[K
[17.673s] [100%] [32m[1mLinking CXX executable lidar_bt[0m
[18.565s] [100%] Built target lidar_bt
[18.596s] Invoked command in '/home/denis/diploma_ws/src/build/bt' returned '0': CMAKE_PREFIX_PATH=/home/denis/diploma_ws/src/install/behaviortree_cpp_v3:/home/denis/diploma_ws/src/install/turtlebot3_simulations:/home/denis/diploma_ws/src/install/turtlebot3_navigation2:/home/denis/diploma_ws/src/install/turtlebot3_gazebo:/home/denis/diploma_ws/src/install/turtlebot3_fake_node:/home/denis/diploma_ws/src/install/ssu:/home/denis/diploma_ws/src/install/nav2_bringup:/home/denis/diploma_ws/src/install/groot:/home/denis/diploma_ws/src/install/fsu:/home/denis/diploma_ws/src/install/csu:/home/denis/diploma_ws/src/install/btcpp_ros2_interfaces:/home/denis/diploma_ws/src/install/bt:/opt/ros/humble LD_LIBRARY_PATH=/home/denis/diploma_ws/src/install/behaviortree_cpp_v3/lib:/home/denis/diploma_ws/src/install/groot/lib:/home/denis/diploma_ws/src/install/btcpp_ros2_interfaces/lib:/usr/lib/x86_64-linux-gnu/gazebo-11/plugins:/opt/ros/humble/opt/rviz_ogre_vendor/lib:/opt/ros/humble/lib/x86_64-linux-gnu:/opt/ros/humble/lib /usr/bin/cmake --build /home/denis/diploma_ws/src/build/bt -- -j4 -l4
[18.682s] Invoking command in '/home/denis/diploma_ws/src/build/bt': CMAKE_PREFIX_PATH=/home/denis/diploma_ws/src/install/behaviortree_cpp_v3:/home/denis/diploma_ws/src/install/turtlebot3_simulations:/home/denis/diploma_ws/src/install/turtlebot3_navigation2:/home/denis/diploma_ws/src/install/turtlebot3_gazebo:/home/denis/diploma_ws/src/install/turtlebot3_fake_node:/home/denis/diploma_ws/src/install/ssu:/home/denis/diploma_ws/src/install/nav2_bringup:/home/denis/diploma_ws/src/install/groot:/home/denis/diploma_ws/src/install/fsu:/home/denis/diploma_ws/src/install/csu:/home/denis/diploma_ws/src/install/btcpp_ros2_interfaces:/home/denis/diploma_ws/src/install/bt:/opt/ros/humble LD_LIBRARY_PATH=/home/denis/diploma_ws/src/install/behaviortree_cpp_v3/lib:/home/denis/diploma_ws/src/install/groot/lib:/home/denis/diploma_ws/src/install/btcpp_ros2_interfaces/lib:/usr/lib/x86_64-linux-gnu/gazebo-11/plugins:/opt/ros/humble/opt/rviz_ogre_vendor/lib:/opt/ros/humble/lib/x86_64-linux-gnu:/opt/ros/humble/lib /usr/bin/cmake --install /home/denis/diploma_ws/src/build/bt
[18.702s] -- Install configuration: ""
[18.703s] -- Installing: /home/denis/diploma_ws/src/install/bt/lib/bt/lidar_bt
[18.717s] -- Set runtime path of "/home/denis/diploma_ws/src/install/bt/lib/bt/lidar_bt" to ""
[18.718s] -- Up-to-date: /home/denis/diploma_ws/src/install/bt/share/bt/resources
[18.719s] -- Installing: /home/denis/diploma_ws/src/install/bt/share/bt/resources/lidar_bt.xml
[18.722s] -- Up-to-date: /home/denis/diploma_ws/src/install/bt/share/bt/launch
[18.723s] -- Up-to-date: /home/denis/diploma_ws/src/install/bt/share/bt/launch/lidar_bt.launch.py
[18.724s] -- Up-to-date: /home/denis/diploma_ws/src/install/bt/share/ament_index/resource_index/package_run_dependencies/bt
[18.726s] -- Installing: /home/denis/diploma_ws/src/install/bt/share/ament_index/resource_index/parent_prefix_path/bt
[18.728s] -- Up-to-date: /home/denis/diploma_ws/src/install/bt/share/bt/environment/ament_prefix_path.sh
[18.729s] -- Installing: /home/denis/diploma_ws/src/install/bt/share/bt/environment/ament_prefix_path.dsv
[18.729s] -- Up-to-date: /home/denis/diploma_ws/src/install/bt/share/bt/environment/path.sh
[18.729s] -- Installing: /home/denis/diploma_ws/src/install/bt/share/bt/environment/path.dsv
[18.735s] -- Up-to-date: /home/denis/diploma_ws/src/install/bt/share/bt/local_setup.bash
[18.735s] -- Up-to-date: /home/denis/diploma_ws/src/install/bt/share/bt/local_setup.sh
[18.735s] -- Up-to-date: /home/denis/diploma_ws/src/install/bt/share/bt/local_setup.zsh
[18.736s] -- Installing: /home/denis/diploma_ws/src/install/bt/share/bt/local_setup.dsv
[18.736s] -- Installing: /home/denis/diploma_ws/src/install/bt/share/bt/package.dsv
[18.736s] -- Up-to-date: /home/denis/diploma_ws/src/install/bt/share/ament_index/resource_index/packages/bt
[18.736s] -- Up-to-date: /home/denis/diploma_ws/src/install/bt/share/bt/cmake/btConfig.cmake
[18.737s] -- Up-to-date: /home/denis/diploma_ws/src/install/bt/share/bt/cmake/btConfig-version.cmake
[18.737s] -- Installing: /home/denis/diploma_ws/src/install/bt/share/bt/package.xml
[18.744s] Invoked command in '/home/denis/diploma_ws/src/build/bt' returned '0': CMAKE_PREFIX_PATH=/home/denis/diploma_ws/src/install/behaviortree_cpp_v3:/home/denis/diploma_ws/src/install/turtlebot3_simulations:/home/denis/diploma_ws/src/install/turtlebot3_navigation2:/home/denis/diploma_ws/src/install/turtlebot3_gazebo:/home/denis/diploma_ws/src/install/turtlebot3_fake_node:/home/denis/diploma_ws/src/install/ssu:/home/denis/diploma_ws/src/install/nav2_bringup:/home/denis/diploma_ws/src/install/groot:/home/denis/diploma_ws/src/install/fsu:/home/denis/diploma_ws/src/install/csu:/home/denis/diploma_ws/src/install/btcpp_ros2_interfaces:/home/denis/diploma_ws/src/install/bt:/opt/ros/humble LD_LIBRARY_PATH=/home/denis/diploma_ws/src/install/behaviortree_cpp_v3/lib:/home/denis/diploma_ws/src/install/groot/lib:/home/denis/diploma_ws/src/install/btcpp_ros2_interfaces/lib:/usr/lib/x86_64-linux-gnu/gazebo-11/plugins:/opt/ros/humble/opt/rviz_ogre_vendor/lib:/opt/ros/humble/lib/x86_64-linux-gnu:/opt/ros/humble/lib /usr/bin/cmake --install /home/denis/diploma_ws/src/build/bt
