[0.020s] Invoking command in '/home/denis/diploma_ws/build/behaviortree_ros2': AMENT_PREFIX_PATH=/home/denis/diploma_ws/install/behaviortree_cpp:${AMENT_PREFIX_PATH} CMAKE_PREFIX_PATH=/home/denis/diploma_ws/install/behaviortree_cpp:/opt/ros/humble LD_LIBRARY_PATH=/home/denis/diploma_ws/install/behaviortree_cpp/lib:${LD_LIBRARY_PATH} PATH=/home/denis/diploma_ws/install/behaviortree_cpp/bin:${PATH} /usr/bin/cmake --build /home/denis/diploma_ws/build/behaviortree_ros2 -- -j4 -l4
[0.170s] [100%] Built target behaviortree_ros2
[0.187s] Invoked command in '/home/denis/diploma_ws/build/behaviortree_ros2' returned '0': AMENT_PREFIX_PATH=/home/denis/diploma_ws/install/behaviortree_cpp:${AMENT_PREFIX_PATH} CMAKE_PREFIX_PATH=/home/denis/diploma_ws/install/behaviortree_cpp:/opt/ros/humble LD_LIBRARY_PATH=/home/denis/diploma_ws/install/behaviortree_cpp/lib:${LD_LIBRARY_PATH} PATH=/home/denis/diploma_ws/install/behaviortree_cpp/bin:${PATH} /usr/bin/cmake --build /home/denis/diploma_ws/build/behaviortree_ros2 -- -j4 -l4
[0.234s] Invoking command in '/home/denis/diploma_ws/build/behaviortree_ros2': AMENT_PREFIX_PATH=/home/denis/diploma_ws/install/behaviortree_cpp:${AMENT_PREFIX_PATH} CMAKE_PREFIX_PATH=/home/denis/diploma_ws/install/behaviortree_cpp:/opt/ros/humble LD_LIBRARY_PATH=/home/denis/diploma_ws/install/behaviortree_cpp/lib:${LD_LIBRARY_PATH} PATH=/home/denis/diploma_ws/install/behaviortree_cpp/bin:${PATH} /usr/bin/cmake --install /home/denis/diploma_ws/build/behaviortree_ros2
[0.245s] -- Install configuration: ""
[0.246s] -- Up-to-date: /home/denis/diploma_ws/install/behaviortree_ros2/include/
[0.246s] -- Up-to-date: /home/denis/diploma_ws/install/behaviortree_ros2/include//behaviortree_ros2
[0.246s] -- Up-to-date: /home/denis/diploma_ws/install/behaviortree_ros2/include//behaviortree_ros2/ros_node_params.hpp
[0.246s] -- Up-to-date: /home/denis/diploma_ws/install/behaviortree_ros2/include//behaviortree_ros2/plugins.hpp
[0.246s] -- Up-to-date: /home/denis/diploma_ws/install/behaviortree_ros2/include//behaviortree_ros2/bt_topic_sub_node.hpp
[0.247s] -- Up-to-date: /home/denis/diploma_ws/install/behaviortree_ros2/include//behaviortree_ros2/bt_service_node.hpp
[0.247s] -- Up-to-date: /home/denis/diploma_ws/install/behaviortree_ros2/include//behaviortree_ros2/bt_topic_pub_node.hpp
[0.247s] -- Up-to-date: /home/denis/diploma_ws/install/behaviortree_ros2/include//behaviortree_ros2/bt_action_node.hpp
[0.247s] -- Up-to-date: /home/denis/diploma_ws/install/behaviortree_ros2/share/ament_index/resource_index/package_run_dependencies/behaviortree_ros2
[0.247s] -- Up-to-date: /home/denis/diploma_ws/install/behaviortree_ros2/share/ament_index/resource_index/parent_prefix_path/behaviortree_ros2
[0.247s] -- Up-to-date: /home/denis/diploma_ws/install/behaviortree_ros2/share/behaviortree_ros2/environment/ament_prefix_path.sh
[0.247s] -- Up-to-date: /home/denis/diploma_ws/install/behaviortree_ros2/share/behaviortree_ros2/environment/ament_prefix_path.dsv
[0.248s] -- Up-to-date: /home/denis/diploma_ws/install/behaviortree_ros2/share/behaviortree_ros2/environment/path.sh
[0.248s] -- Up-to-date: /home/denis/diploma_ws/install/behaviortree_ros2/share/behaviortree_ros2/environment/path.dsv
[0.248s] -- Up-to-date: /home/denis/diploma_ws/install/behaviortree_ros2/share/behaviortree_ros2/local_setup.bash
[0.248s] -- Up-to-date: /home/denis/diploma_ws/install/behaviortree_ros2/share/behaviortree_ros2/local_setup.sh
[0.248s] -- Up-to-date: /home/denis/diploma_ws/install/behaviortree_ros2/share/behaviortree_ros2/local_setup.zsh
[0.249s] -- Up-to-date: /home/denis/diploma_ws/install/behaviortree_ros2/share/behaviortree_ros2/local_setup.dsv
[0.249s] -- Installing: /home/denis/diploma_ws/install/behaviortree_ros2/share/behaviortree_ros2/package.dsv
[0.249s] -- Up-to-date: /home/denis/diploma_ws/install/behaviortree_ros2/share/ament_index/resource_index/packages/behaviortree_ros2
[0.249s] -- Up-to-date: /home/denis/diploma_ws/install/behaviortree_ros2/share/behaviortree_ros2/cmake/ament_cmake_export_include_directories-extras.cmake
[0.249s] -- Up-to-date: /home/denis/diploma_ws/install/behaviortree_ros2/share/behaviortree_ros2/cmake/ament_cmake_export_dependencies-extras.cmake
[0.249s] -- Up-to-date: /home/denis/diploma_ws/install/behaviortree_ros2/share/behaviortree_ros2/cmake/behaviortree_ros2Config.cmake
[0.249s] -- Up-to-date: /home/denis/diploma_ws/install/behaviortree_ros2/share/behaviortree_ros2/cmake/behaviortree_ros2Config-version.cmake
[0.249s] -- Up-to-date: /home/denis/diploma_ws/install/behaviortree_ros2/share/behaviortree_ros2/package.xml
[0.251s] Invoked command in '/home/denis/diploma_ws/build/behaviortree_ros2' returned '0': AMENT_PREFIX_PATH=/home/denis/diploma_ws/install/behaviortree_cpp:${AMENT_PREFIX_PATH} CMAKE_PREFIX_PATH=/home/denis/diploma_ws/install/behaviortree_cpp:/opt/ros/humble LD_LIBRARY_PATH=/home/denis/diploma_ws/install/behaviortree_cpp/lib:${LD_LIBRARY_PATH} PATH=/home/denis/diploma_ws/install/behaviortree_cpp/bin:${PATH} /usr/bin/cmake --install /home/denis/diploma_ws/build/behaviortree_ros2
