[0.048s] Invoking command in '/home/denis/diploma_ws/build/groot': CMAKE_PREFIX_PATH=/home/denis/diploma_ws/install/behaviortree_cpp_v3:/home/denis/diploma_ws/install/dms_interfaces:/home/denis/diploma_ws/install/turtlebot3_simulations:/home/denis/diploma_ws/install/turtlebot3_navigation2:/home/denis/diploma_ws/install/turtlebot3_gazebo:/home/denis/diploma_ws/install/turtlebot3_fake_node:/home/denis/diploma_ws/install/ssu:/home/denis/diploma_ws/install/groot:/home/denis/diploma_ws/install/fsu:/home/denis/diploma_ws/install/csu:/home/denis/diploma_ws/install/btcpp_ros2_samples:/home/denis/diploma_ws/install/btcpp_ros2_interfaces:/home/denis/diploma_ws/install/bt:/home/denis/diploma_ws/install/behaviortree_ros2:/home/denis/diploma_ws/install/behaviortree_cpp:/opt/ros/humble LD_LIBRARY_PATH=/home/denis/diploma_ws/install/behaviortree_cpp_v3/lib:/home/denis/diploma_ws/install/dms_interfaces/lib:/home/denis/diploma_ws/install/groot/lib:/home/denis/diploma_ws/install/btcpp_ros2_interfaces/lib:/home/denis/diploma_ws/install/behaviortree_cpp/lib:/usr/lib/x86_64-linux-gnu/gazebo-11/plugins:/opt/ros/humble/opt/rviz_ogre_vendor/lib:/opt/ros/humble/lib/x86_64-linux-gnu:/opt/ros/humble/lib /usr/bin/cmake --build /home/denis/diploma_ws/build/groot -- -j4 -l4
[0.156s] [  1%] [34m[1mAutomatic MOC and UIC for target QtNodeEditor[0m
[0.203s] [  1%] Built target QtNodeEditor_autogen
[0.271s] [35m[1mConsolidate compiler generated dependencies of target QtNodeEditor[0m
[0.451s] [ 57%] Built target QtNodeEditor
[0.504s] [ 58%] [34m[1mAutomatic MOC and UIC for target behavior_tree_editor[0m
[0.583s] [ 58%] Built target behavior_tree_editor_autogen
[0.639s] [35m[1mConsolidate compiler generated dependencies of target behavior_tree_editor[0m
[0.773s] [ 74%] Built target behavior_tree_editor
[0.837s] [ 75%] [34m[1mAutomatic MOC and UIC for target Groot[0m
[0.857s] [ 75%] [34m[1mAutomatic MOC and UIC for target editor_test[0m
[0.883s] [ 76%] [34m[1mAutomatic MOC and UIC for target replay_test[0m
[0.907s] [ 76%] Built target Groot_autogen
[0.942s] [ 76%] Built target editor_test_autogen
[0.971s] [ 76%] Built target replay_test_autogen
[0.978s] [35m[1mConsolidate compiler generated dependencies of target Groot[0m
[0.997s] [35m[1mConsolidate compiler generated dependencies of target editor_test[0m
[1.069s] [35m[1mConsolidate compiler generated dependencies of target replay_test[0m
[1.112s] [ 82%] Built target Groot
[1.130s] [ 91%] Built target editor_test
[1.171s] [100%] Built target replay_test
