[0.036s] Invoking command in '/home/denis/diploma_ws/build/groot': CMAKE_PREFIX_PATH=/home/denis/diploma_ws/install/behaviortree_cpp_v3:/home/denis/diploma_ws/install/turtlebot3_simulations:/home/denis/diploma_ws/install/turtlebot3_navigation2:/home/denis/diploma_ws/install/turtlebot3_gazebo:/home/denis/diploma_ws/install/turtlebot3_fake_node:/home/denis/diploma_ws/install/ssu:/home/denis/diploma_ws/install/nav2_bringup:/home/denis/diploma_ws/install/groot:/home/denis/diploma_ws/install/fsu:/home/denis/diploma_ws/install/csu:/home/denis/diploma_ws/install/bsu:/home/denis/diploma_ws/install/dms_interfaces:/home/denis/diploma_ws/install/btcpp_ros2_samples:/home/denis/diploma_ws/install/btcpp_ros2_interfaces:/home/denis/diploma_ws/install/bt:/home/denis/diploma_ws/install/behaviortree_ros2:/home/denis/diploma_ws/install/behaviortree_cpp:/opt/ros/humble LD_LIBRARY_PATH=/home/denis/diploma_ws/install/behaviortree_cpp_v3/lib:/home/denis/diploma_ws/install/groot/lib:/home/denis/diploma_ws/install/dms_interfaces/lib:/home/denis/diploma_ws/install/btcpp_ros2_interfaces/lib:/home/denis/diploma_ws/install/behaviortree_cpp/lib:/usr/lib/x86_64-linux-gnu/gazebo-11/plugins:/opt/ros/humble/opt/rviz_ogre_vendor/lib:/opt/ros/humble/lib/x86_64-linux-gnu:/opt/ros/humble/lib /usr/bin/cmake --build /home/denis/diploma_ws/build/groot -- -j4 -l4
[0.308s] [  1%] [34m[1mAutomatic MOC and UIC for target QtNodeEditor[0m
[0.409s] [  1%] Built target QtNodeEditor_autogen
[0.547s] [ 57%] Built target QtNodeEditor
[0.619s] [ 58%] [34m[1mAutomatic MOC and UIC for target behavior_tree_editor[0m
[0.704s] [ 58%] Built target behavior_tree_editor_autogen
[0.786s] [ 74%] Built target behavior_tree_editor
[0.849s] [ 75%] [34m[1mAutomatic MOC and UIC for target Groot[0m
[0.862s] [ 75%] [34m[1mAutomatic MOC and UIC for target editor_test[0m
[0.867s] [ 76%] [34m[1mAutomatic MOC and UIC for target replay_test[0m
[0.923s] [ 76%] Built target Groot_autogen
[0.933s] [ 76%] Built target editor_test_autogen
[0.953s] [ 76%] Built target replay_test_autogen
[1.040s] [ 82%] Built target Groot
[1.063s] [ 91%] Built target replay_test
[1.067s] [100%] Built target editor_test
[1.090s] Invoked command in '/home/denis/diploma_ws/build/groot' returned '0': CMAKE_PREFIX_PATH=/home/denis/diploma_ws/install/behaviortree_cpp_v3:/home/denis/diploma_ws/install/turtlebot3_simulations:/home/denis/diploma_ws/install/turtlebot3_navigation2:/home/denis/diploma_ws/install/turtlebot3_gazebo:/home/denis/diploma_ws/install/turtlebot3_fake_node:/home/denis/diploma_ws/install/ssu:/home/denis/diploma_ws/install/nav2_bringup:/home/denis/diploma_ws/install/groot:/home/denis/diploma_ws/install/fsu:/home/denis/diploma_ws/install/csu:/home/denis/diploma_ws/install/bsu:/home/denis/diploma_ws/install/dms_interfaces:/home/denis/diploma_ws/install/btcpp_ros2_samples:/home/denis/diploma_ws/install/btcpp_ros2_interfaces:/home/denis/diploma_ws/install/bt:/home/denis/diploma_ws/install/behaviortree_ros2:/home/denis/diploma_ws/install/behaviortree_cpp:/opt/ros/humble LD_LIBRARY_PATH=/home/denis/diploma_ws/install/behaviortree_cpp_v3/lib:/home/denis/diploma_ws/install/groot/lib:/home/denis/diploma_ws/install/dms_interfaces/lib:/home/denis/diploma_ws/install/btcpp_ros2_interfaces/lib:/home/denis/diploma_ws/install/behaviortree_cpp/lib:/usr/lib/x86_64-linux-gnu/gazebo-11/plugins:/opt/ros/humble/opt/rviz_ogre_vendor/lib:/opt/ros/humble/lib/x86_64-linux-gnu:/opt/ros/humble/lib /usr/bin/cmake --build /home/denis/diploma_ws/build/groot -- -j4 -l4
[1.315s] Invoking command in '/home/denis/diploma_ws/build/groot': CMAKE_PREFIX_PATH=/home/denis/diploma_ws/install/behaviortree_cpp_v3:/home/denis/diploma_ws/install/turtlebot3_simulations:/home/denis/diploma_ws/install/turtlebot3_navigation2:/home/denis/diploma_ws/install/turtlebot3_gazebo:/home/denis/diploma_ws/install/turtlebot3_fake_node:/home/denis/diploma_ws/install/ssu:/home/denis/diploma_ws/install/nav2_bringup:/home/denis/diploma_ws/install/groot:/home/denis/diploma_ws/install/fsu:/home/denis/diploma_ws/install/csu:/home/denis/diploma_ws/install/bsu:/home/denis/diploma_ws/install/dms_interfaces:/home/denis/diploma_ws/install/btcpp_ros2_samples:/home/denis/diploma_ws/install/btcpp_ros2_interfaces:/home/denis/diploma_ws/install/bt:/home/denis/diploma_ws/install/behaviortree_ros2:/home/denis/diploma_ws/install/behaviortree_cpp:/opt/ros/humble LD_LIBRARY_PATH=/home/denis/diploma_ws/install/behaviortree_cpp_v3/lib:/home/denis/diploma_ws/install/groot/lib:/home/denis/diploma_ws/install/dms_interfaces/lib:/home/denis/diploma_ws/install/btcpp_ros2_interfaces/lib:/home/denis/diploma_ws/install/behaviortree_cpp/lib:/usr/lib/x86_64-linux-gnu/gazebo-11/plugins:/opt/ros/humble/opt/rviz_ogre_vendor/lib:/opt/ros/humble/lib/x86_64-linux-gnu:/opt/ros/humble/lib /usr/bin/cmake --install /home/denis/diploma_ws/build/groot
[1.332s] -- Install configuration: ""
[1.334s] -- Up-to-date: /home/denis/diploma_ws/install/groot/lib/libbehavior_tree_editor.so
[1.336s] -- Up-to-date: /home/denis/diploma_ws/install/groot/lib/groot/Groot
[1.336s] -- Up-to-date: /home/denis/diploma_ws/install/groot/share/groot/environment/library_path.sh
[1.337s] -- Up-to-date: /home/denis/diploma_ws/install/groot/share/groot/environment/library_path.dsv
[1.337s] -- Up-to-date: /home/denis/diploma_ws/install/groot/share/ament_index/resource_index/package_run_dependencies/groot
[1.337s] -- Up-to-date: /home/denis/diploma_ws/install/groot/share/ament_index/resource_index/parent_prefix_path/groot
[1.338s] -- Up-to-date: /home/denis/diploma_ws/install/groot/share/groot/environment/ament_prefix_path.sh
[1.338s] -- Up-to-date: /home/denis/diploma_ws/install/groot/share/groot/environment/ament_prefix_path.dsv
[1.338s] -- Up-to-date: /home/denis/diploma_ws/install/groot/share/groot/environment/path.sh
[1.338s] -- Up-to-date: /home/denis/diploma_ws/install/groot/share/groot/environment/path.dsv
[1.339s] -- Up-to-date: /home/denis/diploma_ws/install/groot/share/groot/local_setup.bash
[1.339s] -- Up-to-date: /home/denis/diploma_ws/install/groot/share/groot/local_setup.sh
[1.339s] -- Up-to-date: /home/denis/diploma_ws/install/groot/share/groot/local_setup.zsh
[1.339s] -- Up-to-date: /home/denis/diploma_ws/install/groot/share/groot/local_setup.dsv
[1.340s] -- Installing: /home/denis/diploma_ws/install/groot/share/groot/package.dsv
[1.340s] -- Up-to-date: /home/denis/diploma_ws/install/groot/share/ament_index/resource_index/packages/groot
[1.341s] -- Up-to-date: /home/denis/diploma_ws/install/groot/share/groot/cmake/ament_cmake_export_include_directories-extras.cmake
[1.341s] -- Up-to-date: /home/denis/diploma_ws/install/groot/share/groot/cmake/ament_cmake_export_dependencies-extras.cmake
[1.341s] -- Up-to-date: /home/denis/diploma_ws/install/groot/share/groot/cmake/ament_cmake_export_libraries-extras.cmake
[1.341s] -- Up-to-date: /home/denis/diploma_ws/install/groot/share/groot/cmake/grootConfig.cmake
[1.341s] -- Up-to-date: /home/denis/diploma_ws/install/groot/share/groot/cmake/grootConfig-version.cmake
[1.342s] -- Up-to-date: /home/denis/diploma_ws/install/groot/share/groot/package.xml
[1.345s] Invoked command in '/home/denis/diploma_ws/build/groot' returned '0': CMAKE_PREFIX_PATH=/home/denis/diploma_ws/install/behaviortree_cpp_v3:/home/denis/diploma_ws/install/turtlebot3_simulations:/home/denis/diploma_ws/install/turtlebot3_navigation2:/home/denis/diploma_ws/install/turtlebot3_gazebo:/home/denis/diploma_ws/install/turtlebot3_fake_node:/home/denis/diploma_ws/install/ssu:/home/denis/diploma_ws/install/nav2_bringup:/home/denis/diploma_ws/install/groot:/home/denis/diploma_ws/install/fsu:/home/denis/diploma_ws/install/csu:/home/denis/diploma_ws/install/bsu:/home/denis/diploma_ws/install/dms_interfaces:/home/denis/diploma_ws/install/btcpp_ros2_samples:/home/denis/diploma_ws/install/btcpp_ros2_interfaces:/home/denis/diploma_ws/install/bt:/home/denis/diploma_ws/install/behaviortree_ros2:/home/denis/diploma_ws/install/behaviortree_cpp:/opt/ros/humble LD_LIBRARY_PATH=/home/denis/diploma_ws/install/behaviortree_cpp_v3/lib:/home/denis/diploma_ws/install/groot/lib:/home/denis/diploma_ws/install/dms_interfaces/lib:/home/denis/diploma_ws/install/btcpp_ros2_interfaces/lib:/home/denis/diploma_ws/install/behaviortree_cpp/lib:/usr/lib/x86_64-linux-gnu/gazebo-11/plugins:/opt/ros/humble/opt/rviz_ogre_vendor/lib:/opt/ros/humble/lib/x86_64-linux-gnu:/opt/ros/humble/lib /usr/bin/cmake --install /home/denis/diploma_ws/build/groot
