[0.045s] Invoking command in '/home/denis/diploma_ws/build/btcpp_ros2_interfaces': CMAKE_PREFIX_PATH=${CMAKE_PREFIX_PATH}:/opt/ros/humble /usr/bin/cmake --build /home/denis/diploma_ws/build/btcpp_ros2_interfaces -- -j4 -l4
[0.188s] [35m[1mConsolidate compiler generated dependencies of target btcpp_ros2_interfaces__rosidl_generator_c[0m
[0.237s] [  3%] Built target btcpp_ros2_interfaces__cpp
[0.293s] [ 12%] Built target btcpp_ros2_interfaces__rosidl_generator_c
[0.333s] [ 12%] Built target ament_cmake_python_copy_btcpp_ros2_interfaces
[0.357s] [35m[1mConsolidate compiler generated dependencies of target btcpp_ros2_interfaces__rosidl_typesupport_fastrtps_cpp[0m
[0.363s] [35m[1mConsolidate compiler generated dependencies of target btcpp_ros2_interfaces__rosidl_typesupport_cpp[0m
[0.373s] [35m[1mConsolidate compiler generated dependencies of target btcpp_ros2_interfaces__rosidl_typesupport_introspection_cpp[0m
[0.376s] [35m[1mConsolidate compiler generated dependencies of target btcpp_ros2_interfaces__rosidl_typesupport_fastrtps_c[0m
[0.451s] [ 22%] Built target btcpp_ros2_interfaces__rosidl_typesupport_cpp
[0.452s] [ 32%] Built target btcpp_ros2_interfaces__rosidl_typesupport_fastrtps_c
[0.456s] [ 41%] Built target btcpp_ros2_interfaces__rosidl_typesupport_fastrtps_cpp
[0.461s] [ 51%] Built target btcpp_ros2_interfaces__rosidl_typesupport_introspection_cpp
[0.497s] [35m[1mConsolidate compiler generated dependencies of target btcpp_ros2_interfaces__rosidl_typesupport_introspection_c[0m
[0.535s] [ 61%] Built target btcpp_ros2_interfaces__rosidl_typesupport_introspection_c
[0.578s] [35m[1mConsolidate compiler generated dependencies of target btcpp_ros2_interfaces__rosidl_typesupport_c[0m
[0.653s] [ 70%] Built target btcpp_ros2_interfaces__rosidl_typesupport_c
[0.780s] [ 70%] Built target btcpp_ros2_interfaces
[0.895s] [ 74%] Built target btcpp_ros2_interfaces__py
[0.936s] [35m[1mConsolidate compiler generated dependencies of target btcpp_ros2_interfaces__rosidl_generator_py[0m
[0.986s] [ 80%] Built target btcpp_ros2_interfaces__rosidl_generator_py
[1.024s] [35m[1mConsolidate compiler generated dependencies of target btcpp_ros2_interfaces__rosidl_typesupport_fastrtps_c__pyext[0m
[1.035s] [35m[1mConsolidate compiler generated dependencies of target btcpp_ros2_interfaces__rosidl_typesupport_introspection_c__pyext[0m
[1.075s] [35m[1mConsolidate compiler generated dependencies of target btcpp_ros2_interfaces__rosidl_typesupport_c__pyext[0m
[1.084s] [ 87%] Built target btcpp_ros2_interfaces__rosidl_typesupport_fastrtps_c__pyext
[1.095s] [ 93%] Built target btcpp_ros2_interfaces__rosidl_typesupport_introspection_c__pyext
[1.146s] [100%] Built target btcpp_ros2_interfaces__rosidl_typesupport_c__pyext
[1.536s] running egg_info
[1.538s] writing btcpp_ros2_interfaces.egg-info/PKG-INFO
[1.539s] writing dependency_links to btcpp_ros2_interfaces.egg-info/dependency_links.txt
[1.539s] writing top-level names to btcpp_ros2_interfaces.egg-info/top_level.txt
[1.552s] reading manifest file 'btcpp_ros2_interfaces.egg-info/SOURCES.txt'
[1.554s] writing manifest file 'btcpp_ros2_interfaces.egg-info/SOURCES.txt'
[1.625s] [100%] Built target ament_cmake_python_build_btcpp_ros2_interfaces_egg
[1.656s] Invoked command in '/home/denis/diploma_ws/build/btcpp_ros2_interfaces' returned '0': CMAKE_PREFIX_PATH=${CMAKE_PREFIX_PATH}:/opt/ros/humble /usr/bin/cmake --build /home/denis/diploma_ws/build/btcpp_ros2_interfaces -- -j4 -l4
[1.857s] Invoking command in '/home/denis/diploma_ws/build/btcpp_ros2_interfaces': CMAKE_PREFIX_PATH=${CMAKE_PREFIX_PATH}:/opt/ros/humble /usr/bin/cmake --install /home/denis/diploma_ws/build/btcpp_ros2_interfaces
[1.881s] -- Install configuration: ""
[1.882s] -- Up-to-date: /home/denis/diploma_ws/install/btcpp_ros2_interfaces/share/ament_index/resource_index/rosidl_interfaces/btcpp_ros2_interfaces
[1.882s] -- Up-to-date: /home/denis/diploma_ws/install/btcpp_ros2_interfaces/include/btcpp_ros2_interfaces/btcpp_ros2_interfaces
[1.883s] -- Up-to-date: /home/denis/diploma_ws/install/btcpp_ros2_interfaces/include/btcpp_ros2_interfaces/btcpp_ros2_interfaces/action
[1.883s] -- Up-to-date: /home/denis/diploma_ws/install/btcpp_ros2_interfaces/include/btcpp_ros2_interfaces/btcpp_ros2_interfaces/action/sleep.h
[1.883s] -- Up-to-date: /home/denis/diploma_ws/install/btcpp_ros2_interfaces/include/btcpp_ros2_interfaces/btcpp_ros2_interfaces/action/detail
[1.883s] -- Up-to-date: /home/denis/diploma_ws/install/btcpp_ros2_interfaces/include/btcpp_ros2_interfaces/btcpp_ros2_interfaces/action/detail/sleep__struct.h
[1.884s] -- Up-to-date: /home/denis/diploma_ws/install/btcpp_ros2_interfaces/include/btcpp_ros2_interfaces/btcpp_ros2_interfaces/action/detail/sleep__type_support.h
[1.884s] -- Up-to-date: /home/denis/diploma_ws/install/btcpp_ros2_interfaces/include/btcpp_ros2_interfaces/btcpp_ros2_interfaces/action/detail/sleep__functions.h
[1.884s] -- Up-to-date: /home/denis/diploma_ws/install/btcpp_ros2_interfaces/include/btcpp_ros2_interfaces/btcpp_ros2_interfaces/action/detail/sleep__functions.c
[1.885s] -- Up-to-date: /home/denis/diploma_ws/install/btcpp_ros2_interfaces/include/btcpp_ros2_interfaces/btcpp_ros2_interfaces/msg
[1.885s] -- Up-to-date: /home/denis/diploma_ws/install/btcpp_ros2_interfaces/include/btcpp_ros2_interfaces/btcpp_ros2_interfaces/msg/rosidl_generator_c__visibility_control.h
[1.885s] -- Up-to-date: /home/denis/diploma_ws/install/btcpp_ros2_interfaces/share/btcpp_ros2_interfaces/environment/library_path.sh
[1.885s] -- Up-to-date: /home/denis/diploma_ws/install/btcpp_ros2_interfaces/share/btcpp_ros2_interfaces/environment/library_path.dsv
[1.886s] -- Up-to-date: /home/denis/diploma_ws/install/btcpp_ros2_interfaces/lib/libbtcpp_ros2_interfaces__rosidl_generator_c.so
[1.886s] -- Up-to-date: /home/denis/diploma_ws/install/btcpp_ros2_interfaces/include/btcpp_ros2_interfaces/btcpp_ros2_interfaces
[1.886s] -- Up-to-date: /home/denis/diploma_ws/install/btcpp_ros2_interfaces/include/btcpp_ros2_interfaces/btcpp_ros2_interfaces/action
[1.886s] -- Up-to-date: /home/denis/diploma_ws/install/btcpp_ros2_interfaces/include/btcpp_ros2_interfaces/btcpp_ros2_interfaces/action/detail
[1.887s] -- Up-to-date: /home/denis/diploma_ws/install/btcpp_ros2_interfaces/include/btcpp_ros2_interfaces/btcpp_ros2_interfaces/action/detail/sleep__rosidl_typesupport_fastrtps_c.h
[1.887s] -- Up-to-date: /home/denis/diploma_ws/install/btcpp_ros2_interfaces/include/btcpp_ros2_interfaces/btcpp_ros2_interfaces/msg
[1.887s] -- Up-to-date: /home/denis/diploma_ws/install/btcpp_ros2_interfaces/include/btcpp_ros2_interfaces/btcpp_ros2_interfaces/msg/rosidl_typesupport_fastrtps_c__visibility_control.h
[1.887s] -- Up-to-date: /home/denis/diploma_ws/install/btcpp_ros2_interfaces/lib/libbtcpp_ros2_interfaces__rosidl_typesupport_fastrtps_c.so
[1.888s] -- Up-to-date: /home/denis/diploma_ws/install/btcpp_ros2_interfaces/include/btcpp_ros2_interfaces/btcpp_ros2_interfaces
[1.888s] -- Up-to-date: /home/denis/diploma_ws/install/btcpp_ros2_interfaces/include/btcpp_ros2_interfaces/btcpp_ros2_interfaces/action
[1.889s] -- Up-to-date: /home/denis/diploma_ws/install/btcpp_ros2_interfaces/include/btcpp_ros2_interfaces/btcpp_ros2_interfaces/action/detail
[1.889s] -- Up-to-date: /home/denis/diploma_ws/install/btcpp_ros2_interfaces/include/btcpp_ros2_interfaces/btcpp_ros2_interfaces/action/detail/sleep__rosidl_typesupport_introspection_c.h
[1.889s] -- Up-to-date: /home/denis/diploma_ws/install/btcpp_ros2_interfaces/include/btcpp_ros2_interfaces/btcpp_ros2_interfaces/action/detail/sleep__type_support.c
[1.890s] -- Up-to-date: /home/denis/diploma_ws/install/btcpp_ros2_interfaces/include/btcpp_ros2_interfaces/btcpp_ros2_interfaces/msg
[1.890s] -- Up-to-date: /home/denis/diploma_ws/install/btcpp_ros2_interfaces/include/btcpp_ros2_interfaces/btcpp_ros2_interfaces/msg/rosidl_typesupport_introspection_c__visibility_control.h
[1.890s] -- Up-to-date: /home/denis/diploma_ws/install/btcpp_ros2_interfaces/lib/libbtcpp_ros2_interfaces__rosidl_typesupport_introspection_c.so
[1.891s] -- Up-to-date: /home/denis/diploma_ws/install/btcpp_ros2_interfaces/lib/libbtcpp_ros2_interfaces__rosidl_typesupport_c.so
[1.891s] -- Up-to-date: /home/denis/diploma_ws/install/btcpp_ros2_interfaces/include/btcpp_ros2_interfaces/btcpp_ros2_interfaces
[1.891s] -- Up-to-date: /home/denis/diploma_ws/install/btcpp_ros2_interfaces/include/btcpp_ros2_interfaces/btcpp_ros2_interfaces/action
[1.892s] -- Up-to-date: /home/denis/diploma_ws/install/btcpp_ros2_interfaces/include/btcpp_ros2_interfaces/btcpp_ros2_interfaces/action/sleep.hpp
[1.892s] -- Up-to-date: /home/denis/diploma_ws/install/btcpp_ros2_interfaces/include/btcpp_ros2_interfaces/btcpp_ros2_interfaces/action/detail
[1.892s] -- Up-to-date: /home/denis/diploma_ws/install/btcpp_ros2_interfaces/include/btcpp_ros2_interfaces/btcpp_ros2_interfaces/action/detail/sleep__traits.hpp
[1.893s] -- Up-to-date: /home/denis/diploma_ws/install/btcpp_ros2_interfaces/include/btcpp_ros2_interfaces/btcpp_ros2_interfaces/action/detail/sleep__struct.hpp
[1.893s] -- Up-to-date: /home/denis/diploma_ws/install/btcpp_ros2_interfaces/include/btcpp_ros2_interfaces/btcpp_ros2_interfaces/action/detail/sleep__builder.hpp
[1.893s] -- Up-to-date: /home/denis/diploma_ws/install/btcpp_ros2_interfaces/include/btcpp_ros2_interfaces/btcpp_ros2_interfaces
[1.894s] -- Up-to-date: /home/denis/diploma_ws/install/btcpp_ros2_interfaces/include/btcpp_ros2_interfaces/btcpp_ros2_interfaces/action
[1.894s] -- Up-to-date: /home/denis/diploma_ws/install/btcpp_ros2_interfaces/include/btcpp_ros2_interfaces/btcpp_ros2_interfaces/action/detail
[1.894s] -- Up-to-date: /home/denis/diploma_ws/install/btcpp_ros2_interfaces/include/btcpp_ros2_interfaces/btcpp_ros2_interfaces/action/detail/dds_fastrtps
[1.895s] -- Up-to-date: /home/denis/diploma_ws/install/btcpp_ros2_interfaces/include/btcpp_ros2_interfaces/btcpp_ros2_interfaces/action/detail/sleep__rosidl_typesupport_fastrtps_cpp.hpp
[1.895s] -- Up-to-date: /home/denis/diploma_ws/install/btcpp_ros2_interfaces/include/btcpp_ros2_interfaces/btcpp_ros2_interfaces/msg
[1.896s] -- Up-to-date: /home/denis/diploma_ws/install/btcpp_ros2_interfaces/include/btcpp_ros2_interfaces/btcpp_ros2_interfaces/msg/rosidl_typesupport_fastrtps_cpp__visibility_control.h
[1.896s] -- Up-to-date: /home/denis/diploma_ws/install/btcpp_ros2_interfaces/lib/libbtcpp_ros2_interfaces__rosidl_typesupport_fastrtps_cpp.so
[1.896s] -- Up-to-date: /home/denis/diploma_ws/install/btcpp_ros2_interfaces/include/btcpp_ros2_interfaces/btcpp_ros2_interfaces
[1.897s] -- Up-to-date: /home/denis/diploma_ws/install/btcpp_ros2_interfaces/include/btcpp_ros2_interfaces/btcpp_ros2_interfaces/action
[1.897s] -- Up-to-date: /home/denis/diploma_ws/install/btcpp_ros2_interfaces/include/btcpp_ros2_interfaces/btcpp_ros2_interfaces/action/detail
[1.897s] -- Up-to-date: /home/denis/diploma_ws/install/btcpp_ros2_interfaces/include/btcpp_ros2_interfaces/btcpp_ros2_interfaces/action/detail/sleep__rosidl_typesupport_introspection_cpp.hpp
[1.897s] -- Up-to-date: /home/denis/diploma_ws/install/btcpp_ros2_interfaces/include/btcpp_ros2_interfaces/btcpp_ros2_interfaces/action/detail/sleep__type_support.cpp
[1.897s] -- Up-to-date: /home/denis/diploma_ws/install/btcpp_ros2_interfaces/lib/libbtcpp_ros2_interfaces__rosidl_typesupport_introspection_cpp.so
[1.898s] -- Up-to-date: /home/denis/diploma_ws/install/btcpp_ros2_interfaces/lib/libbtcpp_ros2_interfaces__rosidl_typesupport_cpp.so
[1.898s] -- Up-to-date: /home/denis/diploma_ws/install/btcpp_ros2_interfaces/share/btcpp_ros2_interfaces/environment/pythonpath.sh
[1.898s] -- Up-to-date: /home/denis/diploma_ws/install/btcpp_ros2_interfaces/share/btcpp_ros2_interfaces/environment/pythonpath.dsv
[1.899s] -- Up-to-date: /home/denis/diploma_ws/install/btcpp_ros2_interfaces/local/lib/python3.10/dist-packages/btcpp_ros2_interfaces-0.2.0-py3.10.egg-info
[1.899s] -- Installing: /home/denis/diploma_ws/install/btcpp_ros2_interfaces/local/lib/python3.10/dist-packages/btcpp_ros2_interfaces-0.2.0-py3.10.egg-info/SOURCES.txt
[1.899s] -- Installing: /home/denis/diploma_ws/install/btcpp_ros2_interfaces/local/lib/python3.10/dist-packages/btcpp_ros2_interfaces-0.2.0-py3.10.egg-info/dependency_links.txt
[1.899s] -- Installing: /home/denis/diploma_ws/install/btcpp_ros2_interfaces/local/lib/python3.10/dist-packages/btcpp_ros2_interfaces-0.2.0-py3.10.egg-info/PKG-INFO
[1.900s] -- Installing: /home/denis/diploma_ws/install/btcpp_ros2_interfaces/local/lib/python3.10/dist-packages/btcpp_ros2_interfaces-0.2.0-py3.10.egg-info/top_level.txt
[1.900s] -- Up-to-date: /home/denis/diploma_ws/install/btcpp_ros2_interfaces/local/lib/python3.10/dist-packages/btcpp_ros2_interfaces
[1.900s] -- Up-to-date: /home/denis/diploma_ws/install/btcpp_ros2_interfaces/local/lib/python3.10/dist-packages/btcpp_ros2_interfaces/btcpp_ros2_interfaces_s__rosidl_typesupport_introspection_c.cpython-310-x86_64-linux-gnu.so
[1.900s] -- Up-to-date: /home/denis/diploma_ws/install/btcpp_ros2_interfaces/local/lib/python3.10/dist-packages/btcpp_ros2_interfaces/btcpp_ros2_interfaces_s__rosidl_typesupport_c.cpython-310-x86_64-linux-gnu.so
[1.901s] -- Up-to-date: /home/denis/diploma_ws/install/btcpp_ros2_interfaces/local/lib/python3.10/dist-packages/btcpp_ros2_interfaces/btcpp_ros2_interfaces_s__rosidl_typesupport_fastrtps_c.cpython-310-x86_64-linux-gnu.so
[1.901s] -- Up-to-date: /home/denis/diploma_ws/install/btcpp_ros2_interfaces/local/lib/python3.10/dist-packages/btcpp_ros2_interfaces/action
[1.901s] -- Up-to-date: /home/denis/diploma_ws/install/btcpp_ros2_interfaces/local/lib/python3.10/dist-packages/btcpp_ros2_interfaces/action/_sleep_s.c
[1.901s] -- Up-to-date: /home/denis/diploma_ws/install/btcpp_ros2_interfaces/local/lib/python3.10/dist-packages/btcpp_ros2_interfaces/action/__init__.py
[1.902s] -- Up-to-date: /home/denis/diploma_ws/install/btcpp_ros2_interfaces/local/lib/python3.10/dist-packages/btcpp_ros2_interfaces/action/_sleep.py
[1.902s] -- Up-to-date: /home/denis/diploma_ws/install/btcpp_ros2_interfaces/local/lib/python3.10/dist-packages/btcpp_ros2_interfaces/_btcpp_ros2_interfaces_s.ep.rosidl_typesupport_c.c
[1.903s] -- Up-to-date: /home/denis/diploma_ws/install/btcpp_ros2_interfaces/local/lib/python3.10/dist-packages/btcpp_ros2_interfaces/_btcpp_ros2_interfaces_s.ep.rosidl_typesupport_introspection_c.c
[1.903s] -- Up-to-date: /home/denis/diploma_ws/install/btcpp_ros2_interfaces/local/lib/python3.10/dist-packages/btcpp_ros2_interfaces/__init__.py
[1.903s] -- Up-to-date: /home/denis/diploma_ws/install/btcpp_ros2_interfaces/local/lib/python3.10/dist-packages/btcpp_ros2_interfaces/_btcpp_ros2_interfaces_s.ep.rosidl_typesupport_fastrtps_c.c
[1.903s] -- Up-to-date: /home/denis/diploma_ws/install/btcpp_ros2_interfaces/local/lib/python3.10/dist-packages/btcpp_ros2_interfaces/libbtcpp_ros2_interfaces__rosidl_generator_py.so
[1.996s] Listing '/home/denis/diploma_ws/install/btcpp_ros2_interfaces/local/lib/python3.10/dist-packages/btcpp_ros2_interfaces'...
[1.996s] Listing '/home/denis/diploma_ws/install/btcpp_ros2_interfaces/local/lib/python3.10/dist-packages/btcpp_ros2_interfaces/action'...
[2.009s] -- Up-to-date: /home/denis/diploma_ws/install/btcpp_ros2_interfaces/local/lib/python3.10/dist-packages/btcpp_ros2_interfaces/btcpp_ros2_interfaces_s__rosidl_typesupport_fastrtps_c.cpython-310-x86_64-linux-gnu.so
[2.010s] -- Up-to-date: /home/denis/diploma_ws/install/btcpp_ros2_interfaces/local/lib/python3.10/dist-packages/btcpp_ros2_interfaces/btcpp_ros2_interfaces_s__rosidl_typesupport_introspection_c.cpython-310-x86_64-linux-gnu.so
[2.012s] -- Up-to-date: /home/denis/diploma_ws/install/btcpp_ros2_interfaces/local/lib/python3.10/dist-packages/btcpp_ros2_interfaces/btcpp_ros2_interfaces_s__rosidl_typesupport_c.cpython-310-x86_64-linux-gnu.so
[2.014s] -- Up-to-date: /home/denis/diploma_ws/install/btcpp_ros2_interfaces/lib/libbtcpp_ros2_interfaces__rosidl_generator_py.so
[2.014s] -- Up-to-date: /home/denis/diploma_ws/install/btcpp_ros2_interfaces/share/btcpp_ros2_interfaces/action/Sleep.idl
[2.014s] -- Up-to-date: /home/denis/diploma_ws/install/btcpp_ros2_interfaces/share/btcpp_ros2_interfaces/action/Sleep.action
[2.014s] -- Up-to-date: /home/denis/diploma_ws/install/btcpp_ros2_interfaces/share/ament_index/resource_index/package_run_dependencies/btcpp_ros2_interfaces
[2.015s] -- Up-to-date: /home/denis/diploma_ws/install/btcpp_ros2_interfaces/share/ament_index/resource_index/parent_prefix_path/btcpp_ros2_interfaces
[2.015s] -- Up-to-date: /home/denis/diploma_ws/install/btcpp_ros2_interfaces/share/btcpp_ros2_interfaces/environment/ament_prefix_path.sh
[2.015s] -- Up-to-date: /home/denis/diploma_ws/install/btcpp_ros2_interfaces/share/btcpp_ros2_interfaces/environment/ament_prefix_path.dsv
[2.016s] -- Up-to-date: /home/denis/diploma_ws/install/btcpp_ros2_interfaces/share/btcpp_ros2_interfaces/environment/path.sh
[2.016s] -- Up-to-date: /home/denis/diploma_ws/install/btcpp_ros2_interfaces/share/btcpp_ros2_interfaces/environment/path.dsv
[2.016s] -- Up-to-date: /home/denis/diploma_ws/install/btcpp_ros2_interfaces/share/btcpp_ros2_interfaces/local_setup.bash
[2.016s] -- Up-to-date: /home/denis/diploma_ws/install/btcpp_ros2_interfaces/share/btcpp_ros2_interfaces/local_setup.sh
[2.016s] -- Up-to-date: /home/denis/diploma_ws/install/btcpp_ros2_interfaces/share/btcpp_ros2_interfaces/local_setup.zsh
[2.017s] -- Up-to-date: /home/denis/diploma_ws/install/btcpp_ros2_interfaces/share/btcpp_ros2_interfaces/local_setup.dsv
[2.017s] -- Installing: /home/denis/diploma_ws/install/btcpp_ros2_interfaces/share/btcpp_ros2_interfaces/package.dsv
[2.017s] -- Up-to-date: /home/denis/diploma_ws/install/btcpp_ros2_interfaces/share/ament_index/resource_index/packages/btcpp_ros2_interfaces
[2.018s] -- Up-to-date: /home/denis/diploma_ws/install/btcpp_ros2_interfaces/share/btcpp_ros2_interfaces/cmake/export_btcpp_ros2_interfaces__rosidl_generator_cExport.cmake
[2.018s] -- Up-to-date: /home/denis/diploma_ws/install/btcpp_ros2_interfaces/share/btcpp_ros2_interfaces/cmake/export_btcpp_ros2_interfaces__rosidl_generator_cExport-noconfig.cmake
[2.018s] -- Up-to-date: /home/denis/diploma_ws/install/btcpp_ros2_interfaces/share/btcpp_ros2_interfaces/cmake/export_btcpp_ros2_interfaces__rosidl_typesupport_fastrtps_cExport.cmake
[2.018s] -- Up-to-date: /home/denis/diploma_ws/install/btcpp_ros2_interfaces/share/btcpp_ros2_interfaces/cmake/export_btcpp_ros2_interfaces__rosidl_typesupport_fastrtps_cExport-noconfig.cmake
[2.019s] -- Up-to-date: /home/denis/diploma_ws/install/btcpp_ros2_interfaces/share/btcpp_ros2_interfaces/cmake/btcpp_ros2_interfaces__rosidl_typesupport_introspection_cExport.cmake
[2.019s] -- Up-to-date: /home/denis/diploma_ws/install/btcpp_ros2_interfaces/share/btcpp_ros2_interfaces/cmake/btcpp_ros2_interfaces__rosidl_typesupport_introspection_cExport-noconfig.cmake
[2.019s] -- Up-to-date: /home/denis/diploma_ws/install/btcpp_ros2_interfaces/share/btcpp_ros2_interfaces/cmake/btcpp_ros2_interfaces__rosidl_typesupport_cExport.cmake
[2.020s] -- Up-to-date: /home/denis/diploma_ws/install/btcpp_ros2_interfaces/share/btcpp_ros2_interfaces/cmake/btcpp_ros2_interfaces__rosidl_typesupport_cExport-noconfig.cmake
[2.020s] -- Up-to-date: /home/denis/diploma_ws/install/btcpp_ros2_interfaces/share/btcpp_ros2_interfaces/cmake/export_btcpp_ros2_interfaces__rosidl_generator_cppExport.cmake
[2.020s] -- Up-to-date: /home/denis/diploma_ws/install/btcpp_ros2_interfaces/share/btcpp_ros2_interfaces/cmake/export_btcpp_ros2_interfaces__rosidl_typesupport_fastrtps_cppExport.cmake
[2.021s] -- Up-to-date: /home/denis/diploma_ws/install/btcpp_ros2_interfaces/share/btcpp_ros2_interfaces/cmake/export_btcpp_ros2_interfaces__rosidl_typesupport_fastrtps_cppExport-noconfig.cmake
[2.021s] -- Up-to-date: /home/denis/diploma_ws/install/btcpp_ros2_interfaces/share/btcpp_ros2_interfaces/cmake/btcpp_ros2_interfaces__rosidl_typesupport_introspection_cppExport.cmake
[2.021s] -- Up-to-date: /home/denis/diploma_ws/install/btcpp_ros2_interfaces/share/btcpp_ros2_interfaces/cmake/btcpp_ros2_interfaces__rosidl_typesupport_introspection_cppExport-noconfig.cmake
[2.021s] -- Up-to-date: /home/denis/diploma_ws/install/btcpp_ros2_interfaces/share/btcpp_ros2_interfaces/cmake/btcpp_ros2_interfaces__rosidl_typesupport_cppExport.cmake
[2.021s] -- Up-to-date: /home/denis/diploma_ws/install/btcpp_ros2_interfaces/share/btcpp_ros2_interfaces/cmake/btcpp_ros2_interfaces__rosidl_typesupport_cppExport-noconfig.cmake
[2.021s] -- Up-to-date: /home/denis/diploma_ws/install/btcpp_ros2_interfaces/share/btcpp_ros2_interfaces/cmake/export_btcpp_ros2_interfaces__rosidl_generator_pyExport.cmake
[2.022s] -- Up-to-date: /home/denis/diploma_ws/install/btcpp_ros2_interfaces/share/btcpp_ros2_interfaces/cmake/export_btcpp_ros2_interfaces__rosidl_generator_pyExport-noconfig.cmake
[2.022s] -- Up-to-date: /home/denis/diploma_ws/install/btcpp_ros2_interfaces/share/btcpp_ros2_interfaces/cmake/rosidl_cmake-extras.cmake
[2.022s] -- Up-to-date: /home/denis/diploma_ws/install/btcpp_ros2_interfaces/share/btcpp_ros2_interfaces/cmake/ament_cmake_export_dependencies-extras.cmake
[2.023s] -- Up-to-date: /home/denis/diploma_ws/install/btcpp_ros2_interfaces/share/btcpp_ros2_interfaces/cmake/ament_cmake_export_include_directories-extras.cmake
[2.024s] -- Up-to-date: /home/denis/diploma_ws/install/btcpp_ros2_interfaces/share/btcpp_ros2_interfaces/cmake/ament_cmake_export_libraries-extras.cmake
[2.026s] -- Up-to-date: /home/denis/diploma_ws/install/btcpp_ros2_interfaces/share/btcpp_ros2_interfaces/cmake/ament_cmake_export_targets-extras.cmake
[2.027s] -- Up-to-date: /home/denis/diploma_ws/install/btcpp_ros2_interfaces/share/btcpp_ros2_interfaces/cmake/rosidl_cmake_export_typesupport_targets-extras.cmake
[2.027s] -- Up-to-date: /home/denis/diploma_ws/install/btcpp_ros2_interfaces/share/btcpp_ros2_interfaces/cmake/rosidl_cmake_export_typesupport_libraries-extras.cmake
[2.027s] -- Up-to-date: /home/denis/diploma_ws/install/btcpp_ros2_interfaces/share/btcpp_ros2_interfaces/cmake/btcpp_ros2_interfacesConfig.cmake
[2.028s] -- Up-to-date: /home/denis/diploma_ws/install/btcpp_ros2_interfaces/share/btcpp_ros2_interfaces/cmake/btcpp_ros2_interfacesConfig-version.cmake
[2.029s] -- Up-to-date: /home/denis/diploma_ws/install/btcpp_ros2_interfaces/share/btcpp_ros2_interfaces/package.xml
[2.033s] Invoked command in '/home/denis/diploma_ws/build/btcpp_ros2_interfaces' returned '0': CMAKE_PREFIX_PATH=${CMAKE_PREFIX_PATH}:/opt/ros/humble /usr/bin/cmake --install /home/denis/diploma_ws/build/btcpp_ros2_interfaces
