[0.059s] Invoking command in '/home/denis/diploma_ws/build/nav2_bringup': CMAKE_PREFIX_PATH=${CMAKE_PREFIX_PATH}:/opt/ros/humble /usr/bin/cmake --build /home/denis/diploma_ws/build/nav2_bringup -- -j4 -l4
[0.259s] Invoked command in '/home/denis/diploma_ws/build/nav2_bringup' returned '0': CMAKE_PREFIX_PATH=${CMAKE_PREFIX_PATH}:/opt/ros/humble /usr/bin/cmake --build /home/denis/diploma_ws/build/nav2_bringup -- -j4 -l4
[0.565s] Invoking command in '/home/denis/diploma_ws/build/nav2_bringup': CMAKE_PREFIX_PATH=${CMAKE_PREFIX_PATH}:/opt/ros/humble /usr/bin/cmake --install /home/denis/diploma_ws/build/nav2_bringup
[0.616s] -- Install configuration: "Release"
[0.617s] -- Up-to-date: /home/denis/diploma_ws/install/nav2_bringup/share/nav2_bringup/launch
[0.618s] -- Up-to-date: /home/denis/diploma_ws/install/nav2_bringup/share/nav2_bringup/launch/navigation_launch.py
[0.618s] -- Up-to-date: /home/denis/diploma_ws/install/nav2_bringup/share/nav2_bringup/launch/tb3_simulation_launch.py
[0.618s] -- Up-to-date: /home/denis/diploma_ws/install/nav2_bringup/share/nav2_bringup/launch/unique_multi_tb3_simulation_launch.py
[0.619s] -- Up-to-date: /home/denis/diploma_ws/install/nav2_bringup/share/nav2_bringup/launch/bringup_launch.py
[0.619s] -- Up-to-date: /home/denis/diploma_ws/install/nav2_bringup/share/nav2_bringup/launch/rviz_launch.py
[0.619s] -- Up-to-date: /home/denis/diploma_ws/install/nav2_bringup/share/nav2_bringup/launch/slam_launch.py
[0.620s] -- Up-to-date: /home/denis/diploma_ws/install/nav2_bringup/share/nav2_bringup/launch/localization_launch.py
[0.620s] -- Up-to-date: /home/denis/diploma_ws/install/nav2_bringup/share/nav2_bringup/launch/cloned_multi_tb3_simulation_launch.py
[0.622s] -- Up-to-date: /home/denis/diploma_ws/install/nav2_bringup/share/nav2_bringup/maps
[0.622s] -- Up-to-date: /home/denis/diploma_ws/install/nav2_bringup/share/nav2_bringup/maps/turtlebot3_world.yaml
[0.623s] -- Up-to-date: /home/denis/diploma_ws/install/nav2_bringup/share/nav2_bringup/maps/turtlebot3_world.pgm
[0.623s] -- Up-to-date: /home/denis/diploma_ws/install/nav2_bringup/share/nav2_bringup/rviz
[0.624s] -- Up-to-date: /home/denis/diploma_ws/install/nav2_bringup/share/nav2_bringup/rviz/nav2_default_view.rviz
[0.624s] -- Up-to-date: /home/denis/diploma_ws/install/nav2_bringup/share/nav2_bringup/rviz/nav2_namespaced_view.rviz
[0.625s] -- Up-to-date: /home/denis/diploma_ws/install/nav2_bringup/share/nav2_bringup/worlds
[0.625s] -- Up-to-date: /home/denis/diploma_ws/install/nav2_bringup/share/nav2_bringup/worlds/waffle.model
[0.625s] -- Up-to-date: /home/denis/diploma_ws/install/nav2_bringup/share/nav2_bringup/worlds/world_only.model
[0.626s] -- Up-to-date: /home/denis/diploma_ws/install/nav2_bringup/share/nav2_bringup/params
[0.626s] -- Up-to-date: /home/denis/diploma_ws/install/nav2_bringup/share/nav2_bringup/params/nav2_multirobot_params_all.yaml
[0.626s] -- Up-to-date: /home/denis/diploma_ws/install/nav2_bringup/share/nav2_bringup/params/nav2_multirobot_params_2.yaml
[0.626s] -- Up-to-date: /home/denis/diploma_ws/install/nav2_bringup/share/nav2_bringup/params/nav2_multirobot_params_1.yaml
[0.627s] -- Up-to-date: /home/denis/diploma_ws/install/nav2_bringup/share/nav2_bringup/params/nav2_params.yaml
[0.627s] -- Up-to-date: /home/denis/diploma_ws/install/nav2_bringup/share/nav2_bringup/urdf
[0.627s] -- Up-to-date: /home/denis/diploma_ws/install/nav2_bringup/share/nav2_bringup/urdf/turtlebot3_waffle.urdf
[0.628s] -- Up-to-date: /home/denis/diploma_ws/install/nav2_bringup/share/ament_index/resource_index/package_run_dependencies/nav2_bringup
[0.628s] -- Up-to-date: /home/denis/diploma_ws/install/nav2_bringup/share/ament_index/resource_index/parent_prefix_path/nav2_bringup
[0.628s] -- Up-to-date: /home/denis/diploma_ws/install/nav2_bringup/share/nav2_bringup/environment/ament_prefix_path.sh
[0.628s] -- Up-to-date: /home/denis/diploma_ws/install/nav2_bringup/share/nav2_bringup/environment/ament_prefix_path.dsv
[0.644s] -- Up-to-date: /home/denis/diploma_ws/install/nav2_bringup/share/nav2_bringup/environment/path.sh
[0.645s] -- Up-to-date: /home/denis/diploma_ws/install/nav2_bringup/share/nav2_bringup/environment/path.dsv
[0.645s] -- Up-to-date: /home/denis/diploma_ws/install/nav2_bringup/share/nav2_bringup/local_setup.bash
[0.645s] -- Up-to-date: /home/denis/diploma_ws/install/nav2_bringup/share/nav2_bringup/local_setup.sh
[0.645s] -- Up-to-date: /home/denis/diploma_ws/install/nav2_bringup/share/nav2_bringup/local_setup.zsh
[0.645s] -- Up-to-date: /home/denis/diploma_ws/install/nav2_bringup/share/nav2_bringup/local_setup.dsv
[0.646s] -- Installing: /home/denis/diploma_ws/install/nav2_bringup/share/nav2_bringup/package.dsv
[0.646s] -- Up-to-date: /home/denis/diploma_ws/install/nav2_bringup/share/ament_index/resource_index/packages/nav2_bringup
[0.646s] -- Up-to-date: /home/denis/diploma_ws/install/nav2_bringup/share/nav2_bringup/cmake/nav2_bringupConfig.cmake
[0.646s] -- Up-to-date: /home/denis/diploma_ws/install/nav2_bringup/share/nav2_bringup/cmake/nav2_bringupConfig-version.cmake
[0.646s] -- Up-to-date: /home/denis/diploma_ws/install/nav2_bringup/share/nav2_bringup/package.xml
[0.647s] Invoked command in '/home/denis/diploma_ws/build/nav2_bringup' returned '0': CMAKE_PREFIX_PATH=${CMAKE_PREFIX_PATH}:/opt/ros/humble /usr/bin/cmake --install /home/denis/diploma_ws/build/nav2_bringup
