[0.450s] DEBUG:colcon:Command line arguments: ['/usr/bin/colcon', 'build', '--packages-select', 'bt']
[0.450s] DEBUG:colcon:Parsed command line arguments: Namespace(log_base=None, log_level=None, verb_name='build', build_base='build', install_base='install', merge_install=False, symlink_install=False, test_result_base=None, continue_on_error=False, executor='parallel', parallel_workers=4, event_handlers=None, ignore_user_meta=False, metas=['./colcon.meta'], base_paths=['.'], packages_ignore=None, packages_ignore_regex=None, paths=None, packages_up_to=None, packages_up_to_regex=None, packages_above=None, packages_above_and_dependencies=None, packages_above_depth=None, packages_select_by_dep=None, packages_skip_by_dep=None, packages_skip_up_to=None, packages_select_build_failed=False, packages_skip_build_finished=False, packages_select_test_failures=False, packages_skip_test_passed=False, packages_select=['bt'], packages_skip=None, packages_select_regex=None, packages_skip_regex=None, packages_start=None, packages_end=None, allow_overriding=[], cmake_args=None, cmake_target=None, cmake_target_skip_unavailable=False, cmake_clean_cache=False, cmake_clean_first=False, cmake_force_configure=False, ament_cmake_args=None, catkin_cmake_args=None, catkin_skip_building_tests=False, verb_parser=<colcon_defaults.argument_parser.defaults.DefaultArgumentsDecorator object at 0x727293644d30>, verb_extension=<colcon_core.verb.build.BuildVerb object at 0x7272936447f0>, main=<bound method BuildVerb.main of <colcon_core.verb.build.BuildVerb object at 0x7272936447f0>>)
[1.155s] Level 1:colcon.colcon_core.package_discovery:discover_packages(colcon_meta) check parameters
[1.155s] Level 1:colcon.colcon_core.package_discovery:discover_packages(recursive) check parameters
[1.155s] Level 1:colcon.colcon_core.package_discovery:discover_packages(ignore) check parameters
[1.156s] Level 1:colcon.colcon_core.package_discovery:discover_packages(path) check parameters
[1.156s] Level 1:colcon.colcon_core.package_discovery:discover_packages(colcon_meta) discover
[1.156s] Level 1:colcon.colcon_core.package_discovery:discover_packages(recursive) discover
[1.156s] INFO:colcon.colcon_core.package_discovery:Crawling recursively for packages in '/home/denis/diploma_ws'
[1.156s] Level 1:colcon.colcon_core.package_identification:_identify(.) by extensions ['ignore', 'ignore_ament_install']
[1.159s] Level 1:colcon.colcon_core.package_identification:_identify(.) by extension 'ignore'
[1.159s] Level 1:colcon.colcon_core.package_identification:_identify(.) by extension 'ignore_ament_install'
[1.159s] Level 1:colcon.colcon_core.package_identification:_identify(.) by extensions ['colcon_pkg']
[1.159s] Level 1:colcon.colcon_core.package_identification:_identify(.) by extension 'colcon_pkg'
[1.160s] Level 1:colcon.colcon_core.package_identification:_identify(.) by extensions ['colcon_meta']
[1.160s] Level 1:colcon.colcon_core.package_identification:_identify(.) by extension 'colcon_meta'
[1.160s] Level 1:colcon.colcon_core.package_identification:_identify(.) by extensions ['ros']
[1.160s] Level 1:colcon.colcon_core.package_identification:_identify(.) by extension 'ros'
[1.223s] Level 1:colcon.colcon_core.package_identification:_identify(.) by extensions ['cmake', 'python']
[1.224s] Level 1:colcon.colcon_core.package_identification:_identify(.) by extension 'cmake'
[1.224s] Level 1:colcon.colcon_core.package_identification:_identify(.) by extension 'python'
[1.224s] Level 1:colcon.colcon_core.package_identification:_identify(.) by extensions ['python_setup_py']
[1.225s] Level 1:colcon.colcon_core.package_identification:_identify(.) by extension 'python_setup_py'
[1.226s] Level 1:colcon.colcon_core.package_identification:_identify(build) by extensions ['ignore', 'ignore_ament_install']
[1.226s] Level 1:colcon.colcon_core.package_identification:_identify(build) by extension 'ignore'
[1.226s] Level 1:colcon.colcon_core.package_identification:_identify(build) ignored
[1.227s] Level 1:colcon.colcon_core.package_identification:_identify(install) by extensions ['ignore', 'ignore_ament_install']
[1.227s] Level 1:colcon.colcon_core.package_identification:_identify(install) by extension 'ignore'
[1.227s] Level 1:colcon.colcon_core.package_identification:_identify(install) ignored
[1.228s] Level 1:colcon.colcon_core.package_identification:_identify(log) by extensions ['ignore', 'ignore_ament_install']
[1.228s] Level 1:colcon.colcon_core.package_identification:_identify(log) by extension 'ignore'
[1.228s] Level 1:colcon.colcon_core.package_identification:_identify(log) ignored
[1.229s] Level 1:colcon.colcon_core.package_identification:_identify(src) by extensions ['ignore', 'ignore_ament_install']
[1.229s] Level 1:colcon.colcon_core.package_identification:_identify(src) by extension 'ignore'
[1.229s] Level 1:colcon.colcon_core.package_identification:_identify(src) by extension 'ignore_ament_install'
[1.229s] Level 1:colcon.colcon_core.package_identification:_identify(src) by extensions ['colcon_pkg']
[1.229s] Level 1:colcon.colcon_core.package_identification:_identify(src) by extension 'colcon_pkg'
[1.229s] Level 1:colcon.colcon_core.package_identification:_identify(src) by extensions ['colcon_meta']
[1.229s] Level 1:colcon.colcon_core.package_identification:_identify(src) by extension 'colcon_meta'
[1.229s] Level 1:colcon.colcon_core.package_identification:_identify(src) by extensions ['ros']
[1.229s] Level 1:colcon.colcon_core.package_identification:_identify(src) by extension 'ros'
[1.230s] Level 1:colcon.colcon_core.package_identification:_identify(src) by extensions ['cmake', 'python']
[1.230s] Level 1:colcon.colcon_core.package_identification:_identify(src) by extension 'cmake'
[1.230s] Level 1:colcon.colcon_core.package_identification:_identify(src) by extension 'python'
[1.230s] Level 1:colcon.colcon_core.package_identification:_identify(src) by extensions ['python_setup_py']
[1.235s] Level 1:colcon.colcon_core.package_identification:_identify(src) by extension 'python_setup_py'
[1.236s] Level 1:colcon.colcon_core.package_identification:_identify(src/BehaviorTree.CPP-3.8) by extensions ['ignore', 'ignore_ament_install']
[1.244s] Level 1:colcon.colcon_core.package_identification:_identify(src/BehaviorTree.CPP-3.8) by extension 'ignore'
[1.244s] Level 1:colcon.colcon_core.package_identification:_identify(src/BehaviorTree.CPP-3.8) by extension 'ignore_ament_install'
[1.244s] Level 1:colcon.colcon_core.package_identification:_identify(src/BehaviorTree.CPP-3.8) by extensions ['colcon_pkg']
[1.245s] Level 1:colcon.colcon_core.package_identification:_identify(src/BehaviorTree.CPP-3.8) by extension 'colcon_pkg'
[1.245s] Level 1:colcon.colcon_core.package_identification:_identify(src/BehaviorTree.CPP-3.8) by extensions ['colcon_meta']
[1.245s] Level 1:colcon.colcon_core.package_identification:_identify(src/BehaviorTree.CPP-3.8) by extension 'colcon_meta'
[1.245s] Level 1:colcon.colcon_core.package_identification:_identify(src/BehaviorTree.CPP-3.8) by extensions ['ros']
[1.245s] Level 1:colcon.colcon_core.package_identification:_identify(src/BehaviorTree.CPP-3.8) by extension 'ros'
[1.273s] DEBUG:colcon.colcon_core.package_identification:Package 'src/BehaviorTree.CPP-3.8' with type 'ros.ament_cmake' and name 'behaviortree_cpp_v3'
[1.273s] Level 1:colcon.colcon_core.package_identification:_identify(src/Groot) by extensions ['ignore', 'ignore_ament_install']
[1.273s] Level 1:colcon.colcon_core.package_identification:_identify(src/Groot) by extension 'ignore'
[1.274s] Level 1:colcon.colcon_core.package_identification:_identify(src/Groot) by extension 'ignore_ament_install'
[1.274s] Level 1:colcon.colcon_core.package_identification:_identify(src/Groot) by extensions ['colcon_pkg']
[1.274s] Level 1:colcon.colcon_core.package_identification:_identify(src/Groot) by extension 'colcon_pkg'
[1.274s] Level 1:colcon.colcon_core.package_identification:_identify(src/Groot) by extensions ['colcon_meta']
[1.274s] Level 1:colcon.colcon_core.package_identification:_identify(src/Groot) by extension 'colcon_meta'
[1.274s] Level 1:colcon.colcon_core.package_identification:_identify(src/Groot) by extensions ['ros']
[1.274s] Level 1:colcon.colcon_core.package_identification:_identify(src/Groot) by extension 'ros'
[1.282s] DEBUG:colcon.colcon_core.package_identification:Package 'src/Groot' with type 'ros.ament_cmake' and name 'groot'
[1.282s] Level 1:colcon.colcon_core.package_identification:_identify(src/bsu) by extensions ['ignore', 'ignore_ament_install']
[1.283s] Level 1:colcon.colcon_core.package_identification:_identify(src/bsu) by extension 'ignore'
[1.283s] Level 1:colcon.colcon_core.package_identification:_identify(src/bsu) by extension 'ignore_ament_install'
[1.283s] Level 1:colcon.colcon_core.package_identification:_identify(src/bsu) by extensions ['colcon_pkg']
[1.283s] Level 1:colcon.colcon_core.package_identification:_identify(src/bsu) by extension 'colcon_pkg'
[1.283s] Level 1:colcon.colcon_core.package_identification:_identify(src/bsu) by extensions ['colcon_meta']
[1.283s] Level 1:colcon.colcon_core.package_identification:_identify(src/bsu) by extension 'colcon_meta'
[1.283s] Level 1:colcon.colcon_core.package_identification:_identify(src/bsu) by extensions ['ros']
[1.283s] Level 1:colcon.colcon_core.package_identification:_identify(src/bsu) by extension 'ros'
[1.287s] DEBUG:colcon.colcon_core.package_identification:Package 'src/bsu' with type 'ros.ament_cmake' and name 'bsu'
[1.287s] Level 1:colcon.colcon_core.package_identification:_identify(src/bt) by extensions ['ignore', 'ignore_ament_install']
[1.287s] Level 1:colcon.colcon_core.package_identification:_identify(src/bt) by extension 'ignore'
[1.287s] Level 1:colcon.colcon_core.package_identification:_identify(src/bt) by extension 'ignore_ament_install'
[1.288s] Level 1:colcon.colcon_core.package_identification:_identify(src/bt) by extensions ['colcon_pkg']
[1.288s] Level 1:colcon.colcon_core.package_identification:_identify(src/bt) by extension 'colcon_pkg'
[1.288s] Level 1:colcon.colcon_core.package_identification:_identify(src/bt) by extensions ['colcon_meta']
[1.288s] Level 1:colcon.colcon_core.package_identification:_identify(src/bt) by extension 'colcon_meta'
[1.288s] Level 1:colcon.colcon_core.package_identification:_identify(src/bt) by extensions ['ros']
[1.288s] Level 1:colcon.colcon_core.package_identification:_identify(src/bt) by extension 'ros'
[1.291s] DEBUG:colcon.colcon_core.package_identification:Package 'src/bt' with type 'ros.ament_cmake' and name 'bt'
[1.292s] Level 1:colcon.colcon_core.package_identification:_identify(src/build) by extensions ['ignore', 'ignore_ament_install']
[1.292s] Level 1:colcon.colcon_core.package_identification:_identify(src/build) by extension 'ignore'
[1.292s] Level 1:colcon.colcon_core.package_identification:_identify(src/build) ignored
[1.293s] Level 1:colcon.colcon_core.package_identification:_identify(src/csu) by extensions ['ignore', 'ignore_ament_install']
[1.293s] Level 1:colcon.colcon_core.package_identification:_identify(src/csu) by extension 'ignore'
[1.293s] Level 1:colcon.colcon_core.package_identification:_identify(src/csu) by extension 'ignore_ament_install'
[1.293s] Level 1:colcon.colcon_core.package_identification:_identify(src/csu) by extensions ['colcon_pkg']
[1.293s] Level 1:colcon.colcon_core.package_identification:_identify(src/csu) by extension 'colcon_pkg'
[1.293s] Level 1:colcon.colcon_core.package_identification:_identify(src/csu) by extensions ['colcon_meta']
[1.294s] Level 1:colcon.colcon_core.package_identification:_identify(src/csu) by extension 'colcon_meta'
[1.294s] Level 1:colcon.colcon_core.package_identification:_identify(src/csu) by extensions ['ros']
[1.294s] Level 1:colcon.colcon_core.package_identification:_identify(src/csu) by extension 'ros'
[1.296s] DEBUG:colcon.colcon_core.package_identification:Package 'src/csu' with type 'ros.ament_cmake' and name 'csu'
[1.297s] Level 1:colcon.colcon_core.package_identification:_identify(src/dms_interfaces) by extensions ['ignore', 'ignore_ament_install']
[1.297s] Level 1:colcon.colcon_core.package_identification:_identify(src/dms_interfaces) by extension 'ignore'
[1.297s] Level 1:colcon.colcon_core.package_identification:_identify(src/dms_interfaces) by extension 'ignore_ament_install'
[1.297s] Level 1:colcon.colcon_core.package_identification:_identify(src/dms_interfaces) by extensions ['colcon_pkg']
[1.298s] Level 1:colcon.colcon_core.package_identification:_identify(src/dms_interfaces) by extension 'colcon_pkg'
[1.298s] Level 1:colcon.colcon_core.package_identification:_identify(src/dms_interfaces) by extensions ['colcon_meta']
[1.298s] Level 1:colcon.colcon_core.package_identification:_identify(src/dms_interfaces) by extension 'colcon_meta'
[1.298s] Level 1:colcon.colcon_core.package_identification:_identify(src/dms_interfaces) by extensions ['ros']
[1.299s] Level 1:colcon.colcon_core.package_identification:_identify(src/dms_interfaces) by extension 'ros'
[1.301s] DEBUG:colcon.colcon_core.package_identification:Package 'src/dms_interfaces' with type 'ros.ament_cmake' and name 'dms_interfaces'
[1.301s] Level 1:colcon.colcon_core.package_identification:_identify(src/fsu) by extensions ['ignore', 'ignore_ament_install']
[1.319s] Level 1:colcon.colcon_core.package_identification:_identify(src/fsu) by extension 'ignore'
[1.319s] Level 1:colcon.colcon_core.package_identification:_identify(src/fsu) by extension 'ignore_ament_install'
[1.319s] Level 1:colcon.colcon_core.package_identification:_identify(src/fsu) by extensions ['colcon_pkg']
[1.319s] Level 1:colcon.colcon_core.package_identification:_identify(src/fsu) by extension 'colcon_pkg'
[1.319s] Level 1:colcon.colcon_core.package_identification:_identify(src/fsu) by extensions ['colcon_meta']
[1.320s] Level 1:colcon.colcon_core.package_identification:_identify(src/fsu) by extension 'colcon_meta'
[1.320s] Level 1:colcon.colcon_core.package_identification:_identify(src/fsu) by extensions ['ros']
[1.320s] Level 1:colcon.colcon_core.package_identification:_identify(src/fsu) by extension 'ros'
[1.322s] DEBUG:colcon.colcon_core.package_identification:Package 'src/fsu' with type 'ros.ament_cmake' and name 'fsu'
[1.323s] Level 1:colcon.colcon_core.package_identification:_identify(src/install) by extensions ['ignore', 'ignore_ament_install']
[1.323s] Level 1:colcon.colcon_core.package_identification:_identify(src/install) by extension 'ignore'
[1.323s] Level 1:colcon.colcon_core.package_identification:_identify(src/install) ignored
[1.323s] Level 1:colcon.colcon_core.package_identification:_identify(src/log) by extensions ['ignore', 'ignore_ament_install']
[1.323s] Level 1:colcon.colcon_core.package_identification:_identify(src/log) by extension 'ignore'
[1.323s] Level 1:colcon.colcon_core.package_identification:_identify(src/log) ignored
[1.324s] Level 1:colcon.colcon_core.package_identification:_identify(src/nav2_bringup) by extensions ['ignore', 'ignore_ament_install']
[1.324s] Level 1:colcon.colcon_core.package_identification:_identify(src/nav2_bringup) by extension 'ignore'
[1.324s] Level 1:colcon.colcon_core.package_identification:_identify(src/nav2_bringup) by extension 'ignore_ament_install'
[1.324s] Level 1:colcon.colcon_core.package_identification:_identify(src/nav2_bringup) by extensions ['colcon_pkg']
[1.324s] Level 1:colcon.colcon_core.package_identification:_identify(src/nav2_bringup) by extension 'colcon_pkg'
[1.324s] Level 1:colcon.colcon_core.package_identification:_identify(src/nav2_bringup) by extensions ['colcon_meta']
[1.324s] Level 1:colcon.colcon_core.package_identification:_identify(src/nav2_bringup) by extension 'colcon_meta'
[1.325s] Level 1:colcon.colcon_core.package_identification:_identify(src/nav2_bringup) by extensions ['ros']
[1.325s] Level 1:colcon.colcon_core.package_identification:_identify(src/nav2_bringup) by extension 'ros'
[1.326s] DEBUG:colcon.colcon_core.package_identification:Package 'src/nav2_bringup' with type 'ros.ament_cmake' and name 'nav2_bringup'
[1.327s] Level 1:colcon.colcon_core.package_identification:_identify(src/nspu) by extensions ['ignore', 'ignore_ament_install']
[1.327s] Level 1:colcon.colcon_core.package_identification:_identify(src/nspu) by extension 'ignore'
[1.327s] Level 1:colcon.colcon_core.package_identification:_identify(src/nspu) by extension 'ignore_ament_install'
[1.328s] Level 1:colcon.colcon_core.package_identification:_identify(src/nspu) by extensions ['colcon_pkg']
[1.328s] Level 1:colcon.colcon_core.package_identification:_identify(src/nspu) by extension 'colcon_pkg'
[1.328s] Level 1:colcon.colcon_core.package_identification:_identify(src/nspu) by extensions ['colcon_meta']
[1.328s] Level 1:colcon.colcon_core.package_identification:_identify(src/nspu) by extension 'colcon_meta'
[1.329s] Level 1:colcon.colcon_core.package_identification:_identify(src/nspu) by extensions ['ros']
[1.329s] Level 1:colcon.colcon_core.package_identification:_identify(src/nspu) by extension 'ros'
[1.331s] DEBUG:colcon.colcon_core.package_identification:Package 'src/nspu' with type 'ros.ament_cmake' and name 'nspu'
[1.332s] Level 1:colcon.colcon_core.package_identification:_identify(src/ssu) by extensions ['ignore', 'ignore_ament_install']
[1.332s] Level 1:colcon.colcon_core.package_identification:_identify(src/ssu) by extension 'ignore'
[1.332s] Level 1:colcon.colcon_core.package_identification:_identify(src/ssu) by extension 'ignore_ament_install'
[1.332s] Level 1:colcon.colcon_core.package_identification:_identify(src/ssu) by extensions ['colcon_pkg']
[1.332s] Level 1:colcon.colcon_core.package_identification:_identify(src/ssu) by extension 'colcon_pkg'
[1.332s] Level 1:colcon.colcon_core.package_identification:_identify(src/ssu) by extensions ['colcon_meta']
[1.333s] Level 1:colcon.colcon_core.package_identification:_identify(src/ssu) by extension 'colcon_meta'
[1.333s] Level 1:colcon.colcon_core.package_identification:_identify(src/ssu) by extensions ['ros']
[1.333s] Level 1:colcon.colcon_core.package_identification:_identify(src/ssu) by extension 'ros'
[1.335s] DEBUG:colcon.colcon_core.package_identification:Package 'src/ssu' with type 'ros.ament_cmake' and name 'ssu'
[1.335s] Level 1:colcon.colcon_core.package_identification:_identify(src/turtlebot3_navigation2) by extensions ['ignore', 'ignore_ament_install']
[1.335s] Level 1:colcon.colcon_core.package_identification:_identify(src/turtlebot3_navigation2) by extension 'ignore'
[1.336s] Level 1:colcon.colcon_core.package_identification:_identify(src/turtlebot3_navigation2) by extension 'ignore_ament_install'
[1.336s] Level 1:colcon.colcon_core.package_identification:_identify(src/turtlebot3_navigation2) by extensions ['colcon_pkg']
[1.336s] Level 1:colcon.colcon_core.package_identification:_identify(src/turtlebot3_navigation2) by extension 'colcon_pkg'
[1.336s] Level 1:colcon.colcon_core.package_identification:_identify(src/turtlebot3_navigation2) by extensions ['colcon_meta']
[1.336s] Level 1:colcon.colcon_core.package_identification:_identify(src/turtlebot3_navigation2) by extension 'colcon_meta'
[1.336s] Level 1:colcon.colcon_core.package_identification:_identify(src/turtlebot3_navigation2) by extensions ['ros']
[1.336s] Level 1:colcon.colcon_core.package_identification:_identify(src/turtlebot3_navigation2) by extension 'ros'
[1.338s] DEBUG:colcon.colcon_core.package_identification:Package 'src/turtlebot3_navigation2' with type 'ros.ament_cmake' and name 'turtlebot3_navigation2'
[1.338s] Level 1:colcon.colcon_core.package_identification:_identify(src/turtlebot3_simulations) by extensions ['ignore', 'ignore_ament_install']
[1.339s] Level 1:colcon.colcon_core.package_identification:_identify(src/turtlebot3_simulations) by extension 'ignore'
[1.339s] Level 1:colcon.colcon_core.package_identification:_identify(src/turtlebot3_simulations) by extension 'ignore_ament_install'
[1.339s] Level 1:colcon.colcon_core.package_identification:_identify(src/turtlebot3_simulations) by extensions ['colcon_pkg']
[1.339s] Level 1:colcon.colcon_core.package_identification:_identify(src/turtlebot3_simulations) by extension 'colcon_pkg'
[1.339s] Level 1:colcon.colcon_core.package_identification:_identify(src/turtlebot3_simulations) by extensions ['colcon_meta']
[1.339s] Level 1:colcon.colcon_core.package_identification:_identify(src/turtlebot3_simulations) by extension 'colcon_meta'
[1.340s] Level 1:colcon.colcon_core.package_identification:_identify(src/turtlebot3_simulations) by extensions ['ros']
[1.340s] Level 1:colcon.colcon_core.package_identification:_identify(src/turtlebot3_simulations) by extension 'ros'
[1.340s] Level 1:colcon.colcon_core.package_identification:_identify(src/turtlebot3_simulations) by extensions ['cmake', 'python']
[1.340s] Level 1:colcon.colcon_core.package_identification:_identify(src/turtlebot3_simulations) by extension 'cmake'
[1.340s] Level 1:colcon.colcon_core.package_identification:_identify(src/turtlebot3_simulations) by extension 'python'
[1.340s] Level 1:colcon.colcon_core.package_identification:_identify(src/turtlebot3_simulations) by extensions ['python_setup_py']
[1.340s] Level 1:colcon.colcon_core.package_identification:_identify(src/turtlebot3_simulations) by extension 'python_setup_py'
[1.341s] Level 1:colcon.colcon_core.package_identification:_identify(src/turtlebot3_simulations/turtlebot3_fake_node) by extensions ['ignore', 'ignore_ament_install']
[1.341s] Level 1:colcon.colcon_core.package_identification:_identify(src/turtlebot3_simulations/turtlebot3_fake_node) by extension 'ignore'
[1.341s] Level 1:colcon.colcon_core.package_identification:_identify(src/turtlebot3_simulations/turtlebot3_fake_node) by extension 'ignore_ament_install'
[1.341s] Level 1:colcon.colcon_core.package_identification:_identify(src/turtlebot3_simulations/turtlebot3_fake_node) by extensions ['colcon_pkg']
[1.341s] Level 1:colcon.colcon_core.package_identification:_identify(src/turtlebot3_simulations/turtlebot3_fake_node) by extension 'colcon_pkg'
[1.341s] Level 1:colcon.colcon_core.package_identification:_identify(src/turtlebot3_simulations/turtlebot3_fake_node) by extensions ['colcon_meta']
[1.341s] Level 1:colcon.colcon_core.package_identification:_identify(src/turtlebot3_simulations/turtlebot3_fake_node) by extension 'colcon_meta'
[1.341s] Level 1:colcon.colcon_core.package_identification:_identify(src/turtlebot3_simulations/turtlebot3_fake_node) by extensions ['ros']
[1.342s] Level 1:colcon.colcon_core.package_identification:_identify(src/turtlebot3_simulations/turtlebot3_fake_node) by extension 'ros'
[1.345s] DEBUG:colcon.colcon_core.package_identification:Package 'src/turtlebot3_simulations/turtlebot3_fake_node' with type 'ros.ament_cmake' and name 'turtlebot3_fake_node'
[1.345s] Level 1:colcon.colcon_core.package_identification:_identify(src/turtlebot3_simulations/turtlebot3_gazebo) by extensions ['ignore', 'ignore_ament_install']
[1.345s] Level 1:colcon.colcon_core.package_identification:_identify(src/turtlebot3_simulations/turtlebot3_gazebo) by extension 'ignore'
[1.346s] Level 1:colcon.colcon_core.package_identification:_identify(src/turtlebot3_simulations/turtlebot3_gazebo) by extension 'ignore_ament_install'
[1.346s] Level 1:colcon.colcon_core.package_identification:_identify(src/turtlebot3_simulations/turtlebot3_gazebo) by extensions ['colcon_pkg']
[1.346s] Level 1:colcon.colcon_core.package_identification:_identify(src/turtlebot3_simulations/turtlebot3_gazebo) by extension 'colcon_pkg'
[1.346s] Level 1:colcon.colcon_core.package_identification:_identify(src/turtlebot3_simulations/turtlebot3_gazebo) by extensions ['colcon_meta']
[1.346s] Level 1:colcon.colcon_core.package_identification:_identify(src/turtlebot3_simulations/turtlebot3_gazebo) by extension 'colcon_meta'
[1.346s] Level 1:colcon.colcon_core.package_identification:_identify(src/turtlebot3_simulations/turtlebot3_gazebo) by extensions ['ros']
[1.346s] Level 1:colcon.colcon_core.package_identification:_identify(src/turtlebot3_simulations/turtlebot3_gazebo) by extension 'ros'
[1.349s] DEBUG:colcon.colcon_core.package_identification:Package 'src/turtlebot3_simulations/turtlebot3_gazebo' with type 'ros.ament_cmake' and name 'turtlebot3_gazebo'
[1.349s] Level 1:colcon.colcon_core.package_identification:_identify(src/turtlebot3_simulations/turtlebot3_simulations) by extensions ['ignore', 'ignore_ament_install']
[1.349s] Level 1:colcon.colcon_core.package_identification:_identify(src/turtlebot3_simulations/turtlebot3_simulations) by extension 'ignore'
[1.350s] Level 1:colcon.colcon_core.package_identification:_identify(src/turtlebot3_simulations/turtlebot3_simulations) by extension 'ignore_ament_install'
[1.350s] Level 1:colcon.colcon_core.package_identification:_identify(src/turtlebot3_simulations/turtlebot3_simulations) by extensions ['colcon_pkg']
[1.350s] Level 1:colcon.colcon_core.package_identification:_identify(src/turtlebot3_simulations/turtlebot3_simulations) by extension 'colcon_pkg'
[1.350s] Level 1:colcon.colcon_core.package_identification:_identify(src/turtlebot3_simulations/turtlebot3_simulations) by extensions ['colcon_meta']
[1.350s] Level 1:colcon.colcon_core.package_identification:_identify(src/turtlebot3_simulations/turtlebot3_simulations) by extension 'colcon_meta'
[1.350s] Level 1:colcon.colcon_core.package_identification:_identify(src/turtlebot3_simulations/turtlebot3_simulations) by extensions ['ros']
[1.350s] Level 1:colcon.colcon_core.package_identification:_identify(src/turtlebot3_simulations/turtlebot3_simulations) by extension 'ros'
[1.352s] DEBUG:colcon.colcon_core.package_identification:Package 'src/turtlebot3_simulations/turtlebot3_simulations' with type 'ros.ament_cmake' and name 'turtlebot3_simulations'
[1.352s] Level 1:colcon.colcon_core.package_discovery:discover_packages(recursive) using defaults
[1.352s] Level 1:colcon.colcon_core.package_discovery:discover_packages(ignore) discover
[1.352s] Level 1:colcon.colcon_core.package_discovery:discover_packages(ignore) using defaults
[1.352s] Level 1:colcon.colcon_core.package_discovery:discover_packages(path) discover
[1.352s] Level 1:colcon.colcon_core.package_discovery:discover_packages(path) using defaults
[1.427s] INFO:colcon.colcon_core.package_selection:Skipping not selected package 'behaviortree_cpp_v3' in 'src/BehaviorTree.CPP-3.8'
[1.428s] INFO:colcon.colcon_core.package_selection:Skipping not selected package 'dms_interfaces' in 'src/dms_interfaces'
[1.428s] INFO:colcon.colcon_core.package_selection:Skipping not selected package 'fsu' in 'src/fsu'
[1.428s] INFO:colcon.colcon_core.package_selection:Skipping not selected package 'nav2_bringup' in 'src/nav2_bringup'
[1.428s] INFO:colcon.colcon_core.package_selection:Skipping not selected package 'ssu' in 'src/ssu'
[1.428s] INFO:colcon.colcon_core.package_selection:Skipping not selected package 'turtlebot3_fake_node' in 'src/turtlebot3_simulations/turtlebot3_fake_node'
[1.428s] INFO:colcon.colcon_core.package_selection:Skipping not selected package 'turtlebot3_gazebo' in 'src/turtlebot3_simulations/turtlebot3_gazebo'
[1.428s] INFO:colcon.colcon_core.package_selection:Skipping not selected package 'bsu' in 'src/bsu'
[1.428s] INFO:colcon.colcon_core.package_selection:Skipping not selected package 'csu' in 'src/csu'
[1.428s] INFO:colcon.colcon_core.package_selection:Skipping not selected package 'groot' in 'src/Groot'
[1.428s] INFO:colcon.colcon_core.package_selection:Skipping not selected package 'nspu' in 'src/nspu'
[1.428s] INFO:colcon.colcon_core.package_selection:Skipping not selected package 'turtlebot3_navigation2' in 'src/turtlebot3_navigation2'
[1.429s] INFO:colcon.colcon_core.package_selection:Skipping not selected package 'turtlebot3_simulations' in 'src/turtlebot3_simulations/turtlebot3_simulations'
[1.430s] Level 1:colcon.colcon_core.package_discovery:discover_packages(prefix_path) check parameters
[1.430s] Level 1:colcon.colcon_core.package_discovery:discover_packages(prefix_path) discover
[1.441s] DEBUG:colcon.colcon_installed_package_information.package_discovery:Found 18 installed packages in /home/denis/diploma_ws/install
[1.449s] DEBUG:colcon.colcon_installed_package_information.package_discovery:Found 356 installed packages in /opt/ros/humble
[1.465s] Level 1:colcon.colcon_core.package_discovery:discover_packages(prefix_path) using defaults
[1.650s] Level 5:colcon.colcon_core.verb:set package 'bt' build argument 'cmake_args' from command line to 'None'
[1.651s] Level 5:colcon.colcon_core.verb:set package 'bt' build argument 'cmake_target' from command line to 'None'
[1.651s] Level 5:colcon.colcon_core.verb:set package 'bt' build argument 'cmake_target_skip_unavailable' from command line to 'False'
[1.652s] Level 5:colcon.colcon_core.verb:set package 'bt' build argument 'cmake_clean_cache' from command line to 'False'
[1.652s] Level 5:colcon.colcon_core.verb:set package 'bt' build argument 'cmake_clean_first' from command line to 'False'
[1.652s] Level 5:colcon.colcon_core.verb:set package 'bt' build argument 'cmake_force_configure' from command line to 'False'
[1.652s] Level 5:colcon.colcon_core.verb:set package 'bt' build argument 'ament_cmake_args' from command line to 'None'
[1.652s] Level 5:colcon.colcon_core.verb:set package 'bt' build argument 'catkin_cmake_args' from command line to 'None'
[1.652s] Level 5:colcon.colcon_core.verb:set package 'bt' build argument 'catkin_skip_building_tests' from command line to 'False'
[1.653s] DEBUG:colcon.colcon_core.verb:Building package 'bt' with the following arguments: {'ament_cmake_args': None, 'build_base': '/home/denis/diploma_ws/build/bt', 'catkin_cmake_args': None, 'catkin_skip_building_tests': False, 'cmake_args': None, 'cmake_clean_cache': False, 'cmake_clean_first': False, 'cmake_force_configure': False, 'cmake_target': None, 'cmake_target_skip_unavailable': False, 'install_base': '/home/denis/diploma_ws/install/bt', 'merge_install': False, 'path': '/home/denis/diploma_ws/src/bt', 'symlink_install': False, 'test_result_base': None}
[1.653s] INFO:colcon.colcon_core.executor:Executing jobs using 'parallel' executor
[1.655s] DEBUG:colcon.colcon_parallel_executor.executor.parallel:run_until_complete
[1.655s] INFO:colcon.colcon_ros.task.ament_cmake.build:Building ROS package in '/home/denis/diploma_ws/src/bt' with build type 'ament_cmake'
[1.656s] INFO:colcon.colcon_cmake.task.cmake.build:Building CMake package in '/home/denis/diploma_ws/src/bt'
[1.662s] INFO:colcon.colcon_core.plugin_system:Skipping extension 'colcon_core.shell.bat': Not used on non-Windows systems
[1.663s] INFO:colcon.colcon_core.shell:Skip shell extension 'powershell' for command environment: Not usable outside of PowerShell
[1.663s] DEBUG:colcon.colcon_core.shell:Skip shell extension 'dsv' for command environment
[1.714s] DEBUG:colcon.colcon_core.event_handler.log_command:Invoking command in '/home/denis/diploma_ws/build/bt': CMAKE_PREFIX_PATH=/home/denis/diploma_ws/install/dms_interfaces:/home/denis/diploma_ws/install/behaviortree_cpp_v3:/home/denis/diploma_ws/install/turtlebot3_simulations:/home/denis/diploma_ws/install/turtlebot3_navigation2:/home/denis/diploma_ws/install/turtlebot3_gazebo:/home/denis/diploma_ws/install/turtlebot3_fake_node:/home/denis/diploma_ws/install/ssu:/home/denis/diploma_ws/install/nspu:/home/denis/diploma_ws/install/nav2_bringup:/home/denis/diploma_ws/install/groot:/home/denis/diploma_ws/install/fsu:/home/denis/diploma_ws/install/csu:/home/denis/diploma_ws/install/bt:/home/denis/diploma_ws/install/bsu:/home/denis/diploma_ws/install/btcpp_ros2_samples:/home/denis/diploma_ws/install/btcpp_ros2_interfaces:/home/denis/diploma_ws/install/behaviortree_ros2:/home/denis/diploma_ws/install/behaviortree_cpp:/opt/ros/humble LD_LIBRARY_PATH=/home/denis/diploma_ws/install/dms_interfaces/lib:/home/denis/diploma_ws/install/behaviortree_cpp_v3/lib:/home/denis/diploma_ws/install/groot/lib:/home/denis/diploma_ws/install/btcpp_ros2_interfaces/lib:/home/denis/diploma_ws/install/behaviortree_cpp/lib:/usr/lib/x86_64-linux-gnu/gazebo-11/plugins:/opt/ros/humble/opt/rviz_ogre_vendor/lib:/opt/ros/humble/lib/x86_64-linux-gnu:/opt/ros/humble/lib /usr/bin/cmake --build /home/denis/diploma_ws/build/bt -- -j4 -l4
[24.053s] DEBUG:colcon.colcon_core.event_handler.log_command:Invoked command in '/home/denis/diploma_ws/build/bt' returned '0': CMAKE_PREFIX_PATH=/home/denis/diploma_ws/install/dms_interfaces:/home/denis/diploma_ws/install/behaviortree_cpp_v3:/home/denis/diploma_ws/install/turtlebot3_simulations:/home/denis/diploma_ws/install/turtlebot3_navigation2:/home/denis/diploma_ws/install/turtlebot3_gazebo:/home/denis/diploma_ws/install/turtlebot3_fake_node:/home/denis/diploma_ws/install/ssu:/home/denis/diploma_ws/install/nspu:/home/denis/diploma_ws/install/nav2_bringup:/home/denis/diploma_ws/install/groot:/home/denis/diploma_ws/install/fsu:/home/denis/diploma_ws/install/csu:/home/denis/diploma_ws/install/bt:/home/denis/diploma_ws/install/bsu:/home/denis/diploma_ws/install/btcpp_ros2_samples:/home/denis/diploma_ws/install/btcpp_ros2_interfaces:/home/denis/diploma_ws/install/behaviortree_ros2:/home/denis/diploma_ws/install/behaviortree_cpp:/opt/ros/humble LD_LIBRARY_PATH=/home/denis/diploma_ws/install/dms_interfaces/lib:/home/denis/diploma_ws/install/behaviortree_cpp_v3/lib:/home/denis/diploma_ws/install/groot/lib:/home/denis/diploma_ws/install/btcpp_ros2_interfaces/lib:/home/denis/diploma_ws/install/behaviortree_cpp/lib:/usr/lib/x86_64-linux-gnu/gazebo-11/plugins:/opt/ros/humble/opt/rviz_ogre_vendor/lib:/opt/ros/humble/lib/x86_64-linux-gnu:/opt/ros/humble/lib /usr/bin/cmake --build /home/denis/diploma_ws/build/bt -- -j4 -l4
[24.197s] DEBUG:colcon.colcon_core.event_handler.log_command:Invoking command in '/home/denis/diploma_ws/build/bt': CMAKE_PREFIX_PATH=/home/denis/diploma_ws/install/dms_interfaces:/home/denis/diploma_ws/install/behaviortree_cpp_v3:/home/denis/diploma_ws/install/turtlebot3_simulations:/home/denis/diploma_ws/install/turtlebot3_navigation2:/home/denis/diploma_ws/install/turtlebot3_gazebo:/home/denis/diploma_ws/install/turtlebot3_fake_node:/home/denis/diploma_ws/install/ssu:/home/denis/diploma_ws/install/nspu:/home/denis/diploma_ws/install/nav2_bringup:/home/denis/diploma_ws/install/groot:/home/denis/diploma_ws/install/fsu:/home/denis/diploma_ws/install/csu:/home/denis/diploma_ws/install/bt:/home/denis/diploma_ws/install/bsu:/home/denis/diploma_ws/install/btcpp_ros2_samples:/home/denis/diploma_ws/install/btcpp_ros2_interfaces:/home/denis/diploma_ws/install/behaviortree_ros2:/home/denis/diploma_ws/install/behaviortree_cpp:/opt/ros/humble LD_LIBRARY_PATH=/home/denis/diploma_ws/install/dms_interfaces/lib:/home/denis/diploma_ws/install/behaviortree_cpp_v3/lib:/home/denis/diploma_ws/install/groot/lib:/home/denis/diploma_ws/install/btcpp_ros2_interfaces/lib:/home/denis/diploma_ws/install/behaviortree_cpp/lib:/usr/lib/x86_64-linux-gnu/gazebo-11/plugins:/opt/ros/humble/opt/rviz_ogre_vendor/lib:/opt/ros/humble/lib/x86_64-linux-gnu:/opt/ros/humble/lib /usr/bin/cmake --install /home/denis/diploma_ws/build/bt
[24.236s] Level 1:colcon.colcon_core.environment:create_environment_scripts_only(bt)
[24.242s] DEBUG:colcon.colcon_core.event_handler.log_command:Invoked command in '/home/denis/diploma_ws/build/bt' returned '0': CMAKE_PREFIX_PATH=/home/denis/diploma_ws/install/dms_interfaces:/home/denis/diploma_ws/install/behaviortree_cpp_v3:/home/denis/diploma_ws/install/turtlebot3_simulations:/home/denis/diploma_ws/install/turtlebot3_navigation2:/home/denis/diploma_ws/install/turtlebot3_gazebo:/home/denis/diploma_ws/install/turtlebot3_fake_node:/home/denis/diploma_ws/install/ssu:/home/denis/diploma_ws/install/nspu:/home/denis/diploma_ws/install/nav2_bringup:/home/denis/diploma_ws/install/groot:/home/denis/diploma_ws/install/fsu:/home/denis/diploma_ws/install/csu:/home/denis/diploma_ws/install/bt:/home/denis/diploma_ws/install/bsu:/home/denis/diploma_ws/install/btcpp_ros2_samples:/home/denis/diploma_ws/install/btcpp_ros2_interfaces:/home/denis/diploma_ws/install/behaviortree_ros2:/home/denis/diploma_ws/install/behaviortree_cpp:/opt/ros/humble LD_LIBRARY_PATH=/home/denis/diploma_ws/install/dms_interfaces/lib:/home/denis/diploma_ws/install/behaviortree_cpp_v3/lib:/home/denis/diploma_ws/install/groot/lib:/home/denis/diploma_ws/install/btcpp_ros2_interfaces/lib:/home/denis/diploma_ws/install/behaviortree_cpp/lib:/usr/lib/x86_64-linux-gnu/gazebo-11/plugins:/opt/ros/humble/opt/rviz_ogre_vendor/lib:/opt/ros/humble/lib/x86_64-linux-gnu:/opt/ros/humble/lib /usr/bin/cmake --install /home/denis/diploma_ws/build/bt
[24.246s] Level 1:colcon.colcon_core.environment:checking '/home/denis/diploma_ws/install/bt' for CMake module files
[24.248s] Level 1:colcon.colcon_core.environment:checking '/home/denis/diploma_ws/install/bt' for CMake config files
[24.250s] Level 1:colcon.colcon_core.shell:create_environment_hook('bt', 'cmake_prefix_path')
[24.251s] INFO:colcon.colcon_core.shell:Creating environment hook '/home/denis/diploma_ws/install/bt/share/bt/hook/cmake_prefix_path.ps1'
[24.253s] INFO:colcon.colcon_core.shell:Creating environment descriptor '/home/denis/diploma_ws/install/bt/share/bt/hook/cmake_prefix_path.dsv'
[24.255s] INFO:colcon.colcon_core.shell:Creating environment hook '/home/denis/diploma_ws/install/bt/share/bt/hook/cmake_prefix_path.sh'
[24.258s] Level 1:colcon.colcon_core.environment:checking '/home/denis/diploma_ws/install/bt/lib'
[24.258s] Level 1:colcon.colcon_core.environment:checking '/home/denis/diploma_ws/install/bt/bin'
[24.258s] Level 1:colcon.colcon_core.environment:checking '/home/denis/diploma_ws/install/bt/lib/pkgconfig/bt.pc'
[24.259s] Level 1:colcon.colcon_core.environment:checking '/home/denis/diploma_ws/install/bt/lib/python3.10/site-packages'
[24.259s] Level 1:colcon.colcon_core.environment:checking '/home/denis/diploma_ws/install/bt/bin'
[24.260s] INFO:colcon.colcon_core.shell:Creating package script '/home/denis/diploma_ws/install/bt/share/bt/package.ps1'
[24.262s] INFO:colcon.colcon_core.shell:Creating package descriptor '/home/denis/diploma_ws/install/bt/share/bt/package.dsv'
[24.263s] INFO:colcon.colcon_core.shell:Creating package script '/home/denis/diploma_ws/install/bt/share/bt/package.sh'
[24.265s] INFO:colcon.colcon_core.shell:Creating package script '/home/denis/diploma_ws/install/bt/share/bt/package.bash'
[24.266s] INFO:colcon.colcon_core.shell:Creating package script '/home/denis/diploma_ws/install/bt/share/bt/package.zsh'
[24.268s] Level 1:colcon.colcon_core.environment:create_file_with_runtime_dependencies(/home/denis/diploma_ws/install/bt/share/colcon-core/packages/bt)
[24.388s] Level 1:colcon.colcon_core.environment:create_environment_scripts_only(bt)
[24.389s] Level 1:colcon.colcon_core.environment:checking '/home/denis/diploma_ws/install/bt' for CMake module files
[24.390s] Level 1:colcon.colcon_core.environment:checking '/home/denis/diploma_ws/install/bt' for CMake config files
[24.391s] Level 1:colcon.colcon_core.shell:create_environment_hook('bt', 'cmake_prefix_path')
[24.391s] INFO:colcon.colcon_core.shell:Creating environment hook '/home/denis/diploma_ws/install/bt/share/bt/hook/cmake_prefix_path.ps1'
[24.392s] INFO:colcon.colcon_core.shell:Creating environment descriptor '/home/denis/diploma_ws/install/bt/share/bt/hook/cmake_prefix_path.dsv'
[24.393s] INFO:colcon.colcon_core.shell:Creating environment hook '/home/denis/diploma_ws/install/bt/share/bt/hook/cmake_prefix_path.sh'
[24.394s] Level 1:colcon.colcon_core.environment:checking '/home/denis/diploma_ws/install/bt/lib'
[24.395s] Level 1:colcon.colcon_core.environment:checking '/home/denis/diploma_ws/install/bt/bin'
[24.395s] Level 1:colcon.colcon_core.environment:checking '/home/denis/diploma_ws/install/bt/lib/pkgconfig/bt.pc'
[24.395s] Level 1:colcon.colcon_core.environment:checking '/home/denis/diploma_ws/install/bt/lib/python3.10/site-packages'
[24.396s] Level 1:colcon.colcon_core.environment:checking '/home/denis/diploma_ws/install/bt/bin'
[24.396s] INFO:colcon.colcon_core.shell:Creating package script '/home/denis/diploma_ws/install/bt/share/bt/package.ps1'
[24.397s] INFO:colcon.colcon_core.shell:Creating package descriptor '/home/denis/diploma_ws/install/bt/share/bt/package.dsv'
[24.398s] INFO:colcon.colcon_core.shell:Creating package script '/home/denis/diploma_ws/install/bt/share/bt/package.sh'
[24.399s] INFO:colcon.colcon_core.shell:Creating package script '/home/denis/diploma_ws/install/bt/share/bt/package.bash'
[24.400s] INFO:colcon.colcon_core.shell:Creating package script '/home/denis/diploma_ws/install/bt/share/bt/package.zsh'
[24.402s] Level 1:colcon.colcon_core.environment:create_file_with_runtime_dependencies(/home/denis/diploma_ws/install/bt/share/colcon-core/packages/bt)
[24.403s] DEBUG:colcon.colcon_parallel_executor.executor.parallel:closing loop
[24.404s] DEBUG:colcon.colcon_parallel_executor.executor.parallel:loop closed
[24.404s] DEBUG:colcon.colcon_parallel_executor.executor.parallel:run_until_complete finished with '0'
[24.405s] DEBUG:colcon.colcon_core.event_reactor:joining thread
[24.419s] INFO:colcon.colcon_core.plugin_system:Skipping extension 'colcon_notification.desktop_notification.terminal_notifier': Not used on non-Darwin systems
[24.419s] INFO:colcon.colcon_core.plugin_system:Skipping extension 'colcon_notification.desktop_notification.win32': Not used on non-Windows systems
[24.419s] INFO:colcon.colcon_notification.desktop_notification:Sending desktop notification using 'notify2'
[24.436s] DEBUG:colcon.colcon_core.event_reactor:joined thread
[24.437s] INFO:colcon.colcon_core.shell:Creating prefix script '/home/denis/diploma_ws/install/local_setup.ps1'
[24.439s] INFO:colcon.colcon_core.shell:Creating prefix util module '/home/denis/diploma_ws/install/_local_setup_util_ps1.py'
[24.443s] INFO:colcon.colcon_core.shell:Creating prefix chain script '/home/denis/diploma_ws/install/setup.ps1'
[24.447s] INFO:colcon.colcon_core.shell:Creating prefix script '/home/denis/diploma_ws/install/local_setup.sh'
[24.449s] INFO:colcon.colcon_core.shell:Creating prefix util module '/home/denis/diploma_ws/install/_local_setup_util_sh.py'
[24.450s] INFO:colcon.colcon_core.shell:Creating prefix chain script '/home/denis/diploma_ws/install/setup.sh'
[24.455s] INFO:colcon.colcon_core.shell:Creating prefix script '/home/denis/diploma_ws/install/local_setup.bash'
[24.456s] INFO:colcon.colcon_core.shell:Creating prefix chain script '/home/denis/diploma_ws/install/setup.bash'
[24.462s] INFO:colcon.colcon_core.shell:Creating prefix script '/home/denis/diploma_ws/install/local_setup.zsh'
[24.463s] INFO:colcon.colcon_core.shell:Creating prefix chain script '/home/denis/diploma_ws/install/setup.zsh'
