[0.016s] Invoking command in '/home/denis/diploma_ws/src/build/nav2_bringup': CMAKE_PREFIX_PATH=/opt/ros/humble /usr/bin/cmake /home/denis/diploma_ws/src/nav2_bringup -DCMAKE_INSTALL_PREFIX=/home/denis/diploma_ws/src/install/nav2_bringup
[0.106s] -- The C compiler identification is GNU 11.4.0
[0.216s] -- The CXX compiler identification is GNU 11.4.0
[0.227s] -- Detecting C compiler ABI info
[0.349s] -- Detecting C compiler ABI info - done
[0.365s] -- Check for working C compiler: /usr/bin/cc - skipped
[0.366s] -- Detecting C compile features
[0.367s] -- Detecting C compile features - done
[0.372s] -- Detecting CXX compiler ABI info
[0.501s] -- Detecting CXX compiler ABI info - done
[0.517s] -- Check for working CXX compiler: /usr/bin/c++ - skipped
[0.518s] -- Detecting CXX compile features
[0.519s] -- Detecting CXX compile features - done
[0.524s] -- Found ament_cmake: 1.3.8 (/opt/ros/humble/share/ament_cmake/cmake)
[0.808s] -- Found Python3: /usr/bin/python3 (found version "3.10.12") found components: Interpreter 
[0.954s] -- Found nav2_common: 1.1.14 (/opt/ros/humble/share/nav2_common/cmake)
[0.957s] -- Found navigation2: 1.1.14 (/opt/ros/humble/share/navigation2/cmake)
[0.957s] -- Setting build type to Release as none was specified.
[0.960s] -- Found ament_lint_auto: 0.12.10 (/opt/ros/humble/share/ament_lint_auto/cmake)
[1.137s] -- Added test 'copyright' to check source files copyright and LICENSE
[1.146s] -- Added test 'flake8' to check Python code syntax and style conventions
[1.148s] -- Added test 'lint_cmake' to check CMake code style
[1.150s] -- Added test 'pep257' to check Python code against some of the docstring style conventions in PEP 257
[1.155s] -- Added test 'xmllint' to check XML markup files
[1.158s] -- Configuring done
[1.165s] -- Generating done
[1.167s] -- Build files have been written to: /home/denis/diploma_ws/src/build/nav2_bringup
[1.177s] Invoked command in '/home/denis/diploma_ws/src/build/nav2_bringup' returned '0': CMAKE_PREFIX_PATH=/opt/ros/humble /usr/bin/cmake /home/denis/diploma_ws/src/nav2_bringup -DCMAKE_INSTALL_PREFIX=/home/denis/diploma_ws/src/install/nav2_bringup
[1.181s] Invoking command in '/home/denis/diploma_ws/src/build/nav2_bringup': CMAKE_PREFIX_PATH=/opt/ros/humble /usr/bin/cmake --build /home/denis/diploma_ws/src/build/nav2_bringup -- -j4 -l4
[1.252s] Invoked command in '/home/denis/diploma_ws/src/build/nav2_bringup' returned '0': CMAKE_PREFIX_PATH=/opt/ros/humble /usr/bin/cmake --build /home/denis/diploma_ws/src/build/nav2_bringup -- -j4 -l4
[1.311s] Invoking command in '/home/denis/diploma_ws/src/build/nav2_bringup': CMAKE_PREFIX_PATH=/opt/ros/humble /usr/bin/cmake --install /home/denis/diploma_ws/src/build/nav2_bringup
[1.323s] -- Install configuration: "Release"
[1.324s] -- Installing: /home/denis/diploma_ws/src/install/nav2_bringup/share/nav2_bringup/launch
[1.324s] -- Installing: /home/denis/diploma_ws/src/install/nav2_bringup/share/nav2_bringup/launch/navigation_launch.py
[1.324s] -- Installing: /home/denis/diploma_ws/src/install/nav2_bringup/share/nav2_bringup/launch/tb3_simulation_launch.py
[1.325s] -- Installing: /home/denis/diploma_ws/src/install/nav2_bringup/share/nav2_bringup/launch/unique_multi_tb3_simulation_launch.py
[1.325s] -- Installing: /home/denis/diploma_ws/src/install/nav2_bringup/share/nav2_bringup/launch/bringup_launch.py
[1.325s] -- Installing: /home/denis/diploma_ws/src/install/nav2_bringup/share/nav2_bringup/launch/rviz_launch.py
[1.325s] -- Installing: /home/denis/diploma_ws/src/install/nav2_bringup/share/nav2_bringup/launch/slam_launch.py
[1.330s] -- Installing: /home/denis/diploma_ws/src/install/nav2_bringup/share/nav2_bringup/launch/localization_launch.py
[1.332s] -- Installing: /home/denis/diploma_ws/src/install/nav2_bringup/share/nav2_bringup/launch/cloned_multi_tb3_simulation_launch.py
[1.333s] -- Installing: /home/denis/diploma_ws/src/install/nav2_bringup/share/nav2_bringup/maps
[1.337s] -- Installing: /home/denis/diploma_ws/src/install/nav2_bringup/share/nav2_bringup/maps/turtlebot3_world.yaml
[1.338s] -- Installing: /home/denis/diploma_ws/src/install/nav2_bringup/share/nav2_bringup/maps/turtlebot3_world.pgm
[1.338s] -- Installing: /home/denis/diploma_ws/src/install/nav2_bringup/share/nav2_bringup/rviz
[1.338s] -- Installing: /home/denis/diploma_ws/src/install/nav2_bringup/share/nav2_bringup/rviz/nav2_default_view.rviz
[1.338s] -- Installing: /home/denis/diploma_ws/src/install/nav2_bringup/share/nav2_bringup/rviz/nav2_namespaced_view.rviz
[1.339s] -- Installing: /home/denis/diploma_ws/src/install/nav2_bringup/share/nav2_bringup/worlds
[1.339s] -- Installing: /home/denis/diploma_ws/src/install/nav2_bringup/share/nav2_bringup/worlds/waffle.model
[1.339s] -- Installing: /home/denis/diploma_ws/src/install/nav2_bringup/share/nav2_bringup/worlds/world_only.model
[1.339s] -- Installing: /home/denis/diploma_ws/src/install/nav2_bringup/share/nav2_bringup/params
[1.339s] -- Installing: /home/denis/diploma_ws/src/install/nav2_bringup/share/nav2_bringup/params/nav2_multirobot_params_all.yaml
[1.340s] -- Installing: /home/denis/diploma_ws/src/install/nav2_bringup/share/nav2_bringup/params/nav2_multirobot_params_2.yaml
[1.345s] -- Installing: /home/denis/diploma_ws/src/install/nav2_bringup/share/nav2_bringup/params/nav2_multirobot_params_1.yaml
[1.346s] -- Installing: /home/denis/diploma_ws/src/install/nav2_bringup/share/nav2_bringup/params/nav2_params.yaml
[1.346s] -- Installing: /home/denis/diploma_ws/src/install/nav2_bringup/share/nav2_bringup/urdf
[1.346s] -- Installing: /home/denis/diploma_ws/src/install/nav2_bringup/share/nav2_bringup/urdf/turtlebot3_waffle.urdf
[1.346s] -- Installing: /home/denis/diploma_ws/src/install/nav2_bringup/share/ament_index/resource_index/package_run_dependencies/nav2_bringup
[1.347s] -- Installing: /home/denis/diploma_ws/src/install/nav2_bringup/share/ament_index/resource_index/parent_prefix_path/nav2_bringup
[1.348s] -- Installing: /home/denis/diploma_ws/src/install/nav2_bringup/share/nav2_bringup/environment/ament_prefix_path.sh
[1.349s] -- Installing: /home/denis/diploma_ws/src/install/nav2_bringup/share/nav2_bringup/environment/ament_prefix_path.dsv
[1.349s] -- Installing: /home/denis/diploma_ws/src/install/nav2_bringup/share/nav2_bringup/environment/path.sh
[1.349s] -- Installing: /home/denis/diploma_ws/src/install/nav2_bringup/share/nav2_bringup/environment/path.dsv
[1.350s] -- Installing: /home/denis/diploma_ws/src/install/nav2_bringup/share/nav2_bringup/local_setup.bash
[1.350s] -- Installing: /home/denis/diploma_ws/src/install/nav2_bringup/share/nav2_bringup/local_setup.sh
[1.350s] -- Installing: /home/denis/diploma_ws/src/install/nav2_bringup/share/nav2_bringup/local_setup.zsh
[1.351s] -- Installing: /home/denis/diploma_ws/src/install/nav2_bringup/share/nav2_bringup/local_setup.dsv
[1.352s] -- Installing: /home/denis/diploma_ws/src/install/nav2_bringup/share/nav2_bringup/package.dsv
[1.352s] -- Installing: /home/denis/diploma_ws/src/install/nav2_bringup/share/ament_index/resource_index/packages/nav2_bringup
[1.353s] -- Installing: /home/denis/diploma_ws/src/install/nav2_bringup/share/nav2_bringup/cmake/nav2_bringupConfig.cmake
[1.353s] -- Installing: /home/denis/diploma_ws/src/install/nav2_bringup/share/nav2_bringup/cmake/nav2_bringupConfig-version.cmake
[1.354s] -- Installing: /home/denis/diploma_ws/src/install/nav2_bringup/share/nav2_bringup/package.xml
[1.354s] Invoked command in '/home/denis/diploma_ws/src/build/nav2_bringup' returned '0': CMAKE_PREFIX_PATH=/opt/ros/humble /usr/bin/cmake --install /home/denis/diploma_ws/src/build/nav2_bringup
