[0.110s] Invoking command in '/home/denis/diploma_ws/src/build/fsu': CMAKE_PREFIX_PATH=${CMAKE_PREFIX_PATH}:/opt/ros/humble /usr/bin/cmake --build /home/denis/diploma_ws/src/build/fsu -- -j4 -l4
[0.310s] [100%] Built target lidar_remapping_node
[0.344s] Invoked command in '/home/denis/diploma_ws/src/build/fsu' returned '0': CMAKE_PREFIX_PATH=${CMAKE_PREFIX_PATH}:/opt/ros/humble /usr/bin/cmake --build /home/denis/diploma_ws/src/build/fsu -- -j4 -l4
[0.417s] Invoking command in '/home/denis/diploma_ws/src/build/fsu': CMAKE_PREFIX_PATH=${CMAKE_PREFIX_PATH}:/opt/ros/humble /usr/bin/cmake --install /home/denis/diploma_ws/src/build/fsu
[0.460s] -- Install configuration: ""
[0.481s] -- Up-to-date: /home/denis/diploma_ws/src/install/fsu/lib/fsu/lidar_remapping_node
[0.481s] -- Up-to-date: /home/denis/diploma_ws/src/install/fsu/share/fsu/launch
[0.481s] -- Up-to-date: /home/denis/diploma_ws/src/install/fsu/share/fsu/launch/fsu.launch.py
[0.482s] -- Up-to-date: /home/denis/diploma_ws/src/install/fsu/share/ament_index/resource_index/package_run_dependencies/fsu
[0.482s] -- Up-to-date: /home/denis/diploma_ws/src/install/fsu/share/ament_index/resource_index/parent_prefix_path/fsu
[0.482s] -- Up-to-date: /home/denis/diploma_ws/src/install/fsu/share/fsu/environment/ament_prefix_path.sh
[0.482s] -- Up-to-date: /home/denis/diploma_ws/src/install/fsu/share/fsu/environment/ament_prefix_path.dsv
[0.482s] -- Up-to-date: /home/denis/diploma_ws/src/install/fsu/share/fsu/environment/path.sh
[0.483s] -- Up-to-date: /home/denis/diploma_ws/src/install/fsu/share/fsu/environment/path.dsv
[0.483s] -- Up-to-date: /home/denis/diploma_ws/src/install/fsu/share/fsu/local_setup.bash
[0.483s] -- Up-to-date: /home/denis/diploma_ws/src/install/fsu/share/fsu/local_setup.sh
[0.483s] -- Up-to-date: /home/denis/diploma_ws/src/install/fsu/share/fsu/local_setup.zsh
[0.483s] -- Up-to-date: /home/denis/diploma_ws/src/install/fsu/share/fsu/local_setup.dsv
[0.484s] -- Installing: /home/denis/diploma_ws/src/install/fsu/share/fsu/package.dsv
[0.484s] -- Up-to-date: /home/denis/diploma_ws/src/install/fsu/share/ament_index/resource_index/packages/fsu
[0.484s] -- Up-to-date: /home/denis/diploma_ws/src/install/fsu/share/fsu/cmake/fsuConfig.cmake
[0.484s] -- Up-to-date: /home/denis/diploma_ws/src/install/fsu/share/fsu/cmake/fsuConfig-version.cmake
[0.485s] -- Up-to-date: /home/denis/diploma_ws/src/install/fsu/share/fsu/package.xml
[0.517s] Invoked command in '/home/denis/diploma_ws/src/build/fsu' returned '0': CMAKE_PREFIX_PATH=${CMAKE_PREFIX_PATH}:/opt/ros/humble /usr/bin/cmake --install /home/denis/diploma_ws/src/build/fsu
