[0.018s] Invoking command in '/home/denis/diploma_ws/build/bt': AMENT_PREFIX_PATH=/home/denis/diploma_ws/install/behaviortree_cpp_v3:${AMENT_PREFIX_PATH} CMAKE_PREFIX_PATH=/home/denis/diploma_ws/install/behaviortree_cpp_v3:/opt/ros/humble LD_LIBRARY_PATH=/home/denis/diploma_ws/install/behaviortree_cpp_v3/lib:${LD_LIBRARY_PATH} PATH=/home/denis/diploma_ws/install/behaviortree_cpp_v3/bin:${PATH} /usr/bin/cmake --build /home/denis/diploma_ws/build/bt -- -j4 -l4
[0.091s] [35m[1mConsolidate compiler generated dependencies of target lidar_bt[0m
[0.126s] [ 50%] [32mBuilding CXX object CMakeFiles/lidar_bt.dir/src/lidar_bt.cpp.o[0m
[7.016s] In file included from [01m[K/opt/ros/humble/include/rclcpp/rclcpp/logging.hpp:24[m[K,
[7.016s]                  from [01m[K/opt/ros/humble/include/rclcpp/rclcpp/client.hpp:40[m[K,
[7.016s]                  from [01m[K/opt/ros/humble/include/rclcpp/rclcpp/callback_group.hpp:24[m[K,
[7.017s]                  from [01m[K/opt/ros/humble/include/rclcpp/rclcpp/any_executable.hpp:20[m[K,
[7.017s]                  from [01m[K/opt/ros/humble/include/rclcpp/rclcpp/memory_strategy.hpp:25[m[K,
[7.017s]                  from [01m[K/opt/ros/humble/include/rclcpp/rclcpp/memory_strategies.hpp:18[m[K,
[7.018s]                  from [01m[K/opt/ros/humble/include/rclcpp/rclcpp/executor_options.hpp:20[m[K,
[7.018s]                  from [01m[K/opt/ros/humble/include/rclcpp/rclcpp/executor.hpp:37[m[K,
[7.018s]                  from [01m[K/opt/ros/humble/include/rclcpp/rclcpp/executors/multi_threaded_executor.hpp:25[m[K,
[7.018s]                  from [01m[K/opt/ros/humble/include/rclcpp/rclcpp/executors.hpp:21[m[K,
[7.019s]                  from [01m[K/opt/ros/humble/include/rclcpp/rclcpp/rclcpp.hpp:155[m[K,
[7.019s]                  from [01m[K/home/denis/diploma_ws/src/bt/include/bt/lidar_check.hpp:5[m[K,
[7.019s]                  from [01m[K/home/denis/diploma_ws/src/bt/src/lidar_bt.cpp:1[m[K:
[7.020s] [01m[K/home/denis/diploma_ws/src/bt/src/lidar_bt.cpp:[m[K In function ‘[01m[Kint main(int, const char**)[m[K’:
[7.020s] [01m[K/home/denis/diploma_ws/src/bt/src/lidar_bt.cpp:38:49:[m[K [01;35m[Kwarning: [m[Kformat ‘[01m[K%d[m[K’ expects argument of type ‘[01m[Kint[m[K’, but argument 5 has type ‘[01m[KBT::NodeStatus[m[K’ [[01;35m[K]8;;https://gcc.gnu.org/onlinedocs/gcc/Warning-Options.html#index-Wformat=-Wformat=]8;;[m[K]
[7.020s]    38 |         RCLCPP_INFO(rclcpp::get_logger("root"), [01;35m[K"BT Status: %d"[m[K, [32m[Kstatus[m[K);
[7.021s]       |                                                 [01;35m[K^~~~~~~~~~~~~~~[m[K  [32m[K~~~~~~[m[K
[7.021s]       |                                                                  [32m[K|[m[K
[7.021s]       |                                                                  [32m[KBT::NodeStatus[m[K
[7.022s] [01m[K/home/denis/diploma_ws/src/bt/src/lidar_bt.cpp:38:62:[m[K [01;36m[Knote: [m[Kformat string is defined here
[7.022s]    38 |        RCLCPP_INFO(rclcpp::get_logger("root"), "BT Status: [01;36m[K%d[m[K", status);
[7.022s]       |                                                            [01;36m[K~^[m[K
[7.023s]       |                                                             [01;36m[K|[m[K
[7.023s]       |                                                             [01;36m[Kint[m[K
[7.023s] 
[11.740s] [100%] [32m[1mLinking CXX executable lidar_bt[0m
[12.537s] [100%] Built target lidar_bt
[12.608s] Invoked command in '/home/denis/diploma_ws/build/bt' returned '0': AMENT_PREFIX_PATH=/home/denis/diploma_ws/install/behaviortree_cpp_v3:${AMENT_PREFIX_PATH} CMAKE_PREFIX_PATH=/home/denis/diploma_ws/install/behaviortree_cpp_v3:/opt/ros/humble LD_LIBRARY_PATH=/home/denis/diploma_ws/install/behaviortree_cpp_v3/lib:${LD_LIBRARY_PATH} PATH=/home/denis/diploma_ws/install/behaviortree_cpp_v3/bin:${PATH} /usr/bin/cmake --build /home/denis/diploma_ws/build/bt -- -j4 -l4
[12.894s] Invoking command in '/home/denis/diploma_ws/build/bt': AMENT_PREFIX_PATH=/home/denis/diploma_ws/install/behaviortree_cpp_v3:${AMENT_PREFIX_PATH} CMAKE_PREFIX_PATH=/home/denis/diploma_ws/install/behaviortree_cpp_v3:/opt/ros/humble LD_LIBRARY_PATH=/home/denis/diploma_ws/install/behaviortree_cpp_v3/lib:${LD_LIBRARY_PATH} PATH=/home/denis/diploma_ws/install/behaviortree_cpp_v3/bin:${PATH} /usr/bin/cmake --install /home/denis/diploma_ws/build/bt
[12.944s] -- Install configuration: ""
[12.945s] -- Installing: /home/denis/diploma_ws/install/bt/lib/bt/lidar_bt
[12.958s] -- Set runtime path of "/home/denis/diploma_ws/install/bt/lib/bt/lidar_bt" to ""
[12.959s] -- Up-to-date: /home/denis/diploma_ws/install/bt/share/bt/resources
[12.959s] -- Up-to-date: /home/denis/diploma_ws/install/bt/share/bt/resources/lidar_bt.xml
[12.959s] -- Up-to-date: /home/denis/diploma_ws/install/bt/share/bt/launch
[12.959s] -- Up-to-date: /home/denis/diploma_ws/install/bt/share/bt/launch/lidar_bt.launch.py
[12.960s] -- Up-to-date: /home/denis/diploma_ws/install/bt/share/ament_index/resource_index/package_run_dependencies/bt
[12.960s] -- Up-to-date: /home/denis/diploma_ws/install/bt/share/ament_index/resource_index/parent_prefix_path/bt
[12.960s] -- Up-to-date: /home/denis/diploma_ws/install/bt/share/bt/environment/ament_prefix_path.sh
[12.971s] -- Up-to-date: /home/denis/diploma_ws/install/bt/share/bt/environment/ament_prefix_path.dsv
[12.972s] -- Up-to-date: /home/denis/diploma_ws/install/bt/share/bt/environment/path.sh
[12.972s] -- Up-to-date: /home/denis/diploma_ws/install/bt/share/bt/environment/path.dsv
[12.972s] -- Up-to-date: /home/denis/diploma_ws/install/bt/share/bt/local_setup.bash
[12.972s] -- Up-to-date: /home/denis/diploma_ws/install/bt/share/bt/local_setup.sh
[12.973s] -- Up-to-date: /home/denis/diploma_ws/install/bt/share/bt/local_setup.zsh
[12.973s] -- Up-to-date: /home/denis/diploma_ws/install/bt/share/bt/local_setup.dsv
[12.973s] -- Installing: /home/denis/diploma_ws/install/bt/share/bt/package.dsv
[12.973s] -- Up-to-date: /home/denis/diploma_ws/install/bt/share/ament_index/resource_index/packages/bt
[12.974s] -- Up-to-date: /home/denis/diploma_ws/install/bt/share/bt/cmake/btConfig.cmake
[12.974s] -- Up-to-date: /home/denis/diploma_ws/install/bt/share/bt/cmake/btConfig-version.cmake
[12.974s] -- Up-to-date: /home/denis/diploma_ws/install/bt/share/bt/package.xml
[12.980s] Invoked command in '/home/denis/diploma_ws/build/bt' returned '0': AMENT_PREFIX_PATH=/home/denis/diploma_ws/install/behaviortree_cpp_v3:${AMENT_PREFIX_PATH} CMAKE_PREFIX_PATH=/home/denis/diploma_ws/install/behaviortree_cpp_v3:/opt/ros/humble LD_LIBRARY_PATH=/home/denis/diploma_ws/install/behaviortree_cpp_v3/lib:${LD_LIBRARY_PATH} PATH=/home/denis/diploma_ws/install/behaviortree_cpp_v3/bin:${PATH} /usr/bin/cmake --install /home/denis/diploma_ws/build/bt
