[0.046s] Invoking command in '/home/denis/diploma_ws/src/build/csu': CMAKE_PREFIX_PATH=${CMAKE_PREFIX_PATH}:/opt/ros/humble /usr/bin/cmake /home/denis/diploma_ws/src/csu -DCMAKE_INSTALL_PREFIX=/home/denis/diploma_ws/src/install/csu
[0.305s] -- The C compiler identification is GNU 11.4.0
[0.718s] -- The CXX compiler identification is GNU 11.4.0
[0.759s] -- Detecting C compiler ABI info
[1.402s] -- Detecting C compiler ABI info - done
[1.435s] -- Check for working C compiler: /usr/bin/cc - skipped
[1.436s] -- Detecting C compile features
[1.437s] -- Detecting C compile features - done
[1.445s] -- Detecting CXX compiler ABI info
[1.768s] -- Detecting CXX compiler ABI info - done
[1.803s] -- Check for working CXX compiler: /usr/bin/c++ - skipped
[1.804s] -- Detecting CXX compile features
[1.805s] -- Detecting CXX compile features - done
[1.816s] -- Found ament_cmake: 1.3.8 (/opt/ros/humble/share/ament_cmake/cmake)
[2.970s] -- Found Python3: /usr/bin/python3 (found version "3.10.12") found components: Interpreter 
[3.532s] -- Found ament_lint_auto: 0.12.10 (/opt/ros/humble/share/ament_lint_auto/cmake)
[4.129s] -- Added test 'lint_cmake' to check CMake code style
[4.134s] -- Added test 'xmllint' to check XML markup files
[4.155s] -- Configuring done
[4.188s] -- Generating done
[4.194s] -- Build files have been written to: /home/denis/diploma_ws/src/build/csu
[4.215s] Invoked command in '/home/denis/diploma_ws/src/build/csu' returned '0': CMAKE_PREFIX_PATH=${CMAKE_PREFIX_PATH}:/opt/ros/humble /usr/bin/cmake /home/denis/diploma_ws/src/csu -DCMAKE_INSTALL_PREFIX=/home/denis/diploma_ws/src/install/csu
[4.230s] Invoking command in '/home/denis/diploma_ws/src/build/csu': CMAKE_PREFIX_PATH=${CMAKE_PREFIX_PATH}:/opt/ros/humble /usr/bin/cmake --build /home/denis/diploma_ws/src/build/csu -- -j4 -l4
[4.494s] Invoked command in '/home/denis/diploma_ws/src/build/csu' returned '0': CMAKE_PREFIX_PATH=${CMAKE_PREFIX_PATH}:/opt/ros/humble /usr/bin/cmake --build /home/denis/diploma_ws/src/build/csu -- -j4 -l4
[4.765s] Invoking command in '/home/denis/diploma_ws/src/build/csu': CMAKE_PREFIX_PATH=${CMAKE_PREFIX_PATH}:/opt/ros/humble /usr/bin/cmake --install /home/denis/diploma_ws/src/build/csu
[4.812s] -- Install configuration: ""
[4.812s] -- Installing: /home/denis/diploma_ws/src/install/csu/share/ament_index/resource_index/package_run_dependencies/csu
[4.813s] -- Installing: /home/denis/diploma_ws/src/install/csu/share/ament_index/resource_index/parent_prefix_path/csu
[4.813s] -- Installing: /home/denis/diploma_ws/src/install/csu/share/csu/environment/ament_prefix_path.sh
[4.813s] -- Installing: /home/denis/diploma_ws/src/install/csu/share/csu/environment/ament_prefix_path.dsv
[4.814s] -- Installing: /home/denis/diploma_ws/src/install/csu/share/csu/environment/path.sh
[4.815s] -- Installing: /home/denis/diploma_ws/src/install/csu/share/csu/environment/path.dsv
[4.815s] -- Installing: /home/denis/diploma_ws/src/install/csu/share/csu/local_setup.bash
[4.815s] -- Installing: /home/denis/diploma_ws/src/install/csu/share/csu/local_setup.sh
[4.815s] -- Installing: /home/denis/diploma_ws/src/install/csu/share/csu/local_setup.zsh
[4.816s] -- Installing: /home/denis/diploma_ws/src/install/csu/share/csu/local_setup.dsv
[4.816s] -- Installing: /home/denis/diploma_ws/src/install/csu/share/csu/package.dsv
[4.816s] -- Installing: /home/denis/diploma_ws/src/install/csu/share/ament_index/resource_index/packages/csu
[4.817s] -- Installing: /home/denis/diploma_ws/src/install/csu/share/csu/cmake/csuConfig.cmake
[4.817s] -- Installing: /home/denis/diploma_ws/src/install/csu/share/csu/cmake/csuConfig-version.cmake
[4.817s] -- Installing: /home/denis/diploma_ws/src/install/csu/share/csu/package.xml
[4.822s] Invoked command in '/home/denis/diploma_ws/src/build/csu' returned '0': CMAKE_PREFIX_PATH=${CMAKE_PREFIX_PATH}:/opt/ros/humble /usr/bin/cmake --install /home/denis/diploma_ws/src/build/csu
