[0.041s] Invoking command in '/home/denis/diploma_ws/build/dms_interfaces': CMAKE_PREFIX_PATH=/opt/ros/humble /usr/bin/cmake --build /home/denis/diploma_ws/build/dms_interfaces -- -j4 -l4
[0.196s] [  3%] Built target dms_interfaces__cpp
[0.208s] [ 12%] Built target dms_interfaces__rosidl_generator_c
[0.269s] [ 12%] Built target ament_cmake_python_copy_dms_interfaces
[0.287s] [ 22%] Built target dms_interfaces__rosidl_typesupport_introspection_cpp
[0.334s] [ 32%] Built target dms_interfaces__rosidl_typesupport_cpp
[0.336s] [ 41%] Built target dms_interfaces__rosidl_typesupport_fastrtps_cpp
[0.421s] [ 51%] Built target dms_interfaces__rosidl_typesupport_fastrtps_c
[0.454s] [ 61%] Built target dms_interfaces__rosidl_typesupport_introspection_c
[0.464s] [ 70%] Built target dms_interfaces__rosidl_typesupport_c
[0.547s] [ 70%] Built target dms_interfaces
[0.662s] [ 74%] Built target dms_interfaces__py
[0.789s] [ 80%] Built target dms_interfaces__rosidl_generator_py
[0.901s] [ 87%] Built target dms_interfaces__rosidl_typesupport_fastrtps_c__pyext
[1.014s] [ 93%] Built target dms_interfaces__rosidl_typesupport_c__pyext
[1.015s] [100%] Built target dms_interfaces__rosidl_typesupport_introspection_c__pyext
[1.347s] running egg_info
[1.348s] writing dms_interfaces.egg-info/PKG-INFO
[1.348s] writing dependency_links to dms_interfaces.egg-info/dependency_links.txt
[1.348s] writing top-level names to dms_interfaces.egg-info/top_level.txt
[1.350s] reading manifest file 'dms_interfaces.egg-info/SOURCES.txt'
[1.351s] writing manifest file 'dms_interfaces.egg-info/SOURCES.txt'
[1.415s] [100%] Built target ament_cmake_python_build_dms_interfaces_egg
[1.474s] Invoked command in '/home/denis/diploma_ws/build/dms_interfaces' returned '0': CMAKE_PREFIX_PATH=/opt/ros/humble /usr/bin/cmake --build /home/denis/diploma_ws/build/dms_interfaces -- -j4 -l4
[1.640s] Invoking command in '/home/denis/diploma_ws/build/dms_interfaces': CMAKE_PREFIX_PATH=/opt/ros/humble /usr/bin/cmake --install /home/denis/diploma_ws/build/dms_interfaces
[1.662s] -- Install configuration: ""
[1.663s] -- Up-to-date: /home/denis/diploma_ws/install/dms_interfaces/share/ament_index/resource_index/rosidl_interfaces/dms_interfaces
[1.663s] -- Up-to-date: /home/denis/diploma_ws/install/dms_interfaces/include/dms_interfaces/dms_interfaces
[1.663s] -- Up-to-date: /home/denis/diploma_ws/install/dms_interfaces/include/dms_interfaces/dms_interfaces/srv
[1.663s] -- Up-to-date: /home/denis/diploma_ws/install/dms_interfaces/include/dms_interfaces/dms_interfaces/srv/pub_res_cmd_vel.h
[1.664s] -- Up-to-date: /home/denis/diploma_ws/install/dms_interfaces/include/dms_interfaces/dms_interfaces/srv/detail
[1.664s] -- Up-to-date: /home/denis/diploma_ws/install/dms_interfaces/include/dms_interfaces/dms_interfaces/srv/detail/pub_res_cmd_vel__functions.c
[1.664s] -- Up-to-date: /home/denis/diploma_ws/install/dms_interfaces/include/dms_interfaces/dms_interfaces/srv/detail/pub_res_cmd_vel__type_support.h
[1.664s] -- Up-to-date: /home/denis/diploma_ws/install/dms_interfaces/include/dms_interfaces/dms_interfaces/srv/detail/pub_res_cmd_vel__functions.h
[1.665s] -- Up-to-date: /home/denis/diploma_ws/install/dms_interfaces/include/dms_interfaces/dms_interfaces/srv/detail/pub_res_cmd_vel__struct.h
[1.665s] -- Up-to-date: /home/denis/diploma_ws/install/dms_interfaces/include/dms_interfaces/dms_interfaces/msg
[1.665s] -- Up-to-date: /home/denis/diploma_ws/install/dms_interfaces/include/dms_interfaces/dms_interfaces/msg/rosidl_generator_c__visibility_control.h
[1.665s] -- Up-to-date: /home/denis/diploma_ws/install/dms_interfaces/share/dms_interfaces/environment/library_path.sh
[1.666s] -- Up-to-date: /home/denis/diploma_ws/install/dms_interfaces/share/dms_interfaces/environment/library_path.dsv
[1.666s] -- Up-to-date: /home/denis/diploma_ws/install/dms_interfaces/lib/libdms_interfaces__rosidl_generator_c.so
[1.667s] -- Up-to-date: /home/denis/diploma_ws/install/dms_interfaces/include/dms_interfaces/dms_interfaces
[1.667s] -- Up-to-date: /home/denis/diploma_ws/install/dms_interfaces/include/dms_interfaces/dms_interfaces/srv
[1.668s] -- Up-to-date: /home/denis/diploma_ws/install/dms_interfaces/include/dms_interfaces/dms_interfaces/srv/detail
[1.668s] -- Up-to-date: /home/denis/diploma_ws/install/dms_interfaces/include/dms_interfaces/dms_interfaces/srv/detail/pub_res_cmd_vel__rosidl_typesupport_fastrtps_c.h
[1.668s] -- Up-to-date: /home/denis/diploma_ws/install/dms_interfaces/include/dms_interfaces/dms_interfaces/msg
[1.669s] -- Up-to-date: /home/denis/diploma_ws/install/dms_interfaces/include/dms_interfaces/dms_interfaces/msg/rosidl_typesupport_fastrtps_c__visibility_control.h
[1.669s] -- Up-to-date: /home/denis/diploma_ws/install/dms_interfaces/lib/libdms_interfaces__rosidl_typesupport_fastrtps_c.so
[1.669s] -- Up-to-date: /home/denis/diploma_ws/install/dms_interfaces/include/dms_interfaces/dms_interfaces
[1.669s] -- Up-to-date: /home/denis/diploma_ws/install/dms_interfaces/include/dms_interfaces/dms_interfaces/srv
[1.670s] -- Up-to-date: /home/denis/diploma_ws/install/dms_interfaces/include/dms_interfaces/dms_interfaces/srv/detail
[1.671s] -- Up-to-date: /home/denis/diploma_ws/install/dms_interfaces/include/dms_interfaces/dms_interfaces/srv/detail/pub_res_cmd_vel__rosidl_typesupport_introspection_c.h
[1.671s] -- Up-to-date: /home/denis/diploma_ws/install/dms_interfaces/include/dms_interfaces/dms_interfaces/srv/detail/pub_res_cmd_vel__type_support.c
[1.671s] -- Up-to-date: /home/denis/diploma_ws/install/dms_interfaces/include/dms_interfaces/dms_interfaces/msg
[1.671s] -- Up-to-date: /home/denis/diploma_ws/install/dms_interfaces/include/dms_interfaces/dms_interfaces/msg/rosidl_typesupport_introspection_c__visibility_control.h
[1.672s] -- Up-to-date: /home/denis/diploma_ws/install/dms_interfaces/lib/libdms_interfaces__rosidl_typesupport_introspection_c.so
[1.672s] -- Up-to-date: /home/denis/diploma_ws/install/dms_interfaces/lib/libdms_interfaces__rosidl_typesupport_c.so
[1.673s] -- Up-to-date: /home/denis/diploma_ws/install/dms_interfaces/include/dms_interfaces/dms_interfaces
[1.673s] -- Up-to-date: /home/denis/diploma_ws/install/dms_interfaces/include/dms_interfaces/dms_interfaces/srv
[1.673s] -- Up-to-date: /home/denis/diploma_ws/install/dms_interfaces/include/dms_interfaces/dms_interfaces/srv/pub_res_cmd_vel.hpp
[1.673s] -- Up-to-date: /home/denis/diploma_ws/install/dms_interfaces/include/dms_interfaces/dms_interfaces/srv/detail
[1.673s] -- Up-to-date: /home/denis/diploma_ws/install/dms_interfaces/include/dms_interfaces/dms_interfaces/srv/detail/pub_res_cmd_vel__traits.hpp
[1.674s] -- Up-to-date: /home/denis/diploma_ws/install/dms_interfaces/include/dms_interfaces/dms_interfaces/srv/detail/pub_res_cmd_vel__struct.hpp
[1.674s] -- Up-to-date: /home/denis/diploma_ws/install/dms_interfaces/include/dms_interfaces/dms_interfaces/srv/detail/pub_res_cmd_vel__builder.hpp
[1.675s] -- Up-to-date: /home/denis/diploma_ws/install/dms_interfaces/include/dms_interfaces/dms_interfaces
[1.675s] -- Up-to-date: /home/denis/diploma_ws/install/dms_interfaces/include/dms_interfaces/dms_interfaces/srv
[1.675s] -- Up-to-date: /home/denis/diploma_ws/install/dms_interfaces/include/dms_interfaces/dms_interfaces/srv/detail
[1.676s] -- Up-to-date: /home/denis/diploma_ws/install/dms_interfaces/include/dms_interfaces/dms_interfaces/srv/detail/dds_fastrtps
[1.676s] -- Up-to-date: /home/denis/diploma_ws/install/dms_interfaces/include/dms_interfaces/dms_interfaces/srv/detail/pub_res_cmd_vel__rosidl_typesupport_fastrtps_cpp.hpp
[1.677s] -- Up-to-date: /home/denis/diploma_ws/install/dms_interfaces/include/dms_interfaces/dms_interfaces/msg
[1.677s] -- Up-to-date: /home/denis/diploma_ws/install/dms_interfaces/include/dms_interfaces/dms_interfaces/msg/rosidl_typesupport_fastrtps_cpp__visibility_control.h
[1.677s] -- Up-to-date: /home/denis/diploma_ws/install/dms_interfaces/lib/libdms_interfaces__rosidl_typesupport_fastrtps_cpp.so
[1.678s] -- Up-to-date: /home/denis/diploma_ws/install/dms_interfaces/include/dms_interfaces/dms_interfaces
[1.678s] -- Up-to-date: /home/denis/diploma_ws/install/dms_interfaces/include/dms_interfaces/dms_interfaces/srv
[1.678s] -- Up-to-date: /home/denis/diploma_ws/install/dms_interfaces/include/dms_interfaces/dms_interfaces/srv/detail
[1.679s] -- Up-to-date: /home/denis/diploma_ws/install/dms_interfaces/include/dms_interfaces/dms_interfaces/srv/detail/pub_res_cmd_vel__rosidl_typesupport_introspection_cpp.hpp
[1.679s] -- Up-to-date: /home/denis/diploma_ws/install/dms_interfaces/include/dms_interfaces/dms_interfaces/srv/detail/pub_res_cmd_vel__type_support.cpp
[1.679s] -- Up-to-date: /home/denis/diploma_ws/install/dms_interfaces/lib/libdms_interfaces__rosidl_typesupport_introspection_cpp.so
[1.679s] -- Up-to-date: /home/denis/diploma_ws/install/dms_interfaces/lib/libdms_interfaces__rosidl_typesupport_cpp.so
[1.680s] -- Up-to-date: /home/denis/diploma_ws/install/dms_interfaces/share/dms_interfaces/environment/pythonpath.sh
[1.680s] -- Up-to-date: /home/denis/diploma_ws/install/dms_interfaces/share/dms_interfaces/environment/pythonpath.dsv
[1.680s] -- Up-to-date: /home/denis/diploma_ws/install/dms_interfaces/local/lib/python3.10/dist-packages/dms_interfaces-0.0.0-py3.10.egg-info
[1.680s] -- Installing: /home/denis/diploma_ws/install/dms_interfaces/local/lib/python3.10/dist-packages/dms_interfaces-0.0.0-py3.10.egg-info/SOURCES.txt
[1.681s] -- Installing: /home/denis/diploma_ws/install/dms_interfaces/local/lib/python3.10/dist-packages/dms_interfaces-0.0.0-py3.10.egg-info/dependency_links.txt
[1.681s] -- Installing: /home/denis/diploma_ws/install/dms_interfaces/local/lib/python3.10/dist-packages/dms_interfaces-0.0.0-py3.10.egg-info/PKG-INFO
[1.681s] -- Installing: /home/denis/diploma_ws/install/dms_interfaces/local/lib/python3.10/dist-packages/dms_interfaces-0.0.0-py3.10.egg-info/top_level.txt
[1.682s] -- Up-to-date: /home/denis/diploma_ws/install/dms_interfaces/local/lib/python3.10/dist-packages/dms_interfaces
[1.682s] -- Up-to-date: /home/denis/diploma_ws/install/dms_interfaces/local/lib/python3.10/dist-packages/dms_interfaces/dms_interfaces_s__rosidl_typesupport_c.cpython-310-x86_64-linux-gnu.so
[1.682s] -- Up-to-date: /home/denis/diploma_ws/install/dms_interfaces/local/lib/python3.10/dist-packages/dms_interfaces/srv
[1.682s] -- Up-to-date: /home/denis/diploma_ws/install/dms_interfaces/local/lib/python3.10/dist-packages/dms_interfaces/srv/_pub_res_cmd_vel.py
[1.682s] -- Up-to-date: /home/denis/diploma_ws/install/dms_interfaces/local/lib/python3.10/dist-packages/dms_interfaces/srv/__init__.py
[1.683s] -- Up-to-date: /home/denis/diploma_ws/install/dms_interfaces/local/lib/python3.10/dist-packages/dms_interfaces/srv/_pub_res_cmd_vel_s.c
[1.683s] -- Up-to-date: /home/denis/diploma_ws/install/dms_interfaces/local/lib/python3.10/dist-packages/dms_interfaces/dms_interfaces_s__rosidl_typesupport_fastrtps_c.cpython-310-x86_64-linux-gnu.so
[1.683s] -- Up-to-date: /home/denis/diploma_ws/install/dms_interfaces/local/lib/python3.10/dist-packages/dms_interfaces/dms_interfaces_s__rosidl_typesupport_introspection_c.cpython-310-x86_64-linux-gnu.so
[1.683s] -- Up-to-date: /home/denis/diploma_ws/install/dms_interfaces/local/lib/python3.10/dist-packages/dms_interfaces/_dms_interfaces_s.ep.rosidl_typesupport_c.c
[1.684s] -- Up-to-date: /home/denis/diploma_ws/install/dms_interfaces/local/lib/python3.10/dist-packages/dms_interfaces/libdms_interfaces__rosidl_generator_py.so
[1.684s] -- Up-to-date: /home/denis/diploma_ws/install/dms_interfaces/local/lib/python3.10/dist-packages/dms_interfaces/__init__.py
[1.684s] -- Up-to-date: /home/denis/diploma_ws/install/dms_interfaces/local/lib/python3.10/dist-packages/dms_interfaces/_dms_interfaces_s.ep.rosidl_typesupport_introspection_c.c
[1.684s] -- Up-to-date: /home/denis/diploma_ws/install/dms_interfaces/local/lib/python3.10/dist-packages/dms_interfaces/_dms_interfaces_s.ep.rosidl_typesupport_fastrtps_c.c
[1.772s] Listing '/home/denis/diploma_ws/install/dms_interfaces/local/lib/python3.10/dist-packages/dms_interfaces'...
[1.773s] Listing '/home/denis/diploma_ws/install/dms_interfaces/local/lib/python3.10/dist-packages/dms_interfaces/srv'...
[1.785s] -- Up-to-date: /home/denis/diploma_ws/install/dms_interfaces/local/lib/python3.10/dist-packages/dms_interfaces/dms_interfaces_s__rosidl_typesupport_fastrtps_c.cpython-310-x86_64-linux-gnu.so
[1.786s] -- Up-to-date: /home/denis/diploma_ws/install/dms_interfaces/local/lib/python3.10/dist-packages/dms_interfaces/dms_interfaces_s__rosidl_typesupport_introspection_c.cpython-310-x86_64-linux-gnu.so
[1.788s] -- Up-to-date: /home/denis/diploma_ws/install/dms_interfaces/local/lib/python3.10/dist-packages/dms_interfaces/dms_interfaces_s__rosidl_typesupport_c.cpython-310-x86_64-linux-gnu.so
[1.789s] -- Up-to-date: /home/denis/diploma_ws/install/dms_interfaces/lib/libdms_interfaces__rosidl_generator_py.so
[1.790s] -- Up-to-date: /home/denis/diploma_ws/install/dms_interfaces/share/dms_interfaces/srv/PubResCmdVel.idl
[1.790s] -- Up-to-date: /home/denis/diploma_ws/install/dms_interfaces/share/dms_interfaces/srv/PubResCmdVel.srv
[1.791s] -- Up-to-date: /home/denis/diploma_ws/install/dms_interfaces/share/dms_interfaces/srv/PubResCmdVel_Request.msg
[1.792s] -- Up-to-date: /home/denis/diploma_ws/install/dms_interfaces/share/dms_interfaces/srv/PubResCmdVel_Response.msg
[1.792s] -- Up-to-date: /home/denis/diploma_ws/install/dms_interfaces/share/ament_index/resource_index/package_run_dependencies/dms_interfaces
[1.792s] -- Up-to-date: /home/denis/diploma_ws/install/dms_interfaces/share/ament_index/resource_index/parent_prefix_path/dms_interfaces
[1.793s] -- Up-to-date: /home/denis/diploma_ws/install/dms_interfaces/share/dms_interfaces/environment/ament_prefix_path.sh
[1.793s] -- Up-to-date: /home/denis/diploma_ws/install/dms_interfaces/share/dms_interfaces/environment/ament_prefix_path.dsv
[1.794s] -- Up-to-date: /home/denis/diploma_ws/install/dms_interfaces/share/dms_interfaces/environment/path.sh
[1.794s] -- Up-to-date: /home/denis/diploma_ws/install/dms_interfaces/share/dms_interfaces/environment/path.dsv
[1.794s] -- Up-to-date: /home/denis/diploma_ws/install/dms_interfaces/share/dms_interfaces/local_setup.bash
[1.794s] -- Up-to-date: /home/denis/diploma_ws/install/dms_interfaces/share/dms_interfaces/local_setup.sh
[1.794s] -- Up-to-date: /home/denis/diploma_ws/install/dms_interfaces/share/dms_interfaces/local_setup.zsh
[1.795s] -- Up-to-date: /home/denis/diploma_ws/install/dms_interfaces/share/dms_interfaces/local_setup.dsv
[1.795s] -- Installing: /home/denis/diploma_ws/install/dms_interfaces/share/dms_interfaces/package.dsv
[1.796s] -- Up-to-date: /home/denis/diploma_ws/install/dms_interfaces/share/ament_index/resource_index/packages/dms_interfaces
[1.796s] -- Up-to-date: /home/denis/diploma_ws/install/dms_interfaces/share/dms_interfaces/cmake/export_dms_interfaces__rosidl_generator_cExport.cmake
[1.797s] -- Up-to-date: /home/denis/diploma_ws/install/dms_interfaces/share/dms_interfaces/cmake/export_dms_interfaces__rosidl_generator_cExport-noconfig.cmake
[1.798s] -- Up-to-date: /home/denis/diploma_ws/install/dms_interfaces/share/dms_interfaces/cmake/export_dms_interfaces__rosidl_typesupport_fastrtps_cExport.cmake
[1.798s] -- Up-to-date: /home/denis/diploma_ws/install/dms_interfaces/share/dms_interfaces/cmake/export_dms_interfaces__rosidl_typesupport_fastrtps_cExport-noconfig.cmake
[1.799s] -- Up-to-date: /home/denis/diploma_ws/install/dms_interfaces/share/dms_interfaces/cmake/dms_interfaces__rosidl_typesupport_introspection_cExport.cmake
[1.800s] -- Up-to-date: /home/denis/diploma_ws/install/dms_interfaces/share/dms_interfaces/cmake/dms_interfaces__rosidl_typesupport_introspection_cExport-noconfig.cmake
[1.800s] -- Up-to-date: /home/denis/diploma_ws/install/dms_interfaces/share/dms_interfaces/cmake/dms_interfaces__rosidl_typesupport_cExport.cmake
[1.801s] -- Up-to-date: /home/denis/diploma_ws/install/dms_interfaces/share/dms_interfaces/cmake/dms_interfaces__rosidl_typesupport_cExport-noconfig.cmake
[1.802s] -- Up-to-date: /home/denis/diploma_ws/install/dms_interfaces/share/dms_interfaces/cmake/export_dms_interfaces__rosidl_generator_cppExport.cmake
[1.803s] -- Up-to-date: /home/denis/diploma_ws/install/dms_interfaces/share/dms_interfaces/cmake/export_dms_interfaces__rosidl_typesupport_fastrtps_cppExport.cmake
[1.804s] -- Up-to-date: /home/denis/diploma_ws/install/dms_interfaces/share/dms_interfaces/cmake/export_dms_interfaces__rosidl_typesupport_fastrtps_cppExport-noconfig.cmake
[1.805s] -- Up-to-date: /home/denis/diploma_ws/install/dms_interfaces/share/dms_interfaces/cmake/dms_interfaces__rosidl_typesupport_introspection_cppExport.cmake
[1.806s] -- Up-to-date: /home/denis/diploma_ws/install/dms_interfaces/share/dms_interfaces/cmake/dms_interfaces__rosidl_typesupport_introspection_cppExport-noconfig.cmake
[1.807s] -- Up-to-date: /home/denis/diploma_ws/install/dms_interfaces/share/dms_interfaces/cmake/dms_interfaces__rosidl_typesupport_cppExport.cmake
[1.808s] -- Up-to-date: /home/denis/diploma_ws/install/dms_interfaces/share/dms_interfaces/cmake/dms_interfaces__rosidl_typesupport_cppExport-noconfig.cmake
[1.808s] -- Up-to-date: /home/denis/diploma_ws/install/dms_interfaces/share/dms_interfaces/cmake/export_dms_interfaces__rosidl_generator_pyExport.cmake
[1.816s] -- Up-to-date: /home/denis/diploma_ws/install/dms_interfaces/share/dms_interfaces/cmake/export_dms_interfaces__rosidl_generator_pyExport-noconfig.cmake
[1.816s] -- Up-to-date: /home/denis/diploma_ws/install/dms_interfaces/share/dms_interfaces/cmake/rosidl_cmake-extras.cmake
[1.817s] -- Up-to-date: /home/denis/diploma_ws/install/dms_interfaces/share/dms_interfaces/cmake/ament_cmake_export_dependencies-extras.cmake
[1.817s] -- Up-to-date: /home/denis/diploma_ws/install/dms_interfaces/share/dms_interfaces/cmake/ament_cmake_export_include_directories-extras.cmake
[1.818s] -- Up-to-date: /home/denis/diploma_ws/install/dms_interfaces/share/dms_interfaces/cmake/ament_cmake_export_libraries-extras.cmake
[1.819s] -- Up-to-date: /home/denis/diploma_ws/install/dms_interfaces/share/dms_interfaces/cmake/ament_cmake_export_targets-extras.cmake
[1.821s] -- Up-to-date: /home/denis/diploma_ws/install/dms_interfaces/share/dms_interfaces/cmake/rosidl_cmake_export_typesupport_targets-extras.cmake
[1.821s] -- Up-to-date: /home/denis/diploma_ws/install/dms_interfaces/share/dms_interfaces/cmake/rosidl_cmake_export_typesupport_libraries-extras.cmake
[1.822s] -- Up-to-date: /home/denis/diploma_ws/install/dms_interfaces/share/dms_interfaces/cmake/dms_interfacesConfig.cmake
[1.823s] -- Up-to-date: /home/denis/diploma_ws/install/dms_interfaces/share/dms_interfaces/cmake/dms_interfacesConfig-version.cmake
[1.824s] -- Up-to-date: /home/denis/diploma_ws/install/dms_interfaces/share/dms_interfaces/package.xml
[1.842s] Invoked command in '/home/denis/diploma_ws/build/dms_interfaces' returned '0': CMAKE_PREFIX_PATH=/opt/ros/humble /usr/bin/cmake --install /home/denis/diploma_ws/build/dms_interfaces
