[0.035s] Invoking command in '/home/denis/diploma_ws/build/bt': AMENT_PREFIX_PATH=/home/denis/diploma_ws/install/behaviortree_cpp_v3:${AMENT_PREFIX_PATH} CMAKE_PREFIX_PATH=/home/denis/diploma_ws/install/behaviortree_cpp_v3:/opt/ros/humble LD_LIBRARY_PATH=/home/denis/diploma_ws/install/behaviortree_cpp_v3/lib:${LD_LIBRARY_PATH} PATH=/home/denis/diploma_ws/install/behaviortree_cpp_v3/bin:${PATH} /usr/bin/cmake --build /home/denis/diploma_ws/build/bt -- -j4 -l4
[0.247s] [ 25%] Built target lidar_bt
[0.247s] [ 50%] Built target odom_bt
[0.255s] [ 75%] Built target imu_bt
[0.256s] [100%] Built target sensors_bt
[0.286s] Invoked command in '/home/denis/diploma_ws/build/bt' returned '0': AMENT_PREFIX_PATH=/home/denis/diploma_ws/install/behaviortree_cpp_v3:${AMENT_PREFIX_PATH} CMAKE_PREFIX_PATH=/home/denis/diploma_ws/install/behaviortree_cpp_v3:/opt/ros/humble LD_LIBRARY_PATH=/home/denis/diploma_ws/install/behaviortree_cpp_v3/lib:${LD_LIBRARY_PATH} PATH=/home/denis/diploma_ws/install/behaviortree_cpp_v3/bin:${PATH} /usr/bin/cmake --build /home/denis/diploma_ws/build/bt -- -j4 -l4
[0.389s] Invoking command in '/home/denis/diploma_ws/build/bt': AMENT_PREFIX_PATH=/home/denis/diploma_ws/install/behaviortree_cpp_v3:${AMENT_PREFIX_PATH} CMAKE_PREFIX_PATH=/home/denis/diploma_ws/install/behaviortree_cpp_v3:/opt/ros/humble LD_LIBRARY_PATH=/home/denis/diploma_ws/install/behaviortree_cpp_v3/lib:${LD_LIBRARY_PATH} PATH=/home/denis/diploma_ws/install/behaviortree_cpp_v3/bin:${PATH} /usr/bin/cmake --install /home/denis/diploma_ws/build/bt
[0.422s] -- Install configuration: ""
[0.428s] -- Up-to-date: /home/denis/diploma_ws/install/bt/lib/bt/lidar_bt
[0.431s] -- Up-to-date: /home/denis/diploma_ws/install/bt/lib/bt/imu_bt
[0.435s] -- Up-to-date: /home/denis/diploma_ws/install/bt/lib/bt/odom_bt
[0.437s] -- Up-to-date: /home/denis/diploma_ws/install/bt/lib/bt/sensors_bt
[0.438s] -- Up-to-date: /home/denis/diploma_ws/install/bt/share/bt/resources
[0.439s] -- Up-to-date: /home/denis/diploma_ws/install/bt/share/bt/resources/imu_bt.xml
[0.440s] -- Up-to-date: /home/denis/diploma_ws/install/bt/share/bt/resources/sensors_bt.xml
[0.440s] -- Up-to-date: /home/denis/diploma_ws/install/bt/share/bt/resources/lidar_bt.xml
[0.441s] -- Up-to-date: /home/denis/diploma_ws/install/bt/share/bt/resources/odom_bt.xml
[0.441s] -- Up-to-date: /home/denis/diploma_ws/install/bt/share/bt/resources/battery_bt.xml
[0.441s] -- Up-to-date: /home/denis/diploma_ws/install/bt/share/bt/launch
[0.442s] -- Up-to-date: /home/denis/diploma_ws/install/bt/share/bt/launch/lidar_bt.launch.py
[0.442s] -- Up-to-date: /home/denis/diploma_ws/install/bt/share/bt/launch/odom_bt.launch.py
[0.442s] -- Up-to-date: /home/denis/diploma_ws/install/bt/share/bt/launch/sensors_bt.launch.py
[0.442s] -- Up-to-date: /home/denis/diploma_ws/install/bt/share/bt/launch/imu_bt.launch.py
[0.443s] -- Up-to-date: /home/denis/diploma_ws/install/bt/share/ament_index/resource_index/package_run_dependencies/bt
[0.443s] -- Up-to-date: /home/denis/diploma_ws/install/bt/share/ament_index/resource_index/parent_prefix_path/bt
[0.443s] -- Up-to-date: /home/denis/diploma_ws/install/bt/share/bt/environment/ament_prefix_path.sh
[0.443s] -- Up-to-date: /home/denis/diploma_ws/install/bt/share/bt/environment/ament_prefix_path.dsv
[0.444s] -- Up-to-date: /home/denis/diploma_ws/install/bt/share/bt/environment/path.sh
[0.444s] -- Up-to-date: /home/denis/diploma_ws/install/bt/share/bt/environment/path.dsv
[0.444s] -- Up-to-date: /home/denis/diploma_ws/install/bt/share/bt/local_setup.bash
[0.445s] -- Up-to-date: /home/denis/diploma_ws/install/bt/share/bt/local_setup.sh
[0.445s] -- Up-to-date: /home/denis/diploma_ws/install/bt/share/bt/local_setup.zsh
[0.445s] -- Up-to-date: /home/denis/diploma_ws/install/bt/share/bt/local_setup.dsv
[0.445s] -- Installing: /home/denis/diploma_ws/install/bt/share/bt/package.dsv
[0.446s] -- Up-to-date: /home/denis/diploma_ws/install/bt/share/ament_index/resource_index/packages/bt
[0.446s] -- Up-to-date: /home/denis/diploma_ws/install/bt/share/bt/cmake/btConfig.cmake
[0.446s] -- Up-to-date: /home/denis/diploma_ws/install/bt/share/bt/cmake/btConfig-version.cmake
[0.446s] -- Up-to-date: /home/denis/diploma_ws/install/bt/share/bt/package.xml
[0.451s] Invoked command in '/home/denis/diploma_ws/build/bt' returned '0': AMENT_PREFIX_PATH=/home/denis/diploma_ws/install/behaviortree_cpp_v3:${AMENT_PREFIX_PATH} CMAKE_PREFIX_PATH=/home/denis/diploma_ws/install/behaviortree_cpp_v3:/opt/ros/humble LD_LIBRARY_PATH=/home/denis/diploma_ws/install/behaviortree_cpp_v3/lib:${LD_LIBRARY_PATH} PATH=/home/denis/diploma_ws/install/behaviortree_cpp_v3/bin:${PATH} /usr/bin/cmake --install /home/denis/diploma_ws/build/bt
