[0.062s] Invoking command in '/home/denis/diploma_ws/build/dms_interfaces': CMAKE_PREFIX_PATH=${CMAKE_PREFIX_PATH}:/opt/ros/humble /usr/bin/cmake --build /home/denis/diploma_ws/build/dms_interfaces -- -j4 -l4
[0.170s] -- Found ament_cmake: 1.3.8 (/opt/ros/humble/share/ament_cmake/cmake)
[0.840s] -- Found rosidl_default_generators: 1.2.0 (/opt/ros/humble/share/rosidl_default_generators/cmake)
[0.885s] -- Using all available rosidl_typesupport_c: rosidl_typesupport_fastrtps_c;rosidl_typesupport_introspection_c
[0.924s] -- Found rosidl_adapter: 3.1.5 (/opt/ros/humble/share/rosidl_adapter/cmake)
[1.138s] -- Using all available rosidl_typesupport_cpp: rosidl_typesupport_fastrtps_cpp;rosidl_typesupport_introspection_cpp
[1.402s] -- Found std_msgs: 4.2.3 (/opt/ros/humble/share/std_msgs/cmake)
[1.741s] -- Found geometry_msgs: 4.2.3 (/opt/ros/humble/share/geometry_msgs/cmake)
[2.923s] -- Found ament_cmake_ros: 0.10.0 (/opt/ros/humble/share/ament_cmake_ros/cmake)
[3.779s] -- Using all available rosidl_typesupport_c: rosidl_typesupport_fastrtps_c;rosidl_typesupport_introspection_c
[4.433s] -- Using all available rosidl_typesupport_cpp: rosidl_typesupport_fastrtps_cpp;rosidl_typesupport_introspection_cpp
[4.471s] -- Found python_cmake_module: 0.10.0 (/opt/ros/humble/share/python_cmake_module/cmake)
[4.516s] -- Using PYTHON_EXECUTABLE: /usr/bin/python3
[4.517s] -- Using PYTHON_INCLUDE_DIRS: /usr/include/python3.10
[4.517s] -- Using PYTHON_LIBRARIES: /usr/lib/x86_64-linux-gnu/libpython3.10.so
[4.598s] -- Found ament_lint_auto: 0.12.10 (/opt/ros/humble/share/ament_lint_auto/cmake)
[4.630s] -- Added test 'lint_cmake' to check CMake code style
[4.633s] -- Added test 'xmllint' to check XML markup files
[4.638s] -- Configuring done
[4.724s] -- Generating done
[4.731s] -- Build files have been written to: /home/denis/diploma_ws/build/dms_interfaces
[4.779s] [  2%] [34m[1mGenerating C code for ROS interfaces[0m
[4.808s] [  4%] [34m[1mGenerating C++ code for ROS interfaces[0m
[4.842s] [  4%] Built target ament_cmake_python_copy_dms_interfaces
[5.555s] running egg_info
[5.555s] writing dms_interfaces.egg-info/PKG-INFO
[5.555s] writing dependency_links to dms_interfaces.egg-info/dependency_links.txt
[5.555s] writing top-level names to dms_interfaces.egg-info/top_level.txt
[5.555s] reading manifest file 'dms_interfaces.egg-info/SOURCES.txt'
[5.558s] writing manifest file 'dms_interfaces.egg-info/SOURCES.txt'
[5.618s] [  4%] Built target ament_cmake_python_build_dms_interfaces_egg
[5.813s] [  4%] Built target dms_interfaces__cpp
[5.847s] [  6%] [34m[1mGenerating C++ type support dispatch for ROS interfaces[0m
[5.935s] [35m[1mConsolidate compiler generated dependencies of target dms_interfaces__rosidl_generator_c[0m
[5.937s] [  8%] [34m[1mGenerating C++ type support for eProsima Fast-RTPS[0m
[5.942s] [ 10%] [34m[1mGenerating C++ introspection for ROS interfaces[0m
[5.968s] [ 12%] [32mBuilding C object CMakeFiles/dms_interfaces__rosidl_generator_c.dir/rosidl_generator_c/dms_interfaces/srv/detail/pub_res_cmd_vel__functions.c.o[0m
[6.328s] [ 14%] [32mBuilding C object CMakeFiles/dms_interfaces__rosidl_generator_c.dir/rosidl_generator_c/dms_interfaces/srv/detail/get_battery_level__functions.c.o[0m
[6.527s] [ 17%] [32mBuilding C object CMakeFiles/dms_interfaces__rosidl_generator_c.dir/rosidl_generator_c/dms_interfaces/srv/detail/get_goal_distance__functions.c.o[0m
[6.689s] [ 19%] [32m[1mLinking C shared library libdms_interfaces__rosidl_generator_c.so[0m
[6.716s] [35m[1mConsolidate compiler generated dependencies of target dms_interfaces__rosidl_typesupport_cpp[0m
[6.755s] [ 21%] [32mBuilding CXX object CMakeFiles/dms_interfaces__rosidl_typesupport_cpp.dir/rosidl_typesupport_cpp/dms_interfaces/srv/pub_res_cmd_vel__type_support.cpp.o[0m
[6.809s] [ 21%] Built target dms_interfaces__rosidl_generator_c
[6.836s] [ 23%] [34m[1mGenerating C type support for eProsima Fast-RTPS[0m
[7.122s] [35m[1mConsolidate compiler generated dependencies of target dms_interfaces__rosidl_typesupport_introspection_cpp[0m
[7.163s] [ 25%] [32mBuilding CXX object CMakeFiles/dms_interfaces__rosidl_typesupport_introspection_cpp.dir/rosidl_typesupport_introspection_cpp/dms_interfaces/srv/detail/pub_res_cmd_vel__type_support.cpp.o[0m
[7.272s] [35m[1mConsolidate compiler generated dependencies of target dms_interfaces__rosidl_typesupport_fastrtps_cpp[0m
[7.320s] [ 27%] [32mBuilding CXX object CMakeFiles/dms_interfaces__rosidl_typesupport_fastrtps_cpp.dir/rosidl_typesupport_fastrtps_cpp/dms_interfaces/srv/detail/dds_fastrtps/pub_res_cmd_vel__type_support.cpp.o[0m
[7.636s] [ 29%] [32mBuilding CXX object CMakeFiles/dms_interfaces__rosidl_typesupport_cpp.dir/rosidl_typesupport_cpp/dms_interfaces/srv/get_battery_level__type_support.cpp.o[0m
[8.071s] [35m[1mConsolidate compiler generated dependencies of target dms_interfaces__rosidl_typesupport_fastrtps_c[0m
[8.114s] [ 31%] [32mBuilding CXX object CMakeFiles/dms_interfaces__rosidl_typesupport_fastrtps_c.dir/rosidl_typesupport_fastrtps_c/dms_interfaces/srv/detail/pub_res_cmd_vel__type_support_c.cpp.o[0m
[8.309s] [ 34%] [32mBuilding CXX object CMakeFiles/dms_interfaces__rosidl_typesupport_introspection_cpp.dir/rosidl_typesupport_introspection_cpp/dms_interfaces/srv/detail/get_battery_level__type_support.cpp.o[0m
[8.354s] [ 36%] [32mBuilding CXX object CMakeFiles/dms_interfaces__rosidl_typesupport_cpp.dir/rosidl_typesupport_cpp/dms_interfaces/srv/get_goal_distance__type_support.cpp.o[0m
[8.606s] [ 38%] [32mBuilding CXX object CMakeFiles/dms_interfaces__rosidl_typesupport_fastrtps_cpp.dir/rosidl_typesupport_fastrtps_cpp/dms_interfaces/srv/detail/dds_fastrtps/get_battery_level__type_support.cpp.o[0m
[9.050s] [ 40%] [32mBuilding CXX object CMakeFiles/dms_interfaces__rosidl_typesupport_fastrtps_c.dir/rosidl_typesupport_fastrtps_c/dms_interfaces/srv/detail/get_battery_level__type_support_c.cpp.o[0m
[9.098s] [ 42%] [32m[1mLinking CXX shared library libdms_interfaces__rosidl_typesupport_cpp.so[0m
[9.221s] [ 42%] Built target dms_interfaces__rosidl_typesupport_cpp
[9.250s] [ 44%] [34m[1mGenerating C introspection for ROS interfaces[0m
[9.451s] [ 46%] [32mBuilding CXX object CMakeFiles/dms_interfaces__rosidl_typesupport_introspection_cpp.dir/rosidl_typesupport_introspection_cpp/dms_interfaces/srv/detail/get_goal_distance__type_support.cpp.o[0m
[9.891s] [ 48%] [32mBuilding CXX object CMakeFiles/dms_interfaces__rosidl_typesupport_fastrtps_cpp.dir/rosidl_typesupport_fastrtps_cpp/dms_interfaces/srv/detail/dds_fastrtps/get_goal_distance__type_support.cpp.o[0m
[9.975s] [ 51%] [32mBuilding CXX object CMakeFiles/dms_interfaces__rosidl_typesupport_fastrtps_c.dir/rosidl_typesupport_fastrtps_c/dms_interfaces/srv/detail/get_goal_distance__type_support_c.cpp.o[0m
[10.489s] [35m[1mConsolidate compiler generated dependencies of target dms_interfaces__rosidl_typesupport_introspection_c[0m
[10.521s] [ 53%] [32mBuilding C object CMakeFiles/dms_interfaces__rosidl_typesupport_introspection_c.dir/rosidl_typesupport_introspection_c/dms_interfaces/srv/detail/pub_res_cmd_vel__type_support.c.o[0m
[10.590s] [ 55%] [32m[1mLinking CXX shared library libdms_interfaces__rosidl_typesupport_introspection_cpp.so[0m
[10.673s] [ 57%] [32mBuilding C object CMakeFiles/dms_interfaces__rosidl_typesupport_introspection_c.dir/rosidl_typesupport_introspection_c/dms_interfaces/srv/detail/get_battery_level__type_support.c.o[0m
[10.806s] [ 59%] [32mBuilding C object CMakeFiles/dms_interfaces__rosidl_typesupport_introspection_c.dir/rosidl_typesupport_introspection_c/dms_interfaces/srv/detail/get_goal_distance__type_support.c.o[0m
[10.835s] [ 59%] Built target dms_interfaces__rosidl_typesupport_introspection_cpp
[10.878s] [ 61%] [34m[1mGenerating C type support dispatch for ROS interfaces[0m
[10.926s] [ 63%] [32m[1mLinking C shared library libdms_interfaces__rosidl_typesupport_introspection_c.so[0m
[10.960s] [ 65%] [32m[1mLinking CXX shared library libdms_interfaces__rosidl_typesupport_fastrtps_c.so[0m
[10.979s] [ 68%] [32m[1mLinking CXX shared library libdms_interfaces__rosidl_typesupport_fastrtps_cpp.so[0m
[11.015s] [ 68%] Built target dms_interfaces__rosidl_typesupport_introspection_c
[11.188s] [ 68%] Built target dms_interfaces__rosidl_typesupport_fastrtps_c
[11.195s] [ 68%] Built target dms_interfaces__rosidl_typesupport_fastrtps_cpp
[11.545s] [35m[1mConsolidate compiler generated dependencies of target dms_interfaces__rosidl_typesupport_c[0m
[11.570s] [ 70%] [32mBuilding CXX object CMakeFiles/dms_interfaces__rosidl_typesupport_c.dir/rosidl_typesupport_c/dms_interfaces/srv/get_battery_level__type_support.cpp.o[0m
[11.574s] [ 74%] [32mBuilding CXX object CMakeFiles/dms_interfaces__rosidl_typesupport_c.dir/rosidl_typesupport_c/dms_interfaces/srv/get_goal_distance__type_support.cpp.o[0m
[11.574s] [ 74%] [32mBuilding CXX object CMakeFiles/dms_interfaces__rosidl_typesupport_c.dir/rosidl_typesupport_c/dms_interfaces/srv/pub_res_cmd_vel__type_support.cpp.o[0m
[11.650s] [ 76%] [32m[1mLinking CXX shared library libdms_interfaces__rosidl_typesupport_c.so[0m
[11.725s] [ 76%] Built target dms_interfaces__rosidl_typesupport_c
[11.763s] [ 76%] Built target dms_interfaces
[11.807s] [ 78%] [34m[1mGenerating Python code for ROS interfaces[0m
[12.939s] [ 78%] Built target dms_interfaces__py
[12.959s] [35m[1mConsolidate compiler generated dependencies of target dms_interfaces__rosidl_generator_py[0m
[12.987s] [ 80%] [32mBuilding C object CMakeFiles/dms_interfaces__rosidl_generator_py.dir/rosidl_generator_py/dms_interfaces/srv/_get_battery_level_s.c.o[0m
[12.991s] [ 82%] [32mBuilding C object CMakeFiles/dms_interfaces__rosidl_generator_py.dir/rosidl_generator_py/dms_interfaces/srv/_pub_res_cmd_vel_s.c.o[0m
[12.992s] [ 85%] [32mBuilding C object CMakeFiles/dms_interfaces__rosidl_generator_py.dir/rosidl_generator_py/dms_interfaces/srv/_get_goal_distance_s.c.o[0m
[13.271s] [ 87%] [32m[1mLinking C shared library rosidl_generator_py/dms_interfaces/libdms_interfaces__rosidl_generator_py.so[0m
[13.353s] [ 87%] Built target dms_interfaces__rosidl_generator_py
[13.374s] [35m[1mConsolidate compiler generated dependencies of target dms_interfaces__rosidl_typesupport_fastrtps_c__pyext[0m
[13.378s] [35m[1mConsolidate compiler generated dependencies of target dms_interfaces__rosidl_typesupport_introspection_c__pyext[0m
[13.380s] [35m[1mConsolidate compiler generated dependencies of target dms_interfaces__rosidl_typesupport_c__pyext[0m
[13.410s] [ 89%] [32mBuilding C object CMakeFiles/dms_interfaces__rosidl_typesupport_fastrtps_c__pyext.dir/rosidl_generator_py/dms_interfaces/_dms_interfaces_s.ep.rosidl_typesupport_fastrtps_c.c.o[0m
[13.410s] [ 91%] [32mBuilding C object CMakeFiles/dms_interfaces__rosidl_typesupport_introspection_c__pyext.dir/rosidl_generator_py/dms_interfaces/_dms_interfaces_s.ep.rosidl_typesupport_introspection_c.c.o[0m
[13.415s] [ 93%] [32mBuilding C object CMakeFiles/dms_interfaces__rosidl_typesupport_c__pyext.dir/rosidl_generator_py/dms_interfaces/_dms_interfaces_s.ep.rosidl_typesupport_c.c.o[0m
[13.689s] [ 95%] [32m[1mLinking C shared library rosidl_generator_py/dms_interfaces/dms_interfaces_s__rosidl_typesupport_c.cpython-310-x86_64-linux-gnu.so[0m
[13.714s] [ 97%] [32m[1mLinking C shared library rosidl_generator_py/dms_interfaces/dms_interfaces_s__rosidl_typesupport_fastrtps_c.cpython-310-x86_64-linux-gnu.so[0m
[13.743s] [100%] [32m[1mLinking C shared library rosidl_generator_py/dms_interfaces/dms_interfaces_s__rosidl_typesupport_introspection_c.cpython-310-x86_64-linux-gnu.so[0m
[13.796s] [100%] Built target dms_interfaces__rosidl_typesupport_c__pyext
[13.818s] [100%] Built target dms_interfaces__rosidl_typesupport_fastrtps_c__pyext
[13.832s] [100%] Built target dms_interfaces__rosidl_typesupport_introspection_c__pyext
[13.853s] Invoked command in '/home/denis/diploma_ws/build/dms_interfaces' returned '0': CMAKE_PREFIX_PATH=${CMAKE_PREFIX_PATH}:/opt/ros/humble /usr/bin/cmake --build /home/denis/diploma_ws/build/dms_interfaces -- -j4 -l4
[14.069s] Invoking command in '/home/denis/diploma_ws/build/dms_interfaces': CMAKE_PREFIX_PATH=${CMAKE_PREFIX_PATH}:/opt/ros/humble /usr/bin/cmake --install /home/denis/diploma_ws/build/dms_interfaces
[14.083s] -- Install configuration: ""
[14.084s] -- Up-to-date: /home/denis/diploma_ws/install/dms_interfaces/share/ament_index/resource_index/rosidl_interfaces/dms_interfaces
[14.084s] -- Up-to-date: /home/denis/diploma_ws/install/dms_interfaces/include/dms_interfaces/dms_interfaces
[14.084s] -- Up-to-date: /home/denis/diploma_ws/install/dms_interfaces/include/dms_interfaces/dms_interfaces/srv
[14.085s] -- Installing: /home/denis/diploma_ws/install/dms_interfaces/include/dms_interfaces/dms_interfaces/srv/pub_res_cmd_vel.h
[14.085s] -- Up-to-date: /home/denis/diploma_ws/install/dms_interfaces/include/dms_interfaces/dms_interfaces/srv/detail
[14.085s] -- Installing: /home/denis/diploma_ws/install/dms_interfaces/include/dms_interfaces/dms_interfaces/srv/detail/get_goal_distance__functions.h
[14.085s] -- Installing: /home/denis/diploma_ws/install/dms_interfaces/include/dms_interfaces/dms_interfaces/srv/detail/get_goal_distance__type_support.h
[14.085s] -- Installing: /home/denis/diploma_ws/install/dms_interfaces/include/dms_interfaces/dms_interfaces/srv/detail/pub_res_cmd_vel__functions.c
[14.086s] -- Installing: /home/denis/diploma_ws/install/dms_interfaces/include/dms_interfaces/dms_interfaces/srv/detail/pub_res_cmd_vel__type_support.h
[14.086s] -- Installing: /home/denis/diploma_ws/install/dms_interfaces/include/dms_interfaces/dms_interfaces/srv/detail/get_battery_level__functions.c
[14.086s] -- Installing: /home/denis/diploma_ws/install/dms_interfaces/include/dms_interfaces/dms_interfaces/srv/detail/get_goal_distance__functions.c
[14.087s] -- Installing: /home/denis/diploma_ws/install/dms_interfaces/include/dms_interfaces/dms_interfaces/srv/detail/get_battery_level__type_support.h
[14.087s] -- Installing: /home/denis/diploma_ws/install/dms_interfaces/include/dms_interfaces/dms_interfaces/srv/detail/pub_res_cmd_vel__functions.h
[14.087s] -- Installing: /home/denis/diploma_ws/install/dms_interfaces/include/dms_interfaces/dms_interfaces/srv/detail/get_goal_distance__struct.h
[14.087s] -- Installing: /home/denis/diploma_ws/install/dms_interfaces/include/dms_interfaces/dms_interfaces/srv/detail/pub_res_cmd_vel__struct.h
[14.088s] -- Installing: /home/denis/diploma_ws/install/dms_interfaces/include/dms_interfaces/dms_interfaces/srv/detail/get_battery_level__struct.h
[14.088s] -- Installing: /home/denis/diploma_ws/install/dms_interfaces/include/dms_interfaces/dms_interfaces/srv/detail/get_battery_level__functions.h
[14.088s] -- Installing: /home/denis/diploma_ws/install/dms_interfaces/include/dms_interfaces/dms_interfaces/srv/get_battery_level.h
[14.088s] -- Installing: /home/denis/diploma_ws/install/dms_interfaces/include/dms_interfaces/dms_interfaces/srv/get_goal_distance.h
[14.089s] -- Up-to-date: /home/denis/diploma_ws/install/dms_interfaces/include/dms_interfaces/dms_interfaces/msg
[14.089s] -- Up-to-date: /home/denis/diploma_ws/install/dms_interfaces/include/dms_interfaces/dms_interfaces/msg/rosidl_generator_c__visibility_control.h
[14.089s] -- Up-to-date: /home/denis/diploma_ws/install/dms_interfaces/share/dms_interfaces/environment/library_path.sh
[14.089s] -- Installing: /home/denis/diploma_ws/install/dms_interfaces/share/dms_interfaces/environment/library_path.dsv
[14.090s] -- Installing: /home/denis/diploma_ws/install/dms_interfaces/lib/libdms_interfaces__rosidl_generator_c.so
[14.091s] -- Set runtime path of "/home/denis/diploma_ws/install/dms_interfaces/lib/libdms_interfaces__rosidl_generator_c.so" to ""
[14.091s] -- Up-to-date: /home/denis/diploma_ws/install/dms_interfaces/include/dms_interfaces/dms_interfaces
[14.091s] -- Up-to-date: /home/denis/diploma_ws/install/dms_interfaces/include/dms_interfaces/dms_interfaces/srv
[14.092s] -- Up-to-date: /home/denis/diploma_ws/install/dms_interfaces/include/dms_interfaces/dms_interfaces/srv/detail
[14.092s] -- Installing: /home/denis/diploma_ws/install/dms_interfaces/include/dms_interfaces/dms_interfaces/srv/detail/get_battery_level__rosidl_typesupport_fastrtps_c.h
[14.092s] -- Installing: /home/denis/diploma_ws/install/dms_interfaces/include/dms_interfaces/dms_interfaces/srv/detail/get_goal_distance__rosidl_typesupport_fastrtps_c.h
[14.092s] -- Installing: /home/denis/diploma_ws/install/dms_interfaces/include/dms_interfaces/dms_interfaces/srv/detail/pub_res_cmd_vel__rosidl_typesupport_fastrtps_c.h
[14.092s] -- Up-to-date: /home/denis/diploma_ws/install/dms_interfaces/include/dms_interfaces/dms_interfaces/msg
[14.093s] -- Up-to-date: /home/denis/diploma_ws/install/dms_interfaces/include/dms_interfaces/dms_interfaces/msg/rosidl_typesupport_fastrtps_c__visibility_control.h
[14.093s] -- Installing: /home/denis/diploma_ws/install/dms_interfaces/lib/libdms_interfaces__rosidl_typesupport_fastrtps_c.so
[14.093s] -- Set runtime path of "/home/denis/diploma_ws/install/dms_interfaces/lib/libdms_interfaces__rosidl_typesupport_fastrtps_c.so" to ""
[14.094s] -- Up-to-date: /home/denis/diploma_ws/install/dms_interfaces/include/dms_interfaces/dms_interfaces
[14.094s] -- Up-to-date: /home/denis/diploma_ws/install/dms_interfaces/include/dms_interfaces/dms_interfaces/srv
[14.094s] -- Up-to-date: /home/denis/diploma_ws/install/dms_interfaces/include/dms_interfaces/dms_interfaces/srv/detail
[14.094s] -- Installing: /home/denis/diploma_ws/install/dms_interfaces/include/dms_interfaces/dms_interfaces/srv/detail/pub_res_cmd_vel__rosidl_typesupport_introspection_c.h
[14.094s] -- Installing: /home/denis/diploma_ws/install/dms_interfaces/include/dms_interfaces/dms_interfaces/srv/detail/get_battery_level__type_support.c
[14.095s] -- Installing: /home/denis/diploma_ws/install/dms_interfaces/include/dms_interfaces/dms_interfaces/srv/detail/pub_res_cmd_vel__type_support.c
[14.095s] -- Installing: /home/denis/diploma_ws/install/dms_interfaces/include/dms_interfaces/dms_interfaces/srv/detail/get_goal_distance__type_support.c
[14.095s] -- Installing: /home/denis/diploma_ws/install/dms_interfaces/include/dms_interfaces/dms_interfaces/srv/detail/get_battery_level__rosidl_typesupport_introspection_c.h
[14.095s] -- Installing: /home/denis/diploma_ws/install/dms_interfaces/include/dms_interfaces/dms_interfaces/srv/detail/get_goal_distance__rosidl_typesupport_introspection_c.h
[14.095s] -- Up-to-date: /home/denis/diploma_ws/install/dms_interfaces/include/dms_interfaces/dms_interfaces/msg
[14.096s] -- Up-to-date: /home/denis/diploma_ws/install/dms_interfaces/include/dms_interfaces/dms_interfaces/msg/rosidl_typesupport_introspection_c__visibility_control.h
[14.096s] -- Installing: /home/denis/diploma_ws/install/dms_interfaces/lib/libdms_interfaces__rosidl_typesupport_introspection_c.so
[14.096s] -- Set runtime path of "/home/denis/diploma_ws/install/dms_interfaces/lib/libdms_interfaces__rosidl_typesupport_introspection_c.so" to ""
[14.097s] -- Installing: /home/denis/diploma_ws/install/dms_interfaces/lib/libdms_interfaces__rosidl_typesupport_c.so
[14.097s] -- Set runtime path of "/home/denis/diploma_ws/install/dms_interfaces/lib/libdms_interfaces__rosidl_typesupport_c.so" to ""
[14.098s] -- Up-to-date: /home/denis/diploma_ws/install/dms_interfaces/include/dms_interfaces/dms_interfaces
[14.098s] -- Up-to-date: /home/denis/diploma_ws/install/dms_interfaces/include/dms_interfaces/dms_interfaces/srv
[14.098s] -- Installing: /home/denis/diploma_ws/install/dms_interfaces/include/dms_interfaces/dms_interfaces/srv/pub_res_cmd_vel.hpp
[14.098s] -- Installing: /home/denis/diploma_ws/install/dms_interfaces/include/dms_interfaces/dms_interfaces/srv/get_battery_level.hpp
[14.098s] -- Up-to-date: /home/denis/diploma_ws/install/dms_interfaces/include/dms_interfaces/dms_interfaces/srv/detail
[14.099s] -- Installing: /home/denis/diploma_ws/install/dms_interfaces/include/dms_interfaces/dms_interfaces/srv/detail/pub_res_cmd_vel__traits.hpp
[14.099s] -- Installing: /home/denis/diploma_ws/install/dms_interfaces/include/dms_interfaces/dms_interfaces/srv/detail/pub_res_cmd_vel__struct.hpp
[14.099s] -- Installing: /home/denis/diploma_ws/install/dms_interfaces/include/dms_interfaces/dms_interfaces/srv/detail/get_goal_distance__traits.hpp
[14.099s] -- Installing: /home/denis/diploma_ws/install/dms_interfaces/include/dms_interfaces/dms_interfaces/srv/detail/get_goal_distance__builder.hpp
[14.099s] -- Installing: /home/denis/diploma_ws/install/dms_interfaces/include/dms_interfaces/dms_interfaces/srv/detail/get_battery_level__struct.hpp
[14.100s] -- Installing: /home/denis/diploma_ws/install/dms_interfaces/include/dms_interfaces/dms_interfaces/srv/detail/get_battery_level__builder.hpp
[14.100s] -- Installing: /home/denis/diploma_ws/install/dms_interfaces/include/dms_interfaces/dms_interfaces/srv/detail/pub_res_cmd_vel__builder.hpp
[14.100s] -- Installing: /home/denis/diploma_ws/install/dms_interfaces/include/dms_interfaces/dms_interfaces/srv/detail/get_battery_level__traits.hpp
[14.100s] -- Installing: /home/denis/diploma_ws/install/dms_interfaces/include/dms_interfaces/dms_interfaces/srv/detail/get_goal_distance__struct.hpp
[14.100s] -- Installing: /home/denis/diploma_ws/install/dms_interfaces/include/dms_interfaces/dms_interfaces/srv/get_goal_distance.hpp
[14.101s] -- Up-to-date: /home/denis/diploma_ws/install/dms_interfaces/include/dms_interfaces/dms_interfaces
[14.101s] -- Up-to-date: /home/denis/diploma_ws/install/dms_interfaces/include/dms_interfaces/dms_interfaces/srv
[14.102s] -- Up-to-date: /home/denis/diploma_ws/install/dms_interfaces/include/dms_interfaces/dms_interfaces/srv/detail
[14.102s] -- Up-to-date: /home/denis/diploma_ws/install/dms_interfaces/include/dms_interfaces/dms_interfaces/srv/detail/dds_fastrtps
[14.102s] -- Installing: /home/denis/diploma_ws/install/dms_interfaces/include/dms_interfaces/dms_interfaces/srv/detail/pub_res_cmd_vel__rosidl_typesupport_fastrtps_cpp.hpp
[14.102s] -- Installing: /home/denis/diploma_ws/install/dms_interfaces/include/dms_interfaces/dms_interfaces/srv/detail/get_goal_distance__rosidl_typesupport_fastrtps_cpp.hpp
[14.103s] -- Installing: /home/denis/diploma_ws/install/dms_interfaces/include/dms_interfaces/dms_interfaces/srv/detail/get_battery_level__rosidl_typesupport_fastrtps_cpp.hpp
[14.103s] -- Up-to-date: /home/denis/diploma_ws/install/dms_interfaces/include/dms_interfaces/dms_interfaces/msg
[14.103s] -- Up-to-date: /home/denis/diploma_ws/install/dms_interfaces/include/dms_interfaces/dms_interfaces/msg/rosidl_typesupport_fastrtps_cpp__visibility_control.h
[14.103s] -- Installing: /home/denis/diploma_ws/install/dms_interfaces/lib/libdms_interfaces__rosidl_typesupport_fastrtps_cpp.so
[14.104s] -- Set runtime path of "/home/denis/diploma_ws/install/dms_interfaces/lib/libdms_interfaces__rosidl_typesupport_fastrtps_cpp.so" to ""
[14.104s] -- Up-to-date: /home/denis/diploma_ws/install/dms_interfaces/include/dms_interfaces/dms_interfaces
[14.104s] -- Up-to-date: /home/denis/diploma_ws/install/dms_interfaces/include/dms_interfaces/dms_interfaces/srv
[14.105s] -- Up-to-date: /home/denis/diploma_ws/install/dms_interfaces/include/dms_interfaces/dms_interfaces/srv/detail
[14.105s] -- Installing: /home/denis/diploma_ws/install/dms_interfaces/include/dms_interfaces/dms_interfaces/srv/detail/get_battery_level__type_support.cpp
[14.105s] -- Installing: /home/denis/diploma_ws/install/dms_interfaces/include/dms_interfaces/dms_interfaces/srv/detail/get_goal_distance__rosidl_typesupport_introspection_cpp.hpp
[14.106s] -- Installing: /home/denis/diploma_ws/install/dms_interfaces/include/dms_interfaces/dms_interfaces/srv/detail/get_battery_level__rosidl_typesupport_introspection_cpp.hpp
[14.106s] -- Installing: /home/denis/diploma_ws/install/dms_interfaces/include/dms_interfaces/dms_interfaces/srv/detail/get_goal_distance__type_support.cpp
[14.106s] -- Installing: /home/denis/diploma_ws/install/dms_interfaces/include/dms_interfaces/dms_interfaces/srv/detail/pub_res_cmd_vel__rosidl_typesupport_introspection_cpp.hpp
[14.106s] -- Installing: /home/denis/diploma_ws/install/dms_interfaces/include/dms_interfaces/dms_interfaces/srv/detail/pub_res_cmd_vel__type_support.cpp
[14.106s] -- Installing: /home/denis/diploma_ws/install/dms_interfaces/lib/libdms_interfaces__rosidl_typesupport_introspection_cpp.so
[14.108s] -- Set runtime path of "/home/denis/diploma_ws/install/dms_interfaces/lib/libdms_interfaces__rosidl_typesupport_introspection_cpp.so" to ""
[14.108s] -- Installing: /home/denis/diploma_ws/install/dms_interfaces/lib/libdms_interfaces__rosidl_typesupport_cpp.so
[14.109s] -- Set runtime path of "/home/denis/diploma_ws/install/dms_interfaces/lib/libdms_interfaces__rosidl_typesupport_cpp.so" to ""
[14.109s] -- Up-to-date: /home/denis/diploma_ws/install/dms_interfaces/share/dms_interfaces/environment/pythonpath.sh
[14.110s] -- Installing: /home/denis/diploma_ws/install/dms_interfaces/share/dms_interfaces/environment/pythonpath.dsv
[14.110s] -- Up-to-date: /home/denis/diploma_ws/install/dms_interfaces/local/lib/python3.10/dist-packages/dms_interfaces-0.0.0-py3.10.egg-info
[14.110s] -- Installing: /home/denis/diploma_ws/install/dms_interfaces/local/lib/python3.10/dist-packages/dms_interfaces-0.0.0-py3.10.egg-info/SOURCES.txt
[14.110s] -- Installing: /home/denis/diploma_ws/install/dms_interfaces/local/lib/python3.10/dist-packages/dms_interfaces-0.0.0-py3.10.egg-info/dependency_links.txt
[14.111s] -- Installing: /home/denis/diploma_ws/install/dms_interfaces/local/lib/python3.10/dist-packages/dms_interfaces-0.0.0-py3.10.egg-info/PKG-INFO
[14.111s] -- Installing: /home/denis/diploma_ws/install/dms_interfaces/local/lib/python3.10/dist-packages/dms_interfaces-0.0.0-py3.10.egg-info/top_level.txt
[14.114s] -- Up-to-date: /home/denis/diploma_ws/install/dms_interfaces/local/lib/python3.10/dist-packages/dms_interfaces
[14.114s] -- Installing: /home/denis/diploma_ws/install/dms_interfaces/local/lib/python3.10/dist-packages/dms_interfaces/dms_interfaces_s__rosidl_typesupport_c.cpython-310-x86_64-linux-gnu.so
[14.115s] -- Up-to-date: /home/denis/diploma_ws/install/dms_interfaces/local/lib/python3.10/dist-packages/dms_interfaces/srv
[14.115s] -- Installing: /home/denis/diploma_ws/install/dms_interfaces/local/lib/python3.10/dist-packages/dms_interfaces/srv/_get_battery_level_s.c
[14.115s] -- Installing: /home/denis/diploma_ws/install/dms_interfaces/local/lib/python3.10/dist-packages/dms_interfaces/srv/_pub_res_cmd_vel.py
[14.116s] -- Installing: /home/denis/diploma_ws/install/dms_interfaces/local/lib/python3.10/dist-packages/dms_interfaces/srv/_get_goal_distance.py
[14.116s] -- Installing: /home/denis/diploma_ws/install/dms_interfaces/local/lib/python3.10/dist-packages/dms_interfaces/srv/_get_battery_level.py
[14.116s] -- Installing: /home/denis/diploma_ws/install/dms_interfaces/local/lib/python3.10/dist-packages/dms_interfaces/srv/_get_goal_distance_s.c
[14.116s] -- Installing: /home/denis/diploma_ws/install/dms_interfaces/local/lib/python3.10/dist-packages/dms_interfaces/srv/__init__.py
[14.117s] -- Installing: /home/denis/diploma_ws/install/dms_interfaces/local/lib/python3.10/dist-packages/dms_interfaces/srv/_pub_res_cmd_vel_s.c
[14.117s] -- Installing: /home/denis/diploma_ws/install/dms_interfaces/local/lib/python3.10/dist-packages/dms_interfaces/dms_interfaces_s__rosidl_typesupport_fastrtps_c.cpython-310-x86_64-linux-gnu.so
[14.117s] -- Installing: /home/denis/diploma_ws/install/dms_interfaces/local/lib/python3.10/dist-packages/dms_interfaces/dms_interfaces_s__rosidl_typesupport_introspection_c.cpython-310-x86_64-linux-gnu.so
[14.117s] -- Installing: /home/denis/diploma_ws/install/dms_interfaces/local/lib/python3.10/dist-packages/dms_interfaces/_dms_interfaces_s.ep.rosidl_typesupport_c.c
[14.117s] -- Installing: /home/denis/diploma_ws/install/dms_interfaces/local/lib/python3.10/dist-packages/dms_interfaces/libdms_interfaces__rosidl_generator_py.so
[14.118s] -- Installing: /home/denis/diploma_ws/install/dms_interfaces/local/lib/python3.10/dist-packages/dms_interfaces/__init__.py
[14.118s] -- Installing: /home/denis/diploma_ws/install/dms_interfaces/local/lib/python3.10/dist-packages/dms_interfaces/_dms_interfaces_s.ep.rosidl_typesupport_introspection_c.c
[14.118s] -- Installing: /home/denis/diploma_ws/install/dms_interfaces/local/lib/python3.10/dist-packages/dms_interfaces/_dms_interfaces_s.ep.rosidl_typesupport_fastrtps_c.c
[14.180s] Listing '/home/denis/diploma_ws/install/dms_interfaces/local/lib/python3.10/dist-packages/dms_interfaces'...
[14.180s] Compiling '/home/denis/diploma_ws/install/dms_interfaces/local/lib/python3.10/dist-packages/dms_interfaces/__init__.py'...
[14.180s] Listing '/home/denis/diploma_ws/install/dms_interfaces/local/lib/python3.10/dist-packages/dms_interfaces/srv'...
[14.180s] Compiling '/home/denis/diploma_ws/install/dms_interfaces/local/lib/python3.10/dist-packages/dms_interfaces/srv/__init__.py'...
[14.181s] Compiling '/home/denis/diploma_ws/install/dms_interfaces/local/lib/python3.10/dist-packages/dms_interfaces/srv/_get_battery_level.py'...
[14.181s] Compiling '/home/denis/diploma_ws/install/dms_interfaces/local/lib/python3.10/dist-packages/dms_interfaces/srv/_get_goal_distance.py'...
[14.181s] Compiling '/home/denis/diploma_ws/install/dms_interfaces/local/lib/python3.10/dist-packages/dms_interfaces/srv/_pub_res_cmd_vel.py'...
[14.187s] -- Installing: /home/denis/diploma_ws/install/dms_interfaces/local/lib/python3.10/dist-packages/dms_interfaces/dms_interfaces_s__rosidl_typesupport_fastrtps_c.cpython-310-x86_64-linux-gnu.so
[14.188s] -- Set runtime path of "/home/denis/diploma_ws/install/dms_interfaces/local/lib/python3.10/dist-packages/dms_interfaces/dms_interfaces_s__rosidl_typesupport_fastrtps_c.cpython-310-x86_64-linux-gnu.so" to ""
[14.189s] -- Installing: /home/denis/diploma_ws/install/dms_interfaces/local/lib/python3.10/dist-packages/dms_interfaces/dms_interfaces_s__rosidl_typesupport_introspection_c.cpython-310-x86_64-linux-gnu.so
[14.190s] -- Set runtime path of "/home/denis/diploma_ws/install/dms_interfaces/local/lib/python3.10/dist-packages/dms_interfaces/dms_interfaces_s__rosidl_typesupport_introspection_c.cpython-310-x86_64-linux-gnu.so" to ""
[14.190s] -- Installing: /home/denis/diploma_ws/install/dms_interfaces/local/lib/python3.10/dist-packages/dms_interfaces/dms_interfaces_s__rosidl_typesupport_c.cpython-310-x86_64-linux-gnu.so
[14.191s] -- Set runtime path of "/home/denis/diploma_ws/install/dms_interfaces/local/lib/python3.10/dist-packages/dms_interfaces/dms_interfaces_s__rosidl_typesupport_c.cpython-310-x86_64-linux-gnu.so" to ""
[14.191s] -- Installing: /home/denis/diploma_ws/install/dms_interfaces/lib/libdms_interfaces__rosidl_generator_py.so
[14.192s] -- Set runtime path of "/home/denis/diploma_ws/install/dms_interfaces/lib/libdms_interfaces__rosidl_generator_py.so" to ""
[14.192s] -- Up-to-date: /home/denis/diploma_ws/install/dms_interfaces/share/dms_interfaces/srv/PubResCmdVel.idl
[14.193s] -- Installing: /home/denis/diploma_ws/install/dms_interfaces/share/dms_interfaces/srv/GetBatteryLevel.idl
[14.193s] -- Up-to-date: /home/denis/diploma_ws/install/dms_interfaces/share/dms_interfaces/srv/GetGoalDistance.idl
[14.193s] -- Up-to-date: /home/denis/diploma_ws/install/dms_interfaces/share/dms_interfaces/srv/PubResCmdVel.srv
[14.193s] -- Up-to-date: /home/denis/diploma_ws/install/dms_interfaces/share/dms_interfaces/srv/PubResCmdVel_Request.msg
[14.194s] -- Up-to-date: /home/denis/diploma_ws/install/dms_interfaces/share/dms_interfaces/srv/PubResCmdVel_Response.msg
[14.194s] -- Installing: /home/denis/diploma_ws/install/dms_interfaces/share/dms_interfaces/srv/GetBatteryLevel.srv
[14.194s] -- Up-to-date: /home/denis/diploma_ws/install/dms_interfaces/share/dms_interfaces/srv/GetBatteryLevel_Request.msg
[14.194s] -- Installing: /home/denis/diploma_ws/install/dms_interfaces/share/dms_interfaces/srv/GetBatteryLevel_Response.msg
[14.194s] -- Up-to-date: /home/denis/diploma_ws/install/dms_interfaces/share/dms_interfaces/srv/GetGoalDistance.srv
[14.195s] -- Up-to-date: /home/denis/diploma_ws/install/dms_interfaces/share/dms_interfaces/srv/GetGoalDistance_Request.msg
[14.195s] -- Up-to-date: /home/denis/diploma_ws/install/dms_interfaces/share/dms_interfaces/srv/GetGoalDistance_Response.msg
[14.195s] -- Up-to-date: /home/denis/diploma_ws/install/dms_interfaces/share/ament_index/resource_index/package_run_dependencies/dms_interfaces
[14.195s] -- Installing: /home/denis/diploma_ws/install/dms_interfaces/share/ament_index/resource_index/parent_prefix_path/dms_interfaces
[14.195s] -- Up-to-date: /home/denis/diploma_ws/install/dms_interfaces/share/dms_interfaces/environment/ament_prefix_path.sh
[14.195s] -- Installing: /home/denis/diploma_ws/install/dms_interfaces/share/dms_interfaces/environment/ament_prefix_path.dsv
[14.196s] -- Up-to-date: /home/denis/diploma_ws/install/dms_interfaces/share/dms_interfaces/environment/path.sh
[14.196s] -- Installing: /home/denis/diploma_ws/install/dms_interfaces/share/dms_interfaces/environment/path.dsv
[14.196s] -- Up-to-date: /home/denis/diploma_ws/install/dms_interfaces/share/dms_interfaces/local_setup.bash
[14.196s] -- Up-to-date: /home/denis/diploma_ws/install/dms_interfaces/share/dms_interfaces/local_setup.sh
[14.196s] -- Up-to-date: /home/denis/diploma_ws/install/dms_interfaces/share/dms_interfaces/local_setup.zsh
[14.197s] -- Installing: /home/denis/diploma_ws/install/dms_interfaces/share/dms_interfaces/local_setup.dsv
[14.197s] -- Installing: /home/denis/diploma_ws/install/dms_interfaces/share/dms_interfaces/package.dsv
[14.197s] -- Up-to-date: /home/denis/diploma_ws/install/dms_interfaces/share/ament_index/resource_index/packages/dms_interfaces
[14.197s] -- Up-to-date: /home/denis/diploma_ws/install/dms_interfaces/share/dms_interfaces/cmake/export_dms_interfaces__rosidl_generator_cExport.cmake
[14.198s] -- Up-to-date: /home/denis/diploma_ws/install/dms_interfaces/share/dms_interfaces/cmake/export_dms_interfaces__rosidl_generator_cExport-noconfig.cmake
[14.198s] -- Up-to-date: /home/denis/diploma_ws/install/dms_interfaces/share/dms_interfaces/cmake/export_dms_interfaces__rosidl_typesupport_fastrtps_cExport.cmake
[14.198s] -- Up-to-date: /home/denis/diploma_ws/install/dms_interfaces/share/dms_interfaces/cmake/export_dms_interfaces__rosidl_typesupport_fastrtps_cExport-noconfig.cmake
[14.198s] -- Up-to-date: /home/denis/diploma_ws/install/dms_interfaces/share/dms_interfaces/cmake/dms_interfaces__rosidl_typesupport_introspection_cExport.cmake
[14.198s] -- Up-to-date: /home/denis/diploma_ws/install/dms_interfaces/share/dms_interfaces/cmake/dms_interfaces__rosidl_typesupport_introspection_cExport-noconfig.cmake
[14.199s] -- Up-to-date: /home/denis/diploma_ws/install/dms_interfaces/share/dms_interfaces/cmake/dms_interfaces__rosidl_typesupport_cExport.cmake
[14.199s] -- Up-to-date: /home/denis/diploma_ws/install/dms_interfaces/share/dms_interfaces/cmake/dms_interfaces__rosidl_typesupport_cExport-noconfig.cmake
[14.199s] -- Up-to-date: /home/denis/diploma_ws/install/dms_interfaces/share/dms_interfaces/cmake/export_dms_interfaces__rosidl_generator_cppExport.cmake
[14.199s] -- Up-to-date: /home/denis/diploma_ws/install/dms_interfaces/share/dms_interfaces/cmake/export_dms_interfaces__rosidl_typesupport_fastrtps_cppExport.cmake
[14.200s] -- Up-to-date: /home/denis/diploma_ws/install/dms_interfaces/share/dms_interfaces/cmake/export_dms_interfaces__rosidl_typesupport_fastrtps_cppExport-noconfig.cmake
[14.200s] -- Up-to-date: /home/denis/diploma_ws/install/dms_interfaces/share/dms_interfaces/cmake/dms_interfaces__rosidl_typesupport_introspection_cppExport.cmake
[14.200s] -- Up-to-date: /home/denis/diploma_ws/install/dms_interfaces/share/dms_interfaces/cmake/dms_interfaces__rosidl_typesupport_introspection_cppExport-noconfig.cmake
[14.200s] -- Up-to-date: /home/denis/diploma_ws/install/dms_interfaces/share/dms_interfaces/cmake/dms_interfaces__rosidl_typesupport_cppExport.cmake
[14.200s] -- Up-to-date: /home/denis/diploma_ws/install/dms_interfaces/share/dms_interfaces/cmake/dms_interfaces__rosidl_typesupport_cppExport-noconfig.cmake
[14.200s] -- Up-to-date: /home/denis/diploma_ws/install/dms_interfaces/share/dms_interfaces/cmake/export_dms_interfaces__rosidl_generator_pyExport.cmake
[14.200s] -- Up-to-date: /home/denis/diploma_ws/install/dms_interfaces/share/dms_interfaces/cmake/export_dms_interfaces__rosidl_generator_pyExport-noconfig.cmake
[14.201s] -- Up-to-date: /home/denis/diploma_ws/install/dms_interfaces/share/dms_interfaces/cmake/rosidl_cmake-extras.cmake
[14.201s] -- Up-to-date: /home/denis/diploma_ws/install/dms_interfaces/share/dms_interfaces/cmake/ament_cmake_export_dependencies-extras.cmake
[14.201s] -- Up-to-date: /home/denis/diploma_ws/install/dms_interfaces/share/dms_interfaces/cmake/ament_cmake_export_include_directories-extras.cmake
[14.201s] -- Up-to-date: /home/denis/diploma_ws/install/dms_interfaces/share/dms_interfaces/cmake/ament_cmake_export_libraries-extras.cmake
[14.201s] -- Up-to-date: /home/denis/diploma_ws/install/dms_interfaces/share/dms_interfaces/cmake/ament_cmake_export_targets-extras.cmake
[14.202s] -- Up-to-date: /home/denis/diploma_ws/install/dms_interfaces/share/dms_interfaces/cmake/rosidl_cmake_export_typesupport_targets-extras.cmake
[14.202s] -- Up-to-date: /home/denis/diploma_ws/install/dms_interfaces/share/dms_interfaces/cmake/rosidl_cmake_export_typesupport_libraries-extras.cmake
[14.202s] -- Up-to-date: /home/denis/diploma_ws/install/dms_interfaces/share/dms_interfaces/cmake/dms_interfacesConfig.cmake
[14.202s] -- Up-to-date: /home/denis/diploma_ws/install/dms_interfaces/share/dms_interfaces/cmake/dms_interfacesConfig-version.cmake
[14.203s] -- Up-to-date: /home/denis/diploma_ws/install/dms_interfaces/share/dms_interfaces/package.xml
[14.204s] Invoked command in '/home/denis/diploma_ws/build/dms_interfaces' returned '0': CMAKE_PREFIX_PATH=${CMAKE_PREFIX_PATH}:/opt/ros/humble /usr/bin/cmake --install /home/denis/diploma_ws/build/dms_interfaces
