[0.171s] Invoking command in '/home/denis/diploma_ws/build/turtlebot3_fake_node': CMAKE_PREFIX_PATH=${CMAKE_PREFIX_PATH}:/opt/ros/humble /usr/bin/cmake --build /home/denis/diploma_ws/build/turtlebot3_fake_node -- -j4 -l4
[0.715s] [100%] Built target turtlebot3_fake_node
[0.840s] Invoked command in '/home/denis/diploma_ws/build/turtlebot3_fake_node' returned '0': CMAKE_PREFIX_PATH=${CMAKE_PREFIX_PATH}:/opt/ros/humble /usr/bin/cmake --build /home/denis/diploma_ws/build/turtlebot3_fake_node -- -j4 -l4
[1.224s] Invoking command in '/home/denis/diploma_ws/build/turtlebot3_fake_node': CMAKE_PREFIX_PATH=${CMAKE_PREFIX_PATH}:/opt/ros/humble /usr/bin/cmake --install /home/denis/diploma_ws/build/turtlebot3_fake_node
[1.258s] -- Install configuration: ""
[1.259s] -- Up-to-date: /home/denis/diploma_ws/install/turtlebot3_fake_node/lib/turtlebot3_fake_node/turtlebot3_fake_node
[1.265s] -- Up-to-date: /home/denis/diploma_ws/install/turtlebot3_fake_node/share/turtlebot3_fake_node/launch
[1.265s] -- Up-to-date: /home/denis/diploma_ws/install/turtlebot3_fake_node/share/turtlebot3_fake_node/launch/rviz2.launch.py
[1.265s] -- Up-to-date: /home/denis/diploma_ws/install/turtlebot3_fake_node/share/turtlebot3_fake_node/launch/turtlebot3_fake_node.launch.py
[1.266s] -- Up-to-date: /home/denis/diploma_ws/install/turtlebot3_fake_node/share/turtlebot3_fake_node/param
[1.266s] -- Up-to-date: /home/denis/diploma_ws/install/turtlebot3_fake_node/share/turtlebot3_fake_node/param/burger.yaml
[1.268s] -- Up-to-date: /home/denis/diploma_ws/install/turtlebot3_fake_node/share/turtlebot3_fake_node/param/waffle_pi.yaml
[1.268s] -- Up-to-date: /home/denis/diploma_ws/install/turtlebot3_fake_node/share/turtlebot3_fake_node/param/waffle.yaml
[1.268s] -- Up-to-date: /home/denis/diploma_ws/install/turtlebot3_fake_node/include/
[1.268s] -- Up-to-date: /home/denis/diploma_ws/install/turtlebot3_fake_node/include//turtlebot3_fake_node
[1.269s] -- Up-to-date: /home/denis/diploma_ws/install/turtlebot3_fake_node/include//turtlebot3_fake_node/turtlebot3_fake_node.hpp
[1.269s] -- Up-to-date: /home/denis/diploma_ws/install/turtlebot3_fake_node/share/ament_index/resource_index/package_run_dependencies/turtlebot3_fake_node
[1.269s] -- Up-to-date: /home/denis/diploma_ws/install/turtlebot3_fake_node/share/ament_index/resource_index/parent_prefix_path/turtlebot3_fake_node
[1.269s] -- Up-to-date: /home/denis/diploma_ws/install/turtlebot3_fake_node/share/turtlebot3_fake_node/environment/ament_prefix_path.sh
[1.269s] -- Up-to-date: /home/denis/diploma_ws/install/turtlebot3_fake_node/share/turtlebot3_fake_node/environment/ament_prefix_path.dsv
[1.270s] -- Up-to-date: /home/denis/diploma_ws/install/turtlebot3_fake_node/share/turtlebot3_fake_node/environment/path.sh
[1.270s] -- Up-to-date: /home/denis/diploma_ws/install/turtlebot3_fake_node/share/turtlebot3_fake_node/environment/path.dsv
[1.270s] -- Up-to-date: /home/denis/diploma_ws/install/turtlebot3_fake_node/share/turtlebot3_fake_node/local_setup.bash
[1.270s] -- Up-to-date: /home/denis/diploma_ws/install/turtlebot3_fake_node/share/turtlebot3_fake_node/local_setup.sh
[1.270s] -- Up-to-date: /home/denis/diploma_ws/install/turtlebot3_fake_node/share/turtlebot3_fake_node/local_setup.zsh
[1.273s] -- Up-to-date: /home/denis/diploma_ws/install/turtlebot3_fake_node/share/turtlebot3_fake_node/local_setup.dsv
[1.273s] -- Installing: /home/denis/diploma_ws/install/turtlebot3_fake_node/share/turtlebot3_fake_node/package.dsv
[1.273s] -- Up-to-date: /home/denis/diploma_ws/install/turtlebot3_fake_node/share/ament_index/resource_index/packages/turtlebot3_fake_node
[1.274s] -- Up-to-date: /home/denis/diploma_ws/install/turtlebot3_fake_node/share/turtlebot3_fake_node/cmake/ament_cmake_export_include_directories-extras.cmake
[1.275s] -- Up-to-date: /home/denis/diploma_ws/install/turtlebot3_fake_node/share/turtlebot3_fake_node/cmake/ament_cmake_export_dependencies-extras.cmake
[1.276s] -- Up-to-date: /home/denis/diploma_ws/install/turtlebot3_fake_node/share/turtlebot3_fake_node/cmake/turtlebot3_fake_nodeConfig.cmake
[1.276s] -- Up-to-date: /home/denis/diploma_ws/install/turtlebot3_fake_node/share/turtlebot3_fake_node/cmake/turtlebot3_fake_nodeConfig-version.cmake
[1.277s] -- Up-to-date: /home/denis/diploma_ws/install/turtlebot3_fake_node/share/turtlebot3_fake_node/package.xml
[1.339s] Invoked command in '/home/denis/diploma_ws/build/turtlebot3_fake_node' returned '0': CMAKE_PREFIX_PATH=${CMAKE_PREFIX_PATH}:/opt/ros/humble /usr/bin/cmake --install /home/denis/diploma_ws/build/turtlebot3_fake_node
