[0.054s] Invoking command in '/home/denis/diploma_ws/build/csu': CMAKE_PREFIX_PATH=/opt/ros/humble /usr/bin/cmake /home/denis/diploma_ws/src/csu -DCMAKE_INSTALL_PREFIX=/home/denis/diploma_ws/install/csu
[0.346s] -- The C compiler identification is GNU 11.4.0
[0.650s] -- The CXX compiler identification is GNU 11.4.0
[0.721s] -- Detecting C compiler ABI info
[1.057s] -- Detecting C compiler ABI info - done
[1.140s] -- Check for working C compiler: /usr/bin/cc - skipped
[1.140s] -- Detecting C compile features
[1.151s] -- Detecting C compile features - done
[1.173s] -- Detecting CXX compiler ABI info
[1.536s] -- Detecting CXX compiler ABI info - done
[1.579s] -- Check for working CXX compiler: /usr/bin/c++ - skipped
[1.580s] -- Detecting CXX compile features
[1.584s] -- Detecting CXX compile features - done
[1.587s] -- Found ament_cmake: 1.3.8 (/opt/ros/humble/share/ament_cmake/cmake)
[2.081s] -- Found Python3: /usr/bin/python3 (found version "3.10.12") found components: Interpreter 
[2.529s] -- Found ament_lint_auto: 0.12.10 (/opt/ros/humble/share/ament_lint_auto/cmake)
[2.894s] -- Added test 'lint_cmake' to check CMake code style
[2.899s] -- Added test 'xmllint' to check XML markup files
[2.909s] -- Configuring done
[2.925s] -- Generating done
[2.945s] -- Build files have been written to: /home/denis/diploma_ws/build/csu
[2.973s] Invoked command in '/home/denis/diploma_ws/build/csu' returned '0': CMAKE_PREFIX_PATH=/opt/ros/humble /usr/bin/cmake /home/denis/diploma_ws/src/csu -DCMAKE_INSTALL_PREFIX=/home/denis/diploma_ws/install/csu
[2.974s] Invoking command in '/home/denis/diploma_ws/build/csu': CMAKE_PREFIX_PATH=/opt/ros/humble /usr/bin/cmake --build /home/denis/diploma_ws/build/csu -- -j4 -l4
[3.153s] Invoked command in '/home/denis/diploma_ws/build/csu' returned '0': CMAKE_PREFIX_PATH=/opt/ros/humble /usr/bin/cmake --build /home/denis/diploma_ws/build/csu -- -j4 -l4
[3.228s] Invoking command in '/home/denis/diploma_ws/build/csu': CMAKE_PREFIX_PATH=/opt/ros/humble /usr/bin/cmake --install /home/denis/diploma_ws/build/csu
[3.249s] -- Install configuration: ""
[3.251s] -- Installing: /home/denis/diploma_ws/install/csu/share/ament_index/resource_index/package_run_dependencies/csu
[3.251s] -- Installing: /home/denis/diploma_ws/install/csu/share/ament_index/resource_index/parent_prefix_path/csu
[3.252s] -- Installing: /home/denis/diploma_ws/install/csu/share/csu/environment/ament_prefix_path.sh
[3.255s] -- Installing: /home/denis/diploma_ws/install/csu/share/csu/environment/ament_prefix_path.dsv
[3.256s] -- Installing: /home/denis/diploma_ws/install/csu/share/csu/environment/path.sh
[3.256s] -- Installing: /home/denis/diploma_ws/install/csu/share/csu/environment/path.dsv
[3.256s] -- Installing: /home/denis/diploma_ws/install/csu/share/csu/local_setup.bash
[3.256s] -- Installing: /home/denis/diploma_ws/install/csu/share/csu/local_setup.sh
[3.256s] -- Installing: /home/denis/diploma_ws/install/csu/share/csu/local_setup.zsh
[3.257s] -- Installing: /home/denis/diploma_ws/install/csu/share/csu/local_setup.dsv
[3.257s] -- Installing: /home/denis/diploma_ws/install/csu/share/csu/package.dsv
[3.257s] -- Installing: /home/denis/diploma_ws/install/csu/share/ament_index/resource_index/packages/csu
[3.257s] -- Installing: /home/denis/diploma_ws/install/csu/share/csu/cmake/csuConfig.cmake
[3.258s] -- Installing: /home/denis/diploma_ws/install/csu/share/csu/cmake/csuConfig-version.cmake
[3.261s] -- Installing: /home/denis/diploma_ws/install/csu/share/csu/package.xml
[3.261s] Invoked command in '/home/denis/diploma_ws/build/csu' returned '0': CMAKE_PREFIX_PATH=/opt/ros/humble /usr/bin/cmake --install /home/denis/diploma_ws/build/csu
