[0.035s] Invoking command in '/home/denis/diploma_ws/build/nav2_bringup': CMAKE_PREFIX_PATH=/opt/ros/humble /usr/bin/cmake --build /home/denis/diploma_ws/build/nav2_bringup -- -j4 -l4
[0.175s] Invoked command in '/home/denis/diploma_ws/build/nav2_bringup' returned '0': CMAKE_PREFIX_PATH=/opt/ros/humble /usr/bin/cmake --build /home/denis/diploma_ws/build/nav2_bringup -- -j4 -l4
[0.277s] Invoking command in '/home/denis/diploma_ws/build/nav2_bringup': CMAKE_PREFIX_PATH=/opt/ros/humble /usr/bin/cmake --install /home/denis/diploma_ws/build/nav2_bringup
[0.301s] -- Install configuration: "Release"
[0.303s] -- Up-to-date: /home/denis/diploma_ws/install/nav2_bringup/share/nav2_bringup/launch
[0.304s] -- Up-to-date: /home/denis/diploma_ws/install/nav2_bringup/share/nav2_bringup/launch/navigation_launch.py
[0.305s] -- Up-to-date: /home/denis/diploma_ws/install/nav2_bringup/share/nav2_bringup/launch/tb3_simulation_launch.py
[0.305s] -- Up-to-date: /home/denis/diploma_ws/install/nav2_bringup/share/nav2_bringup/launch/unique_multi_tb3_simulation_launch.py
[0.306s] -- Up-to-date: /home/denis/diploma_ws/install/nav2_bringup/share/nav2_bringup/launch/bringup_launch.py
[0.306s] -- Up-to-date: /home/denis/diploma_ws/install/nav2_bringup/share/nav2_bringup/launch/rviz_launch.py
[0.306s] -- Up-to-date: /home/denis/diploma_ws/install/nav2_bringup/share/nav2_bringup/launch/slam_launch.py
[0.306s] -- Up-to-date: /home/denis/diploma_ws/install/nav2_bringup/share/nav2_bringup/launch/localization_launch.py
[0.307s] -- Up-to-date: /home/denis/diploma_ws/install/nav2_bringup/share/nav2_bringup/launch/cloned_multi_tb3_simulation_launch.py
[0.307s] -- Up-to-date: /home/denis/diploma_ws/install/nav2_bringup/share/nav2_bringup/maps
[0.307s] -- Up-to-date: /home/denis/diploma_ws/install/nav2_bringup/share/nav2_bringup/maps/turtlebot3_world.yaml
[0.307s] -- Up-to-date: /home/denis/diploma_ws/install/nav2_bringup/share/nav2_bringup/maps/turtlebot3_world.pgm
[0.307s] -- Up-to-date: /home/denis/diploma_ws/install/nav2_bringup/share/nav2_bringup/rviz
[0.307s] -- Up-to-date: /home/denis/diploma_ws/install/nav2_bringup/share/nav2_bringup/rviz/nav2_default_view.rviz
[0.308s] -- Up-to-date: /home/denis/diploma_ws/install/nav2_bringup/share/nav2_bringup/rviz/nav2_namespaced_view.rviz
[0.308s] -- Up-to-date: /home/denis/diploma_ws/install/nav2_bringup/share/nav2_bringup/worlds
[0.308s] -- Up-to-date: /home/denis/diploma_ws/install/nav2_bringup/share/nav2_bringup/worlds/waffle.model
[0.308s] -- Up-to-date: /home/denis/diploma_ws/install/nav2_bringup/share/nav2_bringup/worlds/world_only.model
[0.308s] -- Up-to-date: /home/denis/diploma_ws/install/nav2_bringup/share/nav2_bringup/params
[0.308s] -- Up-to-date: /home/denis/diploma_ws/install/nav2_bringup/share/nav2_bringup/params/nav2_multirobot_params_all.yaml
[0.309s] -- Up-to-date: /home/denis/diploma_ws/install/nav2_bringup/share/nav2_bringup/params/nav2_multirobot_params_2.yaml
[0.309s] -- Up-to-date: /home/denis/diploma_ws/install/nav2_bringup/share/nav2_bringup/params/nav2_multirobot_params_1.yaml
[0.309s] -- Up-to-date: /home/denis/diploma_ws/install/nav2_bringup/share/nav2_bringup/params/nav2_params.yaml
[0.309s] -- Up-to-date: /home/denis/diploma_ws/install/nav2_bringup/share/nav2_bringup/urdf
[0.309s] -- Up-to-date: /home/denis/diploma_ws/install/nav2_bringup/share/nav2_bringup/urdf/turtlebot3_waffle.urdf
[0.310s] -- Up-to-date: /home/denis/diploma_ws/install/nav2_bringup/share/ament_index/resource_index/package_run_dependencies/nav2_bringup
[0.310s] -- Up-to-date: /home/denis/diploma_ws/install/nav2_bringup/share/ament_index/resource_index/parent_prefix_path/nav2_bringup
[0.310s] -- Up-to-date: /home/denis/diploma_ws/install/nav2_bringup/share/nav2_bringup/environment/ament_prefix_path.sh
[0.310s] -- Up-to-date: /home/denis/diploma_ws/install/nav2_bringup/share/nav2_bringup/environment/ament_prefix_path.dsv
[0.310s] -- Up-to-date: /home/denis/diploma_ws/install/nav2_bringup/share/nav2_bringup/environment/path.sh
[0.310s] -- Up-to-date: /home/denis/diploma_ws/install/nav2_bringup/share/nav2_bringup/environment/path.dsv
[0.325s] -- Up-to-date: /home/denis/diploma_ws/install/nav2_bringup/share/nav2_bringup/local_setup.bash
[0.325s] -- Up-to-date: /home/denis/diploma_ws/install/nav2_bringup/share/nav2_bringup/local_setup.sh
[0.325s] -- Up-to-date: /home/denis/diploma_ws/install/nav2_bringup/share/nav2_bringup/local_setup.zsh
[0.325s] -- Up-to-date: /home/denis/diploma_ws/install/nav2_bringup/share/nav2_bringup/local_setup.dsv
[0.325s] -- Installing: /home/denis/diploma_ws/install/nav2_bringup/share/nav2_bringup/package.dsv
[0.326s] -- Up-to-date: /home/denis/diploma_ws/install/nav2_bringup/share/ament_index/resource_index/packages/nav2_bringup
[0.326s] -- Up-to-date: /home/denis/diploma_ws/install/nav2_bringup/share/nav2_bringup/cmake/nav2_bringupConfig.cmake
[0.326s] -- Up-to-date: /home/denis/diploma_ws/install/nav2_bringup/share/nav2_bringup/cmake/nav2_bringupConfig-version.cmake
[0.326s] -- Up-to-date: /home/denis/diploma_ws/install/nav2_bringup/share/nav2_bringup/package.xml
[0.326s] Invoked command in '/home/denis/diploma_ws/build/nav2_bringup' returned '0': CMAKE_PREFIX_PATH=/opt/ros/humble /usr/bin/cmake --install /home/denis/diploma_ws/build/nav2_bringup
