[0.044s] Invoking command in '/home/denis/diploma_ws/build/behaviortree_cpp': CMAKE_PREFIX_PATH=${CMAKE_PREFIX_PATH}:/opt/ros/humble /usr/bin/cmake --build /home/denis/diploma_ws/build/behaviortree_cpp -- -j4 -l4
[0.291s] [  1%] Built target lexy_file
[0.309s] [  2%] Built target gtest
[0.311s] [  4%] Built target gtest_main
[0.500s] [ 36%] Built target behaviortree_cpp
[0.713s] [ 39%] Built target bt_sample_nodes
[0.740s] [ 40%] Built target dummy_nodes_dyn
[0.761s] [ 42%] Built target movebase_node_dyn
[0.766s] [ 44%] Built target crossdoor_nodes_dyn
[0.885s] [ 46%] Built target bt4_log_cat
[0.899s] [ 47%] Built target t01_first_tree_dynamic
[0.925s] [ 49%] Built target t01_first_tree_static
[0.939s] [ 50%] Built target bt4_plugin_manifest
[1.076s] [ 51%] Built target t02_basic_ports
[1.080s] [ 53%] Built target t03_generic_ports
[1.088s] [ 54%] Built target t04_reactive_sequence
[1.151s] [ 56%] Built target t05_crossdoor
[1.264s] [ 57%] Built target t06_subtree_port_remapping
[1.288s] [ 58%] Built target t08_additional_node_args
[1.309s] [ 60%] Built target t07_load_multiple_xml
[1.374s] [ 62%] Built target t09_scripting
[1.455s] [ 64%] Built target t11_replace_rules
[1.490s] [ 65%] Built target t12_groot_howto
[1.497s] [ 66%] Built target t10_observer
[1.585s] [ 68%] Built target generate_log
[1.621s] [ 70%] Built target ex01_wrap_legacy
[1.699s] [ 71%] Built target ex02_runtime_ports
[1.756s] [ 72%] Built target ex05_subtree_model
[1.763s] [ 74%] Built target ex04_waypoints
[1.801s] [ 76%] Built target ex06_access_by_ptr
[1.873s] [ 78%] Built target t13_plugin_executor
[1.885s] [ 79%] Built target ex07_blackboard_backup
[1.891s] [ 81%] Built target t13_plugin_action
[1.970s] [100%] Built target behaviortree_cpp_test
[2.002s] Invoked command in '/home/denis/diploma_ws/build/behaviortree_cpp' returned '0': CMAKE_PREFIX_PATH=${CMAKE_PREFIX_PATH}:/opt/ros/humble /usr/bin/cmake --build /home/denis/diploma_ws/build/behaviortree_cpp -- -j4 -l4
[2.481s] Invoking command in '/home/denis/diploma_ws/build/behaviortree_cpp': CMAKE_PREFIX_PATH=${CMAKE_PREFIX_PATH}:/opt/ros/humble /usr/bin/cmake --install /home/denis/diploma_ws/build/behaviortree_cpp
[2.505s] -- Install configuration: "Release"
[2.506s] -- Up-to-date: /home/denis/diploma_ws/install/behaviortree_cpp/bin/bt4_log_cat
[2.507s] -- Up-to-date: /home/denis/diploma_ws/install/behaviortree_cpp/bin/bt4_plugin_manifest
[2.509s] -- Up-to-date: /home/denis/diploma_ws/install/behaviortree_cpp/lib/libbehaviortree_cpp.so
[2.509s] -- Up-to-date: /home/denis/diploma_ws/install/behaviortree_cpp/include
[2.510s] -- Up-to-date: /home/denis/diploma_ws/install/behaviortree_cpp/include/behaviortree_cpp
[2.510s] -- Up-to-date: /home/denis/diploma_ws/install/behaviortree_cpp/include/behaviortree_cpp/bt_factory.h
[2.511s] -- Up-to-date: /home/denis/diploma_ws/install/behaviortree_cpp/include/behaviortree_cpp/behavior_tree.h
[2.514s] -- Up-to-date: /home/denis/diploma_ws/install/behaviortree_cpp/include/behaviortree_cpp/decorators
[2.515s] -- Up-to-date: /home/denis/diploma_ws/install/behaviortree_cpp/include/behaviortree_cpp/decorators/run_once_node.h
[2.516s] -- Up-to-date: /home/denis/diploma_ws/install/behaviortree_cpp/include/behaviortree_cpp/decorators/skip_unless_updated.h
[2.516s] -- Up-to-date: /home/denis/diploma_ws/install/behaviortree_cpp/include/behaviortree_cpp/decorators/force_failure_node.h
[2.517s] -- Up-to-date: /home/denis/diploma_ws/install/behaviortree_cpp/include/behaviortree_cpp/decorators/delay_node.h
[2.517s] -- Up-to-date: /home/denis/diploma_ws/install/behaviortree_cpp/include/behaviortree_cpp/decorators/subtree_node.h
[2.517s] -- Up-to-date: /home/denis/diploma_ws/install/behaviortree_cpp/include/behaviortree_cpp/decorators/retry_node.h
[2.517s] -- Up-to-date: /home/denis/diploma_ws/install/behaviortree_cpp/include/behaviortree_cpp/decorators/repeat_node.h
[2.517s] -- Up-to-date: /home/denis/diploma_ws/install/behaviortree_cpp/include/behaviortree_cpp/decorators/timeout_node.h
[2.518s] -- Up-to-date: /home/denis/diploma_ws/install/behaviortree_cpp/include/behaviortree_cpp/decorators/keep_running_until_failure_node.h
[2.518s] -- Up-to-date: /home/denis/diploma_ws/install/behaviortree_cpp/include/behaviortree_cpp/decorators/force_success_node.h
[2.518s] -- Up-to-date: /home/denis/diploma_ws/install/behaviortree_cpp/include/behaviortree_cpp/decorators/script_precondition.h
[2.518s] -- Up-to-date: /home/denis/diploma_ws/install/behaviortree_cpp/include/behaviortree_cpp/decorators/inverter_node.h
[2.519s] -- Up-to-date: /home/denis/diploma_ws/install/behaviortree_cpp/include/behaviortree_cpp/decorators/wait_update.h
[2.519s] -- Up-to-date: /home/denis/diploma_ws/install/behaviortree_cpp/include/behaviortree_cpp/decorators/consume_queue.h
[2.519s] -- Up-to-date: /home/denis/diploma_ws/install/behaviortree_cpp/include/behaviortree_cpp/decorators/loop_node.h
[2.519s] -- Up-to-date: /home/denis/diploma_ws/install/behaviortree_cpp/include/behaviortree_cpp/flatbuffers
[2.519s] -- Up-to-date: /home/denis/diploma_ws/install/behaviortree_cpp/include/behaviortree_cpp/flatbuffers/stl_emulation.h
[2.520s] -- Up-to-date: /home/denis/diploma_ws/install/behaviortree_cpp/include/behaviortree_cpp/flatbuffers/bt_flatbuffer_helper.h
[2.520s] -- Up-to-date: /home/denis/diploma_ws/install/behaviortree_cpp/include/behaviortree_cpp/flatbuffers/BT_logger_generated.h
[2.520s] -- Up-to-date: /home/denis/diploma_ws/install/behaviortree_cpp/include/behaviortree_cpp/flatbuffers/flatbuffers.h
[2.520s] -- Up-to-date: /home/denis/diploma_ws/install/behaviortree_cpp/include/behaviortree_cpp/flatbuffers/base.h
[2.521s] -- Up-to-date: /home/denis/diploma_ws/install/behaviortree_cpp/include/behaviortree_cpp/action_node.h
[2.521s] -- Up-to-date: /home/denis/diploma_ws/install/behaviortree_cpp/include/behaviortree_cpp/decorator_node.h
[2.521s] -- Up-to-date: /home/denis/diploma_ws/install/behaviortree_cpp/include/behaviortree_cpp/xml_parsing.h
[2.521s] -- Up-to-date: /home/denis/diploma_ws/install/behaviortree_cpp/include/behaviortree_cpp/contrib
[2.521s] -- Up-to-date: /home/denis/diploma_ws/install/behaviortree_cpp/include/behaviortree_cpp/contrib/any.hpp
[2.522s] -- Up-to-date: /home/denis/diploma_ws/install/behaviortree_cpp/include/behaviortree_cpp/contrib/magic_enum.hpp
[2.522s] -- Up-to-date: /home/denis/diploma_ws/install/behaviortree_cpp/include/behaviortree_cpp/contrib/expected.hpp
[2.522s] -- Up-to-date: /home/denis/diploma_ws/install/behaviortree_cpp/include/behaviortree_cpp/contrib/json.hpp
[2.522s] -- Up-to-date: /home/denis/diploma_ws/install/behaviortree_cpp/include/behaviortree_cpp/blackboard.h
[2.522s] -- Up-to-date: /home/denis/diploma_ws/install/behaviortree_cpp/include/behaviortree_cpp/loggers
[2.523s] -- Up-to-date: /home/denis/diploma_ws/install/behaviortree_cpp/include/behaviortree_cpp/loggers/bt_file_logger.h
[2.523s] -- Up-to-date: /home/denis/diploma_ws/install/behaviortree_cpp/include/behaviortree_cpp/loggers/bt_cout_logger.h
[2.523s] -- Up-to-date: /home/denis/diploma_ws/install/behaviortree_cpp/include/behaviortree_cpp/loggers/abstract_logger.h
[2.523s] -- Up-to-date: /home/denis/diploma_ws/install/behaviortree_cpp/include/behaviortree_cpp/loggers/groot2_protocol.h
[2.523s] -- Up-to-date: /home/denis/diploma_ws/install/behaviortree_cpp/include/behaviortree_cpp/loggers/bt_observer.h
[2.523s] -- Up-to-date: /home/denis/diploma_ws/install/behaviortree_cpp/include/behaviortree_cpp/loggers/bt_sqlite_logger.h
[2.523s] -- Up-to-date: /home/denis/diploma_ws/install/behaviortree_cpp/include/behaviortree_cpp/loggers/bt_minitrace_logger.h
[2.524s] -- Up-to-date: /home/denis/diploma_ws/install/behaviortree_cpp/include/behaviortree_cpp/loggers/groot2_publisher.h
[2.524s] -- Up-to-date: /home/denis/diploma_ws/install/behaviortree_cpp/include/behaviortree_cpp/loggers/bt_file_logger_v2.h
[2.524s] -- Up-to-date: /home/denis/diploma_ws/install/behaviortree_cpp/include/behaviortree_cpp/control_node.h
[2.524s] -- Up-to-date: /home/denis/diploma_ws/install/behaviortree_cpp/include/behaviortree_cpp/json_export.h
[2.524s] -- Up-to-date: /home/denis/diploma_ws/install/behaviortree_cpp/include/behaviortree_cpp/exceptions.h
[2.524s] -- Up-to-date: /home/denis/diploma_ws/install/behaviortree_cpp/include/behaviortree_cpp/controls
[2.525s] -- Up-to-date: /home/denis/diploma_ws/install/behaviortree_cpp/include/behaviortree_cpp/controls/if_then_else_node.h
[2.525s] -- Up-to-date: /home/denis/diploma_ws/install/behaviortree_cpp/include/behaviortree_cpp/controls/sequence_node.h
[2.525s] -- Up-to-date: /home/denis/diploma_ws/install/behaviortree_cpp/include/behaviortree_cpp/controls/reactive_sequence.h
[2.525s] -- Up-to-date: /home/denis/diploma_ws/install/behaviortree_cpp/include/behaviortree_cpp/controls/reactive_fallback.h
[2.529s] -- Up-to-date: /home/denis/diploma_ws/install/behaviortree_cpp/include/behaviortree_cpp/controls/while_do_else_node.h
[2.530s] -- Up-to-date: /home/denis/diploma_ws/install/behaviortree_cpp/include/behaviortree_cpp/controls/fallback_node.h
[2.530s] -- Up-to-date: /home/denis/diploma_ws/install/behaviortree_cpp/include/behaviortree_cpp/controls/parallel_all_node.h
[2.530s] -- Up-to-date: /home/denis/diploma_ws/install/behaviortree_cpp/include/behaviortree_cpp/controls/manual_node.h
[2.530s] -- Up-to-date: /home/denis/diploma_ws/install/behaviortree_cpp/include/behaviortree_cpp/controls/sequence_with_memory_node.h
[2.530s] -- Up-to-date: /home/denis/diploma_ws/install/behaviortree_cpp/include/behaviortree_cpp/controls/parallel_node.h
[2.531s] -- Up-to-date: /home/denis/diploma_ws/install/behaviortree_cpp/include/behaviortree_cpp/controls/switch_node.h
[2.531s] -- Up-to-date: /home/denis/diploma_ws/install/behaviortree_cpp/include/behaviortree_cpp/actions
[2.531s] -- Up-to-date: /home/denis/diploma_ws/install/behaviortree_cpp/include/behaviortree_cpp/actions/always_success_node.h
[2.531s] -- Up-to-date: /home/denis/diploma_ws/install/behaviortree_cpp/include/behaviortree_cpp/actions/script_node.h
[2.532s] -- Up-to-date: /home/denis/diploma_ws/install/behaviortree_cpp/include/behaviortree_cpp/actions/set_blackboard_node.h
[2.547s] -- Up-to-date: /home/denis/diploma_ws/install/behaviortree_cpp/include/behaviortree_cpp/actions/always_failure_node.h
[2.547s] -- Up-to-date: /home/denis/diploma_ws/install/behaviortree_cpp/include/behaviortree_cpp/actions/unset_blackboard_node.h
[2.547s] -- Up-to-date: /home/denis/diploma_ws/install/behaviortree_cpp/include/behaviortree_cpp/actions/pop_from_queue.hpp
[2.547s] -- Up-to-date: /home/denis/diploma_ws/install/behaviortree_cpp/include/behaviortree_cpp/actions/sleep_node.h
[2.548s] -- Up-to-date: /home/denis/diploma_ws/install/behaviortree_cpp/include/behaviortree_cpp/actions/script_condition.h
[2.548s] -- Up-to-date: /home/denis/diploma_ws/install/behaviortree_cpp/include/behaviortree_cpp/actions/test_node.h
[2.548s] -- Up-to-date: /home/denis/diploma_ws/install/behaviortree_cpp/include/behaviortree_cpp/bt_parser.h
[2.548s] -- Up-to-date: /home/denis/diploma_ws/install/behaviortree_cpp/include/behaviortree_cpp/leaf_node.h
[2.548s] -- Up-to-date: /home/denis/diploma_ws/install/behaviortree_cpp/include/behaviortree_cpp/tree_node.h
[2.549s] -- Up-to-date: /home/denis/diploma_ws/install/behaviortree_cpp/include/behaviortree_cpp/utils
[2.549s] -- Up-to-date: /home/denis/diploma_ws/install/behaviortree_cpp/include/behaviortree_cpp/utils/strcat.hpp
[2.549s] -- Up-to-date: /home/denis/diploma_ws/install/behaviortree_cpp/include/behaviortree_cpp/utils/platform.hpp
[2.549s] -- Up-to-date: /home/denis/diploma_ws/install/behaviortree_cpp/include/behaviortree_cpp/utils/signal.h
[2.549s] -- Up-to-date: /home/denis/diploma_ws/install/behaviortree_cpp/include/behaviortree_cpp/utils/simple_string.hpp
[2.549s] -- Up-to-date: /home/denis/diploma_ws/install/behaviortree_cpp/include/behaviortree_cpp/utils/safe_any.hpp
[2.550s] -- Up-to-date: /home/denis/diploma_ws/install/behaviortree_cpp/include/behaviortree_cpp/utils/locked_reference.hpp
[2.550s] -- Up-to-date: /home/denis/diploma_ws/install/behaviortree_cpp/include/behaviortree_cpp/utils/timer_queue.h
[2.550s] -- Up-to-date: /home/denis/diploma_ws/install/behaviortree_cpp/include/behaviortree_cpp/utils/shared_library.h
[2.550s] -- Up-to-date: /home/denis/diploma_ws/install/behaviortree_cpp/include/behaviortree_cpp/utils/demangle_util.h
[2.550s] -- Up-to-date: /home/denis/diploma_ws/install/behaviortree_cpp/include/behaviortree_cpp/utils/convert_impl.hpp
[2.550s] -- Up-to-date: /home/denis/diploma_ws/install/behaviortree_cpp/include/behaviortree_cpp/utils/wakeup_signal.hpp
[2.551s] -- Up-to-date: /home/denis/diploma_ws/install/behaviortree_cpp/include/behaviortree_cpp/scripting
[2.551s] -- Up-to-date: /home/denis/diploma_ws/install/behaviortree_cpp/include/behaviortree_cpp/scripting/any_types.hpp
[2.551s] -- Up-to-date: /home/denis/diploma_ws/install/behaviortree_cpp/include/behaviortree_cpp/scripting/script_parser.hpp
[2.551s] -- Up-to-date: /home/denis/diploma_ws/install/behaviortree_cpp/include/behaviortree_cpp/scripting/operators.hpp
[2.551s] -- Up-to-date: /home/denis/diploma_ws/install/behaviortree_cpp/include/behaviortree_cpp/basic_types.h
[2.551s] -- Up-to-date: /home/denis/diploma_ws/install/behaviortree_cpp/include/behaviortree_cpp/condition_node.h
[2.551s] -- Up-to-date: /home/denis/diploma_ws/install/behaviortree_cpp/share/behaviortree_cpp/environment/library_path.sh
[2.552s] -- Up-to-date: /home/denis/diploma_ws/install/behaviortree_cpp/share/behaviortree_cpp/environment/library_path.dsv
[2.552s] -- Up-to-date: /home/denis/diploma_ws/install/behaviortree_cpp/share/ament_index/resource_index/package_run_dependencies/behaviortree_cpp
[2.552s] -- Up-to-date: /home/denis/diploma_ws/install/behaviortree_cpp/share/ament_index/resource_index/parent_prefix_path/behaviortree_cpp
[2.552s] -- Up-to-date: /home/denis/diploma_ws/install/behaviortree_cpp/share/behaviortree_cpp/environment/ament_prefix_path.sh
[2.553s] -- Up-to-date: /home/denis/diploma_ws/install/behaviortree_cpp/share/behaviortree_cpp/environment/ament_prefix_path.dsv
[2.553s] -- Up-to-date: /home/denis/diploma_ws/install/behaviortree_cpp/share/behaviortree_cpp/environment/path.sh
[2.553s] -- Up-to-date: /home/denis/diploma_ws/install/behaviortree_cpp/share/behaviortree_cpp/environment/path.dsv
[2.553s] -- Up-to-date: /home/denis/diploma_ws/install/behaviortree_cpp/share/behaviortree_cpp/local_setup.bash
[2.555s] -- Up-to-date: /home/denis/diploma_ws/install/behaviortree_cpp/share/behaviortree_cpp/local_setup.sh
[2.556s] -- Up-to-date: /home/denis/diploma_ws/install/behaviortree_cpp/share/behaviortree_cpp/local_setup.zsh
[2.556s] -- Up-to-date: /home/denis/diploma_ws/install/behaviortree_cpp/share/behaviortree_cpp/local_setup.dsv
[2.557s] -- Installing: /home/denis/diploma_ws/install/behaviortree_cpp/share/behaviortree_cpp/package.dsv
[2.559s] -- Up-to-date: /home/denis/diploma_ws/install/behaviortree_cpp/share/ament_index/resource_index/packages/behaviortree_cpp
[2.559s] -- Up-to-date: /home/denis/diploma_ws/install/behaviortree_cpp/share/behaviortree_cpp/cmake/ament_cmake_export_dependencies-extras.cmake
[2.559s] -- Up-to-date: /home/denis/diploma_ws/install/behaviortree_cpp/share/behaviortree_cpp/cmake/ament_cmake_export_include_directories-extras.cmake
[2.560s] -- Up-to-date: /home/denis/diploma_ws/install/behaviortree_cpp/share/behaviortree_cpp/cmake/ament_cmake_export_libraries-extras.cmake
[2.560s] -- Up-to-date: /home/denis/diploma_ws/install/behaviortree_cpp/share/behaviortree_cpp/cmake/behaviortree_cppConfig.cmake
[2.560s] -- Up-to-date: /home/denis/diploma_ws/install/behaviortree_cpp/share/behaviortree_cpp/cmake/behaviortree_cppConfig-version.cmake
[2.562s] -- Up-to-date: /home/denis/diploma_ws/install/behaviortree_cpp/share/behaviortree_cpp/package.xml
[2.562s] Invoked command in '/home/denis/diploma_ws/build/behaviortree_cpp' returned '0': CMAKE_PREFIX_PATH=${CMAKE_PREFIX_PATH}:/opt/ros/humble /usr/bin/cmake --install /home/denis/diploma_ws/build/behaviortree_cpp
