[0.032s] Invoking command in '/home/denis/diploma_ws/build/btcpp_ros2_samples': AMENT_PREFIX_PATH=/home/denis/diploma_ws/install/behaviortree_ros2:/home/denis/diploma_ws/install/btcpp_ros2_interfaces:/home/denis/diploma_ws/install/behaviortree_cpp:${AMENT_PREFIX_PATH} CMAKE_PREFIX_PATH=/home/denis/diploma_ws/install/behaviortree_ros2:/home/denis/diploma_ws/install/btcpp_ros2_interfaces:/home/denis/diploma_ws/install/behaviortree_cpp:/opt/ros/humble LD_LIBRARY_PATH=/home/denis/diploma_ws/install/btcpp_ros2_interfaces/lib:/home/denis/diploma_ws/install/behaviortree_cpp/lib:${LD_LIBRARY_PATH} PATH=/home/denis/diploma_ws/install/behaviortree_cpp/bin:${PATH} PYTHONPATH=/home/denis/diploma_ws/install/btcpp_ros2_interfaces/local/lib/python3.10/dist-packages:${PYTHONPATH} /usr/bin/cmake --build /home/denis/diploma_ws/build/btcpp_ros2_samples -- -j4 -l4
[0.166s] [ 18%] Built target sleep_server
[0.188s] [ 36%] Built target sleep_plugin
[0.189s] [ 63%] Built target sleep_client
[0.206s] [ 81%] Built target subscriber_test
[0.247s] [100%] Built target sleep_client_dyn
[0.265s] Invoked command in '/home/denis/diploma_ws/build/btcpp_ros2_samples' returned '0': AMENT_PREFIX_PATH=/home/denis/diploma_ws/install/behaviortree_ros2:/home/denis/diploma_ws/install/btcpp_ros2_interfaces:/home/denis/diploma_ws/install/behaviortree_cpp:${AMENT_PREFIX_PATH} CMAKE_PREFIX_PATH=/home/denis/diploma_ws/install/behaviortree_ros2:/home/denis/diploma_ws/install/btcpp_ros2_interfaces:/home/denis/diploma_ws/install/behaviortree_cpp:/opt/ros/humble LD_LIBRARY_PATH=/home/denis/diploma_ws/install/btcpp_ros2_interfaces/lib:/home/denis/diploma_ws/install/behaviortree_cpp/lib:${LD_LIBRARY_PATH} PATH=/home/denis/diploma_ws/install/behaviortree_cpp/bin:${PATH} PYTHONPATH=/home/denis/diploma_ws/install/btcpp_ros2_interfaces/local/lib/python3.10/dist-packages:${PYTHONPATH} /usr/bin/cmake --build /home/denis/diploma_ws/build/btcpp_ros2_samples -- -j4 -l4
[0.331s] Invoking command in '/home/denis/diploma_ws/build/btcpp_ros2_samples': AMENT_PREFIX_PATH=/home/denis/diploma_ws/install/behaviortree_ros2:/home/denis/diploma_ws/install/btcpp_ros2_interfaces:/home/denis/diploma_ws/install/behaviortree_cpp:${AMENT_PREFIX_PATH} CMAKE_PREFIX_PATH=/home/denis/diploma_ws/install/behaviortree_ros2:/home/denis/diploma_ws/install/btcpp_ros2_interfaces:/home/denis/diploma_ws/install/behaviortree_cpp:/opt/ros/humble LD_LIBRARY_PATH=/home/denis/diploma_ws/install/btcpp_ros2_interfaces/lib:/home/denis/diploma_ws/install/behaviortree_cpp/lib:${LD_LIBRARY_PATH} PATH=/home/denis/diploma_ws/install/behaviortree_cpp/bin:${PATH} PYTHONPATH=/home/denis/diploma_ws/install/btcpp_ros2_interfaces/local/lib/python3.10/dist-packages:${PYTHONPATH} /usr/bin/cmake --install /home/denis/diploma_ws/build/btcpp_ros2_samples
[0.343s] -- Install configuration: ""
[0.343s] -- Up-to-date: /home/denis/diploma_ws/install/btcpp_ros2_samples/lib/btcpp_ros2_samples/sleep_client
[0.344s] -- Up-to-date: /home/denis/diploma_ws/install/btcpp_ros2_samples/lib/btcpp_ros2_samples/sleep_client_dyn
[0.345s] -- Up-to-date: /home/denis/diploma_ws/install/btcpp_ros2_samples/lib/btcpp_ros2_samples/sleep_server
[0.346s] -- Up-to-date: /home/denis/diploma_ws/install/btcpp_ros2_samples/lib/btcpp_ros2_samples/libsleep_plugin.so
[0.346s] -- Up-to-date: /home/denis/diploma_ws/install/btcpp_ros2_samples/lib/btcpp_ros2_samples/subscriber_test
[0.347s] -- Up-to-date: /home/denis/diploma_ws/install/btcpp_ros2_samples/share/btcpp_ros2_samples/bt_plugins/libsleep_plugin.so
[0.348s] -- Up-to-date: /home/denis/diploma_ws/install/btcpp_ros2_samples/share/ament_index/resource_index/package_run_dependencies/btcpp_ros2_samples
[0.348s] -- Up-to-date: /home/denis/diploma_ws/install/btcpp_ros2_samples/share/ament_index/resource_index/parent_prefix_path/btcpp_ros2_samples
[0.348s] -- Up-to-date: /home/denis/diploma_ws/install/btcpp_ros2_samples/share/btcpp_ros2_samples/environment/ament_prefix_path.sh
[0.348s] -- Up-to-date: /home/denis/diploma_ws/install/btcpp_ros2_samples/share/btcpp_ros2_samples/environment/ament_prefix_path.dsv
[0.349s] -- Up-to-date: /home/denis/diploma_ws/install/btcpp_ros2_samples/share/btcpp_ros2_samples/environment/path.sh
[0.349s] -- Up-to-date: /home/denis/diploma_ws/install/btcpp_ros2_samples/share/btcpp_ros2_samples/environment/path.dsv
[0.349s] -- Up-to-date: /home/denis/diploma_ws/install/btcpp_ros2_samples/share/btcpp_ros2_samples/local_setup.bash
[0.349s] -- Up-to-date: /home/denis/diploma_ws/install/btcpp_ros2_samples/share/btcpp_ros2_samples/local_setup.sh
[0.350s] -- Up-to-date: /home/denis/diploma_ws/install/btcpp_ros2_samples/share/btcpp_ros2_samples/local_setup.zsh
[0.350s] -- Up-to-date: /home/denis/diploma_ws/install/btcpp_ros2_samples/share/btcpp_ros2_samples/local_setup.dsv
[0.350s] -- Installing: /home/denis/diploma_ws/install/btcpp_ros2_samples/share/btcpp_ros2_samples/package.dsv
[0.350s] -- Up-to-date: /home/denis/diploma_ws/install/btcpp_ros2_samples/share/ament_index/resource_index/packages/btcpp_ros2_samples
[0.350s] -- Up-to-date: /home/denis/diploma_ws/install/btcpp_ros2_samples/share/btcpp_ros2_samples/cmake/ament_cmake_export_dependencies-extras.cmake
[0.350s] -- Up-to-date: /home/denis/diploma_ws/install/btcpp_ros2_samples/share/btcpp_ros2_samples/cmake/btcpp_ros2_samplesConfig.cmake
[0.351s] -- Up-to-date: /home/denis/diploma_ws/install/btcpp_ros2_samples/share/btcpp_ros2_samples/cmake/btcpp_ros2_samplesConfig-version.cmake
[0.351s] -- Up-to-date: /home/denis/diploma_ws/install/btcpp_ros2_samples/share/btcpp_ros2_samples/package.xml
[0.353s] Invoked command in '/home/denis/diploma_ws/build/btcpp_ros2_samples' returned '0': AMENT_PREFIX_PATH=/home/denis/diploma_ws/install/behaviortree_ros2:/home/denis/diploma_ws/install/btcpp_ros2_interfaces:/home/denis/diploma_ws/install/behaviortree_cpp:${AMENT_PREFIX_PATH} CMAKE_PREFIX_PATH=/home/denis/diploma_ws/install/behaviortree_ros2:/home/denis/diploma_ws/install/btcpp_ros2_interfaces:/home/denis/diploma_ws/install/behaviortree_cpp:/opt/ros/humble LD_LIBRARY_PATH=/home/denis/diploma_ws/install/btcpp_ros2_interfaces/lib:/home/denis/diploma_ws/install/behaviortree_cpp/lib:${LD_LIBRARY_PATH} PATH=/home/denis/diploma_ws/install/behaviortree_cpp/bin:${PATH} PYTHONPATH=/home/denis/diploma_ws/install/btcpp_ros2_interfaces/local/lib/python3.10/dist-packages:${PYTHONPATH} /usr/bin/cmake --install /home/denis/diploma_ws/build/btcpp_ros2_samples
