[0.031s] Invoking command in '/home/denis/diploma_ws/build/bsu': AMENT_PREFIX_PATH=/home/denis/diploma_ws/install/dms_interfaces:${AMENT_PREFIX_PATH} CMAKE_PREFIX_PATH=/home/denis/diploma_ws/install/dms_interfaces:/opt/ros/humble LD_LIBRARY_PATH=/home/denis/diploma_ws/install/dms_interfaces/lib:${LD_LIBRARY_PATH} PYTHONPATH=/home/denis/diploma_ws/install/dms_interfaces/local/lib/python3.10/dist-packages:${PYTHONPATH} /usr/bin/cmake --build /home/denis/diploma_ws/build/bsu -- -j4 -l4
[0.179s] [ 50%] [32mBuilding CXX object CMakeFiles/battery_simulation_unit.dir/src/battery_simulation_unit.cpp.o[0m
[4.182s] [01m[K/home/denis/diploma_ws/src/bsu/src/battery_simulation_unit.cpp:[m[K In member function ‘[01m[Kvoid BatterySimulationUnit::get_battery_level_srv_cb(dms_interfaces::srv::GetBatteryLevel_Request_<std::allocator<void> >::SharedPtr, dms_interfaces::srv::GetBatteryLevel_Response_<std::allocator<void> >::SharedPtr)[m[K’:
[4.182s] [01m[K/home/denis/diploma_ws/src/bsu/src/battery_simulation_unit.cpp:44:67:[m[K [01;35m[Kwarning: [m[Kunused parameter ‘[01m[Krequest[m[K’ [[01;35m[K]8;;https://gcc.gnu.org/onlinedocs/gcc/Warning-Options.html#index-Wunused-parameter-Wunused-parameter]8;;[m[K]
[4.182s]    44 |     [01;35m[Kconst dms_interfaces::srv::GetBatteryLevel_Request::SharedPtr request[m[K,
[4.182s]       |     [01;35m[K~~~~~~~~~~~~~~~~~~~~~~~~~~~~~~~~~~~~~~~~~~~~~~~~~~~~~~~~~~~~~~^~~~~~~[m[K
[13.700s] [100%] [32m[1mLinking CXX executable battery_simulation_unit[0m
[14.428s] [100%] Built target battery_simulation_unit
[14.446s] Invoked command in '/home/denis/diploma_ws/build/bsu' returned '0': AMENT_PREFIX_PATH=/home/denis/diploma_ws/install/dms_interfaces:${AMENT_PREFIX_PATH} CMAKE_PREFIX_PATH=/home/denis/diploma_ws/install/dms_interfaces:/opt/ros/humble LD_LIBRARY_PATH=/home/denis/diploma_ws/install/dms_interfaces/lib:${LD_LIBRARY_PATH} PYTHONPATH=/home/denis/diploma_ws/install/dms_interfaces/local/lib/python3.10/dist-packages:${PYTHONPATH} /usr/bin/cmake --build /home/denis/diploma_ws/build/bsu -- -j4 -l4
[14.493s] Invoking command in '/home/denis/diploma_ws/build/bsu': AMENT_PREFIX_PATH=/home/denis/diploma_ws/install/dms_interfaces:${AMENT_PREFIX_PATH} CMAKE_PREFIX_PATH=/home/denis/diploma_ws/install/dms_interfaces:/opt/ros/humble LD_LIBRARY_PATH=/home/denis/diploma_ws/install/dms_interfaces/lib:${LD_LIBRARY_PATH} PYTHONPATH=/home/denis/diploma_ws/install/dms_interfaces/local/lib/python3.10/dist-packages:${PYTHONPATH} /usr/bin/cmake --install /home/denis/diploma_ws/build/bsu
[14.506s] -- Install configuration: ""
[14.506s] -- Installing: /home/denis/diploma_ws/install/bsu/lib/bsu/battery_simulation_unit
[14.513s] -- Set runtime path of "/home/denis/diploma_ws/install/bsu/lib/bsu/battery_simulation_unit" to ""
[14.514s] -- Installing: /home/denis/diploma_ws/install/bsu/share/bsu/launch
[14.514s] -- Installing: /home/denis/diploma_ws/install/bsu/share/bsu/launch/battery_simulation_unit.launch.py
[14.514s] -- Installing: /home/denis/diploma_ws/install/bsu/share/ament_index/resource_index/package_run_dependencies/bsu
[14.514s] -- Installing: /home/denis/diploma_ws/install/bsu/share/ament_index/resource_index/parent_prefix_path/bsu
[14.515s] -- Installing: /home/denis/diploma_ws/install/bsu/share/bsu/environment/ament_prefix_path.sh
[14.515s] -- Installing: /home/denis/diploma_ws/install/bsu/share/bsu/environment/ament_prefix_path.dsv
[14.515s] -- Installing: /home/denis/diploma_ws/install/bsu/share/bsu/environment/path.sh
[14.516s] -- Installing: /home/denis/diploma_ws/install/bsu/share/bsu/environment/path.dsv
[14.516s] -- Installing: /home/denis/diploma_ws/install/bsu/share/bsu/local_setup.bash
[14.516s] -- Installing: /home/denis/diploma_ws/install/bsu/share/bsu/local_setup.sh
[14.516s] -- Installing: /home/denis/diploma_ws/install/bsu/share/bsu/local_setup.zsh
[14.517s] -- Installing: /home/denis/diploma_ws/install/bsu/share/bsu/local_setup.dsv
[14.517s] -- Up-to-date: /home/denis/diploma_ws/install/bsu/share/bsu/package.dsv
[14.517s] -- Installing: /home/denis/diploma_ws/install/bsu/share/ament_index/resource_index/packages/bsu
[14.518s] -- Installing: /home/denis/diploma_ws/install/bsu/share/bsu/cmake/bsuConfig.cmake
[14.518s] -- Installing: /home/denis/diploma_ws/install/bsu/share/bsu/cmake/bsuConfig-version.cmake
[14.519s] -- Installing: /home/denis/diploma_ws/install/bsu/share/bsu/package.xml
[14.522s] Invoked command in '/home/denis/diploma_ws/build/bsu' returned '0': AMENT_PREFIX_PATH=/home/denis/diploma_ws/install/dms_interfaces:${AMENT_PREFIX_PATH} CMAKE_PREFIX_PATH=/home/denis/diploma_ws/install/dms_interfaces:/opt/ros/humble LD_LIBRARY_PATH=/home/denis/diploma_ws/install/dms_interfaces/lib:${LD_LIBRARY_PATH} PYTHONPATH=/home/denis/diploma_ws/install/dms_interfaces/local/lib/python3.10/dist-packages:${PYTHONPATH} /usr/bin/cmake --install /home/denis/diploma_ws/build/bsu
