[0.079s] Invoking command in '/home/denis/diploma_ws/src/build/fsu': CMAKE_PREFIX_PATH=${CMAKE_PREFIX_PATH}:/opt/ros/humble /usr/bin/cmake /home/denis/diploma_ws/src/fsu -DCMAKE_INSTALL_PREFIX=/home/denis/diploma_ws/src/install/fsu
[0.489s] -- The C compiler identification is GNU 11.4.0
[0.660s] -- The CXX compiler identification is GNU 11.4.0
[0.685s] -- Detecting C compiler ABI info
[1.279s] -- Detecting C compiler ABI info - done
[1.307s] -- Check for working C compiler: /usr/bin/cc - skipped
[1.308s] -- Detecting C compile features
[1.310s] -- Detecting C compile features - done
[1.321s] -- Detecting CXX compiler ABI info
[1.752s] -- Detecting CXX compiler ABI info - done
[1.814s] -- Check for working CXX compiler: /usr/bin/c++ - skipped
[1.815s] -- Detecting CXX compile features
[1.816s] -- Detecting CXX compile features - done
[1.829s] -- Found ament_cmake: 1.3.8 (/opt/ros/humble/share/ament_cmake/cmake)
[2.403s] -- Found Python3: /usr/bin/python3 (found version "3.10.12") found components: Interpreter 
[2.776s] -- Found rclcpp: 16.0.8 (/opt/ros/humble/share/rclcpp/cmake)
[2.976s] -- Found rosidl_generator_c: 3.1.5 (/opt/ros/humble/share/rosidl_generator_c/cmake)
[3.008s] -- Found rosidl_adapter: 3.1.5 (/opt/ros/humble/share/rosidl_adapter/cmake)
[3.043s] -- Found rosidl_generator_cpp: 3.1.5 (/opt/ros/humble/share/rosidl_generator_cpp/cmake)
[3.111s] -- Using all available rosidl_typesupport_c: rosidl_typesupport_fastrtps_c;rosidl_typesupport_introspection_c
[3.296s] -- Using all available rosidl_typesupport_cpp: rosidl_typesupport_fastrtps_cpp;rosidl_typesupport_introspection_cpp
[3.696s] -- Found rmw_implementation_cmake: 6.1.1 (/opt/ros/humble/share/rmw_implementation_cmake/cmake)
[3.710s] -- Found rmw_fastrtps_cpp: 6.2.6 (/opt/ros/humble/share/rmw_fastrtps_cpp/cmake)
[4.078s] -- Found OpenSSL: /usr/lib/x86_64-linux-gnu/libcrypto.so (found version "3.0.2")  
[4.180s] -- Found FastRTPS: /opt/ros/humble/include  
[4.332s] -- Using RMW implementation 'rmw_fastrtps_cpp' as default
[4.376s] -- Looking for pthread.h
[4.646s] -- Looking for pthread.h - found
[4.654s] -- Performing Test CMAKE_HAVE_LIBC_PTHREAD
[4.994s] -- Performing Test CMAKE_HAVE_LIBC_PTHREAD - Success
[5.002s] -- Found Threads: TRUE  
[5.730s] -- Found sensor_msgs: 4.2.3 (/opt/ros/humble/share/sensor_msgs/cmake)
[6.306s] -- Found nav_msgs: 4.2.3 (/opt/ros/humble/share/nav_msgs/cmake)
[6.685s] -- Found ament_lint_auto: 0.12.10 (/opt/ros/humble/share/ament_lint_auto/cmake)
[7.086s] -- Added test 'copyright' to check source files copyright and LICENSE
[7.090s] -- Added test 'cppcheck' to perform static code analysis on C / C++ code
[7.091s] -- Configured cppcheck include dirs: $<BUILD_INTERFACE:/home/denis/diploma_ws/src/fsu/include>
[7.091s] -- Configured cppcheck exclude dirs and/or files: 
[7.105s] -- Added test 'cpplint' to check C / C++ code against the Google style
[7.105s] -- Configured cpplint exclude dirs and/or files: 
[7.107s] -- Added test 'flake8' to check Python code syntax and style conventions
[7.119s] -- Added test 'lint_cmake' to check CMake code style
[7.121s] -- Added test 'pep257' to check Python code against some of the docstring style conventions in PEP 257
[7.125s] -- Added test 'uncrustify' to check C / C++ code style
[7.126s] -- Configured uncrustify additional arguments: 
[7.128s] -- Added test 'xmllint' to check XML markup files
[7.152s] -- Configuring done
[7.230s] -- Generating done
[7.248s] -- Build files have been written to: /home/denis/diploma_ws/src/build/fsu
[7.295s] Invoked command in '/home/denis/diploma_ws/src/build/fsu' returned '0': CMAKE_PREFIX_PATH=${CMAKE_PREFIX_PATH}:/opt/ros/humble /usr/bin/cmake /home/denis/diploma_ws/src/fsu -DCMAKE_INSTALL_PREFIX=/home/denis/diploma_ws/src/install/fsu
[7.296s] Invoking command in '/home/denis/diploma_ws/src/build/fsu': CMAKE_PREFIX_PATH=${CMAKE_PREFIX_PATH}:/opt/ros/humble /usr/bin/cmake --build /home/denis/diploma_ws/src/build/fsu -- -j4 -l4
[7.568s] [ 50%] [32mBuilding CXX object CMakeFiles/lidar_remapping_node.dir/src/lidar_remapping_node.cpp.o[0m
[31.356s] [100%] [32m[1mLinking CXX executable lidar_remapping_node[0m
[33.046s] [100%] Built target lidar_remapping_node
[33.111s] Invoked command in '/home/denis/diploma_ws/src/build/fsu' returned '0': CMAKE_PREFIX_PATH=${CMAKE_PREFIX_PATH}:/opt/ros/humble /usr/bin/cmake --build /home/denis/diploma_ws/src/build/fsu -- -j4 -l4
[33.443s] Invoking command in '/home/denis/diploma_ws/src/build/fsu': CMAKE_PREFIX_PATH=${CMAKE_PREFIX_PATH}:/opt/ros/humble /usr/bin/cmake --install /home/denis/diploma_ws/src/build/fsu
[33.511s] -- Install configuration: ""
[33.513s] -- Installing: /home/denis/diploma_ws/src/install/fsu/lib/fsu/lidar_remapping_node
[33.561s] -- Set runtime path of "/home/denis/diploma_ws/src/install/fsu/lib/fsu/lidar_remapping_node" to ""
[33.564s] -- Installing: /home/denis/diploma_ws/src/install/fsu/share/fsu/launch
[33.566s] -- Installing: /home/denis/diploma_ws/src/install/fsu/share/fsu/launch/fsu.launch.py
[33.569s] -- Installing: /home/denis/diploma_ws/src/install/fsu/share/ament_index/resource_index/package_run_dependencies/fsu
[33.571s] -- Installing: /home/denis/diploma_ws/src/install/fsu/share/ament_index/resource_index/parent_prefix_path/fsu
[33.573s] -- Installing: /home/denis/diploma_ws/src/install/fsu/share/fsu/environment/ament_prefix_path.sh
[33.576s] -- Installing: /home/denis/diploma_ws/src/install/fsu/share/fsu/environment/ament_prefix_path.dsv
[33.578s] -- Installing: /home/denis/diploma_ws/src/install/fsu/share/fsu/environment/path.sh
[33.579s] -- Installing: /home/denis/diploma_ws/src/install/fsu/share/fsu/environment/path.dsv
[33.581s] -- Installing: /home/denis/diploma_ws/src/install/fsu/share/fsu/local_setup.bash
[33.589s] -- Installing: /home/denis/diploma_ws/src/install/fsu/share/fsu/local_setup.sh
[33.592s] -- Installing: /home/denis/diploma_ws/src/install/fsu/share/fsu/local_setup.zsh
[33.594s] -- Installing: /home/denis/diploma_ws/src/install/fsu/share/fsu/local_setup.dsv
[33.596s] -- Installing: /home/denis/diploma_ws/src/install/fsu/share/fsu/package.dsv
[33.598s] -- Installing: /home/denis/diploma_ws/src/install/fsu/share/ament_index/resource_index/packages/fsu
[33.599s] -- Installing: /home/denis/diploma_ws/src/install/fsu/share/fsu/cmake/fsuConfig.cmake
[33.601s] -- Installing: /home/denis/diploma_ws/src/install/fsu/share/fsu/cmake/fsuConfig-version.cmake
[33.604s] -- Installing: /home/denis/diploma_ws/src/install/fsu/share/fsu/package.xml
[33.614s] Invoked command in '/home/denis/diploma_ws/src/build/fsu' returned '0': CMAKE_PREFIX_PATH=${CMAKE_PREFIX_PATH}:/opt/ros/humble /usr/bin/cmake --install /home/denis/diploma_ws/src/build/fsu
