[0.051s] Invoking command in '/home/denis/diploma_ws/build/bt': CMAKE_PREFIX_PATH=/home/denis/diploma_ws/install/dms_interfaces:/home/denis/diploma_ws/install/behaviortree_cpp_v3:/home/denis/diploma_ws/install/turtlebot3_simulations:/home/denis/diploma_ws/install/turtlebot3_navigation2:/home/denis/diploma_ws/install/turtlebot3_gazebo:/home/denis/diploma_ws/install/turtlebot3_fake_node:/home/denis/diploma_ws/install/ssu:/home/denis/diploma_ws/install/nspu:/home/denis/diploma_ws/install/nav2_bringup:/home/denis/diploma_ws/install/groot:/home/denis/diploma_ws/install/fsu:/home/denis/diploma_ws/install/csu:/home/denis/diploma_ws/install/bt:/home/denis/diploma_ws/install/bsu:/home/denis/diploma_ws/install/btcpp_ros2_samples:/home/denis/diploma_ws/install/btcpp_ros2_interfaces:/home/denis/diploma_ws/install/behaviortree_ros2:/home/denis/diploma_ws/install/behaviortree_cpp:/opt/ros/humble LD_LIBRARY_PATH=/home/denis/diploma_ws/install/dms_interfaces/lib:/home/denis/diploma_ws/install/behaviortree_cpp_v3/lib:/home/denis/diploma_ws/install/groot/lib:/home/denis/diploma_ws/install/btcpp_ros2_interfaces/lib:/home/denis/diploma_ws/install/behaviortree_cpp/lib:/usr/lib/x86_64-linux-gnu/gazebo-11/plugins:/opt/ros/humble/opt/rviz_ogre_vendor/lib:/opt/ros/humble/lib/x86_64-linux-gnu:/opt/ros/humble/lib /usr/bin/cmake --build /home/denis/diploma_ws/build/bt -- -j4 -l4
[0.138s] -- Found ament_cmake: 1.3.8 (/opt/ros/humble/share/ament_cmake/cmake)
[0.492s] -- Found rclcpp: 16.0.8 (/opt/ros/humble/share/rclcpp/cmake)
[0.617s] -- Found rosidl_generator_c: 3.1.5 (/opt/ros/humble/share/rosidl_generator_c/cmake)
[0.627s] -- Found rosidl_adapter: 3.1.5 (/opt/ros/humble/share/rosidl_adapter/cmake)
[0.652s] -- Found rosidl_generator_cpp: 3.1.5 (/opt/ros/humble/share/rosidl_generator_cpp/cmake)
[0.694s] -- Using all available rosidl_typesupport_c: rosidl_typesupport_fastrtps_c;rosidl_typesupport_introspection_c
[0.749s] -- Using all available rosidl_typesupport_cpp: rosidl_typesupport_fastrtps_cpp;rosidl_typesupport_introspection_cpp
[0.951s] -- Found rmw_implementation_cmake: 6.1.1 (/opt/ros/humble/share/rmw_implementation_cmake/cmake)
[0.957s] -- Found rmw_cyclonedds_cpp: 1.3.4 (/opt/ros/humble/share/rmw_cyclonedds_cpp/cmake)
[1.061s] -- Using RMW implementation 'rmw_cyclonedds_cpp' as default
[1.582s] -- Found rclcpp_action: 16.0.8 (/opt/ros/humble/share/rclcpp_action/cmake)
[1.892s] -- Found std_srvs: 4.2.3 (/opt/ros/humble/share/std_srvs/cmake)
[1.951s] -- Found nav2_msgs: 1.1.14 (/opt/ros/humble/share/nav2_msgs/cmake)
[2.886s] -- Found dms_interfaces: 0.0.0 (/home/denis/diploma_ws/install/dms_interfaces/share/dms_interfaces/cmake)
[3.212s] -- Found ament_lint_auto: 0.12.10 (/opt/ros/humble/share/ament_lint_auto/cmake)
[3.469s] -- Added test 'cppcheck' to perform static code analysis on C / C++ code
[3.471s] -- Configured cppcheck include dirs: /home/denis/diploma_ws/src/bt/include/bt
[3.471s] -- Configured cppcheck exclude dirs and/or files: 
[3.473s] -- Added test 'flake8' to check Python code syntax and style conventions
[3.478s] -- Added test 'lint_cmake' to check CMake code style
[3.479s] -- Added test 'pep257' to check Python code against some of the docstring style conventions in PEP 257
[3.484s] -- Added test 'uncrustify' to check C / C++ code style
[3.484s] -- Configured uncrustify additional arguments: 
[3.485s] -- Added test 'xmllint' to check XML markup files
[3.488s] -- Configuring done
[3.583s] -- Generating done
[3.588s] -- Build files have been written to: /home/denis/diploma_ws/build/bt
[3.657s] [35m[1mConsolidate compiler generated dependencies of target lidar_bt[0m
[3.667s] [35m[1mConsolidate compiler generated dependencies of target imu_bt[0m
[3.719s] [ 20%] Built target lidar_bt
[3.744s] [ 40%] Built target imu_bt
[3.751s] [35m[1mConsolidate compiler generated dependencies of target sensors_bt[0m
[3.796s] [35m[1mConsolidate compiler generated dependencies of target battery_bt[0m
[3.817s] [ 60%] Built target sensors_bt
[3.850s] [35m[1mConsolidate compiler generated dependencies of target odom_bt[0m
[3.852s] [ 70%] [32mBuilding CXX object CMakeFiles/battery_bt.dir/src/battery_bt.cpp.o[0m
[3.917s] [ 90%] Built target odom_bt
[11.299s] In file included from [01m[K/opt/ros/humble/include/rclcpp/rclcpp/logging.hpp:24[m[K,
[11.300s]                  from [01m[K/opt/ros/humble/include/rclcpp/rclcpp/client.hpp:40[m[K,
[11.300s]                  from [01m[K/opt/ros/humble/include/rclcpp/rclcpp/callback_group.hpp:24[m[K,
[11.300s]                  from [01m[K/opt/ros/humble/include/rclcpp/rclcpp/any_executable.hpp:20[m[K,
[11.300s]                  from [01m[K/opt/ros/humble/include/rclcpp/rclcpp/memory_strategy.hpp:25[m[K,
[11.300s]                  from [01m[K/opt/ros/humble/include/rclcpp/rclcpp/memory_strategies.hpp:18[m[K,
[11.300s]                  from [01m[K/opt/ros/humble/include/rclcpp/rclcpp/executor_options.hpp:20[m[K,
[11.301s]                  from [01m[K/opt/ros/humble/include/rclcpp/rclcpp/executor.hpp:37[m[K,
[11.301s]                  from [01m[K/opt/ros/humble/include/rclcpp/rclcpp/executors/multi_threaded_executor.hpp:25[m[K,
[11.301s]                  from [01m[K/opt/ros/humble/include/rclcpp/rclcpp/executors.hpp:21[m[K,
[11.301s]                  from [01m[K/opt/ros/humble/include/rclcpp/rclcpp/rclcpp.hpp:155[m[K,
[11.301s]                  from [01m[K/home/denis/diploma_ws/src/bt/include/bt/battery_check.hpp:5[m[K,
[11.301s]                  from [01m[K/home/denis/diploma_ws/src/bt/src/battery_bt.cpp:1[m[K:
[11.302s] [01m[K/home/denis/diploma_ws/src/bt/src/battery_bt.cpp:[m[K In function ‘[01m[Kint main(int, const char**)[m[K’:
[11.302s] [01m[K/home/denis/diploma_ws/src/bt/src/battery_bt.cpp:48:49:[m[K [01;35m[Kwarning: [m[Kformat ‘[01m[K%d[m[K’ expects argument of type ‘[01m[Kint[m[K’, but argument 5 has type ‘[01m[KBT::NodeStatus[m[K’ [[01;35m[K]8;;https://gcc.gnu.org/onlinedocs/gcc/Warning-Options.html#index-Wformat=-Wformat=]8;;[m[K]
[11.302s]    48 |         RCLCPP_INFO(rclcpp::get_logger("root"), [01;35m[K"BT Status: %d"[m[K, [32m[Kstatus[m[K);
[11.302s]       |                                                 [01;35m[K^~~~~~~~~~~~~~~[m[K  [32m[K~~~~~~[m[K
[11.302s]       |                                                                  [32m[K|[m[K
[11.302s]       |                                                                  [32m[KBT::NodeStatus[m[K
[11.302s] [01m[K/home/denis/diploma_ws/src/bt/src/battery_bt.cpp:48:62:[m[K [01;36m[Knote: [m[Kformat string is defined here
[11.303s]    48 |         RCLCPP_INFO(rclcpp::get_logger("root"), "BT Status: [01;36m[K%d[m[K", status);
[11.303s]       |                                                             [01;36m[K~^[m[K
[11.303s]       |                                                              [01;36m[K|[m[K
[11.303s]       |                                                              [01;36m[Kint[m[K
[20.826s] [100%] [32m[1mLinking CXX executable battery_bt[0m
[22.069s] [100%] Built target battery_bt
[22.108s] Invoked command in '/home/denis/diploma_ws/build/bt' returned '0': CMAKE_PREFIX_PATH=/home/denis/diploma_ws/install/dms_interfaces:/home/denis/diploma_ws/install/behaviortree_cpp_v3:/home/denis/diploma_ws/install/turtlebot3_simulations:/home/denis/diploma_ws/install/turtlebot3_navigation2:/home/denis/diploma_ws/install/turtlebot3_gazebo:/home/denis/diploma_ws/install/turtlebot3_fake_node:/home/denis/diploma_ws/install/ssu:/home/denis/diploma_ws/install/nspu:/home/denis/diploma_ws/install/nav2_bringup:/home/denis/diploma_ws/install/groot:/home/denis/diploma_ws/install/fsu:/home/denis/diploma_ws/install/csu:/home/denis/diploma_ws/install/bt:/home/denis/diploma_ws/install/bsu:/home/denis/diploma_ws/install/btcpp_ros2_samples:/home/denis/diploma_ws/install/btcpp_ros2_interfaces:/home/denis/diploma_ws/install/behaviortree_ros2:/home/denis/diploma_ws/install/behaviortree_cpp:/opt/ros/humble LD_LIBRARY_PATH=/home/denis/diploma_ws/install/dms_interfaces/lib:/home/denis/diploma_ws/install/behaviortree_cpp_v3/lib:/home/denis/diploma_ws/install/groot/lib:/home/denis/diploma_ws/install/btcpp_ros2_interfaces/lib:/home/denis/diploma_ws/install/behaviortree_cpp/lib:/usr/lib/x86_64-linux-gnu/gazebo-11/plugins:/opt/ros/humble/opt/rviz_ogre_vendor/lib:/opt/ros/humble/lib/x86_64-linux-gnu:/opt/ros/humble/lib /usr/bin/cmake --build /home/denis/diploma_ws/build/bt -- -j4 -l4
[22.284s] Invoking command in '/home/denis/diploma_ws/build/bt': CMAKE_PREFIX_PATH=/home/denis/diploma_ws/install/dms_interfaces:/home/denis/diploma_ws/install/behaviortree_cpp_v3:/home/denis/diploma_ws/install/turtlebot3_simulations:/home/denis/diploma_ws/install/turtlebot3_navigation2:/home/denis/diploma_ws/install/turtlebot3_gazebo:/home/denis/diploma_ws/install/turtlebot3_fake_node:/home/denis/diploma_ws/install/ssu:/home/denis/diploma_ws/install/nspu:/home/denis/diploma_ws/install/nav2_bringup:/home/denis/diploma_ws/install/groot:/home/denis/diploma_ws/install/fsu:/home/denis/diploma_ws/install/csu:/home/denis/diploma_ws/install/bt:/home/denis/diploma_ws/install/bsu:/home/denis/diploma_ws/install/btcpp_ros2_samples:/home/denis/diploma_ws/install/btcpp_ros2_interfaces:/home/denis/diploma_ws/install/behaviortree_ros2:/home/denis/diploma_ws/install/behaviortree_cpp:/opt/ros/humble LD_LIBRARY_PATH=/home/denis/diploma_ws/install/dms_interfaces/lib:/home/denis/diploma_ws/install/behaviortree_cpp_v3/lib:/home/denis/diploma_ws/install/groot/lib:/home/denis/diploma_ws/install/btcpp_ros2_interfaces/lib:/home/denis/diploma_ws/install/behaviortree_cpp/lib:/usr/lib/x86_64-linux-gnu/gazebo-11/plugins:/opt/ros/humble/opt/rviz_ogre_vendor/lib:/opt/ros/humble/lib/x86_64-linux-gnu:/opt/ros/humble/lib /usr/bin/cmake --install /home/denis/diploma_ws/build/bt
[22.311s] -- Install configuration: ""
[22.312s] -- Up-to-date: /home/denis/diploma_ws/install/bt/lib/bt/lidar_bt
[22.313s] -- Up-to-date: /home/denis/diploma_ws/install/bt/lib/bt/imu_bt
[22.314s] -- Up-to-date: /home/denis/diploma_ws/install/bt/lib/bt/odom_bt
[22.315s] -- Up-to-date: /home/denis/diploma_ws/install/bt/lib/bt/sensors_bt
[22.317s] -- Installing: /home/denis/diploma_ws/install/bt/lib/bt/battery_bt
[22.324s] -- Set runtime path of "/home/denis/diploma_ws/install/bt/lib/bt/battery_bt" to ""
[22.325s] -- Up-to-date: /home/denis/diploma_ws/install/bt/share/bt/resources
[22.325s] -- Up-to-date: /home/denis/diploma_ws/install/bt/share/bt/resources/imu_bt.xml
[22.325s] -- Up-to-date: /home/denis/diploma_ws/install/bt/share/bt/resources/sensors_bt.xml
[22.325s] -- Up-to-date: /home/denis/diploma_ws/install/bt/share/bt/resources/lidar_bt.xml
[22.326s] -- Up-to-date: /home/denis/diploma_ws/install/bt/share/bt/resources/odom_bt.xml
[22.326s] -- Up-to-date: /home/denis/diploma_ws/install/bt/share/bt/resources/battery_bt.xml
[22.327s] -- Up-to-date: /home/denis/diploma_ws/install/bt/share/bt/launch
[22.327s] -- Up-to-date: /home/denis/diploma_ws/install/bt/share/bt/launch/lidar_bt.launch.py
[22.327s] -- Up-to-date: /home/denis/diploma_ws/install/bt/share/bt/launch/odom_bt.launch.py
[22.328s] -- Up-to-date: /home/denis/diploma_ws/install/bt/share/bt/launch/sensors_bt.launch.py
[22.328s] -- Up-to-date: /home/denis/diploma_ws/install/bt/share/bt/launch/battery_bt.launch.py
[22.329s] -- Up-to-date: /home/denis/diploma_ws/install/bt/share/bt/launch/imu_bt.launch.py
[22.329s] -- Up-to-date: /home/denis/diploma_ws/install/bt/share/ament_index/resource_index/package_run_dependencies/bt
[22.330s] -- Installing: /home/denis/diploma_ws/install/bt/share/ament_index/resource_index/parent_prefix_path/bt
[22.330s] -- Up-to-date: /home/denis/diploma_ws/install/bt/share/bt/environment/ament_prefix_path.sh
[22.331s] -- Installing: /home/denis/diploma_ws/install/bt/share/bt/environment/ament_prefix_path.dsv
[22.332s] -- Up-to-date: /home/denis/diploma_ws/install/bt/share/bt/environment/path.sh
[22.332s] -- Installing: /home/denis/diploma_ws/install/bt/share/bt/environment/path.dsv
[22.332s] -- Up-to-date: /home/denis/diploma_ws/install/bt/share/bt/local_setup.bash
[22.333s] -- Up-to-date: /home/denis/diploma_ws/install/bt/share/bt/local_setup.sh
[22.335s] -- Up-to-date: /home/denis/diploma_ws/install/bt/share/bt/local_setup.zsh
[22.335s] -- Installing: /home/denis/diploma_ws/install/bt/share/bt/local_setup.dsv
[22.335s] -- Installing: /home/denis/diploma_ws/install/bt/share/bt/package.dsv
[22.335s] -- Up-to-date: /home/denis/diploma_ws/install/bt/share/ament_index/resource_index/packages/bt
[22.336s] -- Up-to-date: /home/denis/diploma_ws/install/bt/share/bt/cmake/btConfig.cmake
[22.336s] -- Up-to-date: /home/denis/diploma_ws/install/bt/share/bt/cmake/btConfig-version.cmake
[22.336s] -- Up-to-date: /home/denis/diploma_ws/install/bt/share/bt/package.xml
[22.348s] Invoked command in '/home/denis/diploma_ws/build/bt' returned '0': CMAKE_PREFIX_PATH=/home/denis/diploma_ws/install/dms_interfaces:/home/denis/diploma_ws/install/behaviortree_cpp_v3:/home/denis/diploma_ws/install/turtlebot3_simulations:/home/denis/diploma_ws/install/turtlebot3_navigation2:/home/denis/diploma_ws/install/turtlebot3_gazebo:/home/denis/diploma_ws/install/turtlebot3_fake_node:/home/denis/diploma_ws/install/ssu:/home/denis/diploma_ws/install/nspu:/home/denis/diploma_ws/install/nav2_bringup:/home/denis/diploma_ws/install/groot:/home/denis/diploma_ws/install/fsu:/home/denis/diploma_ws/install/csu:/home/denis/diploma_ws/install/bt:/home/denis/diploma_ws/install/bsu:/home/denis/diploma_ws/install/btcpp_ros2_samples:/home/denis/diploma_ws/install/btcpp_ros2_interfaces:/home/denis/diploma_ws/install/behaviortree_ros2:/home/denis/diploma_ws/install/behaviortree_cpp:/opt/ros/humble LD_LIBRARY_PATH=/home/denis/diploma_ws/install/dms_interfaces/lib:/home/denis/diploma_ws/install/behaviortree_cpp_v3/lib:/home/denis/diploma_ws/install/groot/lib:/home/denis/diploma_ws/install/btcpp_ros2_interfaces/lib:/home/denis/diploma_ws/install/behaviortree_cpp/lib:/usr/lib/x86_64-linux-gnu/gazebo-11/plugins:/opt/ros/humble/opt/rviz_ogre_vendor/lib:/opt/ros/humble/lib/x86_64-linux-gnu:/opt/ros/humble/lib /usr/bin/cmake --install /home/denis/diploma_ws/build/bt
