[100%] Built target navigation_services_provider_unit
-- Install configuration: ""
-- Up-to-date: /home/denis/diploma_ws/install/nspu/lib/nspu/navigation_services_provider_unit
-- Up-to-date: /home/denis/diploma_ws/install/nspu/share/nspu/launch
-- Up-to-date: /home/denis/diploma_ws/install/nspu/share/nspu/launch/navigation_services_provider_unit.launch.py
-- Up-to-date: /home/denis/diploma_ws/install/nspu/share/ament_index/resource_index/package_run_dependencies/nspu
-- Up-to-date: /home/denis/diploma_ws/install/nspu/share/ament_index/resource_index/parent_prefix_path/nspu
-- Up-to-date: /home/denis/diploma_ws/install/nspu/share/nspu/environment/ament_prefix_path.sh
-- Up-to-date: /home/denis/diploma_ws/install/nspu/share/nspu/environment/ament_prefix_path.dsv
-- Up-to-date: /home/denis/diploma_ws/install/nspu/share/nspu/environment/path.sh
-- Up-to-date: /home/denis/diploma_ws/install/nspu/share/nspu/environment/path.dsv
-- Up-to-date: /home/denis/diploma_ws/install/nspu/share/nspu/local_setup.bash
-- Up-to-date: /home/denis/diploma_ws/install/nspu/share/nspu/local_setup.sh
-- Up-to-date: /home/denis/diploma_ws/install/nspu/share/nspu/local_setup.zsh
-- Up-to-date: /home/denis/diploma_ws/install/nspu/share/nspu/local_setup.dsv
-- Installing: /home/denis/diploma_ws/install/nspu/share/nspu/package.dsv
-- Up-to-date: /home/denis/diploma_ws/install/nspu/share/ament_index/resource_index/packages/nspu
-- Up-to-date: /home/denis/diploma_ws/install/nspu/share/nspu/cmake/nspuConfig.cmake
-- Up-to-date: /home/denis/diploma_ws/install/nspu/share/nspu/cmake/nspuConfig-version.cmake
-- Up-to-date: /home/denis/diploma_ws/install/nspu/share/nspu/package.xml
