[0.042s] Invoking command in '/home/denis/diploma_ws/build/bt': CMAKE_PREFIX_PATH=/home/denis/diploma_ws/install/behaviortree_cpp_v3:/home/denis/diploma_ws/install/turtlebot3_simulations:/home/denis/diploma_ws/install/turtlebot3_navigation2:/home/denis/diploma_ws/install/turtlebot3_gazebo:/home/denis/diploma_ws/install/turtlebot3_fake_node:/home/denis/diploma_ws/install/ssu:/home/denis/diploma_ws/install/nav2_bringup:/home/denis/diploma_ws/install/groot:/home/denis/diploma_ws/install/fsu:/home/denis/diploma_ws/install/csu:/home/denis/diploma_ws/install/dms_interfaces:/home/denis/diploma_ws/install/btcpp_ros2_samples:/home/denis/diploma_ws/install/btcpp_ros2_interfaces:/home/denis/diploma_ws/install/bt:/home/denis/diploma_ws/install/behaviortree_ros2:/home/denis/diploma_ws/install/behaviortree_cpp:/opt/ros/humble LD_LIBRARY_PATH=/home/denis/diploma_ws/install/behaviortree_cpp_v3/lib:/home/denis/diploma_ws/install/groot/lib:/home/denis/diploma_ws/install/dms_interfaces/lib:/home/denis/diploma_ws/install/btcpp_ros2_interfaces/lib:/home/denis/diploma_ws/install/behaviortree_cpp/lib:/usr/lib/x86_64-linux-gnu/gazebo-11/plugins:/opt/ros/humble/opt/rviz_ogre_vendor/lib:/opt/ros/humble/lib/x86_64-linux-gnu:/opt/ros/humble/lib /usr/bin/cmake --build /home/denis/diploma_ws/build/bt -- -j4 -l4
[0.218s] [ 50%] Built target lidar_bt
[0.226s] [100%] Built target imu_bt
[0.259s] Invoked command in '/home/denis/diploma_ws/build/bt' returned '0': CMAKE_PREFIX_PATH=/home/denis/diploma_ws/install/behaviortree_cpp_v3:/home/denis/diploma_ws/install/turtlebot3_simulations:/home/denis/diploma_ws/install/turtlebot3_navigation2:/home/denis/diploma_ws/install/turtlebot3_gazebo:/home/denis/diploma_ws/install/turtlebot3_fake_node:/home/denis/diploma_ws/install/ssu:/home/denis/diploma_ws/install/nav2_bringup:/home/denis/diploma_ws/install/groot:/home/denis/diploma_ws/install/fsu:/home/denis/diploma_ws/install/csu:/home/denis/diploma_ws/install/dms_interfaces:/home/denis/diploma_ws/install/btcpp_ros2_samples:/home/denis/diploma_ws/install/btcpp_ros2_interfaces:/home/denis/diploma_ws/install/bt:/home/denis/diploma_ws/install/behaviortree_ros2:/home/denis/diploma_ws/install/behaviortree_cpp:/opt/ros/humble LD_LIBRARY_PATH=/home/denis/diploma_ws/install/behaviortree_cpp_v3/lib:/home/denis/diploma_ws/install/groot/lib:/home/denis/diploma_ws/install/dms_interfaces/lib:/home/denis/diploma_ws/install/btcpp_ros2_interfaces/lib:/home/denis/diploma_ws/install/behaviortree_cpp/lib:/usr/lib/x86_64-linux-gnu/gazebo-11/plugins:/opt/ros/humble/opt/rviz_ogre_vendor/lib:/opt/ros/humble/lib/x86_64-linux-gnu:/opt/ros/humble/lib /usr/bin/cmake --build /home/denis/diploma_ws/build/bt -- -j4 -l4
[0.352s] Invoking command in '/home/denis/diploma_ws/build/bt': CMAKE_PREFIX_PATH=/home/denis/diploma_ws/install/behaviortree_cpp_v3:/home/denis/diploma_ws/install/turtlebot3_simulations:/home/denis/diploma_ws/install/turtlebot3_navigation2:/home/denis/diploma_ws/install/turtlebot3_gazebo:/home/denis/diploma_ws/install/turtlebot3_fake_node:/home/denis/diploma_ws/install/ssu:/home/denis/diploma_ws/install/nav2_bringup:/home/denis/diploma_ws/install/groot:/home/denis/diploma_ws/install/fsu:/home/denis/diploma_ws/install/csu:/home/denis/diploma_ws/install/dms_interfaces:/home/denis/diploma_ws/install/btcpp_ros2_samples:/home/denis/diploma_ws/install/btcpp_ros2_interfaces:/home/denis/diploma_ws/install/bt:/home/denis/diploma_ws/install/behaviortree_ros2:/home/denis/diploma_ws/install/behaviortree_cpp:/opt/ros/humble LD_LIBRARY_PATH=/home/denis/diploma_ws/install/behaviortree_cpp_v3/lib:/home/denis/diploma_ws/install/groot/lib:/home/denis/diploma_ws/install/dms_interfaces/lib:/home/denis/diploma_ws/install/btcpp_ros2_interfaces/lib:/home/denis/diploma_ws/install/behaviortree_cpp/lib:/usr/lib/x86_64-linux-gnu/gazebo-11/plugins:/opt/ros/humble/opt/rviz_ogre_vendor/lib:/opt/ros/humble/lib/x86_64-linux-gnu:/opt/ros/humble/lib /usr/bin/cmake --install /home/denis/diploma_ws/build/bt
[0.373s] -- Install configuration: ""
[0.373s] -- Up-to-date: /home/denis/diploma_ws/install/bt/lib/bt/lidar_bt
[0.374s] -- Up-to-date: /home/denis/diploma_ws/install/bt/lib/bt/imu_bt
[0.387s] -- Up-to-date: /home/denis/diploma_ws/install/bt/share/bt/resources
[0.388s] -- Up-to-date: /home/denis/diploma_ws/install/bt/share/bt/resources/imu_bt.xml
[0.388s] -- Up-to-date: /home/denis/diploma_ws/install/bt/share/bt/resources/lidar_bt.xml
[0.389s] -- Up-to-date: /home/denis/diploma_ws/install/bt/share/bt/launch
[0.389s] -- Up-to-date: /home/denis/diploma_ws/install/bt/share/bt/launch/lidar_bt.launch.py
[0.389s] -- Up-to-date: /home/denis/diploma_ws/install/bt/share/bt/launch/imu_bt.launch.py
[0.389s] -- Up-to-date: /home/denis/diploma_ws/install/bt/share/ament_index/resource_index/package_run_dependencies/bt
[0.390s] -- Up-to-date: /home/denis/diploma_ws/install/bt/share/ament_index/resource_index/parent_prefix_path/bt
[0.390s] -- Up-to-date: /home/denis/diploma_ws/install/bt/share/bt/environment/ament_prefix_path.sh
[0.390s] -- Up-to-date: /home/denis/diploma_ws/install/bt/share/bt/environment/ament_prefix_path.dsv
[0.391s] -- Up-to-date: /home/denis/diploma_ws/install/bt/share/bt/environment/path.sh
[0.391s] -- Up-to-date: /home/denis/diploma_ws/install/bt/share/bt/environment/path.dsv
[0.391s] -- Up-to-date: /home/denis/diploma_ws/install/bt/share/bt/local_setup.bash
[0.391s] -- Up-to-date: /home/denis/diploma_ws/install/bt/share/bt/local_setup.sh
[0.391s] -- Up-to-date: /home/denis/diploma_ws/install/bt/share/bt/local_setup.zsh
[0.392s] -- Up-to-date: /home/denis/diploma_ws/install/bt/share/bt/local_setup.dsv
[0.392s] -- Installing: /home/denis/diploma_ws/install/bt/share/bt/package.dsv
[0.394s] -- Up-to-date: /home/denis/diploma_ws/install/bt/share/ament_index/resource_index/packages/bt
[0.394s] -- Up-to-date: /home/denis/diploma_ws/install/bt/share/bt/cmake/btConfig.cmake
[0.394s] -- Up-to-date: /home/denis/diploma_ws/install/bt/share/bt/cmake/btConfig-version.cmake
[0.395s] -- Up-to-date: /home/denis/diploma_ws/install/bt/share/bt/package.xml
[0.401s] Invoked command in '/home/denis/diploma_ws/build/bt' returned '0': CMAKE_PREFIX_PATH=/home/denis/diploma_ws/install/behaviortree_cpp_v3:/home/denis/diploma_ws/install/turtlebot3_simulations:/home/denis/diploma_ws/install/turtlebot3_navigation2:/home/denis/diploma_ws/install/turtlebot3_gazebo:/home/denis/diploma_ws/install/turtlebot3_fake_node:/home/denis/diploma_ws/install/ssu:/home/denis/diploma_ws/install/nav2_bringup:/home/denis/diploma_ws/install/groot:/home/denis/diploma_ws/install/fsu:/home/denis/diploma_ws/install/csu:/home/denis/diploma_ws/install/dms_interfaces:/home/denis/diploma_ws/install/btcpp_ros2_samples:/home/denis/diploma_ws/install/btcpp_ros2_interfaces:/home/denis/diploma_ws/install/bt:/home/denis/diploma_ws/install/behaviortree_ros2:/home/denis/diploma_ws/install/behaviortree_cpp:/opt/ros/humble LD_LIBRARY_PATH=/home/denis/diploma_ws/install/behaviortree_cpp_v3/lib:/home/denis/diploma_ws/install/groot/lib:/home/denis/diploma_ws/install/dms_interfaces/lib:/home/denis/diploma_ws/install/btcpp_ros2_interfaces/lib:/home/denis/diploma_ws/install/behaviortree_cpp/lib:/usr/lib/x86_64-linux-gnu/gazebo-11/plugins:/opt/ros/humble/opt/rviz_ogre_vendor/lib:/opt/ros/humble/lib/x86_64-linux-gnu:/opt/ros/humble/lib /usr/bin/cmake --install /home/denis/diploma_ws/build/bt
