[0.090s] Invoking command in '/home/denis/diploma_ws/build/ssu': CMAKE_PREFIX_PATH=${CMAKE_PREFIX_PATH}:/opt/ros/humble /usr/bin/cmake --build /home/denis/diploma_ws/build/ssu -- -j4 -l4
[0.140s] Invoked command in '/home/denis/diploma_ws/build/ssu' returned '0': CMAKE_PREFIX_PATH=${CMAKE_PREFIX_PATH}:/opt/ros/humble /usr/bin/cmake --build /home/denis/diploma_ws/build/ssu -- -j4 -l4
[0.203s] Invoking command in '/home/denis/diploma_ws/build/ssu': CMAKE_PREFIX_PATH=${CMAKE_PREFIX_PATH}:/opt/ros/humble /usr/bin/cmake --install /home/denis/diploma_ws/build/ssu
[0.218s] -- Install configuration: ""
[0.219s] -- Up-to-date: /home/denis/diploma_ws/install/ssu/share/ament_index/resource_index/package_run_dependencies/ssu
[0.220s] -- Up-to-date: /home/denis/diploma_ws/install/ssu/share/ament_index/resource_index/parent_prefix_path/ssu
[0.220s] -- Up-to-date: /home/denis/diploma_ws/install/ssu/share/ssu/environment/ament_prefix_path.sh
[0.221s] -- Up-to-date: /home/denis/diploma_ws/install/ssu/share/ssu/environment/ament_prefix_path.dsv
[0.221s] -- Up-to-date: /home/denis/diploma_ws/install/ssu/share/ssu/environment/path.sh
[0.222s] -- Up-to-date: /home/denis/diploma_ws/install/ssu/share/ssu/environment/path.dsv
[0.222s] -- Up-to-date: /home/denis/diploma_ws/install/ssu/share/ssu/local_setup.bash
[0.224s] -- Up-to-date: /home/denis/diploma_ws/install/ssu/share/ssu/local_setup.sh
[0.224s] -- Up-to-date: /home/denis/diploma_ws/install/ssu/share/ssu/local_setup.zsh
[0.224s] -- Up-to-date: /home/denis/diploma_ws/install/ssu/share/ssu/local_setup.dsv
[0.225s] -- Installing: /home/denis/diploma_ws/install/ssu/share/ssu/package.dsv
[0.226s] -- Up-to-date: /home/denis/diploma_ws/install/ssu/share/ament_index/resource_index/packages/ssu
[0.227s] -- Up-to-date: /home/denis/diploma_ws/install/ssu/share/ssu/cmake/ssuConfig.cmake
[0.227s] -- Up-to-date: /home/denis/diploma_ws/install/ssu/share/ssu/cmake/ssuConfig-version.cmake
[0.227s] -- Up-to-date: /home/denis/diploma_ws/install/ssu/share/ssu/package.xml
[0.242s] Invoked command in '/home/denis/diploma_ws/build/ssu' returned '0': CMAKE_PREFIX_PATH=${CMAKE_PREFIX_PATH}:/opt/ros/humble /usr/bin/cmake --install /home/denis/diploma_ws/build/ssu
