[35m[1mConsolidate compiler generated dependencies of target sleep_client[0m
[35m[1mConsolidate compiler generated dependencies of target sleep_plugin[0m
[35m[1mConsolidate compiler generated dependencies of target sleep_server[0m
[35m[1mConsolidate compiler generated dependencies of target subscriber_test[0m
[ 18%] Built target sleep_plugin
[ 45%] Built target sleep_client
[ 63%] Built target sleep_server
[35m[1mConsolidate compiler generated dependencies of target sleep_client_dyn[0m
[ 81%] Built target subscriber_test
[100%] Built target sleep_client_dyn
-- Install configuration: ""
-- Up-to-date: /home/denis/diploma_ws/install/btcpp_ros2_samples/lib/btcpp_ros2_samples/sleep_client
-- Up-to-date: /home/denis/diploma_ws/install/btcpp_ros2_samples/lib/btcpp_ros2_samples/sleep_client_dyn
-- Up-to-date: /home/denis/diploma_ws/install/btcpp_ros2_samples/lib/btcpp_ros2_samples/sleep_server
-- Up-to-date: /home/denis/diploma_ws/install/btcpp_ros2_samples/lib/btcpp_ros2_samples/libsleep_plugin.so
-- Up-to-date: /home/denis/diploma_ws/install/btcpp_ros2_samples/lib/btcpp_ros2_samples/subscriber_test
-- Up-to-date: /home/denis/diploma_ws/install/btcpp_ros2_samples/share/btcpp_ros2_samples/bt_plugins/libsleep_plugin.so
-- Up-to-date: /home/denis/diploma_ws/install/btcpp_ros2_samples/share/ament_index/resource_index/package_run_dependencies/btcpp_ros2_samples
-- Up-to-date: /home/denis/diploma_ws/install/btcpp_ros2_samples/share/ament_index/resource_index/parent_prefix_path/btcpp_ros2_samples
-- Up-to-date: /home/denis/diploma_ws/install/btcpp_ros2_samples/share/btcpp_ros2_samples/environment/ament_prefix_path.sh
-- Up-to-date: /home/denis/diploma_ws/install/btcpp_ros2_samples/share/btcpp_ros2_samples/environment/ament_prefix_path.dsv
-- Up-to-date: /home/denis/diploma_ws/install/btcpp_ros2_samples/share/btcpp_ros2_samples/environment/path.sh
-- Up-to-date: /home/denis/diploma_ws/install/btcpp_ros2_samples/share/btcpp_ros2_samples/environment/path.dsv
-- Up-to-date: /home/denis/diploma_ws/install/btcpp_ros2_samples/share/btcpp_ros2_samples/local_setup.bash
-- Up-to-date: /home/denis/diploma_ws/install/btcpp_ros2_samples/share/btcpp_ros2_samples/local_setup.sh
-- Up-to-date: /home/denis/diploma_ws/install/btcpp_ros2_samples/share/btcpp_ros2_samples/local_setup.zsh
-- Up-to-date: /home/denis/diploma_ws/install/btcpp_ros2_samples/share/btcpp_ros2_samples/local_setup.dsv
-- Installing: /home/denis/diploma_ws/install/btcpp_ros2_samples/share/btcpp_ros2_samples/package.dsv
-- Up-to-date: /home/denis/diploma_ws/install/btcpp_ros2_samples/share/ament_index/resource_index/packages/btcpp_ros2_samples
-- Up-to-date: /home/denis/diploma_ws/install/btcpp_ros2_samples/share/btcpp_ros2_samples/cmake/ament_cmake_export_dependencies-extras.cmake
-- Up-to-date: /home/denis/diploma_ws/install/btcpp_ros2_samples/share/btcpp_ros2_samples/cmake/btcpp_ros2_samplesConfig.cmake
-- Up-to-date: /home/denis/diploma_ws/install/btcpp_ros2_samples/share/btcpp_ros2_samples/cmake/btcpp_ros2_samplesConfig-version.cmake
-- Up-to-date: /home/denis/diploma_ws/install/btcpp_ros2_samples/share/btcpp_ros2_samples/package.xml
