[0.031s] Invoking command in '/home/denis/diploma_ws/build/btcpp_ros2_samples': AMENT_PREFIX_PATH=/home/denis/diploma_ws/install/behaviortree_ros2:/home/denis/diploma_ws/install/btcpp_ros2_interfaces:${AMENT_PREFIX_PATH} CMAKE_PREFIX_PATH=/home/denis/diploma_ws/install/behaviortree_ros2:/home/denis/diploma_ws/install/btcpp_ros2_interfaces:/home/denis/diploma_ws/install/behaviortree_cpp:/home/denis/diploma_ws/install/turtlebot3_navigation2:/home/denis/diploma_ws/install/turtlebot3_simulations:/home/denis/diploma_ws/install/turtlebot3_gazebo:/home/denis/diploma_ws/install/turtlebot3_fake_node:/home/denis/diploma_ws/install/ssu:/home/denis/diploma_ws/install/fsu:/home/denis/diploma_ws/install/csu:/home/denis/diploma_ws/install/bt:/opt/ros/humble LD_LIBRARY_PATH=/home/denis/diploma_ws/install/btcpp_ros2_interfaces/lib:${LD_LIBRARY_PATH} PYTHONPATH=/home/denis/diploma_ws/install/btcpp_ros2_interfaces/local/lib/python3.10/dist-packages:${PYTHONPATH} /usr/bin/cmake --build /home/denis/diploma_ws/build/btcpp_ros2_samples -- -j4 -l4
[0.122s] [35m[1mConsolidate compiler generated dependencies of target sleep_client[0m
[0.124s] [35m[1mConsolidate compiler generated dependencies of target sleep_plugin[0m
[0.126s] [35m[1mConsolidate compiler generated dependencies of target sleep_server[0m
[0.147s] [35m[1mConsolidate compiler generated dependencies of target subscriber_test[0m
[0.188s] [ 18%] Built target sleep_plugin
[0.204s] [ 45%] Built target sleep_client
[0.214s] [ 63%] Built target sleep_server
[0.227s] [35m[1mConsolidate compiler generated dependencies of target sleep_client_dyn[0m
[0.237s] [ 81%] Built target subscriber_test
[0.268s] [100%] Built target sleep_client_dyn
[0.286s] Invoked command in '/home/denis/diploma_ws/build/btcpp_ros2_samples' returned '0': AMENT_PREFIX_PATH=/home/denis/diploma_ws/install/behaviortree_ros2:/home/denis/diploma_ws/install/btcpp_ros2_interfaces:${AMENT_PREFIX_PATH} CMAKE_PREFIX_PATH=/home/denis/diploma_ws/install/behaviortree_ros2:/home/denis/diploma_ws/install/btcpp_ros2_interfaces:/home/denis/diploma_ws/install/behaviortree_cpp:/home/denis/diploma_ws/install/turtlebot3_navigation2:/home/denis/diploma_ws/install/turtlebot3_simulations:/home/denis/diploma_ws/install/turtlebot3_gazebo:/home/denis/diploma_ws/install/turtlebot3_fake_node:/home/denis/diploma_ws/install/ssu:/home/denis/diploma_ws/install/fsu:/home/denis/diploma_ws/install/csu:/home/denis/diploma_ws/install/bt:/opt/ros/humble LD_LIBRARY_PATH=/home/denis/diploma_ws/install/btcpp_ros2_interfaces/lib:${LD_LIBRARY_PATH} PYTHONPATH=/home/denis/diploma_ws/install/btcpp_ros2_interfaces/local/lib/python3.10/dist-packages:${PYTHONPATH} /usr/bin/cmake --build /home/denis/diploma_ws/build/btcpp_ros2_samples -- -j4 -l4
[0.355s] Invoking command in '/home/denis/diploma_ws/build/btcpp_ros2_samples': AMENT_PREFIX_PATH=/home/denis/diploma_ws/install/behaviortree_ros2:/home/denis/diploma_ws/install/btcpp_ros2_interfaces:${AMENT_PREFIX_PATH} CMAKE_PREFIX_PATH=/home/denis/diploma_ws/install/behaviortree_ros2:/home/denis/diploma_ws/install/btcpp_ros2_interfaces:/home/denis/diploma_ws/install/behaviortree_cpp:/home/denis/diploma_ws/install/turtlebot3_navigation2:/home/denis/diploma_ws/install/turtlebot3_simulations:/home/denis/diploma_ws/install/turtlebot3_gazebo:/home/denis/diploma_ws/install/turtlebot3_fake_node:/home/denis/diploma_ws/install/ssu:/home/denis/diploma_ws/install/fsu:/home/denis/diploma_ws/install/csu:/home/denis/diploma_ws/install/bt:/opt/ros/humble LD_LIBRARY_PATH=/home/denis/diploma_ws/install/btcpp_ros2_interfaces/lib:${LD_LIBRARY_PATH} PYTHONPATH=/home/denis/diploma_ws/install/btcpp_ros2_interfaces/local/lib/python3.10/dist-packages:${PYTHONPATH} /usr/bin/cmake --install /home/denis/diploma_ws/build/btcpp_ros2_samples
[0.368s] -- Install configuration: ""
[0.368s] -- Up-to-date: /home/denis/diploma_ws/install/btcpp_ros2_samples/lib/btcpp_ros2_samples/sleep_client
[0.369s] -- Up-to-date: /home/denis/diploma_ws/install/btcpp_ros2_samples/lib/btcpp_ros2_samples/sleep_client_dyn
[0.370s] -- Up-to-date: /home/denis/diploma_ws/install/btcpp_ros2_samples/lib/btcpp_ros2_samples/sleep_server
[0.371s] -- Up-to-date: /home/denis/diploma_ws/install/btcpp_ros2_samples/lib/btcpp_ros2_samples/libsleep_plugin.so
[0.371s] -- Up-to-date: /home/denis/diploma_ws/install/btcpp_ros2_samples/lib/btcpp_ros2_samples/subscriber_test
[0.372s] -- Up-to-date: /home/denis/diploma_ws/install/btcpp_ros2_samples/share/btcpp_ros2_samples/bt_plugins/libsleep_plugin.so
[0.373s] -- Up-to-date: /home/denis/diploma_ws/install/btcpp_ros2_samples/share/ament_index/resource_index/package_run_dependencies/btcpp_ros2_samples
[0.373s] -- Up-to-date: /home/denis/diploma_ws/install/btcpp_ros2_samples/share/ament_index/resource_index/parent_prefix_path/btcpp_ros2_samples
[0.373s] -- Up-to-date: /home/denis/diploma_ws/install/btcpp_ros2_samples/share/btcpp_ros2_samples/environment/ament_prefix_path.sh
[0.374s] -- Up-to-date: /home/denis/diploma_ws/install/btcpp_ros2_samples/share/btcpp_ros2_samples/environment/ament_prefix_path.dsv
[0.374s] -- Up-to-date: /home/denis/diploma_ws/install/btcpp_ros2_samples/share/btcpp_ros2_samples/environment/path.sh
[0.374s] -- Up-to-date: /home/denis/diploma_ws/install/btcpp_ros2_samples/share/btcpp_ros2_samples/environment/path.dsv
[0.374s] -- Up-to-date: /home/denis/diploma_ws/install/btcpp_ros2_samples/share/btcpp_ros2_samples/local_setup.bash
[0.375s] -- Up-to-date: /home/denis/diploma_ws/install/btcpp_ros2_samples/share/btcpp_ros2_samples/local_setup.sh
[0.375s] -- Up-to-date: /home/denis/diploma_ws/install/btcpp_ros2_samples/share/btcpp_ros2_samples/local_setup.zsh
[0.375s] -- Up-to-date: /home/denis/diploma_ws/install/btcpp_ros2_samples/share/btcpp_ros2_samples/local_setup.dsv
[0.375s] -- Installing: /home/denis/diploma_ws/install/btcpp_ros2_samples/share/btcpp_ros2_samples/package.dsv
[0.375s] -- Up-to-date: /home/denis/diploma_ws/install/btcpp_ros2_samples/share/ament_index/resource_index/packages/btcpp_ros2_samples
[0.375s] -- Up-to-date: /home/denis/diploma_ws/install/btcpp_ros2_samples/share/btcpp_ros2_samples/cmake/ament_cmake_export_dependencies-extras.cmake
[0.375s] -- Up-to-date: /home/denis/diploma_ws/install/btcpp_ros2_samples/share/btcpp_ros2_samples/cmake/btcpp_ros2_samplesConfig.cmake
[0.376s] -- Up-to-date: /home/denis/diploma_ws/install/btcpp_ros2_samples/share/btcpp_ros2_samples/cmake/btcpp_ros2_samplesConfig-version.cmake
[0.376s] -- Up-to-date: /home/denis/diploma_ws/install/btcpp_ros2_samples/share/btcpp_ros2_samples/package.xml
[0.379s] Invoked command in '/home/denis/diploma_ws/build/btcpp_ros2_samples' returned '0': AMENT_PREFIX_PATH=/home/denis/diploma_ws/install/behaviortree_ros2:/home/denis/diploma_ws/install/btcpp_ros2_interfaces:${AMENT_PREFIX_PATH} CMAKE_PREFIX_PATH=/home/denis/diploma_ws/install/behaviortree_ros2:/home/denis/diploma_ws/install/btcpp_ros2_interfaces:/home/denis/diploma_ws/install/behaviortree_cpp:/home/denis/diploma_ws/install/turtlebot3_navigation2:/home/denis/diploma_ws/install/turtlebot3_simulations:/home/denis/diploma_ws/install/turtlebot3_gazebo:/home/denis/diploma_ws/install/turtlebot3_fake_node:/home/denis/diploma_ws/install/ssu:/home/denis/diploma_ws/install/fsu:/home/denis/diploma_ws/install/csu:/home/denis/diploma_ws/install/bt:/opt/ros/humble LD_LIBRARY_PATH=/home/denis/diploma_ws/install/btcpp_ros2_interfaces/lib:${LD_LIBRARY_PATH} PYTHONPATH=/home/denis/diploma_ws/install/btcpp_ros2_interfaces/local/lib/python3.10/dist-packages:${PYTHONPATH} /usr/bin/cmake --install /home/denis/diploma_ws/build/btcpp_ros2_samples
