[0.034s] Invoking command in '/home/denis/diploma_ws/build/btcpp_ros2_samples': AMENT_PREFIX_PATH=/home/denis/diploma_ws/install/behaviortree_ros2:/home/denis/diploma_ws/install/btcpp_ros2_interfaces:/home/denis/diploma_ws/install/behaviortree_cpp:${AMENT_PREFIX_PATH} CMAKE_PREFIX_PATH=/home/denis/diploma_ws/install/behaviortree_ros2:/home/denis/diploma_ws/install/btcpp_ros2_interfaces:/home/denis/diploma_ws/install/behaviortree_cpp:/opt/ros/humble LD_LIBRARY_PATH=/home/denis/diploma_ws/install/btcpp_ros2_interfaces/lib:/home/denis/diploma_ws/install/behaviortree_cpp/lib:${LD_LIBRARY_PATH} PATH=/home/denis/diploma_ws/install/behaviortree_cpp/bin:${PATH} PYTHONPATH=/home/denis/diploma_ws/install/btcpp_ros2_interfaces/local/lib/python3.10/dist-packages:${PYTHONPATH} /usr/bin/cmake --build /home/denis/diploma_ws/build/btcpp_ros2_samples -- -j4 -l4
[0.202s] [ 18%] Built target sleep_plugin
[0.222s] [ 45%] Built target sleep_client
[0.232s] [ 63%] Built target sleep_server
[0.251s] [ 81%] Built target subscriber_test
[0.287s] [100%] Built target sleep_client_dyn
[0.309s] Invoked command in '/home/denis/diploma_ws/build/btcpp_ros2_samples' returned '0': AMENT_PREFIX_PATH=/home/denis/diploma_ws/install/behaviortree_ros2:/home/denis/diploma_ws/install/btcpp_ros2_interfaces:/home/denis/diploma_ws/install/behaviortree_cpp:${AMENT_PREFIX_PATH} CMAKE_PREFIX_PATH=/home/denis/diploma_ws/install/behaviortree_ros2:/home/denis/diploma_ws/install/btcpp_ros2_interfaces:/home/denis/diploma_ws/install/behaviortree_cpp:/opt/ros/humble LD_LIBRARY_PATH=/home/denis/diploma_ws/install/btcpp_ros2_interfaces/lib:/home/denis/diploma_ws/install/behaviortree_cpp/lib:${LD_LIBRARY_PATH} PATH=/home/denis/diploma_ws/install/behaviortree_cpp/bin:${PATH} PYTHONPATH=/home/denis/diploma_ws/install/btcpp_ros2_interfaces/local/lib/python3.10/dist-packages:${PYTHONPATH} /usr/bin/cmake --build /home/denis/diploma_ws/build/btcpp_ros2_samples -- -j4 -l4
[0.382s] Invoking command in '/home/denis/diploma_ws/build/btcpp_ros2_samples': AMENT_PREFIX_PATH=/home/denis/diploma_ws/install/behaviortree_ros2:/home/denis/diploma_ws/install/btcpp_ros2_interfaces:/home/denis/diploma_ws/install/behaviortree_cpp:${AMENT_PREFIX_PATH} CMAKE_PREFIX_PATH=/home/denis/diploma_ws/install/behaviortree_ros2:/home/denis/diploma_ws/install/btcpp_ros2_interfaces:/home/denis/diploma_ws/install/behaviortree_cpp:/opt/ros/humble LD_LIBRARY_PATH=/home/denis/diploma_ws/install/btcpp_ros2_interfaces/lib:/home/denis/diploma_ws/install/behaviortree_cpp/lib:${LD_LIBRARY_PATH} PATH=/home/denis/diploma_ws/install/behaviortree_cpp/bin:${PATH} PYTHONPATH=/home/denis/diploma_ws/install/btcpp_ros2_interfaces/local/lib/python3.10/dist-packages:${PYTHONPATH} /usr/bin/cmake --install /home/denis/diploma_ws/build/btcpp_ros2_samples
[0.401s] -- Install configuration: ""
[0.404s] -- Up-to-date: /home/denis/diploma_ws/install/btcpp_ros2_samples/lib/btcpp_ros2_samples/sleep_client
[0.406s] -- Up-to-date: /home/denis/diploma_ws/install/btcpp_ros2_samples/lib/btcpp_ros2_samples/sleep_client_dyn
[0.407s] -- Up-to-date: /home/denis/diploma_ws/install/btcpp_ros2_samples/lib/btcpp_ros2_samples/sleep_server
[0.409s] -- Up-to-date: /home/denis/diploma_ws/install/btcpp_ros2_samples/lib/btcpp_ros2_samples/libsleep_plugin.so
[0.411s] -- Up-to-date: /home/denis/diploma_ws/install/btcpp_ros2_samples/lib/btcpp_ros2_samples/subscriber_test
[0.413s] -- Up-to-date: /home/denis/diploma_ws/install/btcpp_ros2_samples/share/btcpp_ros2_samples/bt_plugins/libsleep_plugin.so
[0.414s] -- Up-to-date: /home/denis/diploma_ws/install/btcpp_ros2_samples/share/ament_index/resource_index/package_run_dependencies/btcpp_ros2_samples
[0.414s] -- Up-to-date: /home/denis/diploma_ws/install/btcpp_ros2_samples/share/ament_index/resource_index/parent_prefix_path/btcpp_ros2_samples
[0.415s] -- Up-to-date: /home/denis/diploma_ws/install/btcpp_ros2_samples/share/btcpp_ros2_samples/environment/ament_prefix_path.sh
[0.415s] -- Up-to-date: /home/denis/diploma_ws/install/btcpp_ros2_samples/share/btcpp_ros2_samples/environment/ament_prefix_path.dsv
[0.415s] -- Up-to-date: /home/denis/diploma_ws/install/btcpp_ros2_samples/share/btcpp_ros2_samples/environment/path.sh
[0.415s] -- Up-to-date: /home/denis/diploma_ws/install/btcpp_ros2_samples/share/btcpp_ros2_samples/environment/path.dsv
[0.416s] -- Up-to-date: /home/denis/diploma_ws/install/btcpp_ros2_samples/share/btcpp_ros2_samples/local_setup.bash
[0.416s] -- Up-to-date: /home/denis/diploma_ws/install/btcpp_ros2_samples/share/btcpp_ros2_samples/local_setup.sh
[0.416s] -- Up-to-date: /home/denis/diploma_ws/install/btcpp_ros2_samples/share/btcpp_ros2_samples/local_setup.zsh
[0.416s] -- Up-to-date: /home/denis/diploma_ws/install/btcpp_ros2_samples/share/btcpp_ros2_samples/local_setup.dsv
[0.417s] -- Installing: /home/denis/diploma_ws/install/btcpp_ros2_samples/share/btcpp_ros2_samples/package.dsv
[0.417s] -- Up-to-date: /home/denis/diploma_ws/install/btcpp_ros2_samples/share/ament_index/resource_index/packages/btcpp_ros2_samples
[0.417s] -- Up-to-date: /home/denis/diploma_ws/install/btcpp_ros2_samples/share/btcpp_ros2_samples/cmake/ament_cmake_export_dependencies-extras.cmake
[0.418s] -- Up-to-date: /home/denis/diploma_ws/install/btcpp_ros2_samples/share/btcpp_ros2_samples/cmake/btcpp_ros2_samplesConfig.cmake
[0.418s] -- Up-to-date: /home/denis/diploma_ws/install/btcpp_ros2_samples/share/btcpp_ros2_samples/cmake/btcpp_ros2_samplesConfig-version.cmake
[0.418s] -- Up-to-date: /home/denis/diploma_ws/install/btcpp_ros2_samples/share/btcpp_ros2_samples/package.xml
[0.422s] Invoked command in '/home/denis/diploma_ws/build/btcpp_ros2_samples' returned '0': AMENT_PREFIX_PATH=/home/denis/diploma_ws/install/behaviortree_ros2:/home/denis/diploma_ws/install/btcpp_ros2_interfaces:/home/denis/diploma_ws/install/behaviortree_cpp:${AMENT_PREFIX_PATH} CMAKE_PREFIX_PATH=/home/denis/diploma_ws/install/behaviortree_ros2:/home/denis/diploma_ws/install/btcpp_ros2_interfaces:/home/denis/diploma_ws/install/behaviortree_cpp:/opt/ros/humble LD_LIBRARY_PATH=/home/denis/diploma_ws/install/btcpp_ros2_interfaces/lib:/home/denis/diploma_ws/install/behaviortree_cpp/lib:${LD_LIBRARY_PATH} PATH=/home/denis/diploma_ws/install/behaviortree_cpp/bin:${PATH} PYTHONPATH=/home/denis/diploma_ws/install/btcpp_ros2_interfaces/local/lib/python3.10/dist-packages:${PYTHONPATH} /usr/bin/cmake --install /home/denis/diploma_ws/build/btcpp_ros2_samples
