[0.175s] DEBUG:colcon:Command line arguments: ['/usr/bin/colcon', 'build', '--packages-select', 'csu']
[0.175s] DEBUG:colcon:Parsed command line arguments: Namespace(log_base=None, log_level=None, verb_name='build', build_base='build', install_base='install', merge_install=False, symlink_install=False, test_result_base=None, continue_on_error=False, executor='parallel', parallel_workers=4, event_handlers=None, ignore_user_meta=False, metas=['./colcon.meta'], base_paths=['.'], packages_ignore=None, packages_ignore_regex=None, paths=None, packages_up_to=None, packages_up_to_regex=None, packages_above=None, packages_above_and_dependencies=None, packages_above_depth=None, packages_select_by_dep=None, packages_skip_by_dep=None, packages_skip_up_to=None, packages_select_build_failed=False, packages_skip_build_finished=False, packages_select_test_failures=False, packages_skip_test_passed=False, packages_select=['csu'], packages_skip=None, packages_select_regex=None, packages_skip_regex=None, packages_start=None, packages_end=None, allow_overriding=[], cmake_args=None, cmake_target=None, cmake_target_skip_unavailable=False, cmake_clean_cache=False, cmake_clean_first=False, cmake_force_configure=False, ament_cmake_args=None, catkin_cmake_args=None, catkin_skip_building_tests=False, verb_parser=<colcon_defaults.argument_parser.defaults.DefaultArgumentsDecorator object at 0x7b5f40a50af0>, verb_extension=<colcon_core.verb.build.BuildVerb object at 0x7b5f40a50580>, main=<bound method BuildVerb.main of <colcon_core.verb.build.BuildVerb object at 0x7b5f40a50580>>)
[0.468s] Level 1:colcon.colcon_core.package_discovery:discover_packages(colcon_meta) check parameters
[0.468s] Level 1:colcon.colcon_core.package_discovery:discover_packages(recursive) check parameters
[0.468s] Level 1:colcon.colcon_core.package_discovery:discover_packages(ignore) check parameters
[0.468s] Level 1:colcon.colcon_core.package_discovery:discover_packages(path) check parameters
[0.468s] Level 1:colcon.colcon_core.package_discovery:discover_packages(colcon_meta) discover
[0.468s] Level 1:colcon.colcon_core.package_discovery:discover_packages(recursive) discover
[0.468s] INFO:colcon.colcon_core.package_discovery:Crawling recursively for packages in '/home/denis/diploma_ws'
[0.469s] Level 1:colcon.colcon_core.package_identification:_identify(.) by extensions ['ignore', 'ignore_ament_install']
[0.469s] Level 1:colcon.colcon_core.package_identification:_identify(.) by extension 'ignore'
[0.469s] Level 1:colcon.colcon_core.package_identification:_identify(.) by extension 'ignore_ament_install'
[0.469s] Level 1:colcon.colcon_core.package_identification:_identify(.) by extensions ['colcon_pkg']
[0.469s] Level 1:colcon.colcon_core.package_identification:_identify(.) by extension 'colcon_pkg'
[0.469s] Level 1:colcon.colcon_core.package_identification:_identify(.) by extensions ['colcon_meta']
[0.469s] Level 1:colcon.colcon_core.package_identification:_identify(.) by extension 'colcon_meta'
[0.469s] Level 1:colcon.colcon_core.package_identification:_identify(.) by extensions ['ros']
[0.469s] Level 1:colcon.colcon_core.package_identification:_identify(.) by extension 'ros'
[0.488s] Level 1:colcon.colcon_core.package_identification:_identify(.) by extensions ['cmake', 'python']
[0.488s] Level 1:colcon.colcon_core.package_identification:_identify(.) by extension 'cmake'
[0.488s] Level 1:colcon.colcon_core.package_identification:_identify(.) by extension 'python'
[0.488s] Level 1:colcon.colcon_core.package_identification:_identify(.) by extensions ['python_setup_py']
[0.488s] Level 1:colcon.colcon_core.package_identification:_identify(.) by extension 'python_setup_py'
[0.488s] Level 1:colcon.colcon_core.package_identification:_identify(build) by extensions ['ignore', 'ignore_ament_install']
[0.488s] Level 1:colcon.colcon_core.package_identification:_identify(build) by extension 'ignore'
[0.488s] Level 1:colcon.colcon_core.package_identification:_identify(build) ignored
[0.489s] Level 1:colcon.colcon_core.package_identification:_identify(install) by extensions ['ignore', 'ignore_ament_install']
[0.489s] Level 1:colcon.colcon_core.package_identification:_identify(install) by extension 'ignore'
[0.489s] Level 1:colcon.colcon_core.package_identification:_identify(install) ignored
[0.489s] Level 1:colcon.colcon_core.package_identification:_identify(log) by extensions ['ignore', 'ignore_ament_install']
[0.489s] Level 1:colcon.colcon_core.package_identification:_identify(log) by extension 'ignore'
[0.489s] Level 1:colcon.colcon_core.package_identification:_identify(log) ignored
[0.489s] Level 1:colcon.colcon_core.package_identification:_identify(src) by extensions ['ignore', 'ignore_ament_install']
[0.489s] Level 1:colcon.colcon_core.package_identification:_identify(src) by extension 'ignore'
[0.490s] Level 1:colcon.colcon_core.package_identification:_identify(src) by extension 'ignore_ament_install'
[0.490s] Level 1:colcon.colcon_core.package_identification:_identify(src) by extensions ['colcon_pkg']
[0.490s] Level 1:colcon.colcon_core.package_identification:_identify(src) by extension 'colcon_pkg'
[0.490s] Level 1:colcon.colcon_core.package_identification:_identify(src) by extensions ['colcon_meta']
[0.490s] Level 1:colcon.colcon_core.package_identification:_identify(src) by extension 'colcon_meta'
[0.490s] Level 1:colcon.colcon_core.package_identification:_identify(src) by extensions ['ros']
[0.490s] Level 1:colcon.colcon_core.package_identification:_identify(src) by extension 'ros'
[0.490s] Level 1:colcon.colcon_core.package_identification:_identify(src) by extensions ['cmake', 'python']
[0.490s] Level 1:colcon.colcon_core.package_identification:_identify(src) by extension 'cmake'
[0.490s] Level 1:colcon.colcon_core.package_identification:_identify(src) by extension 'python'
[0.490s] Level 1:colcon.colcon_core.package_identification:_identify(src) by extensions ['python_setup_py']
[0.490s] Level 1:colcon.colcon_core.package_identification:_identify(src) by extension 'python_setup_py'
[0.491s] Level 1:colcon.colcon_core.package_identification:_identify(src/BehaviorTree.CPP-3.8) by extensions ['ignore', 'ignore_ament_install']
[0.491s] Level 1:colcon.colcon_core.package_identification:_identify(src/BehaviorTree.CPP-3.8) by extension 'ignore'
[0.491s] Level 1:colcon.colcon_core.package_identification:_identify(src/BehaviorTree.CPP-3.8) by extension 'ignore_ament_install'
[0.491s] Level 1:colcon.colcon_core.package_identification:_identify(src/BehaviorTree.CPP-3.8) by extensions ['colcon_pkg']
[0.491s] Level 1:colcon.colcon_core.package_identification:_identify(src/BehaviorTree.CPP-3.8) by extension 'colcon_pkg'
[0.491s] Level 1:colcon.colcon_core.package_identification:_identify(src/BehaviorTree.CPP-3.8) by extensions ['colcon_meta']
[0.491s] Level 1:colcon.colcon_core.package_identification:_identify(src/BehaviorTree.CPP-3.8) by extension 'colcon_meta'
[0.491s] Level 1:colcon.colcon_core.package_identification:_identify(src/BehaviorTree.CPP-3.8) by extensions ['ros']
[0.491s] Level 1:colcon.colcon_core.package_identification:_identify(src/BehaviorTree.CPP-3.8) by extension 'ros'
[0.503s] DEBUG:colcon.colcon_core.package_identification:Package 'src/BehaviorTree.CPP-3.8' with type 'ros.ament_cmake' and name 'behaviortree_cpp_v3'
[0.504s] Level 1:colcon.colcon_core.package_identification:_identify(src/Groot) by extensions ['ignore', 'ignore_ament_install']
[0.504s] Level 1:colcon.colcon_core.package_identification:_identify(src/Groot) by extension 'ignore'
[0.504s] Level 1:colcon.colcon_core.package_identification:_identify(src/Groot) by extension 'ignore_ament_install'
[0.504s] Level 1:colcon.colcon_core.package_identification:_identify(src/Groot) by extensions ['colcon_pkg']
[0.504s] Level 1:colcon.colcon_core.package_identification:_identify(src/Groot) by extension 'colcon_pkg'
[0.504s] Level 1:colcon.colcon_core.package_identification:_identify(src/Groot) by extensions ['colcon_meta']
[0.504s] Level 1:colcon.colcon_core.package_identification:_identify(src/Groot) by extension 'colcon_meta'
[0.504s] Level 1:colcon.colcon_core.package_identification:_identify(src/Groot) by extensions ['ros']
[0.504s] Level 1:colcon.colcon_core.package_identification:_identify(src/Groot) by extension 'ros'
[0.509s] DEBUG:colcon.colcon_core.package_identification:Package 'src/Groot' with type 'ros.ament_cmake' and name 'groot'
[0.509s] Level 1:colcon.colcon_core.package_identification:_identify(src/bt) by extensions ['ignore', 'ignore_ament_install']
[0.510s] Level 1:colcon.colcon_core.package_identification:_identify(src/bt) by extension 'ignore'
[0.510s] Level 1:colcon.colcon_core.package_identification:_identify(src/bt) by extension 'ignore_ament_install'
[0.510s] Level 1:colcon.colcon_core.package_identification:_identify(src/bt) by extensions ['colcon_pkg']
[0.510s] Level 1:colcon.colcon_core.package_identification:_identify(src/bt) by extension 'colcon_pkg'
[0.510s] Level 1:colcon.colcon_core.package_identification:_identify(src/bt) by extensions ['colcon_meta']
[0.510s] Level 1:colcon.colcon_core.package_identification:_identify(src/bt) by extension 'colcon_meta'
[0.511s] Level 1:colcon.colcon_core.package_identification:_identify(src/bt) by extensions ['ros']
[0.511s] Level 1:colcon.colcon_core.package_identification:_identify(src/bt) by extension 'ros'
[0.512s] DEBUG:colcon.colcon_core.package_identification:Package 'src/bt' with type 'ros.ament_cmake' and name 'bt'
[0.512s] Level 1:colcon.colcon_core.package_identification:_identify(src/build) by extensions ['ignore', 'ignore_ament_install']
[0.512s] Level 1:colcon.colcon_core.package_identification:_identify(src/build) by extension 'ignore'
[0.512s] Level 1:colcon.colcon_core.package_identification:_identify(src/build) ignored
[0.512s] Level 1:colcon.colcon_core.package_identification:_identify(src/csu) by extensions ['ignore', 'ignore_ament_install']
[0.512s] Level 1:colcon.colcon_core.package_identification:_identify(src/csu) by extension 'ignore'
[0.512s] Level 1:colcon.colcon_core.package_identification:_identify(src/csu) by extension 'ignore_ament_install'
[0.512s] Level 1:colcon.colcon_core.package_identification:_identify(src/csu) by extensions ['colcon_pkg']
[0.513s] Level 1:colcon.colcon_core.package_identification:_identify(src/csu) by extension 'colcon_pkg'
[0.513s] Level 1:colcon.colcon_core.package_identification:_identify(src/csu) by extensions ['colcon_meta']
[0.513s] Level 1:colcon.colcon_core.package_identification:_identify(src/csu) by extension 'colcon_meta'
[0.513s] Level 1:colcon.colcon_core.package_identification:_identify(src/csu) by extensions ['ros']
[0.513s] Level 1:colcon.colcon_core.package_identification:_identify(src/csu) by extension 'ros'
[0.514s] DEBUG:colcon.colcon_core.package_identification:Package 'src/csu' with type 'ros.ament_cmake' and name 'csu'
[0.514s] Level 1:colcon.colcon_core.package_identification:_identify(src/dms_interfaces) by extensions ['ignore', 'ignore_ament_install']
[0.514s] Level 1:colcon.colcon_core.package_identification:_identify(src/dms_interfaces) by extension 'ignore'
[0.514s] Level 1:colcon.colcon_core.package_identification:_identify(src/dms_interfaces) by extension 'ignore_ament_install'
[0.515s] Level 1:colcon.colcon_core.package_identification:_identify(src/dms_interfaces) by extensions ['colcon_pkg']
[0.515s] Level 1:colcon.colcon_core.package_identification:_identify(src/dms_interfaces) by extension 'colcon_pkg'
[0.515s] Level 1:colcon.colcon_core.package_identification:_identify(src/dms_interfaces) by extensions ['colcon_meta']
[0.515s] Level 1:colcon.colcon_core.package_identification:_identify(src/dms_interfaces) by extension 'colcon_meta'
[0.515s] Level 1:colcon.colcon_core.package_identification:_identify(src/dms_interfaces) by extensions ['ros']
[0.515s] Level 1:colcon.colcon_core.package_identification:_identify(src/dms_interfaces) by extension 'ros'
[0.516s] DEBUG:colcon.colcon_core.package_identification:Package 'src/dms_interfaces' with type 'ros.ament_cmake' and name 'dms_interfaces'
[0.516s] Level 1:colcon.colcon_core.package_identification:_identify(src/fsu) by extensions ['ignore', 'ignore_ament_install']
[0.516s] Level 1:colcon.colcon_core.package_identification:_identify(src/fsu) by extension 'ignore'
[0.516s] Level 1:colcon.colcon_core.package_identification:_identify(src/fsu) by extension 'ignore_ament_install'
[0.516s] Level 1:colcon.colcon_core.package_identification:_identify(src/fsu) by extensions ['colcon_pkg']
[0.516s] Level 1:colcon.colcon_core.package_identification:_identify(src/fsu) by extension 'colcon_pkg'
[0.516s] Level 1:colcon.colcon_core.package_identification:_identify(src/fsu) by extensions ['colcon_meta']
[0.516s] Level 1:colcon.colcon_core.package_identification:_identify(src/fsu) by extension 'colcon_meta'
[0.517s] Level 1:colcon.colcon_core.package_identification:_identify(src/fsu) by extensions ['ros']
[0.517s] Level 1:colcon.colcon_core.package_identification:_identify(src/fsu) by extension 'ros'
[0.518s] DEBUG:colcon.colcon_core.package_identification:Package 'src/fsu' with type 'ros.ament_cmake' and name 'fsu'
[0.518s] Level 1:colcon.colcon_core.package_identification:_identify(src/install) by extensions ['ignore', 'ignore_ament_install']
[0.518s] Level 1:colcon.colcon_core.package_identification:_identify(src/install) by extension 'ignore'
[0.518s] Level 1:colcon.colcon_core.package_identification:_identify(src/install) ignored
[0.518s] Level 1:colcon.colcon_core.package_identification:_identify(src/log) by extensions ['ignore', 'ignore_ament_install']
[0.518s] Level 1:colcon.colcon_core.package_identification:_identify(src/log) by extension 'ignore'
[0.519s] Level 1:colcon.colcon_core.package_identification:_identify(src/log) ignored
[0.519s] Level 1:colcon.colcon_core.package_identification:_identify(src/ssu) by extensions ['ignore', 'ignore_ament_install']
[0.519s] Level 1:colcon.colcon_core.package_identification:_identify(src/ssu) by extension 'ignore'
[0.519s] Level 1:colcon.colcon_core.package_identification:_identify(src/ssu) by extension 'ignore_ament_install'
[0.519s] Level 1:colcon.colcon_core.package_identification:_identify(src/ssu) by extensions ['colcon_pkg']
[0.519s] Level 1:colcon.colcon_core.package_identification:_identify(src/ssu) by extension 'colcon_pkg'
[0.519s] Level 1:colcon.colcon_core.package_identification:_identify(src/ssu) by extensions ['colcon_meta']
[0.519s] Level 1:colcon.colcon_core.package_identification:_identify(src/ssu) by extension 'colcon_meta'
[0.519s] Level 1:colcon.colcon_core.package_identification:_identify(src/ssu) by extensions ['ros']
[0.519s] Level 1:colcon.colcon_core.package_identification:_identify(src/ssu) by extension 'ros'
[0.533s] DEBUG:colcon.colcon_core.package_identification:Package 'src/ssu' with type 'ros.ament_cmake' and name 'ssu'
[0.533s] Level 1:colcon.colcon_core.package_identification:_identify(src/turtlebot3_navigation2) by extensions ['ignore', 'ignore_ament_install']
[0.533s] Level 1:colcon.colcon_core.package_identification:_identify(src/turtlebot3_navigation2) by extension 'ignore'
[0.533s] Level 1:colcon.colcon_core.package_identification:_identify(src/turtlebot3_navigation2) by extension 'ignore_ament_install'
[0.533s] Level 1:colcon.colcon_core.package_identification:_identify(src/turtlebot3_navigation2) by extensions ['colcon_pkg']
[0.533s] Level 1:colcon.colcon_core.package_identification:_identify(src/turtlebot3_navigation2) by extension 'colcon_pkg'
[0.534s] Level 1:colcon.colcon_core.package_identification:_identify(src/turtlebot3_navigation2) by extensions ['colcon_meta']
[0.534s] Level 1:colcon.colcon_core.package_identification:_identify(src/turtlebot3_navigation2) by extension 'colcon_meta'
[0.534s] Level 1:colcon.colcon_core.package_identification:_identify(src/turtlebot3_navigation2) by extensions ['ros']
[0.534s] Level 1:colcon.colcon_core.package_identification:_identify(src/turtlebot3_navigation2) by extension 'ros'
[0.534s] DEBUG:colcon.colcon_core.package_identification:Package 'src/turtlebot3_navigation2' with type 'ros.ament_cmake' and name 'turtlebot3_navigation2'
[0.535s] Level 1:colcon.colcon_core.package_identification:_identify(src/turtlebot3_simulations) by extensions ['ignore', 'ignore_ament_install']
[0.535s] Level 1:colcon.colcon_core.package_identification:_identify(src/turtlebot3_simulations) by extension 'ignore'
[0.535s] Level 1:colcon.colcon_core.package_identification:_identify(src/turtlebot3_simulations) by extension 'ignore_ament_install'
[0.535s] Level 1:colcon.colcon_core.package_identification:_identify(src/turtlebot3_simulations) by extensions ['colcon_pkg']
[0.535s] Level 1:colcon.colcon_core.package_identification:_identify(src/turtlebot3_simulations) by extension 'colcon_pkg'
[0.535s] Level 1:colcon.colcon_core.package_identification:_identify(src/turtlebot3_simulations) by extensions ['colcon_meta']
[0.535s] Level 1:colcon.colcon_core.package_identification:_identify(src/turtlebot3_simulations) by extension 'colcon_meta'
[0.535s] Level 1:colcon.colcon_core.package_identification:_identify(src/turtlebot3_simulations) by extensions ['ros']
[0.535s] Level 1:colcon.colcon_core.package_identification:_identify(src/turtlebot3_simulations) by extension 'ros'
[0.535s] Level 1:colcon.colcon_core.package_identification:_identify(src/turtlebot3_simulations) by extensions ['cmake', 'python']
[0.536s] Level 1:colcon.colcon_core.package_identification:_identify(src/turtlebot3_simulations) by extension 'cmake'
[0.536s] Level 1:colcon.colcon_core.package_identification:_identify(src/turtlebot3_simulations) by extension 'python'
[0.536s] Level 1:colcon.colcon_core.package_identification:_identify(src/turtlebot3_simulations) by extensions ['python_setup_py']
[0.536s] Level 1:colcon.colcon_core.package_identification:_identify(src/turtlebot3_simulations) by extension 'python_setup_py'
[0.536s] Level 1:colcon.colcon_core.package_identification:_identify(src/turtlebot3_simulations/turtlebot3_fake_node) by extensions ['ignore', 'ignore_ament_install']
[0.536s] Level 1:colcon.colcon_core.package_identification:_identify(src/turtlebot3_simulations/turtlebot3_fake_node) by extension 'ignore'
[0.536s] Level 1:colcon.colcon_core.package_identification:_identify(src/turtlebot3_simulations/turtlebot3_fake_node) by extension 'ignore_ament_install'
[0.536s] Level 1:colcon.colcon_core.package_identification:_identify(src/turtlebot3_simulations/turtlebot3_fake_node) by extensions ['colcon_pkg']
[0.536s] Level 1:colcon.colcon_core.package_identification:_identify(src/turtlebot3_simulations/turtlebot3_fake_node) by extension 'colcon_pkg'
[0.536s] Level 1:colcon.colcon_core.package_identification:_identify(src/turtlebot3_simulations/turtlebot3_fake_node) by extensions ['colcon_meta']
[0.536s] Level 1:colcon.colcon_core.package_identification:_identify(src/turtlebot3_simulations/turtlebot3_fake_node) by extension 'colcon_meta'
[0.537s] Level 1:colcon.colcon_core.package_identification:_identify(src/turtlebot3_simulations/turtlebot3_fake_node) by extensions ['ros']
[0.537s] Level 1:colcon.colcon_core.package_identification:_identify(src/turtlebot3_simulations/turtlebot3_fake_node) by extension 'ros'
[0.539s] DEBUG:colcon.colcon_core.package_identification:Package 'src/turtlebot3_simulations/turtlebot3_fake_node' with type 'ros.ament_cmake' and name 'turtlebot3_fake_node'
[0.539s] Level 1:colcon.colcon_core.package_identification:_identify(src/turtlebot3_simulations/turtlebot3_gazebo) by extensions ['ignore', 'ignore_ament_install']
[0.539s] Level 1:colcon.colcon_core.package_identification:_identify(src/turtlebot3_simulations/turtlebot3_gazebo) by extension 'ignore'
[0.540s] Level 1:colcon.colcon_core.package_identification:_identify(src/turtlebot3_simulations/turtlebot3_gazebo) by extension 'ignore_ament_install'
[0.540s] Level 1:colcon.colcon_core.package_identification:_identify(src/turtlebot3_simulations/turtlebot3_gazebo) by extensions ['colcon_pkg']
[0.540s] Level 1:colcon.colcon_core.package_identification:_identify(src/turtlebot3_simulations/turtlebot3_gazebo) by extension 'colcon_pkg'
[0.540s] Level 1:colcon.colcon_core.package_identification:_identify(src/turtlebot3_simulations/turtlebot3_gazebo) by extensions ['colcon_meta']
[0.540s] Level 1:colcon.colcon_core.package_identification:_identify(src/turtlebot3_simulations/turtlebot3_gazebo) by extension 'colcon_meta'
[0.540s] Level 1:colcon.colcon_core.package_identification:_identify(src/turtlebot3_simulations/turtlebot3_gazebo) by extensions ['ros']
[0.540s] Level 1:colcon.colcon_core.package_identification:_identify(src/turtlebot3_simulations/turtlebot3_gazebo) by extension 'ros'
[0.542s] DEBUG:colcon.colcon_core.package_identification:Package 'src/turtlebot3_simulations/turtlebot3_gazebo' with type 'ros.ament_cmake' and name 'turtlebot3_gazebo'
[0.542s] Level 1:colcon.colcon_core.package_identification:_identify(src/turtlebot3_simulations/turtlebot3_simulations) by extensions ['ignore', 'ignore_ament_install']
[0.542s] Level 1:colcon.colcon_core.package_identification:_identify(src/turtlebot3_simulations/turtlebot3_simulations) by extension 'ignore'
[0.542s] Level 1:colcon.colcon_core.package_identification:_identify(src/turtlebot3_simulations/turtlebot3_simulations) by extension 'ignore_ament_install'
[0.543s] Level 1:colcon.colcon_core.package_identification:_identify(src/turtlebot3_simulations/turtlebot3_simulations) by extensions ['colcon_pkg']
[0.543s] Level 1:colcon.colcon_core.package_identification:_identify(src/turtlebot3_simulations/turtlebot3_simulations) by extension 'colcon_pkg'
[0.543s] Level 1:colcon.colcon_core.package_identification:_identify(src/turtlebot3_simulations/turtlebot3_simulations) by extensions ['colcon_meta']
[0.543s] Level 1:colcon.colcon_core.package_identification:_identify(src/turtlebot3_simulations/turtlebot3_simulations) by extension 'colcon_meta'
[0.543s] Level 1:colcon.colcon_core.package_identification:_identify(src/turtlebot3_simulations/turtlebot3_simulations) by extensions ['ros']
[0.543s] Level 1:colcon.colcon_core.package_identification:_identify(src/turtlebot3_simulations/turtlebot3_simulations) by extension 'ros'
[0.544s] DEBUG:colcon.colcon_core.package_identification:Package 'src/turtlebot3_simulations/turtlebot3_simulations' with type 'ros.ament_cmake' and name 'turtlebot3_simulations'
[0.544s] Level 1:colcon.colcon_core.package_discovery:discover_packages(recursive) using defaults
[0.544s] Level 1:colcon.colcon_core.package_discovery:discover_packages(ignore) discover
[0.544s] Level 1:colcon.colcon_core.package_discovery:discover_packages(ignore) using defaults
[0.544s] Level 1:colcon.colcon_core.package_discovery:discover_packages(path) discover
[0.544s] Level 1:colcon.colcon_core.package_discovery:discover_packages(path) using defaults
[0.576s] INFO:colcon.colcon_core.package_selection:Skipping not selected package 'behaviortree_cpp_v3' in 'src/BehaviorTree.CPP-3.8'
[0.576s] INFO:colcon.colcon_core.package_selection:Skipping not selected package 'dms_interfaces' in 'src/dms_interfaces'
[0.576s] INFO:colcon.colcon_core.package_selection:Skipping not selected package 'fsu' in 'src/fsu'
[0.577s] INFO:colcon.colcon_core.package_selection:Skipping not selected package 'ssu' in 'src/ssu'
[0.577s] INFO:colcon.colcon_core.package_selection:Skipping not selected package 'turtlebot3_fake_node' in 'src/turtlebot3_simulations/turtlebot3_fake_node'
[0.577s] INFO:colcon.colcon_core.package_selection:Skipping not selected package 'turtlebot3_gazebo' in 'src/turtlebot3_simulations/turtlebot3_gazebo'
[0.577s] INFO:colcon.colcon_core.package_selection:Skipping not selected package 'turtlebot3_navigation2' in 'src/turtlebot3_navigation2'
[0.577s] INFO:colcon.colcon_core.package_selection:Skipping not selected package 'bt' in 'src/bt'
[0.577s] INFO:colcon.colcon_core.package_selection:Skipping not selected package 'groot' in 'src/Groot'
[0.577s] INFO:colcon.colcon_core.package_selection:Skipping not selected package 'turtlebot3_simulations' in 'src/turtlebot3_simulations/turtlebot3_simulations'
[0.577s] Level 1:colcon.colcon_core.package_discovery:discover_packages(prefix_path) check parameters
[0.577s] Level 1:colcon.colcon_core.package_discovery:discover_packages(prefix_path) discover
[0.582s] DEBUG:colcon.colcon_installed_package_information.package_discovery:Found 15 installed packages in /home/denis/diploma_ws/install
[0.584s] DEBUG:colcon.colcon_installed_package_information.package_discovery:Found 356 installed packages in /opt/ros/humble
[0.589s] Level 1:colcon.colcon_core.package_discovery:discover_packages(prefix_path) using defaults
[0.669s] Level 5:colcon.colcon_core.verb:set package 'csu' build argument 'cmake_args' from command line to 'None'
[0.669s] Level 5:colcon.colcon_core.verb:set package 'csu' build argument 'cmake_target' from command line to 'None'
[0.669s] Level 5:colcon.colcon_core.verb:set package 'csu' build argument 'cmake_target_skip_unavailable' from command line to 'False'
[0.669s] Level 5:colcon.colcon_core.verb:set package 'csu' build argument 'cmake_clean_cache' from command line to 'False'
[0.669s] Level 5:colcon.colcon_core.verb:set package 'csu' build argument 'cmake_clean_first' from command line to 'False'
[0.669s] Level 5:colcon.colcon_core.verb:set package 'csu' build argument 'cmake_force_configure' from command line to 'False'
[0.669s] Level 5:colcon.colcon_core.verb:set package 'csu' build argument 'ament_cmake_args' from command line to 'None'
[0.669s] Level 5:colcon.colcon_core.verb:set package 'csu' build argument 'catkin_cmake_args' from command line to 'None'
[0.669s] Level 5:colcon.colcon_core.verb:set package 'csu' build argument 'catkin_skip_building_tests' from command line to 'False'
[0.669s] DEBUG:colcon.colcon_core.verb:Building package 'csu' with the following arguments: {'ament_cmake_args': None, 'build_base': '/home/denis/diploma_ws/build/csu', 'catkin_cmake_args': None, 'catkin_skip_building_tests': False, 'cmake_args': None, 'cmake_clean_cache': False, 'cmake_clean_first': False, 'cmake_force_configure': False, 'cmake_target': None, 'cmake_target_skip_unavailable': False, 'install_base': '/home/denis/diploma_ws/install/csu', 'merge_install': False, 'path': '/home/denis/diploma_ws/src/csu', 'symlink_install': False, 'test_result_base': None}
[0.670s] INFO:colcon.colcon_core.executor:Executing jobs using 'parallel' executor
[0.671s] DEBUG:colcon.colcon_parallel_executor.executor.parallel:run_until_complete
[0.672s] INFO:colcon.colcon_ros.task.ament_cmake.build:Building ROS package in '/home/denis/diploma_ws/src/csu' with build type 'ament_cmake'
[0.672s] INFO:colcon.colcon_cmake.task.cmake.build:Building CMake package in '/home/denis/diploma_ws/src/csu'
[0.677s] INFO:colcon.colcon_core.plugin_system:Skipping extension 'colcon_core.shell.bat': Not used on non-Windows systems
[0.677s] INFO:colcon.colcon_core.shell:Skip shell extension 'powershell' for command environment: Not usable outside of PowerShell
[0.677s] DEBUG:colcon.colcon_core.shell:Skip shell extension 'dsv' for command environment
[0.705s] DEBUG:colcon.colcon_core.event_handler.log_command:Invoking command in '/home/denis/diploma_ws/build/csu': AMENT_PREFIX_PATH=/home/denis/diploma_ws/install/dms_interfaces:${AMENT_PREFIX_PATH} CMAKE_PREFIX_PATH=/home/denis/diploma_ws/install/dms_interfaces:/home/denis/diploma_ws/install/turtlebot3_simulations:/home/denis/diploma_ws/install/turtlebot3_navigation2:/home/denis/diploma_ws/install/turtlebot3_gazebo:/home/denis/diploma_ws/install/turtlebot3_fake_node:/home/denis/diploma_ws/install/ssu:/home/denis/diploma_ws/install/groot:/home/denis/diploma_ws/install/fsu:/home/denis/diploma_ws/install/csu:/home/denis/diploma_ws/install/btcpp_ros2_samples:/home/denis/diploma_ws/install/btcpp_ros2_interfaces:/home/denis/diploma_ws/install/bt:/home/denis/diploma_ws/install/behaviortree_ros2:/home/denis/diploma_ws/install/behaviortree_cpp_v3:/home/denis/diploma_ws/install/behaviortree_cpp:/opt/ros/humble LD_LIBRARY_PATH=/home/denis/diploma_ws/install/dms_interfaces/lib:${LD_LIBRARY_PATH} PYTHONPATH=/home/denis/diploma_ws/install/dms_interfaces/local/lib/python3.10/dist-packages:${PYTHONPATH} /usr/bin/cmake --build /home/denis/diploma_ws/build/csu -- -j4 -l4
[15.777s] DEBUG:colcon.colcon_core.event_handler.log_command:Invoked command in '/home/denis/diploma_ws/build/csu' returned '0': AMENT_PREFIX_PATH=/home/denis/diploma_ws/install/dms_interfaces:${AMENT_PREFIX_PATH} CMAKE_PREFIX_PATH=/home/denis/diploma_ws/install/dms_interfaces:/home/denis/diploma_ws/install/turtlebot3_simulations:/home/denis/diploma_ws/install/turtlebot3_navigation2:/home/denis/diploma_ws/install/turtlebot3_gazebo:/home/denis/diploma_ws/install/turtlebot3_fake_node:/home/denis/diploma_ws/install/ssu:/home/denis/diploma_ws/install/groot:/home/denis/diploma_ws/install/fsu:/home/denis/diploma_ws/install/csu:/home/denis/diploma_ws/install/btcpp_ros2_samples:/home/denis/diploma_ws/install/btcpp_ros2_interfaces:/home/denis/diploma_ws/install/bt:/home/denis/diploma_ws/install/behaviortree_ros2:/home/denis/diploma_ws/install/behaviortree_cpp_v3:/home/denis/diploma_ws/install/behaviortree_cpp:/opt/ros/humble LD_LIBRARY_PATH=/home/denis/diploma_ws/install/dms_interfaces/lib:${LD_LIBRARY_PATH} PYTHONPATH=/home/denis/diploma_ws/install/dms_interfaces/local/lib/python3.10/dist-packages:${PYTHONPATH} /usr/bin/cmake --build /home/denis/diploma_ws/build/csu -- -j4 -l4
[15.840s] DEBUG:colcon.colcon_core.event_handler.log_command:Invoking command in '/home/denis/diploma_ws/build/csu': AMENT_PREFIX_PATH=/home/denis/diploma_ws/install/dms_interfaces:${AMENT_PREFIX_PATH} CMAKE_PREFIX_PATH=/home/denis/diploma_ws/install/dms_interfaces:/home/denis/diploma_ws/install/turtlebot3_simulations:/home/denis/diploma_ws/install/turtlebot3_navigation2:/home/denis/diploma_ws/install/turtlebot3_gazebo:/home/denis/diploma_ws/install/turtlebot3_fake_node:/home/denis/diploma_ws/install/ssu:/home/denis/diploma_ws/install/groot:/home/denis/diploma_ws/install/fsu:/home/denis/diploma_ws/install/csu:/home/denis/diploma_ws/install/btcpp_ros2_samples:/home/denis/diploma_ws/install/btcpp_ros2_interfaces:/home/denis/diploma_ws/install/bt:/home/denis/diploma_ws/install/behaviortree_ros2:/home/denis/diploma_ws/install/behaviortree_cpp_v3:/home/denis/diploma_ws/install/behaviortree_cpp:/opt/ros/humble LD_LIBRARY_PATH=/home/denis/diploma_ws/install/dms_interfaces/lib:${LD_LIBRARY_PATH} PYTHONPATH=/home/denis/diploma_ws/install/dms_interfaces/local/lib/python3.10/dist-packages:${PYTHONPATH} /usr/bin/cmake --install /home/denis/diploma_ws/build/csu
[15.866s] Level 1:colcon.colcon_core.environment:create_environment_scripts_only(csu)
[15.867s] DEBUG:colcon.colcon_core.event_handler.log_command:Invoked command in '/home/denis/diploma_ws/build/csu' returned '0': AMENT_PREFIX_PATH=/home/denis/diploma_ws/install/dms_interfaces:${AMENT_PREFIX_PATH} CMAKE_PREFIX_PATH=/home/denis/diploma_ws/install/dms_interfaces:/home/denis/diploma_ws/install/turtlebot3_simulations:/home/denis/diploma_ws/install/turtlebot3_navigation2:/home/denis/diploma_ws/install/turtlebot3_gazebo:/home/denis/diploma_ws/install/turtlebot3_fake_node:/home/denis/diploma_ws/install/ssu:/home/denis/diploma_ws/install/groot:/home/denis/diploma_ws/install/fsu:/home/denis/diploma_ws/install/csu:/home/denis/diploma_ws/install/btcpp_ros2_samples:/home/denis/diploma_ws/install/btcpp_ros2_interfaces:/home/denis/diploma_ws/install/bt:/home/denis/diploma_ws/install/behaviortree_ros2:/home/denis/diploma_ws/install/behaviortree_cpp_v3:/home/denis/diploma_ws/install/behaviortree_cpp:/opt/ros/humble LD_LIBRARY_PATH=/home/denis/diploma_ws/install/dms_interfaces/lib:${LD_LIBRARY_PATH} PYTHONPATH=/home/denis/diploma_ws/install/dms_interfaces/local/lib/python3.10/dist-packages:${PYTHONPATH} /usr/bin/cmake --install /home/denis/diploma_ws/build/csu
[15.870s] Level 1:colcon.colcon_core.environment:checking '/home/denis/diploma_ws/install/csu' for CMake module files
[15.870s] Level 1:colcon.colcon_core.environment:checking '/home/denis/diploma_ws/install/csu' for CMake config files
[15.871s] Level 1:colcon.colcon_core.shell:create_environment_hook('csu', 'cmake_prefix_path')
[15.871s] INFO:colcon.colcon_core.shell:Creating environment hook '/home/denis/diploma_ws/install/csu/share/csu/hook/cmake_prefix_path.ps1'
[15.872s] INFO:colcon.colcon_core.shell:Creating environment descriptor '/home/denis/diploma_ws/install/csu/share/csu/hook/cmake_prefix_path.dsv'
[15.873s] INFO:colcon.colcon_core.shell:Creating environment hook '/home/denis/diploma_ws/install/csu/share/csu/hook/cmake_prefix_path.sh'
[15.874s] Level 1:colcon.colcon_core.environment:checking '/home/denis/diploma_ws/install/csu/lib'
[15.874s] Level 1:colcon.colcon_core.environment:checking '/home/denis/diploma_ws/install/csu/bin'
[15.874s] Level 1:colcon.colcon_core.environment:checking '/home/denis/diploma_ws/install/csu/lib/pkgconfig/csu.pc'
[15.875s] Level 1:colcon.colcon_core.environment:checking '/home/denis/diploma_ws/install/csu/lib/python3.10/site-packages'
[15.875s] Level 1:colcon.colcon_core.environment:checking '/home/denis/diploma_ws/install/csu/bin'
[15.876s] INFO:colcon.colcon_core.shell:Creating package script '/home/denis/diploma_ws/install/csu/share/csu/package.ps1'
[15.877s] INFO:colcon.colcon_core.shell:Creating package descriptor '/home/denis/diploma_ws/install/csu/share/csu/package.dsv'
[15.878s] INFO:colcon.colcon_core.shell:Creating package script '/home/denis/diploma_ws/install/csu/share/csu/package.sh'
[15.879s] INFO:colcon.colcon_core.shell:Creating package script '/home/denis/diploma_ws/install/csu/share/csu/package.bash'
[15.880s] INFO:colcon.colcon_core.shell:Creating package script '/home/denis/diploma_ws/install/csu/share/csu/package.zsh'
[15.881s] Level 1:colcon.colcon_core.environment:create_file_with_runtime_dependencies(/home/denis/diploma_ws/install/csu/share/colcon-core/packages/csu)
[15.928s] Level 1:colcon.colcon_core.environment:create_environment_scripts_only(csu)
[15.929s] Level 1:colcon.colcon_core.environment:checking '/home/denis/diploma_ws/install/csu' for CMake module files
[15.930s] Level 1:colcon.colcon_core.environment:checking '/home/denis/diploma_ws/install/csu' for CMake config files
[15.930s] Level 1:colcon.colcon_core.shell:create_environment_hook('csu', 'cmake_prefix_path')
[15.930s] INFO:colcon.colcon_core.shell:Creating environment hook '/home/denis/diploma_ws/install/csu/share/csu/hook/cmake_prefix_path.ps1'
[15.931s] INFO:colcon.colcon_core.shell:Creating environment descriptor '/home/denis/diploma_ws/install/csu/share/csu/hook/cmake_prefix_path.dsv'
[15.931s] INFO:colcon.colcon_core.shell:Creating environment hook '/home/denis/diploma_ws/install/csu/share/csu/hook/cmake_prefix_path.sh'
[15.932s] Level 1:colcon.colcon_core.environment:checking '/home/denis/diploma_ws/install/csu/lib'
[15.932s] Level 1:colcon.colcon_core.environment:checking '/home/denis/diploma_ws/install/csu/bin'
[15.932s] Level 1:colcon.colcon_core.environment:checking '/home/denis/diploma_ws/install/csu/lib/pkgconfig/csu.pc'
[15.933s] Level 1:colcon.colcon_core.environment:checking '/home/denis/diploma_ws/install/csu/lib/python3.10/site-packages'
[15.933s] Level 1:colcon.colcon_core.environment:checking '/home/denis/diploma_ws/install/csu/bin'
[15.933s] INFO:colcon.colcon_core.shell:Creating package script '/home/denis/diploma_ws/install/csu/share/csu/package.ps1'
[15.934s] INFO:colcon.colcon_core.shell:Creating package descriptor '/home/denis/diploma_ws/install/csu/share/csu/package.dsv'
[15.935s] INFO:colcon.colcon_core.shell:Creating package script '/home/denis/diploma_ws/install/csu/share/csu/package.sh'
[15.935s] INFO:colcon.colcon_core.shell:Creating package script '/home/denis/diploma_ws/install/csu/share/csu/package.bash'
[15.936s] INFO:colcon.colcon_core.shell:Creating package script '/home/denis/diploma_ws/install/csu/share/csu/package.zsh'
[15.936s] Level 1:colcon.colcon_core.environment:create_file_with_runtime_dependencies(/home/denis/diploma_ws/install/csu/share/colcon-core/packages/csu)
[15.937s] DEBUG:colcon.colcon_parallel_executor.executor.parallel:closing loop
[15.937s] DEBUG:colcon.colcon_parallel_executor.executor.parallel:loop closed
[15.937s] DEBUG:colcon.colcon_parallel_executor.executor.parallel:run_until_complete finished with '0'
[15.937s] DEBUG:colcon.colcon_core.event_reactor:joining thread
[15.946s] INFO:colcon.colcon_core.plugin_system:Skipping extension 'colcon_notification.desktop_notification.terminal_notifier': Not used on non-Darwin systems
[15.946s] INFO:colcon.colcon_core.plugin_system:Skipping extension 'colcon_notification.desktop_notification.win32': Not used on non-Windows systems
[15.947s] INFO:colcon.colcon_notification.desktop_notification:Sending desktop notification using 'notify2'
[15.959s] DEBUG:colcon.colcon_core.event_reactor:joined thread
[15.960s] INFO:colcon.colcon_core.shell:Creating prefix script '/home/denis/diploma_ws/install/local_setup.ps1'
[15.961s] INFO:colcon.colcon_core.shell:Creating prefix util module '/home/denis/diploma_ws/install/_local_setup_util_ps1.py'
[15.966s] INFO:colcon.colcon_core.shell:Creating prefix chain script '/home/denis/diploma_ws/install/setup.ps1'
[15.969s] INFO:colcon.colcon_core.shell:Creating prefix script '/home/denis/diploma_ws/install/local_setup.sh'
[15.969s] INFO:colcon.colcon_core.shell:Creating prefix util module '/home/denis/diploma_ws/install/_local_setup_util_sh.py'
[15.970s] INFO:colcon.colcon_core.shell:Creating prefix chain script '/home/denis/diploma_ws/install/setup.sh'
[15.972s] INFO:colcon.colcon_core.shell:Creating prefix script '/home/denis/diploma_ws/install/local_setup.bash'
[15.973s] INFO:colcon.colcon_core.shell:Creating prefix chain script '/home/denis/diploma_ws/install/setup.bash'
[15.976s] INFO:colcon.colcon_core.shell:Creating prefix script '/home/denis/diploma_ws/install/local_setup.zsh'
[15.977s] INFO:colcon.colcon_core.shell:Creating prefix chain script '/home/denis/diploma_ws/install/setup.zsh'
