[0.091s] Invoking command in '/home/denis/diploma_ws/build/fsu': CMAKE_PREFIX_PATH=${CMAKE_PREFIX_PATH}:/opt/ros/humble /usr/bin/cmake --build /home/denis/diploma_ws/build/fsu -- -j4 -l4
[0.338s] [ 33%] Built target lidar_remapping_node
[0.341s] [ 66%] Built target odom_remapping_node
[0.365s] [100%] Built target imu_remapping_node
[0.399s] Invoked command in '/home/denis/diploma_ws/build/fsu' returned '0': CMAKE_PREFIX_PATH=${CMAKE_PREFIX_PATH}:/opt/ros/humble /usr/bin/cmake --build /home/denis/diploma_ws/build/fsu -- -j4 -l4
[0.519s] Invoking command in '/home/denis/diploma_ws/build/fsu': CMAKE_PREFIX_PATH=${CMAKE_PREFIX_PATH}:/opt/ros/humble /usr/bin/cmake --install /home/denis/diploma_ws/build/fsu
[0.543s] -- Install configuration: ""
[0.544s] -- Up-to-date: /home/denis/diploma_ws/install/fsu/lib/fsu/lidar_remapping_node
[0.545s] -- Up-to-date: /home/denis/diploma_ws/install/fsu/lib/fsu/imu_remapping_node
[0.546s] -- Up-to-date: /home/denis/diploma_ws/install/fsu/lib/fsu/odom_remapping_node
[0.547s] -- Up-to-date: /home/denis/diploma_ws/install/fsu/share/fsu/launch
[0.547s] -- Up-to-date: /home/denis/diploma_ws/install/fsu/share/fsu/launch/failure_sensor_unit.launch.py
[0.548s] -- Up-to-date: /home/denis/diploma_ws/install/fsu/share/ament_index/resource_index/package_run_dependencies/fsu
[0.549s] -- Up-to-date: /home/denis/diploma_ws/install/fsu/share/ament_index/resource_index/parent_prefix_path/fsu
[0.549s] -- Up-to-date: /home/denis/diploma_ws/install/fsu/share/fsu/environment/ament_prefix_path.sh
[0.550s] -- Up-to-date: /home/denis/diploma_ws/install/fsu/share/fsu/environment/ament_prefix_path.dsv
[0.550s] -- Up-to-date: /home/denis/diploma_ws/install/fsu/share/fsu/environment/path.sh
[0.550s] -- Up-to-date: /home/denis/diploma_ws/install/fsu/share/fsu/environment/path.dsv
[0.551s] -- Up-to-date: /home/denis/diploma_ws/install/fsu/share/fsu/local_setup.bash
[0.551s] -- Up-to-date: /home/denis/diploma_ws/install/fsu/share/fsu/local_setup.sh
[0.551s] -- Up-to-date: /home/denis/diploma_ws/install/fsu/share/fsu/local_setup.zsh
[0.552s] -- Up-to-date: /home/denis/diploma_ws/install/fsu/share/fsu/local_setup.dsv
[0.553s] -- Installing: /home/denis/diploma_ws/install/fsu/share/fsu/package.dsv
[0.560s] -- Up-to-date: /home/denis/diploma_ws/install/fsu/share/ament_index/resource_index/packages/fsu
[0.561s] -- Up-to-date: /home/denis/diploma_ws/install/fsu/share/fsu/cmake/fsuConfig.cmake
[0.561s] -- Up-to-date: /home/denis/diploma_ws/install/fsu/share/fsu/cmake/fsuConfig-version.cmake
[0.561s] -- Up-to-date: /home/denis/diploma_ws/install/fsu/share/fsu/package.xml
[0.561s] Invoked command in '/home/denis/diploma_ws/build/fsu' returned '0': CMAKE_PREFIX_PATH=${CMAKE_PREFIX_PATH}:/opt/ros/humble /usr/bin/cmake --install /home/denis/diploma_ws/build/fsu
