[ 50%] [32mBuilding CXX object CMakeFiles/sensor_supervisitory_unit.dir/src/sensor_supervisitory_unit.cpp.o[0m
[100%] [32m[1mLinking CXX executable sensor_supervisitory_unit[0m
[100%] Built target sensor_supervisitory_unit
-- Install configuration: ""
-- Installing: /home/denis/diploma_ws/install/ssu/lib/ssu/sensor_supervisitory_unit
-- Set runtime path of "/home/denis/diploma_ws/install/ssu/lib/ssu/sensor_supervisitory_unit" to ""
-- Up-to-date: /home/denis/diploma_ws/install/ssu/share/ament_index/resource_index/package_run_dependencies/ssu
-- Up-to-date: /home/denis/diploma_ws/install/ssu/share/ament_index/resource_index/parent_prefix_path/ssu
-- Up-to-date: /home/denis/diploma_ws/install/ssu/share/ssu/environment/ament_prefix_path.sh
-- Up-to-date: /home/denis/diploma_ws/install/ssu/share/ssu/environment/ament_prefix_path.dsv
-- Up-to-date: /home/denis/diploma_ws/install/ssu/share/ssu/environment/path.sh
-- Up-to-date: /home/denis/diploma_ws/install/ssu/share/ssu/environment/path.dsv
-- Up-to-date: /home/denis/diploma_ws/install/ssu/share/ssu/local_setup.bash
-- Up-to-date: /home/denis/diploma_ws/install/ssu/share/ssu/local_setup.sh
-- Up-to-date: /home/denis/diploma_ws/install/ssu/share/ssu/local_setup.zsh
-- Up-to-date: /home/denis/diploma_ws/install/ssu/share/ssu/local_setup.dsv
-- Installing: /home/denis/diploma_ws/install/ssu/share/ssu/package.dsv
-- Up-to-date: /home/denis/diploma_ws/install/ssu/share/ament_index/resource_index/packages/ssu
-- Up-to-date: /home/denis/diploma_ws/install/ssu/share/ssu/cmake/ssuConfig.cmake
-- Up-to-date: /home/denis/diploma_ws/install/ssu/share/ssu/cmake/ssuConfig-version.cmake
-- Up-to-date: /home/denis/diploma_ws/install/ssu/share/ssu/package.xml
