[0.057s] Invoking command in '/home/denis/diploma_ws/build/csu': CMAKE_PREFIX_PATH=/home/denis/diploma_ws/install/dms_interfaces:/home/denis/diploma_ws/install/turtlebot3_simulations:/home/denis/diploma_ws/install/turtlebot3_navigation2:/home/denis/diploma_ws/install/turtlebot3_gazebo:/home/denis/diploma_ws/install/turtlebot3_fake_node:/home/denis/diploma_ws/install/ssu:/home/denis/diploma_ws/install/nav2_bringup:/home/denis/diploma_ws/install/groot:/home/denis/diploma_ws/install/fsu:/home/denis/diploma_ws/install/csu:/home/denis/diploma_ws/install/bsu:/home/denis/diploma_ws/install/btcpp_ros2_samples:/home/denis/diploma_ws/install/btcpp_ros2_interfaces:/home/denis/diploma_ws/install/bt:/home/denis/diploma_ws/install/behaviortree_ros2:/home/denis/diploma_ws/install/behaviortree_cpp_v3:/home/denis/diploma_ws/install/behaviortree_cpp:/opt/ros/humble LD_LIBRARY_PATH=/home/denis/diploma_ws/install/dms_interfaces/lib:/home/denis/diploma_ws/install/groot/lib:/home/denis/diploma_ws/install/btcpp_ros2_interfaces/lib:/home/denis/diploma_ws/install/behaviortree_cpp_v3/lib:/home/denis/diploma_ws/install/behaviortree_cpp/lib:/usr/lib/x86_64-linux-gnu/gazebo-11/plugins:/opt/ros/humble/opt/rviz_ogre_vendor/lib:/opt/ros/humble/lib/x86_64-linux-gnu:/opt/ros/humble/lib /usr/bin/cmake --build /home/denis/diploma_ws/build/csu -- -j4 -l4
[0.168s] -- Found ament_cmake: 1.3.8 (/opt/ros/humble/share/ament_cmake/cmake)
[0.636s] -- Found rclcpp: 16.0.8 (/opt/ros/humble/share/rclcpp/cmake)
[0.804s] -- Found rosidl_generator_c: 3.1.5 (/opt/ros/humble/share/rosidl_generator_c/cmake)
[0.814s] -- Found rosidl_adapter: 3.1.5 (/opt/ros/humble/share/rosidl_adapter/cmake)
[0.834s] -- Found rosidl_generator_cpp: 3.1.5 (/opt/ros/humble/share/rosidl_generator_cpp/cmake)
[0.874s] -- Using all available rosidl_typesupport_c: rosidl_typesupport_fastrtps_c;rosidl_typesupport_introspection_c
[0.923s] -- Using all available rosidl_typesupport_cpp: rosidl_typesupport_fastrtps_cpp;rosidl_typesupport_introspection_cpp
[1.378s] -- Found rmw_implementation_cmake: 6.1.1 (/opt/ros/humble/share/rmw_implementation_cmake/cmake)
[1.385s] -- Found rmw_fastrtps_cpp: 6.2.6 (/opt/ros/humble/share/rmw_fastrtps_cpp/cmake)
[2.121s] -- Using RMW implementation 'rmw_fastrtps_cpp' as default
[2.913s] -- Found geometry_msgs: 4.2.3 (/opt/ros/humble/share/geometry_msgs/cmake)
[3.115s] -- Found dms_interfaces: 0.0.0 (/home/denis/diploma_ws/install/dms_interfaces/share/dms_interfaces/cmake)
[3.474s] -- Found std_srvs: 4.2.3 (/opt/ros/humble/share/std_srvs/cmake)
[3.647s] -- Found ament_lint_auto: 0.12.10 (/opt/ros/humble/share/ament_lint_auto/cmake)
[3.861s] -- Added test 'cppcheck' to perform static code analysis on C / C++ code
[3.874s] -- Configured cppcheck include dirs: /home/denis/diploma_ws/src/csu/include/csu;$<BUILD_INTERFACE:/home/denis/diploma_ws/src/csu/include>
[3.874s] -- Configured cppcheck exclude dirs and/or files: 
[3.876s] -- Added test 'flake8' to check Python code syntax and style conventions
[3.877s] -- Added test 'lint_cmake' to check CMake code style
[3.879s] -- Added test 'pep257' to check Python code against some of the docstring style conventions in PEP 257
[3.881s] -- Added test 'uncrustify' to check C / C++ code style
[3.882s] -- Configured uncrustify additional arguments: 
[3.883s] -- Added test 'xmllint' to check XML markup files
[3.889s] -- Configuring done
[3.956s] -- Generating done
[3.967s] -- Build files have been written to: /home/denis/diploma_ws/build/csu
[4.074s] [35m[1mConsolidate compiler generated dependencies of target control_switching_unit[0m
[4.161s] [ 50%] [32mBuilding CXX object CMakeFiles/control_switching_unit.dir/src/control_switching_unit.cpp.o[0m
[21.712s] [100%] [32m[1mLinking CXX executable control_switching_unit[0m
[22.852s] [100%] Built target control_switching_unit
