[0.052s] Invoking command in '/home/denis/diploma_ws/build/behaviortree_cpp': CMAKE_PREFIX_PATH=${CMAKE_PREFIX_PATH}:/opt/ros/humble /usr/bin/cmake --build /home/denis/diploma_ws/build/behaviortree_cpp -- -j4 -l4
[0.219s] [  1%] Built target lexy_file
[0.247s] [  3%] Built target gtest_main
[0.254s] [  4%] Built target gtest
[0.414s] [ 36%] Built target behaviortree_cpp
[0.509s] [ 38%] Built target crossdoor_nodes_dyn
[0.525s] [ 40%] Built target movebase_node_dyn
[0.538s] [ 41%] Built target dummy_nodes_dyn
[0.539s] [ 44%] Built target bt_sample_nodes
[0.614s] [ 46%] Built target bt4_log_cat
[0.654s] [ 47%] Built target t01_first_tree_dynamic
[0.672s] [ 48%] Built target bt4_plugin_manifest
[0.682s] [ 50%] Built target t13_plugin_action
[0.765s] [ 52%] Built target t01_first_tree_static
[0.798s] [ 53%] Built target t02_basic_ports
[0.809s] [ 55%] Built target t03_generic_ports
[0.815s] [ 74%] Built target behaviortree_cpp_test
[0.867s] [ 75%] Built target t04_reactive_sequence
[0.922s] [ 76%] Built target t06_subtree_port_remapping
[0.924s] [ 80%] Built target t07_load_multiple_xml
[0.924s] [ 80%] Built target t05_crossdoor
[0.975s] [ 81%] Built target t08_additional_node_args
[1.021s] [ 83%] Built target t09_scripting
[1.035s] [ 84%] Built target t10_observer
[1.046s] [ 86%] Built target t11_replace_rules
[1.077s] [ 87%] Built target t12_groot_howto
[1.110s] [ 89%] Built target generate_log
[1.153s] [ 91%] Built target ex01_wrap_legacy
[1.194s] [ 92%] Built target ex02_runtime_ports
[1.199s] [ 94%] Built target ex04_waypoints
[1.236s] [ 95%] Built target ex05_subtree_model
[1.261s] [ 97%] Built target ex06_access_by_ptr
[1.300s] [ 98%] Built target ex07_blackboard_backup
[1.300s] [100%] Built target t13_plugin_executor
[1.334s] Invoked command in '/home/denis/diploma_ws/build/behaviortree_cpp' returned '0': CMAKE_PREFIX_PATH=${CMAKE_PREFIX_PATH}:/opt/ros/humble /usr/bin/cmake --build /home/denis/diploma_ws/build/behaviortree_cpp -- -j4 -l4
[1.689s] Invoking command in '/home/denis/diploma_ws/build/behaviortree_cpp': CMAKE_PREFIX_PATH=${CMAKE_PREFIX_PATH}:/opt/ros/humble /usr/bin/cmake --install /home/denis/diploma_ws/build/behaviortree_cpp
[1.701s] -- Install configuration: "Release"
[1.705s] -- Up-to-date: /home/denis/diploma_ws/install/behaviortree_cpp/bin/bt4_log_cat
[1.706s] -- Up-to-date: /home/denis/diploma_ws/install/behaviortree_cpp/bin/bt4_plugin_manifest
[1.707s] -- Up-to-date: /home/denis/diploma_ws/install/behaviortree_cpp/lib/libbehaviortree_cpp.so
[1.708s] -- Up-to-date: /home/denis/diploma_ws/install/behaviortree_cpp/include
[1.708s] -- Up-to-date: /home/denis/diploma_ws/install/behaviortree_cpp/include/behaviortree_cpp
[1.708s] -- Up-to-date: /home/denis/diploma_ws/install/behaviortree_cpp/include/behaviortree_cpp/bt_factory.h
[1.708s] -- Up-to-date: /home/denis/diploma_ws/install/behaviortree_cpp/include/behaviortree_cpp/behavior_tree.h
[1.709s] -- Up-to-date: /home/denis/diploma_ws/install/behaviortree_cpp/include/behaviortree_cpp/decorators
[1.709s] -- Up-to-date: /home/denis/diploma_ws/install/behaviortree_cpp/include/behaviortree_cpp/decorators/run_once_node.h
[1.709s] -- Up-to-date: /home/denis/diploma_ws/install/behaviortree_cpp/include/behaviortree_cpp/decorators/skip_unless_updated.h
[1.710s] -- Up-to-date: /home/denis/diploma_ws/install/behaviortree_cpp/include/behaviortree_cpp/decorators/force_failure_node.h
[1.710s] -- Up-to-date: /home/denis/diploma_ws/install/behaviortree_cpp/include/behaviortree_cpp/decorators/delay_node.h
[1.710s] -- Up-to-date: /home/denis/diploma_ws/install/behaviortree_cpp/include/behaviortree_cpp/decorators/subtree_node.h
[1.710s] -- Up-to-date: /home/denis/diploma_ws/install/behaviortree_cpp/include/behaviortree_cpp/decorators/retry_node.h
[1.711s] -- Up-to-date: /home/denis/diploma_ws/install/behaviortree_cpp/include/behaviortree_cpp/decorators/repeat_node.h
[1.711s] -- Up-to-date: /home/denis/diploma_ws/install/behaviortree_cpp/include/behaviortree_cpp/decorators/timeout_node.h
[1.711s] -- Up-to-date: /home/denis/diploma_ws/install/behaviortree_cpp/include/behaviortree_cpp/decorators/keep_running_until_failure_node.h
[1.711s] -- Up-to-date: /home/denis/diploma_ws/install/behaviortree_cpp/include/behaviortree_cpp/decorators/force_success_node.h
[1.711s] -- Up-to-date: /home/denis/diploma_ws/install/behaviortree_cpp/include/behaviortree_cpp/decorators/script_precondition.h
[1.712s] -- Up-to-date: /home/denis/diploma_ws/install/behaviortree_cpp/include/behaviortree_cpp/decorators/inverter_node.h
[1.712s] -- Up-to-date: /home/denis/diploma_ws/install/behaviortree_cpp/include/behaviortree_cpp/decorators/wait_update.h
[1.712s] -- Up-to-date: /home/denis/diploma_ws/install/behaviortree_cpp/include/behaviortree_cpp/decorators/consume_queue.h
[1.713s] -- Up-to-date: /home/denis/diploma_ws/install/behaviortree_cpp/include/behaviortree_cpp/decorators/loop_node.h
[1.713s] -- Up-to-date: /home/denis/diploma_ws/install/behaviortree_cpp/include/behaviortree_cpp/flatbuffers
[1.713s] -- Up-to-date: /home/denis/diploma_ws/install/behaviortree_cpp/include/behaviortree_cpp/flatbuffers/stl_emulation.h
[1.714s] -- Up-to-date: /home/denis/diploma_ws/install/behaviortree_cpp/include/behaviortree_cpp/flatbuffers/bt_flatbuffer_helper.h
[1.714s] -- Up-to-date: /home/denis/diploma_ws/install/behaviortree_cpp/include/behaviortree_cpp/flatbuffers/BT_logger_generated.h
[1.714s] -- Up-to-date: /home/denis/diploma_ws/install/behaviortree_cpp/include/behaviortree_cpp/flatbuffers/flatbuffers.h
[1.715s] -- Up-to-date: /home/denis/diploma_ws/install/behaviortree_cpp/include/behaviortree_cpp/flatbuffers/base.h
[1.715s] -- Up-to-date: /home/denis/diploma_ws/install/behaviortree_cpp/include/behaviortree_cpp/action_node.h
[1.715s] -- Up-to-date: /home/denis/diploma_ws/install/behaviortree_cpp/include/behaviortree_cpp/decorator_node.h
[1.715s] -- Up-to-date: /home/denis/diploma_ws/install/behaviortree_cpp/include/behaviortree_cpp/xml_parsing.h
[1.716s] -- Up-to-date: /home/denis/diploma_ws/install/behaviortree_cpp/include/behaviortree_cpp/contrib
[1.716s] -- Up-to-date: /home/denis/diploma_ws/install/behaviortree_cpp/include/behaviortree_cpp/contrib/any.hpp
[1.716s] -- Up-to-date: /home/denis/diploma_ws/install/behaviortree_cpp/include/behaviortree_cpp/contrib/magic_enum.hpp
[1.716s] -- Up-to-date: /home/denis/diploma_ws/install/behaviortree_cpp/include/behaviortree_cpp/contrib/expected.hpp
[1.717s] -- Up-to-date: /home/denis/diploma_ws/install/behaviortree_cpp/include/behaviortree_cpp/contrib/json.hpp
[1.717s] -- Up-to-date: /home/denis/diploma_ws/install/behaviortree_cpp/include/behaviortree_cpp/blackboard.h
[1.717s] -- Up-to-date: /home/denis/diploma_ws/install/behaviortree_cpp/include/behaviortree_cpp/loggers
[1.717s] -- Up-to-date: /home/denis/diploma_ws/install/behaviortree_cpp/include/behaviortree_cpp/loggers/bt_file_logger.h
[1.718s] -- Up-to-date: /home/denis/diploma_ws/install/behaviortree_cpp/include/behaviortree_cpp/loggers/bt_cout_logger.h
[1.718s] -- Up-to-date: /home/denis/diploma_ws/install/behaviortree_cpp/include/behaviortree_cpp/loggers/abstract_logger.h
[1.718s] -- Up-to-date: /home/denis/diploma_ws/install/behaviortree_cpp/include/behaviortree_cpp/loggers/groot2_protocol.h
[1.718s] -- Up-to-date: /home/denis/diploma_ws/install/behaviortree_cpp/include/behaviortree_cpp/loggers/bt_observer.h
[1.718s] -- Up-to-date: /home/denis/diploma_ws/install/behaviortree_cpp/include/behaviortree_cpp/loggers/bt_sqlite_logger.h
[1.718s] -- Up-to-date: /home/denis/diploma_ws/install/behaviortree_cpp/include/behaviortree_cpp/loggers/bt_minitrace_logger.h
[1.719s] -- Up-to-date: /home/denis/diploma_ws/install/behaviortree_cpp/include/behaviortree_cpp/loggers/groot2_publisher.h
[1.719s] -- Up-to-date: /home/denis/diploma_ws/install/behaviortree_cpp/include/behaviortree_cpp/loggers/bt_file_logger_v2.h
[1.719s] -- Up-to-date: /home/denis/diploma_ws/install/behaviortree_cpp/include/behaviortree_cpp/control_node.h
[1.719s] -- Up-to-date: /home/denis/diploma_ws/install/behaviortree_cpp/include/behaviortree_cpp/json_export.h
[1.720s] -- Up-to-date: /home/denis/diploma_ws/install/behaviortree_cpp/include/behaviortree_cpp/exceptions.h
[1.720s] -- Up-to-date: /home/denis/diploma_ws/install/behaviortree_cpp/include/behaviortree_cpp/controls
[1.720s] -- Up-to-date: /home/denis/diploma_ws/install/behaviortree_cpp/include/behaviortree_cpp/controls/if_then_else_node.h
[1.720s] -- Up-to-date: /home/denis/diploma_ws/install/behaviortree_cpp/include/behaviortree_cpp/controls/sequence_node.h
[1.721s] -- Up-to-date: /home/denis/diploma_ws/install/behaviortree_cpp/include/behaviortree_cpp/controls/reactive_sequence.h
[1.721s] -- Up-to-date: /home/denis/diploma_ws/install/behaviortree_cpp/include/behaviortree_cpp/controls/reactive_fallback.h
[1.721s] -- Up-to-date: /home/denis/diploma_ws/install/behaviortree_cpp/include/behaviortree_cpp/controls/while_do_else_node.h
[1.721s] -- Up-to-date: /home/denis/diploma_ws/install/behaviortree_cpp/include/behaviortree_cpp/controls/fallback_node.h
[1.722s] -- Up-to-date: /home/denis/diploma_ws/install/behaviortree_cpp/include/behaviortree_cpp/controls/parallel_all_node.h
[1.723s] -- Up-to-date: /home/denis/diploma_ws/install/behaviortree_cpp/include/behaviortree_cpp/controls/manual_node.h
[1.725s] -- Up-to-date: /home/denis/diploma_ws/install/behaviortree_cpp/include/behaviortree_cpp/controls/sequence_with_memory_node.h
[1.725s] -- Up-to-date: /home/denis/diploma_ws/install/behaviortree_cpp/include/behaviortree_cpp/controls/parallel_node.h
[1.726s] -- Up-to-date: /home/denis/diploma_ws/install/behaviortree_cpp/include/behaviortree_cpp/controls/switch_node.h
[1.726s] -- Up-to-date: /home/denis/diploma_ws/install/behaviortree_cpp/include/behaviortree_cpp/actions
[1.726s] -- Up-to-date: /home/denis/diploma_ws/install/behaviortree_cpp/include/behaviortree_cpp/actions/always_success_node.h
[1.727s] -- Up-to-date: /home/denis/diploma_ws/install/behaviortree_cpp/include/behaviortree_cpp/actions/script_node.h
[1.727s] -- Up-to-date: /home/denis/diploma_ws/install/behaviortree_cpp/include/behaviortree_cpp/actions/set_blackboard_node.h
[1.727s] -- Up-to-date: /home/denis/diploma_ws/install/behaviortree_cpp/include/behaviortree_cpp/actions/always_failure_node.h
[1.727s] -- Up-to-date: /home/denis/diploma_ws/install/behaviortree_cpp/include/behaviortree_cpp/actions/unset_blackboard_node.h
[1.728s] -- Up-to-date: /home/denis/diploma_ws/install/behaviortree_cpp/include/behaviortree_cpp/actions/pop_from_queue.hpp
[1.728s] -- Up-to-date: /home/denis/diploma_ws/install/behaviortree_cpp/include/behaviortree_cpp/actions/sleep_node.h
[1.728s] -- Up-to-date: /home/denis/diploma_ws/install/behaviortree_cpp/include/behaviortree_cpp/actions/script_condition.h
[1.728s] -- Up-to-date: /home/denis/diploma_ws/install/behaviortree_cpp/include/behaviortree_cpp/actions/test_node.h
[1.728s] -- Up-to-date: /home/denis/diploma_ws/install/behaviortree_cpp/include/behaviortree_cpp/bt_parser.h
[1.728s] -- Up-to-date: /home/denis/diploma_ws/install/behaviortree_cpp/include/behaviortree_cpp/leaf_node.h
[1.729s] -- Up-to-date: /home/denis/diploma_ws/install/behaviortree_cpp/include/behaviortree_cpp/tree_node.h
[1.729s] -- Up-to-date: /home/denis/diploma_ws/install/behaviortree_cpp/include/behaviortree_cpp/utils
[1.729s] -- Up-to-date: /home/denis/diploma_ws/install/behaviortree_cpp/include/behaviortree_cpp/utils/strcat.hpp
[1.729s] -- Up-to-date: /home/denis/diploma_ws/install/behaviortree_cpp/include/behaviortree_cpp/utils/platform.hpp
[1.729s] -- Up-to-date: /home/denis/diploma_ws/install/behaviortree_cpp/include/behaviortree_cpp/utils/signal.h
[1.730s] -- Up-to-date: /home/denis/diploma_ws/install/behaviortree_cpp/include/behaviortree_cpp/utils/simple_string.hpp
[1.730s] -- Up-to-date: /home/denis/diploma_ws/install/behaviortree_cpp/include/behaviortree_cpp/utils/safe_any.hpp
[1.730s] -- Up-to-date: /home/denis/diploma_ws/install/behaviortree_cpp/include/behaviortree_cpp/utils/locked_reference.hpp
[1.730s] -- Up-to-date: /home/denis/diploma_ws/install/behaviortree_cpp/include/behaviortree_cpp/utils/timer_queue.h
[1.730s] -- Up-to-date: /home/denis/diploma_ws/install/behaviortree_cpp/include/behaviortree_cpp/utils/shared_library.h
[1.731s] -- Up-to-date: /home/denis/diploma_ws/install/behaviortree_cpp/include/behaviortree_cpp/utils/demangle_util.h
[1.731s] -- Up-to-date: /home/denis/diploma_ws/install/behaviortree_cpp/include/behaviortree_cpp/utils/convert_impl.hpp
[1.731s] -- Up-to-date: /home/denis/diploma_ws/install/behaviortree_cpp/include/behaviortree_cpp/utils/wakeup_signal.hpp
[1.731s] -- Up-to-date: /home/denis/diploma_ws/install/behaviortree_cpp/include/behaviortree_cpp/scripting
[1.731s] -- Up-to-date: /home/denis/diploma_ws/install/behaviortree_cpp/include/behaviortree_cpp/scripting/any_types.hpp
[1.731s] -- Up-to-date: /home/denis/diploma_ws/install/behaviortree_cpp/include/behaviortree_cpp/scripting/script_parser.hpp
[1.731s] -- Up-to-date: /home/denis/diploma_ws/install/behaviortree_cpp/include/behaviortree_cpp/scripting/operators.hpp
[1.731s] -- Up-to-date: /home/denis/diploma_ws/install/behaviortree_cpp/include/behaviortree_cpp/basic_types.h
[1.732s] -- Up-to-date: /home/denis/diploma_ws/install/behaviortree_cpp/include/behaviortree_cpp/condition_node.h
[1.732s] -- Up-to-date: /home/denis/diploma_ws/install/behaviortree_cpp/share/behaviortree_cpp/environment/library_path.sh
[1.732s] -- Up-to-date: /home/denis/diploma_ws/install/behaviortree_cpp/share/behaviortree_cpp/environment/library_path.dsv
[1.732s] -- Up-to-date: /home/denis/diploma_ws/install/behaviortree_cpp/share/ament_index/resource_index/package_run_dependencies/behaviortree_cpp
[1.732s] -- Up-to-date: /home/denis/diploma_ws/install/behaviortree_cpp/share/ament_index/resource_index/parent_prefix_path/behaviortree_cpp
[1.732s] -- Up-to-date: /home/denis/diploma_ws/install/behaviortree_cpp/share/behaviortree_cpp/environment/ament_prefix_path.sh
[1.733s] -- Up-to-date: /home/denis/diploma_ws/install/behaviortree_cpp/share/behaviortree_cpp/environment/ament_prefix_path.dsv
[1.733s] -- Up-to-date: /home/denis/diploma_ws/install/behaviortree_cpp/share/behaviortree_cpp/environment/path.sh
[1.733s] -- Up-to-date: /home/denis/diploma_ws/install/behaviortree_cpp/share/behaviortree_cpp/environment/path.dsv
[1.733s] -- Up-to-date: /home/denis/diploma_ws/install/behaviortree_cpp/share/behaviortree_cpp/local_setup.bash
[1.733s] -- Up-to-date: /home/denis/diploma_ws/install/behaviortree_cpp/share/behaviortree_cpp/local_setup.sh
[1.733s] -- Up-to-date: /home/denis/diploma_ws/install/behaviortree_cpp/share/behaviortree_cpp/local_setup.zsh
[1.734s] -- Up-to-date: /home/denis/diploma_ws/install/behaviortree_cpp/share/behaviortree_cpp/local_setup.dsv
[1.734s] -- Installing: /home/denis/diploma_ws/install/behaviortree_cpp/share/behaviortree_cpp/package.dsv
[1.735s] -- Up-to-date: /home/denis/diploma_ws/install/behaviortree_cpp/share/ament_index/resource_index/packages/behaviortree_cpp
[1.735s] -- Up-to-date: /home/denis/diploma_ws/install/behaviortree_cpp/share/behaviortree_cpp/cmake/ament_cmake_export_dependencies-extras.cmake
[1.735s] -- Up-to-date: /home/denis/diploma_ws/install/behaviortree_cpp/share/behaviortree_cpp/cmake/ament_cmake_export_include_directories-extras.cmake
[1.735s] -- Up-to-date: /home/denis/diploma_ws/install/behaviortree_cpp/share/behaviortree_cpp/cmake/ament_cmake_export_libraries-extras.cmake
[1.736s] -- Up-to-date: /home/denis/diploma_ws/install/behaviortree_cpp/share/behaviortree_cpp/cmake/behaviortree_cppConfig.cmake
[1.736s] -- Up-to-date: /home/denis/diploma_ws/install/behaviortree_cpp/share/behaviortree_cpp/cmake/behaviortree_cppConfig-version.cmake
[1.736s] -- Up-to-date: /home/denis/diploma_ws/install/behaviortree_cpp/share/behaviortree_cpp/package.xml
[1.736s] Invoked command in '/home/denis/diploma_ws/build/behaviortree_cpp' returned '0': CMAKE_PREFIX_PATH=${CMAKE_PREFIX_PATH}:/opt/ros/humble /usr/bin/cmake --install /home/denis/diploma_ws/build/behaviortree_cpp
