[0.027s] Invoking command in '/home/denis/diploma_ws/build/fsu': CMAKE_PREFIX_PATH=/opt/ros/humble /usr/bin/cmake --build /home/denis/diploma_ws/build/fsu -- -j4 -l4
[0.310s] [100%] Built target lidar_remapping_node
[0.356s] Invoked command in '/home/denis/diploma_ws/build/fsu' returned '0': CMAKE_PREFIX_PATH=/opt/ros/humble /usr/bin/cmake --build /home/denis/diploma_ws/build/fsu -- -j4 -l4
[0.611s] Invoking command in '/home/denis/diploma_ws/build/fsu': CMAKE_PREFIX_PATH=/opt/ros/humble /usr/bin/cmake --install /home/denis/diploma_ws/build/fsu
[0.641s] -- Install configuration: ""
[0.642s] -- Up-to-date: /home/denis/diploma_ws/install/fsu/lib/fsu/lidar_remapping_node
[0.643s] -- Up-to-date: /home/denis/diploma_ws/install/fsu/share/fsu/launch
[0.643s] -- Up-to-date: /home/denis/diploma_ws/install/fsu/share/fsu/launch/fsu.launch.py
[0.644s] -- Up-to-date: /home/denis/diploma_ws/install/fsu/share/ament_index/resource_index/package_run_dependencies/fsu
[0.644s] -- Up-to-date: /home/denis/diploma_ws/install/fsu/share/ament_index/resource_index/parent_prefix_path/fsu
[0.645s] -- Up-to-date: /home/denis/diploma_ws/install/fsu/share/fsu/environment/ament_prefix_path.sh
[0.652s] -- Up-to-date: /home/denis/diploma_ws/install/fsu/share/fsu/environment/ament_prefix_path.dsv
[0.652s] -- Up-to-date: /home/denis/diploma_ws/install/fsu/share/fsu/environment/path.sh
[0.653s] -- Up-to-date: /home/denis/diploma_ws/install/fsu/share/fsu/environment/path.dsv
[0.653s] -- Up-to-date: /home/denis/diploma_ws/install/fsu/share/fsu/local_setup.bash
[0.653s] -- Up-to-date: /home/denis/diploma_ws/install/fsu/share/fsu/local_setup.sh
[0.653s] -- Up-to-date: /home/denis/diploma_ws/install/fsu/share/fsu/local_setup.zsh
[0.653s] -- Up-to-date: /home/denis/diploma_ws/install/fsu/share/fsu/local_setup.dsv
[0.654s] -- Installing: /home/denis/diploma_ws/install/fsu/share/fsu/package.dsv
[0.654s] -- Up-to-date: /home/denis/diploma_ws/install/fsu/share/ament_index/resource_index/packages/fsu
[0.654s] -- Up-to-date: /home/denis/diploma_ws/install/fsu/share/fsu/cmake/fsuConfig.cmake
[0.654s] -- Up-to-date: /home/denis/diploma_ws/install/fsu/share/fsu/cmake/fsuConfig-version.cmake
[0.654s] -- Up-to-date: /home/denis/diploma_ws/install/fsu/share/fsu/package.xml
[0.662s] Invoked command in '/home/denis/diploma_ws/build/fsu' returned '0': CMAKE_PREFIX_PATH=/opt/ros/humble /usr/bin/cmake --install /home/denis/diploma_ws/build/fsu
