[100%] Built target behaviortree_ros2
-- Install configuration: ""
-- Up-to-date: /home/denis/diploma_ws/install/behaviortree_ros2/include/
-- Up-to-date: /home/denis/diploma_ws/install/behaviortree_ros2/include//behaviortree_ros2
-- Up-to-date: /home/denis/diploma_ws/install/behaviortree_ros2/include//behaviortree_ros2/ros_node_params.hpp
-- Up-to-date: /home/denis/diploma_ws/install/behaviortree_ros2/include//behaviortree_ros2/plugins.hpp
-- Up-to-date: /home/denis/diploma_ws/install/behaviortree_ros2/include//behaviortree_ros2/bt_topic_sub_node.hpp
-- Up-to-date: /home/denis/diploma_ws/install/behaviortree_ros2/include//behaviortree_ros2/bt_service_node.hpp
-- Up-to-date: /home/denis/diploma_ws/install/behaviortree_ros2/include//behaviortree_ros2/bt_topic_pub_node.hpp
-- Up-to-date: /home/denis/diploma_ws/install/behaviortree_ros2/include//behaviortree_ros2/bt_action_node.hpp
-- Up-to-date: /home/denis/diploma_ws/install/behaviortree_ros2/share/ament_index/resource_index/package_run_dependencies/behaviortree_ros2
-- Up-to-date: /home/denis/diploma_ws/install/behaviortree_ros2/share/ament_index/resource_index/parent_prefix_path/behaviortree_ros2
-- Up-to-date: /home/denis/diploma_ws/install/behaviortree_ros2/share/behaviortree_ros2/environment/ament_prefix_path.sh
-- Up-to-date: /home/denis/diploma_ws/install/behaviortree_ros2/share/behaviortree_ros2/environment/ament_prefix_path.dsv
-- Up-to-date: /home/denis/diploma_ws/install/behaviortree_ros2/share/behaviortree_ros2/environment/path.sh
-- Up-to-date: /home/denis/diploma_ws/install/behaviortree_ros2/share/behaviortree_ros2/environment/path.dsv
-- Up-to-date: /home/denis/diploma_ws/install/behaviortree_ros2/share/behaviortree_ros2/local_setup.bash
-- Up-to-date: /home/denis/diploma_ws/install/behaviortree_ros2/share/behaviortree_ros2/local_setup.sh
-- Up-to-date: /home/denis/diploma_ws/install/behaviortree_ros2/share/behaviortree_ros2/local_setup.zsh
-- Up-to-date: /home/denis/diploma_ws/install/behaviortree_ros2/share/behaviortree_ros2/local_setup.dsv
-- Installing: /home/denis/diploma_ws/install/behaviortree_ros2/share/behaviortree_ros2/package.dsv
-- Up-to-date: /home/denis/diploma_ws/install/behaviortree_ros2/share/ament_index/resource_index/packages/behaviortree_ros2
-- Up-to-date: /home/denis/diploma_ws/install/behaviortree_ros2/share/behaviortree_ros2/cmake/ament_cmake_export_include_directories-extras.cmake
-- Up-to-date: /home/denis/diploma_ws/install/behaviortree_ros2/share/behaviortree_ros2/cmake/ament_cmake_export_dependencies-extras.cmake
-- Up-to-date: /home/denis/diploma_ws/install/behaviortree_ros2/share/behaviortree_ros2/cmake/behaviortree_ros2Config.cmake
-- Up-to-date: /home/denis/diploma_ws/install/behaviortree_ros2/share/behaviortree_ros2/cmake/behaviortree_ros2Config-version.cmake
-- Up-to-date: /home/denis/diploma_ws/install/behaviortree_ros2/share/behaviortree_ros2/package.xml
