[0.062s] Invoking command in '/home/denis/diploma_ws/build/ssu': CMAKE_PREFIX_PATH=${CMAKE_PREFIX_PATH}:/opt/ros/humble /usr/bin/cmake --build /home/denis/diploma_ws/build/ssu -- -j4 -l4
[0.242s] [ 50%] [32mBuilding CXX object CMakeFiles/sensor_supervisitory_unit.dir/src/sensor_supervisitory_unit.cpp.o[0m
[5.494s] [01m[K/home/denis/diploma_ws/src/ssu/src/sensor_supervisitory_unit.cpp:[m[K In member function ‘[01m[Kvoid SensorSupervisitoryUnit::lidar_cb(sensor_msgs::msg::LaserScan_<std::allocator<void> >::SharedPtr)[m[K’:
[5.494s] [01m[K/home/denis/diploma_ws/src/ssu/src/sensor_supervisitory_unit.cpp:23:85:[m[K [01;35m[Kwarning: [m[Kunused parameter ‘[01m[Kmsg[m[K’ [[01;35m[K]8;;https://gcc.gnu.org/onlinedocs/gcc/Warning-Options.html#index-Wunused-parameter-Wunused-parameter]8;;[m[K]
[5.495s]    23 | isitoryUnit::lidar_cb([01;35m[Kconst sensor_msgs::msg::LaserScan::SharedPtr msg[m[K)
[5.495s]       |                       [01;35m[K~~~~~~~~~~~~~~~~~~~~~~~~~~~~~~~~~~~~~~~~~~~~~^~~[m[K
[5.495s] 
[5.504s] [01m[K/home/denis/diploma_ws/src/ssu/src/sensor_supervisitory_unit.cpp:[m[K In member function ‘[01m[Kvoid SensorSupervisitoryUnit::lidar_check_service_cb(std_srvs::srv::SetBool_Request_<std::allocator<void> >::SharedPtr, std_srvs::srv::SetBool_Response_<std::allocator<void> >::SharedPtr)[m[K’:
[5.504s] [01m[K/home/denis/diploma_ws/src/ssu/src/sensor_supervisitory_unit.cpp:31:61:[m[K [01;35m[Kwarning: [m[Kunused parameter ‘[01m[Krequest[m[K’ [[01;35m[K]8;;https://gcc.gnu.org/onlinedocs/gcc/Warning-Options.html#index-Wunused-parameter-Wunused-parameter]8;;[m[K]
[5.504s]    31 |             [01;35m[Kconst std_srvs::srv::SetBool_Request::SharedPtr request[m[K,
[5.505s]       |             [01;35m[K~~~~~~~~~~~~~~~~~~~~~~~~~~~~~~~~~~~~~~~~~~~~~~~~^~~~~~~[m[K
[15.938s] [100%] [32m[1mLinking CXX executable sensor_supervisitory_unit[0m
[16.660s] [100%] Built target sensor_supervisitory_unit
[16.679s] Invoked command in '/home/denis/diploma_ws/build/ssu' returned '0': CMAKE_PREFIX_PATH=${CMAKE_PREFIX_PATH}:/opt/ros/humble /usr/bin/cmake --build /home/denis/diploma_ws/build/ssu -- -j4 -l4
[16.729s] Invoking command in '/home/denis/diploma_ws/build/ssu': CMAKE_PREFIX_PATH=${CMAKE_PREFIX_PATH}:/opt/ros/humble /usr/bin/cmake --install /home/denis/diploma_ws/build/ssu
[16.742s] -- Install configuration: ""
[16.743s] -- Installing: /home/denis/diploma_ws/install/ssu/lib/ssu/sensor_supervisitory_unit
[16.751s] -- Set runtime path of "/home/denis/diploma_ws/install/ssu/lib/ssu/sensor_supervisitory_unit" to ""
[16.752s] -- Up-to-date: /home/denis/diploma_ws/install/ssu/share/ssu/launch
[16.752s] -- Up-to-date: /home/denis/diploma_ws/install/ssu/share/ssu/launch/sensor_supervisitory_unit.launch.py
[16.752s] -- Up-to-date: /home/denis/diploma_ws/install/ssu/share/ament_index/resource_index/package_run_dependencies/ssu
[16.752s] -- Up-to-date: /home/denis/diploma_ws/install/ssu/share/ament_index/resource_index/parent_prefix_path/ssu
[16.753s] -- Up-to-date: /home/denis/diploma_ws/install/ssu/share/ssu/environment/ament_prefix_path.sh
[16.753s] -- Up-to-date: /home/denis/diploma_ws/install/ssu/share/ssu/environment/ament_prefix_path.dsv
[16.753s] -- Up-to-date: /home/denis/diploma_ws/install/ssu/share/ssu/environment/path.sh
[16.753s] -- Up-to-date: /home/denis/diploma_ws/install/ssu/share/ssu/environment/path.dsv
[16.754s] -- Up-to-date: /home/denis/diploma_ws/install/ssu/share/ssu/local_setup.bash
[16.754s] -- Up-to-date: /home/denis/diploma_ws/install/ssu/share/ssu/local_setup.sh
[16.754s] -- Up-to-date: /home/denis/diploma_ws/install/ssu/share/ssu/local_setup.zsh
[16.754s] -- Up-to-date: /home/denis/diploma_ws/install/ssu/share/ssu/local_setup.dsv
[16.754s] -- Installing: /home/denis/diploma_ws/install/ssu/share/ssu/package.dsv
[16.754s] -- Up-to-date: /home/denis/diploma_ws/install/ssu/share/ament_index/resource_index/packages/ssu
[16.755s] -- Up-to-date: /home/denis/diploma_ws/install/ssu/share/ssu/cmake/ssuConfig.cmake
[16.755s] -- Up-to-date: /home/denis/diploma_ws/install/ssu/share/ssu/cmake/ssuConfig-version.cmake
[16.755s] -- Up-to-date: /home/denis/diploma_ws/install/ssu/share/ssu/package.xml
[16.756s] Invoked command in '/home/denis/diploma_ws/build/ssu' returned '0': CMAKE_PREFIX_PATH=${CMAKE_PREFIX_PATH}:/opt/ros/humble /usr/bin/cmake --install /home/denis/diploma_ws/build/ssu
