[0.022s] Invoking command in '/home/denis/diploma_ws/build/bt': AMENT_PREFIX_PATH=/home/denis/diploma_ws/install/behaviortree_cpp:${AMENT_PREFIX_PATH} CMAKE_PREFIX_PATH=/home/denis/diploma_ws/install/behaviortree_cpp:/opt/ros/humble LD_LIBRARY_PATH=/home/denis/diploma_ws/install/behaviortree_cpp/lib:${LD_LIBRARY_PATH} PATH=/home/denis/diploma_ws/install/behaviortree_cpp/bin:${PATH} /usr/bin/cmake --build /home/denis/diploma_ws/build/bt -- -j4 -l4
[0.121s] [35m[1mConsolidate compiler generated dependencies of target lidar_bt[0m
[0.168s] [100%] Built target lidar_bt
[0.193s] Invoked command in '/home/denis/diploma_ws/build/bt' returned '0': AMENT_PREFIX_PATH=/home/denis/diploma_ws/install/behaviortree_cpp:${AMENT_PREFIX_PATH} CMAKE_PREFIX_PATH=/home/denis/diploma_ws/install/behaviortree_cpp:/opt/ros/humble LD_LIBRARY_PATH=/home/denis/diploma_ws/install/behaviortree_cpp/lib:${LD_LIBRARY_PATH} PATH=/home/denis/diploma_ws/install/behaviortree_cpp/bin:${PATH} /usr/bin/cmake --build /home/denis/diploma_ws/build/bt -- -j4 -l4
[0.246s] Invoking command in '/home/denis/diploma_ws/build/bt': AMENT_PREFIX_PATH=/home/denis/diploma_ws/install/behaviortree_cpp:${AMENT_PREFIX_PATH} CMAKE_PREFIX_PATH=/home/denis/diploma_ws/install/behaviortree_cpp:/opt/ros/humble LD_LIBRARY_PATH=/home/denis/diploma_ws/install/behaviortree_cpp/lib:${LD_LIBRARY_PATH} PATH=/home/denis/diploma_ws/install/behaviortree_cpp/bin:${PATH} /usr/bin/cmake --install /home/denis/diploma_ws/build/bt
[0.260s] -- Install configuration: ""
[0.261s] -- Up-to-date: /home/denis/diploma_ws/install/bt/lib/bt/lidar_bt
[0.261s] -- Up-to-date: /home/denis/diploma_ws/install/bt/share/bt/resources
[0.262s] -- Up-to-date: /home/denis/diploma_ws/install/bt/share/bt/resources/lidar_bt.xml
[0.262s] -- Up-to-date: /home/denis/diploma_ws/install/bt/share/bt/launch
[0.262s] -- Up-to-date: /home/denis/diploma_ws/install/bt/share/bt/launch/lidar_bt.launch.py
[0.262s] -- Up-to-date: /home/denis/diploma_ws/install/bt/share/ament_index/resource_index/package_run_dependencies/bt
[0.263s] -- Up-to-date: /home/denis/diploma_ws/install/bt/share/ament_index/resource_index/parent_prefix_path/bt
[0.263s] -- Up-to-date: /home/denis/diploma_ws/install/bt/share/bt/environment/ament_prefix_path.sh
[0.263s] -- Up-to-date: /home/denis/diploma_ws/install/bt/share/bt/environment/ament_prefix_path.dsv
[0.263s] -- Up-to-date: /home/denis/diploma_ws/install/bt/share/bt/environment/path.sh
[0.264s] -- Up-to-date: /home/denis/diploma_ws/install/bt/share/bt/environment/path.dsv
[0.264s] -- Up-to-date: /home/denis/diploma_ws/install/bt/share/bt/local_setup.bash
[0.264s] -- Up-to-date: /home/denis/diploma_ws/install/bt/share/bt/local_setup.sh
[0.264s] -- Up-to-date: /home/denis/diploma_ws/install/bt/share/bt/local_setup.zsh
[0.264s] -- Up-to-date: /home/denis/diploma_ws/install/bt/share/bt/local_setup.dsv
[0.264s] -- Installing: /home/denis/diploma_ws/install/bt/share/bt/package.dsv
[0.265s] -- Up-to-date: /home/denis/diploma_ws/install/bt/share/ament_index/resource_index/packages/bt
[0.265s] -- Up-to-date: /home/denis/diploma_ws/install/bt/share/bt/cmake/btConfig.cmake
[0.265s] -- Up-to-date: /home/denis/diploma_ws/install/bt/share/bt/cmake/btConfig-version.cmake
[0.265s] -- Up-to-date: /home/denis/diploma_ws/install/bt/share/bt/package.xml
[0.268s] Invoked command in '/home/denis/diploma_ws/build/bt' returned '0': AMENT_PREFIX_PATH=/home/denis/diploma_ws/install/behaviortree_cpp:${AMENT_PREFIX_PATH} CMAKE_PREFIX_PATH=/home/denis/diploma_ws/install/behaviortree_cpp:/opt/ros/humble LD_LIBRARY_PATH=/home/denis/diploma_ws/install/behaviortree_cpp/lib:${LD_LIBRARY_PATH} PATH=/home/denis/diploma_ws/install/behaviortree_cpp/bin:${PATH} /usr/bin/cmake --install /home/denis/diploma_ws/build/bt
