[0.116s] Invoking command in '/home/denis/diploma_ws/build/fsu': CMAKE_PREFIX_PATH=${CMAKE_PREFIX_PATH}:/opt/ros/humble /usr/bin/cmake --build /home/denis/diploma_ws/build/fsu -- -j4 -l4
[0.324s] [100%] Built target lidar_remapping_node
[0.361s] Invoked command in '/home/denis/diploma_ws/build/fsu' returned '0': CMAKE_PREFIX_PATH=${CMAKE_PREFIX_PATH}:/opt/ros/humble /usr/bin/cmake --build /home/denis/diploma_ws/build/fsu -- -j4 -l4
[0.500s] Invoking command in '/home/denis/diploma_ws/build/fsu': CMAKE_PREFIX_PATH=${CMAKE_PREFIX_PATH}:/opt/ros/humble /usr/bin/cmake --install /home/denis/diploma_ws/build/fsu
[0.523s] -- Install configuration: ""
[0.525s] -- Up-to-date: /home/denis/diploma_ws/install/fsu/lib/fsu/lidar_remapping_node
[0.526s] -- Up-to-date: /home/denis/diploma_ws/install/fsu/share/fsu/launch
[0.526s] -- Up-to-date: /home/denis/diploma_ws/install/fsu/share/fsu/launch/fsu.launch.py
[0.527s] -- Up-to-date: /home/denis/diploma_ws/install/fsu/share/ament_index/resource_index/package_run_dependencies/fsu
[0.528s] -- Up-to-date: /home/denis/diploma_ws/install/fsu/share/ament_index/resource_index/parent_prefix_path/fsu
[0.528s] -- Up-to-date: /home/denis/diploma_ws/install/fsu/share/fsu/environment/ament_prefix_path.sh
[0.528s] -- Up-to-date: /home/denis/diploma_ws/install/fsu/share/fsu/environment/ament_prefix_path.dsv
[0.529s] -- Up-to-date: /home/denis/diploma_ws/install/fsu/share/fsu/environment/path.sh
[0.529s] -- Up-to-date: /home/denis/diploma_ws/install/fsu/share/fsu/environment/path.dsv
[0.530s] -- Up-to-date: /home/denis/diploma_ws/install/fsu/share/fsu/local_setup.bash
[0.530s] -- Up-to-date: /home/denis/diploma_ws/install/fsu/share/fsu/local_setup.sh
[0.531s] -- Up-to-date: /home/denis/diploma_ws/install/fsu/share/fsu/local_setup.zsh
[0.531s] -- Up-to-date: /home/denis/diploma_ws/install/fsu/share/fsu/local_setup.dsv
[0.532s] -- Installing: /home/denis/diploma_ws/install/fsu/share/fsu/package.dsv
[0.532s] -- Up-to-date: /home/denis/diploma_ws/install/fsu/share/ament_index/resource_index/packages/fsu
[0.533s] -- Up-to-date: /home/denis/diploma_ws/install/fsu/share/fsu/cmake/fsuConfig.cmake
[0.533s] -- Up-to-date: /home/denis/diploma_ws/install/fsu/share/fsu/cmake/fsuConfig-version.cmake
[0.534s] -- Up-to-date: /home/denis/diploma_ws/install/fsu/share/fsu/package.xml
[0.542s] Invoked command in '/home/denis/diploma_ws/build/fsu' returned '0': CMAKE_PREFIX_PATH=${CMAKE_PREFIX_PATH}:/opt/ros/humble /usr/bin/cmake --install /home/denis/diploma_ws/build/fsu
