[0.021s] Invoking command in '/home/denis/diploma_ws/build/turtlebot3_simulations': AMENT_PREFIX_PATH=/home/denis/diploma_ws/install/turtlebot3_gazebo:/home/denis/diploma_ws/install/turtlebot3_fake_node:${AMENT_PREFIX_PATH} CMAKE_PREFIX_PATH=/home/denis/diploma_ws/install/turtlebot3_gazebo:/home/denis/diploma_ws/install/turtlebot3_fake_node:/opt/ros/humble /usr/bin/cmake /home/denis/diploma_ws/src/turtlebot3_simulations/turtlebot3_simulations -DCMAKE_INSTALL_PREFIX=/home/denis/diploma_ws/install/turtlebot3_simulations
[0.138s] -- The C compiler identification is GNU 11.4.0
[0.235s] -- The CXX compiler identification is GNU 11.4.0
[0.254s] -- Detecting C compiler ABI info
[0.392s] -- Detecting C compiler ABI info - done
[0.407s] -- Check for working C compiler: /usr/bin/cc - skipped
[0.408s] -- Detecting C compile features
[0.409s] -- Detecting C compile features - done
[0.415s] -- Detecting CXX compiler ABI info
[0.556s] -- Detecting CXX compiler ABI info - done
[0.571s] -- Check for working CXX compiler: /usr/bin/c++ - skipped
[0.572s] -- Detecting CXX compile features
[0.573s] -- Detecting CXX compile features - done
[0.579s] -- Found ament_cmake: 1.3.8 (/opt/ros/humble/share/ament_cmake/cmake)
[0.834s] -- Found Python3: /usr/bin/python3 (found version "3.10.12") found components: Interpreter 
[1.108s] -- Configuring done
[1.114s] -- Generating done
[1.117s] -- Build files have been written to: /home/denis/diploma_ws/build/turtlebot3_simulations
[1.126s] Invoked command in '/home/denis/diploma_ws/build/turtlebot3_simulations' returned '0': AMENT_PREFIX_PATH=/home/denis/diploma_ws/install/turtlebot3_gazebo:/home/denis/diploma_ws/install/turtlebot3_fake_node:${AMENT_PREFIX_PATH} CMAKE_PREFIX_PATH=/home/denis/diploma_ws/install/turtlebot3_gazebo:/home/denis/diploma_ws/install/turtlebot3_fake_node:/opt/ros/humble /usr/bin/cmake /home/denis/diploma_ws/src/turtlebot3_simulations/turtlebot3_simulations -DCMAKE_INSTALL_PREFIX=/home/denis/diploma_ws/install/turtlebot3_simulations
[1.129s] Invoking command in '/home/denis/diploma_ws/build/turtlebot3_simulations': AMENT_PREFIX_PATH=/home/denis/diploma_ws/install/turtlebot3_gazebo:/home/denis/diploma_ws/install/turtlebot3_fake_node:${AMENT_PREFIX_PATH} CMAKE_PREFIX_PATH=/home/denis/diploma_ws/install/turtlebot3_gazebo:/home/denis/diploma_ws/install/turtlebot3_fake_node:/opt/ros/humble /usr/bin/cmake --build /home/denis/diploma_ws/build/turtlebot3_simulations -- -j4 -l4
[1.190s] Invoked command in '/home/denis/diploma_ws/build/turtlebot3_simulations' returned '0': AMENT_PREFIX_PATH=/home/denis/diploma_ws/install/turtlebot3_gazebo:/home/denis/diploma_ws/install/turtlebot3_fake_node:${AMENT_PREFIX_PATH} CMAKE_PREFIX_PATH=/home/denis/diploma_ws/install/turtlebot3_gazebo:/home/denis/diploma_ws/install/turtlebot3_fake_node:/opt/ros/humble /usr/bin/cmake --build /home/denis/diploma_ws/build/turtlebot3_simulations -- -j4 -l4
[1.229s] Invoking command in '/home/denis/diploma_ws/build/turtlebot3_simulations': AMENT_PREFIX_PATH=/home/denis/diploma_ws/install/turtlebot3_gazebo:/home/denis/diploma_ws/install/turtlebot3_fake_node:${AMENT_PREFIX_PATH} CMAKE_PREFIX_PATH=/home/denis/diploma_ws/install/turtlebot3_gazebo:/home/denis/diploma_ws/install/turtlebot3_fake_node:/opt/ros/humble /usr/bin/cmake --install /home/denis/diploma_ws/build/turtlebot3_simulations
[1.240s] -- Install configuration: ""
[1.241s] -- Installing: /home/denis/diploma_ws/install/turtlebot3_simulations/share/ament_index/resource_index/package_run_dependencies/turtlebot3_simulations
[1.241s] -- Installing: /home/denis/diploma_ws/install/turtlebot3_simulations/share/ament_index/resource_index/parent_prefix_path/turtlebot3_simulations
[1.241s] -- Installing: /home/denis/diploma_ws/install/turtlebot3_simulations/share/turtlebot3_simulations/environment/ament_prefix_path.sh
[1.242s] -- Installing: /home/denis/diploma_ws/install/turtlebot3_simulations/share/turtlebot3_simulations/environment/ament_prefix_path.dsv
[1.242s] -- Installing: /home/denis/diploma_ws/install/turtlebot3_simulations/share/turtlebot3_simulations/environment/path.sh
[1.242s] -- Installing: /home/denis/diploma_ws/install/turtlebot3_simulations/share/turtlebot3_simulations/environment/path.dsv
[1.243s] -- Installing: /home/denis/diploma_ws/install/turtlebot3_simulations/share/turtlebot3_simulations/local_setup.bash
[1.243s] -- Installing: /home/denis/diploma_ws/install/turtlebot3_simulations/share/turtlebot3_simulations/local_setup.sh
[1.243s] -- Installing: /home/denis/diploma_ws/install/turtlebot3_simulations/share/turtlebot3_simulations/local_setup.zsh
[1.243s] -- Installing: /home/denis/diploma_ws/install/turtlebot3_simulations/share/turtlebot3_simulations/local_setup.dsv
[1.244s] -- Installing: /home/denis/diploma_ws/install/turtlebot3_simulations/share/turtlebot3_simulations/package.dsv
[1.244s] -- Installing: /home/denis/diploma_ws/install/turtlebot3_simulations/share/ament_index/resource_index/packages/turtlebot3_simulations
[1.244s] -- Installing: /home/denis/diploma_ws/install/turtlebot3_simulations/share/turtlebot3_simulations/cmake/turtlebot3_simulationsConfig.cmake
[1.245s] -- Installing: /home/denis/diploma_ws/install/turtlebot3_simulations/share/turtlebot3_simulations/cmake/turtlebot3_simulationsConfig-version.cmake
[1.245s] -- Installing: /home/denis/diploma_ws/install/turtlebot3_simulations/share/turtlebot3_simulations/package.xml
[1.249s] Invoked command in '/home/denis/diploma_ws/build/turtlebot3_simulations' returned '0': AMENT_PREFIX_PATH=/home/denis/diploma_ws/install/turtlebot3_gazebo:/home/denis/diploma_ws/install/turtlebot3_fake_node:${AMENT_PREFIX_PATH} CMAKE_PREFIX_PATH=/home/denis/diploma_ws/install/turtlebot3_gazebo:/home/denis/diploma_ws/install/turtlebot3_fake_node:/opt/ros/humble /usr/bin/cmake --install /home/denis/diploma_ws/build/turtlebot3_simulations
