[0.042s] Invoking command in '/home/denis/diploma_ws/build/csu': CMAKE_PREFIX_PATH=${CMAKE_PREFIX_PATH}:/opt/ros/humble /usr/bin/cmake --build /home/denis/diploma_ws/build/csu -- -j4 -l4
[0.136s] Invoked command in '/home/denis/diploma_ws/build/csu' returned '0': CMAKE_PREFIX_PATH=${CMAKE_PREFIX_PATH}:/opt/ros/humble /usr/bin/cmake --build /home/denis/diploma_ws/build/csu -- -j4 -l4
[0.276s] Invoking command in '/home/denis/diploma_ws/build/csu': CMAKE_PREFIX_PATH=${CMAKE_PREFIX_PATH}:/opt/ros/humble /usr/bin/cmake --install /home/denis/diploma_ws/build/csu
[0.298s] -- Install configuration: ""
[0.299s] -- Up-to-date: /home/denis/diploma_ws/install/csu/share/ament_index/resource_index/package_run_dependencies/csu
[0.301s] -- Up-to-date: /home/denis/diploma_ws/install/csu/share/ament_index/resource_index/parent_prefix_path/csu
[0.301s] -- Up-to-date: /home/denis/diploma_ws/install/csu/share/csu/environment/ament_prefix_path.sh
[0.302s] -- Up-to-date: /home/denis/diploma_ws/install/csu/share/csu/environment/ament_prefix_path.dsv
[0.311s] -- Up-to-date: /home/denis/diploma_ws/install/csu/share/csu/environment/path.sh
[0.311s] -- Up-to-date: /home/denis/diploma_ws/install/csu/share/csu/environment/path.dsv
[0.311s] -- Up-to-date: /home/denis/diploma_ws/install/csu/share/csu/local_setup.bash
[0.312s] -- Up-to-date: /home/denis/diploma_ws/install/csu/share/csu/local_setup.sh
[0.312s] -- Up-to-date: /home/denis/diploma_ws/install/csu/share/csu/local_setup.zsh
[0.313s] -- Up-to-date: /home/denis/diploma_ws/install/csu/share/csu/local_setup.dsv
[0.314s] -- Installing: /home/denis/diploma_ws/install/csu/share/csu/package.dsv
[0.314s] -- Up-to-date: /home/denis/diploma_ws/install/csu/share/ament_index/resource_index/packages/csu
[0.314s] -- Up-to-date: /home/denis/diploma_ws/install/csu/share/csu/cmake/csuConfig.cmake
[0.314s] -- Up-to-date: /home/denis/diploma_ws/install/csu/share/csu/cmake/csuConfig-version.cmake
[0.315s] -- Up-to-date: /home/denis/diploma_ws/install/csu/share/csu/package.xml
[0.347s] Invoked command in '/home/denis/diploma_ws/build/csu' returned '0': CMAKE_PREFIX_PATH=${CMAKE_PREFIX_PATH}:/opt/ros/humble /usr/bin/cmake --install /home/denis/diploma_ws/build/csu
