[0.032s] Invoking command in '/home/denis/diploma_ws/build/btcpp_ros2_interfaces': CMAKE_PREFIX_PATH=/opt/ros/humble /usr/bin/cmake --build /home/denis/diploma_ws/build/btcpp_ros2_interfaces -- -j4 -l4
[0.298s] [  9%] Built target btcpp_ros2_interfaces__rosidl_generator_c
[0.357s] [ 12%] Built target btcpp_ros2_interfaces__cpp
[0.372s] [ 12%] Built target ament_cmake_python_copy_btcpp_ros2_interfaces
[0.459s] [ 22%] Built target btcpp_ros2_interfaces__rosidl_typesupport_c
[0.471s] [ 32%] Built target btcpp_ros2_interfaces__rosidl_typesupport_fastrtps_c
[0.482s] [ 41%] Built target btcpp_ros2_interfaces__rosidl_typesupport_introspection_c
[0.492s] [ 51%] Built target btcpp_ros2_interfaces__rosidl_typesupport_fastrtps_cpp
[0.533s] [ 61%] Built target btcpp_ros2_interfaces__rosidl_typesupport_introspection_cpp
[0.578s] [ 70%] Built target btcpp_ros2_interfaces__rosidl_typesupport_cpp
[0.663s] [ 70%] Built target btcpp_ros2_interfaces
[0.756s] [ 74%] Built target btcpp_ros2_interfaces__py
[0.874s] [ 80%] Built target btcpp_ros2_interfaces__rosidl_generator_py
[1.044s] [ 87%] Built target btcpp_ros2_interfaces__rosidl_typesupport_fastrtps_c__pyext
[1.102s] [ 93%] Built target btcpp_ros2_interfaces__rosidl_typesupport_c__pyext
[1.112s] [100%] Built target btcpp_ros2_interfaces__rosidl_typesupport_introspection_c__pyext
[1.453s] running egg_info
[1.455s] writing btcpp_ros2_interfaces.egg-info/PKG-INFO
[1.456s] writing dependency_links to btcpp_ros2_interfaces.egg-info/dependency_links.txt
[1.456s] writing top-level names to btcpp_ros2_interfaces.egg-info/top_level.txt
[1.464s] reading manifest file 'btcpp_ros2_interfaces.egg-info/SOURCES.txt'
[1.466s] writing manifest file 'btcpp_ros2_interfaces.egg-info/SOURCES.txt'
[1.544s] [100%] Built target ament_cmake_python_build_btcpp_ros2_interfaces_egg
[1.568s] Invoked command in '/home/denis/diploma_ws/build/btcpp_ros2_interfaces' returned '0': CMAKE_PREFIX_PATH=/opt/ros/humble /usr/bin/cmake --build /home/denis/diploma_ws/build/btcpp_ros2_interfaces -- -j4 -l4
[1.785s] Invoking command in '/home/denis/diploma_ws/build/btcpp_ros2_interfaces': CMAKE_PREFIX_PATH=/opt/ros/humble /usr/bin/cmake --install /home/denis/diploma_ws/build/btcpp_ros2_interfaces
[1.806s] -- Install configuration: ""
[1.808s] -- Up-to-date: /home/denis/diploma_ws/install/btcpp_ros2_interfaces/share/ament_index/resource_index/rosidl_interfaces/btcpp_ros2_interfaces
[1.810s] -- Up-to-date: /home/denis/diploma_ws/install/btcpp_ros2_interfaces/include/btcpp_ros2_interfaces/btcpp_ros2_interfaces
[1.810s] -- Up-to-date: /home/denis/diploma_ws/install/btcpp_ros2_interfaces/include/btcpp_ros2_interfaces/btcpp_ros2_interfaces/action
[1.810s] -- Up-to-date: /home/denis/diploma_ws/install/btcpp_ros2_interfaces/include/btcpp_ros2_interfaces/btcpp_ros2_interfaces/action/sleep.h
[1.810s] -- Up-to-date: /home/denis/diploma_ws/install/btcpp_ros2_interfaces/include/btcpp_ros2_interfaces/btcpp_ros2_interfaces/action/detail
[1.811s] -- Up-to-date: /home/denis/diploma_ws/install/btcpp_ros2_interfaces/include/btcpp_ros2_interfaces/btcpp_ros2_interfaces/action/detail/sleep__struct.h
[1.811s] -- Up-to-date: /home/denis/diploma_ws/install/btcpp_ros2_interfaces/include/btcpp_ros2_interfaces/btcpp_ros2_interfaces/action/detail/sleep__type_support.h
[1.812s] -- Up-to-date: /home/denis/diploma_ws/install/btcpp_ros2_interfaces/include/btcpp_ros2_interfaces/btcpp_ros2_interfaces/action/detail/sleep__functions.h
[1.812s] -- Up-to-date: /home/denis/diploma_ws/install/btcpp_ros2_interfaces/include/btcpp_ros2_interfaces/btcpp_ros2_interfaces/action/detail/sleep__functions.c
[1.812s] -- Up-to-date: /home/denis/diploma_ws/install/btcpp_ros2_interfaces/include/btcpp_ros2_interfaces/btcpp_ros2_interfaces/msg
[1.813s] -- Up-to-date: /home/denis/diploma_ws/install/btcpp_ros2_interfaces/include/btcpp_ros2_interfaces/btcpp_ros2_interfaces/msg/rosidl_generator_c__visibility_control.h
[1.813s] -- Up-to-date: /home/denis/diploma_ws/install/btcpp_ros2_interfaces/share/btcpp_ros2_interfaces/environment/library_path.sh
[1.813s] -- Up-to-date: /home/denis/diploma_ws/install/btcpp_ros2_interfaces/share/btcpp_ros2_interfaces/environment/library_path.dsv
[1.815s] -- Up-to-date: /home/denis/diploma_ws/install/btcpp_ros2_interfaces/lib/libbtcpp_ros2_interfaces__rosidl_generator_c.so
[1.816s] -- Up-to-date: /home/denis/diploma_ws/install/btcpp_ros2_interfaces/include/btcpp_ros2_interfaces/btcpp_ros2_interfaces
[1.816s] -- Up-to-date: /home/denis/diploma_ws/install/btcpp_ros2_interfaces/include/btcpp_ros2_interfaces/btcpp_ros2_interfaces/action
[1.816s] -- Up-to-date: /home/denis/diploma_ws/install/btcpp_ros2_interfaces/include/btcpp_ros2_interfaces/btcpp_ros2_interfaces/action/detail
[1.816s] -- Up-to-date: /home/denis/diploma_ws/install/btcpp_ros2_interfaces/include/btcpp_ros2_interfaces/btcpp_ros2_interfaces/action/detail/sleep__rosidl_typesupport_fastrtps_c.h
[1.816s] -- Up-to-date: /home/denis/diploma_ws/install/btcpp_ros2_interfaces/include/btcpp_ros2_interfaces/btcpp_ros2_interfaces/msg
[1.817s] -- Up-to-date: /home/denis/diploma_ws/install/btcpp_ros2_interfaces/include/btcpp_ros2_interfaces/btcpp_ros2_interfaces/msg/rosidl_typesupport_fastrtps_c__visibility_control.h
[1.817s] -- Up-to-date: /home/denis/diploma_ws/install/btcpp_ros2_interfaces/lib/libbtcpp_ros2_interfaces__rosidl_typesupport_fastrtps_c.so
[1.818s] -- Up-to-date: /home/denis/diploma_ws/install/btcpp_ros2_interfaces/include/btcpp_ros2_interfaces/btcpp_ros2_interfaces
[1.818s] -- Up-to-date: /home/denis/diploma_ws/install/btcpp_ros2_interfaces/include/btcpp_ros2_interfaces/btcpp_ros2_interfaces/action
[1.819s] -- Up-to-date: /home/denis/diploma_ws/install/btcpp_ros2_interfaces/include/btcpp_ros2_interfaces/btcpp_ros2_interfaces/action/detail
[1.819s] -- Up-to-date: /home/denis/diploma_ws/install/btcpp_ros2_interfaces/include/btcpp_ros2_interfaces/btcpp_ros2_interfaces/action/detail/sleep__rosidl_typesupport_introspection_c.h
[1.820s] -- Up-to-date: /home/denis/diploma_ws/install/btcpp_ros2_interfaces/include/btcpp_ros2_interfaces/btcpp_ros2_interfaces/action/detail/sleep__type_support.c
[1.820s] -- Up-to-date: /home/denis/diploma_ws/install/btcpp_ros2_interfaces/include/btcpp_ros2_interfaces/btcpp_ros2_interfaces/msg
[1.820s] -- Up-to-date: /home/denis/diploma_ws/install/btcpp_ros2_interfaces/include/btcpp_ros2_interfaces/btcpp_ros2_interfaces/msg/rosidl_typesupport_introspection_c__visibility_control.h
[1.820s] -- Up-to-date: /home/denis/diploma_ws/install/btcpp_ros2_interfaces/lib/libbtcpp_ros2_interfaces__rosidl_typesupport_introspection_c.so
[1.822s] -- Up-to-date: /home/denis/diploma_ws/install/btcpp_ros2_interfaces/lib/libbtcpp_ros2_interfaces__rosidl_typesupport_c.so
[1.822s] -- Up-to-date: /home/denis/diploma_ws/install/btcpp_ros2_interfaces/include/btcpp_ros2_interfaces/btcpp_ros2_interfaces
[1.823s] -- Up-to-date: /home/denis/diploma_ws/install/btcpp_ros2_interfaces/include/btcpp_ros2_interfaces/btcpp_ros2_interfaces/action
[1.823s] -- Up-to-date: /home/denis/diploma_ws/install/btcpp_ros2_interfaces/include/btcpp_ros2_interfaces/btcpp_ros2_interfaces/action/sleep.hpp
[1.823s] -- Up-to-date: /home/denis/diploma_ws/install/btcpp_ros2_interfaces/include/btcpp_ros2_interfaces/btcpp_ros2_interfaces/action/detail
[1.823s] -- Up-to-date: /home/denis/diploma_ws/install/btcpp_ros2_interfaces/include/btcpp_ros2_interfaces/btcpp_ros2_interfaces/action/detail/sleep__traits.hpp
[1.823s] -- Up-to-date: /home/denis/diploma_ws/install/btcpp_ros2_interfaces/include/btcpp_ros2_interfaces/btcpp_ros2_interfaces/action/detail/sleep__struct.hpp
[1.824s] -- Up-to-date: /home/denis/diploma_ws/install/btcpp_ros2_interfaces/include/btcpp_ros2_interfaces/btcpp_ros2_interfaces/action/detail/sleep__builder.hpp
[1.824s] -- Up-to-date: /home/denis/diploma_ws/install/btcpp_ros2_interfaces/include/btcpp_ros2_interfaces/btcpp_ros2_interfaces
[1.824s] -- Up-to-date: /home/denis/diploma_ws/install/btcpp_ros2_interfaces/include/btcpp_ros2_interfaces/btcpp_ros2_interfaces/action
[1.824s] -- Up-to-date: /home/denis/diploma_ws/install/btcpp_ros2_interfaces/include/btcpp_ros2_interfaces/btcpp_ros2_interfaces/action/detail
[1.824s] -- Up-to-date: /home/denis/diploma_ws/install/btcpp_ros2_interfaces/include/btcpp_ros2_interfaces/btcpp_ros2_interfaces/action/detail/dds_fastrtps
[1.824s] -- Up-to-date: /home/denis/diploma_ws/install/btcpp_ros2_interfaces/include/btcpp_ros2_interfaces/btcpp_ros2_interfaces/action/detail/sleep__rosidl_typesupport_fastrtps_cpp.hpp
[1.825s] -- Up-to-date: /home/denis/diploma_ws/install/btcpp_ros2_interfaces/include/btcpp_ros2_interfaces/btcpp_ros2_interfaces/msg
[1.825s] -- Up-to-date: /home/denis/diploma_ws/install/btcpp_ros2_interfaces/include/btcpp_ros2_interfaces/btcpp_ros2_interfaces/msg/rosidl_typesupport_fastrtps_cpp__visibility_control.h
[1.825s] -- Up-to-date: /home/denis/diploma_ws/install/btcpp_ros2_interfaces/lib/libbtcpp_ros2_interfaces__rosidl_typesupport_fastrtps_cpp.so
[1.826s] -- Up-to-date: /home/denis/diploma_ws/install/btcpp_ros2_interfaces/include/btcpp_ros2_interfaces/btcpp_ros2_interfaces
[1.826s] -- Up-to-date: /home/denis/diploma_ws/install/btcpp_ros2_interfaces/include/btcpp_ros2_interfaces/btcpp_ros2_interfaces/action
[1.827s] -- Up-to-date: /home/denis/diploma_ws/install/btcpp_ros2_interfaces/include/btcpp_ros2_interfaces/btcpp_ros2_interfaces/action/detail
[1.827s] -- Up-to-date: /home/denis/diploma_ws/install/btcpp_ros2_interfaces/include/btcpp_ros2_interfaces/btcpp_ros2_interfaces/action/detail/sleep__rosidl_typesupport_introspection_cpp.hpp
[1.827s] -- Up-to-date: /home/denis/diploma_ws/install/btcpp_ros2_interfaces/include/btcpp_ros2_interfaces/btcpp_ros2_interfaces/action/detail/sleep__type_support.cpp
[1.828s] -- Up-to-date: /home/denis/diploma_ws/install/btcpp_ros2_interfaces/lib/libbtcpp_ros2_interfaces__rosidl_typesupport_introspection_cpp.so
[1.830s] -- Up-to-date: /home/denis/diploma_ws/install/btcpp_ros2_interfaces/lib/libbtcpp_ros2_interfaces__rosidl_typesupport_cpp.so
[1.831s] -- Up-to-date: /home/denis/diploma_ws/install/btcpp_ros2_interfaces/share/btcpp_ros2_interfaces/environment/pythonpath.sh
[1.832s] -- Up-to-date: /home/denis/diploma_ws/install/btcpp_ros2_interfaces/share/btcpp_ros2_interfaces/environment/pythonpath.dsv
[1.832s] -- Up-to-date: /home/denis/diploma_ws/install/btcpp_ros2_interfaces/local/lib/python3.10/dist-packages/btcpp_ros2_interfaces-0.2.0-py3.10.egg-info
[1.832s] -- Installing: /home/denis/diploma_ws/install/btcpp_ros2_interfaces/local/lib/python3.10/dist-packages/btcpp_ros2_interfaces-0.2.0-py3.10.egg-info/SOURCES.txt
[1.834s] -- Installing: /home/denis/diploma_ws/install/btcpp_ros2_interfaces/local/lib/python3.10/dist-packages/btcpp_ros2_interfaces-0.2.0-py3.10.egg-info/dependency_links.txt
[1.834s] -- Installing: /home/denis/diploma_ws/install/btcpp_ros2_interfaces/local/lib/python3.10/dist-packages/btcpp_ros2_interfaces-0.2.0-py3.10.egg-info/PKG-INFO
[1.834s] -- Installing: /home/denis/diploma_ws/install/btcpp_ros2_interfaces/local/lib/python3.10/dist-packages/btcpp_ros2_interfaces-0.2.0-py3.10.egg-info/top_level.txt
[1.834s] -- Up-to-date: /home/denis/diploma_ws/install/btcpp_ros2_interfaces/local/lib/python3.10/dist-packages/btcpp_ros2_interfaces
[1.835s] -- Up-to-date: /home/denis/diploma_ws/install/btcpp_ros2_interfaces/local/lib/python3.10/dist-packages/btcpp_ros2_interfaces/btcpp_ros2_interfaces_s__rosidl_typesupport_introspection_c.cpython-310-x86_64-linux-gnu.so
[1.835s] -- Up-to-date: /home/denis/diploma_ws/install/btcpp_ros2_interfaces/local/lib/python3.10/dist-packages/btcpp_ros2_interfaces/btcpp_ros2_interfaces_s__rosidl_typesupport_c.cpython-310-x86_64-linux-gnu.so
[1.835s] -- Up-to-date: /home/denis/diploma_ws/install/btcpp_ros2_interfaces/local/lib/python3.10/dist-packages/btcpp_ros2_interfaces/btcpp_ros2_interfaces_s__rosidl_typesupport_fastrtps_c.cpython-310-x86_64-linux-gnu.so
[1.836s] -- Up-to-date: /home/denis/diploma_ws/install/btcpp_ros2_interfaces/local/lib/python3.10/dist-packages/btcpp_ros2_interfaces/action
[1.836s] -- Up-to-date: /home/denis/diploma_ws/install/btcpp_ros2_interfaces/local/lib/python3.10/dist-packages/btcpp_ros2_interfaces/action/_sleep_s.c
[1.836s] -- Up-to-date: /home/denis/diploma_ws/install/btcpp_ros2_interfaces/local/lib/python3.10/dist-packages/btcpp_ros2_interfaces/action/__init__.py
[1.836s] -- Up-to-date: /home/denis/diploma_ws/install/btcpp_ros2_interfaces/local/lib/python3.10/dist-packages/btcpp_ros2_interfaces/action/_sleep.py
[1.837s] -- Up-to-date: /home/denis/diploma_ws/install/btcpp_ros2_interfaces/local/lib/python3.10/dist-packages/btcpp_ros2_interfaces/_btcpp_ros2_interfaces_s.ep.rosidl_typesupport_c.c
[1.837s] -- Up-to-date: /home/denis/diploma_ws/install/btcpp_ros2_interfaces/local/lib/python3.10/dist-packages/btcpp_ros2_interfaces/_btcpp_ros2_interfaces_s.ep.rosidl_typesupport_introspection_c.c
[1.837s] -- Up-to-date: /home/denis/diploma_ws/install/btcpp_ros2_interfaces/local/lib/python3.10/dist-packages/btcpp_ros2_interfaces/__init__.py
[1.837s] -- Up-to-date: /home/denis/diploma_ws/install/btcpp_ros2_interfaces/local/lib/python3.10/dist-packages/btcpp_ros2_interfaces/_btcpp_ros2_interfaces_s.ep.rosidl_typesupport_fastrtps_c.c
[1.838s] -- Up-to-date: /home/denis/diploma_ws/install/btcpp_ros2_interfaces/local/lib/python3.10/dist-packages/btcpp_ros2_interfaces/libbtcpp_ros2_interfaces__rosidl_generator_py.so
[1.926s] Listing '/home/denis/diploma_ws/install/btcpp_ros2_interfaces/local/lib/python3.10/dist-packages/btcpp_ros2_interfaces'...
[1.927s] Listing '/home/denis/diploma_ws/install/btcpp_ros2_interfaces/local/lib/python3.10/dist-packages/btcpp_ros2_interfaces/action'...
[1.941s] -- Up-to-date: /home/denis/diploma_ws/install/btcpp_ros2_interfaces/local/lib/python3.10/dist-packages/btcpp_ros2_interfaces/btcpp_ros2_interfaces_s__rosidl_typesupport_fastrtps_c.cpython-310-x86_64-linux-gnu.so
[1.943s] -- Up-to-date: /home/denis/diploma_ws/install/btcpp_ros2_interfaces/local/lib/python3.10/dist-packages/btcpp_ros2_interfaces/btcpp_ros2_interfaces_s__rosidl_typesupport_introspection_c.cpython-310-x86_64-linux-gnu.so
[1.944s] -- Up-to-date: /home/denis/diploma_ws/install/btcpp_ros2_interfaces/local/lib/python3.10/dist-packages/btcpp_ros2_interfaces/btcpp_ros2_interfaces_s__rosidl_typesupport_c.cpython-310-x86_64-linux-gnu.so
[1.946s] -- Up-to-date: /home/denis/diploma_ws/install/btcpp_ros2_interfaces/lib/libbtcpp_ros2_interfaces__rosidl_generator_py.so
[1.947s] -- Up-to-date: /home/denis/diploma_ws/install/btcpp_ros2_interfaces/share/btcpp_ros2_interfaces/action/Sleep.idl
[1.947s] -- Up-to-date: /home/denis/diploma_ws/install/btcpp_ros2_interfaces/share/btcpp_ros2_interfaces/action/Sleep.action
[1.948s] -- Up-to-date: /home/denis/diploma_ws/install/btcpp_ros2_interfaces/share/ament_index/resource_index/package_run_dependencies/btcpp_ros2_interfaces
[1.949s] -- Up-to-date: /home/denis/diploma_ws/install/btcpp_ros2_interfaces/share/ament_index/resource_index/parent_prefix_path/btcpp_ros2_interfaces
[1.950s] -- Up-to-date: /home/denis/diploma_ws/install/btcpp_ros2_interfaces/share/btcpp_ros2_interfaces/environment/ament_prefix_path.sh
[1.950s] -- Up-to-date: /home/denis/diploma_ws/install/btcpp_ros2_interfaces/share/btcpp_ros2_interfaces/environment/ament_prefix_path.dsv
[1.950s] -- Up-to-date: /home/denis/diploma_ws/install/btcpp_ros2_interfaces/share/btcpp_ros2_interfaces/environment/path.sh
[1.951s] -- Up-to-date: /home/denis/diploma_ws/install/btcpp_ros2_interfaces/share/btcpp_ros2_interfaces/environment/path.dsv
[1.951s] -- Up-to-date: /home/denis/diploma_ws/install/btcpp_ros2_interfaces/share/btcpp_ros2_interfaces/local_setup.bash
[1.951s] -- Up-to-date: /home/denis/diploma_ws/install/btcpp_ros2_interfaces/share/btcpp_ros2_interfaces/local_setup.sh
[1.952s] -- Up-to-date: /home/denis/diploma_ws/install/btcpp_ros2_interfaces/share/btcpp_ros2_interfaces/local_setup.zsh
[1.952s] -- Up-to-date: /home/denis/diploma_ws/install/btcpp_ros2_interfaces/share/btcpp_ros2_interfaces/local_setup.dsv
[1.952s] -- Installing: /home/denis/diploma_ws/install/btcpp_ros2_interfaces/share/btcpp_ros2_interfaces/package.dsv
[1.953s] -- Up-to-date: /home/denis/diploma_ws/install/btcpp_ros2_interfaces/share/ament_index/resource_index/packages/btcpp_ros2_interfaces
[1.953s] -- Up-to-date: /home/denis/diploma_ws/install/btcpp_ros2_interfaces/share/btcpp_ros2_interfaces/cmake/export_btcpp_ros2_interfaces__rosidl_generator_cExport.cmake
[1.953s] -- Up-to-date: /home/denis/diploma_ws/install/btcpp_ros2_interfaces/share/btcpp_ros2_interfaces/cmake/export_btcpp_ros2_interfaces__rosidl_generator_cExport-noconfig.cmake
[1.954s] -- Up-to-date: /home/denis/diploma_ws/install/btcpp_ros2_interfaces/share/btcpp_ros2_interfaces/cmake/export_btcpp_ros2_interfaces__rosidl_typesupport_fastrtps_cExport.cmake
[1.954s] -- Up-to-date: /home/denis/diploma_ws/install/btcpp_ros2_interfaces/share/btcpp_ros2_interfaces/cmake/export_btcpp_ros2_interfaces__rosidl_typesupport_fastrtps_cExport-noconfig.cmake
[1.955s] -- Up-to-date: /home/denis/diploma_ws/install/btcpp_ros2_interfaces/share/btcpp_ros2_interfaces/cmake/btcpp_ros2_interfaces__rosidl_typesupport_introspection_cExport.cmake
[1.955s] -- Up-to-date: /home/denis/diploma_ws/install/btcpp_ros2_interfaces/share/btcpp_ros2_interfaces/cmake/btcpp_ros2_interfaces__rosidl_typesupport_introspection_cExport-noconfig.cmake
[1.956s] -- Up-to-date: /home/denis/diploma_ws/install/btcpp_ros2_interfaces/share/btcpp_ros2_interfaces/cmake/btcpp_ros2_interfaces__rosidl_typesupport_cExport.cmake
[1.956s] -- Up-to-date: /home/denis/diploma_ws/install/btcpp_ros2_interfaces/share/btcpp_ros2_interfaces/cmake/btcpp_ros2_interfaces__rosidl_typesupport_cExport-noconfig.cmake
[1.957s] -- Up-to-date: /home/denis/diploma_ws/install/btcpp_ros2_interfaces/share/btcpp_ros2_interfaces/cmake/export_btcpp_ros2_interfaces__rosidl_generator_cppExport.cmake
[1.957s] -- Up-to-date: /home/denis/diploma_ws/install/btcpp_ros2_interfaces/share/btcpp_ros2_interfaces/cmake/export_btcpp_ros2_interfaces__rosidl_typesupport_fastrtps_cppExport.cmake
[1.958s] -- Up-to-date: /home/denis/diploma_ws/install/btcpp_ros2_interfaces/share/btcpp_ros2_interfaces/cmake/export_btcpp_ros2_interfaces__rosidl_typesupport_fastrtps_cppExport-noconfig.cmake
[1.958s] -- Up-to-date: /home/denis/diploma_ws/install/btcpp_ros2_interfaces/share/btcpp_ros2_interfaces/cmake/btcpp_ros2_interfaces__rosidl_typesupport_introspection_cppExport.cmake
[1.959s] -- Up-to-date: /home/denis/diploma_ws/install/btcpp_ros2_interfaces/share/btcpp_ros2_interfaces/cmake/btcpp_ros2_interfaces__rosidl_typesupport_introspection_cppExport-noconfig.cmake
[1.959s] -- Up-to-date: /home/denis/diploma_ws/install/btcpp_ros2_interfaces/share/btcpp_ros2_interfaces/cmake/btcpp_ros2_interfaces__rosidl_typesupport_cppExport.cmake
[1.960s] -- Up-to-date: /home/denis/diploma_ws/install/btcpp_ros2_interfaces/share/btcpp_ros2_interfaces/cmake/btcpp_ros2_interfaces__rosidl_typesupport_cppExport-noconfig.cmake
[1.961s] -- Up-to-date: /home/denis/diploma_ws/install/btcpp_ros2_interfaces/share/btcpp_ros2_interfaces/cmake/export_btcpp_ros2_interfaces__rosidl_generator_pyExport.cmake
[1.961s] -- Up-to-date: /home/denis/diploma_ws/install/btcpp_ros2_interfaces/share/btcpp_ros2_interfaces/cmake/export_btcpp_ros2_interfaces__rosidl_generator_pyExport-noconfig.cmake
[1.962s] -- Up-to-date: /home/denis/diploma_ws/install/btcpp_ros2_interfaces/share/btcpp_ros2_interfaces/cmake/rosidl_cmake-extras.cmake
[1.962s] -- Up-to-date: /home/denis/diploma_ws/install/btcpp_ros2_interfaces/share/btcpp_ros2_interfaces/cmake/ament_cmake_export_dependencies-extras.cmake
[1.963s] -- Up-to-date: /home/denis/diploma_ws/install/btcpp_ros2_interfaces/share/btcpp_ros2_interfaces/cmake/ament_cmake_export_include_directories-extras.cmake
[1.963s] -- Up-to-date: /home/denis/diploma_ws/install/btcpp_ros2_interfaces/share/btcpp_ros2_interfaces/cmake/ament_cmake_export_libraries-extras.cmake
[1.964s] -- Up-to-date: /home/denis/diploma_ws/install/btcpp_ros2_interfaces/share/btcpp_ros2_interfaces/cmake/ament_cmake_export_targets-extras.cmake
[1.964s] -- Up-to-date: /home/denis/diploma_ws/install/btcpp_ros2_interfaces/share/btcpp_ros2_interfaces/cmake/rosidl_cmake_export_typesupport_targets-extras.cmake
[1.964s] -- Up-to-date: /home/denis/diploma_ws/install/btcpp_ros2_interfaces/share/btcpp_ros2_interfaces/cmake/rosidl_cmake_export_typesupport_libraries-extras.cmake
[1.965s] -- Up-to-date: /home/denis/diploma_ws/install/btcpp_ros2_interfaces/share/btcpp_ros2_interfaces/cmake/btcpp_ros2_interfacesConfig.cmake
[1.966s] -- Up-to-date: /home/denis/diploma_ws/install/btcpp_ros2_interfaces/share/btcpp_ros2_interfaces/cmake/btcpp_ros2_interfacesConfig-version.cmake
[1.970s] -- Up-to-date: /home/denis/diploma_ws/install/btcpp_ros2_interfaces/share/btcpp_ros2_interfaces/package.xml
[1.971s] Invoked command in '/home/denis/diploma_ws/build/btcpp_ros2_interfaces' returned '0': CMAKE_PREFIX_PATH=/opt/ros/humble /usr/bin/cmake --install /home/denis/diploma_ws/build/btcpp_ros2_interfaces
