-- Found ament_cmake: 1.3.8 (/opt/ros/humble/share/ament_cmake/cmake)
-- Found rclcpp: 16.0.8 (/opt/ros/humble/share/rclcpp/cmake)
-- Found rosidl_generator_c: 3.1.5 (/opt/ros/humble/share/rosidl_generator_c/cmake)
-- Found rosidl_adapter: 3.1.5 (/opt/ros/humble/share/rosidl_adapter/cmake)
-- Found rosidl_generator_cpp: 3.1.5 (/opt/ros/humble/share/rosidl_generator_cpp/cmake)
-- Using all available rosidl_typesupport_c: rosidl_typesupport_fastrtps_c;rosidl_typesupport_introspection_c
-- Using all available rosidl_typesupport_cpp: rosidl_typesupport_fastrtps_cpp;rosidl_typesupport_introspection_cpp
-- Found rmw_implementation_cmake: 6.1.1 (/opt/ros/humble/share/rmw_implementation_cmake/cmake)
-- Found rmw_cyclonedds_cpp: 1.3.4 (/opt/ros/humble/share/rmw_cyclonedds_cpp/cmake)
-- Using RMW implementation 'rmw_cyclonedds_cpp' as default
-- Found std_srvs: 4.2.3 (/opt/ros/humble/share/std_srvs/cmake)
-- Found behaviortree_ros2: 0.2.0 (/home/denis/diploma_ws/install/behaviortree_ros2/share/behaviortree_ros2/cmake)
-- Found ament_lint_auto: 0.12.10 (/opt/ros/humble/share/ament_lint_auto/cmake)
-- Added test 'cppcheck' to perform static code analysis on C / C++ code
-- Configured cppcheck include dirs: /home/denis/diploma_ws/src/bt/include/bt
-- Configured cppcheck exclude dirs and/or files: 
-- Added test 'flake8' to check Python code syntax and style conventions
-- Added test 'lint_cmake' to check CMake code style
-- Added test 'pep257' to check Python code against some of the docstring style conventions in PEP 257
-- Added test 'uncrustify' to check C / C++ code style
-- Configured uncrustify additional arguments: 
-- Added test 'xmllint' to check XML markup files
-- Configuring done
-- Generating done
-- Build files have been written to: /home/denis/diploma_ws/build/bt
[35m[1mConsolidate compiler generated dependencies of target lidar_bt[0m
[ 50%] [32mBuilding CXX object CMakeFiles/lidar_bt.dir/src/lidar_bt.cpp.o[0m
[100%] [32m[1mLinking CXX executable lidar_bt[0m
[100%] Built target lidar_bt
-- Install configuration: ""
-- Installing: /home/denis/diploma_ws/install/bt/lib/bt/lidar_bt
-- Set runtime path of "/home/denis/diploma_ws/install/bt/lib/bt/lidar_bt" to ""
-- Up-to-date: /home/denis/diploma_ws/install/bt/share/bt/resources
-- Installing: /home/denis/diploma_ws/install/bt/share/bt/resources/lidar_bt.xml
-- Up-to-date: /home/denis/diploma_ws/install/bt/share/bt/launch
-- Up-to-date: /home/denis/diploma_ws/install/bt/share/bt/launch/lidar_bt.launch.py
-- Up-to-date: /home/denis/diploma_ws/install/bt/share/ament_index/resource_index/package_run_dependencies/bt
-- Installing: /home/denis/diploma_ws/install/bt/share/ament_index/resource_index/parent_prefix_path/bt
-- Up-to-date: /home/denis/diploma_ws/install/bt/share/bt/environment/ament_prefix_path.sh
-- Installing: /home/denis/diploma_ws/install/bt/share/bt/environment/ament_prefix_path.dsv
-- Up-to-date: /home/denis/diploma_ws/install/bt/share/bt/environment/path.sh
-- Installing: /home/denis/diploma_ws/install/bt/share/bt/environment/path.dsv
-- Up-to-date: /home/denis/diploma_ws/install/bt/share/bt/local_setup.bash
-- Up-to-date: /home/denis/diploma_ws/install/bt/share/bt/local_setup.sh
-- Up-to-date: /home/denis/diploma_ws/install/bt/share/bt/local_setup.zsh
-- Installing: /home/denis/diploma_ws/install/bt/share/bt/local_setup.dsv
-- Installing: /home/denis/diploma_ws/install/bt/share/bt/package.dsv
-- Up-to-date: /home/denis/diploma_ws/install/bt/share/ament_index/resource_index/packages/bt
-- Up-to-date: /home/denis/diploma_ws/install/bt/share/bt/cmake/btConfig.cmake
-- Up-to-date: /home/denis/diploma_ws/install/bt/share/bt/cmake/btConfig-version.cmake
-- Installing: /home/denis/diploma_ws/install/bt/share/bt/package.xml
