[0.032s] Invoking command in '/home/denis/diploma_ws/build/btcpp_ros2_interfaces': CMAKE_PREFIX_PATH=/opt/ros/humble /usr/bin/cmake --build /home/denis/diploma_ws/build/btcpp_ros2_interfaces -- -j4 -l4
[0.216s] [  9%] Built target btcpp_ros2_interfaces__rosidl_generator_c
[0.256s] [ 12%] Built target btcpp_ros2_interfaces__cpp
[0.290s] [ 12%] Built target ament_cmake_python_copy_btcpp_ros2_interfaces
[0.317s] [ 22%] Built target btcpp_ros2_interfaces__rosidl_typesupport_c
[0.321s] [ 32%] Built target btcpp_ros2_interfaces__rosidl_typesupport_fastrtps_c
[0.407s] [ 41%] Built target btcpp_ros2_interfaces__rosidl_typesupport_fastrtps_cpp
[0.425s] [ 51%] Built target btcpp_ros2_interfaces__rosidl_typesupport_introspection_c
[0.475s] [ 61%] Built target btcpp_ros2_interfaces__rosidl_typesupport_cpp
[0.485s] [ 70%] Built target btcpp_ros2_interfaces__rosidl_typesupport_introspection_cpp
[0.655s] [ 70%] Built target btcpp_ros2_interfaces
[0.762s] [ 74%] Built target btcpp_ros2_interfaces__py
[0.883s] [ 80%] Built target btcpp_ros2_interfaces__rosidl_generator_py
[1.009s] [ 87%] Built target btcpp_ros2_interfaces__rosidl_typesupport_introspection_c__pyext
[1.076s] [ 93%] Built target btcpp_ros2_interfaces__rosidl_typesupport_fastrtps_c__pyext
[1.106s] [100%] Built target btcpp_ros2_interfaces__rosidl_typesupport_c__pyext
[1.586s] running egg_info
[1.589s] writing btcpp_ros2_interfaces.egg-info/PKG-INFO
[1.590s] writing dependency_links to btcpp_ros2_interfaces.egg-info/dependency_links.txt
[1.590s] writing top-level names to btcpp_ros2_interfaces.egg-info/top_level.txt
[1.597s] reading manifest file 'btcpp_ros2_interfaces.egg-info/SOURCES.txt'
[1.600s] writing manifest file 'btcpp_ros2_interfaces.egg-info/SOURCES.txt'
[1.676s] [100%] Built target ament_cmake_python_build_btcpp_ros2_interfaces_egg
[1.722s] Invoked command in '/home/denis/diploma_ws/build/btcpp_ros2_interfaces' returned '0': CMAKE_PREFIX_PATH=/opt/ros/humble /usr/bin/cmake --build /home/denis/diploma_ws/build/btcpp_ros2_interfaces -- -j4 -l4
[1.876s] Invoking command in '/home/denis/diploma_ws/build/btcpp_ros2_interfaces': CMAKE_PREFIX_PATH=/opt/ros/humble /usr/bin/cmake --install /home/denis/diploma_ws/build/btcpp_ros2_interfaces
[1.898s] -- Install configuration: ""
[1.898s] -- Up-to-date: /home/denis/diploma_ws/install/btcpp_ros2_interfaces/share/ament_index/resource_index/rosidl_interfaces/btcpp_ros2_interfaces
[1.898s] -- Up-to-date: /home/denis/diploma_ws/install/btcpp_ros2_interfaces/include/btcpp_ros2_interfaces/btcpp_ros2_interfaces
[1.899s] -- Up-to-date: /home/denis/diploma_ws/install/btcpp_ros2_interfaces/include/btcpp_ros2_interfaces/btcpp_ros2_interfaces/action
[1.899s] -- Up-to-date: /home/denis/diploma_ws/install/btcpp_ros2_interfaces/include/btcpp_ros2_interfaces/btcpp_ros2_interfaces/action/sleep.h
[1.899s] -- Up-to-date: /home/denis/diploma_ws/install/btcpp_ros2_interfaces/include/btcpp_ros2_interfaces/btcpp_ros2_interfaces/action/detail
[1.900s] -- Up-to-date: /home/denis/diploma_ws/install/btcpp_ros2_interfaces/include/btcpp_ros2_interfaces/btcpp_ros2_interfaces/action/detail/sleep__struct.h
[1.900s] -- Up-to-date: /home/denis/diploma_ws/install/btcpp_ros2_interfaces/include/btcpp_ros2_interfaces/btcpp_ros2_interfaces/action/detail/sleep__type_support.h
[1.901s] -- Up-to-date: /home/denis/diploma_ws/install/btcpp_ros2_interfaces/include/btcpp_ros2_interfaces/btcpp_ros2_interfaces/action/detail/sleep__functions.h
[1.901s] -- Up-to-date: /home/denis/diploma_ws/install/btcpp_ros2_interfaces/include/btcpp_ros2_interfaces/btcpp_ros2_interfaces/action/detail/sleep__functions.c
[1.901s] -- Up-to-date: /home/denis/diploma_ws/install/btcpp_ros2_interfaces/include/btcpp_ros2_interfaces/btcpp_ros2_interfaces/msg
[1.902s] -- Up-to-date: /home/denis/diploma_ws/install/btcpp_ros2_interfaces/include/btcpp_ros2_interfaces/btcpp_ros2_interfaces/msg/rosidl_generator_c__visibility_control.h
[1.902s] -- Up-to-date: /home/denis/diploma_ws/install/btcpp_ros2_interfaces/share/btcpp_ros2_interfaces/environment/library_path.sh
[1.902s] -- Up-to-date: /home/denis/diploma_ws/install/btcpp_ros2_interfaces/share/btcpp_ros2_interfaces/environment/library_path.dsv
[1.903s] -- Up-to-date: /home/denis/diploma_ws/install/btcpp_ros2_interfaces/lib/libbtcpp_ros2_interfaces__rosidl_generator_c.so
[1.903s] -- Up-to-date: /home/denis/diploma_ws/install/btcpp_ros2_interfaces/include/btcpp_ros2_interfaces/btcpp_ros2_interfaces
[1.903s] -- Up-to-date: /home/denis/diploma_ws/install/btcpp_ros2_interfaces/include/btcpp_ros2_interfaces/btcpp_ros2_interfaces/action
[1.903s] -- Up-to-date: /home/denis/diploma_ws/install/btcpp_ros2_interfaces/include/btcpp_ros2_interfaces/btcpp_ros2_interfaces/action/detail
[1.903s] -- Up-to-date: /home/denis/diploma_ws/install/btcpp_ros2_interfaces/include/btcpp_ros2_interfaces/btcpp_ros2_interfaces/action/detail/sleep__rosidl_typesupport_fastrtps_c.h
[1.904s] -- Up-to-date: /home/denis/diploma_ws/install/btcpp_ros2_interfaces/include/btcpp_ros2_interfaces/btcpp_ros2_interfaces/msg
[1.904s] -- Up-to-date: /home/denis/diploma_ws/install/btcpp_ros2_interfaces/include/btcpp_ros2_interfaces/btcpp_ros2_interfaces/msg/rosidl_typesupport_fastrtps_c__visibility_control.h
[1.904s] -- Up-to-date: /home/denis/diploma_ws/install/btcpp_ros2_interfaces/lib/libbtcpp_ros2_interfaces__rosidl_typesupport_fastrtps_c.so
[1.905s] -- Up-to-date: /home/denis/diploma_ws/install/btcpp_ros2_interfaces/include/btcpp_ros2_interfaces/btcpp_ros2_interfaces
[1.905s] -- Up-to-date: /home/denis/diploma_ws/install/btcpp_ros2_interfaces/include/btcpp_ros2_interfaces/btcpp_ros2_interfaces/action
[1.906s] -- Up-to-date: /home/denis/diploma_ws/install/btcpp_ros2_interfaces/include/btcpp_ros2_interfaces/btcpp_ros2_interfaces/action/detail
[1.907s] -- Up-to-date: /home/denis/diploma_ws/install/btcpp_ros2_interfaces/include/btcpp_ros2_interfaces/btcpp_ros2_interfaces/action/detail/sleep__rosidl_typesupport_introspection_c.h
[1.907s] -- Up-to-date: /home/denis/diploma_ws/install/btcpp_ros2_interfaces/include/btcpp_ros2_interfaces/btcpp_ros2_interfaces/action/detail/sleep__type_support.c
[1.907s] -- Up-to-date: /home/denis/diploma_ws/install/btcpp_ros2_interfaces/include/btcpp_ros2_interfaces/btcpp_ros2_interfaces/msg
[1.907s] -- Up-to-date: /home/denis/diploma_ws/install/btcpp_ros2_interfaces/include/btcpp_ros2_interfaces/btcpp_ros2_interfaces/msg/rosidl_typesupport_introspection_c__visibility_control.h
[1.908s] -- Up-to-date: /home/denis/diploma_ws/install/btcpp_ros2_interfaces/lib/libbtcpp_ros2_interfaces__rosidl_typesupport_introspection_c.so
[1.908s] -- Up-to-date: /home/denis/diploma_ws/install/btcpp_ros2_interfaces/lib/libbtcpp_ros2_interfaces__rosidl_typesupport_c.so
[1.909s] -- Up-to-date: /home/denis/diploma_ws/install/btcpp_ros2_interfaces/include/btcpp_ros2_interfaces/btcpp_ros2_interfaces
[1.909s] -- Up-to-date: /home/denis/diploma_ws/install/btcpp_ros2_interfaces/include/btcpp_ros2_interfaces/btcpp_ros2_interfaces/action
[1.909s] -- Up-to-date: /home/denis/diploma_ws/install/btcpp_ros2_interfaces/include/btcpp_ros2_interfaces/btcpp_ros2_interfaces/action/sleep.hpp
[1.909s] -- Up-to-date: /home/denis/diploma_ws/install/btcpp_ros2_interfaces/include/btcpp_ros2_interfaces/btcpp_ros2_interfaces/action/detail
[1.910s] -- Up-to-date: /home/denis/diploma_ws/install/btcpp_ros2_interfaces/include/btcpp_ros2_interfaces/btcpp_ros2_interfaces/action/detail/sleep__traits.hpp
[1.910s] -- Up-to-date: /home/denis/diploma_ws/install/btcpp_ros2_interfaces/include/btcpp_ros2_interfaces/btcpp_ros2_interfaces/action/detail/sleep__struct.hpp
[1.910s] -- Up-to-date: /home/denis/diploma_ws/install/btcpp_ros2_interfaces/include/btcpp_ros2_interfaces/btcpp_ros2_interfaces/action/detail/sleep__builder.hpp
[1.910s] -- Up-to-date: /home/denis/diploma_ws/install/btcpp_ros2_interfaces/include/btcpp_ros2_interfaces/btcpp_ros2_interfaces
[1.910s] -- Up-to-date: /home/denis/diploma_ws/install/btcpp_ros2_interfaces/include/btcpp_ros2_interfaces/btcpp_ros2_interfaces/action
[1.911s] -- Up-to-date: /home/denis/diploma_ws/install/btcpp_ros2_interfaces/include/btcpp_ros2_interfaces/btcpp_ros2_interfaces/action/detail
[1.911s] -- Up-to-date: /home/denis/diploma_ws/install/btcpp_ros2_interfaces/include/btcpp_ros2_interfaces/btcpp_ros2_interfaces/action/detail/dds_fastrtps
[1.911s] -- Up-to-date: /home/denis/diploma_ws/install/btcpp_ros2_interfaces/include/btcpp_ros2_interfaces/btcpp_ros2_interfaces/action/detail/sleep__rosidl_typesupport_fastrtps_cpp.hpp
[1.911s] -- Up-to-date: /home/denis/diploma_ws/install/btcpp_ros2_interfaces/include/btcpp_ros2_interfaces/btcpp_ros2_interfaces/msg
[1.911s] -- Up-to-date: /home/denis/diploma_ws/install/btcpp_ros2_interfaces/include/btcpp_ros2_interfaces/btcpp_ros2_interfaces/msg/rosidl_typesupport_fastrtps_cpp__visibility_control.h
[1.911s] -- Up-to-date: /home/denis/diploma_ws/install/btcpp_ros2_interfaces/lib/libbtcpp_ros2_interfaces__rosidl_typesupport_fastrtps_cpp.so
[1.911s] -- Up-to-date: /home/denis/diploma_ws/install/btcpp_ros2_interfaces/include/btcpp_ros2_interfaces/btcpp_ros2_interfaces
[1.912s] -- Up-to-date: /home/denis/diploma_ws/install/btcpp_ros2_interfaces/include/btcpp_ros2_interfaces/btcpp_ros2_interfaces/action
[1.912s] -- Up-to-date: /home/denis/diploma_ws/install/btcpp_ros2_interfaces/include/btcpp_ros2_interfaces/btcpp_ros2_interfaces/action/detail
[1.912s] -- Up-to-date: /home/denis/diploma_ws/install/btcpp_ros2_interfaces/include/btcpp_ros2_interfaces/btcpp_ros2_interfaces/action/detail/sleep__rosidl_typesupport_introspection_cpp.hpp
[1.912s] -- Up-to-date: /home/denis/diploma_ws/install/btcpp_ros2_interfaces/include/btcpp_ros2_interfaces/btcpp_ros2_interfaces/action/detail/sleep__type_support.cpp
[1.913s] -- Up-to-date: /home/denis/diploma_ws/install/btcpp_ros2_interfaces/lib/libbtcpp_ros2_interfaces__rosidl_typesupport_introspection_cpp.so
[1.913s] -- Up-to-date: /home/denis/diploma_ws/install/btcpp_ros2_interfaces/lib/libbtcpp_ros2_interfaces__rosidl_typesupport_cpp.so
[1.914s] -- Up-to-date: /home/denis/diploma_ws/install/btcpp_ros2_interfaces/share/btcpp_ros2_interfaces/environment/pythonpath.sh
[1.914s] -- Up-to-date: /home/denis/diploma_ws/install/btcpp_ros2_interfaces/share/btcpp_ros2_interfaces/environment/pythonpath.dsv
[1.915s] -- Up-to-date: /home/denis/diploma_ws/install/btcpp_ros2_interfaces/local/lib/python3.10/dist-packages/btcpp_ros2_interfaces-0.2.0-py3.10.egg-info
[1.916s] -- Installing: /home/denis/diploma_ws/install/btcpp_ros2_interfaces/local/lib/python3.10/dist-packages/btcpp_ros2_interfaces-0.2.0-py3.10.egg-info/SOURCES.txt
[1.916s] -- Installing: /home/denis/diploma_ws/install/btcpp_ros2_interfaces/local/lib/python3.10/dist-packages/btcpp_ros2_interfaces-0.2.0-py3.10.egg-info/dependency_links.txt
[1.916s] -- Installing: /home/denis/diploma_ws/install/btcpp_ros2_interfaces/local/lib/python3.10/dist-packages/btcpp_ros2_interfaces-0.2.0-py3.10.egg-info/PKG-INFO
[1.917s] -- Installing: /home/denis/diploma_ws/install/btcpp_ros2_interfaces/local/lib/python3.10/dist-packages/btcpp_ros2_interfaces-0.2.0-py3.10.egg-info/top_level.txt
[1.917s] -- Up-to-date: /home/denis/diploma_ws/install/btcpp_ros2_interfaces/local/lib/python3.10/dist-packages/btcpp_ros2_interfaces
[1.917s] -- Up-to-date: /home/denis/diploma_ws/install/btcpp_ros2_interfaces/local/lib/python3.10/dist-packages/btcpp_ros2_interfaces/btcpp_ros2_interfaces_s__rosidl_typesupport_introspection_c.cpython-310-x86_64-linux-gnu.so
[1.917s] -- Up-to-date: /home/denis/diploma_ws/install/btcpp_ros2_interfaces/local/lib/python3.10/dist-packages/btcpp_ros2_interfaces/btcpp_ros2_interfaces_s__rosidl_typesupport_c.cpython-310-x86_64-linux-gnu.so
[1.917s] -- Up-to-date: /home/denis/diploma_ws/install/btcpp_ros2_interfaces/local/lib/python3.10/dist-packages/btcpp_ros2_interfaces/btcpp_ros2_interfaces_s__rosidl_typesupport_fastrtps_c.cpython-310-x86_64-linux-gnu.so
[1.918s] -- Up-to-date: /home/denis/diploma_ws/install/btcpp_ros2_interfaces/local/lib/python3.10/dist-packages/btcpp_ros2_interfaces/action
[1.918s] -- Up-to-date: /home/denis/diploma_ws/install/btcpp_ros2_interfaces/local/lib/python3.10/dist-packages/btcpp_ros2_interfaces/action/_sleep_s.c
[1.918s] -- Up-to-date: /home/denis/diploma_ws/install/btcpp_ros2_interfaces/local/lib/python3.10/dist-packages/btcpp_ros2_interfaces/action/__init__.py
[1.919s] -- Up-to-date: /home/denis/diploma_ws/install/btcpp_ros2_interfaces/local/lib/python3.10/dist-packages/btcpp_ros2_interfaces/action/_sleep.py
[1.919s] -- Up-to-date: /home/denis/diploma_ws/install/btcpp_ros2_interfaces/local/lib/python3.10/dist-packages/btcpp_ros2_interfaces/_btcpp_ros2_interfaces_s.ep.rosidl_typesupport_c.c
[1.920s] -- Up-to-date: /home/denis/diploma_ws/install/btcpp_ros2_interfaces/local/lib/python3.10/dist-packages/btcpp_ros2_interfaces/_btcpp_ros2_interfaces_s.ep.rosidl_typesupport_introspection_c.c
[1.920s] -- Up-to-date: /home/denis/diploma_ws/install/btcpp_ros2_interfaces/local/lib/python3.10/dist-packages/btcpp_ros2_interfaces/__init__.py
[1.920s] -- Up-to-date: /home/denis/diploma_ws/install/btcpp_ros2_interfaces/local/lib/python3.10/dist-packages/btcpp_ros2_interfaces/_btcpp_ros2_interfaces_s.ep.rosidl_typesupport_fastrtps_c.c
[1.921s] -- Up-to-date: /home/denis/diploma_ws/install/btcpp_ros2_interfaces/local/lib/python3.10/dist-packages/btcpp_ros2_interfaces/libbtcpp_ros2_interfaces__rosidl_generator_py.so
[2.005s] Listing '/home/denis/diploma_ws/install/btcpp_ros2_interfaces/local/lib/python3.10/dist-packages/btcpp_ros2_interfaces'...
[2.006s] Listing '/home/denis/diploma_ws/install/btcpp_ros2_interfaces/local/lib/python3.10/dist-packages/btcpp_ros2_interfaces/action'...
[2.019s] -- Up-to-date: /home/denis/diploma_ws/install/btcpp_ros2_interfaces/local/lib/python3.10/dist-packages/btcpp_ros2_interfaces/btcpp_ros2_interfaces_s__rosidl_typesupport_fastrtps_c.cpython-310-x86_64-linux-gnu.so
[2.020s] -- Up-to-date: /home/denis/diploma_ws/install/btcpp_ros2_interfaces/local/lib/python3.10/dist-packages/btcpp_ros2_interfaces/btcpp_ros2_interfaces_s__rosidl_typesupport_introspection_c.cpython-310-x86_64-linux-gnu.so
[2.021s] -- Up-to-date: /home/denis/diploma_ws/install/btcpp_ros2_interfaces/local/lib/python3.10/dist-packages/btcpp_ros2_interfaces/btcpp_ros2_interfaces_s__rosidl_typesupport_c.cpython-310-x86_64-linux-gnu.so
[2.022s] -- Up-to-date: /home/denis/diploma_ws/install/btcpp_ros2_interfaces/lib/libbtcpp_ros2_interfaces__rosidl_generator_py.so
[2.022s] -- Up-to-date: /home/denis/diploma_ws/install/btcpp_ros2_interfaces/share/btcpp_ros2_interfaces/action/Sleep.idl
[2.024s] -- Up-to-date: /home/denis/diploma_ws/install/btcpp_ros2_interfaces/share/btcpp_ros2_interfaces/action/Sleep.action
[2.025s] -- Up-to-date: /home/denis/diploma_ws/install/btcpp_ros2_interfaces/share/ament_index/resource_index/package_run_dependencies/btcpp_ros2_interfaces
[2.025s] -- Up-to-date: /home/denis/diploma_ws/install/btcpp_ros2_interfaces/share/ament_index/resource_index/parent_prefix_path/btcpp_ros2_interfaces
[2.025s] -- Up-to-date: /home/denis/diploma_ws/install/btcpp_ros2_interfaces/share/btcpp_ros2_interfaces/environment/ament_prefix_path.sh
[2.025s] -- Up-to-date: /home/denis/diploma_ws/install/btcpp_ros2_interfaces/share/btcpp_ros2_interfaces/environment/ament_prefix_path.dsv
[2.026s] -- Up-to-date: /home/denis/diploma_ws/install/btcpp_ros2_interfaces/share/btcpp_ros2_interfaces/environment/path.sh
[2.026s] -- Up-to-date: /home/denis/diploma_ws/install/btcpp_ros2_interfaces/share/btcpp_ros2_interfaces/environment/path.dsv
[2.026s] -- Up-to-date: /home/denis/diploma_ws/install/btcpp_ros2_interfaces/share/btcpp_ros2_interfaces/local_setup.bash
[2.026s] -- Up-to-date: /home/denis/diploma_ws/install/btcpp_ros2_interfaces/share/btcpp_ros2_interfaces/local_setup.sh
[2.026s] -- Up-to-date: /home/denis/diploma_ws/install/btcpp_ros2_interfaces/share/btcpp_ros2_interfaces/local_setup.zsh
[2.027s] -- Up-to-date: /home/denis/diploma_ws/install/btcpp_ros2_interfaces/share/btcpp_ros2_interfaces/local_setup.dsv
[2.027s] -- Installing: /home/denis/diploma_ws/install/btcpp_ros2_interfaces/share/btcpp_ros2_interfaces/package.dsv
[2.027s] -- Up-to-date: /home/denis/diploma_ws/install/btcpp_ros2_interfaces/share/ament_index/resource_index/packages/btcpp_ros2_interfaces
[2.027s] -- Up-to-date: /home/denis/diploma_ws/install/btcpp_ros2_interfaces/share/btcpp_ros2_interfaces/cmake/export_btcpp_ros2_interfaces__rosidl_generator_cExport.cmake
[2.028s] -- Up-to-date: /home/denis/diploma_ws/install/btcpp_ros2_interfaces/share/btcpp_ros2_interfaces/cmake/export_btcpp_ros2_interfaces__rosidl_generator_cExport-noconfig.cmake
[2.028s] -- Up-to-date: /home/denis/diploma_ws/install/btcpp_ros2_interfaces/share/btcpp_ros2_interfaces/cmake/export_btcpp_ros2_interfaces__rosidl_typesupport_fastrtps_cExport.cmake
[2.029s] -- Up-to-date: /home/denis/diploma_ws/install/btcpp_ros2_interfaces/share/btcpp_ros2_interfaces/cmake/export_btcpp_ros2_interfaces__rosidl_typesupport_fastrtps_cExport-noconfig.cmake
[2.029s] -- Up-to-date: /home/denis/diploma_ws/install/btcpp_ros2_interfaces/share/btcpp_ros2_interfaces/cmake/btcpp_ros2_interfaces__rosidl_typesupport_introspection_cExport.cmake
[2.029s] -- Up-to-date: /home/denis/diploma_ws/install/btcpp_ros2_interfaces/share/btcpp_ros2_interfaces/cmake/btcpp_ros2_interfaces__rosidl_typesupport_introspection_cExport-noconfig.cmake
[2.029s] -- Up-to-date: /home/denis/diploma_ws/install/btcpp_ros2_interfaces/share/btcpp_ros2_interfaces/cmake/btcpp_ros2_interfaces__rosidl_typesupport_cExport.cmake
[2.029s] -- Up-to-date: /home/denis/diploma_ws/install/btcpp_ros2_interfaces/share/btcpp_ros2_interfaces/cmake/btcpp_ros2_interfaces__rosidl_typesupport_cExport-noconfig.cmake
[2.030s] -- Up-to-date: /home/denis/diploma_ws/install/btcpp_ros2_interfaces/share/btcpp_ros2_interfaces/cmake/export_btcpp_ros2_interfaces__rosidl_generator_cppExport.cmake
[2.030s] -- Up-to-date: /home/denis/diploma_ws/install/btcpp_ros2_interfaces/share/btcpp_ros2_interfaces/cmake/export_btcpp_ros2_interfaces__rosidl_typesupport_fastrtps_cppExport.cmake
[2.030s] -- Up-to-date: /home/denis/diploma_ws/install/btcpp_ros2_interfaces/share/btcpp_ros2_interfaces/cmake/export_btcpp_ros2_interfaces__rosidl_typesupport_fastrtps_cppExport-noconfig.cmake
[2.030s] -- Up-to-date: /home/denis/diploma_ws/install/btcpp_ros2_interfaces/share/btcpp_ros2_interfaces/cmake/btcpp_ros2_interfaces__rosidl_typesupport_introspection_cppExport.cmake
[2.030s] -- Up-to-date: /home/denis/diploma_ws/install/btcpp_ros2_interfaces/share/btcpp_ros2_interfaces/cmake/btcpp_ros2_interfaces__rosidl_typesupport_introspection_cppExport-noconfig.cmake
[2.031s] -- Up-to-date: /home/denis/diploma_ws/install/btcpp_ros2_interfaces/share/btcpp_ros2_interfaces/cmake/btcpp_ros2_interfaces__rosidl_typesupport_cppExport.cmake
[2.031s] -- Up-to-date: /home/denis/diploma_ws/install/btcpp_ros2_interfaces/share/btcpp_ros2_interfaces/cmake/btcpp_ros2_interfaces__rosidl_typesupport_cppExport-noconfig.cmake
[2.031s] -- Up-to-date: /home/denis/diploma_ws/install/btcpp_ros2_interfaces/share/btcpp_ros2_interfaces/cmake/export_btcpp_ros2_interfaces__rosidl_generator_pyExport.cmake
[2.041s] -- Up-to-date: /home/denis/diploma_ws/install/btcpp_ros2_interfaces/share/btcpp_ros2_interfaces/cmake/export_btcpp_ros2_interfaces__rosidl_generator_pyExport-noconfig.cmake
[2.042s] -- Up-to-date: /home/denis/diploma_ws/install/btcpp_ros2_interfaces/share/btcpp_ros2_interfaces/cmake/rosidl_cmake-extras.cmake
[2.042s] -- Up-to-date: /home/denis/diploma_ws/install/btcpp_ros2_interfaces/share/btcpp_ros2_interfaces/cmake/ament_cmake_export_dependencies-extras.cmake
[2.043s] -- Up-to-date: /home/denis/diploma_ws/install/btcpp_ros2_interfaces/share/btcpp_ros2_interfaces/cmake/ament_cmake_export_include_directories-extras.cmake
[2.043s] -- Up-to-date: /home/denis/diploma_ws/install/btcpp_ros2_interfaces/share/btcpp_ros2_interfaces/cmake/ament_cmake_export_libraries-extras.cmake
[2.044s] -- Up-to-date: /home/denis/diploma_ws/install/btcpp_ros2_interfaces/share/btcpp_ros2_interfaces/cmake/ament_cmake_export_targets-extras.cmake
[2.050s] -- Up-to-date: /home/denis/diploma_ws/install/btcpp_ros2_interfaces/share/btcpp_ros2_interfaces/cmake/rosidl_cmake_export_typesupport_targets-extras.cmake
[2.052s] -- Up-to-date: /home/denis/diploma_ws/install/btcpp_ros2_interfaces/share/btcpp_ros2_interfaces/cmake/rosidl_cmake_export_typesupport_libraries-extras.cmake
[2.053s] -- Up-to-date: /home/denis/diploma_ws/install/btcpp_ros2_interfaces/share/btcpp_ros2_interfaces/cmake/btcpp_ros2_interfacesConfig.cmake
[2.054s] -- Up-to-date: /home/denis/diploma_ws/install/btcpp_ros2_interfaces/share/btcpp_ros2_interfaces/cmake/btcpp_ros2_interfacesConfig-version.cmake
[2.054s] -- Up-to-date: /home/denis/diploma_ws/install/btcpp_ros2_interfaces/share/btcpp_ros2_interfaces/package.xml
[2.055s] Invoked command in '/home/denis/diploma_ws/build/btcpp_ros2_interfaces' returned '0': CMAKE_PREFIX_PATH=/opt/ros/humble /usr/bin/cmake --install /home/denis/diploma_ws/build/btcpp_ros2_interfaces
