[0.037s] Invoking command in '/home/denis/diploma_ws/build/groot': CMAKE_PREFIX_PATH=/home/denis/diploma_ws/install/behaviortree_cpp_v3:/home/denis/diploma_ws/install/turtlebot3_simulations:/home/denis/diploma_ws/install/turtlebot3_navigation2:/home/denis/diploma_ws/install/turtlebot3_gazebo:/home/denis/diploma_ws/install/turtlebot3_fake_node:/home/denis/diploma_ws/install/ssu:/home/denis/diploma_ws/install/nav2_bringup:/home/denis/diploma_ws/install/groot:/home/denis/diploma_ws/install/fsu:/home/denis/diploma_ws/install/csu:/home/denis/diploma_ws/install/dms_interfaces:/home/denis/diploma_ws/install/btcpp_ros2_samples:/home/denis/diploma_ws/install/btcpp_ros2_interfaces:/home/denis/diploma_ws/install/bt:/home/denis/diploma_ws/install/behaviortree_ros2:/home/denis/diploma_ws/install/behaviortree_cpp:/opt/ros/humble LD_LIBRARY_PATH=/home/denis/diploma_ws/install/behaviortree_cpp_v3/lib:/home/denis/diploma_ws/install/groot/lib:/home/denis/diploma_ws/install/dms_interfaces/lib:/home/denis/diploma_ws/install/btcpp_ros2_interfaces/lib:/home/denis/diploma_ws/install/behaviortree_cpp/lib:/usr/lib/x86_64-linux-gnu/gazebo-11/plugins:/opt/ros/humble/opt/rviz_ogre_vendor/lib:/opt/ros/humble/lib/x86_64-linux-gnu:/opt/ros/humble/lib /usr/bin/cmake --build /home/denis/diploma_ws/build/groot -- -j4 -l4
[0.167s] [  1%] [34m[1mAutomatic MOC and UIC for target QtNodeEditor[0m
[0.228s] [  1%] Built target QtNodeEditor_autogen
[0.350s] [ 57%] Built target QtNodeEditor
[0.393s] [ 58%] [34m[1mAutomatic MOC and UIC for target behavior_tree_editor[0m
[0.446s] [ 58%] Built target behavior_tree_editor_autogen
[0.509s] [ 74%] Built target behavior_tree_editor
[0.559s] [ 74%] [34m[1mAutomatic MOC and UIC for target editor_test[0m
[0.561s] [ 75%] [34m[1mAutomatic MOC and UIC for target replay_test[0m
[0.581s] [ 76%] [34m[1mAutomatic MOC and UIC for target Groot[0m
[0.617s] [ 76%] Built target editor_test_autogen
[0.624s] [ 76%] Built target replay_test_autogen
[0.637s] [ 76%] Built target Groot_autogen
[0.701s] [ 85%] Built target editor_test
[0.704s] [ 91%] Built target Groot
[0.712s] [100%] Built target replay_test
[0.734s] Invoked command in '/home/denis/diploma_ws/build/groot' returned '0': CMAKE_PREFIX_PATH=/home/denis/diploma_ws/install/behaviortree_cpp_v3:/home/denis/diploma_ws/install/turtlebot3_simulations:/home/denis/diploma_ws/install/turtlebot3_navigation2:/home/denis/diploma_ws/install/turtlebot3_gazebo:/home/denis/diploma_ws/install/turtlebot3_fake_node:/home/denis/diploma_ws/install/ssu:/home/denis/diploma_ws/install/nav2_bringup:/home/denis/diploma_ws/install/groot:/home/denis/diploma_ws/install/fsu:/home/denis/diploma_ws/install/csu:/home/denis/diploma_ws/install/dms_interfaces:/home/denis/diploma_ws/install/btcpp_ros2_samples:/home/denis/diploma_ws/install/btcpp_ros2_interfaces:/home/denis/diploma_ws/install/bt:/home/denis/diploma_ws/install/behaviortree_ros2:/home/denis/diploma_ws/install/behaviortree_cpp:/opt/ros/humble LD_LIBRARY_PATH=/home/denis/diploma_ws/install/behaviortree_cpp_v3/lib:/home/denis/diploma_ws/install/groot/lib:/home/denis/diploma_ws/install/dms_interfaces/lib:/home/denis/diploma_ws/install/btcpp_ros2_interfaces/lib:/home/denis/diploma_ws/install/behaviortree_cpp/lib:/usr/lib/x86_64-linux-gnu/gazebo-11/plugins:/opt/ros/humble/opt/rviz_ogre_vendor/lib:/opt/ros/humble/lib/x86_64-linux-gnu:/opt/ros/humble/lib /usr/bin/cmake --build /home/denis/diploma_ws/build/groot -- -j4 -l4
[0.897s] Invoking command in '/home/denis/diploma_ws/build/groot': CMAKE_PREFIX_PATH=/home/denis/diploma_ws/install/behaviortree_cpp_v3:/home/denis/diploma_ws/install/turtlebot3_simulations:/home/denis/diploma_ws/install/turtlebot3_navigation2:/home/denis/diploma_ws/install/turtlebot3_gazebo:/home/denis/diploma_ws/install/turtlebot3_fake_node:/home/denis/diploma_ws/install/ssu:/home/denis/diploma_ws/install/nav2_bringup:/home/denis/diploma_ws/install/groot:/home/denis/diploma_ws/install/fsu:/home/denis/diploma_ws/install/csu:/home/denis/diploma_ws/install/dms_interfaces:/home/denis/diploma_ws/install/btcpp_ros2_samples:/home/denis/diploma_ws/install/btcpp_ros2_interfaces:/home/denis/diploma_ws/install/bt:/home/denis/diploma_ws/install/behaviortree_ros2:/home/denis/diploma_ws/install/behaviortree_cpp:/opt/ros/humble LD_LIBRARY_PATH=/home/denis/diploma_ws/install/behaviortree_cpp_v3/lib:/home/denis/diploma_ws/install/groot/lib:/home/denis/diploma_ws/install/dms_interfaces/lib:/home/denis/diploma_ws/install/btcpp_ros2_interfaces/lib:/home/denis/diploma_ws/install/behaviortree_cpp/lib:/usr/lib/x86_64-linux-gnu/gazebo-11/plugins:/opt/ros/humble/opt/rviz_ogre_vendor/lib:/opt/ros/humble/lib/x86_64-linux-gnu:/opt/ros/humble/lib /usr/bin/cmake --install /home/denis/diploma_ws/build/groot
[0.910s] -- Install configuration: ""
[0.910s] -- Up-to-date: /home/denis/diploma_ws/install/groot/lib/libbehavior_tree_editor.so
[0.911s] -- Up-to-date: /home/denis/diploma_ws/install/groot/lib/groot/Groot
[0.912s] -- Up-to-date: /home/denis/diploma_ws/install/groot/share/groot/environment/library_path.sh
[0.912s] -- Up-to-date: /home/denis/diploma_ws/install/groot/share/groot/environment/library_path.dsv
[0.912s] -- Up-to-date: /home/denis/diploma_ws/install/groot/share/ament_index/resource_index/package_run_dependencies/groot
[0.913s] -- Up-to-date: /home/denis/diploma_ws/install/groot/share/ament_index/resource_index/parent_prefix_path/groot
[0.913s] -- Up-to-date: /home/denis/diploma_ws/install/groot/share/groot/environment/ament_prefix_path.sh
[0.913s] -- Up-to-date: /home/denis/diploma_ws/install/groot/share/groot/environment/ament_prefix_path.dsv
[0.914s] -- Up-to-date: /home/denis/diploma_ws/install/groot/share/groot/environment/path.sh
[0.914s] -- Up-to-date: /home/denis/diploma_ws/install/groot/share/groot/environment/path.dsv
[0.914s] -- Up-to-date: /home/denis/diploma_ws/install/groot/share/groot/local_setup.bash
[0.914s] -- Up-to-date: /home/denis/diploma_ws/install/groot/share/groot/local_setup.sh
[0.914s] -- Up-to-date: /home/denis/diploma_ws/install/groot/share/groot/local_setup.zsh
[0.915s] -- Up-to-date: /home/denis/diploma_ws/install/groot/share/groot/local_setup.dsv
[0.915s] -- Installing: /home/denis/diploma_ws/install/groot/share/groot/package.dsv
[0.915s] -- Up-to-date: /home/denis/diploma_ws/install/groot/share/ament_index/resource_index/packages/groot
[0.915s] -- Up-to-date: /home/denis/diploma_ws/install/groot/share/groot/cmake/ament_cmake_export_include_directories-extras.cmake
[0.915s] -- Up-to-date: /home/denis/diploma_ws/install/groot/share/groot/cmake/ament_cmake_export_dependencies-extras.cmake
[0.916s] -- Up-to-date: /home/denis/diploma_ws/install/groot/share/groot/cmake/ament_cmake_export_libraries-extras.cmake
[0.916s] -- Up-to-date: /home/denis/diploma_ws/install/groot/share/groot/cmake/grootConfig.cmake
[0.916s] -- Up-to-date: /home/denis/diploma_ws/install/groot/share/groot/cmake/grootConfig-version.cmake
[0.916s] -- Up-to-date: /home/denis/diploma_ws/install/groot/share/groot/package.xml
[0.919s] Invoked command in '/home/denis/diploma_ws/build/groot' returned '0': CMAKE_PREFIX_PATH=/home/denis/diploma_ws/install/behaviortree_cpp_v3:/home/denis/diploma_ws/install/turtlebot3_simulations:/home/denis/diploma_ws/install/turtlebot3_navigation2:/home/denis/diploma_ws/install/turtlebot3_gazebo:/home/denis/diploma_ws/install/turtlebot3_fake_node:/home/denis/diploma_ws/install/ssu:/home/denis/diploma_ws/install/nav2_bringup:/home/denis/diploma_ws/install/groot:/home/denis/diploma_ws/install/fsu:/home/denis/diploma_ws/install/csu:/home/denis/diploma_ws/install/dms_interfaces:/home/denis/diploma_ws/install/btcpp_ros2_samples:/home/denis/diploma_ws/install/btcpp_ros2_interfaces:/home/denis/diploma_ws/install/bt:/home/denis/diploma_ws/install/behaviortree_ros2:/home/denis/diploma_ws/install/behaviortree_cpp:/opt/ros/humble LD_LIBRARY_PATH=/home/denis/diploma_ws/install/behaviortree_cpp_v3/lib:/home/denis/diploma_ws/install/groot/lib:/home/denis/diploma_ws/install/dms_interfaces/lib:/home/denis/diploma_ws/install/btcpp_ros2_interfaces/lib:/home/denis/diploma_ws/install/behaviortree_cpp/lib:/usr/lib/x86_64-linux-gnu/gazebo-11/plugins:/opt/ros/humble/opt/rviz_ogre_vendor/lib:/opt/ros/humble/lib/x86_64-linux-gnu:/opt/ros/humble/lib /usr/bin/cmake --install /home/denis/diploma_ws/build/groot
