[0.058s] Invoking command in '/home/denis/diploma_ws/build/nav2_bringup': CMAKE_PREFIX_PATH=${CMAKE_PREFIX_PATH}:/opt/ros/humble /usr/bin/cmake --build /home/denis/diploma_ws/build/nav2_bringup -- -j4 -l4
[0.235s] Invoked command in '/home/denis/diploma_ws/build/nav2_bringup' returned '0': CMAKE_PREFIX_PATH=${CMAKE_PREFIX_PATH}:/opt/ros/humble /usr/bin/cmake --build /home/denis/diploma_ws/build/nav2_bringup -- -j4 -l4
[0.520s] Invoking command in '/home/denis/diploma_ws/build/nav2_bringup': CMAKE_PREFIX_PATH=${CMAKE_PREFIX_PATH}:/opt/ros/humble /usr/bin/cmake --install /home/denis/diploma_ws/build/nav2_bringup
[0.539s] -- Install configuration: "Release"
[0.539s] -- Up-to-date: /home/denis/diploma_ws/install/nav2_bringup/share/nav2_bringup/launch
[0.540s] -- Up-to-date: /home/denis/diploma_ws/install/nav2_bringup/share/nav2_bringup/launch/navigation_launch.py
[0.540s] -- Up-to-date: /home/denis/diploma_ws/install/nav2_bringup/share/nav2_bringup/launch/tb3_simulation_launch.py
[0.541s] -- Up-to-date: /home/denis/diploma_ws/install/nav2_bringup/share/nav2_bringup/launch/unique_multi_tb3_simulation_launch.py
[0.541s] -- Up-to-date: /home/denis/diploma_ws/install/nav2_bringup/share/nav2_bringup/launch/bringup_launch.py
[0.541s] -- Up-to-date: /home/denis/diploma_ws/install/nav2_bringup/share/nav2_bringup/launch/rviz_launch.py
[0.542s] -- Up-to-date: /home/denis/diploma_ws/install/nav2_bringup/share/nav2_bringup/launch/slam_launch.py
[0.542s] -- Up-to-date: /home/denis/diploma_ws/install/nav2_bringup/share/nav2_bringup/launch/localization_launch.py
[0.543s] -- Up-to-date: /home/denis/diploma_ws/install/nav2_bringup/share/nav2_bringup/launch/cloned_multi_tb3_simulation_launch.py
[0.543s] -- Up-to-date: /home/denis/diploma_ws/install/nav2_bringup/share/nav2_bringup/maps
[0.543s] -- Up-to-date: /home/denis/diploma_ws/install/nav2_bringup/share/nav2_bringup/maps/turtlebot3_world.yaml
[0.544s] -- Up-to-date: /home/denis/diploma_ws/install/nav2_bringup/share/nav2_bringup/maps/turtlebot3_world.pgm
[0.544s] -- Up-to-date: /home/denis/diploma_ws/install/nav2_bringup/share/nav2_bringup/rviz
[0.544s] -- Up-to-date: /home/denis/diploma_ws/install/nav2_bringup/share/nav2_bringup/rviz/nav2_default_view.rviz
[0.544s] -- Up-to-date: /home/denis/diploma_ws/install/nav2_bringup/share/nav2_bringup/rviz/nav2_namespaced_view.rviz
[0.545s] -- Up-to-date: /home/denis/diploma_ws/install/nav2_bringup/share/nav2_bringup/worlds
[0.545s] -- Up-to-date: /home/denis/diploma_ws/install/nav2_bringup/share/nav2_bringup/worlds/waffle.model
[0.545s] -- Up-to-date: /home/denis/diploma_ws/install/nav2_bringup/share/nav2_bringup/worlds/world_only.model
[0.545s] -- Up-to-date: /home/denis/diploma_ws/install/nav2_bringup/share/nav2_bringup/params
[0.546s] -- Up-to-date: /home/denis/diploma_ws/install/nav2_bringup/share/nav2_bringup/params/nav2_multirobot_params_all.yaml
[0.546s] -- Up-to-date: /home/denis/diploma_ws/install/nav2_bringup/share/nav2_bringup/params/nav2_multirobot_params_2.yaml
[0.546s] -- Up-to-date: /home/denis/diploma_ws/install/nav2_bringup/share/nav2_bringup/params/nav2_multirobot_params_1.yaml
[0.546s] -- Up-to-date: /home/denis/diploma_ws/install/nav2_bringup/share/nav2_bringup/params/nav2_params.yaml
[0.546s] -- Up-to-date: /home/denis/diploma_ws/install/nav2_bringup/share/nav2_bringup/urdf
[0.547s] -- Up-to-date: /home/denis/diploma_ws/install/nav2_bringup/share/nav2_bringup/urdf/turtlebot3_waffle.urdf
[0.547s] -- Up-to-date: /home/denis/diploma_ws/install/nav2_bringup/share/ament_index/resource_index/package_run_dependencies/nav2_bringup
[0.547s] -- Up-to-date: /home/denis/diploma_ws/install/nav2_bringup/share/ament_index/resource_index/parent_prefix_path/nav2_bringup
[0.547s] -- Up-to-date: /home/denis/diploma_ws/install/nav2_bringup/share/nav2_bringup/environment/ament_prefix_path.sh
[0.547s] -- Up-to-date: /home/denis/diploma_ws/install/nav2_bringup/share/nav2_bringup/environment/ament_prefix_path.dsv
[0.548s] -- Up-to-date: /home/denis/diploma_ws/install/nav2_bringup/share/nav2_bringup/environment/path.sh
[0.548s] -- Up-to-date: /home/denis/diploma_ws/install/nav2_bringup/share/nav2_bringup/environment/path.dsv
[0.548s] -- Up-to-date: /home/denis/diploma_ws/install/nav2_bringup/share/nav2_bringup/local_setup.bash
[0.548s] -- Up-to-date: /home/denis/diploma_ws/install/nav2_bringup/share/nav2_bringup/local_setup.sh
[0.548s] -- Up-to-date: /home/denis/diploma_ws/install/nav2_bringup/share/nav2_bringup/local_setup.zsh
[0.551s] -- Up-to-date: /home/denis/diploma_ws/install/nav2_bringup/share/nav2_bringup/local_setup.dsv
[0.571s] -- Installing: /home/denis/diploma_ws/install/nav2_bringup/share/nav2_bringup/package.dsv
[0.572s] -- Up-to-date: /home/denis/diploma_ws/install/nav2_bringup/share/ament_index/resource_index/packages/nav2_bringup
[0.572s] -- Up-to-date: /home/denis/diploma_ws/install/nav2_bringup/share/nav2_bringup/cmake/nav2_bringupConfig.cmake
[0.572s] -- Up-to-date: /home/denis/diploma_ws/install/nav2_bringup/share/nav2_bringup/cmake/nav2_bringupConfig-version.cmake
[0.572s] -- Up-to-date: /home/denis/diploma_ws/install/nav2_bringup/share/nav2_bringup/package.xml
[0.573s] Invoked command in '/home/denis/diploma_ws/build/nav2_bringup' returned '0': CMAKE_PREFIX_PATH=${CMAKE_PREFIX_PATH}:/opt/ros/humble /usr/bin/cmake --install /home/denis/diploma_ws/build/nav2_bringup
