[0.128s] Invoking command in '/home/denis/diploma_ws/src/build/csu': AMENT_PREFIX_PATH=/home/denis/diploma_ws/src/install/dms_interfaces:${AMENT_PREFIX_PATH} CMAKE_PREFIX_PATH=/home/denis/diploma_ws/src/install/dms_interfaces:/home/denis/diploma_ws/src/install/turtlebot3_simulations:/home/denis/diploma_ws/src/install/turtlebot3_navigation2:/home/denis/diploma_ws/src/install/turtlebot3_gazebo:/home/denis/diploma_ws/src/install/turtlebot3_fake_node:/home/denis/diploma_ws/src/install/ssu:/home/denis/diploma_ws/src/install/nav2_bringup:/home/denis/diploma_ws/src/install/groot:/home/denis/diploma_ws/src/install/fsu:/home/denis/diploma_ws/src/install/csu:/home/denis/diploma_ws/src/install/btcpp_ros2_interfaces:/home/denis/diploma_ws/src/install/bt:/home/denis/diploma_ws/src/install/behaviortree_cpp_v3:/opt/ros/humble LD_LIBRARY_PATH=/home/denis/diploma_ws/src/install/dms_interfaces/lib:${LD_LIBRARY_PATH} PYTHONPATH=/home/denis/diploma_ws/src/install/dms_interfaces/local/lib/python3.10/dist-packages:${PYTHONPATH} /usr/bin/cmake --build /home/denis/diploma_ws/src/build/csu -- -j4 -l4
[0.269s] -- Found ament_cmake: 1.3.8 (/opt/ros/humble/share/ament_cmake/cmake)
[0.751s] -- Found rclcpp: 16.0.8 (/opt/ros/humble/share/rclcpp/cmake)
[0.961s] -- Found rosidl_generator_c: 3.1.5 (/opt/ros/humble/share/rosidl_generator_c/cmake)
[0.997s] -- Found rosidl_adapter: 3.1.5 (/opt/ros/humble/share/rosidl_adapter/cmake)
[1.031s] -- Found rosidl_generator_cpp: 3.1.5 (/opt/ros/humble/share/rosidl_generator_cpp/cmake)
[1.105s] -- Using all available rosidl_typesupport_c: rosidl_typesupport_fastrtps_c;rosidl_typesupport_introspection_c
[1.196s] -- Using all available rosidl_typesupport_cpp: rosidl_typesupport_fastrtps_cpp;rosidl_typesupport_introspection_cpp
[1.518s] -- Found rmw_implementation_cmake: 6.1.1 (/opt/ros/humble/share/rmw_implementation_cmake/cmake)
[1.532s] -- Found rmw_fastrtps_cpp: 6.2.6 (/opt/ros/humble/share/rmw_fastrtps_cpp/cmake)
[1.922s] -- Found OpenSSL: /usr/lib/x86_64-linux-gnu/libcrypto.so (found version "3.0.2")  
[2.006s] -- Found FastRTPS: /opt/ros/humble/include  
[2.215s] -- Using RMW implementation 'rmw_fastrtps_cpp' as default
[2.317s] -- Looking for pthread.h
[2.657s] -- Looking for pthread.h - found
[2.658s] -- Performing Test CMAKE_HAVE_LIBC_PTHREAD
[2.938s] -- Performing Test CMAKE_HAVE_LIBC_PTHREAD - Success
[2.940s] -- Found Threads: TRUE  
[3.492s] -- Found geometry_msgs: 4.2.3 (/opt/ros/humble/share/geometry_msgs/cmake)
[3.636s] -- Found dms_interfaces: 0.0.0 (/home/denis/diploma_ws/src/install/dms_interfaces/share/dms_interfaces/cmake)
[3.801s] -- Found std_srvs: 4.2.3 (/opt/ros/humble/share/std_srvs/cmake)
[3.869s] -- Found ament_lint_auto: 0.12.10 (/opt/ros/humble/share/ament_lint_auto/cmake)
[4.033s] -- Added test 'cppcheck' to perform static code analysis on C / C++ code
[4.034s] -- Configured cppcheck include dirs: /home/denis/diploma_ws/src/csu/include/csu;$<BUILD_INTERFACE:/home/denis/diploma_ws/src/csu/include>
[4.034s] -- Configured cppcheck exclude dirs and/or files: 
[4.036s] -- Added test 'flake8' to check Python code syntax and style conventions
[4.039s] -- Added test 'lint_cmake' to check CMake code style
[4.040s] -- Added test 'pep257' to check Python code against some of the docstring style conventions in PEP 257
[4.043s] -- Added test 'uncrustify' to check C / C++ code style
[4.043s] -- Configured uncrustify additional arguments: 
[4.045s] -- Added test 'xmllint' to check XML markup files
[4.046s] -- Configuring done
[4.073s] -- Generating done
[4.077s] -- Build files have been written to: /home/denis/diploma_ws/src/build/csu
[4.166s] [ 50%] [32mBuilding CXX object CMakeFiles/control_switching_unit.dir/src/control_switching_unit.cpp.o[0m
[20.461s] [100%] [32m[1mLinking CXX executable control_switching_unit[0m
[21.303s] [100%] Built target control_switching_unit
[21.323s] Invoked command in '/home/denis/diploma_ws/src/build/csu' returned '0': AMENT_PREFIX_PATH=/home/denis/diploma_ws/src/install/dms_interfaces:${AMENT_PREFIX_PATH} CMAKE_PREFIX_PATH=/home/denis/diploma_ws/src/install/dms_interfaces:/home/denis/diploma_ws/src/install/turtlebot3_simulations:/home/denis/diploma_ws/src/install/turtlebot3_navigation2:/home/denis/diploma_ws/src/install/turtlebot3_gazebo:/home/denis/diploma_ws/src/install/turtlebot3_fake_node:/home/denis/diploma_ws/src/install/ssu:/home/denis/diploma_ws/src/install/nav2_bringup:/home/denis/diploma_ws/src/install/groot:/home/denis/diploma_ws/src/install/fsu:/home/denis/diploma_ws/src/install/csu:/home/denis/diploma_ws/src/install/btcpp_ros2_interfaces:/home/denis/diploma_ws/src/install/bt:/home/denis/diploma_ws/src/install/behaviortree_cpp_v3:/opt/ros/humble LD_LIBRARY_PATH=/home/denis/diploma_ws/src/install/dms_interfaces/lib:${LD_LIBRARY_PATH} PYTHONPATH=/home/denis/diploma_ws/src/install/dms_interfaces/local/lib/python3.10/dist-packages:${PYTHONPATH} /usr/bin/cmake --build /home/denis/diploma_ws/src/build/csu -- -j4 -l4
[21.376s] Invoking command in '/home/denis/diploma_ws/src/build/csu': AMENT_PREFIX_PATH=/home/denis/diploma_ws/src/install/dms_interfaces:${AMENT_PREFIX_PATH} CMAKE_PREFIX_PATH=/home/denis/diploma_ws/src/install/dms_interfaces:/home/denis/diploma_ws/src/install/turtlebot3_simulations:/home/denis/diploma_ws/src/install/turtlebot3_navigation2:/home/denis/diploma_ws/src/install/turtlebot3_gazebo:/home/denis/diploma_ws/src/install/turtlebot3_fake_node:/home/denis/diploma_ws/src/install/ssu:/home/denis/diploma_ws/src/install/nav2_bringup:/home/denis/diploma_ws/src/install/groot:/home/denis/diploma_ws/src/install/fsu:/home/denis/diploma_ws/src/install/csu:/home/denis/diploma_ws/src/install/btcpp_ros2_interfaces:/home/denis/diploma_ws/src/install/bt:/home/denis/diploma_ws/src/install/behaviortree_cpp_v3:/opt/ros/humble LD_LIBRARY_PATH=/home/denis/diploma_ws/src/install/dms_interfaces/lib:${LD_LIBRARY_PATH} PYTHONPATH=/home/denis/diploma_ws/src/install/dms_interfaces/local/lib/python3.10/dist-packages:${PYTHONPATH} /usr/bin/cmake --install /home/denis/diploma_ws/src/build/csu
[21.388s] -- Install configuration: ""
[21.390s] -- Installing: /home/denis/diploma_ws/src/install/csu/lib/csu/control_switching_unit
[21.397s] -- Set runtime path of "/home/denis/diploma_ws/src/install/csu/lib/csu/control_switching_unit" to ""
[21.398s] -- Installing: /home/denis/diploma_ws/src/install/csu/share/csu/launch
[21.398s] -- Installing: /home/denis/diploma_ws/src/install/csu/share/csu/launch/control_switching_unit.launch.py
[21.398s] -- Installing: /home/denis/diploma_ws/src/install/csu/share/ament_index/resource_index/package_run_dependencies/csu
[21.399s] -- Installing: /home/denis/diploma_ws/src/install/csu/share/ament_index/resource_index/parent_prefix_path/csu
[21.399s] -- Up-to-date: /home/denis/diploma_ws/src/install/csu/share/csu/environment/ament_prefix_path.sh
[21.399s] -- Installing: /home/denis/diploma_ws/src/install/csu/share/csu/environment/ament_prefix_path.dsv
[21.400s] -- Up-to-date: /home/denis/diploma_ws/src/install/csu/share/csu/environment/path.sh
[21.400s] -- Installing: /home/denis/diploma_ws/src/install/csu/share/csu/environment/path.dsv
[21.400s] -- Up-to-date: /home/denis/diploma_ws/src/install/csu/share/csu/local_setup.bash
[21.400s] -- Up-to-date: /home/denis/diploma_ws/src/install/csu/share/csu/local_setup.sh
[21.401s] -- Up-to-date: /home/denis/diploma_ws/src/install/csu/share/csu/local_setup.zsh
[21.401s] -- Installing: /home/denis/diploma_ws/src/install/csu/share/csu/local_setup.dsv
[21.401s] -- Installing: /home/denis/diploma_ws/src/install/csu/share/csu/package.dsv
[21.401s] -- Up-to-date: /home/denis/diploma_ws/src/install/csu/share/ament_index/resource_index/packages/csu
[21.401s] -- Up-to-date: /home/denis/diploma_ws/src/install/csu/share/csu/cmake/csuConfig.cmake
[21.402s] -- Up-to-date: /home/denis/diploma_ws/src/install/csu/share/csu/cmake/csuConfig-version.cmake
[21.402s] -- Installing: /home/denis/diploma_ws/src/install/csu/share/csu/package.xml
[21.404s] Invoked command in '/home/denis/diploma_ws/src/build/csu' returned '0': AMENT_PREFIX_PATH=/home/denis/diploma_ws/src/install/dms_interfaces:${AMENT_PREFIX_PATH} CMAKE_PREFIX_PATH=/home/denis/diploma_ws/src/install/dms_interfaces:/home/denis/diploma_ws/src/install/turtlebot3_simulations:/home/denis/diploma_ws/src/install/turtlebot3_navigation2:/home/denis/diploma_ws/src/install/turtlebot3_gazebo:/home/denis/diploma_ws/src/install/turtlebot3_fake_node:/home/denis/diploma_ws/src/install/ssu:/home/denis/diploma_ws/src/install/nav2_bringup:/home/denis/diploma_ws/src/install/groot:/home/denis/diploma_ws/src/install/fsu:/home/denis/diploma_ws/src/install/csu:/home/denis/diploma_ws/src/install/btcpp_ros2_interfaces:/home/denis/diploma_ws/src/install/bt:/home/denis/diploma_ws/src/install/behaviortree_cpp_v3:/opt/ros/humble LD_LIBRARY_PATH=/home/denis/diploma_ws/src/install/dms_interfaces/lib:${LD_LIBRARY_PATH} PYTHONPATH=/home/denis/diploma_ws/src/install/dms_interfaces/local/lib/python3.10/dist-packages:${PYTHONPATH} /usr/bin/cmake --install /home/denis/diploma_ws/src/build/csu
