[0.019s] Invoking command in '/home/denis/diploma_ws/build/dms_interfaces': CMAKE_PREFIX_PATH=${CMAKE_PREFIX_PATH}:/opt/ros/humble /usr/bin/cmake /home/denis/diploma_ws/src/dms_interfaces -DCMAKE_INSTALL_PREFIX=/home/denis/diploma_ws/install/dms_interfaces
[0.114s] -- The C compiler identification is GNU 11.4.0
[0.208s] -- The CXX compiler identification is GNU 11.4.0
[0.219s] -- Detecting C compiler ABI info
[0.335s] -- Detecting C compiler ABI info - done
[0.346s] -- Check for working C compiler: /usr/bin/cc - skipped
[0.347s] -- Detecting C compile features
[0.347s] -- Detecting C compile features - done
[0.352s] -- Detecting CXX compiler ABI info
[0.487s] -- Detecting CXX compiler ABI info - done
[0.499s] -- Check for working CXX compiler: /usr/bin/c++ - skipped
[0.499s] -- Detecting CXX compile features
[0.500s] -- Detecting CXX compile features - done
[0.508s] -- Found ament_cmake: 1.3.8 (/opt/ros/humble/share/ament_cmake/cmake)
[0.755s] -- Found Python3: /usr/bin/python3 (found version "3.10.12") found components: Interpreter 
[0.937s] -- Found rosidl_default_generators: 1.2.0 (/opt/ros/humble/share/rosidl_default_generators/cmake)
[0.947s] -- Using all available rosidl_typesupport_c: rosidl_typesupport_fastrtps_c;rosidl_typesupport_introspection_c
[0.967s] -- Found rosidl_adapter: 3.1.5 (/opt/ros/humble/share/rosidl_adapter/cmake)
[1.064s] -- Using all available rosidl_typesupport_cpp: rosidl_typesupport_fastrtps_cpp;rosidl_typesupport_introspection_cpp
[1.147s] -- Found geometry_msgs: 4.2.3 (/opt/ros/humble/share/geometry_msgs/cmake)
[1.817s] -- Found ament_cmake_ros: 0.10.0 (/opt/ros/humble/share/ament_cmake_ros/cmake)
[2.231s] -- Using all available rosidl_typesupport_c: rosidl_typesupport_fastrtps_c;rosidl_typesupport_introspection_c
[2.748s] -- Using all available rosidl_typesupport_cpp: rosidl_typesupport_fastrtps_cpp;rosidl_typesupport_introspection_cpp
[2.784s] -- Found PythonInterp: /usr/bin/python3 (found suitable version "3.10.12", minimum required is "3.6") 
[2.789s] -- Found python_cmake_module: 0.10.0 (/opt/ros/humble/share/python_cmake_module/cmake)
[2.832s] -- Found PythonLibs: /usr/lib/x86_64-linux-gnu/libpython3.10.so (found suitable version "3.10.12", minimum required is "3.5") 
[2.832s] -- Using PYTHON_EXECUTABLE: /usr/bin/python3
[2.832s] -- Using PYTHON_INCLUDE_DIRS: /usr/include/python3.10
[2.833s] -- Using PYTHON_LIBRARIES: /usr/lib/x86_64-linux-gnu/libpython3.10.so
[2.866s] -- Found PythonExtra: .so  
[2.975s] -- Found ament_lint_auto: 0.12.10 (/opt/ros/humble/share/ament_lint_auto/cmake)
[3.027s] -- Added test 'lint_cmake' to check CMake code style
[3.030s] -- Added test 'xmllint' to check XML markup files
[3.035s] -- Configuring done
[3.093s] -- Generating done
[3.097s] -- Build files have been written to: /home/denis/diploma_ws/build/dms_interfaces
[3.110s] Invoked command in '/home/denis/diploma_ws/build/dms_interfaces' returned '0': CMAKE_PREFIX_PATH=${CMAKE_PREFIX_PATH}:/opt/ros/humble /usr/bin/cmake /home/denis/diploma_ws/src/dms_interfaces -DCMAKE_INSTALL_PREFIX=/home/denis/diploma_ws/install/dms_interfaces
[3.113s] Invoking command in '/home/denis/diploma_ws/build/dms_interfaces': CMAKE_PREFIX_PATH=${CMAKE_PREFIX_PATH}:/opt/ros/humble /usr/bin/cmake --build /home/denis/diploma_ws/build/dms_interfaces -- -j4 -l4
[3.189s] [  3%] [34m[1mGenerating C code for ROS interfaces[0m
[3.218s] [  6%] [34m[1mGenerating C++ code for ROS interfaces[0m
[3.231s] [  6%] Built target ament_cmake_python_copy_dms_interfaces
[3.729s] running egg_info
[3.730s] creating dms_interfaces.egg-info
[3.731s] writing dms_interfaces.egg-info/PKG-INFO
[3.731s] writing dependency_links to dms_interfaces.egg-info/dependency_links.txt
[3.732s] writing top-level names to dms_interfaces.egg-info/top_level.txt
[3.732s] writing manifest file 'dms_interfaces.egg-info/SOURCES.txt'
[3.737s] reading manifest file 'dms_interfaces.egg-info/SOURCES.txt'
[3.739s] writing manifest file 'dms_interfaces.egg-info/SOURCES.txt'
[3.798s] [  6%] Built target ament_cmake_python_build_dms_interfaces_egg
[3.811s] [  9%] [32mBuilding C object CMakeFiles/dms_interfaces__rosidl_generator_c.dir/rosidl_generator_c/dms_interfaces/srv/detail/pub_res_cmd_vel__functions.c.o[0m
[3.875s] [  9%] Built target dms_interfaces__cpp
[3.900s] [ 16%] [34m[1mGenerating C++ introspection for ROS interfaces[0m
[3.900s] [ 16%] [34m[1mGenerating C++ type support dispatch for ROS interfaces[0m
[3.901s] [ 19%] [34m[1mGenerating C++ type support for eProsima Fast-RTPS[0m
[3.944s] [ 22%] [32m[1mLinking C shared library libdms_interfaces__rosidl_generator_c.so[0m
[4.040s] [ 22%] Built target dms_interfaces__rosidl_generator_c
[4.067s] [ 25%] [34m[1mGenerating C type support for eProsima Fast-RTPS[0m
[4.652s] [ 29%] [32mBuilding CXX object CMakeFiles/dms_interfaces__rosidl_typesupport_introspection_cpp.dir/rosidl_typesupport_introspection_cpp/dms_interfaces/srv/detail/pub_res_cmd_vel__type_support.cpp.o[0m
[4.662s] [ 32%] [32mBuilding CXX object CMakeFiles/dms_interfaces__rosidl_typesupport_cpp.dir/rosidl_typesupport_cpp/dms_interfaces/srv/pub_res_cmd_vel__type_support.cpp.o[0m
[4.740s] [ 35%] [32mBuilding CXX object CMakeFiles/dms_interfaces__rosidl_typesupport_fastrtps_cpp.dir/rosidl_typesupport_fastrtps_cpp/dms_interfaces/srv/detail/dds_fastrtps/pub_res_cmd_vel__type_support.cpp.o[0m
[4.966s] [ 38%] [32mBuilding CXX object CMakeFiles/dms_interfaces__rosidl_typesupport_fastrtps_c.dir/rosidl_typesupport_fastrtps_c/dms_interfaces/srv/detail/pub_res_cmd_vel__type_support_c.cpp.o[0m
[5.705s] [ 41%] [32m[1mLinking CXX shared library libdms_interfaces__rosidl_typesupport_cpp.so[0m
[5.816s] [ 41%] Built target dms_interfaces__rosidl_typesupport_cpp
[5.845s] [ 45%] [34m[1mGenerating C introspection for ROS interfaces[0m
[5.889s] [ 48%] [32m[1mLinking CXX shared library libdms_interfaces__rosidl_typesupport_fastrtps_cpp.so[0m
[6.038s] [ 51%] [32m[1mLinking CXX shared library libdms_interfaces__rosidl_typesupport_introspection_cpp.so[0m
[6.161s] [ 51%] Built target dms_interfaces__rosidl_typesupport_fastrtps_cpp
[6.187s] [ 54%] [34m[1mGenerating C type support dispatch for ROS interfaces[0m
[6.195s] [ 58%] [32m[1mLinking CXX shared library libdms_interfaces__rosidl_typesupport_fastrtps_c.so[0m
[6.302s] [ 58%] Built target dms_interfaces__rosidl_typesupport_introspection_cpp
[6.416s] [ 58%] Built target dms_interfaces__rosidl_typesupport_fastrtps_c
[6.610s] [ 61%] [32mBuilding C object CMakeFiles/dms_interfaces__rosidl_typesupport_introspection_c.dir/rosidl_typesupport_introspection_c/dms_interfaces/srv/detail/pub_res_cmd_vel__type_support.c.o[0m
[6.684s] [ 64%] [32m[1mLinking C shared library libdms_interfaces__rosidl_typesupport_introspection_c.so[0m
[6.708s] [ 67%] [32mBuilding CXX object CMakeFiles/dms_interfaces__rosidl_typesupport_c.dir/rosidl_typesupport_c/dms_interfaces/srv/pub_res_cmd_vel__type_support.cpp.o[0m
[6.739s] [ 67%] Built target dms_interfaces__rosidl_typesupport_introspection_c
[6.764s] [ 70%] [32m[1mLinking CXX shared library libdms_interfaces__rosidl_typesupport_c.so[0m
[6.841s] [ 70%] Built target dms_interfaces__rosidl_typesupport_c
[6.880s] [ 70%] Built target dms_interfaces
[6.924s] [ 74%] [34m[1mGenerating Python code for ROS interfaces[0m
[7.521s] [ 74%] Built target dms_interfaces__py
[7.560s] [ 77%] [32mBuilding C object CMakeFiles/dms_interfaces__rosidl_generator_py.dir/rosidl_generator_py/dms_interfaces/srv/_pub_res_cmd_vel_s.c.o[0m
[7.781s] [ 80%] [32m[1mLinking C shared library rosidl_generator_py/dms_interfaces/libdms_interfaces__rosidl_generator_py.so[0m
[7.877s] [ 80%] Built target dms_interfaces__rosidl_generator_py
[7.931s] [ 83%] [32mBuilding C object CMakeFiles/dms_interfaces__rosidl_typesupport_introspection_c__pyext.dir/rosidl_generator_py/dms_interfaces/_dms_interfaces_s.ep.rosidl_typesupport_introspection_c.c.o[0m
[7.933s] [ 87%] [32mBuilding C object CMakeFiles/dms_interfaces__rosidl_typesupport_fastrtps_c__pyext.dir/rosidl_generator_py/dms_interfaces/_dms_interfaces_s.ep.rosidl_typesupport_fastrtps_c.c.o[0m
[7.933s] [ 90%] [32mBuilding C object CMakeFiles/dms_interfaces__rosidl_typesupport_c__pyext.dir/rosidl_generator_py/dms_interfaces/_dms_interfaces_s.ep.rosidl_typesupport_c.c.o[0m
[8.118s] [ 93%] [32m[1mLinking C shared library rosidl_generator_py/dms_interfaces/dms_interfaces_s__rosidl_typesupport_c.cpython-310-x86_64-linux-gnu.so[0m
[8.192s] [ 93%] Built target dms_interfaces__rosidl_typesupport_c__pyext
[8.216s] [ 96%] [32m[1mLinking C shared library rosidl_generator_py/dms_interfaces/dms_interfaces_s__rosidl_typesupport_introspection_c.cpython-310-x86_64-linux-gnu.so[0m
[8.216s] [100%] [32m[1mLinking C shared library rosidl_generator_py/dms_interfaces/dms_interfaces_s__rosidl_typesupport_fastrtps_c.cpython-310-x86_64-linux-gnu.so[0m
[8.288s] [100%] Built target dms_interfaces__rosidl_typesupport_fastrtps_c__pyext
[8.288s] [100%] Built target dms_interfaces__rosidl_typesupport_introspection_c__pyext
[8.307s] Invoked command in '/home/denis/diploma_ws/build/dms_interfaces' returned '0': CMAKE_PREFIX_PATH=${CMAKE_PREFIX_PATH}:/opt/ros/humble /usr/bin/cmake --build /home/denis/diploma_ws/build/dms_interfaces -- -j4 -l4
[8.444s] Invoking command in '/home/denis/diploma_ws/build/dms_interfaces': CMAKE_PREFIX_PATH=${CMAKE_PREFIX_PATH}:/opt/ros/humble /usr/bin/cmake --install /home/denis/diploma_ws/build/dms_interfaces
[8.460s] -- Install configuration: ""
[8.460s] -- Installing: /home/denis/diploma_ws/install/dms_interfaces/share/ament_index/resource_index/rosidl_interfaces/dms_interfaces
[8.461s] -- Installing: /home/denis/diploma_ws/install/dms_interfaces/include/dms_interfaces/dms_interfaces
[8.461s] -- Installing: /home/denis/diploma_ws/install/dms_interfaces/include/dms_interfaces/dms_interfaces/srv
[8.462s] -- Installing: /home/denis/diploma_ws/install/dms_interfaces/include/dms_interfaces/dms_interfaces/srv/pub_res_cmd_vel.h
[8.462s] -- Installing: /home/denis/diploma_ws/install/dms_interfaces/include/dms_interfaces/dms_interfaces/srv/detail
[8.462s] -- Installing: /home/denis/diploma_ws/install/dms_interfaces/include/dms_interfaces/dms_interfaces/srv/detail/pub_res_cmd_vel__functions.c
[8.462s] -- Installing: /home/denis/diploma_ws/install/dms_interfaces/include/dms_interfaces/dms_interfaces/srv/detail/pub_res_cmd_vel__type_support.h
[8.462s] -- Installing: /home/denis/diploma_ws/install/dms_interfaces/include/dms_interfaces/dms_interfaces/srv/detail/pub_res_cmd_vel__functions.h
[8.462s] -- Installing: /home/denis/diploma_ws/install/dms_interfaces/include/dms_interfaces/dms_interfaces/srv/detail/pub_res_cmd_vel__struct.h
[8.462s] -- Installing: /home/denis/diploma_ws/install/dms_interfaces/include/dms_interfaces/dms_interfaces/msg
[8.463s] -- Installing: /home/denis/diploma_ws/install/dms_interfaces/include/dms_interfaces/dms_interfaces/msg/rosidl_generator_c__visibility_control.h
[8.463s] -- Installing: /home/denis/diploma_ws/install/dms_interfaces/share/dms_interfaces/environment/library_path.sh
[8.463s] -- Installing: /home/denis/diploma_ws/install/dms_interfaces/share/dms_interfaces/environment/library_path.dsv
[8.464s] -- Installing: /home/denis/diploma_ws/install/dms_interfaces/lib/libdms_interfaces__rosidl_generator_c.so
[8.465s] -- Set runtime path of "/home/denis/diploma_ws/install/dms_interfaces/lib/libdms_interfaces__rosidl_generator_c.so" to ""
[8.465s] -- Up-to-date: /home/denis/diploma_ws/install/dms_interfaces/include/dms_interfaces/dms_interfaces
[8.465s] -- Up-to-date: /home/denis/diploma_ws/install/dms_interfaces/include/dms_interfaces/dms_interfaces/srv
[8.465s] -- Up-to-date: /home/denis/diploma_ws/install/dms_interfaces/include/dms_interfaces/dms_interfaces/srv/detail
[8.466s] -- Installing: /home/denis/diploma_ws/install/dms_interfaces/include/dms_interfaces/dms_interfaces/srv/detail/pub_res_cmd_vel__rosidl_typesupport_fastrtps_c.h
[8.466s] -- Up-to-date: /home/denis/diploma_ws/install/dms_interfaces/include/dms_interfaces/dms_interfaces/msg
[8.466s] -- Installing: /home/denis/diploma_ws/install/dms_interfaces/include/dms_interfaces/dms_interfaces/msg/rosidl_typesupport_fastrtps_c__visibility_control.h
[8.466s] -- Installing: /home/denis/diploma_ws/install/dms_interfaces/lib/libdms_interfaces__rosidl_typesupport_fastrtps_c.so
[8.467s] -- Set runtime path of "/home/denis/diploma_ws/install/dms_interfaces/lib/libdms_interfaces__rosidl_typesupport_fastrtps_c.so" to ""
[8.467s] -- Up-to-date: /home/denis/diploma_ws/install/dms_interfaces/include/dms_interfaces/dms_interfaces
[8.467s] -- Up-to-date: /home/denis/diploma_ws/install/dms_interfaces/include/dms_interfaces/dms_interfaces/srv
[8.467s] -- Up-to-date: /home/denis/diploma_ws/install/dms_interfaces/include/dms_interfaces/dms_interfaces/srv/detail
[8.467s] -- Installing: /home/denis/diploma_ws/install/dms_interfaces/include/dms_interfaces/dms_interfaces/srv/detail/pub_res_cmd_vel__rosidl_typesupport_introspection_c.h
[8.468s] -- Installing: /home/denis/diploma_ws/install/dms_interfaces/include/dms_interfaces/dms_interfaces/srv/detail/pub_res_cmd_vel__type_support.c
[8.468s] -- Up-to-date: /home/denis/diploma_ws/install/dms_interfaces/include/dms_interfaces/dms_interfaces/msg
[8.468s] -- Installing: /home/denis/diploma_ws/install/dms_interfaces/include/dms_interfaces/dms_interfaces/msg/rosidl_typesupport_introspection_c__visibility_control.h
[8.468s] -- Installing: /home/denis/diploma_ws/install/dms_interfaces/lib/libdms_interfaces__rosidl_typesupport_introspection_c.so
[8.469s] -- Set runtime path of "/home/denis/diploma_ws/install/dms_interfaces/lib/libdms_interfaces__rosidl_typesupport_introspection_c.so" to ""
[8.469s] -- Installing: /home/denis/diploma_ws/install/dms_interfaces/lib/libdms_interfaces__rosidl_typesupport_c.so
[8.470s] -- Set runtime path of "/home/denis/diploma_ws/install/dms_interfaces/lib/libdms_interfaces__rosidl_typesupport_c.so" to ""
[8.470s] -- Up-to-date: /home/denis/diploma_ws/install/dms_interfaces/include/dms_interfaces/dms_interfaces
[8.470s] -- Up-to-date: /home/denis/diploma_ws/install/dms_interfaces/include/dms_interfaces/dms_interfaces/srv
[8.470s] -- Installing: /home/denis/diploma_ws/install/dms_interfaces/include/dms_interfaces/dms_interfaces/srv/pub_res_cmd_vel.hpp
[8.471s] -- Up-to-date: /home/denis/diploma_ws/install/dms_interfaces/include/dms_interfaces/dms_interfaces/srv/detail
[8.471s] -- Installing: /home/denis/diploma_ws/install/dms_interfaces/include/dms_interfaces/dms_interfaces/srv/detail/pub_res_cmd_vel__traits.hpp
[8.471s] -- Installing: /home/denis/diploma_ws/install/dms_interfaces/include/dms_interfaces/dms_interfaces/srv/detail/pub_res_cmd_vel__struct.hpp
[8.471s] -- Installing: /home/denis/diploma_ws/install/dms_interfaces/include/dms_interfaces/dms_interfaces/srv/detail/pub_res_cmd_vel__builder.hpp
[8.472s] -- Up-to-date: /home/denis/diploma_ws/install/dms_interfaces/include/dms_interfaces/dms_interfaces
[8.472s] -- Up-to-date: /home/denis/diploma_ws/install/dms_interfaces/include/dms_interfaces/dms_interfaces/srv
[8.472s] -- Up-to-date: /home/denis/diploma_ws/install/dms_interfaces/include/dms_interfaces/dms_interfaces/srv/detail
[8.472s] -- Installing: /home/denis/diploma_ws/install/dms_interfaces/include/dms_interfaces/dms_interfaces/srv/detail/dds_fastrtps
[8.472s] -- Installing: /home/denis/diploma_ws/install/dms_interfaces/include/dms_interfaces/dms_interfaces/srv/detail/pub_res_cmd_vel__rosidl_typesupport_fastrtps_cpp.hpp
[8.473s] -- Up-to-date: /home/denis/diploma_ws/install/dms_interfaces/include/dms_interfaces/dms_interfaces/msg
[8.473s] -- Installing: /home/denis/diploma_ws/install/dms_interfaces/include/dms_interfaces/dms_interfaces/msg/rosidl_typesupport_fastrtps_cpp__visibility_control.h
[8.473s] -- Installing: /home/denis/diploma_ws/install/dms_interfaces/lib/libdms_interfaces__rosidl_typesupport_fastrtps_cpp.so
[8.474s] -- Set runtime path of "/home/denis/diploma_ws/install/dms_interfaces/lib/libdms_interfaces__rosidl_typesupport_fastrtps_cpp.so" to ""
[8.474s] -- Up-to-date: /home/denis/diploma_ws/install/dms_interfaces/include/dms_interfaces/dms_interfaces
[8.475s] -- Up-to-date: /home/denis/diploma_ws/install/dms_interfaces/include/dms_interfaces/dms_interfaces/srv
[8.475s] -- Up-to-date: /home/denis/diploma_ws/install/dms_interfaces/include/dms_interfaces/dms_interfaces/srv/detail
[8.475s] -- Installing: /home/denis/diploma_ws/install/dms_interfaces/include/dms_interfaces/dms_interfaces/srv/detail/pub_res_cmd_vel__rosidl_typesupport_introspection_cpp.hpp
[8.475s] -- Installing: /home/denis/diploma_ws/install/dms_interfaces/include/dms_interfaces/dms_interfaces/srv/detail/pub_res_cmd_vel__type_support.cpp
[8.475s] -- Installing: /home/denis/diploma_ws/install/dms_interfaces/lib/libdms_interfaces__rosidl_typesupport_introspection_cpp.so
[8.476s] -- Set runtime path of "/home/denis/diploma_ws/install/dms_interfaces/lib/libdms_interfaces__rosidl_typesupport_introspection_cpp.so" to ""
[8.477s] -- Installing: /home/denis/diploma_ws/install/dms_interfaces/lib/libdms_interfaces__rosidl_typesupport_cpp.so
[8.477s] -- Set runtime path of "/home/denis/diploma_ws/install/dms_interfaces/lib/libdms_interfaces__rosidl_typesupport_cpp.so" to ""
[8.478s] -- Installing: /home/denis/diploma_ws/install/dms_interfaces/share/dms_interfaces/environment/pythonpath.sh
[8.478s] -- Installing: /home/denis/diploma_ws/install/dms_interfaces/share/dms_interfaces/environment/pythonpath.dsv
[8.478s] -- Installing: /home/denis/diploma_ws/install/dms_interfaces/local/lib/python3.10/dist-packages/dms_interfaces-0.0.0-py3.10.egg-info
[8.478s] -- Installing: /home/denis/diploma_ws/install/dms_interfaces/local/lib/python3.10/dist-packages/dms_interfaces-0.0.0-py3.10.egg-info/SOURCES.txt
[8.479s] -- Installing: /home/denis/diploma_ws/install/dms_interfaces/local/lib/python3.10/dist-packages/dms_interfaces-0.0.0-py3.10.egg-info/dependency_links.txt
[8.479s] -- Installing: /home/denis/diploma_ws/install/dms_interfaces/local/lib/python3.10/dist-packages/dms_interfaces-0.0.0-py3.10.egg-info/PKG-INFO
[8.479s] -- Installing: /home/denis/diploma_ws/install/dms_interfaces/local/lib/python3.10/dist-packages/dms_interfaces-0.0.0-py3.10.egg-info/top_level.txt
[8.480s] -- Installing: /home/denis/diploma_ws/install/dms_interfaces/local/lib/python3.10/dist-packages/dms_interfaces
[8.480s] -- Installing: /home/denis/diploma_ws/install/dms_interfaces/local/lib/python3.10/dist-packages/dms_interfaces/dms_interfaces_s__rosidl_typesupport_c.cpython-310-x86_64-linux-gnu.so
[8.480s] -- Installing: /home/denis/diploma_ws/install/dms_interfaces/local/lib/python3.10/dist-packages/dms_interfaces/srv
[8.481s] -- Installing: /home/denis/diploma_ws/install/dms_interfaces/local/lib/python3.10/dist-packages/dms_interfaces/srv/_pub_res_cmd_vel.py
[8.481s] -- Installing: /home/denis/diploma_ws/install/dms_interfaces/local/lib/python3.10/dist-packages/dms_interfaces/srv/__init__.py
[8.481s] -- Installing: /home/denis/diploma_ws/install/dms_interfaces/local/lib/python3.10/dist-packages/dms_interfaces/srv/_pub_res_cmd_vel_s.c
[8.481s] -- Installing: /home/denis/diploma_ws/install/dms_interfaces/local/lib/python3.10/dist-packages/dms_interfaces/dms_interfaces_s__rosidl_typesupport_fastrtps_c.cpython-310-x86_64-linux-gnu.so
[8.482s] -- Installing: /home/denis/diploma_ws/install/dms_interfaces/local/lib/python3.10/dist-packages/dms_interfaces/dms_interfaces_s__rosidl_typesupport_introspection_c.cpython-310-x86_64-linux-gnu.so
[8.482s] -- Installing: /home/denis/diploma_ws/install/dms_interfaces/local/lib/python3.10/dist-packages/dms_interfaces/_dms_interfaces_s.ep.rosidl_typesupport_c.c
[8.482s] -- Installing: /home/denis/diploma_ws/install/dms_interfaces/local/lib/python3.10/dist-packages/dms_interfaces/libdms_interfaces__rosidl_generator_py.so
[8.482s] -- Installing: /home/denis/diploma_ws/install/dms_interfaces/local/lib/python3.10/dist-packages/dms_interfaces/__init__.py
[8.483s] -- Installing: /home/denis/diploma_ws/install/dms_interfaces/local/lib/python3.10/dist-packages/dms_interfaces/_dms_interfaces_s.ep.rosidl_typesupport_introspection_c.c
[8.483s] -- Installing: /home/denis/diploma_ws/install/dms_interfaces/local/lib/python3.10/dist-packages/dms_interfaces/_dms_interfaces_s.ep.rosidl_typesupport_fastrtps_c.c
[8.535s] Listing '/home/denis/diploma_ws/install/dms_interfaces/local/lib/python3.10/dist-packages/dms_interfaces'...
[8.535s] Compiling '/home/denis/diploma_ws/install/dms_interfaces/local/lib/python3.10/dist-packages/dms_interfaces/__init__.py'...
[8.535s] Listing '/home/denis/diploma_ws/install/dms_interfaces/local/lib/python3.10/dist-packages/dms_interfaces/srv'...
[8.536s] Compiling '/home/denis/diploma_ws/install/dms_interfaces/local/lib/python3.10/dist-packages/dms_interfaces/srv/__init__.py'...
[8.536s] Compiling '/home/denis/diploma_ws/install/dms_interfaces/local/lib/python3.10/dist-packages/dms_interfaces/srv/_pub_res_cmd_vel.py'...
[8.542s] -- Installing: /home/denis/diploma_ws/install/dms_interfaces/local/lib/python3.10/dist-packages/dms_interfaces/dms_interfaces_s__rosidl_typesupport_fastrtps_c.cpython-310-x86_64-linux-gnu.so
[8.543s] -- Set runtime path of "/home/denis/diploma_ws/install/dms_interfaces/local/lib/python3.10/dist-packages/dms_interfaces/dms_interfaces_s__rosidl_typesupport_fastrtps_c.cpython-310-x86_64-linux-gnu.so" to ""
[8.544s] -- Installing: /home/denis/diploma_ws/install/dms_interfaces/local/lib/python3.10/dist-packages/dms_interfaces/dms_interfaces_s__rosidl_typesupport_introspection_c.cpython-310-x86_64-linux-gnu.so
[8.544s] -- Set runtime path of "/home/denis/diploma_ws/install/dms_interfaces/local/lib/python3.10/dist-packages/dms_interfaces/dms_interfaces_s__rosidl_typesupport_introspection_c.cpython-310-x86_64-linux-gnu.so" to ""
[8.545s] -- Installing: /home/denis/diploma_ws/install/dms_interfaces/local/lib/python3.10/dist-packages/dms_interfaces/dms_interfaces_s__rosidl_typesupport_c.cpython-310-x86_64-linux-gnu.so
[8.546s] -- Set runtime path of "/home/denis/diploma_ws/install/dms_interfaces/local/lib/python3.10/dist-packages/dms_interfaces/dms_interfaces_s__rosidl_typesupport_c.cpython-310-x86_64-linux-gnu.so" to ""
[8.546s] -- Installing: /home/denis/diploma_ws/install/dms_interfaces/lib/libdms_interfaces__rosidl_generator_py.so
[8.547s] -- Set runtime path of "/home/denis/diploma_ws/install/dms_interfaces/lib/libdms_interfaces__rosidl_generator_py.so" to ""
[8.547s] -- Installing: /home/denis/diploma_ws/install/dms_interfaces/share/dms_interfaces/srv/PubResCmdVel.idl
[8.547s] -- Installing: /home/denis/diploma_ws/install/dms_interfaces/share/dms_interfaces/srv/PubResCmdVel.srv
[8.548s] -- Installing: /home/denis/diploma_ws/install/dms_interfaces/share/dms_interfaces/srv/PubResCmdVel_Request.msg
[8.548s] -- Installing: /home/denis/diploma_ws/install/dms_interfaces/share/dms_interfaces/srv/PubResCmdVel_Response.msg
[8.548s] -- Installing: /home/denis/diploma_ws/install/dms_interfaces/share/ament_index/resource_index/package_run_dependencies/dms_interfaces
[8.549s] -- Installing: /home/denis/diploma_ws/install/dms_interfaces/share/ament_index/resource_index/parent_prefix_path/dms_interfaces
[8.549s] -- Installing: /home/denis/diploma_ws/install/dms_interfaces/share/dms_interfaces/environment/ament_prefix_path.sh
[8.549s] -- Installing: /home/denis/diploma_ws/install/dms_interfaces/share/dms_interfaces/environment/ament_prefix_path.dsv
[8.550s] -- Installing: /home/denis/diploma_ws/install/dms_interfaces/share/dms_interfaces/environment/path.sh
[8.550s] -- Installing: /home/denis/diploma_ws/install/dms_interfaces/share/dms_interfaces/environment/path.dsv
[8.550s] -- Installing: /home/denis/diploma_ws/install/dms_interfaces/share/dms_interfaces/local_setup.bash
[8.551s] -- Installing: /home/denis/diploma_ws/install/dms_interfaces/share/dms_interfaces/local_setup.sh
[8.551s] -- Installing: /home/denis/diploma_ws/install/dms_interfaces/share/dms_interfaces/local_setup.zsh
[8.551s] -- Installing: /home/denis/diploma_ws/install/dms_interfaces/share/dms_interfaces/local_setup.dsv
[8.552s] -- Installing: /home/denis/diploma_ws/install/dms_interfaces/share/dms_interfaces/package.dsv
[8.552s] -- Installing: /home/denis/diploma_ws/install/dms_interfaces/share/ament_index/resource_index/packages/dms_interfaces
[8.552s] -- Installing: /home/denis/diploma_ws/install/dms_interfaces/share/dms_interfaces/cmake/export_dms_interfaces__rosidl_generator_cExport.cmake
[8.553s] -- Installing: /home/denis/diploma_ws/install/dms_interfaces/share/dms_interfaces/cmake/export_dms_interfaces__rosidl_generator_cExport-noconfig.cmake
[8.553s] -- Installing: /home/denis/diploma_ws/install/dms_interfaces/share/dms_interfaces/cmake/export_dms_interfaces__rosidl_typesupport_fastrtps_cExport.cmake
[8.553s] -- Installing: /home/denis/diploma_ws/install/dms_interfaces/share/dms_interfaces/cmake/export_dms_interfaces__rosidl_typesupport_fastrtps_cExport-noconfig.cmake
[8.554s] -- Installing: /home/denis/diploma_ws/install/dms_interfaces/share/dms_interfaces/cmake/dms_interfaces__rosidl_typesupport_introspection_cExport.cmake
[8.554s] -- Installing: /home/denis/diploma_ws/install/dms_interfaces/share/dms_interfaces/cmake/dms_interfaces__rosidl_typesupport_introspection_cExport-noconfig.cmake
[8.554s] -- Installing: /home/denis/diploma_ws/install/dms_interfaces/share/dms_interfaces/cmake/dms_interfaces__rosidl_typesupport_cExport.cmake
[8.555s] -- Installing: /home/denis/diploma_ws/install/dms_interfaces/share/dms_interfaces/cmake/dms_interfaces__rosidl_typesupport_cExport-noconfig.cmake
[8.555s] -- Installing: /home/denis/diploma_ws/install/dms_interfaces/share/dms_interfaces/cmake/export_dms_interfaces__rosidl_generator_cppExport.cmake
[8.555s] -- Installing: /home/denis/diploma_ws/install/dms_interfaces/share/dms_interfaces/cmake/export_dms_interfaces__rosidl_typesupport_fastrtps_cppExport.cmake
[8.556s] -- Installing: /home/denis/diploma_ws/install/dms_interfaces/share/dms_interfaces/cmake/export_dms_interfaces__rosidl_typesupport_fastrtps_cppExport-noconfig.cmake
[8.556s] -- Installing: /home/denis/diploma_ws/install/dms_interfaces/share/dms_interfaces/cmake/dms_interfaces__rosidl_typesupport_introspection_cppExport.cmake
[8.556s] -- Installing: /home/denis/diploma_ws/install/dms_interfaces/share/dms_interfaces/cmake/dms_interfaces__rosidl_typesupport_introspection_cppExport-noconfig.cmake
[8.557s] -- Installing: /home/denis/diploma_ws/install/dms_interfaces/share/dms_interfaces/cmake/dms_interfaces__rosidl_typesupport_cppExport.cmake
[8.557s] -- Installing: /home/denis/diploma_ws/install/dms_interfaces/share/dms_interfaces/cmake/dms_interfaces__rosidl_typesupport_cppExport-noconfig.cmake
[8.557s] -- Installing: /home/denis/diploma_ws/install/dms_interfaces/share/dms_interfaces/cmake/export_dms_interfaces__rosidl_generator_pyExport.cmake
[8.558s] -- Installing: /home/denis/diploma_ws/install/dms_interfaces/share/dms_interfaces/cmake/export_dms_interfaces__rosidl_generator_pyExport-noconfig.cmake
[8.558s] -- Installing: /home/denis/diploma_ws/install/dms_interfaces/share/dms_interfaces/cmake/rosidl_cmake-extras.cmake
[8.558s] -- Installing: /home/denis/diploma_ws/install/dms_interfaces/share/dms_interfaces/cmake/ament_cmake_export_dependencies-extras.cmake
[8.559s] -- Installing: /home/denis/diploma_ws/install/dms_interfaces/share/dms_interfaces/cmake/ament_cmake_export_include_directories-extras.cmake
[8.559s] -- Installing: /home/denis/diploma_ws/install/dms_interfaces/share/dms_interfaces/cmake/ament_cmake_export_libraries-extras.cmake
[8.559s] -- Installing: /home/denis/diploma_ws/install/dms_interfaces/share/dms_interfaces/cmake/ament_cmake_export_targets-extras.cmake
[8.560s] -- Installing: /home/denis/diploma_ws/install/dms_interfaces/share/dms_interfaces/cmake/rosidl_cmake_export_typesupport_targets-extras.cmake
[8.560s] -- Installing: /home/denis/diploma_ws/install/dms_interfaces/share/dms_interfaces/cmake/rosidl_cmake_export_typesupport_libraries-extras.cmake
[8.560s] -- Installing: /home/denis/diploma_ws/install/dms_interfaces/share/dms_interfaces/cmake/dms_interfacesConfig.cmake
[8.560s] -- Installing: /home/denis/diploma_ws/install/dms_interfaces/share/dms_interfaces/cmake/dms_interfacesConfig-version.cmake
[8.561s] -- Installing: /home/denis/diploma_ws/install/dms_interfaces/share/dms_interfaces/package.xml
[8.565s] Invoked command in '/home/denis/diploma_ws/build/dms_interfaces' returned '0': CMAKE_PREFIX_PATH=${CMAKE_PREFIX_PATH}:/opt/ros/humble /usr/bin/cmake --install /home/denis/diploma_ws/build/dms_interfaces
