[0.030s] Invoking command in '/home/denis/diploma_ws/build/groot': AMENT_PREFIX_PATH=/home/denis/diploma_ws/install/behaviortree_cpp_v3:${AMENT_PREFIX_PATH} CMAKE_PREFIX_PATH=/home/denis/diploma_ws/install/behaviortree_cpp_v3:/opt/ros/humble LD_LIBRARY_PATH=/home/denis/diploma_ws/install/behaviortree_cpp_v3/lib:${LD_LIBRARY_PATH} PATH=/home/denis/diploma_ws/install/behaviortree_cpp_v3/bin:${PATH} /usr/bin/cmake --build /home/denis/diploma_ws/build/groot -- -j4 -l4
[0.166s] [  1%] [34m[1mAutomatic MOC and UIC for target QtNodeEditor[0m
[0.254s] [  1%] Built target QtNodeEditor_autogen
[0.360s] [ 57%] Built target QtNodeEditor
[0.398s] [ 58%] [34m[1mAutomatic MOC and UIC for target behavior_tree_editor[0m
[0.461s] [ 58%] Built target behavior_tree_editor_autogen
[0.547s] [ 74%] Built target behavior_tree_editor
[0.595s] [ 75%] [34m[1mAutomatic MOC and UIC for target Groot[0m
[0.601s] [ 75%] [34m[1mAutomatic MOC and UIC for target editor_test[0m
[0.601s] [ 76%] [34m[1mAutomatic MOC and UIC for target replay_test[0m
[0.649s] [ 76%] Built target Groot_autogen
[0.655s] [ 76%] Built target replay_test_autogen
[0.670s] [ 76%] Built target editor_test_autogen
[0.732s] [ 82%] Built target Groot
[0.740s] [ 91%] Built target replay_test
[0.754s] [100%] Built target editor_test
[0.777s] Invoked command in '/home/denis/diploma_ws/build/groot' returned '0': AMENT_PREFIX_PATH=/home/denis/diploma_ws/install/behaviortree_cpp_v3:${AMENT_PREFIX_PATH} CMAKE_PREFIX_PATH=/home/denis/diploma_ws/install/behaviortree_cpp_v3:/opt/ros/humble LD_LIBRARY_PATH=/home/denis/diploma_ws/install/behaviortree_cpp_v3/lib:${LD_LIBRARY_PATH} PATH=/home/denis/diploma_ws/install/behaviortree_cpp_v3/bin:${PATH} /usr/bin/cmake --build /home/denis/diploma_ws/build/groot -- -j4 -l4
[0.919s] Invoking command in '/home/denis/diploma_ws/build/groot': AMENT_PREFIX_PATH=/home/denis/diploma_ws/install/behaviortree_cpp_v3:${AMENT_PREFIX_PATH} CMAKE_PREFIX_PATH=/home/denis/diploma_ws/install/behaviortree_cpp_v3:/opt/ros/humble LD_LIBRARY_PATH=/home/denis/diploma_ws/install/behaviortree_cpp_v3/lib:${LD_LIBRARY_PATH} PATH=/home/denis/diploma_ws/install/behaviortree_cpp_v3/bin:${PATH} /usr/bin/cmake --install /home/denis/diploma_ws/build/groot
[0.931s] -- Install configuration: ""
[0.932s] -- Up-to-date: /home/denis/diploma_ws/install/groot/lib/libbehavior_tree_editor.so
[0.933s] -- Up-to-date: /home/denis/diploma_ws/install/groot/lib/groot/Groot
[0.933s] -- Up-to-date: /home/denis/diploma_ws/install/groot/share/groot/environment/library_path.sh
[0.934s] -- Up-to-date: /home/denis/diploma_ws/install/groot/share/groot/environment/library_path.dsv
[0.934s] -- Up-to-date: /home/denis/diploma_ws/install/groot/share/ament_index/resource_index/package_run_dependencies/groot
[0.934s] -- Up-to-date: /home/denis/diploma_ws/install/groot/share/ament_index/resource_index/parent_prefix_path/groot
[0.935s] -- Up-to-date: /home/denis/diploma_ws/install/groot/share/groot/environment/ament_prefix_path.sh
[0.935s] -- Up-to-date: /home/denis/diploma_ws/install/groot/share/groot/environment/ament_prefix_path.dsv
[0.935s] -- Up-to-date: /home/denis/diploma_ws/install/groot/share/groot/environment/path.sh
[0.935s] -- Up-to-date: /home/denis/diploma_ws/install/groot/share/groot/environment/path.dsv
[0.936s] -- Up-to-date: /home/denis/diploma_ws/install/groot/share/groot/local_setup.bash
[0.936s] -- Up-to-date: /home/denis/diploma_ws/install/groot/share/groot/local_setup.sh
[0.936s] -- Up-to-date: /home/denis/diploma_ws/install/groot/share/groot/local_setup.zsh
[0.936s] -- Up-to-date: /home/denis/diploma_ws/install/groot/share/groot/local_setup.dsv
[0.936s] -- Installing: /home/denis/diploma_ws/install/groot/share/groot/package.dsv
[0.937s] -- Up-to-date: /home/denis/diploma_ws/install/groot/share/ament_index/resource_index/packages/groot
[0.937s] -- Up-to-date: /home/denis/diploma_ws/install/groot/share/groot/cmake/ament_cmake_export_include_directories-extras.cmake
[0.937s] -- Up-to-date: /home/denis/diploma_ws/install/groot/share/groot/cmake/ament_cmake_export_dependencies-extras.cmake
[0.937s] -- Up-to-date: /home/denis/diploma_ws/install/groot/share/groot/cmake/ament_cmake_export_libraries-extras.cmake
[0.937s] -- Up-to-date: /home/denis/diploma_ws/install/groot/share/groot/cmake/grootConfig.cmake
[0.938s] -- Up-to-date: /home/denis/diploma_ws/install/groot/share/groot/cmake/grootConfig-version.cmake
[0.938s] -- Up-to-date: /home/denis/diploma_ws/install/groot/share/groot/package.xml
[0.940s] Invoked command in '/home/denis/diploma_ws/build/groot' returned '0': AMENT_PREFIX_PATH=/home/denis/diploma_ws/install/behaviortree_cpp_v3:${AMENT_PREFIX_PATH} CMAKE_PREFIX_PATH=/home/denis/diploma_ws/install/behaviortree_cpp_v3:/opt/ros/humble LD_LIBRARY_PATH=/home/denis/diploma_ws/install/behaviortree_cpp_v3/lib:${LD_LIBRARY_PATH} PATH=/home/denis/diploma_ws/install/behaviortree_cpp_v3/bin:${PATH} /usr/bin/cmake --install /home/denis/diploma_ws/build/groot
