[0.044s] Invoking command in '/home/denis/diploma_ws/build/dms_interfaces': CMAKE_PREFIX_PATH=${CMAKE_PREFIX_PATH}:/opt/ros/humble /usr/bin/cmake --build /home/denis/diploma_ws/build/dms_interfaces -- -j4 -l4
[0.250s] [  3%] Built target dms_interfaces__cpp
[0.254s] [ 12%] Built target dms_interfaces__rosidl_generator_c
[0.289s] [ 12%] Built target ament_cmake_python_copy_dms_interfaces
[0.392s] [ 22%] Built target dms_interfaces__rosidl_typesupport_introspection_c
[0.425s] [ 32%] Built target dms_interfaces__rosidl_typesupport_fastrtps_c
[0.431s] [ 41%] Built target dms_interfaces__rosidl_typesupport_cpp
[0.450s] [ 51%] Built target dms_interfaces__rosidl_typesupport_c
[0.539s] [ 61%] Built target dms_interfaces__rosidl_typesupport_introspection_cpp
[0.571s] [ 70%] Built target dms_interfaces__rosidl_typesupport_fastrtps_cpp
[0.697s] [ 70%] Built target dms_interfaces
[0.810s] [ 74%] Built target dms_interfaces__py
[0.945s] [ 80%] Built target dms_interfaces__rosidl_generator_py
[1.160s] [ 87%] Built target dms_interfaces__rosidl_typesupport_c__pyext
[1.174s] [ 93%] Built target dms_interfaces__rosidl_typesupport_fastrtps_c__pyext
[1.215s] [100%] Built target dms_interfaces__rosidl_typesupport_introspection_c__pyext
[1.467s] running egg_info
[1.468s] writing dms_interfaces.egg-info/PKG-INFO
[1.469s] writing dependency_links to dms_interfaces.egg-info/dependency_links.txt
[1.469s] writing top-level names to dms_interfaces.egg-info/top_level.txt
[1.477s] reading manifest file 'dms_interfaces.egg-info/SOURCES.txt'
[1.479s] writing manifest file 'dms_interfaces.egg-info/SOURCES.txt'
[1.559s] [100%] Built target ament_cmake_python_build_dms_interfaces_egg
[1.588s] Invoked command in '/home/denis/diploma_ws/build/dms_interfaces' returned '0': CMAKE_PREFIX_PATH=${CMAKE_PREFIX_PATH}:/opt/ros/humble /usr/bin/cmake --build /home/denis/diploma_ws/build/dms_interfaces -- -j4 -l4
[1.817s] Invoking command in '/home/denis/diploma_ws/build/dms_interfaces': CMAKE_PREFIX_PATH=${CMAKE_PREFIX_PATH}:/opt/ros/humble /usr/bin/cmake --install /home/denis/diploma_ws/build/dms_interfaces
[1.878s] -- Install configuration: ""
[1.879s] -- Up-to-date: /home/denis/diploma_ws/install/dms_interfaces/share/ament_index/resource_index/rosidl_interfaces/dms_interfaces
[1.879s] -- Up-to-date: /home/denis/diploma_ws/install/dms_interfaces/include/dms_interfaces/dms_interfaces
[1.880s] -- Up-to-date: /home/denis/diploma_ws/install/dms_interfaces/include/dms_interfaces/dms_interfaces/srv
[1.880s] -- Up-to-date: /home/denis/diploma_ws/install/dms_interfaces/include/dms_interfaces/dms_interfaces/srv/pub_res_cmd_vel.h
[1.880s] -- Up-to-date: /home/denis/diploma_ws/install/dms_interfaces/include/dms_interfaces/dms_interfaces/srv/detail
[1.882s] -- Up-to-date: /home/denis/diploma_ws/install/dms_interfaces/include/dms_interfaces/dms_interfaces/srv/detail/pub_res_cmd_vel__functions.c
[1.883s] -- Up-to-date: /home/denis/diploma_ws/install/dms_interfaces/include/dms_interfaces/dms_interfaces/srv/detail/pub_res_cmd_vel__type_support.h
[1.883s] -- Up-to-date: /home/denis/diploma_ws/install/dms_interfaces/include/dms_interfaces/dms_interfaces/srv/detail/pub_res_cmd_vel__functions.h
[1.884s] -- Up-to-date: /home/denis/diploma_ws/install/dms_interfaces/include/dms_interfaces/dms_interfaces/srv/detail/pub_res_cmd_vel__struct.h
[1.885s] -- Up-to-date: /home/denis/diploma_ws/install/dms_interfaces/include/dms_interfaces/dms_interfaces/msg
[1.885s] -- Up-to-date: /home/denis/diploma_ws/install/dms_interfaces/include/dms_interfaces/dms_interfaces/msg/rosidl_generator_c__visibility_control.h
[1.886s] -- Up-to-date: /home/denis/diploma_ws/install/dms_interfaces/share/dms_interfaces/environment/library_path.sh
[1.886s] -- Up-to-date: /home/denis/diploma_ws/install/dms_interfaces/share/dms_interfaces/environment/library_path.dsv
[1.887s] -- Up-to-date: /home/denis/diploma_ws/install/dms_interfaces/lib/libdms_interfaces__rosidl_generator_c.so
[1.887s] -- Up-to-date: /home/denis/diploma_ws/install/dms_interfaces/include/dms_interfaces/dms_interfaces
[1.888s] -- Up-to-date: /home/denis/diploma_ws/install/dms_interfaces/include/dms_interfaces/dms_interfaces/srv
[1.888s] -- Up-to-date: /home/denis/diploma_ws/install/dms_interfaces/include/dms_interfaces/dms_interfaces/srv/detail
[1.889s] -- Up-to-date: /home/denis/diploma_ws/install/dms_interfaces/include/dms_interfaces/dms_interfaces/srv/detail/pub_res_cmd_vel__rosidl_typesupport_fastrtps_c.h
[1.889s] -- Up-to-date: /home/denis/diploma_ws/install/dms_interfaces/include/dms_interfaces/dms_interfaces/msg
[1.889s] -- Up-to-date: /home/denis/diploma_ws/install/dms_interfaces/include/dms_interfaces/dms_interfaces/msg/rosidl_typesupport_fastrtps_c__visibility_control.h
[1.890s] -- Up-to-date: /home/denis/diploma_ws/install/dms_interfaces/lib/libdms_interfaces__rosidl_typesupport_fastrtps_c.so
[1.890s] -- Up-to-date: /home/denis/diploma_ws/install/dms_interfaces/include/dms_interfaces/dms_interfaces
[1.891s] -- Up-to-date: /home/denis/diploma_ws/install/dms_interfaces/include/dms_interfaces/dms_interfaces/srv
[1.891s] -- Up-to-date: /home/denis/diploma_ws/install/dms_interfaces/include/dms_interfaces/dms_interfaces/srv/detail
[1.891s] -- Up-to-date: /home/denis/diploma_ws/install/dms_interfaces/include/dms_interfaces/dms_interfaces/srv/detail/pub_res_cmd_vel__rosidl_typesupport_introspection_c.h
[1.892s] -- Up-to-date: /home/denis/diploma_ws/install/dms_interfaces/include/dms_interfaces/dms_interfaces/srv/detail/pub_res_cmd_vel__type_support.c
[1.893s] -- Up-to-date: /home/denis/diploma_ws/install/dms_interfaces/include/dms_interfaces/dms_interfaces/msg
[1.893s] -- Up-to-date: /home/denis/diploma_ws/install/dms_interfaces/include/dms_interfaces/dms_interfaces/msg/rosidl_typesupport_introspection_c__visibility_control.h
[1.894s] -- Up-to-date: /home/denis/diploma_ws/install/dms_interfaces/lib/libdms_interfaces__rosidl_typesupport_introspection_c.so
[1.894s] -- Up-to-date: /home/denis/diploma_ws/install/dms_interfaces/lib/libdms_interfaces__rosidl_typesupport_c.so
[1.894s] -- Up-to-date: /home/denis/diploma_ws/install/dms_interfaces/include/dms_interfaces/dms_interfaces
[1.894s] -- Up-to-date: /home/denis/diploma_ws/install/dms_interfaces/include/dms_interfaces/dms_interfaces/srv
[1.894s] -- Up-to-date: /home/denis/diploma_ws/install/dms_interfaces/include/dms_interfaces/dms_interfaces/srv/pub_res_cmd_vel.hpp
[1.895s] -- Up-to-date: /home/denis/diploma_ws/install/dms_interfaces/include/dms_interfaces/dms_interfaces/srv/detail
[1.895s] -- Up-to-date: /home/denis/diploma_ws/install/dms_interfaces/include/dms_interfaces/dms_interfaces/srv/detail/pub_res_cmd_vel__traits.hpp
[1.895s] -- Up-to-date: /home/denis/diploma_ws/install/dms_interfaces/include/dms_interfaces/dms_interfaces/srv/detail/pub_res_cmd_vel__struct.hpp
[1.895s] -- Up-to-date: /home/denis/diploma_ws/install/dms_interfaces/include/dms_interfaces/dms_interfaces/srv/detail/pub_res_cmd_vel__builder.hpp
[1.896s] -- Up-to-date: /home/denis/diploma_ws/install/dms_interfaces/include/dms_interfaces/dms_interfaces
[1.896s] -- Up-to-date: /home/denis/diploma_ws/install/dms_interfaces/include/dms_interfaces/dms_interfaces/srv
[1.896s] -- Up-to-date: /home/denis/diploma_ws/install/dms_interfaces/include/dms_interfaces/dms_interfaces/srv/detail
[1.896s] -- Up-to-date: /home/denis/diploma_ws/install/dms_interfaces/include/dms_interfaces/dms_interfaces/srv/detail/dds_fastrtps
[1.896s] -- Up-to-date: /home/denis/diploma_ws/install/dms_interfaces/include/dms_interfaces/dms_interfaces/srv/detail/pub_res_cmd_vel__rosidl_typesupport_fastrtps_cpp.hpp
[1.897s] -- Up-to-date: /home/denis/diploma_ws/install/dms_interfaces/include/dms_interfaces/dms_interfaces/msg
[1.897s] -- Up-to-date: /home/denis/diploma_ws/install/dms_interfaces/include/dms_interfaces/dms_interfaces/msg/rosidl_typesupport_fastrtps_cpp__visibility_control.h
[1.897s] -- Up-to-date: /home/denis/diploma_ws/install/dms_interfaces/lib/libdms_interfaces__rosidl_typesupport_fastrtps_cpp.so
[1.898s] -- Up-to-date: /home/denis/diploma_ws/install/dms_interfaces/include/dms_interfaces/dms_interfaces
[1.898s] -- Up-to-date: /home/denis/diploma_ws/install/dms_interfaces/include/dms_interfaces/dms_interfaces/srv
[1.898s] -- Up-to-date: /home/denis/diploma_ws/install/dms_interfaces/include/dms_interfaces/dms_interfaces/srv/detail
[1.898s] -- Up-to-date: /home/denis/diploma_ws/install/dms_interfaces/include/dms_interfaces/dms_interfaces/srv/detail/pub_res_cmd_vel__rosidl_typesupport_introspection_cpp.hpp
[1.899s] -- Up-to-date: /home/denis/diploma_ws/install/dms_interfaces/include/dms_interfaces/dms_interfaces/srv/detail/pub_res_cmd_vel__type_support.cpp
[1.899s] -- Up-to-date: /home/denis/diploma_ws/install/dms_interfaces/lib/libdms_interfaces__rosidl_typesupport_introspection_cpp.so
[1.899s] -- Up-to-date: /home/denis/diploma_ws/install/dms_interfaces/lib/libdms_interfaces__rosidl_typesupport_cpp.so
[1.899s] -- Up-to-date: /home/denis/diploma_ws/install/dms_interfaces/share/dms_interfaces/environment/pythonpath.sh
[1.899s] -- Up-to-date: /home/denis/diploma_ws/install/dms_interfaces/share/dms_interfaces/environment/pythonpath.dsv
[1.900s] -- Up-to-date: /home/denis/diploma_ws/install/dms_interfaces/local/lib/python3.10/dist-packages/dms_interfaces-0.0.0-py3.10.egg-info
[1.900s] -- Installing: /home/denis/diploma_ws/install/dms_interfaces/local/lib/python3.10/dist-packages/dms_interfaces-0.0.0-py3.10.egg-info/SOURCES.txt
[1.900s] -- Installing: /home/denis/diploma_ws/install/dms_interfaces/local/lib/python3.10/dist-packages/dms_interfaces-0.0.0-py3.10.egg-info/dependency_links.txt
[1.900s] -- Installing: /home/denis/diploma_ws/install/dms_interfaces/local/lib/python3.10/dist-packages/dms_interfaces-0.0.0-py3.10.egg-info/PKG-INFO
[1.901s] -- Installing: /home/denis/diploma_ws/install/dms_interfaces/local/lib/python3.10/dist-packages/dms_interfaces-0.0.0-py3.10.egg-info/top_level.txt
[1.901s] -- Up-to-date: /home/denis/diploma_ws/install/dms_interfaces/local/lib/python3.10/dist-packages/dms_interfaces
[1.901s] -- Up-to-date: /home/denis/diploma_ws/install/dms_interfaces/local/lib/python3.10/dist-packages/dms_interfaces/dms_interfaces_s__rosidl_typesupport_c.cpython-310-x86_64-linux-gnu.so
[1.901s] -- Up-to-date: /home/denis/diploma_ws/install/dms_interfaces/local/lib/python3.10/dist-packages/dms_interfaces/srv
[1.902s] -- Up-to-date: /home/denis/diploma_ws/install/dms_interfaces/local/lib/python3.10/dist-packages/dms_interfaces/srv/_pub_res_cmd_vel.py
[1.902s] -- Up-to-date: /home/denis/diploma_ws/install/dms_interfaces/local/lib/python3.10/dist-packages/dms_interfaces/srv/__init__.py
[1.902s] -- Up-to-date: /home/denis/diploma_ws/install/dms_interfaces/local/lib/python3.10/dist-packages/dms_interfaces/srv/_pub_res_cmd_vel_s.c
[1.902s] -- Up-to-date: /home/denis/diploma_ws/install/dms_interfaces/local/lib/python3.10/dist-packages/dms_interfaces/dms_interfaces_s__rosidl_typesupport_fastrtps_c.cpython-310-x86_64-linux-gnu.so
[1.903s] -- Up-to-date: /home/denis/diploma_ws/install/dms_interfaces/local/lib/python3.10/dist-packages/dms_interfaces/dms_interfaces_s__rosidl_typesupport_introspection_c.cpython-310-x86_64-linux-gnu.so
[1.903s] -- Up-to-date: /home/denis/diploma_ws/install/dms_interfaces/local/lib/python3.10/dist-packages/dms_interfaces/_dms_interfaces_s.ep.rosidl_typesupport_c.c
[1.903s] -- Up-to-date: /home/denis/diploma_ws/install/dms_interfaces/local/lib/python3.10/dist-packages/dms_interfaces/libdms_interfaces__rosidl_generator_py.so
[1.903s] -- Up-to-date: /home/denis/diploma_ws/install/dms_interfaces/local/lib/python3.10/dist-packages/dms_interfaces/__init__.py
[1.903s] -- Up-to-date: /home/denis/diploma_ws/install/dms_interfaces/local/lib/python3.10/dist-packages/dms_interfaces/_dms_interfaces_s.ep.rosidl_typesupport_introspection_c.c
[1.903s] -- Up-to-date: /home/denis/diploma_ws/install/dms_interfaces/local/lib/python3.10/dist-packages/dms_interfaces/_dms_interfaces_s.ep.rosidl_typesupport_fastrtps_c.c
[1.948s] Listing '/home/denis/diploma_ws/install/dms_interfaces/local/lib/python3.10/dist-packages/dms_interfaces'...
[1.949s] Listing '/home/denis/diploma_ws/install/dms_interfaces/local/lib/python3.10/dist-packages/dms_interfaces/srv'...
[1.961s] -- Up-to-date: /home/denis/diploma_ws/install/dms_interfaces/local/lib/python3.10/dist-packages/dms_interfaces/dms_interfaces_s__rosidl_typesupport_fastrtps_c.cpython-310-x86_64-linux-gnu.so
[1.964s] -- Up-to-date: /home/denis/diploma_ws/install/dms_interfaces/local/lib/python3.10/dist-packages/dms_interfaces/dms_interfaces_s__rosidl_typesupport_introspection_c.cpython-310-x86_64-linux-gnu.so
[1.965s] -- Up-to-date: /home/denis/diploma_ws/install/dms_interfaces/local/lib/python3.10/dist-packages/dms_interfaces/dms_interfaces_s__rosidl_typesupport_c.cpython-310-x86_64-linux-gnu.so
[1.967s] -- Up-to-date: /home/denis/diploma_ws/install/dms_interfaces/lib/libdms_interfaces__rosidl_generator_py.so
[1.968s] -- Up-to-date: /home/denis/diploma_ws/install/dms_interfaces/share/dms_interfaces/srv/PubResCmdVel.idl
[1.968s] -- Up-to-date: /home/denis/diploma_ws/install/dms_interfaces/share/dms_interfaces/srv/PubResCmdVel.srv
[1.969s] -- Up-to-date: /home/denis/diploma_ws/install/dms_interfaces/share/dms_interfaces/srv/PubResCmdVel_Request.msg
[1.969s] -- Up-to-date: /home/denis/diploma_ws/install/dms_interfaces/share/dms_interfaces/srv/PubResCmdVel_Response.msg
[1.969s] -- Up-to-date: /home/denis/diploma_ws/install/dms_interfaces/share/ament_index/resource_index/package_run_dependencies/dms_interfaces
[1.969s] -- Up-to-date: /home/denis/diploma_ws/install/dms_interfaces/share/ament_index/resource_index/parent_prefix_path/dms_interfaces
[1.970s] -- Up-to-date: /home/denis/diploma_ws/install/dms_interfaces/share/dms_interfaces/environment/ament_prefix_path.sh
[1.970s] -- Up-to-date: /home/denis/diploma_ws/install/dms_interfaces/share/dms_interfaces/environment/ament_prefix_path.dsv
[1.971s] -- Up-to-date: /home/denis/diploma_ws/install/dms_interfaces/share/dms_interfaces/environment/path.sh
[1.971s] -- Up-to-date: /home/denis/diploma_ws/install/dms_interfaces/share/dms_interfaces/environment/path.dsv
[1.972s] -- Up-to-date: /home/denis/diploma_ws/install/dms_interfaces/share/dms_interfaces/local_setup.bash
[1.972s] -- Up-to-date: /home/denis/diploma_ws/install/dms_interfaces/share/dms_interfaces/local_setup.sh
[1.972s] -- Up-to-date: /home/denis/diploma_ws/install/dms_interfaces/share/dms_interfaces/local_setup.zsh
[1.973s] -- Up-to-date: /home/denis/diploma_ws/install/dms_interfaces/share/dms_interfaces/local_setup.dsv
[1.973s] -- Installing: /home/denis/diploma_ws/install/dms_interfaces/share/dms_interfaces/package.dsv
[1.973s] -- Up-to-date: /home/denis/diploma_ws/install/dms_interfaces/share/ament_index/resource_index/packages/dms_interfaces
[1.974s] -- Up-to-date: /home/denis/diploma_ws/install/dms_interfaces/share/dms_interfaces/cmake/export_dms_interfaces__rosidl_generator_cExport.cmake
[1.974s] -- Up-to-date: /home/denis/diploma_ws/install/dms_interfaces/share/dms_interfaces/cmake/export_dms_interfaces__rosidl_generator_cExport-noconfig.cmake
[1.975s] -- Up-to-date: /home/denis/diploma_ws/install/dms_interfaces/share/dms_interfaces/cmake/export_dms_interfaces__rosidl_typesupport_fastrtps_cExport.cmake
[1.975s] -- Up-to-date: /home/denis/diploma_ws/install/dms_interfaces/share/dms_interfaces/cmake/export_dms_interfaces__rosidl_typesupport_fastrtps_cExport-noconfig.cmake
[1.975s] -- Up-to-date: /home/denis/diploma_ws/install/dms_interfaces/share/dms_interfaces/cmake/dms_interfaces__rosidl_typesupport_introspection_cExport.cmake
[1.976s] -- Up-to-date: /home/denis/diploma_ws/install/dms_interfaces/share/dms_interfaces/cmake/dms_interfaces__rosidl_typesupport_introspection_cExport-noconfig.cmake
[1.976s] -- Up-to-date: /home/denis/diploma_ws/install/dms_interfaces/share/dms_interfaces/cmake/dms_interfaces__rosidl_typesupport_cExport.cmake
[1.976s] -- Up-to-date: /home/denis/diploma_ws/install/dms_interfaces/share/dms_interfaces/cmake/dms_interfaces__rosidl_typesupport_cExport-noconfig.cmake
[1.979s] -- Up-to-date: /home/denis/diploma_ws/install/dms_interfaces/share/dms_interfaces/cmake/export_dms_interfaces__rosidl_generator_cppExport.cmake
[1.979s] -- Up-to-date: /home/denis/diploma_ws/install/dms_interfaces/share/dms_interfaces/cmake/export_dms_interfaces__rosidl_typesupport_fastrtps_cppExport.cmake
[1.979s] -- Up-to-date: /home/denis/diploma_ws/install/dms_interfaces/share/dms_interfaces/cmake/export_dms_interfaces__rosidl_typesupport_fastrtps_cppExport-noconfig.cmake
[1.979s] -- Up-to-date: /home/denis/diploma_ws/install/dms_interfaces/share/dms_interfaces/cmake/dms_interfaces__rosidl_typesupport_introspection_cppExport.cmake
[1.980s] -- Up-to-date: /home/denis/diploma_ws/install/dms_interfaces/share/dms_interfaces/cmake/dms_interfaces__rosidl_typesupport_introspection_cppExport-noconfig.cmake
[1.980s] -- Up-to-date: /home/denis/diploma_ws/install/dms_interfaces/share/dms_interfaces/cmake/dms_interfaces__rosidl_typesupport_cppExport.cmake
[1.980s] -- Up-to-date: /home/denis/diploma_ws/install/dms_interfaces/share/dms_interfaces/cmake/dms_interfaces__rosidl_typesupport_cppExport-noconfig.cmake
[1.981s] -- Up-to-date: /home/denis/diploma_ws/install/dms_interfaces/share/dms_interfaces/cmake/export_dms_interfaces__rosidl_generator_pyExport.cmake
[1.984s] -- Up-to-date: /home/denis/diploma_ws/install/dms_interfaces/share/dms_interfaces/cmake/export_dms_interfaces__rosidl_generator_pyExport-noconfig.cmake
[1.984s] -- Up-to-date: /home/denis/diploma_ws/install/dms_interfaces/share/dms_interfaces/cmake/rosidl_cmake-extras.cmake
[1.984s] -- Up-to-date: /home/denis/diploma_ws/install/dms_interfaces/share/dms_interfaces/cmake/ament_cmake_export_dependencies-extras.cmake
[1.984s] -- Up-to-date: /home/denis/diploma_ws/install/dms_interfaces/share/dms_interfaces/cmake/ament_cmake_export_include_directories-extras.cmake
[1.984s] -- Up-to-date: /home/denis/diploma_ws/install/dms_interfaces/share/dms_interfaces/cmake/ament_cmake_export_libraries-extras.cmake
[1.985s] -- Up-to-date: /home/denis/diploma_ws/install/dms_interfaces/share/dms_interfaces/cmake/ament_cmake_export_targets-extras.cmake
[1.985s] -- Up-to-date: /home/denis/diploma_ws/install/dms_interfaces/share/dms_interfaces/cmake/rosidl_cmake_export_typesupport_targets-extras.cmake
[1.985s] -- Up-to-date: /home/denis/diploma_ws/install/dms_interfaces/share/dms_interfaces/cmake/rosidl_cmake_export_typesupport_libraries-extras.cmake
[1.985s] -- Up-to-date: /home/denis/diploma_ws/install/dms_interfaces/share/dms_interfaces/cmake/dms_interfacesConfig.cmake
[1.985s] -- Up-to-date: /home/denis/diploma_ws/install/dms_interfaces/share/dms_interfaces/cmake/dms_interfacesConfig-version.cmake
[1.986s] -- Up-to-date: /home/denis/diploma_ws/install/dms_interfaces/share/dms_interfaces/package.xml
[1.986s] Invoked command in '/home/denis/diploma_ws/build/dms_interfaces' returned '0': CMAKE_PREFIX_PATH=${CMAKE_PREFIX_PATH}:/opt/ros/humble /usr/bin/cmake --install /home/denis/diploma_ws/build/dms_interfaces
