[0.031s] Invoking command in '/home/denis/diploma_ws/build/turtlebot3_simulations': AMENT_PREFIX_PATH=/home/denis/diploma_ws/install/turtlebot3_gazebo:/home/denis/diploma_ws/install/turtlebot3_fake_node:${AMENT_PREFIX_PATH} CMAKE_PREFIX_PATH=/home/denis/diploma_ws/install/turtlebot3_gazebo:/home/denis/diploma_ws/install/turtlebot3_fake_node:/opt/ros/humble /usr/bin/cmake --build /home/denis/diploma_ws/build/turtlebot3_simulations -- -j4 -l4
[0.143s] Invoked command in '/home/denis/diploma_ws/build/turtlebot3_simulations' returned '0': AMENT_PREFIX_PATH=/home/denis/diploma_ws/install/turtlebot3_gazebo:/home/denis/diploma_ws/install/turtlebot3_fake_node:${AMENT_PREFIX_PATH} CMAKE_PREFIX_PATH=/home/denis/diploma_ws/install/turtlebot3_gazebo:/home/denis/diploma_ws/install/turtlebot3_fake_node:/opt/ros/humble /usr/bin/cmake --build /home/denis/diploma_ws/build/turtlebot3_simulations -- -j4 -l4
[0.260s] Invoking command in '/home/denis/diploma_ws/build/turtlebot3_simulations': AMENT_PREFIX_PATH=/home/denis/diploma_ws/install/turtlebot3_gazebo:/home/denis/diploma_ws/install/turtlebot3_fake_node:${AMENT_PREFIX_PATH} CMAKE_PREFIX_PATH=/home/denis/diploma_ws/install/turtlebot3_gazebo:/home/denis/diploma_ws/install/turtlebot3_fake_node:/opt/ros/humble /usr/bin/cmake --install /home/denis/diploma_ws/build/turtlebot3_simulations
[0.281s] -- Install configuration: ""
[0.285s] -- Up-to-date: /home/denis/diploma_ws/install/turtlebot3_simulations/share/ament_index/resource_index/package_run_dependencies/turtlebot3_simulations
[0.286s] -- Up-to-date: /home/denis/diploma_ws/install/turtlebot3_simulations/share/ament_index/resource_index/parent_prefix_path/turtlebot3_simulations
[0.286s] -- Up-to-date: /home/denis/diploma_ws/install/turtlebot3_simulations/share/turtlebot3_simulations/environment/ament_prefix_path.sh
[0.287s] -- Up-to-date: /home/denis/diploma_ws/install/turtlebot3_simulations/share/turtlebot3_simulations/environment/ament_prefix_path.dsv
[0.288s] -- Up-to-date: /home/denis/diploma_ws/install/turtlebot3_simulations/share/turtlebot3_simulations/environment/path.sh
[0.289s] -- Up-to-date: /home/denis/diploma_ws/install/turtlebot3_simulations/share/turtlebot3_simulations/environment/path.dsv
[0.289s] -- Up-to-date: /home/denis/diploma_ws/install/turtlebot3_simulations/share/turtlebot3_simulations/local_setup.bash
[0.290s] -- Up-to-date: /home/denis/diploma_ws/install/turtlebot3_simulations/share/turtlebot3_simulations/local_setup.sh
[0.291s] -- Up-to-date: /home/denis/diploma_ws/install/turtlebot3_simulations/share/turtlebot3_simulations/local_setup.zsh
[0.292s] -- Up-to-date: /home/denis/diploma_ws/install/turtlebot3_simulations/share/turtlebot3_simulations/local_setup.dsv
[0.292s] -- Installing: /home/denis/diploma_ws/install/turtlebot3_simulations/share/turtlebot3_simulations/package.dsv
[0.293s] -- Up-to-date: /home/denis/diploma_ws/install/turtlebot3_simulations/share/ament_index/resource_index/packages/turtlebot3_simulations
[0.294s] -- Up-to-date: /home/denis/diploma_ws/install/turtlebot3_simulations/share/turtlebot3_simulations/cmake/turtlebot3_simulationsConfig.cmake
[0.295s] -- Up-to-date: /home/denis/diploma_ws/install/turtlebot3_simulations/share/turtlebot3_simulations/cmake/turtlebot3_simulationsConfig-version.cmake
[0.295s] -- Up-to-date: /home/denis/diploma_ws/install/turtlebot3_simulations/share/turtlebot3_simulations/package.xml
[0.303s] Invoked command in '/home/denis/diploma_ws/build/turtlebot3_simulations' returned '0': AMENT_PREFIX_PATH=/home/denis/diploma_ws/install/turtlebot3_gazebo:/home/denis/diploma_ws/install/turtlebot3_fake_node:${AMENT_PREFIX_PATH} CMAKE_PREFIX_PATH=/home/denis/diploma_ws/install/turtlebot3_gazebo:/home/denis/diploma_ws/install/turtlebot3_fake_node:/opt/ros/humble /usr/bin/cmake --install /home/denis/diploma_ws/build/turtlebot3_simulations
