[0.042s] Invoking command in '/home/denis/diploma_ws/build/fsu': CMAKE_PREFIX_PATH=${CMAKE_PREFIX_PATH}:/opt/ros/humble /usr/bin/cmake --build /home/denis/diploma_ws/build/fsu -- -j4 -l4
[0.135s] -- Found ament_cmake: 1.3.8 (/opt/ros/humble/share/ament_cmake/cmake)
[0.642s] -- Found rclcpp: 16.0.8 (/opt/ros/humble/share/rclcpp/cmake)
[0.736s] -- Found rosidl_generator_c: 3.1.5 (/opt/ros/humble/share/rosidl_generator_c/cmake)
[0.750s] -- Found rosidl_adapter: 3.1.5 (/opt/ros/humble/share/rosidl_adapter/cmake)
[0.777s] -- Found rosidl_generator_cpp: 3.1.5 (/opt/ros/humble/share/rosidl_generator_cpp/cmake)
[0.794s] -- Using all available rosidl_typesupport_c: rosidl_typesupport_fastrtps_c;rosidl_typesupport_introspection_c
[0.847s] -- Using all available rosidl_typesupport_cpp: rosidl_typesupport_fastrtps_cpp;rosidl_typesupport_introspection_cpp
[1.050s] -- Found rmw_implementation_cmake: 6.1.1 (/opt/ros/humble/share/rmw_implementation_cmake/cmake)
[1.052s] -- Found rmw_cyclonedds_cpp: 1.3.4 (/opt/ros/humble/share/rmw_cyclonedds_cpp/cmake)
[1.108s] -- Using RMW implementation 'rmw_cyclonedds_cpp' as default
[1.417s] -- Found sensor_msgs: 4.2.3 (/opt/ros/humble/share/sensor_msgs/cmake)
[1.657s] -- Found nav_msgs: 4.2.3 (/opt/ros/humble/share/nav_msgs/cmake)
[1.835s] -- Found ament_lint_auto: 0.12.10 (/opt/ros/humble/share/ament_lint_auto/cmake)
[1.957s] -- Added test 'copyright' to check source files copyright and LICENSE
[1.959s] -- Added test 'cppcheck' to perform static code analysis on C / C++ code
[1.959s] -- Configured cppcheck include dirs: $<BUILD_INTERFACE:/home/denis/diploma_ws/src/fsu/include>
[1.960s] -- Configured cppcheck exclude dirs and/or files: 
[1.962s] -- Added test 'cpplint' to check C / C++ code against the Google style
[1.962s] -- Configured cpplint exclude dirs and/or files: 
[1.963s] -- Added test 'flake8' to check Python code syntax and style conventions
[1.963s] -- Added test 'lint_cmake' to check CMake code style
[1.964s] -- Added test 'pep257' to check Python code against some of the docstring style conventions in PEP 257
[1.966s] -- Added test 'uncrustify' to check C / C++ code style
[1.966s] -- Configured uncrustify additional arguments: 
[1.967s] -- Added test 'xmllint' to check XML markup files
[1.968s] -- Configuring done
[2.030s] -- Generating done
[2.034s] -- Build files have been written to: /home/denis/diploma_ws/build/fsu
[2.088s] [35m[1mConsolidate compiler generated dependencies of target lidar_remapping_node[0m
[2.122s] [ 50%] [32mBuilding CXX object CMakeFiles/lidar_remapping_node.dir/src/lidar_remapping_node.cpp.o[0m
[15.657s] [100%] [32m[1mLinking CXX executable lidar_remapping_node[0m
[16.566s] [100%] Built target lidar_remapping_node
[16.589s] Invoked command in '/home/denis/diploma_ws/build/fsu' returned '0': CMAKE_PREFIX_PATH=${CMAKE_PREFIX_PATH}:/opt/ros/humble /usr/bin/cmake --build /home/denis/diploma_ws/build/fsu -- -j4 -l4
[16.640s] Invoking command in '/home/denis/diploma_ws/build/fsu': CMAKE_PREFIX_PATH=${CMAKE_PREFIX_PATH}:/opt/ros/humble /usr/bin/cmake --install /home/denis/diploma_ws/build/fsu
[16.654s] -- Install configuration: ""
[16.655s] -- Installing: /home/denis/diploma_ws/install/fsu/lib/fsu/lidar_remapping_node
[16.662s] -- Set runtime path of "/home/denis/diploma_ws/install/fsu/lib/fsu/lidar_remapping_node" to ""
[16.663s] -- Up-to-date: /home/denis/diploma_ws/install/fsu/share/fsu/launch
[16.663s] -- Up-to-date: /home/denis/diploma_ws/install/fsu/share/fsu/launch/fsu.launch.py
[16.663s] -- Installing: /home/denis/diploma_ws/install/fsu/share/ament_index/resource_index/package_run_dependencies/fsu
[16.663s] -- Up-to-date: /home/denis/diploma_ws/install/fsu/share/ament_index/resource_index/parent_prefix_path/fsu
[16.664s] -- Up-to-date: /home/denis/diploma_ws/install/fsu/share/fsu/environment/ament_prefix_path.sh
[16.664s] -- Installing: /home/denis/diploma_ws/install/fsu/share/fsu/environment/ament_prefix_path.dsv
[16.664s] -- Up-to-date: /home/denis/diploma_ws/install/fsu/share/fsu/environment/path.sh
[16.664s] -- Installing: /home/denis/diploma_ws/install/fsu/share/fsu/environment/path.dsv
[16.665s] -- Up-to-date: /home/denis/diploma_ws/install/fsu/share/fsu/local_setup.bash
[16.665s] -- Up-to-date: /home/denis/diploma_ws/install/fsu/share/fsu/local_setup.sh
[16.665s] -- Up-to-date: /home/denis/diploma_ws/install/fsu/share/fsu/local_setup.zsh
[16.665s] -- Installing: /home/denis/diploma_ws/install/fsu/share/fsu/local_setup.dsv
[16.666s] -- Installing: /home/denis/diploma_ws/install/fsu/share/fsu/package.dsv
[16.666s] -- Up-to-date: /home/denis/diploma_ws/install/fsu/share/ament_index/resource_index/packages/fsu
[16.666s] -- Up-to-date: /home/denis/diploma_ws/install/fsu/share/fsu/cmake/fsuConfig.cmake
[16.666s] -- Up-to-date: /home/denis/diploma_ws/install/fsu/share/fsu/cmake/fsuConfig-version.cmake
[16.666s] -- Installing: /home/denis/diploma_ws/install/fsu/share/fsu/package.xml
[16.669s] Invoked command in '/home/denis/diploma_ws/build/fsu' returned '0': CMAKE_PREFIX_PATH=${CMAKE_PREFIX_PATH}:/opt/ros/humble /usr/bin/cmake --install /home/denis/diploma_ws/build/fsu
