[0.096s] Invoking command in '/home/denis/diploma_ws/src/build/turtlebot3_fake_node': CMAKE_PREFIX_PATH=${CMAKE_PREFIX_PATH}:/opt/ros/humble /usr/bin/cmake /home/denis/diploma_ws/src/turtlebot3_simulations/turtlebot3_fake_node -DCMAKE_INSTALL_PREFIX=/home/denis/diploma_ws/src/install/turtlebot3_fake_node
[0.298s] -- The C compiler identification is GNU 11.4.0
[0.566s] -- The CXX compiler identification is GNU 11.4.0
[0.598s] -- Detecting C compiler ABI info
[0.939s] -- Detecting C compiler ABI info - done
[0.980s] -- Check for working C compiler: /usr/bin/cc - skipped
[0.981s] -- Detecting C compile features
[0.982s] -- Detecting C compile features - done
[1.001s] -- Detecting CXX compiler ABI info
[1.333s] -- Detecting CXX compiler ABI info - done
[1.375s] -- Check for working CXX compiler: /usr/bin/c++ - skipped
[1.376s] -- Detecting CXX compile features
[1.378s] -- Detecting CXX compile features - done
[1.390s] -- Found ament_cmake: 1.3.8 (/opt/ros/humble/share/ament_cmake/cmake)
[1.931s] -- Found Python3: /usr/bin/python3 (found version "3.10.12") found components: Interpreter 
[2.329s] -- Found geometry_msgs: 4.2.3 (/opt/ros/humble/share/geometry_msgs/cmake)
[2.549s] -- Found rosidl_generator_c: 3.1.5 (/opt/ros/humble/share/rosidl_generator_c/cmake)
[2.581s] -- Found rosidl_adapter: 3.1.5 (/opt/ros/humble/share/rosidl_adapter/cmake)
[2.628s] -- Found rosidl_generator_cpp: 3.1.5 (/opt/ros/humble/share/rosidl_generator_cpp/cmake)
[2.759s] -- Using all available rosidl_typesupport_c: rosidl_typesupport_fastrtps_c;rosidl_typesupport_introspection_c
[2.848s] -- Using all available rosidl_typesupport_cpp: rosidl_typesupport_fastrtps_cpp;rosidl_typesupport_introspection_cpp
[3.380s] -- Found nav_msgs: 4.2.3 (/opt/ros/humble/share/nav_msgs/cmake)
[3.836s] -- Found rclcpp: 16.0.8 (/opt/ros/humble/share/rclcpp/cmake)
[4.208s] -- Found rmw_implementation_cmake: 6.1.1 (/opt/ros/humble/share/rmw_implementation_cmake/cmake)
[4.241s] -- Found rmw_fastrtps_cpp: 6.2.6 (/opt/ros/humble/share/rmw_fastrtps_cpp/cmake)
[5.328s] -- Found OpenSSL: /usr/lib/x86_64-linux-gnu/libcrypto.so (found version "3.0.2")  
[5.684s] -- Found FastRTPS: /opt/ros/humble/include  
[6.168s] -- Using RMW implementation 'rmw_fastrtps_cpp' as default
[6.299s] -- Looking for pthread.h
[7.133s] -- Looking for pthread.h - found
[7.134s] -- Performing Test CMAKE_HAVE_LIBC_PTHREAD
[7.835s] -- Performing Test CMAKE_HAVE_LIBC_PTHREAD - Success
[7.837s] -- Found Threads: TRUE  
[9.723s] -- Found sensor_msgs: 4.2.3 (/opt/ros/humble/share/sensor_msgs/cmake)
[11.066s] -- Found tf2: 0.25.6 (/opt/ros/humble/share/tf2/cmake)
[11.291s] -- Found tf2_msgs: 0.25.6 (/opt/ros/humble/share/tf2_msgs/cmake)
[13.503s] -- Found turtlebot3_msgs: 2.2.3 (/opt/ros/humble/share/turtlebot3_msgs/cmake)
[15.286s] -- Configuring done
[15.466s] -- Generating done
[15.486s] -- Build files have been written to: /home/denis/diploma_ws/src/build/turtlebot3_fake_node
[15.606s] Invoked command in '/home/denis/diploma_ws/src/build/turtlebot3_fake_node' returned '0': CMAKE_PREFIX_PATH=${CMAKE_PREFIX_PATH}:/opt/ros/humble /usr/bin/cmake /home/denis/diploma_ws/src/turtlebot3_simulations/turtlebot3_fake_node -DCMAKE_INSTALL_PREFIX=/home/denis/diploma_ws/src/install/turtlebot3_fake_node
[15.607s] Invoking command in '/home/denis/diploma_ws/src/build/turtlebot3_fake_node': CMAKE_PREFIX_PATH=${CMAKE_PREFIX_PATH}:/opt/ros/humble /usr/bin/cmake --build /home/denis/diploma_ws/src/build/turtlebot3_fake_node -- -j4 -l4
[16.169s] [ 50%] [32mBuilding CXX object CMakeFiles/turtlebot3_fake_node.dir/src/turtlebot3_fake_node.cpp.o[0m
[57.620s] [100%] [32m[1mLinking CXX executable turtlebot3_fake_node[0m
[59.911s] [100%] Built target turtlebot3_fake_node
[59.982s] Invoked command in '/home/denis/diploma_ws/src/build/turtlebot3_fake_node' returned '0': CMAKE_PREFIX_PATH=${CMAKE_PREFIX_PATH}:/opt/ros/humble /usr/bin/cmake --build /home/denis/diploma_ws/src/build/turtlebot3_fake_node -- -j4 -l4
[60.319s] Invoking command in '/home/denis/diploma_ws/src/build/turtlebot3_fake_node': CMAKE_PREFIX_PATH=${CMAKE_PREFIX_PATH}:/opt/ros/humble /usr/bin/cmake --install /home/denis/diploma_ws/src/build/turtlebot3_fake_node
[60.357s] -- Install configuration: ""
[60.365s] -- Installing: /home/denis/diploma_ws/src/install/turtlebot3_fake_node/lib/turtlebot3_fake_node/turtlebot3_fake_node
[60.426s] -- Set runtime path of "/home/denis/diploma_ws/src/install/turtlebot3_fake_node/lib/turtlebot3_fake_node/turtlebot3_fake_node" to ""
[60.427s] -- Installing: /home/denis/diploma_ws/src/install/turtlebot3_fake_node/share/turtlebot3_fake_node/launch
[60.429s] -- Installing: /home/denis/diploma_ws/src/install/turtlebot3_fake_node/share/turtlebot3_fake_node/launch/rviz2.launch.py
[60.431s] -- Installing: /home/denis/diploma_ws/src/install/turtlebot3_fake_node/share/turtlebot3_fake_node/launch/turtlebot3_fake_node.launch.py
[60.434s] -- Installing: /home/denis/diploma_ws/src/install/turtlebot3_fake_node/share/turtlebot3_fake_node/param
[60.435s] -- Installing: /home/denis/diploma_ws/src/install/turtlebot3_fake_node/share/turtlebot3_fake_node/param/burger.yaml
[60.437s] -- Installing: /home/denis/diploma_ws/src/install/turtlebot3_fake_node/share/turtlebot3_fake_node/param/waffle_pi.yaml
[60.439s] -- Installing: /home/denis/diploma_ws/src/install/turtlebot3_fake_node/share/turtlebot3_fake_node/param/waffle.yaml
[60.439s] -- Installing: /home/denis/diploma_ws/src/install/turtlebot3_fake_node/include/
[60.441s] -- Installing: /home/denis/diploma_ws/src/install/turtlebot3_fake_node/include//turtlebot3_fake_node
[60.441s] -- Installing: /home/denis/diploma_ws/src/install/turtlebot3_fake_node/include//turtlebot3_fake_node/turtlebot3_fake_node.hpp
[60.442s] -- Installing: /home/denis/diploma_ws/src/install/turtlebot3_fake_node/share/ament_index/resource_index/package_run_dependencies/turtlebot3_fake_node
[60.445s] -- Installing: /home/denis/diploma_ws/src/install/turtlebot3_fake_node/share/ament_index/resource_index/parent_prefix_path/turtlebot3_fake_node
[60.445s] -- Installing: /home/denis/diploma_ws/src/install/turtlebot3_fake_node/share/turtlebot3_fake_node/environment/ament_prefix_path.sh
[60.446s] -- Installing: /home/denis/diploma_ws/src/install/turtlebot3_fake_node/share/turtlebot3_fake_node/environment/ament_prefix_path.dsv
[60.447s] -- Installing: /home/denis/diploma_ws/src/install/turtlebot3_fake_node/share/turtlebot3_fake_node/environment/path.sh
[60.447s] -- Installing: /home/denis/diploma_ws/src/install/turtlebot3_fake_node/share/turtlebot3_fake_node/environment/path.dsv
[60.448s] -- Installing: /home/denis/diploma_ws/src/install/turtlebot3_fake_node/share/turtlebot3_fake_node/local_setup.bash
[60.462s] -- Installing: /home/denis/diploma_ws/src/install/turtlebot3_fake_node/share/turtlebot3_fake_node/local_setup.sh
[60.463s] -- Installing: /home/denis/diploma_ws/src/install/turtlebot3_fake_node/share/turtlebot3_fake_node/local_setup.zsh
[60.463s] -- Installing: /home/denis/diploma_ws/src/install/turtlebot3_fake_node/share/turtlebot3_fake_node/local_setup.dsv
[60.464s] -- Installing: /home/denis/diploma_ws/src/install/turtlebot3_fake_node/share/turtlebot3_fake_node/package.dsv
[60.464s] -- Installing: /home/denis/diploma_ws/src/install/turtlebot3_fake_node/share/ament_index/resource_index/packages/turtlebot3_fake_node
[60.465s] -- Installing: /home/denis/diploma_ws/src/install/turtlebot3_fake_node/share/turtlebot3_fake_node/cmake/ament_cmake_export_include_directories-extras.cmake
[60.465s] -- Installing: /home/denis/diploma_ws/src/install/turtlebot3_fake_node/share/turtlebot3_fake_node/cmake/ament_cmake_export_dependencies-extras.cmake
[60.483s] -- Installing: /home/denis/diploma_ws/src/install/turtlebot3_fake_node/share/turtlebot3_fake_node/cmake/turtlebot3_fake_nodeConfig.cmake
[60.483s] -- Installing: /home/denis/diploma_ws/src/install/turtlebot3_fake_node/share/turtlebot3_fake_node/cmake/turtlebot3_fake_nodeConfig-version.cmake
[60.483s] -- Installing: /home/denis/diploma_ws/src/install/turtlebot3_fake_node/share/turtlebot3_fake_node/package.xml
[60.494s] Invoked command in '/home/denis/diploma_ws/src/build/turtlebot3_fake_node' returned '0': CMAKE_PREFIX_PATH=${CMAKE_PREFIX_PATH}:/opt/ros/humble /usr/bin/cmake --install /home/denis/diploma_ws/src/build/turtlebot3_fake_node
