[0.025s] Invoking command in '/home/denis/diploma_ws/build/turtlebot3_navigation2': AMENT_PREFIX_PATH=/home/denis/diploma_ws/install/nav2_bringup:${AMENT_PREFIX_PATH} CMAKE_PREFIX_PATH=/home/denis/diploma_ws/install/nav2_bringup:/opt/ros/humble /usr/bin/cmake --build /home/denis/diploma_ws/build/turtlebot3_navigation2 -- -j4 -l4
[0.136s] Invoked command in '/home/denis/diploma_ws/build/turtlebot3_navigation2' returned '0': AMENT_PREFIX_PATH=/home/denis/diploma_ws/install/nav2_bringup:${AMENT_PREFIX_PATH} CMAKE_PREFIX_PATH=/home/denis/diploma_ws/install/nav2_bringup:/opt/ros/humble /usr/bin/cmake --build /home/denis/diploma_ws/build/turtlebot3_navigation2 -- -j4 -l4
[0.192s] Invoking command in '/home/denis/diploma_ws/build/turtlebot3_navigation2': AMENT_PREFIX_PATH=/home/denis/diploma_ws/install/nav2_bringup:${AMENT_PREFIX_PATH} CMAKE_PREFIX_PATH=/home/denis/diploma_ws/install/nav2_bringup:/opt/ros/humble /usr/bin/cmake --install /home/denis/diploma_ws/build/turtlebot3_navigation2
[0.219s] -- Install configuration: ""
[0.220s] -- Up-to-date: /home/denis/diploma_ws/install/turtlebot3_navigation2/share/turtlebot3_navigation2/launch
[0.220s] -- Up-to-date: /home/denis/diploma_ws/install/turtlebot3_navigation2/share/turtlebot3_navigation2/launch/navigation2.launch.py
[0.222s] -- Up-to-date: /home/denis/diploma_ws/install/turtlebot3_navigation2/share/turtlebot3_navigation2/map
[0.223s] -- Up-to-date: /home/denis/diploma_ws/install/turtlebot3_navigation2/share/turtlebot3_navigation2/map/map.pgm
[0.223s] -- Up-to-date: /home/denis/diploma_ws/install/turtlebot3_navigation2/share/turtlebot3_navigation2/map/map.yaml
[0.224s] -- Up-to-date: /home/denis/diploma_ws/install/turtlebot3_navigation2/share/turtlebot3_navigation2/param
[0.224s] -- Up-to-date: /home/denis/diploma_ws/install/turtlebot3_navigation2/share/turtlebot3_navigation2/param/waffle_pi.yaml
[0.224s] -- Up-to-date: /home/denis/diploma_ws/install/turtlebot3_navigation2/share/turtlebot3_navigation2/rviz
[0.226s] -- Up-to-date: /home/denis/diploma_ws/install/turtlebot3_navigation2/share/turtlebot3_navigation2/rviz/tb3_navigation2.rviz
[0.228s] -- Up-to-date: /home/denis/diploma_ws/install/turtlebot3_navigation2/share/ament_index/resource_index/package_run_dependencies/turtlebot3_navigation2
[0.229s] -- Up-to-date: /home/denis/diploma_ws/install/turtlebot3_navigation2/share/ament_index/resource_index/parent_prefix_path/turtlebot3_navigation2
[0.229s] -- Up-to-date: /home/denis/diploma_ws/install/turtlebot3_navigation2/share/turtlebot3_navigation2/environment/ament_prefix_path.sh
[0.229s] -- Up-to-date: /home/denis/diploma_ws/install/turtlebot3_navigation2/share/turtlebot3_navigation2/environment/ament_prefix_path.dsv
[0.230s] -- Up-to-date: /home/denis/diploma_ws/install/turtlebot3_navigation2/share/turtlebot3_navigation2/environment/path.sh
[0.230s] -- Up-to-date: /home/denis/diploma_ws/install/turtlebot3_navigation2/share/turtlebot3_navigation2/environment/path.dsv
[0.230s] -- Up-to-date: /home/denis/diploma_ws/install/turtlebot3_navigation2/share/turtlebot3_navigation2/local_setup.bash
[0.230s] -- Up-to-date: /home/denis/diploma_ws/install/turtlebot3_navigation2/share/turtlebot3_navigation2/local_setup.sh
[0.231s] -- Up-to-date: /home/denis/diploma_ws/install/turtlebot3_navigation2/share/turtlebot3_navigation2/local_setup.zsh
[0.231s] -- Up-to-date: /home/denis/diploma_ws/install/turtlebot3_navigation2/share/turtlebot3_navigation2/local_setup.dsv
[0.231s] -- Installing: /home/denis/diploma_ws/install/turtlebot3_navigation2/share/turtlebot3_navigation2/package.dsv
[0.233s] -- Up-to-date: /home/denis/diploma_ws/install/turtlebot3_navigation2/share/ament_index/resource_index/packages/turtlebot3_navigation2
[0.233s] -- Up-to-date: /home/denis/diploma_ws/install/turtlebot3_navigation2/share/turtlebot3_navigation2/cmake/turtlebot3_navigation2Config.cmake
[0.234s] -- Up-to-date: /home/denis/diploma_ws/install/turtlebot3_navigation2/share/turtlebot3_navigation2/cmake/turtlebot3_navigation2Config-version.cmake
[0.234s] -- Up-to-date: /home/denis/diploma_ws/install/turtlebot3_navigation2/share/turtlebot3_navigation2/package.xml
[0.239s] Invoked command in '/home/denis/diploma_ws/build/turtlebot3_navigation2' returned '0': AMENT_PREFIX_PATH=/home/denis/diploma_ws/install/nav2_bringup:${AMENT_PREFIX_PATH} CMAKE_PREFIX_PATH=/home/denis/diploma_ws/install/nav2_bringup:/opt/ros/humble /usr/bin/cmake --install /home/denis/diploma_ws/build/turtlebot3_navigation2
