[0.043s] Invoking command in '/home/denis/diploma_ws/build/turtlebot3_fake_node': CMAKE_PREFIX_PATH=${CMAKE_PREFIX_PATH}:/opt/ros/humble /usr/bin/cmake --build /home/denis/diploma_ws/build/turtlebot3_fake_node -- -j4 -l4
[0.234s] [100%] Built target turtlebot3_fake_node
[0.316s] Invoked command in '/home/denis/diploma_ws/build/turtlebot3_fake_node' returned '0': CMAKE_PREFIX_PATH=${CMAKE_PREFIX_PATH}:/opt/ros/humble /usr/bin/cmake --build /home/denis/diploma_ws/build/turtlebot3_fake_node -- -j4 -l4
[0.380s] Invoking command in '/home/denis/diploma_ws/build/turtlebot3_fake_node': CMAKE_PREFIX_PATH=${CMAKE_PREFIX_PATH}:/opt/ros/humble /usr/bin/cmake --install /home/denis/diploma_ws/build/turtlebot3_fake_node
[0.402s] -- Install configuration: ""
[0.404s] -- Up-to-date: /home/denis/diploma_ws/install/turtlebot3_fake_node/lib/turtlebot3_fake_node/turtlebot3_fake_node
[0.404s] -- Up-to-date: /home/denis/diploma_ws/install/turtlebot3_fake_node/share/turtlebot3_fake_node/launch
[0.404s] -- Up-to-date: /home/denis/diploma_ws/install/turtlebot3_fake_node/share/turtlebot3_fake_node/launch/rviz2.launch.py
[0.404s] -- Up-to-date: /home/denis/diploma_ws/install/turtlebot3_fake_node/share/turtlebot3_fake_node/launch/turtlebot3_fake_node.launch.py
[0.405s] -- Up-to-date: /home/denis/diploma_ws/install/turtlebot3_fake_node/share/turtlebot3_fake_node/param
[0.405s] -- Up-to-date: /home/denis/diploma_ws/install/turtlebot3_fake_node/share/turtlebot3_fake_node/param/burger.yaml
[0.405s] -- Up-to-date: /home/denis/diploma_ws/install/turtlebot3_fake_node/share/turtlebot3_fake_node/param/waffle_pi.yaml
[0.405s] -- Up-to-date: /home/denis/diploma_ws/install/turtlebot3_fake_node/share/turtlebot3_fake_node/param/waffle.yaml
[0.406s] -- Up-to-date: /home/denis/diploma_ws/install/turtlebot3_fake_node/include/
[0.406s] -- Up-to-date: /home/denis/diploma_ws/install/turtlebot3_fake_node/include//turtlebot3_fake_node
[0.406s] -- Up-to-date: /home/denis/diploma_ws/install/turtlebot3_fake_node/include//turtlebot3_fake_node/turtlebot3_fake_node.hpp
[0.406s] -- Up-to-date: /home/denis/diploma_ws/install/turtlebot3_fake_node/share/ament_index/resource_index/package_run_dependencies/turtlebot3_fake_node
[0.407s] -- Up-to-date: /home/denis/diploma_ws/install/turtlebot3_fake_node/share/ament_index/resource_index/parent_prefix_path/turtlebot3_fake_node
[0.407s] -- Up-to-date: /home/denis/diploma_ws/install/turtlebot3_fake_node/share/turtlebot3_fake_node/environment/ament_prefix_path.sh
[0.407s] -- Up-to-date: /home/denis/diploma_ws/install/turtlebot3_fake_node/share/turtlebot3_fake_node/environment/ament_prefix_path.dsv
[0.407s] -- Up-to-date: /home/denis/diploma_ws/install/turtlebot3_fake_node/share/turtlebot3_fake_node/environment/path.sh
[0.407s] -- Up-to-date: /home/denis/diploma_ws/install/turtlebot3_fake_node/share/turtlebot3_fake_node/environment/path.dsv
[0.408s] -- Up-to-date: /home/denis/diploma_ws/install/turtlebot3_fake_node/share/turtlebot3_fake_node/local_setup.bash
[0.408s] -- Up-to-date: /home/denis/diploma_ws/install/turtlebot3_fake_node/share/turtlebot3_fake_node/local_setup.sh
[0.408s] -- Up-to-date: /home/denis/diploma_ws/install/turtlebot3_fake_node/share/turtlebot3_fake_node/local_setup.zsh
[0.410s] -- Up-to-date: /home/denis/diploma_ws/install/turtlebot3_fake_node/share/turtlebot3_fake_node/local_setup.dsv
[0.410s] -- Installing: /home/denis/diploma_ws/install/turtlebot3_fake_node/share/turtlebot3_fake_node/package.dsv
[0.410s] -- Up-to-date: /home/denis/diploma_ws/install/turtlebot3_fake_node/share/ament_index/resource_index/packages/turtlebot3_fake_node
[0.410s] -- Up-to-date: /home/denis/diploma_ws/install/turtlebot3_fake_node/share/turtlebot3_fake_node/cmake/ament_cmake_export_include_directories-extras.cmake
[0.410s] -- Up-to-date: /home/denis/diploma_ws/install/turtlebot3_fake_node/share/turtlebot3_fake_node/cmake/ament_cmake_export_dependencies-extras.cmake
[0.411s] -- Up-to-date: /home/denis/diploma_ws/install/turtlebot3_fake_node/share/turtlebot3_fake_node/cmake/turtlebot3_fake_nodeConfig.cmake
[0.411s] -- Up-to-date: /home/denis/diploma_ws/install/turtlebot3_fake_node/share/turtlebot3_fake_node/cmake/turtlebot3_fake_nodeConfig-version.cmake
[0.411s] -- Up-to-date: /home/denis/diploma_ws/install/turtlebot3_fake_node/share/turtlebot3_fake_node/package.xml
[0.460s] Invoked command in '/home/denis/diploma_ws/build/turtlebot3_fake_node' returned '0': CMAKE_PREFIX_PATH=${CMAKE_PREFIX_PATH}:/opt/ros/humble /usr/bin/cmake --install /home/denis/diploma_ws/build/turtlebot3_fake_node
