[0.034s] Invoking command in '/home/denis/diploma_ws/build/nspu': AMENT_PREFIX_PATH=/home/denis/diploma_ws/install/dms_interfaces:${AMENT_PREFIX_PATH} CMAKE_PREFIX_PATH=/home/denis/diploma_ws/install/dms_interfaces:/opt/ros/humble LD_LIBRARY_PATH=/home/denis/diploma_ws/install/dms_interfaces/lib:${LD_LIBRARY_PATH} PYTHONPATH=/home/denis/diploma_ws/install/dms_interfaces/local/lib/python3.10/dist-packages:${PYTHONPATH} /usr/bin/cmake --build /home/denis/diploma_ws/build/nspu -- -j4 -l4
[0.171s] [ 50%] [32mBuilding CXX object CMakeFiles/navigation_services_provider_unit.dir/src/navigation_services_provider_unit.cpp.o[0m
[4.113s] [01m[K/home/denis/diploma_ws/src/nspu/src/navigation_services_provider_unit.cpp:[m[K In member function ‘[01m[Kvoid NavigationServicesProviderUnit::get_goal_distance_srv_cb(dms_interfaces::srv::GetGoalDistance_Request_<std::allocator<void> >::SharedPtr, dms_interfaces::srv::GetGoalDistance_Response_<std::allocator<void> >::SharedPtr)[m[K’:
[4.113s] [01m[K/home/denis/diploma_ws/src/nspu/src/navigation_services_provider_unit.cpp:47:67:[m[K [01;35m[Kwarning: [m[Kunused parameter ‘[01m[Krequest[m[K’ [[01;35m[K]8;;https://gcc.gnu.org/onlinedocs/gcc/Warning-Options.html#index-Wunused-parameter-Wunused-parameter]8;;[m[K]
[4.113s]    47 |  [01;35m[Kconst dms_interfaces::srv::GetGoalDistance_Request::SharedPtr request[m[K,
[4.113s]       |  [01;35m[K~~~~~~~~~~~~~~~~~~~~~~~~~~~~~~~~~~~~~~~~~~~~~~~~~~~~~~~~~~~~~~^~~~~~~[m[K
[4.114s] 
[18.083s] [100%] [32m[1mLinking CXX executable navigation_services_provider_unit[0m
[19.052s] [100%] Built target navigation_services_provider_unit
[19.069s] Invoked command in '/home/denis/diploma_ws/build/nspu' returned '0': AMENT_PREFIX_PATH=/home/denis/diploma_ws/install/dms_interfaces:${AMENT_PREFIX_PATH} CMAKE_PREFIX_PATH=/home/denis/diploma_ws/install/dms_interfaces:/opt/ros/humble LD_LIBRARY_PATH=/home/denis/diploma_ws/install/dms_interfaces/lib:${LD_LIBRARY_PATH} PYTHONPATH=/home/denis/diploma_ws/install/dms_interfaces/local/lib/python3.10/dist-packages:${PYTHONPATH} /usr/bin/cmake --build /home/denis/diploma_ws/build/nspu -- -j4 -l4
[19.114s] Invoking command in '/home/denis/diploma_ws/build/nspu': AMENT_PREFIX_PATH=/home/denis/diploma_ws/install/dms_interfaces:${AMENT_PREFIX_PATH} CMAKE_PREFIX_PATH=/home/denis/diploma_ws/install/dms_interfaces:/opt/ros/humble LD_LIBRARY_PATH=/home/denis/diploma_ws/install/dms_interfaces/lib:${LD_LIBRARY_PATH} PYTHONPATH=/home/denis/diploma_ws/install/dms_interfaces/local/lib/python3.10/dist-packages:${PYTHONPATH} /usr/bin/cmake --install /home/denis/diploma_ws/build/nspu
[19.126s] -- Install configuration: ""
[19.128s] -- Installing: /home/denis/diploma_ws/install/nspu/lib/nspu/navigation_services_provider_unit
[19.138s] -- Set runtime path of "/home/denis/diploma_ws/install/nspu/lib/nspu/navigation_services_provider_unit" to ""
[19.138s] -- Up-to-date: /home/denis/diploma_ws/install/nspu/share/nspu/launch
[19.139s] -- Up-to-date: /home/denis/diploma_ws/install/nspu/share/nspu/launch/navigation_services_provider_unit.launch.py
[19.139s] -- Up-to-date: /home/denis/diploma_ws/install/nspu/share/ament_index/resource_index/package_run_dependencies/nspu
[19.139s] -- Up-to-date: /home/denis/diploma_ws/install/nspu/share/ament_index/resource_index/parent_prefix_path/nspu
[19.140s] -- Up-to-date: /home/denis/diploma_ws/install/nspu/share/nspu/environment/ament_prefix_path.sh
[19.140s] -- Up-to-date: /home/denis/diploma_ws/install/nspu/share/nspu/environment/ament_prefix_path.dsv
[19.140s] -- Up-to-date: /home/denis/diploma_ws/install/nspu/share/nspu/environment/path.sh
[19.140s] -- Up-to-date: /home/denis/diploma_ws/install/nspu/share/nspu/environment/path.dsv
[19.141s] -- Up-to-date: /home/denis/diploma_ws/install/nspu/share/nspu/local_setup.bash
[19.141s] -- Up-to-date: /home/denis/diploma_ws/install/nspu/share/nspu/local_setup.sh
[19.141s] -- Up-to-date: /home/denis/diploma_ws/install/nspu/share/nspu/local_setup.zsh
[19.141s] -- Up-to-date: /home/denis/diploma_ws/install/nspu/share/nspu/local_setup.dsv
[19.142s] -- Installing: /home/denis/diploma_ws/install/nspu/share/nspu/package.dsv
[19.142s] -- Up-to-date: /home/denis/diploma_ws/install/nspu/share/ament_index/resource_index/packages/nspu
[19.142s] -- Up-to-date: /home/denis/diploma_ws/install/nspu/share/nspu/cmake/nspuConfig.cmake
[19.142s] -- Up-to-date: /home/denis/diploma_ws/install/nspu/share/nspu/cmake/nspuConfig-version.cmake
[19.143s] -- Up-to-date: /home/denis/diploma_ws/install/nspu/share/nspu/package.xml
[19.146s] Invoked command in '/home/denis/diploma_ws/build/nspu' returned '0': AMENT_PREFIX_PATH=/home/denis/diploma_ws/install/dms_interfaces:${AMENT_PREFIX_PATH} CMAKE_PREFIX_PATH=/home/denis/diploma_ws/install/dms_interfaces:/opt/ros/humble LD_LIBRARY_PATH=/home/denis/diploma_ws/install/dms_interfaces/lib:${LD_LIBRARY_PATH} PYTHONPATH=/home/denis/diploma_ws/install/dms_interfaces/local/lib/python3.10/dist-packages:${PYTHONPATH} /usr/bin/cmake --install /home/denis/diploma_ws/build/nspu
