[0.085s] Invoking command in '/home/denis/diploma_ws/build/turtlebot3_navigation2': CMAKE_PREFIX_PATH=${CMAKE_PREFIX_PATH}:/opt/ros/humble /usr/bin/cmake --build /home/denis/diploma_ws/build/turtlebot3_navigation2 -- -j4 -l4
[0.212s] Invoked command in '/home/denis/diploma_ws/build/turtlebot3_navigation2' returned '0': CMAKE_PREFIX_PATH=${CMAKE_PREFIX_PATH}:/opt/ros/humble /usr/bin/cmake --build /home/denis/diploma_ws/build/turtlebot3_navigation2 -- -j4 -l4
[0.319s] Invoking command in '/home/denis/diploma_ws/build/turtlebot3_navigation2': CMAKE_PREFIX_PATH=${CMAKE_PREFIX_PATH}:/opt/ros/humble /usr/bin/cmake --install /home/denis/diploma_ws/build/turtlebot3_navigation2
[0.347s] -- Install configuration: ""
[0.347s] -- Up-to-date: /home/denis/diploma_ws/install/turtlebot3_navigation2/share/turtlebot3_navigation2/launch
[0.348s] -- Up-to-date: /home/denis/diploma_ws/install/turtlebot3_navigation2/share/turtlebot3_navigation2/launch/navigation2.launch.py
[0.348s] -- Up-to-date: /home/denis/diploma_ws/install/turtlebot3_navigation2/share/turtlebot3_navigation2/map
[0.348s] -- Up-to-date: /home/denis/diploma_ws/install/turtlebot3_navigation2/share/turtlebot3_navigation2/map/map.pgm
[0.349s] -- Up-to-date: /home/denis/diploma_ws/install/turtlebot3_navigation2/share/turtlebot3_navigation2/map/map.yaml
[0.349s] -- Up-to-date: /home/denis/diploma_ws/install/turtlebot3_navigation2/share/turtlebot3_navigation2/param
[0.349s] -- Up-to-date: /home/denis/diploma_ws/install/turtlebot3_navigation2/share/turtlebot3_navigation2/param/waffle_pi.yaml
[0.349s] -- Up-to-date: /home/denis/diploma_ws/install/turtlebot3_navigation2/share/turtlebot3_navigation2/rviz
[0.349s] -- Up-to-date: /home/denis/diploma_ws/install/turtlebot3_navigation2/share/turtlebot3_navigation2/rviz/tb3_navigation2.rviz
[0.350s] -- Up-to-date: /home/denis/diploma_ws/install/turtlebot3_navigation2/share/ament_index/resource_index/package_run_dependencies/turtlebot3_navigation2
[0.350s] -- Up-to-date: /home/denis/diploma_ws/install/turtlebot3_navigation2/share/ament_index/resource_index/parent_prefix_path/turtlebot3_navigation2
[0.350s] -- Up-to-date: /home/denis/diploma_ws/install/turtlebot3_navigation2/share/turtlebot3_navigation2/environment/ament_prefix_path.sh
[0.350s] -- Up-to-date: /home/denis/diploma_ws/install/turtlebot3_navigation2/share/turtlebot3_navigation2/environment/ament_prefix_path.dsv
[0.350s] -- Up-to-date: /home/denis/diploma_ws/install/turtlebot3_navigation2/share/turtlebot3_navigation2/environment/path.sh
[0.350s] -- Up-to-date: /home/denis/diploma_ws/install/turtlebot3_navigation2/share/turtlebot3_navigation2/environment/path.dsv
[0.350s] -- Up-to-date: /home/denis/diploma_ws/install/turtlebot3_navigation2/share/turtlebot3_navigation2/local_setup.bash
[0.351s] -- Up-to-date: /home/denis/diploma_ws/install/turtlebot3_navigation2/share/turtlebot3_navigation2/local_setup.sh
[0.351s] -- Up-to-date: /home/denis/diploma_ws/install/turtlebot3_navigation2/share/turtlebot3_navigation2/local_setup.zsh
[0.351s] -- Up-to-date: /home/denis/diploma_ws/install/turtlebot3_navigation2/share/turtlebot3_navigation2/local_setup.dsv
[0.351s] -- Installing: /home/denis/diploma_ws/install/turtlebot3_navigation2/share/turtlebot3_navigation2/package.dsv
[0.351s] -- Up-to-date: /home/denis/diploma_ws/install/turtlebot3_navigation2/share/ament_index/resource_index/packages/turtlebot3_navigation2
[0.352s] -- Up-to-date: /home/denis/diploma_ws/install/turtlebot3_navigation2/share/turtlebot3_navigation2/cmake/turtlebot3_navigation2Config.cmake
[0.352s] -- Up-to-date: /home/denis/diploma_ws/install/turtlebot3_navigation2/share/turtlebot3_navigation2/cmake/turtlebot3_navigation2Config-version.cmake
[0.352s] -- Up-to-date: /home/denis/diploma_ws/install/turtlebot3_navigation2/share/turtlebot3_navigation2/package.xml
[0.363s] Invoked command in '/home/denis/diploma_ws/build/turtlebot3_navigation2' returned '0': CMAKE_PREFIX_PATH=${CMAKE_PREFIX_PATH}:/opt/ros/humble /usr/bin/cmake --install /home/denis/diploma_ws/build/turtlebot3_navigation2
