[0.044s] Invoking command in '/home/denis/diploma_ws/src/build/turtlebot3_fake_node': CMAKE_PREFIX_PATH=${CMAKE_PREFIX_PATH}:/opt/ros/humble /usr/bin/cmake --build /home/denis/diploma_ws/src/build/turtlebot3_fake_node -- -j4 -l4
[0.290s] [100%] Built target turtlebot3_fake_node
[0.370s] Invoked command in '/home/denis/diploma_ws/src/build/turtlebot3_fake_node' returned '0': CMAKE_PREFIX_PATH=${CMAKE_PREFIX_PATH}:/opt/ros/humble /usr/bin/cmake --build /home/denis/diploma_ws/src/build/turtlebot3_fake_node -- -j4 -l4
[0.755s] Invoking command in '/home/denis/diploma_ws/src/build/turtlebot3_fake_node': CMAKE_PREFIX_PATH=${CMAKE_PREFIX_PATH}:/opt/ros/humble /usr/bin/cmake --install /home/denis/diploma_ws/src/build/turtlebot3_fake_node
[0.799s] -- Install configuration: ""
[0.801s] -- Up-to-date: /home/denis/diploma_ws/src/install/turtlebot3_fake_node/lib/turtlebot3_fake_node/turtlebot3_fake_node
[0.803s] -- Up-to-date: /home/denis/diploma_ws/src/install/turtlebot3_fake_node/share/turtlebot3_fake_node/launch
[0.804s] -- Up-to-date: /home/denis/diploma_ws/src/install/turtlebot3_fake_node/share/turtlebot3_fake_node/launch/rviz2.launch.py
[0.804s] -- Up-to-date: /home/denis/diploma_ws/src/install/turtlebot3_fake_node/share/turtlebot3_fake_node/launch/turtlebot3_fake_node.launch.py
[0.804s] -- Up-to-date: /home/denis/diploma_ws/src/install/turtlebot3_fake_node/share/turtlebot3_fake_node/param
[0.805s] -- Up-to-date: /home/denis/diploma_ws/src/install/turtlebot3_fake_node/share/turtlebot3_fake_node/param/burger.yaml
[0.805s] -- Up-to-date: /home/denis/diploma_ws/src/install/turtlebot3_fake_node/share/turtlebot3_fake_node/param/waffle_pi.yaml
[0.806s] -- Up-to-date: /home/denis/diploma_ws/src/install/turtlebot3_fake_node/share/turtlebot3_fake_node/param/waffle.yaml
[0.808s] -- Up-to-date: /home/denis/diploma_ws/src/install/turtlebot3_fake_node/include/
[0.809s] -- Up-to-date: /home/denis/diploma_ws/src/install/turtlebot3_fake_node/include//turtlebot3_fake_node
[0.809s] -- Up-to-date: /home/denis/diploma_ws/src/install/turtlebot3_fake_node/include//turtlebot3_fake_node/turtlebot3_fake_node.hpp
[0.810s] -- Up-to-date: /home/denis/diploma_ws/src/install/turtlebot3_fake_node/share/ament_index/resource_index/package_run_dependencies/turtlebot3_fake_node
[0.811s] -- Up-to-date: /home/denis/diploma_ws/src/install/turtlebot3_fake_node/share/ament_index/resource_index/parent_prefix_path/turtlebot3_fake_node
[0.812s] -- Up-to-date: /home/denis/diploma_ws/src/install/turtlebot3_fake_node/share/turtlebot3_fake_node/environment/ament_prefix_path.sh
[0.813s] -- Up-to-date: /home/denis/diploma_ws/src/install/turtlebot3_fake_node/share/turtlebot3_fake_node/environment/ament_prefix_path.dsv
[0.814s] -- Up-to-date: /home/denis/diploma_ws/src/install/turtlebot3_fake_node/share/turtlebot3_fake_node/environment/path.sh
[0.818s] -- Up-to-date: /home/denis/diploma_ws/src/install/turtlebot3_fake_node/share/turtlebot3_fake_node/environment/path.dsv
[0.827s] -- Up-to-date: /home/denis/diploma_ws/src/install/turtlebot3_fake_node/share/turtlebot3_fake_node/local_setup.bash
[0.828s] -- Up-to-date: /home/denis/diploma_ws/src/install/turtlebot3_fake_node/share/turtlebot3_fake_node/local_setup.sh
[0.828s] -- Up-to-date: /home/denis/diploma_ws/src/install/turtlebot3_fake_node/share/turtlebot3_fake_node/local_setup.zsh
[0.828s] -- Up-to-date: /home/denis/diploma_ws/src/install/turtlebot3_fake_node/share/turtlebot3_fake_node/local_setup.dsv
[0.828s] -- Installing: /home/denis/diploma_ws/src/install/turtlebot3_fake_node/share/turtlebot3_fake_node/package.dsv
[0.829s] -- Up-to-date: /home/denis/diploma_ws/src/install/turtlebot3_fake_node/share/ament_index/resource_index/packages/turtlebot3_fake_node
[0.829s] -- Up-to-date: /home/denis/diploma_ws/src/install/turtlebot3_fake_node/share/turtlebot3_fake_node/cmake/ament_cmake_export_include_directories-extras.cmake
[0.829s] -- Up-to-date: /home/denis/diploma_ws/src/install/turtlebot3_fake_node/share/turtlebot3_fake_node/cmake/ament_cmake_export_dependencies-extras.cmake
[0.829s] -- Up-to-date: /home/denis/diploma_ws/src/install/turtlebot3_fake_node/share/turtlebot3_fake_node/cmake/turtlebot3_fake_nodeConfig.cmake
[0.829s] -- Up-to-date: /home/denis/diploma_ws/src/install/turtlebot3_fake_node/share/turtlebot3_fake_node/cmake/turtlebot3_fake_nodeConfig-version.cmake
[0.829s] -- Up-to-date: /home/denis/diploma_ws/src/install/turtlebot3_fake_node/share/turtlebot3_fake_node/package.xml
[0.840s] Invoked command in '/home/denis/diploma_ws/src/build/turtlebot3_fake_node' returned '0': CMAKE_PREFIX_PATH=${CMAKE_PREFIX_PATH}:/opt/ros/humble /usr/bin/cmake --install /home/denis/diploma_ws/src/build/turtlebot3_fake_node
