[0.062s] Invoking command in '/home/denis/diploma_ws/build/csu': CMAKE_PREFIX_PATH=${CMAKE_PREFIX_PATH}:/opt/ros/humble /usr/bin/cmake --build /home/denis/diploma_ws/build/csu -- -j4 -l4
[0.232s] Invoked command in '/home/denis/diploma_ws/build/csu' returned '0': CMAKE_PREFIX_PATH=${CMAKE_PREFIX_PATH}:/opt/ros/humble /usr/bin/cmake --build /home/denis/diploma_ws/build/csu -- -j4 -l4
[0.387s] Invoking command in '/home/denis/diploma_ws/build/csu': CMAKE_PREFIX_PATH=${CMAKE_PREFIX_PATH}:/opt/ros/humble /usr/bin/cmake --install /home/denis/diploma_ws/build/csu
[0.415s] -- Install configuration: ""
[0.415s] -- Up-to-date: /home/denis/diploma_ws/install/csu/share/ament_index/resource_index/package_run_dependencies/csu
[0.415s] -- Up-to-date: /home/denis/diploma_ws/install/csu/share/ament_index/resource_index/parent_prefix_path/csu
[0.416s] -- Up-to-date: /home/denis/diploma_ws/install/csu/share/csu/environment/ament_prefix_path.sh
[0.416s] -- Up-to-date: /home/denis/diploma_ws/install/csu/share/csu/environment/ament_prefix_path.dsv
[0.416s] -- Up-to-date: /home/denis/diploma_ws/install/csu/share/csu/environment/path.sh
[0.416s] -- Up-to-date: /home/denis/diploma_ws/install/csu/share/csu/environment/path.dsv
[0.416s] -- Up-to-date: /home/denis/diploma_ws/install/csu/share/csu/local_setup.bash
[0.417s] -- Up-to-date: /home/denis/diploma_ws/install/csu/share/csu/local_setup.sh
[0.417s] -- Up-to-date: /home/denis/diploma_ws/install/csu/share/csu/local_setup.zsh
[0.417s] -- Up-to-date: /home/denis/diploma_ws/install/csu/share/csu/local_setup.dsv
[0.417s] -- Installing: /home/denis/diploma_ws/install/csu/share/csu/package.dsv
[0.417s] -- Up-to-date: /home/denis/diploma_ws/install/csu/share/ament_index/resource_index/packages/csu
[0.417s] -- Up-to-date: /home/denis/diploma_ws/install/csu/share/csu/cmake/csuConfig.cmake
[0.417s] -- Up-to-date: /home/denis/diploma_ws/install/csu/share/csu/cmake/csuConfig-version.cmake
[0.418s] -- Up-to-date: /home/denis/diploma_ws/install/csu/share/csu/package.xml
[0.428s] Invoked command in '/home/denis/diploma_ws/build/csu' returned '0': CMAKE_PREFIX_PATH=${CMAKE_PREFIX_PATH}:/opt/ros/humble /usr/bin/cmake --install /home/denis/diploma_ws/build/csu
