[0.053s] Invoking command in '/home/denis/diploma_ws/build/fsu': CMAKE_PREFIX_PATH=${CMAKE_PREFIX_PATH}:/opt/ros/humble /usr/bin/cmake --build /home/denis/diploma_ws/build/fsu -- -j4 -l4
[0.206s] -- Found ament_cmake: 1.3.8 (/opt/ros/humble/share/ament_cmake/cmake)
[0.613s] -- Found rclcpp: 16.0.8 (/opt/ros/humble/share/rclcpp/cmake)
[0.721s] -- Found rosidl_generator_c: 3.1.5 (/opt/ros/humble/share/rosidl_generator_c/cmake)
[0.731s] -- Found rosidl_adapter: 3.1.5 (/opt/ros/humble/share/rosidl_adapter/cmake)
[0.751s] -- Found rosidl_generator_cpp: 3.1.5 (/opt/ros/humble/share/rosidl_generator_cpp/cmake)
[0.798s] -- Using all available rosidl_typesupport_c: rosidl_typesupport_fastrtps_c;rosidl_typesupport_introspection_c
[0.842s] -- Using all available rosidl_typesupport_cpp: rosidl_typesupport_fastrtps_cpp;rosidl_typesupport_introspection_cpp
[1.031s] -- Found rmw_implementation_cmake: 6.1.1 (/opt/ros/humble/share/rmw_implementation_cmake/cmake)
[1.037s] -- Found rmw_cyclonedds_cpp: 1.3.4 (/opt/ros/humble/share/rmw_cyclonedds_cpp/cmake)
[1.170s] -- Using RMW implementation 'rmw_cyclonedds_cpp' as default
[1.715s] -- Found sensor_msgs: 4.2.3 (/opt/ros/humble/share/sensor_msgs/cmake)
[2.098s] -- Found nav_msgs: 4.2.3 (/opt/ros/humble/share/nav_msgs/cmake)
[2.386s] -- Found ament_lint_auto: 0.12.10 (/opt/ros/humble/share/ament_lint_auto/cmake)
[2.572s] -- Added test 'copyright' to check source files copyright and LICENSE
[2.578s] -- Added test 'cppcheck' to perform static code analysis on C / C++ code
[2.579s] -- Configured cppcheck include dirs: $<BUILD_INTERFACE:/home/denis/diploma_ws/src/fsu/include>
[2.579s] -- Configured cppcheck exclude dirs and/or files: 
[2.582s] -- Added test 'cpplint' to check C / C++ code against the Google style
[2.582s] -- Configured cpplint exclude dirs and/or files: 
[2.584s] -- Added test 'flake8' to check Python code syntax and style conventions
[2.585s] -- Added test 'lint_cmake' to check CMake code style
[2.587s] -- Added test 'pep257' to check Python code against some of the docstring style conventions in PEP 257
[2.589s] -- Added test 'uncrustify' to check C / C++ code style
[2.590s] -- Configured uncrustify additional arguments: 
[2.591s] -- Added test 'xmllint' to check XML markup files
[2.594s] -- Configuring done
[2.624s] -- Generating done
[2.628s] -- Build files have been written to: /home/denis/diploma_ws/build/fsu
[2.690s] [35m[1mConsolidate compiler generated dependencies of target lidar_remapping_node[0m
[2.736s] [100%] Built target lidar_remapping_node
[2.765s] Invoked command in '/home/denis/diploma_ws/build/fsu' returned '0': CMAKE_PREFIX_PATH=${CMAKE_PREFIX_PATH}:/opt/ros/humble /usr/bin/cmake --build /home/denis/diploma_ws/build/fsu -- -j4 -l4
[2.841s] Invoking command in '/home/denis/diploma_ws/build/fsu': CMAKE_PREFIX_PATH=${CMAKE_PREFIX_PATH}:/opt/ros/humble /usr/bin/cmake --install /home/denis/diploma_ws/build/fsu
[2.862s] -- Install configuration: ""
[2.863s] -- Up-to-date: /home/denis/diploma_ws/install/fsu/lib/fsu/lidar_remapping_node
[2.864s] -- Up-to-date: /home/denis/diploma_ws/install/fsu/share/fsu/launch
[2.865s] -- Installing: /home/denis/diploma_ws/install/fsu/share/fsu/launch/failure_sensor_unit.launch.py
[2.865s] -- Installing: /home/denis/diploma_ws/install/fsu/share/ament_index/resource_index/package_run_dependencies/fsu
[2.866s] -- Installing: /home/denis/diploma_ws/install/fsu/share/ament_index/resource_index/parent_prefix_path/fsu
[2.867s] -- Up-to-date: /home/denis/diploma_ws/install/fsu/share/fsu/environment/ament_prefix_path.sh
[2.868s] -- Installing: /home/denis/diploma_ws/install/fsu/share/fsu/environment/ament_prefix_path.dsv
[2.869s] -- Up-to-date: /home/denis/diploma_ws/install/fsu/share/fsu/environment/path.sh
[2.869s] -- Installing: /home/denis/diploma_ws/install/fsu/share/fsu/environment/path.dsv
[2.870s] -- Up-to-date: /home/denis/diploma_ws/install/fsu/share/fsu/local_setup.bash
[2.870s] -- Up-to-date: /home/denis/diploma_ws/install/fsu/share/fsu/local_setup.sh
[2.871s] -- Up-to-date: /home/denis/diploma_ws/install/fsu/share/fsu/local_setup.zsh
[2.871s] -- Installing: /home/denis/diploma_ws/install/fsu/share/fsu/local_setup.dsv
[2.872s] -- Installing: /home/denis/diploma_ws/install/fsu/share/fsu/package.dsv
[2.873s] -- Up-to-date: /home/denis/diploma_ws/install/fsu/share/ament_index/resource_index/packages/fsu
[2.874s] -- Up-to-date: /home/denis/diploma_ws/install/fsu/share/fsu/cmake/fsuConfig.cmake
[2.874s] -- Up-to-date: /home/denis/diploma_ws/install/fsu/share/fsu/cmake/fsuConfig-version.cmake
[2.875s] -- Installing: /home/denis/diploma_ws/install/fsu/share/fsu/package.xml
[2.883s] Invoked command in '/home/denis/diploma_ws/build/fsu' returned '0': CMAKE_PREFIX_PATH=${CMAKE_PREFIX_PATH}:/opt/ros/humble /usr/bin/cmake --install /home/denis/diploma_ws/build/fsu
