[0.363s] DEBUG:colcon:Command line arguments: ['/usr/bin/colcon', 'build', '--packages-select', 'bt']
[0.364s] DEBUG:colcon:Parsed command line arguments: Namespace(log_base=None, log_level=None, verb_name='build', build_base='build', install_base='install', merge_install=False, symlink_install=False, test_result_base=None, continue_on_error=False, executor='parallel', parallel_workers=4, event_handlers=None, ignore_user_meta=False, metas=['./colcon.meta'], base_paths=['.'], packages_ignore=None, packages_ignore_regex=None, paths=None, packages_up_to=None, packages_up_to_regex=None, packages_above=None, packages_above_and_dependencies=None, packages_above_depth=None, packages_select_by_dep=None, packages_skip_by_dep=None, packages_skip_up_to=None, packages_select_build_failed=False, packages_skip_build_finished=False, packages_select_test_failures=False, packages_skip_test_passed=False, packages_select=['bt'], packages_skip=None, packages_select_regex=None, packages_skip_regex=None, packages_start=None, packages_end=None, allow_overriding=[], cmake_args=None, cmake_target=None, cmake_target_skip_unavailable=False, cmake_clean_cache=False, cmake_clean_first=False, cmake_force_configure=False, ament_cmake_args=None, catkin_cmake_args=None, catkin_skip_building_tests=False, verb_parser=<colcon_defaults.argument_parser.defaults.DefaultArgumentsDecorator object at 0x7fba6b430d30>, verb_extension=<colcon_core.verb.build.BuildVerb object at 0x7fba6b4307f0>, main=<bound method BuildVerb.main of <colcon_core.verb.build.BuildVerb object at 0x7fba6b4307f0>>)
[1.000s] Level 1:colcon.colcon_core.package_discovery:discover_packages(colcon_meta) check parameters
[1.001s] Level 1:colcon.colcon_core.package_discovery:discover_packages(recursive) check parameters
[1.001s] Level 1:colcon.colcon_core.package_discovery:discover_packages(ignore) check parameters
[1.001s] Level 1:colcon.colcon_core.package_discovery:discover_packages(path) check parameters
[1.001s] Level 1:colcon.colcon_core.package_discovery:discover_packages(colcon_meta) discover
[1.001s] Level 1:colcon.colcon_core.package_discovery:discover_packages(recursive) discover
[1.002s] INFO:colcon.colcon_core.package_discovery:Crawling recursively for packages in '/home/denis/diploma_ws'
[1.002s] Level 1:colcon.colcon_core.package_identification:_identify(.) by extensions ['ignore', 'ignore_ament_install']
[1.002s] Level 1:colcon.colcon_core.package_identification:_identify(.) by extension 'ignore'
[1.003s] Level 1:colcon.colcon_core.package_identification:_identify(.) by extension 'ignore_ament_install'
[1.003s] Level 1:colcon.colcon_core.package_identification:_identify(.) by extensions ['colcon_pkg']
[1.003s] Level 1:colcon.colcon_core.package_identification:_identify(.) by extension 'colcon_pkg'
[1.003s] Level 1:colcon.colcon_core.package_identification:_identify(.) by extensions ['colcon_meta']
[1.003s] Level 1:colcon.colcon_core.package_identification:_identify(.) by extension 'colcon_meta'
[1.003s] Level 1:colcon.colcon_core.package_identification:_identify(.) by extensions ['ros']
[1.003s] Level 1:colcon.colcon_core.package_identification:_identify(.) by extension 'ros'
[1.039s] Level 1:colcon.colcon_core.package_identification:_identify(.) by extensions ['cmake', 'python']
[1.039s] Level 1:colcon.colcon_core.package_identification:_identify(.) by extension 'cmake'
[1.039s] Level 1:colcon.colcon_core.package_identification:_identify(.) by extension 'python'
[1.039s] Level 1:colcon.colcon_core.package_identification:_identify(.) by extensions ['python_setup_py']
[1.039s] Level 1:colcon.colcon_core.package_identification:_identify(.) by extension 'python_setup_py'
[1.039s] Level 1:colcon.colcon_core.package_identification:_identify(build) by extensions ['ignore', 'ignore_ament_install']
[1.040s] Level 1:colcon.colcon_core.package_identification:_identify(build) by extension 'ignore'
[1.040s] Level 1:colcon.colcon_core.package_identification:_identify(build) ignored
[1.040s] Level 1:colcon.colcon_core.package_identification:_identify(install) by extensions ['ignore', 'ignore_ament_install']
[1.040s] Level 1:colcon.colcon_core.package_identification:_identify(install) by extension 'ignore'
[1.040s] Level 1:colcon.colcon_core.package_identification:_identify(install) ignored
[1.041s] Level 1:colcon.colcon_core.package_identification:_identify(log) by extensions ['ignore', 'ignore_ament_install']
[1.041s] Level 1:colcon.colcon_core.package_identification:_identify(log) by extension 'ignore'
[1.041s] Level 1:colcon.colcon_core.package_identification:_identify(log) ignored
[1.042s] Level 1:colcon.colcon_core.package_identification:_identify(src) by extensions ['ignore', 'ignore_ament_install']
[1.042s] Level 1:colcon.colcon_core.package_identification:_identify(src) by extension 'ignore'
[1.042s] Level 1:colcon.colcon_core.package_identification:_identify(src) by extension 'ignore_ament_install'
[1.042s] Level 1:colcon.colcon_core.package_identification:_identify(src) by extensions ['colcon_pkg']
[1.042s] Level 1:colcon.colcon_core.package_identification:_identify(src) by extension 'colcon_pkg'
[1.042s] Level 1:colcon.colcon_core.package_identification:_identify(src) by extensions ['colcon_meta']
[1.043s] Level 1:colcon.colcon_core.package_identification:_identify(src) by extension 'colcon_meta'
[1.043s] Level 1:colcon.colcon_core.package_identification:_identify(src) by extensions ['ros']
[1.043s] Level 1:colcon.colcon_core.package_identification:_identify(src) by extension 'ros'
[1.043s] Level 1:colcon.colcon_core.package_identification:_identify(src) by extensions ['cmake', 'python']
[1.043s] Level 1:colcon.colcon_core.package_identification:_identify(src) by extension 'cmake'
[1.044s] Level 1:colcon.colcon_core.package_identification:_identify(src) by extension 'python'
[1.044s] Level 1:colcon.colcon_core.package_identification:_identify(src) by extensions ['python_setup_py']
[1.044s] Level 1:colcon.colcon_core.package_identification:_identify(src) by extension 'python_setup_py'
[1.044s] Level 1:colcon.colcon_core.package_identification:_identify(src/BehaviorTree.CPP-3.8) by extensions ['ignore', 'ignore_ament_install']
[1.044s] Level 1:colcon.colcon_core.package_identification:_identify(src/BehaviorTree.CPP-3.8) by extension 'ignore'
[1.044s] Level 1:colcon.colcon_core.package_identification:_identify(src/BehaviorTree.CPP-3.8) by extension 'ignore_ament_install'
[1.045s] Level 1:colcon.colcon_core.package_identification:_identify(src/BehaviorTree.CPP-3.8) by extensions ['colcon_pkg']
[1.045s] Level 1:colcon.colcon_core.package_identification:_identify(src/BehaviorTree.CPP-3.8) by extension 'colcon_pkg'
[1.045s] Level 1:colcon.colcon_core.package_identification:_identify(src/BehaviorTree.CPP-3.8) by extensions ['colcon_meta']
[1.045s] Level 1:colcon.colcon_core.package_identification:_identify(src/BehaviorTree.CPP-3.8) by extension 'colcon_meta'
[1.045s] Level 1:colcon.colcon_core.package_identification:_identify(src/BehaviorTree.CPP-3.8) by extensions ['ros']
[1.045s] Level 1:colcon.colcon_core.package_identification:_identify(src/BehaviorTree.CPP-3.8) by extension 'ros'
[1.061s] DEBUG:colcon.colcon_core.package_identification:Package 'src/BehaviorTree.CPP-3.8' with type 'ros.ament_cmake' and name 'behaviortree_cpp_v3'
[1.061s] Level 1:colcon.colcon_core.package_identification:_identify(src/Groot) by extensions ['ignore', 'ignore_ament_install']
[1.063s] Level 1:colcon.colcon_core.package_identification:_identify(src/Groot) by extension 'ignore'
[1.063s] Level 1:colcon.colcon_core.package_identification:_identify(src/Groot) by extension 'ignore_ament_install'
[1.064s] Level 1:colcon.colcon_core.package_identification:_identify(src/Groot) by extensions ['colcon_pkg']
[1.065s] Level 1:colcon.colcon_core.package_identification:_identify(src/Groot) by extension 'colcon_pkg'
[1.065s] Level 1:colcon.colcon_core.package_identification:_identify(src/Groot) by extensions ['colcon_meta']
[1.065s] Level 1:colcon.colcon_core.package_identification:_identify(src/Groot) by extension 'colcon_meta'
[1.066s] Level 1:colcon.colcon_core.package_identification:_identify(src/Groot) by extensions ['ros']
[1.066s] Level 1:colcon.colcon_core.package_identification:_identify(src/Groot) by extension 'ros'
[1.075s] DEBUG:colcon.colcon_core.package_identification:Package 'src/Groot' with type 'ros.ament_cmake' and name 'groot'
[1.076s] Level 1:colcon.colcon_core.package_identification:_identify(src/bsu) by extensions ['ignore', 'ignore_ament_install']
[1.076s] Level 1:colcon.colcon_core.package_identification:_identify(src/bsu) by extension 'ignore'
[1.076s] Level 1:colcon.colcon_core.package_identification:_identify(src/bsu) by extension 'ignore_ament_install'
[1.076s] Level 1:colcon.colcon_core.package_identification:_identify(src/bsu) by extensions ['colcon_pkg']
[1.076s] Level 1:colcon.colcon_core.package_identification:_identify(src/bsu) by extension 'colcon_pkg'
[1.076s] Level 1:colcon.colcon_core.package_identification:_identify(src/bsu) by extensions ['colcon_meta']
[1.076s] Level 1:colcon.colcon_core.package_identification:_identify(src/bsu) by extension 'colcon_meta'
[1.076s] Level 1:colcon.colcon_core.package_identification:_identify(src/bsu) by extensions ['ros']
[1.076s] Level 1:colcon.colcon_core.package_identification:_identify(src/bsu) by extension 'ros'
[1.078s] DEBUG:colcon.colcon_core.package_identification:Package 'src/bsu' with type 'ros.ament_cmake' and name 'bsu'
[1.078s] Level 1:colcon.colcon_core.package_identification:_identify(src/bt) by extensions ['ignore', 'ignore_ament_install']
[1.078s] Level 1:colcon.colcon_core.package_identification:_identify(src/bt) by extension 'ignore'
[1.078s] Level 1:colcon.colcon_core.package_identification:_identify(src/bt) by extension 'ignore_ament_install'
[1.078s] Level 1:colcon.colcon_core.package_identification:_identify(src/bt) by extensions ['colcon_pkg']
[1.079s] Level 1:colcon.colcon_core.package_identification:_identify(src/bt) by extension 'colcon_pkg'
[1.079s] Level 1:colcon.colcon_core.package_identification:_identify(src/bt) by extensions ['colcon_meta']
[1.079s] Level 1:colcon.colcon_core.package_identification:_identify(src/bt) by extension 'colcon_meta'
[1.079s] Level 1:colcon.colcon_core.package_identification:_identify(src/bt) by extensions ['ros']
[1.079s] Level 1:colcon.colcon_core.package_identification:_identify(src/bt) by extension 'ros'
[1.080s] DEBUG:colcon.colcon_core.package_identification:Package 'src/bt' with type 'ros.ament_cmake' and name 'bt'
[1.081s] Level 1:colcon.colcon_core.package_identification:_identify(src/build) by extensions ['ignore', 'ignore_ament_install']
[1.081s] Level 1:colcon.colcon_core.package_identification:_identify(src/build) by extension 'ignore'
[1.081s] Level 1:colcon.colcon_core.package_identification:_identify(src/build) ignored
[1.081s] Level 1:colcon.colcon_core.package_identification:_identify(src/csu) by extensions ['ignore', 'ignore_ament_install']
[1.082s] Level 1:colcon.colcon_core.package_identification:_identify(src/csu) by extension 'ignore'
[1.082s] Level 1:colcon.colcon_core.package_identification:_identify(src/csu) by extension 'ignore_ament_install'
[1.082s] Level 1:colcon.colcon_core.package_identification:_identify(src/csu) by extensions ['colcon_pkg']
[1.082s] Level 1:colcon.colcon_core.package_identification:_identify(src/csu) by extension 'colcon_pkg'
[1.082s] Level 1:colcon.colcon_core.package_identification:_identify(src/csu) by extensions ['colcon_meta']
[1.082s] Level 1:colcon.colcon_core.package_identification:_identify(src/csu) by extension 'colcon_meta'
[1.082s] Level 1:colcon.colcon_core.package_identification:_identify(src/csu) by extensions ['ros']
[1.082s] Level 1:colcon.colcon_core.package_identification:_identify(src/csu) by extension 'ros'
[1.086s] DEBUG:colcon.colcon_core.package_identification:Package 'src/csu' with type 'ros.ament_cmake' and name 'csu'
[1.087s] Level 1:colcon.colcon_core.package_identification:_identify(src/dms_interfaces) by extensions ['ignore', 'ignore_ament_install']
[1.087s] Level 1:colcon.colcon_core.package_identification:_identify(src/dms_interfaces) by extension 'ignore'
[1.087s] Level 1:colcon.colcon_core.package_identification:_identify(src/dms_interfaces) by extension 'ignore_ament_install'
[1.087s] Level 1:colcon.colcon_core.package_identification:_identify(src/dms_interfaces) by extensions ['colcon_pkg']
[1.087s] Level 1:colcon.colcon_core.package_identification:_identify(src/dms_interfaces) by extension 'colcon_pkg'
[1.087s] Level 1:colcon.colcon_core.package_identification:_identify(src/dms_interfaces) by extensions ['colcon_meta']
[1.087s] Level 1:colcon.colcon_core.package_identification:_identify(src/dms_interfaces) by extension 'colcon_meta'
[1.087s] Level 1:colcon.colcon_core.package_identification:_identify(src/dms_interfaces) by extensions ['ros']
[1.087s] Level 1:colcon.colcon_core.package_identification:_identify(src/dms_interfaces) by extension 'ros'
[1.088s] DEBUG:colcon.colcon_core.package_identification:Package 'src/dms_interfaces' with type 'ros.ament_cmake' and name 'dms_interfaces'
[1.088s] Level 1:colcon.colcon_core.package_identification:_identify(src/fsu) by extensions ['ignore', 'ignore_ament_install']
[1.109s] Level 1:colcon.colcon_core.package_identification:_identify(src/fsu) by extension 'ignore'
[1.110s] Level 1:colcon.colcon_core.package_identification:_identify(src/fsu) by extension 'ignore_ament_install'
[1.110s] Level 1:colcon.colcon_core.package_identification:_identify(src/fsu) by extensions ['colcon_pkg']
[1.110s] Level 1:colcon.colcon_core.package_identification:_identify(src/fsu) by extension 'colcon_pkg'
[1.110s] Level 1:colcon.colcon_core.package_identification:_identify(src/fsu) by extensions ['colcon_meta']
[1.110s] Level 1:colcon.colcon_core.package_identification:_identify(src/fsu) by extension 'colcon_meta'
[1.110s] Level 1:colcon.colcon_core.package_identification:_identify(src/fsu) by extensions ['ros']
[1.110s] Level 1:colcon.colcon_core.package_identification:_identify(src/fsu) by extension 'ros'
[1.112s] DEBUG:colcon.colcon_core.package_identification:Package 'src/fsu' with type 'ros.ament_cmake' and name 'fsu'
[1.113s] Level 1:colcon.colcon_core.package_identification:_identify(src/install) by extensions ['ignore', 'ignore_ament_install']
[1.113s] Level 1:colcon.colcon_core.package_identification:_identify(src/install) by extension 'ignore'
[1.113s] Level 1:colcon.colcon_core.package_identification:_identify(src/install) ignored
[1.113s] Level 1:colcon.colcon_core.package_identification:_identify(src/log) by extensions ['ignore', 'ignore_ament_install']
[1.114s] Level 1:colcon.colcon_core.package_identification:_identify(src/log) by extension 'ignore'
[1.114s] Level 1:colcon.colcon_core.package_identification:_identify(src/log) ignored
[1.114s] Level 1:colcon.colcon_core.package_identification:_identify(src/nav2_bringup) by extensions ['ignore', 'ignore_ament_install']
[1.114s] Level 1:colcon.colcon_core.package_identification:_identify(src/nav2_bringup) by extension 'ignore'
[1.114s] Level 1:colcon.colcon_core.package_identification:_identify(src/nav2_bringup) by extension 'ignore_ament_install'
[1.114s] Level 1:colcon.colcon_core.package_identification:_identify(src/nav2_bringup) by extensions ['colcon_pkg']
[1.114s] Level 1:colcon.colcon_core.package_identification:_identify(src/nav2_bringup) by extension 'colcon_pkg'
[1.114s] Level 1:colcon.colcon_core.package_identification:_identify(src/nav2_bringup) by extensions ['colcon_meta']
[1.114s] Level 1:colcon.colcon_core.package_identification:_identify(src/nav2_bringup) by extension 'colcon_meta'
[1.114s] Level 1:colcon.colcon_core.package_identification:_identify(src/nav2_bringup) by extensions ['ros']
[1.114s] Level 1:colcon.colcon_core.package_identification:_identify(src/nav2_bringup) by extension 'ros'
[1.115s] DEBUG:colcon.colcon_core.package_identification:Package 'src/nav2_bringup' with type 'ros.ament_cmake' and name 'nav2_bringup'
[1.116s] Level 1:colcon.colcon_core.package_identification:_identify(src/nspu) by extensions ['ignore', 'ignore_ament_install']
[1.116s] Level 1:colcon.colcon_core.package_identification:_identify(src/nspu) by extension 'ignore'
[1.116s] Level 1:colcon.colcon_core.package_identification:_identify(src/nspu) by extension 'ignore_ament_install'
[1.117s] Level 1:colcon.colcon_core.package_identification:_identify(src/nspu) by extensions ['colcon_pkg']
[1.117s] Level 1:colcon.colcon_core.package_identification:_identify(src/nspu) by extension 'colcon_pkg'
[1.117s] Level 1:colcon.colcon_core.package_identification:_identify(src/nspu) by extensions ['colcon_meta']
[1.117s] Level 1:colcon.colcon_core.package_identification:_identify(src/nspu) by extension 'colcon_meta'
[1.117s] Level 1:colcon.colcon_core.package_identification:_identify(src/nspu) by extensions ['ros']
[1.117s] Level 1:colcon.colcon_core.package_identification:_identify(src/nspu) by extension 'ros'
[1.120s] DEBUG:colcon.colcon_core.package_identification:Package 'src/nspu' with type 'ros.ament_cmake' and name 'nspu'
[1.120s] Level 1:colcon.colcon_core.package_identification:_identify(src/ssu) by extensions ['ignore', 'ignore_ament_install']
[1.120s] Level 1:colcon.colcon_core.package_identification:_identify(src/ssu) by extension 'ignore'
[1.120s] Level 1:colcon.colcon_core.package_identification:_identify(src/ssu) by extension 'ignore_ament_install'
[1.120s] Level 1:colcon.colcon_core.package_identification:_identify(src/ssu) by extensions ['colcon_pkg']
[1.120s] Level 1:colcon.colcon_core.package_identification:_identify(src/ssu) by extension 'colcon_pkg'
[1.121s] Level 1:colcon.colcon_core.package_identification:_identify(src/ssu) by extensions ['colcon_meta']
[1.121s] Level 1:colcon.colcon_core.package_identification:_identify(src/ssu) by extension 'colcon_meta'
[1.121s] Level 1:colcon.colcon_core.package_identification:_identify(src/ssu) by extensions ['ros']
[1.121s] Level 1:colcon.colcon_core.package_identification:_identify(src/ssu) by extension 'ros'
[1.122s] DEBUG:colcon.colcon_core.package_identification:Package 'src/ssu' with type 'ros.ament_cmake' and name 'ssu'
[1.122s] Level 1:colcon.colcon_core.package_identification:_identify(src/turtlebot3_navigation2) by extensions ['ignore', 'ignore_ament_install']
[1.122s] Level 1:colcon.colcon_core.package_identification:_identify(src/turtlebot3_navigation2) by extension 'ignore'
[1.122s] Level 1:colcon.colcon_core.package_identification:_identify(src/turtlebot3_navigation2) by extension 'ignore_ament_install'
[1.122s] Level 1:colcon.colcon_core.package_identification:_identify(src/turtlebot3_navigation2) by extensions ['colcon_pkg']
[1.122s] Level 1:colcon.colcon_core.package_identification:_identify(src/turtlebot3_navigation2) by extension 'colcon_pkg'
[1.123s] Level 1:colcon.colcon_core.package_identification:_identify(src/turtlebot3_navigation2) by extensions ['colcon_meta']
[1.123s] Level 1:colcon.colcon_core.package_identification:_identify(src/turtlebot3_navigation2) by extension 'colcon_meta'
[1.123s] Level 1:colcon.colcon_core.package_identification:_identify(src/turtlebot3_navigation2) by extensions ['ros']
[1.123s] Level 1:colcon.colcon_core.package_identification:_identify(src/turtlebot3_navigation2) by extension 'ros'
[1.128s] DEBUG:colcon.colcon_core.package_identification:Package 'src/turtlebot3_navigation2' with type 'ros.ament_cmake' and name 'turtlebot3_navigation2'
[1.129s] Level 1:colcon.colcon_core.package_identification:_identify(src/turtlebot3_simulations) by extensions ['ignore', 'ignore_ament_install']
[1.131s] Level 1:colcon.colcon_core.package_identification:_identify(src/turtlebot3_simulations) by extension 'ignore'
[1.131s] Level 1:colcon.colcon_core.package_identification:_identify(src/turtlebot3_simulations) by extension 'ignore_ament_install'
[1.132s] Level 1:colcon.colcon_core.package_identification:_identify(src/turtlebot3_simulations) by extensions ['colcon_pkg']
[1.132s] Level 1:colcon.colcon_core.package_identification:_identify(src/turtlebot3_simulations) by extension 'colcon_pkg'
[1.132s] Level 1:colcon.colcon_core.package_identification:_identify(src/turtlebot3_simulations) by extensions ['colcon_meta']
[1.132s] Level 1:colcon.colcon_core.package_identification:_identify(src/turtlebot3_simulations) by extension 'colcon_meta'
[1.132s] Level 1:colcon.colcon_core.package_identification:_identify(src/turtlebot3_simulations) by extensions ['ros']
[1.132s] Level 1:colcon.colcon_core.package_identification:_identify(src/turtlebot3_simulations) by extension 'ros'
[1.132s] Level 1:colcon.colcon_core.package_identification:_identify(src/turtlebot3_simulations) by extensions ['cmake', 'python']
[1.133s] Level 1:colcon.colcon_core.package_identification:_identify(src/turtlebot3_simulations) by extension 'cmake'
[1.133s] Level 1:colcon.colcon_core.package_identification:_identify(src/turtlebot3_simulations) by extension 'python'
[1.133s] Level 1:colcon.colcon_core.package_identification:_identify(src/turtlebot3_simulations) by extensions ['python_setup_py']
[1.133s] Level 1:colcon.colcon_core.package_identification:_identify(src/turtlebot3_simulations) by extension 'python_setup_py'
[1.133s] Level 1:colcon.colcon_core.package_identification:_identify(src/turtlebot3_simulations/turtlebot3_fake_node) by extensions ['ignore', 'ignore_ament_install']
[1.134s] Level 1:colcon.colcon_core.package_identification:_identify(src/turtlebot3_simulations/turtlebot3_fake_node) by extension 'ignore'
[1.135s] Level 1:colcon.colcon_core.package_identification:_identify(src/turtlebot3_simulations/turtlebot3_fake_node) by extension 'ignore_ament_install'
[1.135s] Level 1:colcon.colcon_core.package_identification:_identify(src/turtlebot3_simulations/turtlebot3_fake_node) by extensions ['colcon_pkg']
[1.135s] Level 1:colcon.colcon_core.package_identification:_identify(src/turtlebot3_simulations/turtlebot3_fake_node) by extension 'colcon_pkg'
[1.135s] Level 1:colcon.colcon_core.package_identification:_identify(src/turtlebot3_simulations/turtlebot3_fake_node) by extensions ['colcon_meta']
[1.135s] Level 1:colcon.colcon_core.package_identification:_identify(src/turtlebot3_simulations/turtlebot3_fake_node) by extension 'colcon_meta'
[1.135s] Level 1:colcon.colcon_core.package_identification:_identify(src/turtlebot3_simulations/turtlebot3_fake_node) by extensions ['ros']
[1.135s] Level 1:colcon.colcon_core.package_identification:_identify(src/turtlebot3_simulations/turtlebot3_fake_node) by extension 'ros'
[1.140s] DEBUG:colcon.colcon_core.package_identification:Package 'src/turtlebot3_simulations/turtlebot3_fake_node' with type 'ros.ament_cmake' and name 'turtlebot3_fake_node'
[1.141s] Level 1:colcon.colcon_core.package_identification:_identify(src/turtlebot3_simulations/turtlebot3_gazebo) by extensions ['ignore', 'ignore_ament_install']
[1.141s] Level 1:colcon.colcon_core.package_identification:_identify(src/turtlebot3_simulations/turtlebot3_gazebo) by extension 'ignore'
[1.141s] Level 1:colcon.colcon_core.package_identification:_identify(src/turtlebot3_simulations/turtlebot3_gazebo) by extension 'ignore_ament_install'
[1.141s] Level 1:colcon.colcon_core.package_identification:_identify(src/turtlebot3_simulations/turtlebot3_gazebo) by extensions ['colcon_pkg']
[1.141s] Level 1:colcon.colcon_core.package_identification:_identify(src/turtlebot3_simulations/turtlebot3_gazebo) by extension 'colcon_pkg'
[1.142s] Level 1:colcon.colcon_core.package_identification:_identify(src/turtlebot3_simulations/turtlebot3_gazebo) by extensions ['colcon_meta']
[1.142s] Level 1:colcon.colcon_core.package_identification:_identify(src/turtlebot3_simulations/turtlebot3_gazebo) by extension 'colcon_meta'
[1.143s] Level 1:colcon.colcon_core.package_identification:_identify(src/turtlebot3_simulations/turtlebot3_gazebo) by extensions ['ros']
[1.143s] Level 1:colcon.colcon_core.package_identification:_identify(src/turtlebot3_simulations/turtlebot3_gazebo) by extension 'ros'
[1.146s] DEBUG:colcon.colcon_core.package_identification:Package 'src/turtlebot3_simulations/turtlebot3_gazebo' with type 'ros.ament_cmake' and name 'turtlebot3_gazebo'
[1.147s] Level 1:colcon.colcon_core.package_identification:_identify(src/turtlebot3_simulations/turtlebot3_simulations) by extensions ['ignore', 'ignore_ament_install']
[1.147s] Level 1:colcon.colcon_core.package_identification:_identify(src/turtlebot3_simulations/turtlebot3_simulations) by extension 'ignore'
[1.147s] Level 1:colcon.colcon_core.package_identification:_identify(src/turtlebot3_simulations/turtlebot3_simulations) by extension 'ignore_ament_install'
[1.147s] Level 1:colcon.colcon_core.package_identification:_identify(src/turtlebot3_simulations/turtlebot3_simulations) by extensions ['colcon_pkg']
[1.147s] Level 1:colcon.colcon_core.package_identification:_identify(src/turtlebot3_simulations/turtlebot3_simulations) by extension 'colcon_pkg'
[1.147s] Level 1:colcon.colcon_core.package_identification:_identify(src/turtlebot3_simulations/turtlebot3_simulations) by extensions ['colcon_meta']
[1.147s] Level 1:colcon.colcon_core.package_identification:_identify(src/turtlebot3_simulations/turtlebot3_simulations) by extension 'colcon_meta'
[1.148s] Level 1:colcon.colcon_core.package_identification:_identify(src/turtlebot3_simulations/turtlebot3_simulations) by extensions ['ros']
[1.148s] Level 1:colcon.colcon_core.package_identification:_identify(src/turtlebot3_simulations/turtlebot3_simulations) by extension 'ros'
[1.151s] DEBUG:colcon.colcon_core.package_identification:Package 'src/turtlebot3_simulations/turtlebot3_simulations' with type 'ros.ament_cmake' and name 'turtlebot3_simulations'
[1.151s] Level 1:colcon.colcon_core.package_discovery:discover_packages(recursive) using defaults
[1.151s] Level 1:colcon.colcon_core.package_discovery:discover_packages(ignore) discover
[1.151s] Level 1:colcon.colcon_core.package_discovery:discover_packages(ignore) using defaults
[1.152s] Level 1:colcon.colcon_core.package_discovery:discover_packages(path) discover
[1.152s] Level 1:colcon.colcon_core.package_discovery:discover_packages(path) using defaults
[1.212s] INFO:colcon.colcon_core.package_selection:Skipping not selected package 'behaviortree_cpp_v3' in 'src/BehaviorTree.CPP-3.8'
[1.212s] INFO:colcon.colcon_core.package_selection:Skipping not selected package 'dms_interfaces' in 'src/dms_interfaces'
[1.212s] INFO:colcon.colcon_core.package_selection:Skipping not selected package 'fsu' in 'src/fsu'
[1.212s] INFO:colcon.colcon_core.package_selection:Skipping not selected package 'nav2_bringup' in 'src/nav2_bringup'
[1.212s] INFO:colcon.colcon_core.package_selection:Skipping not selected package 'ssu' in 'src/ssu'
[1.212s] INFO:colcon.colcon_core.package_selection:Skipping not selected package 'turtlebot3_fake_node' in 'src/turtlebot3_simulations/turtlebot3_fake_node'
[1.212s] INFO:colcon.colcon_core.package_selection:Skipping not selected package 'turtlebot3_gazebo' in 'src/turtlebot3_simulations/turtlebot3_gazebo'
[1.212s] INFO:colcon.colcon_core.package_selection:Skipping not selected package 'bsu' in 'src/bsu'
[1.213s] INFO:colcon.colcon_core.package_selection:Skipping not selected package 'csu' in 'src/csu'
[1.213s] INFO:colcon.colcon_core.package_selection:Skipping not selected package 'groot' in 'src/Groot'
[1.213s] INFO:colcon.colcon_core.package_selection:Skipping not selected package 'nspu' in 'src/nspu'
[1.213s] INFO:colcon.colcon_core.package_selection:Skipping not selected package 'turtlebot3_navigation2' in 'src/turtlebot3_navigation2'
[1.213s] INFO:colcon.colcon_core.package_selection:Skipping not selected package 'turtlebot3_simulations' in 'src/turtlebot3_simulations/turtlebot3_simulations'
[1.214s] Level 1:colcon.colcon_core.package_discovery:discover_packages(prefix_path) check parameters
[1.214s] Level 1:colcon.colcon_core.package_discovery:discover_packages(prefix_path) discover
[1.226s] DEBUG:colcon.colcon_installed_package_information.package_discovery:Found 18 installed packages in /home/denis/diploma_ws/install
[1.232s] DEBUG:colcon.colcon_installed_package_information.package_discovery:Found 356 installed packages in /opt/ros/humble
[1.241s] Level 1:colcon.colcon_core.package_discovery:discover_packages(prefix_path) using defaults
[1.403s] Level 5:colcon.colcon_core.verb:set package 'bt' build argument 'cmake_args' from command line to 'None'
[1.404s] Level 5:colcon.colcon_core.verb:set package 'bt' build argument 'cmake_target' from command line to 'None'
[1.404s] Level 5:colcon.colcon_core.verb:set package 'bt' build argument 'cmake_target_skip_unavailable' from command line to 'False'
[1.404s] Level 5:colcon.colcon_core.verb:set package 'bt' build argument 'cmake_clean_cache' from command line to 'False'
[1.404s] Level 5:colcon.colcon_core.verb:set package 'bt' build argument 'cmake_clean_first' from command line to 'False'
[1.404s] Level 5:colcon.colcon_core.verb:set package 'bt' build argument 'cmake_force_configure' from command line to 'False'
[1.404s] Level 5:colcon.colcon_core.verb:set package 'bt' build argument 'ament_cmake_args' from command line to 'None'
[1.404s] Level 5:colcon.colcon_core.verb:set package 'bt' build argument 'catkin_cmake_args' from command line to 'None'
[1.404s] Level 5:colcon.colcon_core.verb:set package 'bt' build argument 'catkin_skip_building_tests' from command line to 'False'
[1.404s] DEBUG:colcon.colcon_core.verb:Building package 'bt' with the following arguments: {'ament_cmake_args': None, 'build_base': '/home/denis/diploma_ws/build/bt', 'catkin_cmake_args': None, 'catkin_skip_building_tests': False, 'cmake_args': None, 'cmake_clean_cache': False, 'cmake_clean_first': False, 'cmake_force_configure': False, 'cmake_target': None, 'cmake_target_skip_unavailable': False, 'install_base': '/home/denis/diploma_ws/install/bt', 'merge_install': False, 'path': '/home/denis/diploma_ws/src/bt', 'symlink_install': False, 'test_result_base': None}
[1.405s] INFO:colcon.colcon_core.executor:Executing jobs using 'parallel' executor
[1.407s] DEBUG:colcon.colcon_parallel_executor.executor.parallel:run_until_complete
[1.407s] INFO:colcon.colcon_ros.task.ament_cmake.build:Building ROS package in '/home/denis/diploma_ws/src/bt' with build type 'ament_cmake'
[1.407s] INFO:colcon.colcon_cmake.task.cmake.build:Building CMake package in '/home/denis/diploma_ws/src/bt'
[1.416s] INFO:colcon.colcon_core.plugin_system:Skipping extension 'colcon_core.shell.bat': Not used on non-Windows systems
[1.418s] INFO:colcon.colcon_core.shell:Skip shell extension 'powershell' for command environment: Not usable outside of PowerShell
[1.420s] DEBUG:colcon.colcon_core.shell:Skip shell extension 'dsv' for command environment
[1.469s] DEBUG:colcon.colcon_core.event_handler.log_command:Invoking command in '/home/denis/diploma_ws/build/bt': CMAKE_PREFIX_PATH=/home/denis/diploma_ws/install/dms_interfaces:/home/denis/diploma_ws/install/behaviortree_cpp_v3:/home/denis/diploma_ws/install/turtlebot3_simulations:/home/denis/diploma_ws/install/turtlebot3_navigation2:/home/denis/diploma_ws/install/turtlebot3_gazebo:/home/denis/diploma_ws/install/turtlebot3_fake_node:/home/denis/diploma_ws/install/ssu:/home/denis/diploma_ws/install/nspu:/home/denis/diploma_ws/install/nav2_bringup:/home/denis/diploma_ws/install/groot:/home/denis/diploma_ws/install/fsu:/home/denis/diploma_ws/install/csu:/home/denis/diploma_ws/install/bt:/home/denis/diploma_ws/install/bsu:/home/denis/diploma_ws/install/btcpp_ros2_samples:/home/denis/diploma_ws/install/btcpp_ros2_interfaces:/home/denis/diploma_ws/install/behaviortree_ros2:/home/denis/diploma_ws/install/behaviortree_cpp:/opt/ros/humble LD_LIBRARY_PATH=/home/denis/diploma_ws/install/dms_interfaces/lib:/home/denis/diploma_ws/install/behaviortree_cpp_v3/lib:/home/denis/diploma_ws/install/groot/lib:/home/denis/diploma_ws/install/btcpp_ros2_interfaces/lib:/home/denis/diploma_ws/install/behaviortree_cpp/lib:/usr/lib/x86_64-linux-gnu/gazebo-11/plugins:/opt/ros/humble/opt/rviz_ogre_vendor/lib:/opt/ros/humble/lib/x86_64-linux-gnu:/opt/ros/humble/lib /usr/bin/cmake --build /home/denis/diploma_ws/build/bt -- -j4 -l4
[25.017s] DEBUG:colcon.colcon_core.event_handler.log_command:Invoked command in '/home/denis/diploma_ws/build/bt' returned '0': CMAKE_PREFIX_PATH=/home/denis/diploma_ws/install/dms_interfaces:/home/denis/diploma_ws/install/behaviortree_cpp_v3:/home/denis/diploma_ws/install/turtlebot3_simulations:/home/denis/diploma_ws/install/turtlebot3_navigation2:/home/denis/diploma_ws/install/turtlebot3_gazebo:/home/denis/diploma_ws/install/turtlebot3_fake_node:/home/denis/diploma_ws/install/ssu:/home/denis/diploma_ws/install/nspu:/home/denis/diploma_ws/install/nav2_bringup:/home/denis/diploma_ws/install/groot:/home/denis/diploma_ws/install/fsu:/home/denis/diploma_ws/install/csu:/home/denis/diploma_ws/install/bt:/home/denis/diploma_ws/install/bsu:/home/denis/diploma_ws/install/btcpp_ros2_samples:/home/denis/diploma_ws/install/btcpp_ros2_interfaces:/home/denis/diploma_ws/install/behaviortree_ros2:/home/denis/diploma_ws/install/behaviortree_cpp:/opt/ros/humble LD_LIBRARY_PATH=/home/denis/diploma_ws/install/dms_interfaces/lib:/home/denis/diploma_ws/install/behaviortree_cpp_v3/lib:/home/denis/diploma_ws/install/groot/lib:/home/denis/diploma_ws/install/btcpp_ros2_interfaces/lib:/home/denis/diploma_ws/install/behaviortree_cpp/lib:/usr/lib/x86_64-linux-gnu/gazebo-11/plugins:/opt/ros/humble/opt/rviz_ogre_vendor/lib:/opt/ros/humble/lib/x86_64-linux-gnu:/opt/ros/humble/lib /usr/bin/cmake --build /home/denis/diploma_ws/build/bt -- -j4 -l4
[25.213s] DEBUG:colcon.colcon_core.event_handler.log_command:Invoking command in '/home/denis/diploma_ws/build/bt': CMAKE_PREFIX_PATH=/home/denis/diploma_ws/install/dms_interfaces:/home/denis/diploma_ws/install/behaviortree_cpp_v3:/home/denis/diploma_ws/install/turtlebot3_simulations:/home/denis/diploma_ws/install/turtlebot3_navigation2:/home/denis/diploma_ws/install/turtlebot3_gazebo:/home/denis/diploma_ws/install/turtlebot3_fake_node:/home/denis/diploma_ws/install/ssu:/home/denis/diploma_ws/install/nspu:/home/denis/diploma_ws/install/nav2_bringup:/home/denis/diploma_ws/install/groot:/home/denis/diploma_ws/install/fsu:/home/denis/diploma_ws/install/csu:/home/denis/diploma_ws/install/bt:/home/denis/diploma_ws/install/bsu:/home/denis/diploma_ws/install/btcpp_ros2_samples:/home/denis/diploma_ws/install/btcpp_ros2_interfaces:/home/denis/diploma_ws/install/behaviortree_ros2:/home/denis/diploma_ws/install/behaviortree_cpp:/opt/ros/humble LD_LIBRARY_PATH=/home/denis/diploma_ws/install/dms_interfaces/lib:/home/denis/diploma_ws/install/behaviortree_cpp_v3/lib:/home/denis/diploma_ws/install/groot/lib:/home/denis/diploma_ws/install/btcpp_ros2_interfaces/lib:/home/denis/diploma_ws/install/behaviortree_cpp/lib:/usr/lib/x86_64-linux-gnu/gazebo-11/plugins:/opt/ros/humble/opt/rviz_ogre_vendor/lib:/opt/ros/humble/lib/x86_64-linux-gnu:/opt/ros/humble/lib /usr/bin/cmake --install /home/denis/diploma_ws/build/bt
[25.272s] Level 1:colcon.colcon_core.environment:create_environment_scripts_only(bt)
[25.281s] DEBUG:colcon.colcon_core.event_handler.log_command:Invoked command in '/home/denis/diploma_ws/build/bt' returned '0': CMAKE_PREFIX_PATH=/home/denis/diploma_ws/install/dms_interfaces:/home/denis/diploma_ws/install/behaviortree_cpp_v3:/home/denis/diploma_ws/install/turtlebot3_simulations:/home/denis/diploma_ws/install/turtlebot3_navigation2:/home/denis/diploma_ws/install/turtlebot3_gazebo:/home/denis/diploma_ws/install/turtlebot3_fake_node:/home/denis/diploma_ws/install/ssu:/home/denis/diploma_ws/install/nspu:/home/denis/diploma_ws/install/nav2_bringup:/home/denis/diploma_ws/install/groot:/home/denis/diploma_ws/install/fsu:/home/denis/diploma_ws/install/csu:/home/denis/diploma_ws/install/bt:/home/denis/diploma_ws/install/bsu:/home/denis/diploma_ws/install/btcpp_ros2_samples:/home/denis/diploma_ws/install/btcpp_ros2_interfaces:/home/denis/diploma_ws/install/behaviortree_ros2:/home/denis/diploma_ws/install/behaviortree_cpp:/opt/ros/humble LD_LIBRARY_PATH=/home/denis/diploma_ws/install/dms_interfaces/lib:/home/denis/diploma_ws/install/behaviortree_cpp_v3/lib:/home/denis/diploma_ws/install/groot/lib:/home/denis/diploma_ws/install/btcpp_ros2_interfaces/lib:/home/denis/diploma_ws/install/behaviortree_cpp/lib:/usr/lib/x86_64-linux-gnu/gazebo-11/plugins:/opt/ros/humble/opt/rviz_ogre_vendor/lib:/opt/ros/humble/lib/x86_64-linux-gnu:/opt/ros/humble/lib /usr/bin/cmake --install /home/denis/diploma_ws/build/bt
[25.285s] Level 1:colcon.colcon_core.environment:checking '/home/denis/diploma_ws/install/bt' for CMake module files
[25.286s] Level 1:colcon.colcon_core.environment:checking '/home/denis/diploma_ws/install/bt' for CMake config files
[25.286s] Level 1:colcon.colcon_core.shell:create_environment_hook('bt', 'cmake_prefix_path')
[25.287s] INFO:colcon.colcon_core.shell:Creating environment hook '/home/denis/diploma_ws/install/bt/share/bt/hook/cmake_prefix_path.ps1'
[25.288s] INFO:colcon.colcon_core.shell:Creating environment descriptor '/home/denis/diploma_ws/install/bt/share/bt/hook/cmake_prefix_path.dsv'
[25.289s] INFO:colcon.colcon_core.shell:Creating environment hook '/home/denis/diploma_ws/install/bt/share/bt/hook/cmake_prefix_path.sh'
[25.292s] Level 1:colcon.colcon_core.environment:checking '/home/denis/diploma_ws/install/bt/lib'
[25.292s] Level 1:colcon.colcon_core.environment:checking '/home/denis/diploma_ws/install/bt/bin'
[25.293s] Level 1:colcon.colcon_core.environment:checking '/home/denis/diploma_ws/install/bt/lib/pkgconfig/bt.pc'
[25.294s] Level 1:colcon.colcon_core.environment:checking '/home/denis/diploma_ws/install/bt/lib/python3.10/site-packages'
[25.294s] Level 1:colcon.colcon_core.environment:checking '/home/denis/diploma_ws/install/bt/bin'
[25.296s] INFO:colcon.colcon_core.shell:Creating package script '/home/denis/diploma_ws/install/bt/share/bt/package.ps1'
[25.300s] INFO:colcon.colcon_core.shell:Creating package descriptor '/home/denis/diploma_ws/install/bt/share/bt/package.dsv'
[25.301s] INFO:colcon.colcon_core.shell:Creating package script '/home/denis/diploma_ws/install/bt/share/bt/package.sh'
[25.305s] INFO:colcon.colcon_core.shell:Creating package script '/home/denis/diploma_ws/install/bt/share/bt/package.bash'
[25.314s] INFO:colcon.colcon_core.shell:Creating package script '/home/denis/diploma_ws/install/bt/share/bt/package.zsh'
[25.316s] Level 1:colcon.colcon_core.environment:create_file_with_runtime_dependencies(/home/denis/diploma_ws/install/bt/share/colcon-core/packages/bt)
[25.499s] Level 1:colcon.colcon_core.environment:create_environment_scripts_only(bt)
[25.499s] Level 1:colcon.colcon_core.environment:checking '/home/denis/diploma_ws/install/bt' for CMake module files
[25.501s] Level 1:colcon.colcon_core.environment:checking '/home/denis/diploma_ws/install/bt' for CMake config files
[25.502s] Level 1:colcon.colcon_core.shell:create_environment_hook('bt', 'cmake_prefix_path')
[25.502s] INFO:colcon.colcon_core.shell:Creating environment hook '/home/denis/diploma_ws/install/bt/share/bt/hook/cmake_prefix_path.ps1'
[25.504s] INFO:colcon.colcon_core.shell:Creating environment descriptor '/home/denis/diploma_ws/install/bt/share/bt/hook/cmake_prefix_path.dsv'
[25.505s] INFO:colcon.colcon_core.shell:Creating environment hook '/home/denis/diploma_ws/install/bt/share/bt/hook/cmake_prefix_path.sh'
[25.508s] Level 1:colcon.colcon_core.environment:checking '/home/denis/diploma_ws/install/bt/lib'
[25.508s] Level 1:colcon.colcon_core.environment:checking '/home/denis/diploma_ws/install/bt/bin'
[25.508s] Level 1:colcon.colcon_core.environment:checking '/home/denis/diploma_ws/install/bt/lib/pkgconfig/bt.pc'
[25.509s] Level 1:colcon.colcon_core.environment:checking '/home/denis/diploma_ws/install/bt/lib/python3.10/site-packages'
[25.509s] Level 1:colcon.colcon_core.environment:checking '/home/denis/diploma_ws/install/bt/bin'
[25.509s] INFO:colcon.colcon_core.shell:Creating package script '/home/denis/diploma_ws/install/bt/share/bt/package.ps1'
[25.510s] INFO:colcon.colcon_core.shell:Creating package descriptor '/home/denis/diploma_ws/install/bt/share/bt/package.dsv'
[25.511s] INFO:colcon.colcon_core.shell:Creating package script '/home/denis/diploma_ws/install/bt/share/bt/package.sh'
[25.512s] INFO:colcon.colcon_core.shell:Creating package script '/home/denis/diploma_ws/install/bt/share/bt/package.bash'
[25.515s] INFO:colcon.colcon_core.shell:Creating package script '/home/denis/diploma_ws/install/bt/share/bt/package.zsh'
[25.518s] Level 1:colcon.colcon_core.environment:create_file_with_runtime_dependencies(/home/denis/diploma_ws/install/bt/share/colcon-core/packages/bt)
[25.519s] DEBUG:colcon.colcon_parallel_executor.executor.parallel:closing loop
[25.519s] DEBUG:colcon.colcon_parallel_executor.executor.parallel:loop closed
[25.519s] DEBUG:colcon.colcon_parallel_executor.executor.parallel:run_until_complete finished with '0'
[25.520s] DEBUG:colcon.colcon_core.event_reactor:joining thread
[25.542s] INFO:colcon.colcon_core.plugin_system:Skipping extension 'colcon_notification.desktop_notification.terminal_notifier': Not used on non-Darwin systems
[25.543s] INFO:colcon.colcon_core.plugin_system:Skipping extension 'colcon_notification.desktop_notification.win32': Not used on non-Windows systems
[25.543s] INFO:colcon.colcon_notification.desktop_notification:Sending desktop notification using 'notify2'
[25.574s] DEBUG:colcon.colcon_core.event_reactor:joined thread
[25.575s] INFO:colcon.colcon_core.shell:Creating prefix script '/home/denis/diploma_ws/install/local_setup.ps1'
[25.578s] INFO:colcon.colcon_core.shell:Creating prefix util module '/home/denis/diploma_ws/install/_local_setup_util_ps1.py'
[25.583s] INFO:colcon.colcon_core.shell:Creating prefix chain script '/home/denis/diploma_ws/install/setup.ps1'
[25.590s] INFO:colcon.colcon_core.shell:Creating prefix script '/home/denis/diploma_ws/install/local_setup.sh'
[25.593s] INFO:colcon.colcon_core.shell:Creating prefix util module '/home/denis/diploma_ws/install/_local_setup_util_sh.py'
[25.594s] INFO:colcon.colcon_core.shell:Creating prefix chain script '/home/denis/diploma_ws/install/setup.sh'
[25.600s] INFO:colcon.colcon_core.shell:Creating prefix script '/home/denis/diploma_ws/install/local_setup.bash'
[25.602s] INFO:colcon.colcon_core.shell:Creating prefix chain script '/home/denis/diploma_ws/install/setup.bash'
[25.609s] INFO:colcon.colcon_core.shell:Creating prefix script '/home/denis/diploma_ws/install/local_setup.zsh'
[25.611s] INFO:colcon.colcon_core.shell:Creating prefix chain script '/home/denis/diploma_ws/install/setup.zsh'
