[0.081s] Invoking command in '/home/denis/diploma_ws/build/ssu': CMAKE_PREFIX_PATH=/opt/ros/humble /usr/bin/cmake --build /home/denis/diploma_ws/build/ssu -- -j4 -l4
[0.327s] [100%] Built target sensor_supervisitory_unit
[0.412s] Invoked command in '/home/denis/diploma_ws/build/ssu' returned '0': CMAKE_PREFIX_PATH=/opt/ros/humble /usr/bin/cmake --build /home/denis/diploma_ws/build/ssu -- -j4 -l4
[0.593s] Invoking command in '/home/denis/diploma_ws/build/ssu': CMAKE_PREFIX_PATH=/opt/ros/humble /usr/bin/cmake --install /home/denis/diploma_ws/build/ssu
[0.611s] -- Install configuration: ""
[0.611s] -- Up-to-date: /home/denis/diploma_ws/install/ssu/lib/ssu/sensor_supervisitory_unit
[0.612s] -- Up-to-date: /home/denis/diploma_ws/install/ssu/share/ament_index/resource_index/package_run_dependencies/ssu
[0.612s] -- Up-to-date: /home/denis/diploma_ws/install/ssu/share/ament_index/resource_index/parent_prefix_path/ssu
[0.613s] -- Up-to-date: /home/denis/diploma_ws/install/ssu/share/ssu/environment/ament_prefix_path.sh
[0.613s] -- Up-to-date: /home/denis/diploma_ws/install/ssu/share/ssu/environment/ament_prefix_path.dsv
[0.614s] -- Up-to-date: /home/denis/diploma_ws/install/ssu/share/ssu/environment/path.sh
[0.614s] -- Up-to-date: /home/denis/diploma_ws/install/ssu/share/ssu/environment/path.dsv
[0.614s] -- Up-to-date: /home/denis/diploma_ws/install/ssu/share/ssu/local_setup.bash
[0.614s] -- Up-to-date: /home/denis/diploma_ws/install/ssu/share/ssu/local_setup.sh
[0.614s] -- Up-to-date: /home/denis/diploma_ws/install/ssu/share/ssu/local_setup.zsh
[0.615s] -- Up-to-date: /home/denis/diploma_ws/install/ssu/share/ssu/local_setup.dsv
[0.615s] -- Installing: /home/denis/diploma_ws/install/ssu/share/ssu/package.dsv
[0.615s] -- Up-to-date: /home/denis/diploma_ws/install/ssu/share/ament_index/resource_index/packages/ssu
[0.617s] -- Up-to-date: /home/denis/diploma_ws/install/ssu/share/ssu/cmake/ssuConfig.cmake
[0.619s] -- Up-to-date: /home/denis/diploma_ws/install/ssu/share/ssu/cmake/ssuConfig-version.cmake
[0.619s] -- Up-to-date: /home/denis/diploma_ws/install/ssu/share/ssu/package.xml
[0.644s] Invoked command in '/home/denis/diploma_ws/build/ssu' returned '0': CMAKE_PREFIX_PATH=/opt/ros/humble /usr/bin/cmake --install /home/denis/diploma_ws/build/ssu
