In file included from [01m[K/opt/ros/humble/include/rclcpp/rclcpp/logging.hpp:24[m[K,
                 from [01m[K/opt/ros/humble/include/rclcpp/rclcpp/client.hpp:40[m[K,
                 from [01m[K/opt/ros/humble/include/rclcpp/rclcpp/callback_group.hpp:24[m[K,
                 from [01m[K/opt/ros/humble/include/rclcpp/rclcpp/any_executable.hpp:20[m[K,
                 from [01m[K/opt/ros/humble/include/rclcpp/rclcpp/memory_strategy.hpp:25[m[K,
                 from [01m[K/opt/ros/humble/include/rclcpp/rclcpp/memory_strategies.hpp:18[m[K,
                 from [01m[K/opt/ros/humble/include/rclcpp/rclcpp/executor_options.hpp:20[m[K,
                 from [01m[K/opt/ros/humble/include/rclcpp/rclcpp/executor.hpp:37[m[K,
                 from [01m[K/opt/ros/humble/include/rclcpp/rclcpp/executors/multi_threaded_executor.hpp:25[m[K,
                 from [01m[K/opt/ros/humble/include/rclcpp/rclcpp/executors.hpp:21[m[K,
                 from [01m[K/opt/ros/humble/include/rclcpp/rclcpp/rclcpp.hpp:155[m[K,
                 from [01m[K/home/denis/diploma_ws/src/ssu/include/ssu/sensor_supervisitory_unit.hpp:3[m[K,
                 from [01m[K/home/denis/diploma_ws/src/ssu/src/sensor_supervisitory_unit.cpp:1[m[K:
[01m[K/home/denis/diploma_ws/src/ssu/src/sensor_supervisitory_unit.cpp:[m[K In member function ‘[01m[Kvoid SensorSupervisitoryUnit::lidar_cb(sensor_msgs::msg::LaserScan_<std::allocator<void> >::SharedPtr)[m[K’:
[01m[K/home/denis/diploma_ws/src/ssu/src/sensor_supervisitory_unit.cpp:27:37:[m[K [01;35m[Kwarning: [m[Kformat ‘[01m[K%f[m[K’ expects argument of type ‘[01m[Kdouble[m[K’, but argument 5 has type ‘[01m[Kbuiltin_interfaces::msg::Time_<std::allocator<void> >::_sec_type[m[K’ {aka ‘[01m[Kint[m[K’} [[01;35m[K]8;;https://gcc.gnu.org/onlinedocs/gcc/Warning-Options.html#index-Wformat=-Wformat=]8;;[m[K]
   27 |     RCLCPP_INFO(this->get_logger(), [01;35m[K"msg.header.stamp at: %f"[m[K, [32m[Kmsg->header.stamp.sec[m[K);
      |                                     [01;35m[K^~~~~~~~~~~~~~~~~~~~~~~~~[m[K  [32m[K~~~~~~~~~~~~~~~~~~~~~[m[K
      |                                                                                  [32m[K|[m[K
      |                                                                                  [32m[Kbuiltin_interfaces::msg::Time_<std::allocator<void> >::_sec_type {aka int}[m[K
[01m[K/home/denis/diploma_ws/src/ssu/src/sensor_supervisitory_unit.cpp:27:60:[m[K [01;36m[Knote: [m[Kformat string is defined here
   27 |     RCLCPP_INFO(this->get_logger(), "msg.header.stamp at: [01;36m[K%f[m[K", msg->header.stamp.sec);
      |                                                           [01;36m[K~^[m[K
      |                                                            [01;36m[K|[m[K
      |                                                            [01;36m[Kdouble[m[K
      |                                                           [32m[K%d[m[K
[01m[K/home/denis/diploma_ws/src/ssu/src/sensor_supervisitory_unit.cpp:[m[K In member function ‘[01m[Kvoid SensorSupervisitoryUnit::lidar_check_service_cb(std_srvs::srv::SetBool_Request_<std::allocator<void> >::SharedPtr, std_srvs::srv::SetBool_Response_<std::allocator<void> >::SharedPtr)[m[K’:
[01m[K/home/denis/diploma_ws/src/ssu/src/sensor_supervisitory_unit.cpp:35:61:[m[K [01;35m[Kwarning: [m[Kunused parameter ‘[01m[Krequest[m[K’ [[01;35m[K]8;;https://gcc.gnu.org/onlinedocs/gcc/Warning-Options.html#index-Wunused-parameter-Wunused-parameter]8;;[m[K]
   35 |             [01;35m[Kconst std_srvs::srv::SetBool_Request::SharedPtr request[m[K,
      |             [01;35m[K~~~~~~~~~~~~~~~~~~~~~~~~~~~~~~~~~~~~~~~~~~~~~~~~^~~~~~~[m[K
