[0.666s] DEBUG:colcon:Command line arguments: ['/usr/bin/colcon', 'build', '--packages-select', 'bt']
[0.666s] DEBUG:colcon:Parsed command line arguments: Namespace(log_base=None, log_level=None, verb_name='build', build_base='build', install_base='install', merge_install=False, symlink_install=False, test_result_base=None, continue_on_error=False, executor='parallel', parallel_workers=4, event_handlers=None, ignore_user_meta=False, metas=['./colcon.meta'], base_paths=['.'], packages_ignore=None, packages_ignore_regex=None, paths=None, packages_up_to=None, packages_up_to_regex=None, packages_above=None, packages_above_and_dependencies=None, packages_above_depth=None, packages_select_by_dep=None, packages_skip_by_dep=None, packages_skip_up_to=None, packages_select_build_failed=False, packages_skip_build_finished=False, packages_select_test_failures=False, packages_skip_test_passed=False, packages_select=['bt'], packages_skip=None, packages_select_regex=None, packages_skip_regex=None, packages_start=None, packages_end=None, allow_overriding=[], cmake_args=None, cmake_target=None, cmake_target_skip_unavailable=False, cmake_clean_cache=False, cmake_clean_first=False, cmake_force_configure=False, ament_cmake_args=None, catkin_cmake_args=None, catkin_skip_building_tests=False, verb_parser=<colcon_defaults.argument_parser.defaults.DefaultArgumentsDecorator object at 0x75dd81d38d30>, verb_extension=<colcon_core.verb.build.BuildVerb object at 0x75dd81d387f0>, main=<bound method BuildVerb.main of <colcon_core.verb.build.BuildVerb object at 0x75dd81d387f0>>)
[1.902s] Level 1:colcon.colcon_core.package_discovery:discover_packages(colcon_meta) check parameters
[1.902s] Level 1:colcon.colcon_core.package_discovery:discover_packages(recursive) check parameters
[1.903s] Level 1:colcon.colcon_core.package_discovery:discover_packages(ignore) check parameters
[1.903s] Level 1:colcon.colcon_core.package_discovery:discover_packages(path) check parameters
[1.903s] Level 1:colcon.colcon_core.package_discovery:discover_packages(colcon_meta) discover
[1.903s] Level 1:colcon.colcon_core.package_discovery:discover_packages(recursive) discover
[1.903s] INFO:colcon.colcon_core.package_discovery:Crawling recursively for packages in '/home/denis/diploma_ws'
[1.904s] Level 1:colcon.colcon_core.package_identification:_identify(.) by extensions ['ignore', 'ignore_ament_install']
[1.904s] Level 1:colcon.colcon_core.package_identification:_identify(.) by extension 'ignore'
[1.904s] Level 1:colcon.colcon_core.package_identification:_identify(.) by extension 'ignore_ament_install'
[1.905s] Level 1:colcon.colcon_core.package_identification:_identify(.) by extensions ['colcon_pkg']
[1.905s] Level 1:colcon.colcon_core.package_identification:_identify(.) by extension 'colcon_pkg'
[1.905s] Level 1:colcon.colcon_core.package_identification:_identify(.) by extensions ['colcon_meta']
[1.905s] Level 1:colcon.colcon_core.package_identification:_identify(.) by extension 'colcon_meta'
[1.905s] Level 1:colcon.colcon_core.package_identification:_identify(.) by extensions ['ros']
[1.905s] Level 1:colcon.colcon_core.package_identification:_identify(.) by extension 'ros'
[1.953s] Level 1:colcon.colcon_core.package_identification:_identify(.) by extensions ['cmake', 'python']
[1.954s] Level 1:colcon.colcon_core.package_identification:_identify(.) by extension 'cmake'
[1.954s] Level 1:colcon.colcon_core.package_identification:_identify(.) by extension 'python'
[1.954s] Level 1:colcon.colcon_core.package_identification:_identify(.) by extensions ['python_setup_py']
[1.954s] Level 1:colcon.colcon_core.package_identification:_identify(.) by extension 'python_setup_py'
[1.955s] Level 1:colcon.colcon_core.package_identification:_identify(build) by extensions ['ignore', 'ignore_ament_install']
[1.957s] Level 1:colcon.colcon_core.package_identification:_identify(build) by extension 'ignore'
[1.957s] Level 1:colcon.colcon_core.package_identification:_identify(build) ignored
[1.958s] Level 1:colcon.colcon_core.package_identification:_identify(install) by extensions ['ignore', 'ignore_ament_install']
[1.963s] Level 1:colcon.colcon_core.package_identification:_identify(install) by extension 'ignore'
[1.964s] Level 1:colcon.colcon_core.package_identification:_identify(install) ignored
[1.965s] Level 1:colcon.colcon_core.package_identification:_identify(log) by extensions ['ignore', 'ignore_ament_install']
[1.967s] Level 1:colcon.colcon_core.package_identification:_identify(log) by extension 'ignore'
[1.968s] Level 1:colcon.colcon_core.package_identification:_identify(log) ignored
[1.969s] Level 1:colcon.colcon_core.package_identification:_identify(src) by extensions ['ignore', 'ignore_ament_install']
[1.970s] Level 1:colcon.colcon_core.package_identification:_identify(src) by extension 'ignore'
[1.970s] Level 1:colcon.colcon_core.package_identification:_identify(src) by extension 'ignore_ament_install'
[1.971s] Level 1:colcon.colcon_core.package_identification:_identify(src) by extensions ['colcon_pkg']
[1.971s] Level 1:colcon.colcon_core.package_identification:_identify(src) by extension 'colcon_pkg'
[1.972s] Level 1:colcon.colcon_core.package_identification:_identify(src) by extensions ['colcon_meta']
[1.972s] Level 1:colcon.colcon_core.package_identification:_identify(src) by extension 'colcon_meta'
[1.972s] Level 1:colcon.colcon_core.package_identification:_identify(src) by extensions ['ros']
[1.973s] Level 1:colcon.colcon_core.package_identification:_identify(src) by extension 'ros'
[1.973s] Level 1:colcon.colcon_core.package_identification:_identify(src) by extensions ['cmake', 'python']
[1.973s] Level 1:colcon.colcon_core.package_identification:_identify(src) by extension 'cmake'
[1.974s] Level 1:colcon.colcon_core.package_identification:_identify(src) by extension 'python'
[1.974s] Level 1:colcon.colcon_core.package_identification:_identify(src) by extensions ['python_setup_py']
[1.974s] Level 1:colcon.colcon_core.package_identification:_identify(src) by extension 'python_setup_py'
[1.975s] Level 1:colcon.colcon_core.package_identification:_identify(src/BehaviorTree.CPP-3.8) by extensions ['ignore', 'ignore_ament_install']
[1.975s] Level 1:colcon.colcon_core.package_identification:_identify(src/BehaviorTree.CPP-3.8) by extension 'ignore'
[1.975s] Level 1:colcon.colcon_core.package_identification:_identify(src/BehaviorTree.CPP-3.8) by extension 'ignore_ament_install'
[1.975s] Level 1:colcon.colcon_core.package_identification:_identify(src/BehaviorTree.CPP-3.8) by extensions ['colcon_pkg']
[1.976s] Level 1:colcon.colcon_core.package_identification:_identify(src/BehaviorTree.CPP-3.8) by extension 'colcon_pkg'
[1.976s] Level 1:colcon.colcon_core.package_identification:_identify(src/BehaviorTree.CPP-3.8) by extensions ['colcon_meta']
[1.976s] Level 1:colcon.colcon_core.package_identification:_identify(src/BehaviorTree.CPP-3.8) by extension 'colcon_meta'
[1.976s] Level 1:colcon.colcon_core.package_identification:_identify(src/BehaviorTree.CPP-3.8) by extensions ['ros']
[1.976s] Level 1:colcon.colcon_core.package_identification:_identify(src/BehaviorTree.CPP-3.8) by extension 'ros'
[2.012s] DEBUG:colcon.colcon_core.package_identification:Package 'src/BehaviorTree.CPP-3.8' with type 'ros.ament_cmake' and name 'behaviortree_cpp_v3'
[2.013s] Level 1:colcon.colcon_core.package_identification:_identify(src/Groot) by extensions ['ignore', 'ignore_ament_install']
[2.014s] Level 1:colcon.colcon_core.package_identification:_identify(src/Groot) by extension 'ignore'
[2.014s] Level 1:colcon.colcon_core.package_identification:_identify(src/Groot) by extension 'ignore_ament_install'
[2.015s] Level 1:colcon.colcon_core.package_identification:_identify(src/Groot) by extensions ['colcon_pkg']
[2.015s] Level 1:colcon.colcon_core.package_identification:_identify(src/Groot) by extension 'colcon_pkg'
[2.015s] Level 1:colcon.colcon_core.package_identification:_identify(src/Groot) by extensions ['colcon_meta']
[2.015s] Level 1:colcon.colcon_core.package_identification:_identify(src/Groot) by extension 'colcon_meta'
[2.015s] Level 1:colcon.colcon_core.package_identification:_identify(src/Groot) by extensions ['ros']
[2.015s] Level 1:colcon.colcon_core.package_identification:_identify(src/Groot) by extension 'ros'
[2.028s] DEBUG:colcon.colcon_core.package_identification:Package 'src/Groot' with type 'ros.ament_cmake' and name 'groot'
[2.028s] Level 1:colcon.colcon_core.package_identification:_identify(src/bt) by extensions ['ignore', 'ignore_ament_install']
[2.028s] Level 1:colcon.colcon_core.package_identification:_identify(src/bt) by extension 'ignore'
[2.029s] Level 1:colcon.colcon_core.package_identification:_identify(src/bt) by extension 'ignore_ament_install'
[2.029s] Level 1:colcon.colcon_core.package_identification:_identify(src/bt) by extensions ['colcon_pkg']
[2.029s] Level 1:colcon.colcon_core.package_identification:_identify(src/bt) by extension 'colcon_pkg'
[2.029s] Level 1:colcon.colcon_core.package_identification:_identify(src/bt) by extensions ['colcon_meta']
[2.029s] Level 1:colcon.colcon_core.package_identification:_identify(src/bt) by extension 'colcon_meta'
[2.036s] Level 1:colcon.colcon_core.package_identification:_identify(src/bt) by extensions ['ros']
[2.036s] Level 1:colcon.colcon_core.package_identification:_identify(src/bt) by extension 'ros'
[2.039s] DEBUG:colcon.colcon_core.package_identification:Package 'src/bt' with type 'ros.ament_cmake' and name 'bt'
[2.040s] Level 1:colcon.colcon_core.package_identification:_identify(src/build) by extensions ['ignore', 'ignore_ament_install']
[2.040s] Level 1:colcon.colcon_core.package_identification:_identify(src/build) by extension 'ignore'
[2.040s] Level 1:colcon.colcon_core.package_identification:_identify(src/build) ignored
[2.041s] Level 1:colcon.colcon_core.package_identification:_identify(src/csu) by extensions ['ignore', 'ignore_ament_install']
[2.041s] Level 1:colcon.colcon_core.package_identification:_identify(src/csu) by extension 'ignore'
[2.041s] Level 1:colcon.colcon_core.package_identification:_identify(src/csu) by extension 'ignore_ament_install'
[2.042s] Level 1:colcon.colcon_core.package_identification:_identify(src/csu) by extensions ['colcon_pkg']
[2.042s] Level 1:colcon.colcon_core.package_identification:_identify(src/csu) by extension 'colcon_pkg'
[2.042s] Level 1:colcon.colcon_core.package_identification:_identify(src/csu) by extensions ['colcon_meta']
[2.042s] Level 1:colcon.colcon_core.package_identification:_identify(src/csu) by extension 'colcon_meta'
[2.043s] Level 1:colcon.colcon_core.package_identification:_identify(src/csu) by extensions ['ros']
[2.043s] Level 1:colcon.colcon_core.package_identification:_identify(src/csu) by extension 'ros'
[2.046s] DEBUG:colcon.colcon_core.package_identification:Package 'src/csu' with type 'ros.ament_cmake' and name 'csu'
[2.046s] Level 1:colcon.colcon_core.package_identification:_identify(src/dms_interfaces) by extensions ['ignore', 'ignore_ament_install']
[2.047s] Level 1:colcon.colcon_core.package_identification:_identify(src/dms_interfaces) by extension 'ignore'
[2.047s] Level 1:colcon.colcon_core.package_identification:_identify(src/dms_interfaces) by extension 'ignore_ament_install'
[2.047s] Level 1:colcon.colcon_core.package_identification:_identify(src/dms_interfaces) by extensions ['colcon_pkg']
[2.048s] Level 1:colcon.colcon_core.package_identification:_identify(src/dms_interfaces) by extension 'colcon_pkg'
[2.048s] Level 1:colcon.colcon_core.package_identification:_identify(src/dms_interfaces) by extensions ['colcon_meta']
[2.048s] Level 1:colcon.colcon_core.package_identification:_identify(src/dms_interfaces) by extension 'colcon_meta'
[2.048s] Level 1:colcon.colcon_core.package_identification:_identify(src/dms_interfaces) by extensions ['ros']
[2.049s] Level 1:colcon.colcon_core.package_identification:_identify(src/dms_interfaces) by extension 'ros'
[2.050s] DEBUG:colcon.colcon_core.package_identification:Package 'src/dms_interfaces' with type 'ros.ament_cmake' and name 'dms_interfaces'
[2.051s] Level 1:colcon.colcon_core.package_identification:_identify(src/fsu) by extensions ['ignore', 'ignore_ament_install']
[2.051s] Level 1:colcon.colcon_core.package_identification:_identify(src/fsu) by extension 'ignore'
[2.051s] Level 1:colcon.colcon_core.package_identification:_identify(src/fsu) by extension 'ignore_ament_install'
[2.052s] Level 1:colcon.colcon_core.package_identification:_identify(src/fsu) by extensions ['colcon_pkg']
[2.052s] Level 1:colcon.colcon_core.package_identification:_identify(src/fsu) by extension 'colcon_pkg'
[2.052s] Level 1:colcon.colcon_core.package_identification:_identify(src/fsu) by extensions ['colcon_meta']
[2.052s] Level 1:colcon.colcon_core.package_identification:_identify(src/fsu) by extension 'colcon_meta'
[2.052s] Level 1:colcon.colcon_core.package_identification:_identify(src/fsu) by extensions ['ros']
[2.052s] Level 1:colcon.colcon_core.package_identification:_identify(src/fsu) by extension 'ros'
[2.055s] DEBUG:colcon.colcon_core.package_identification:Package 'src/fsu' with type 'ros.ament_cmake' and name 'fsu'
[2.056s] Level 1:colcon.colcon_core.package_identification:_identify(src/install) by extensions ['ignore', 'ignore_ament_install']
[2.057s] Level 1:colcon.colcon_core.package_identification:_identify(src/install) by extension 'ignore'
[2.057s] Level 1:colcon.colcon_core.package_identification:_identify(src/install) ignored
[2.057s] Level 1:colcon.colcon_core.package_identification:_identify(src/log) by extensions ['ignore', 'ignore_ament_install']
[2.058s] Level 1:colcon.colcon_core.package_identification:_identify(src/log) by extension 'ignore'
[2.058s] Level 1:colcon.colcon_core.package_identification:_identify(src/log) ignored
[2.058s] Level 1:colcon.colcon_core.package_identification:_identify(src/nav2_bringup) by extensions ['ignore', 'ignore_ament_install']
[2.058s] Level 1:colcon.colcon_core.package_identification:_identify(src/nav2_bringup) by extension 'ignore'
[2.058s] Level 1:colcon.colcon_core.package_identification:_identify(src/nav2_bringup) by extension 'ignore_ament_install'
[2.059s] Level 1:colcon.colcon_core.package_identification:_identify(src/nav2_bringup) by extensions ['colcon_pkg']
[2.059s] Level 1:colcon.colcon_core.package_identification:_identify(src/nav2_bringup) by extension 'colcon_pkg'
[2.059s] Level 1:colcon.colcon_core.package_identification:_identify(src/nav2_bringup) by extensions ['colcon_meta']
[2.059s] Level 1:colcon.colcon_core.package_identification:_identify(src/nav2_bringup) by extension 'colcon_meta'
[2.059s] Level 1:colcon.colcon_core.package_identification:_identify(src/nav2_bringup) by extensions ['ros']
[2.059s] Level 1:colcon.colcon_core.package_identification:_identify(src/nav2_bringup) by extension 'ros'
[2.092s] DEBUG:colcon.colcon_core.package_identification:Package 'src/nav2_bringup' with type 'ros.ament_cmake' and name 'nav2_bringup'
[2.092s] Level 1:colcon.colcon_core.package_identification:_identify(src/ssu) by extensions ['ignore', 'ignore_ament_install']
[2.093s] Level 1:colcon.colcon_core.package_identification:_identify(src/ssu) by extension 'ignore'
[2.093s] Level 1:colcon.colcon_core.package_identification:_identify(src/ssu) by extension 'ignore_ament_install'
[2.093s] Level 1:colcon.colcon_core.package_identification:_identify(src/ssu) by extensions ['colcon_pkg']
[2.093s] Level 1:colcon.colcon_core.package_identification:_identify(src/ssu) by extension 'colcon_pkg'
[2.093s] Level 1:colcon.colcon_core.package_identification:_identify(src/ssu) by extensions ['colcon_meta']
[2.093s] Level 1:colcon.colcon_core.package_identification:_identify(src/ssu) by extension 'colcon_meta'
[2.093s] Level 1:colcon.colcon_core.package_identification:_identify(src/ssu) by extensions ['ros']
[2.093s] Level 1:colcon.colcon_core.package_identification:_identify(src/ssu) by extension 'ros'
[2.096s] DEBUG:colcon.colcon_core.package_identification:Package 'src/ssu' with type 'ros.ament_cmake' and name 'ssu'
[2.097s] Level 1:colcon.colcon_core.package_identification:_identify(src/turtlebot3_navigation2) by extensions ['ignore', 'ignore_ament_install']
[2.097s] Level 1:colcon.colcon_core.package_identification:_identify(src/turtlebot3_navigation2) by extension 'ignore'
[2.098s] Level 1:colcon.colcon_core.package_identification:_identify(src/turtlebot3_navigation2) by extension 'ignore_ament_install'
[2.098s] Level 1:colcon.colcon_core.package_identification:_identify(src/turtlebot3_navigation2) by extensions ['colcon_pkg']
[2.098s] Level 1:colcon.colcon_core.package_identification:_identify(src/turtlebot3_navigation2) by extension 'colcon_pkg'
[2.099s] Level 1:colcon.colcon_core.package_identification:_identify(src/turtlebot3_navigation2) by extensions ['colcon_meta']
[2.099s] Level 1:colcon.colcon_core.package_identification:_identify(src/turtlebot3_navigation2) by extension 'colcon_meta'
[2.099s] Level 1:colcon.colcon_core.package_identification:_identify(src/turtlebot3_navigation2) by extensions ['ros']
[2.100s] Level 1:colcon.colcon_core.package_identification:_identify(src/turtlebot3_navigation2) by extension 'ros'
[2.103s] DEBUG:colcon.colcon_core.package_identification:Package 'src/turtlebot3_navigation2' with type 'ros.ament_cmake' and name 'turtlebot3_navigation2'
[2.103s] Level 1:colcon.colcon_core.package_identification:_identify(src/turtlebot3_simulations) by extensions ['ignore', 'ignore_ament_install']
[2.104s] Level 1:colcon.colcon_core.package_identification:_identify(src/turtlebot3_simulations) by extension 'ignore'
[2.104s] Level 1:colcon.colcon_core.package_identification:_identify(src/turtlebot3_simulations) by extension 'ignore_ament_install'
[2.105s] Level 1:colcon.colcon_core.package_identification:_identify(src/turtlebot3_simulations) by extensions ['colcon_pkg']
[2.105s] Level 1:colcon.colcon_core.package_identification:_identify(src/turtlebot3_simulations) by extension 'colcon_pkg'
[2.105s] Level 1:colcon.colcon_core.package_identification:_identify(src/turtlebot3_simulations) by extensions ['colcon_meta']
[2.106s] Level 1:colcon.colcon_core.package_identification:_identify(src/turtlebot3_simulations) by extension 'colcon_meta'
[2.106s] Level 1:colcon.colcon_core.package_identification:_identify(src/turtlebot3_simulations) by extensions ['ros']
[2.106s] Level 1:colcon.colcon_core.package_identification:_identify(src/turtlebot3_simulations) by extension 'ros'
[2.107s] Level 1:colcon.colcon_core.package_identification:_identify(src/turtlebot3_simulations) by extensions ['cmake', 'python']
[2.107s] Level 1:colcon.colcon_core.package_identification:_identify(src/turtlebot3_simulations) by extension 'cmake'
[2.107s] Level 1:colcon.colcon_core.package_identification:_identify(src/turtlebot3_simulations) by extension 'python'
[2.108s] Level 1:colcon.colcon_core.package_identification:_identify(src/turtlebot3_simulations) by extensions ['python_setup_py']
[2.108s] Level 1:colcon.colcon_core.package_identification:_identify(src/turtlebot3_simulations) by extension 'python_setup_py'
[2.109s] Level 1:colcon.colcon_core.package_identification:_identify(src/turtlebot3_simulations/turtlebot3_fake_node) by extensions ['ignore', 'ignore_ament_install']
[2.109s] Level 1:colcon.colcon_core.package_identification:_identify(src/turtlebot3_simulations/turtlebot3_fake_node) by extension 'ignore'
[2.109s] Level 1:colcon.colcon_core.package_identification:_identify(src/turtlebot3_simulations/turtlebot3_fake_node) by extension 'ignore_ament_install'
[2.109s] Level 1:colcon.colcon_core.package_identification:_identify(src/turtlebot3_simulations/turtlebot3_fake_node) by extensions ['colcon_pkg']
[2.110s] Level 1:colcon.colcon_core.package_identification:_identify(src/turtlebot3_simulations/turtlebot3_fake_node) by extension 'colcon_pkg'
[2.110s] Level 1:colcon.colcon_core.package_identification:_identify(src/turtlebot3_simulations/turtlebot3_fake_node) by extensions ['colcon_meta']
[2.110s] Level 1:colcon.colcon_core.package_identification:_identify(src/turtlebot3_simulations/turtlebot3_fake_node) by extension 'colcon_meta'
[2.110s] Level 1:colcon.colcon_core.package_identification:_identify(src/turtlebot3_simulations/turtlebot3_fake_node) by extensions ['ros']
[2.111s] Level 1:colcon.colcon_core.package_identification:_identify(src/turtlebot3_simulations/turtlebot3_fake_node) by extension 'ros'
[2.116s] DEBUG:colcon.colcon_core.package_identification:Package 'src/turtlebot3_simulations/turtlebot3_fake_node' with type 'ros.ament_cmake' and name 'turtlebot3_fake_node'
[2.116s] Level 1:colcon.colcon_core.package_identification:_identify(src/turtlebot3_simulations/turtlebot3_gazebo) by extensions ['ignore', 'ignore_ament_install']
[2.117s] Level 1:colcon.colcon_core.package_identification:_identify(src/turtlebot3_simulations/turtlebot3_gazebo) by extension 'ignore'
[2.118s] Level 1:colcon.colcon_core.package_identification:_identify(src/turtlebot3_simulations/turtlebot3_gazebo) by extension 'ignore_ament_install'
[2.119s] Level 1:colcon.colcon_core.package_identification:_identify(src/turtlebot3_simulations/turtlebot3_gazebo) by extensions ['colcon_pkg']
[2.120s] Level 1:colcon.colcon_core.package_identification:_identify(src/turtlebot3_simulations/turtlebot3_gazebo) by extension 'colcon_pkg'
[2.121s] Level 1:colcon.colcon_core.package_identification:_identify(src/turtlebot3_simulations/turtlebot3_gazebo) by extensions ['colcon_meta']
[2.121s] Level 1:colcon.colcon_core.package_identification:_identify(src/turtlebot3_simulations/turtlebot3_gazebo) by extension 'colcon_meta'
[2.121s] Level 1:colcon.colcon_core.package_identification:_identify(src/turtlebot3_simulations/turtlebot3_gazebo) by extensions ['ros']
[2.121s] Level 1:colcon.colcon_core.package_identification:_identify(src/turtlebot3_simulations/turtlebot3_gazebo) by extension 'ros'
[2.125s] DEBUG:colcon.colcon_core.package_identification:Package 'src/turtlebot3_simulations/turtlebot3_gazebo' with type 'ros.ament_cmake' and name 'turtlebot3_gazebo'
[2.126s] Level 1:colcon.colcon_core.package_identification:_identify(src/turtlebot3_simulations/turtlebot3_simulations) by extensions ['ignore', 'ignore_ament_install']
[2.126s] Level 1:colcon.colcon_core.package_identification:_identify(src/turtlebot3_simulations/turtlebot3_simulations) by extension 'ignore'
[2.126s] Level 1:colcon.colcon_core.package_identification:_identify(src/turtlebot3_simulations/turtlebot3_simulations) by extension 'ignore_ament_install'
[2.126s] Level 1:colcon.colcon_core.package_identification:_identify(src/turtlebot3_simulations/turtlebot3_simulations) by extensions ['colcon_pkg']
[2.127s] Level 1:colcon.colcon_core.package_identification:_identify(src/turtlebot3_simulations/turtlebot3_simulations) by extension 'colcon_pkg'
[2.127s] Level 1:colcon.colcon_core.package_identification:_identify(src/turtlebot3_simulations/turtlebot3_simulations) by extensions ['colcon_meta']
[2.127s] Level 1:colcon.colcon_core.package_identification:_identify(src/turtlebot3_simulations/turtlebot3_simulations) by extension 'colcon_meta'
[2.127s] Level 1:colcon.colcon_core.package_identification:_identify(src/turtlebot3_simulations/turtlebot3_simulations) by extensions ['ros']
[2.127s] Level 1:colcon.colcon_core.package_identification:_identify(src/turtlebot3_simulations/turtlebot3_simulations) by extension 'ros'
[2.129s] DEBUG:colcon.colcon_core.package_identification:Package 'src/turtlebot3_simulations/turtlebot3_simulations' with type 'ros.ament_cmake' and name 'turtlebot3_simulations'
[2.129s] Level 1:colcon.colcon_core.package_discovery:discover_packages(recursive) using defaults
[2.129s] Level 1:colcon.colcon_core.package_discovery:discover_packages(ignore) discover
[2.129s] Level 1:colcon.colcon_core.package_discovery:discover_packages(ignore) using defaults
[2.130s] Level 1:colcon.colcon_core.package_discovery:discover_packages(path) discover
[2.130s] Level 1:colcon.colcon_core.package_discovery:discover_packages(path) using defaults
[2.216s] INFO:colcon.colcon_core.package_selection:Skipping not selected package 'behaviortree_cpp_v3' in 'src/BehaviorTree.CPP-3.8'
[2.216s] INFO:colcon.colcon_core.package_selection:Skipping not selected package 'dms_interfaces' in 'src/dms_interfaces'
[2.216s] INFO:colcon.colcon_core.package_selection:Skipping not selected package 'fsu' in 'src/fsu'
[2.217s] INFO:colcon.colcon_core.package_selection:Skipping not selected package 'nav2_bringup' in 'src/nav2_bringup'
[2.217s] INFO:colcon.colcon_core.package_selection:Skipping not selected package 'ssu' in 'src/ssu'
[2.217s] INFO:colcon.colcon_core.package_selection:Skipping not selected package 'turtlebot3_fake_node' in 'src/turtlebot3_simulations/turtlebot3_fake_node'
[2.217s] INFO:colcon.colcon_core.package_selection:Skipping not selected package 'turtlebot3_gazebo' in 'src/turtlebot3_simulations/turtlebot3_gazebo'
[2.217s] INFO:colcon.colcon_core.package_selection:Skipping not selected package 'csu' in 'src/csu'
[2.217s] INFO:colcon.colcon_core.package_selection:Skipping not selected package 'groot' in 'src/Groot'
[2.217s] INFO:colcon.colcon_core.package_selection:Skipping not selected package 'turtlebot3_navigation2' in 'src/turtlebot3_navigation2'
[2.217s] INFO:colcon.colcon_core.package_selection:Skipping not selected package 'turtlebot3_simulations' in 'src/turtlebot3_simulations/turtlebot3_simulations'
[2.218s] Level 1:colcon.colcon_core.package_discovery:discover_packages(prefix_path) check parameters
[2.219s] Level 1:colcon.colcon_core.package_discovery:discover_packages(prefix_path) discover
[2.233s] DEBUG:colcon.colcon_installed_package_information.package_discovery:Found 16 installed packages in /home/denis/diploma_ws/install
[2.238s] DEBUG:colcon.colcon_installed_package_information.package_discovery:Found 356 installed packages in /opt/ros/humble
[2.257s] Level 1:colcon.colcon_core.package_discovery:discover_packages(prefix_path) using defaults
[2.665s] Level 5:colcon.colcon_core.verb:set package 'bt' build argument 'cmake_args' from command line to 'None'
[2.665s] Level 5:colcon.colcon_core.verb:set package 'bt' build argument 'cmake_target' from command line to 'None'
[2.666s] Level 5:colcon.colcon_core.verb:set package 'bt' build argument 'cmake_target_skip_unavailable' from command line to 'False'
[2.666s] Level 5:colcon.colcon_core.verb:set package 'bt' build argument 'cmake_clean_cache' from command line to 'False'
[2.666s] Level 5:colcon.colcon_core.verb:set package 'bt' build argument 'cmake_clean_first' from command line to 'False'
[2.666s] Level 5:colcon.colcon_core.verb:set package 'bt' build argument 'cmake_force_configure' from command line to 'False'
[2.666s] Level 5:colcon.colcon_core.verb:set package 'bt' build argument 'ament_cmake_args' from command line to 'None'
[2.666s] Level 5:colcon.colcon_core.verb:set package 'bt' build argument 'catkin_cmake_args' from command line to 'None'
[2.666s] Level 5:colcon.colcon_core.verb:set package 'bt' build argument 'catkin_skip_building_tests' from command line to 'False'
[2.666s] DEBUG:colcon.colcon_core.verb:Building package 'bt' with the following arguments: {'ament_cmake_args': None, 'build_base': '/home/denis/diploma_ws/build/bt', 'catkin_cmake_args': None, 'catkin_skip_building_tests': False, 'cmake_args': None, 'cmake_clean_cache': False, 'cmake_clean_first': False, 'cmake_force_configure': False, 'cmake_target': None, 'cmake_target_skip_unavailable': False, 'install_base': '/home/denis/diploma_ws/install/bt', 'merge_install': False, 'path': '/home/denis/diploma_ws/src/bt', 'symlink_install': False, 'test_result_base': None}
[2.667s] INFO:colcon.colcon_core.executor:Executing jobs using 'parallel' executor
[2.687s] DEBUG:colcon.colcon_parallel_executor.executor.parallel:run_until_complete
[2.688s] INFO:colcon.colcon_ros.task.ament_cmake.build:Building ROS package in '/home/denis/diploma_ws/src/bt' with build type 'ament_cmake'
[2.689s] INFO:colcon.colcon_cmake.task.cmake.build:Building CMake package in '/home/denis/diploma_ws/src/bt'
[2.706s] INFO:colcon.colcon_core.plugin_system:Skipping extension 'colcon_core.shell.bat': Not used on non-Windows systems
[2.708s] INFO:colcon.colcon_core.shell:Skip shell extension 'powershell' for command environment: Not usable outside of PowerShell
[2.710s] DEBUG:colcon.colcon_core.shell:Skip shell extension 'dsv' for command environment
[2.775s] DEBUG:colcon.colcon_core.event_handler.log_command:Invoking command in '/home/denis/diploma_ws/build/bt': CMAKE_PREFIX_PATH=/home/denis/diploma_ws/install/behaviortree_cpp_v3:/home/denis/diploma_ws/install/turtlebot3_simulations:/home/denis/diploma_ws/install/turtlebot3_navigation2:/home/denis/diploma_ws/install/nav2_bringup:/home/denis/diploma_ws/install/turtlebot3_gazebo:/home/denis/diploma_ws/install/turtlebot3_fake_node:/home/denis/diploma_ws/install/ssu:/home/denis/diploma_ws/install/groot:/home/denis/diploma_ws/install/fsu:/home/denis/diploma_ws/install/csu:/home/denis/diploma_ws/install/dms_interfaces:/home/denis/diploma_ws/install/btcpp_ros2_samples:/home/denis/diploma_ws/install/btcpp_ros2_interfaces:/home/denis/diploma_ws/install/bt:/home/denis/diploma_ws/install/behaviortree_ros2:/home/denis/diploma_ws/install/behaviortree_cpp:/opt/ros/humble LD_LIBRARY_PATH=/home/denis/diploma_ws/install/behaviortree_cpp_v3/lib:/home/denis/diploma_ws/install/groot/lib:/home/denis/diploma_ws/install/dms_interfaces/lib:/home/denis/diploma_ws/install/btcpp_ros2_interfaces/lib:/home/denis/diploma_ws/install/behaviortree_cpp/lib:/usr/lib/x86_64-linux-gnu/gazebo-11/plugins:/opt/ros/humble/opt/rviz_ogre_vendor/lib:/opt/ros/humble/lib/x86_64-linux-gnu:/opt/ros/humble/lib /usr/bin/cmake --build /home/denis/diploma_ws/build/bt -- -j4 -l4
[27.258s] DEBUG:colcon.colcon_core.event_handler.log_command:Invoked command in '/home/denis/diploma_ws/build/bt' returned '0': CMAKE_PREFIX_PATH=/home/denis/diploma_ws/install/behaviortree_cpp_v3:/home/denis/diploma_ws/install/turtlebot3_simulations:/home/denis/diploma_ws/install/turtlebot3_navigation2:/home/denis/diploma_ws/install/nav2_bringup:/home/denis/diploma_ws/install/turtlebot3_gazebo:/home/denis/diploma_ws/install/turtlebot3_fake_node:/home/denis/diploma_ws/install/ssu:/home/denis/diploma_ws/install/groot:/home/denis/diploma_ws/install/fsu:/home/denis/diploma_ws/install/csu:/home/denis/diploma_ws/install/dms_interfaces:/home/denis/diploma_ws/install/btcpp_ros2_samples:/home/denis/diploma_ws/install/btcpp_ros2_interfaces:/home/denis/diploma_ws/install/bt:/home/denis/diploma_ws/install/behaviortree_ros2:/home/denis/diploma_ws/install/behaviortree_cpp:/opt/ros/humble LD_LIBRARY_PATH=/home/denis/diploma_ws/install/behaviortree_cpp_v3/lib:/home/denis/diploma_ws/install/groot/lib:/home/denis/diploma_ws/install/dms_interfaces/lib:/home/denis/diploma_ws/install/btcpp_ros2_interfaces/lib:/home/denis/diploma_ws/install/behaviortree_cpp/lib:/usr/lib/x86_64-linux-gnu/gazebo-11/plugins:/opt/ros/humble/opt/rviz_ogre_vendor/lib:/opt/ros/humble/lib/x86_64-linux-gnu:/opt/ros/humble/lib /usr/bin/cmake --build /home/denis/diploma_ws/build/bt -- -j4 -l4
[27.459s] DEBUG:colcon.colcon_core.event_handler.log_command:Invoking command in '/home/denis/diploma_ws/build/bt': CMAKE_PREFIX_PATH=/home/denis/diploma_ws/install/behaviortree_cpp_v3:/home/denis/diploma_ws/install/turtlebot3_simulations:/home/denis/diploma_ws/install/turtlebot3_navigation2:/home/denis/diploma_ws/install/nav2_bringup:/home/denis/diploma_ws/install/turtlebot3_gazebo:/home/denis/diploma_ws/install/turtlebot3_fake_node:/home/denis/diploma_ws/install/ssu:/home/denis/diploma_ws/install/groot:/home/denis/diploma_ws/install/fsu:/home/denis/diploma_ws/install/csu:/home/denis/diploma_ws/install/dms_interfaces:/home/denis/diploma_ws/install/btcpp_ros2_samples:/home/denis/diploma_ws/install/btcpp_ros2_interfaces:/home/denis/diploma_ws/install/bt:/home/denis/diploma_ws/install/behaviortree_ros2:/home/denis/diploma_ws/install/behaviortree_cpp:/opt/ros/humble LD_LIBRARY_PATH=/home/denis/diploma_ws/install/behaviortree_cpp_v3/lib:/home/denis/diploma_ws/install/groot/lib:/home/denis/diploma_ws/install/dms_interfaces/lib:/home/denis/diploma_ws/install/btcpp_ros2_interfaces/lib:/home/denis/diploma_ws/install/behaviortree_cpp/lib:/usr/lib/x86_64-linux-gnu/gazebo-11/plugins:/opt/ros/humble/opt/rviz_ogre_vendor/lib:/opt/ros/humble/lib/x86_64-linux-gnu:/opt/ros/humble/lib /usr/bin/cmake --install /home/denis/diploma_ws/build/bt
[27.521s] Level 1:colcon.colcon_core.environment:create_environment_scripts_only(bt)
[27.546s] Level 1:colcon.colcon_core.environment:checking '/home/denis/diploma_ws/install/bt' for CMake module files
[27.553s] Level 1:colcon.colcon_core.environment:checking '/home/denis/diploma_ws/install/bt' for CMake config files
[27.554s] Level 1:colcon.colcon_core.shell:create_environment_hook('bt', 'cmake_prefix_path')
[27.555s] INFO:colcon.colcon_core.shell:Creating environment hook '/home/denis/diploma_ws/install/bt/share/bt/hook/cmake_prefix_path.ps1'
[27.558s] INFO:colcon.colcon_core.shell:Creating environment descriptor '/home/denis/diploma_ws/install/bt/share/bt/hook/cmake_prefix_path.dsv'
[27.568s] DEBUG:colcon.colcon_core.event_handler.log_command:Invoked command in '/home/denis/diploma_ws/build/bt' returned '0': CMAKE_PREFIX_PATH=/home/denis/diploma_ws/install/behaviortree_cpp_v3:/home/denis/diploma_ws/install/turtlebot3_simulations:/home/denis/diploma_ws/install/turtlebot3_navigation2:/home/denis/diploma_ws/install/nav2_bringup:/home/denis/diploma_ws/install/turtlebot3_gazebo:/home/denis/diploma_ws/install/turtlebot3_fake_node:/home/denis/diploma_ws/install/ssu:/home/denis/diploma_ws/install/groot:/home/denis/diploma_ws/install/fsu:/home/denis/diploma_ws/install/csu:/home/denis/diploma_ws/install/dms_interfaces:/home/denis/diploma_ws/install/btcpp_ros2_samples:/home/denis/diploma_ws/install/btcpp_ros2_interfaces:/home/denis/diploma_ws/install/bt:/home/denis/diploma_ws/install/behaviortree_ros2:/home/denis/diploma_ws/install/behaviortree_cpp:/opt/ros/humble LD_LIBRARY_PATH=/home/denis/diploma_ws/install/behaviortree_cpp_v3/lib:/home/denis/diploma_ws/install/groot/lib:/home/denis/diploma_ws/install/dms_interfaces/lib:/home/denis/diploma_ws/install/btcpp_ros2_interfaces/lib:/home/denis/diploma_ws/install/behaviortree_cpp/lib:/usr/lib/x86_64-linux-gnu/gazebo-11/plugins:/opt/ros/humble/opt/rviz_ogre_vendor/lib:/opt/ros/humble/lib/x86_64-linux-gnu:/opt/ros/humble/lib /usr/bin/cmake --install /home/denis/diploma_ws/build/bt
[27.568s] INFO:colcon.colcon_core.shell:Creating environment hook '/home/denis/diploma_ws/install/bt/share/bt/hook/cmake_prefix_path.sh'
[27.572s] Level 1:colcon.colcon_core.environment:checking '/home/denis/diploma_ws/install/bt/lib'
[27.576s] Level 1:colcon.colcon_core.environment:checking '/home/denis/diploma_ws/install/bt/bin'
[27.576s] Level 1:colcon.colcon_core.environment:checking '/home/denis/diploma_ws/install/bt/lib/pkgconfig/bt.pc'
[27.577s] Level 1:colcon.colcon_core.environment:checking '/home/denis/diploma_ws/install/bt/lib/python3.10/site-packages'
[27.578s] Level 1:colcon.colcon_core.environment:checking '/home/denis/diploma_ws/install/bt/bin'
[27.579s] INFO:colcon.colcon_core.shell:Creating package script '/home/denis/diploma_ws/install/bt/share/bt/package.ps1'
[27.582s] INFO:colcon.colcon_core.shell:Creating package descriptor '/home/denis/diploma_ws/install/bt/share/bt/package.dsv'
[27.583s] INFO:colcon.colcon_core.shell:Creating package script '/home/denis/diploma_ws/install/bt/share/bt/package.sh'
[27.585s] INFO:colcon.colcon_core.shell:Creating package script '/home/denis/diploma_ws/install/bt/share/bt/package.bash'
[27.587s] INFO:colcon.colcon_core.shell:Creating package script '/home/denis/diploma_ws/install/bt/share/bt/package.zsh'
[27.592s] Level 1:colcon.colcon_core.environment:create_file_with_runtime_dependencies(/home/denis/diploma_ws/install/bt/share/colcon-core/packages/bt)
[27.728s] Level 1:colcon.colcon_core.environment:create_environment_scripts_only(bt)
[27.730s] Level 1:colcon.colcon_core.environment:checking '/home/denis/diploma_ws/install/bt' for CMake module files
[27.732s] Level 1:colcon.colcon_core.environment:checking '/home/denis/diploma_ws/install/bt' for CMake config files
[27.732s] Level 1:colcon.colcon_core.shell:create_environment_hook('bt', 'cmake_prefix_path')
[27.733s] INFO:colcon.colcon_core.shell:Creating environment hook '/home/denis/diploma_ws/install/bt/share/bt/hook/cmake_prefix_path.ps1'
[27.734s] INFO:colcon.colcon_core.shell:Creating environment descriptor '/home/denis/diploma_ws/install/bt/share/bt/hook/cmake_prefix_path.dsv'
[27.736s] INFO:colcon.colcon_core.shell:Creating environment hook '/home/denis/diploma_ws/install/bt/share/bt/hook/cmake_prefix_path.sh'
[27.738s] Level 1:colcon.colcon_core.environment:checking '/home/denis/diploma_ws/install/bt/lib'
[27.738s] Level 1:colcon.colcon_core.environment:checking '/home/denis/diploma_ws/install/bt/bin'
[27.738s] Level 1:colcon.colcon_core.environment:checking '/home/denis/diploma_ws/install/bt/lib/pkgconfig/bt.pc'
[27.739s] Level 1:colcon.colcon_core.environment:checking '/home/denis/diploma_ws/install/bt/lib/python3.10/site-packages'
[27.739s] Level 1:colcon.colcon_core.environment:checking '/home/denis/diploma_ws/install/bt/bin'
[27.741s] INFO:colcon.colcon_core.shell:Creating package script '/home/denis/diploma_ws/install/bt/share/bt/package.ps1'
[27.743s] INFO:colcon.colcon_core.shell:Creating package descriptor '/home/denis/diploma_ws/install/bt/share/bt/package.dsv'
[27.744s] INFO:colcon.colcon_core.shell:Creating package script '/home/denis/diploma_ws/install/bt/share/bt/package.sh'
[27.745s] INFO:colcon.colcon_core.shell:Creating package script '/home/denis/diploma_ws/install/bt/share/bt/package.bash'
[27.746s] INFO:colcon.colcon_core.shell:Creating package script '/home/denis/diploma_ws/install/bt/share/bt/package.zsh'
[27.752s] Level 1:colcon.colcon_core.environment:create_file_with_runtime_dependencies(/home/denis/diploma_ws/install/bt/share/colcon-core/packages/bt)
[27.754s] DEBUG:colcon.colcon_parallel_executor.executor.parallel:closing loop
[27.754s] DEBUG:colcon.colcon_parallel_executor.executor.parallel:loop closed
[27.755s] DEBUG:colcon.colcon_parallel_executor.executor.parallel:run_until_complete finished with '0'
[27.755s] DEBUG:colcon.colcon_core.event_reactor:joining thread
[27.785s] INFO:colcon.colcon_core.plugin_system:Skipping extension 'colcon_notification.desktop_notification.terminal_notifier': Not used on non-Darwin systems
[27.786s] INFO:colcon.colcon_core.plugin_system:Skipping extension 'colcon_notification.desktop_notification.win32': Not used on non-Windows systems
[27.786s] INFO:colcon.colcon_notification.desktop_notification:Sending desktop notification using 'notify2'
[27.833s] DEBUG:colcon.colcon_core.event_reactor:joined thread
[27.835s] INFO:colcon.colcon_core.shell:Creating prefix script '/home/denis/diploma_ws/install/local_setup.ps1'
[27.837s] INFO:colcon.colcon_core.shell:Creating prefix util module '/home/denis/diploma_ws/install/_local_setup_util_ps1.py'
[27.843s] INFO:colcon.colcon_core.shell:Creating prefix chain script '/home/denis/diploma_ws/install/setup.ps1'
[27.850s] INFO:colcon.colcon_core.shell:Creating prefix script '/home/denis/diploma_ws/install/local_setup.sh'
[27.852s] INFO:colcon.colcon_core.shell:Creating prefix util module '/home/denis/diploma_ws/install/_local_setup_util_sh.py'
[27.853s] INFO:colcon.colcon_core.shell:Creating prefix chain script '/home/denis/diploma_ws/install/setup.sh'
[27.860s] INFO:colcon.colcon_core.shell:Creating prefix script '/home/denis/diploma_ws/install/local_setup.bash'
[27.862s] INFO:colcon.colcon_core.shell:Creating prefix chain script '/home/denis/diploma_ws/install/setup.bash'
[27.867s] INFO:colcon.colcon_core.shell:Creating prefix script '/home/denis/diploma_ws/install/local_setup.zsh'
[27.869s] INFO:colcon.colcon_core.shell:Creating prefix chain script '/home/denis/diploma_ws/install/setup.zsh'
