[0.040s] Invoking command in '/home/denis/diploma_ws/build/fsu': CMAKE_PREFIX_PATH=/opt/ros/humble /usr/bin/cmake --build /home/denis/diploma_ws/build/fsu -- -j4 -l4
[0.116s] -- Found ament_cmake: 1.3.8 (/opt/ros/humble/share/ament_cmake/cmake)
[0.480s] -- Found rclcpp: 16.0.8 (/opt/ros/humble/share/rclcpp/cmake)
[0.577s] -- Found rosidl_generator_c: 3.1.5 (/opt/ros/humble/share/rosidl_generator_c/cmake)
[0.587s] -- Found rosidl_adapter: 3.1.5 (/opt/ros/humble/share/rosidl_adapter/cmake)
[0.608s] -- Found rosidl_generator_cpp: 3.1.5 (/opt/ros/humble/share/rosidl_generator_cpp/cmake)
[0.651s] -- Using all available rosidl_typesupport_c: rosidl_typesupport_fastrtps_c;rosidl_typesupport_introspection_c
[0.703s] -- Using all available rosidl_typesupport_cpp: rosidl_typesupport_fastrtps_cpp;rosidl_typesupport_introspection_cpp
[0.917s] -- Found rmw_implementation_cmake: 6.1.1 (/opt/ros/humble/share/rmw_implementation_cmake/cmake)
[0.922s] -- Found rmw_cyclonedds_cpp: 1.3.4 (/opt/ros/humble/share/rmw_cyclonedds_cpp/cmake)
[1.047s] -- Using RMW implementation 'rmw_cyclonedds_cpp' as default
[1.630s] -- Found sensor_msgs: 4.2.3 (/opt/ros/humble/share/sensor_msgs/cmake)
[1.985s] -- Found nav_msgs: 4.2.3 (/opt/ros/humble/share/nav_msgs/cmake)
[2.172s] -- Found ament_lint_auto: 0.12.10 (/opt/ros/humble/share/ament_lint_auto/cmake)
[2.305s] -- Added test 'copyright' to check source files copyright and LICENSE
[2.307s] -- Added test 'cppcheck' to perform static code analysis on C / C++ code
[2.308s] -- Configured cppcheck include dirs: $<BUILD_INTERFACE:/home/denis/diploma_ws/src/fsu/include>
[2.308s] -- Configured cppcheck exclude dirs and/or files: 
[2.312s] -- Added test 'cpplint' to check C / C++ code against the Google style
[2.312s] -- Configured cpplint exclude dirs and/or files: 
[2.312s] -- Added test 'flake8' to check Python code syntax and style conventions
[2.314s] -- Added test 'lint_cmake' to check CMake code style
[2.314s] -- Added test 'pep257' to check Python code against some of the docstring style conventions in PEP 257
[2.316s] -- Added test 'uncrustify' to check C / C++ code style
[2.317s] -- Configured uncrustify additional arguments: 
[2.317s] -- Added test 'xmllint' to check XML markup files
[2.318s] -- Configuring done
[2.351s] -- Generating done
[2.354s] -- Build files have been written to: /home/denis/diploma_ws/build/fsu
[2.396s] [35m[1mConsolidate compiler generated dependencies of target imu_remapping_node[0m
[2.405s] [35m[1mConsolidate compiler generated dependencies of target lidar_remapping_node[0m
[2.421s] [ 16%] [32mBuilding CXX object CMakeFiles/odom_remapping_node.dir/src/odom_remapping_node.cpp.o[0m
[2.447s] [ 50%] Built target imu_remapping_node
[2.453s] [ 83%] Built target lidar_remapping_node
[15.079s] [100%] [32m[1mLinking CXX executable odom_remapping_node[0m
[15.747s] [100%] Built target odom_remapping_node
[15.765s] Invoked command in '/home/denis/diploma_ws/build/fsu' returned '0': CMAKE_PREFIX_PATH=/opt/ros/humble /usr/bin/cmake --build /home/denis/diploma_ws/build/fsu -- -j4 -l4
[15.824s] Invoking command in '/home/denis/diploma_ws/build/fsu': CMAKE_PREFIX_PATH=/opt/ros/humble /usr/bin/cmake --install /home/denis/diploma_ws/build/fsu
[15.835s] -- Install configuration: ""
[15.836s] -- Installing: /home/denis/diploma_ws/install/fsu/lib/fsu/lidar_remapping_node
[15.842s] -- Set runtime path of "/home/denis/diploma_ws/install/fsu/lib/fsu/lidar_remapping_node" to ""
[15.843s] -- Up-to-date: /home/denis/diploma_ws/install/fsu/lib/fsu/imu_remapping_node
[15.843s] -- Installing: /home/denis/diploma_ws/install/fsu/lib/fsu/odom_remapping_node
[15.850s] -- Set runtime path of "/home/denis/diploma_ws/install/fsu/lib/fsu/odom_remapping_node" to ""
[15.850s] -- Up-to-date: /home/denis/diploma_ws/install/fsu/share/fsu/launch
[15.850s] -- Installing: /home/denis/diploma_ws/install/fsu/share/fsu/launch/failure_sensor_unit.launch.py
[15.851s] -- Up-to-date: /home/denis/diploma_ws/install/fsu/share/ament_index/resource_index/package_run_dependencies/fsu
[15.851s] -- Installing: /home/denis/diploma_ws/install/fsu/share/ament_index/resource_index/parent_prefix_path/fsu
[15.851s] -- Up-to-date: /home/denis/diploma_ws/install/fsu/share/fsu/environment/ament_prefix_path.sh
[15.851s] -- Installing: /home/denis/diploma_ws/install/fsu/share/fsu/environment/ament_prefix_path.dsv
[15.851s] -- Up-to-date: /home/denis/diploma_ws/install/fsu/share/fsu/environment/path.sh
[15.851s] -- Installing: /home/denis/diploma_ws/install/fsu/share/fsu/environment/path.dsv
[15.852s] -- Up-to-date: /home/denis/diploma_ws/install/fsu/share/fsu/local_setup.bash
[15.852s] -- Up-to-date: /home/denis/diploma_ws/install/fsu/share/fsu/local_setup.sh
[15.852s] -- Up-to-date: /home/denis/diploma_ws/install/fsu/share/fsu/local_setup.zsh
[15.852s] -- Installing: /home/denis/diploma_ws/install/fsu/share/fsu/local_setup.dsv
[15.852s] -- Installing: /home/denis/diploma_ws/install/fsu/share/fsu/package.dsv
[15.852s] -- Up-to-date: /home/denis/diploma_ws/install/fsu/share/ament_index/resource_index/packages/fsu
[15.853s] -- Up-to-date: /home/denis/diploma_ws/install/fsu/share/fsu/cmake/fsuConfig.cmake
[15.853s] -- Up-to-date: /home/denis/diploma_ws/install/fsu/share/fsu/cmake/fsuConfig-version.cmake
[15.853s] -- Up-to-date: /home/denis/diploma_ws/install/fsu/share/fsu/package.xml
[15.856s] Invoked command in '/home/denis/diploma_ws/build/fsu' returned '0': CMAKE_PREFIX_PATH=/opt/ros/humble /usr/bin/cmake --install /home/denis/diploma_ws/build/fsu
