-- Found ament_cmake: 1.3.8 (/opt/ros/humble/share/ament_cmake/cmake)
-- Found rclcpp: 16.0.8 (/opt/ros/humble/share/rclcpp/cmake)
-- Found rosidl_generator_c: 3.1.5 (/opt/ros/humble/share/rosidl_generator_c/cmake)
-- Found rosidl_adapter: 3.1.5 (/opt/ros/humble/share/rosidl_adapter/cmake)
-- Found rosidl_generator_cpp: 3.1.5 (/opt/ros/humble/share/rosidl_generator_cpp/cmake)
-- Using all available rosidl_typesupport_c: rosidl_typesupport_fastrtps_c;rosidl_typesupport_introspection_c
-- Using all available rosidl_typesupport_cpp: rosidl_typesupport_fastrtps_cpp;rosidl_typesupport_introspection_cpp
-- Found rmw_implementation_cmake: 6.1.1 (/opt/ros/humble/share/rmw_implementation_cmake/cmake)
-- Found rmw_cyclonedds_cpp: 1.3.4 (/opt/ros/humble/share/rmw_cyclonedds_cpp/cmake)
-- Using RMW implementation 'rmw_cyclonedds_cpp' as default
-- Found rclcpp_action: 16.0.8 (/opt/ros/humble/share/rclcpp_action/cmake)
-- Found std_srvs: 4.2.3 (/opt/ros/humble/share/std_srvs/cmake)
-- Found nav2_msgs: 1.1.14 (/opt/ros/humble/share/nav2_msgs/cmake)
-- Found dms_interfaces: 0.0.0 (/home/denis/diploma_ws/install/dms_interfaces/share/dms_interfaces/cmake)
-- Found ament_lint_auto: 0.12.10 (/opt/ros/humble/share/ament_lint_auto/cmake)
-- Added test 'cppcheck' to perform static code analysis on C / C++ code
-- Configured cppcheck include dirs: /home/denis/diploma_ws/src/bt/include/bt
-- Configured cppcheck exclude dirs and/or files: 
-- Added test 'flake8' to check Python code syntax and style conventions
-- Added test 'lint_cmake' to check CMake code style
-- Added test 'pep257' to check Python code against some of the docstring style conventions in PEP 257
-- Added test 'uncrustify' to check C / C++ code style
-- Configured uncrustify additional arguments: 
-- Added test 'xmllint' to check XML markup files
-- Configuring done
-- Generating done
-- Build files have been written to: /home/denis/diploma_ws/build/bt
[35m[1mConsolidate compiler generated dependencies of target lidar_bt[0m
[35m[1mConsolidate compiler generated dependencies of target imu_bt[0m
[35m[1mConsolidate compiler generated dependencies of target sensors_bt[0m
[35m[1mConsolidate compiler generated dependencies of target odom_bt[0m
[ 10%] [32mBuilding CXX object CMakeFiles/lidar_bt.dir/src/lidar_bt.cpp.o[0m
[ 20%] [32mBuilding CXX object CMakeFiles/imu_bt.dir/src/imu_bt.cpp.o[0m
[ 30%] [32mBuilding CXX object CMakeFiles/sensors_bt.dir/src/sensors_bt.cpp.o[0m
[ 40%] [32mBuilding CXX object CMakeFiles/odom_bt.dir/src/odom_bt.cpp.o[0m
[ 50%] [32m[1mLinking CXX executable odom_bt[0m
[ 60%] [32m[1mLinking CXX executable sensors_bt[0m
[ 60%] Built target odom_bt
[ 70%] [32m[1mLinking CXX executable imu_bt[0m
[ 80%] [32mBuilding CXX object CMakeFiles/battery_bt.dir/src/battery_bt.cpp.o[0m
[ 80%] Built target sensors_bt
[ 90%] [32m[1mLinking CXX executable lidar_bt[0m
[ 90%] Built target imu_bt
[ 90%] Built target lidar_bt
