[0.054s] Invoking command in '/home/denis/diploma_ws/build/ssu': CMAKE_PREFIX_PATH=${CMAKE_PREFIX_PATH}:/opt/ros/humble /usr/bin/cmake --build /home/denis/diploma_ws/build/ssu -- -j4 -l4
[0.241s] [100%] Built target sensor_supervisitory_unit
[0.312s] Invoked command in '/home/denis/diploma_ws/build/ssu' returned '0': CMAKE_PREFIX_PATH=${CMAKE_PREFIX_PATH}:/opt/ros/humble /usr/bin/cmake --build /home/denis/diploma_ws/build/ssu -- -j4 -l4
[0.451s] Invoking command in '/home/denis/diploma_ws/build/ssu': CMAKE_PREFIX_PATH=${CMAKE_PREFIX_PATH}:/opt/ros/humble /usr/bin/cmake --install /home/denis/diploma_ws/build/ssu
[0.477s] -- Install configuration: ""
[0.478s] -- Up-to-date: /home/denis/diploma_ws/install/ssu/lib/ssu/sensor_supervisitory_unit
[0.478s] -- Up-to-date: /home/denis/diploma_ws/install/ssu/share/ament_index/resource_index/package_run_dependencies/ssu
[0.478s] -- Up-to-date: /home/denis/diploma_ws/install/ssu/share/ament_index/resource_index/parent_prefix_path/ssu
[0.479s] -- Up-to-date: /home/denis/diploma_ws/install/ssu/share/ssu/environment/ament_prefix_path.sh
[0.479s] -- Up-to-date: /home/denis/diploma_ws/install/ssu/share/ssu/environment/ament_prefix_path.dsv
[0.479s] -- Up-to-date: /home/denis/diploma_ws/install/ssu/share/ssu/environment/path.sh
[0.479s] -- Up-to-date: /home/denis/diploma_ws/install/ssu/share/ssu/environment/path.dsv
[0.480s] -- Up-to-date: /home/denis/diploma_ws/install/ssu/share/ssu/local_setup.bash
[0.480s] -- Up-to-date: /home/denis/diploma_ws/install/ssu/share/ssu/local_setup.sh
[0.480s] -- Up-to-date: /home/denis/diploma_ws/install/ssu/share/ssu/local_setup.zsh
[0.480s] -- Up-to-date: /home/denis/diploma_ws/install/ssu/share/ssu/local_setup.dsv
[0.481s] -- Installing: /home/denis/diploma_ws/install/ssu/share/ssu/package.dsv
[0.481s] -- Up-to-date: /home/denis/diploma_ws/install/ssu/share/ament_index/resource_index/packages/ssu
[0.481s] -- Up-to-date: /home/denis/diploma_ws/install/ssu/share/ssu/cmake/ssuConfig.cmake
[0.481s] -- Up-to-date: /home/denis/diploma_ws/install/ssu/share/ssu/cmake/ssuConfig-version.cmake
[0.482s] -- Up-to-date: /home/denis/diploma_ws/install/ssu/share/ssu/package.xml
[0.490s] Invoked command in '/home/denis/diploma_ws/build/ssu' returned '0': CMAKE_PREFIX_PATH=${CMAKE_PREFIX_PATH}:/opt/ros/humble /usr/bin/cmake --install /home/denis/diploma_ws/build/ssu
