[0.048s] Invoking command in '/home/denis/diploma_ws/build/nav2_bringup': CMAKE_PREFIX_PATH=${CMAKE_PREFIX_PATH}:/opt/ros/humble /usr/bin/cmake --build /home/denis/diploma_ws/build/nav2_bringup -- -j4 -l4
[0.184s] Invoked command in '/home/denis/diploma_ws/build/nav2_bringup' returned '0': CMAKE_PREFIX_PATH=${CMAKE_PREFIX_PATH}:/opt/ros/humble /usr/bin/cmake --build /home/denis/diploma_ws/build/nav2_bringup -- -j4 -l4
[0.455s] Invoking command in '/home/denis/diploma_ws/build/nav2_bringup': CMAKE_PREFIX_PATH=${CMAKE_PREFIX_PATH}:/opt/ros/humble /usr/bin/cmake --install /home/denis/diploma_ws/build/nav2_bringup
[0.523s] -- Install configuration: "Release"
[0.524s] -- Up-to-date: /home/denis/diploma_ws/install/nav2_bringup/share/nav2_bringup/launch
[0.524s] -- Up-to-date: /home/denis/diploma_ws/install/nav2_bringup/share/nav2_bringup/launch/navigation_launch.py
[0.526s] -- Up-to-date: /home/denis/diploma_ws/install/nav2_bringup/share/nav2_bringup/launch/tb3_simulation_launch.py
[0.526s] -- Up-to-date: /home/denis/diploma_ws/install/nav2_bringup/share/nav2_bringup/launch/unique_multi_tb3_simulation_launch.py
[0.527s] -- Up-to-date: /home/denis/diploma_ws/install/nav2_bringup/share/nav2_bringup/launch/bringup_launch.py
[0.527s] -- Up-to-date: /home/denis/diploma_ws/install/nav2_bringup/share/nav2_bringup/launch/rviz_launch.py
[0.527s] -- Up-to-date: /home/denis/diploma_ws/install/nav2_bringup/share/nav2_bringup/launch/slam_launch.py
[0.528s] -- Up-to-date: /home/denis/diploma_ws/install/nav2_bringup/share/nav2_bringup/launch/localization_launch.py
[0.528s] -- Up-to-date: /home/denis/diploma_ws/install/nav2_bringup/share/nav2_bringup/launch/cloned_multi_tb3_simulation_launch.py
[0.528s] -- Up-to-date: /home/denis/diploma_ws/install/nav2_bringup/share/nav2_bringup/maps
[0.529s] -- Up-to-date: /home/denis/diploma_ws/install/nav2_bringup/share/nav2_bringup/maps/turtlebot3_world.yaml
[0.529s] -- Up-to-date: /home/denis/diploma_ws/install/nav2_bringup/share/nav2_bringup/maps/turtlebot3_world.pgm
[0.529s] -- Up-to-date: /home/denis/diploma_ws/install/nav2_bringup/share/nav2_bringup/rviz
[0.529s] -- Up-to-date: /home/denis/diploma_ws/install/nav2_bringup/share/nav2_bringup/rviz/nav2_default_view.rviz
[0.530s] -- Up-to-date: /home/denis/diploma_ws/install/nav2_bringup/share/nav2_bringup/rviz/nav2_namespaced_view.rviz
[0.530s] -- Up-to-date: /home/denis/diploma_ws/install/nav2_bringup/share/nav2_bringup/worlds
[0.530s] -- Up-to-date: /home/denis/diploma_ws/install/nav2_bringup/share/nav2_bringup/worlds/waffle.model
[0.530s] -- Up-to-date: /home/denis/diploma_ws/install/nav2_bringup/share/nav2_bringup/worlds/world_only.model
[0.530s] -- Up-to-date: /home/denis/diploma_ws/install/nav2_bringup/share/nav2_bringup/params
[0.531s] -- Up-to-date: /home/denis/diploma_ws/install/nav2_bringup/share/nav2_bringup/params/nav2_multirobot_params_all.yaml
[0.531s] -- Up-to-date: /home/denis/diploma_ws/install/nav2_bringup/share/nav2_bringup/params/nav2_multirobot_params_2.yaml
[0.531s] -- Up-to-date: /home/denis/diploma_ws/install/nav2_bringup/share/nav2_bringup/params/nav2_multirobot_params_1.yaml
[0.532s] -- Up-to-date: /home/denis/diploma_ws/install/nav2_bringup/share/nav2_bringup/params/nav2_params.yaml
[0.532s] -- Up-to-date: /home/denis/diploma_ws/install/nav2_bringup/share/nav2_bringup/urdf
[0.532s] -- Up-to-date: /home/denis/diploma_ws/install/nav2_bringup/share/nav2_bringup/urdf/turtlebot3_waffle.urdf
[0.533s] -- Up-to-date: /home/denis/diploma_ws/install/nav2_bringup/share/ament_index/resource_index/package_run_dependencies/nav2_bringup
[0.533s] -- Up-to-date: /home/denis/diploma_ws/install/nav2_bringup/share/ament_index/resource_index/parent_prefix_path/nav2_bringup
[0.533s] -- Up-to-date: /home/denis/diploma_ws/install/nav2_bringup/share/nav2_bringup/environment/ament_prefix_path.sh
[0.533s] -- Up-to-date: /home/denis/diploma_ws/install/nav2_bringup/share/nav2_bringup/environment/ament_prefix_path.dsv
[0.534s] -- Up-to-date: /home/denis/diploma_ws/install/nav2_bringup/share/nav2_bringup/environment/path.sh
[0.534s] -- Up-to-date: /home/denis/diploma_ws/install/nav2_bringup/share/nav2_bringup/environment/path.dsv
[0.534s] -- Up-to-date: /home/denis/diploma_ws/install/nav2_bringup/share/nav2_bringup/local_setup.bash
[0.534s] -- Up-to-date: /home/denis/diploma_ws/install/nav2_bringup/share/nav2_bringup/local_setup.sh
[0.534s] -- Up-to-date: /home/denis/diploma_ws/install/nav2_bringup/share/nav2_bringup/local_setup.zsh
[0.536s] -- Up-to-date: /home/denis/diploma_ws/install/nav2_bringup/share/nav2_bringup/local_setup.dsv
[0.536s] -- Installing: /home/denis/diploma_ws/install/nav2_bringup/share/nav2_bringup/package.dsv
[0.537s] -- Up-to-date: /home/denis/diploma_ws/install/nav2_bringup/share/ament_index/resource_index/packages/nav2_bringup
[0.537s] -- Up-to-date: /home/denis/diploma_ws/install/nav2_bringup/share/nav2_bringup/cmake/nav2_bringupConfig.cmake
[0.537s] -- Up-to-date: /home/denis/diploma_ws/install/nav2_bringup/share/nav2_bringup/cmake/nav2_bringupConfig-version.cmake
[0.537s] -- Up-to-date: /home/denis/diploma_ws/install/nav2_bringup/share/nav2_bringup/package.xml
[0.554s] Invoked command in '/home/denis/diploma_ws/build/nav2_bringup' returned '0': CMAKE_PREFIX_PATH=${CMAKE_PREFIX_PATH}:/opt/ros/humble /usr/bin/cmake --install /home/denis/diploma_ws/build/nav2_bringup
