[0.031s] Invoking command in '/home/denis/diploma_ws/build/btcpp_ros2_interfaces': CMAKE_PREFIX_PATH=/opt/ros/humble /usr/bin/cmake /home/denis/diploma_ws/src/BehaviorTree.ROS2/btcpp_ros2_interfaces -DCMAKE_INSTALL_PREFIX=/home/denis/diploma_ws/install/btcpp_ros2_interfaces
[0.210s] -- The C compiler identification is GNU 11.4.0
[0.452s] -- The CXX compiler identification is GNU 11.4.0
[0.481s] -- Detecting C compiler ABI info
[0.754s] -- Detecting C compiler ABI info - done
[0.784s] -- Check for working C compiler: /usr/bin/cc - skipped
[0.785s] -- Detecting C compile features
[0.786s] -- Detecting C compile features - done
[0.797s] -- Detecting CXX compiler ABI info
[1.080s] -- Detecting CXX compiler ABI info - done
[1.150s] -- Check for working CXX compiler: /usr/bin/c++ - skipped
[1.151s] -- Detecting CXX compile features
[1.152s] -- Detecting CXX compile features - done
[1.175s] -- Found ament_cmake: 1.3.8 (/opt/ros/humble/share/ament_cmake/cmake)
[1.585s] -- Found Python3: /usr/bin/python3 (found version "3.10.12") found components: Interpreter 
[1.824s] -- Found rosidl_default_generators: 1.2.0 (/opt/ros/humble/share/rosidl_default_generators/cmake)
[1.834s] -- Using all available rosidl_typesupport_c: rosidl_typesupport_fastrtps_c;rosidl_typesupport_introspection_c
[1.854s] -- Found rosidl_adapter: 3.1.5 (/opt/ros/humble/share/rosidl_adapter/cmake)
[1.983s] -- Using all available rosidl_typesupport_cpp: rosidl_typesupport_fastrtps_cpp;rosidl_typesupport_introspection_cpp
[2.791s] -- Found ament_cmake_ros: 0.10.0 (/opt/ros/humble/share/ament_cmake_ros/cmake)
[3.122s] -- Using all available rosidl_typesupport_c: rosidl_typesupport_fastrtps_c;rosidl_typesupport_introspection_c
[3.528s] -- Using all available rosidl_typesupport_cpp: rosidl_typesupport_fastrtps_cpp;rosidl_typesupport_introspection_cpp
[3.582s] -- Found PythonInterp: /usr/bin/python3 (found suitable version "3.10.12", minimum required is "3.6") 
[3.586s] -- Found python_cmake_module: 0.10.0 (/opt/ros/humble/share/python_cmake_module/cmake)
[3.629s] -- Found PythonLibs: /usr/lib/x86_64-linux-gnu/libpython3.10.so (found suitable version "3.10.12", minimum required is "3.5") 
[3.630s] -- Using PYTHON_EXECUTABLE: /usr/bin/python3
[3.630s] -- Using PYTHON_INCLUDE_DIRS: /usr/include/python3.10
[3.630s] -- Using PYTHON_LIBRARIES: /usr/lib/x86_64-linux-gnu/libpython3.10.so
[3.664s] -- Found PythonExtra: .so  
[3.743s] -- Configuring done
[3.813s] -- Generating done
[3.817s] -- Build files have been written to: /home/denis/diploma_ws/build/btcpp_ros2_interfaces
[3.826s] Invoked command in '/home/denis/diploma_ws/build/btcpp_ros2_interfaces' returned '0': CMAKE_PREFIX_PATH=/opt/ros/humble /usr/bin/cmake /home/denis/diploma_ws/src/BehaviorTree.ROS2/btcpp_ros2_interfaces -DCMAKE_INSTALL_PREFIX=/home/denis/diploma_ws/install/btcpp_ros2_interfaces
[3.829s] Invoking command in '/home/denis/diploma_ws/build/btcpp_ros2_interfaces': CMAKE_PREFIX_PATH=/opt/ros/humble /usr/bin/cmake --build /home/denis/diploma_ws/build/btcpp_ros2_interfaces -- -j4 -l4
[3.907s] [  3%] [34m[1mGenerating C code for ROS interfaces[0m
[3.932s] [  6%] [34m[1mGenerating C++ code for ROS interfaces[0m
[3.949s] [  6%] Built target ament_cmake_python_copy_btcpp_ros2_interfaces
[4.592s] running egg_info
[4.593s] creating btcpp_ros2_interfaces.egg-info
[4.594s] writing btcpp_ros2_interfaces.egg-info/PKG-INFO
[4.594s] writing dependency_links to btcpp_ros2_interfaces.egg-info/dependency_links.txt
[4.594s] writing top-level names to btcpp_ros2_interfaces.egg-info/top_level.txt
[4.595s] writing manifest file 'btcpp_ros2_interfaces.egg-info/SOURCES.txt'
[4.601s] reading manifest file 'btcpp_ros2_interfaces.egg-info/SOURCES.txt'
[4.603s] writing manifest file 'btcpp_ros2_interfaces.egg-info/SOURCES.txt'
[4.657s] [  6%] Built target ament_cmake_python_build_btcpp_ros2_interfaces_egg
[5.081s] [  9%] [32mBuilding C object CMakeFiles/btcpp_ros2_interfaces__rosidl_generator_c.dir/rosidl_generator_c/btcpp_ros2_interfaces/action/detail/sleep__functions.c.o[0m
[5.090s] [  9%] Built target btcpp_ros2_interfaces__cpp
[5.118s] [ 12%] [34m[1mGenerating C++ introspection for ROS interfaces[0m
[5.118s] [ 16%] [34m[1mGenerating C++ type support for eProsima Fast-RTPS[0m
[5.136s] [ 19%] [34m[1mGenerating C++ type support dispatch for ROS interfaces[0m
[5.529s] [ 22%] [32m[1mLinking C shared library libbtcpp_ros2_interfaces__rosidl_generator_c.so[0m
[5.737s] [ 22%] Built target btcpp_ros2_interfaces__rosidl_generator_c
[5.763s] [ 25%] [34m[1mGenerating C type support dispatch for ROS interfaces[0m
[6.168s] [ 29%] [32mBuilding CXX object CMakeFiles/btcpp_ros2_interfaces__rosidl_typesupport_cpp.dir/rosidl_typesupport_cpp/btcpp_ros2_interfaces/action/sleep__type_support.cpp.o[0m
[6.337s] [ 32%] [32mBuilding CXX object CMakeFiles/btcpp_ros2_interfaces__rosidl_typesupport_introspection_cpp.dir/rosidl_typesupport_introspection_cpp/btcpp_ros2_interfaces/action/detail/sleep__type_support.cpp.o[0m
[6.645s] [ 35%] [32mBuilding CXX object CMakeFiles/btcpp_ros2_interfaces__rosidl_typesupport_fastrtps_cpp.dir/rosidl_typesupport_fastrtps_cpp/btcpp_ros2_interfaces/action/detail/dds_fastrtps/sleep__type_support.cpp.o[0m
[6.859s] [ 38%] [32mBuilding CXX object CMakeFiles/btcpp_ros2_interfaces__rosidl_typesupport_c.dir/rosidl_typesupport_c/btcpp_ros2_interfaces/action/sleep__type_support.cpp.o[0m
[7.021s] [ 41%] [32m[1mLinking CXX shared library libbtcpp_ros2_interfaces__rosidl_typesupport_c.so[0m
[7.184s] [ 41%] Built target btcpp_ros2_interfaces__rosidl_typesupport_c
[7.256s] [ 45%] [34m[1mGenerating C type support for eProsima Fast-RTPS[0m
[7.500s] [ 48%] [32m[1mLinking CXX shared library libbtcpp_ros2_interfaces__rosidl_typesupport_cpp.so[0m
[7.646s] [ 48%] Built target btcpp_ros2_interfaces__rosidl_typesupport_cpp
[7.693s] [ 51%] [34m[1mGenerating C introspection for ROS interfaces[0m
[8.008s] [ 54%] [32m[1mLinking CXX shared library libbtcpp_ros2_interfaces__rosidl_typesupport_introspection_cpp.so[0m
[8.244s] [ 54%] Built target btcpp_ros2_interfaces__rosidl_typesupport_introspection_cpp
[8.324s] [ 58%] [32m[1mLinking CXX shared library libbtcpp_ros2_interfaces__rosidl_typesupport_fastrtps_cpp.so[0m
[8.510s] [ 58%] Built target btcpp_ros2_interfaces__rosidl_typesupport_fastrtps_cpp
[8.635s] [ 61%] [32mBuilding CXX object CMakeFiles/btcpp_ros2_interfaces__rosidl_typesupport_fastrtps_c.dir/rosidl_typesupport_fastrtps_c/btcpp_ros2_interfaces/action/detail/sleep__type_support_c.cpp.o[0m
[8.887s] [ 64%] [32mBuilding C object CMakeFiles/btcpp_ros2_interfaces__rosidl_typesupport_introspection_c.dir/rosidl_typesupport_introspection_c/btcpp_ros2_interfaces/action/detail/sleep__type_support.c.o[0m
[8.998s] [ 67%] [32m[1mLinking C shared library libbtcpp_ros2_interfaces__rosidl_typesupport_introspection_c.so[0m
[9.053s] [ 67%] Built target btcpp_ros2_interfaces__rosidl_typesupport_introspection_c
[9.488s] [ 70%] [32m[1mLinking CXX shared library libbtcpp_ros2_interfaces__rosidl_typesupport_fastrtps_c.so[0m
[9.625s] [ 70%] Built target btcpp_ros2_interfaces__rosidl_typesupport_fastrtps_c
[9.658s] [ 70%] Built target btcpp_ros2_interfaces
[9.693s] [ 74%] [34m[1mGenerating Python code for ROS interfaces[0m
[10.921s] [ 74%] Built target btcpp_ros2_interfaces__py
[10.955s] [ 77%] [32mBuilding C object CMakeFiles/btcpp_ros2_interfaces__rosidl_generator_py.dir/rosidl_generator_py/btcpp_ros2_interfaces/action/_sleep_s.c.o[0m
[11.219s] [ 80%] [32m[1mLinking C shared library rosidl_generator_py/btcpp_ros2_interfaces/libbtcpp_ros2_interfaces__rosidl_generator_py.so[0m
[11.294s] [ 80%] Built target btcpp_ros2_interfaces__rosidl_generator_py
[11.342s] [ 87%] [32mBuilding C object CMakeFiles/btcpp_ros2_interfaces__rosidl_typesupport_fastrtps_c__pyext.dir/rosidl_generator_py/btcpp_ros2_interfaces/_btcpp_ros2_interfaces_s.ep.rosidl_typesupport_fastrtps_c.c.o[0m
[11.342s] [ 87%] [32mBuilding C object CMakeFiles/btcpp_ros2_interfaces__rosidl_typesupport_c__pyext.dir/rosidl_generator_py/btcpp_ros2_interfaces/_btcpp_ros2_interfaces_s.ep.rosidl_typesupport_c.c.o[0m
[11.345s] [ 90%] [32mBuilding C object CMakeFiles/btcpp_ros2_interfaces__rosidl_typesupport_introspection_c__pyext.dir/rosidl_generator_py/btcpp_ros2_interfaces/_btcpp_ros2_interfaces_s.ep.rosidl_typesupport_introspection_c.c.o[0m
[11.691s] [ 93%] [32m[1mLinking C shared library rosidl_generator_py/btcpp_ros2_interfaces/btcpp_ros2_interfaces_s__rosidl_typesupport_introspection_c.cpython-310-x86_64-linux-gnu.so[0m
[11.703s] [ 96%] [32m[1mLinking C shared library rosidl_generator_py/btcpp_ros2_interfaces/btcpp_ros2_interfaces_s__rosidl_typesupport_fastrtps_c.cpython-310-x86_64-linux-gnu.so[0m
[11.735s] [100%] [32m[1mLinking C shared library rosidl_generator_py/btcpp_ros2_interfaces/btcpp_ros2_interfaces_s__rosidl_typesupport_c.cpython-310-x86_64-linux-gnu.so[0m
[11.817s] [100%] Built target btcpp_ros2_interfaces__rosidl_typesupport_fastrtps_c__pyext
[11.827s] [100%] Built target btcpp_ros2_interfaces__rosidl_typesupport_introspection_c__pyext
[11.849s] [100%] Built target btcpp_ros2_interfaces__rosidl_typesupport_c__pyext
[11.868s] Invoked command in '/home/denis/diploma_ws/build/btcpp_ros2_interfaces' returned '0': CMAKE_PREFIX_PATH=/opt/ros/humble /usr/bin/cmake --build /home/denis/diploma_ws/build/btcpp_ros2_interfaces -- -j4 -l4
[11.981s] Invoking command in '/home/denis/diploma_ws/build/btcpp_ros2_interfaces': CMAKE_PREFIX_PATH=/opt/ros/humble /usr/bin/cmake --install /home/denis/diploma_ws/build/btcpp_ros2_interfaces
[11.995s] -- Install configuration: ""
[11.996s] -- Installing: /home/denis/diploma_ws/install/btcpp_ros2_interfaces/share/ament_index/resource_index/rosidl_interfaces/btcpp_ros2_interfaces
[11.996s] -- Installing: /home/denis/diploma_ws/install/btcpp_ros2_interfaces/include/btcpp_ros2_interfaces/btcpp_ros2_interfaces
[11.996s] -- Installing: /home/denis/diploma_ws/install/btcpp_ros2_interfaces/include/btcpp_ros2_interfaces/btcpp_ros2_interfaces/action
[11.997s] -- Installing: /home/denis/diploma_ws/install/btcpp_ros2_interfaces/include/btcpp_ros2_interfaces/btcpp_ros2_interfaces/action/sleep.h
[11.997s] -- Installing: /home/denis/diploma_ws/install/btcpp_ros2_interfaces/include/btcpp_ros2_interfaces/btcpp_ros2_interfaces/action/detail
[11.997s] -- Installing: /home/denis/diploma_ws/install/btcpp_ros2_interfaces/include/btcpp_ros2_interfaces/btcpp_ros2_interfaces/action/detail/sleep__struct.h
[11.998s] -- Installing: /home/denis/diploma_ws/install/btcpp_ros2_interfaces/include/btcpp_ros2_interfaces/btcpp_ros2_interfaces/action/detail/sleep__type_support.h
[11.998s] -- Installing: /home/denis/diploma_ws/install/btcpp_ros2_interfaces/include/btcpp_ros2_interfaces/btcpp_ros2_interfaces/action/detail/sleep__functions.h
[11.998s] -- Installing: /home/denis/diploma_ws/install/btcpp_ros2_interfaces/include/btcpp_ros2_interfaces/btcpp_ros2_interfaces/action/detail/sleep__functions.c
[11.998s] -- Installing: /home/denis/diploma_ws/install/btcpp_ros2_interfaces/include/btcpp_ros2_interfaces/btcpp_ros2_interfaces/msg
[11.999s] -- Installing: /home/denis/diploma_ws/install/btcpp_ros2_interfaces/include/btcpp_ros2_interfaces/btcpp_ros2_interfaces/msg/rosidl_generator_c__visibility_control.h
[11.999s] -- Installing: /home/denis/diploma_ws/install/btcpp_ros2_interfaces/share/btcpp_ros2_interfaces/environment/library_path.sh
[11.999s] -- Installing: /home/denis/diploma_ws/install/btcpp_ros2_interfaces/share/btcpp_ros2_interfaces/environment/library_path.dsv
[12.000s] -- Installing: /home/denis/diploma_ws/install/btcpp_ros2_interfaces/lib/libbtcpp_ros2_interfaces__rosidl_generator_c.so
[12.001s] -- Set runtime path of "/home/denis/diploma_ws/install/btcpp_ros2_interfaces/lib/libbtcpp_ros2_interfaces__rosidl_generator_c.so" to ""
[12.001s] -- Up-to-date: /home/denis/diploma_ws/install/btcpp_ros2_interfaces/include/btcpp_ros2_interfaces/btcpp_ros2_interfaces
[12.001s] -- Up-to-date: /home/denis/diploma_ws/install/btcpp_ros2_interfaces/include/btcpp_ros2_interfaces/btcpp_ros2_interfaces/action
[12.002s] -- Up-to-date: /home/denis/diploma_ws/install/btcpp_ros2_interfaces/include/btcpp_ros2_interfaces/btcpp_ros2_interfaces/action/detail
[12.002s] -- Installing: /home/denis/diploma_ws/install/btcpp_ros2_interfaces/include/btcpp_ros2_interfaces/btcpp_ros2_interfaces/action/detail/sleep__rosidl_typesupport_fastrtps_c.h
[12.002s] -- Up-to-date: /home/denis/diploma_ws/install/btcpp_ros2_interfaces/include/btcpp_ros2_interfaces/btcpp_ros2_interfaces/msg
[12.002s] -- Installing: /home/denis/diploma_ws/install/btcpp_ros2_interfaces/include/btcpp_ros2_interfaces/btcpp_ros2_interfaces/msg/rosidl_typesupport_fastrtps_c__visibility_control.h
[12.003s] -- Installing: /home/denis/diploma_ws/install/btcpp_ros2_interfaces/lib/libbtcpp_ros2_interfaces__rosidl_typesupport_fastrtps_c.so
[12.003s] -- Set runtime path of "/home/denis/diploma_ws/install/btcpp_ros2_interfaces/lib/libbtcpp_ros2_interfaces__rosidl_typesupport_fastrtps_c.so" to ""
[12.003s] -- Up-to-date: /home/denis/diploma_ws/install/btcpp_ros2_interfaces/include/btcpp_ros2_interfaces/btcpp_ros2_interfaces
[12.004s] -- Up-to-date: /home/denis/diploma_ws/install/btcpp_ros2_interfaces/include/btcpp_ros2_interfaces/btcpp_ros2_interfaces/action
[12.004s] -- Up-to-date: /home/denis/diploma_ws/install/btcpp_ros2_interfaces/include/btcpp_ros2_interfaces/btcpp_ros2_interfaces/action/detail
[12.004s] -- Installing: /home/denis/diploma_ws/install/btcpp_ros2_interfaces/include/btcpp_ros2_interfaces/btcpp_ros2_interfaces/action/detail/sleep__rosidl_typesupport_introspection_c.h
[12.004s] -- Installing: /home/denis/diploma_ws/install/btcpp_ros2_interfaces/include/btcpp_ros2_interfaces/btcpp_ros2_interfaces/action/detail/sleep__type_support.c
[12.005s] -- Up-to-date: /home/denis/diploma_ws/install/btcpp_ros2_interfaces/include/btcpp_ros2_interfaces/btcpp_ros2_interfaces/msg
[12.005s] -- Installing: /home/denis/diploma_ws/install/btcpp_ros2_interfaces/include/btcpp_ros2_interfaces/btcpp_ros2_interfaces/msg/rosidl_typesupport_introspection_c__visibility_control.h
[12.005s] -- Installing: /home/denis/diploma_ws/install/btcpp_ros2_interfaces/lib/libbtcpp_ros2_interfaces__rosidl_typesupport_introspection_c.so
[12.006s] -- Set runtime path of "/home/denis/diploma_ws/install/btcpp_ros2_interfaces/lib/libbtcpp_ros2_interfaces__rosidl_typesupport_introspection_c.so" to ""
[12.006s] -- Installing: /home/denis/diploma_ws/install/btcpp_ros2_interfaces/lib/libbtcpp_ros2_interfaces__rosidl_typesupport_c.so
[12.008s] -- Set runtime path of "/home/denis/diploma_ws/install/btcpp_ros2_interfaces/lib/libbtcpp_ros2_interfaces__rosidl_typesupport_c.so" to ""
[12.008s] -- Up-to-date: /home/denis/diploma_ws/install/btcpp_ros2_interfaces/include/btcpp_ros2_interfaces/btcpp_ros2_interfaces
[12.008s] -- Up-to-date: /home/denis/diploma_ws/install/btcpp_ros2_interfaces/include/btcpp_ros2_interfaces/btcpp_ros2_interfaces/action
[12.008s] -- Installing: /home/denis/diploma_ws/install/btcpp_ros2_interfaces/include/btcpp_ros2_interfaces/btcpp_ros2_interfaces/action/sleep.hpp
[12.009s] -- Up-to-date: /home/denis/diploma_ws/install/btcpp_ros2_interfaces/include/btcpp_ros2_interfaces/btcpp_ros2_interfaces/action/detail
[12.010s] -- Installing: /home/denis/diploma_ws/install/btcpp_ros2_interfaces/include/btcpp_ros2_interfaces/btcpp_ros2_interfaces/action/detail/sleep__traits.hpp
[12.011s] -- Installing: /home/denis/diploma_ws/install/btcpp_ros2_interfaces/include/btcpp_ros2_interfaces/btcpp_ros2_interfaces/action/detail/sleep__struct.hpp
[12.011s] -- Installing: /home/denis/diploma_ws/install/btcpp_ros2_interfaces/include/btcpp_ros2_interfaces/btcpp_ros2_interfaces/action/detail/sleep__builder.hpp
[12.011s] -- Up-to-date: /home/denis/diploma_ws/install/btcpp_ros2_interfaces/include/btcpp_ros2_interfaces/btcpp_ros2_interfaces
[12.012s] -- Up-to-date: /home/denis/diploma_ws/install/btcpp_ros2_interfaces/include/btcpp_ros2_interfaces/btcpp_ros2_interfaces/action
[12.013s] -- Up-to-date: /home/denis/diploma_ws/install/btcpp_ros2_interfaces/include/btcpp_ros2_interfaces/btcpp_ros2_interfaces/action/detail
[12.013s] -- Installing: /home/denis/diploma_ws/install/btcpp_ros2_interfaces/include/btcpp_ros2_interfaces/btcpp_ros2_interfaces/action/detail/dds_fastrtps
[12.013s] -- Installing: /home/denis/diploma_ws/install/btcpp_ros2_interfaces/include/btcpp_ros2_interfaces/btcpp_ros2_interfaces/action/detail/sleep__rosidl_typesupport_fastrtps_cpp.hpp
[12.013s] -- Up-to-date: /home/denis/diploma_ws/install/btcpp_ros2_interfaces/include/btcpp_ros2_interfaces/btcpp_ros2_interfaces/msg
[12.014s] -- Installing: /home/denis/diploma_ws/install/btcpp_ros2_interfaces/include/btcpp_ros2_interfaces/btcpp_ros2_interfaces/msg/rosidl_typesupport_fastrtps_cpp__visibility_control.h
[12.014s] -- Installing: /home/denis/diploma_ws/install/btcpp_ros2_interfaces/lib/libbtcpp_ros2_interfaces__rosidl_typesupport_fastrtps_cpp.so
[12.014s] -- Set runtime path of "/home/denis/diploma_ws/install/btcpp_ros2_interfaces/lib/libbtcpp_ros2_interfaces__rosidl_typesupport_fastrtps_cpp.so" to ""
[12.014s] -- Up-to-date: /home/denis/diploma_ws/install/btcpp_ros2_interfaces/include/btcpp_ros2_interfaces/btcpp_ros2_interfaces
[12.014s] -- Up-to-date: /home/denis/diploma_ws/install/btcpp_ros2_interfaces/include/btcpp_ros2_interfaces/btcpp_ros2_interfaces/action
[12.015s] -- Up-to-date: /home/denis/diploma_ws/install/btcpp_ros2_interfaces/include/btcpp_ros2_interfaces/btcpp_ros2_interfaces/action/detail
[12.015s] -- Installing: /home/denis/diploma_ws/install/btcpp_ros2_interfaces/include/btcpp_ros2_interfaces/btcpp_ros2_interfaces/action/detail/sleep__rosidl_typesupport_introspection_cpp.hpp
[12.015s] -- Installing: /home/denis/diploma_ws/install/btcpp_ros2_interfaces/include/btcpp_ros2_interfaces/btcpp_ros2_interfaces/action/detail/sleep__type_support.cpp
[12.015s] -- Installing: /home/denis/diploma_ws/install/btcpp_ros2_interfaces/lib/libbtcpp_ros2_interfaces__rosidl_typesupport_introspection_cpp.so
[12.015s] -- Set runtime path of "/home/denis/diploma_ws/install/btcpp_ros2_interfaces/lib/libbtcpp_ros2_interfaces__rosidl_typesupport_introspection_cpp.so" to ""
[12.016s] -- Installing: /home/denis/diploma_ws/install/btcpp_ros2_interfaces/lib/libbtcpp_ros2_interfaces__rosidl_typesupport_cpp.so
[12.016s] -- Set runtime path of "/home/denis/diploma_ws/install/btcpp_ros2_interfaces/lib/libbtcpp_ros2_interfaces__rosidl_typesupport_cpp.so" to ""
[12.016s] -- Installing: /home/denis/diploma_ws/install/btcpp_ros2_interfaces/share/btcpp_ros2_interfaces/environment/pythonpath.sh
[12.016s] -- Installing: /home/denis/diploma_ws/install/btcpp_ros2_interfaces/share/btcpp_ros2_interfaces/environment/pythonpath.dsv
[12.017s] -- Installing: /home/denis/diploma_ws/install/btcpp_ros2_interfaces/local/lib/python3.10/dist-packages/btcpp_ros2_interfaces-0.2.0-py3.10.egg-info
[12.017s] -- Installing: /home/denis/diploma_ws/install/btcpp_ros2_interfaces/local/lib/python3.10/dist-packages/btcpp_ros2_interfaces-0.2.0-py3.10.egg-info/SOURCES.txt
[12.017s] -- Installing: /home/denis/diploma_ws/install/btcpp_ros2_interfaces/local/lib/python3.10/dist-packages/btcpp_ros2_interfaces-0.2.0-py3.10.egg-info/dependency_links.txt
[12.017s] -- Installing: /home/denis/diploma_ws/install/btcpp_ros2_interfaces/local/lib/python3.10/dist-packages/btcpp_ros2_interfaces-0.2.0-py3.10.egg-info/PKG-INFO
[12.017s] -- Installing: /home/denis/diploma_ws/install/btcpp_ros2_interfaces/local/lib/python3.10/dist-packages/btcpp_ros2_interfaces-0.2.0-py3.10.egg-info/top_level.txt
[12.018s] -- Installing: /home/denis/diploma_ws/install/btcpp_ros2_interfaces/local/lib/python3.10/dist-packages/btcpp_ros2_interfaces
[12.018s] -- Installing: /home/denis/diploma_ws/install/btcpp_ros2_interfaces/local/lib/python3.10/dist-packages/btcpp_ros2_interfaces/btcpp_ros2_interfaces_s__rosidl_typesupport_introspection_c.cpython-310-x86_64-linux-gnu.so
[12.018s] -- Installing: /home/denis/diploma_ws/install/btcpp_ros2_interfaces/local/lib/python3.10/dist-packages/btcpp_ros2_interfaces/btcpp_ros2_interfaces_s__rosidl_typesupport_c.cpython-310-x86_64-linux-gnu.so
[12.018s] -- Installing: /home/denis/diploma_ws/install/btcpp_ros2_interfaces/local/lib/python3.10/dist-packages/btcpp_ros2_interfaces/btcpp_ros2_interfaces_s__rosidl_typesupport_fastrtps_c.cpython-310-x86_64-linux-gnu.so
[12.019s] -- Installing: /home/denis/diploma_ws/install/btcpp_ros2_interfaces/local/lib/python3.10/dist-packages/btcpp_ros2_interfaces/action
[12.019s] -- Installing: /home/denis/diploma_ws/install/btcpp_ros2_interfaces/local/lib/python3.10/dist-packages/btcpp_ros2_interfaces/action/_sleep_s.c
[12.019s] -- Installing: /home/denis/diploma_ws/install/btcpp_ros2_interfaces/local/lib/python3.10/dist-packages/btcpp_ros2_interfaces/action/__init__.py
[12.019s] -- Installing: /home/denis/diploma_ws/install/btcpp_ros2_interfaces/local/lib/python3.10/dist-packages/btcpp_ros2_interfaces/action/_sleep.py
[12.019s] -- Installing: /home/denis/diploma_ws/install/btcpp_ros2_interfaces/local/lib/python3.10/dist-packages/btcpp_ros2_interfaces/_btcpp_ros2_interfaces_s.ep.rosidl_typesupport_c.c
[12.020s] -- Installing: /home/denis/diploma_ws/install/btcpp_ros2_interfaces/local/lib/python3.10/dist-packages/btcpp_ros2_interfaces/_btcpp_ros2_interfaces_s.ep.rosidl_typesupport_introspection_c.c
[12.020s] -- Installing: /home/denis/diploma_ws/install/btcpp_ros2_interfaces/local/lib/python3.10/dist-packages/btcpp_ros2_interfaces/__init__.py
[12.020s] -- Installing: /home/denis/diploma_ws/install/btcpp_ros2_interfaces/local/lib/python3.10/dist-packages/btcpp_ros2_interfaces/_btcpp_ros2_interfaces_s.ep.rosidl_typesupport_fastrtps_c.c
[12.021s] -- Installing: /home/denis/diploma_ws/install/btcpp_ros2_interfaces/local/lib/python3.10/dist-packages/btcpp_ros2_interfaces/libbtcpp_ros2_interfaces__rosidl_generator_py.so
[12.086s] Listing '/home/denis/diploma_ws/install/btcpp_ros2_interfaces/local/lib/python3.10/dist-packages/btcpp_ros2_interfaces'...
[12.086s] Compiling '/home/denis/diploma_ws/install/btcpp_ros2_interfaces/local/lib/python3.10/dist-packages/btcpp_ros2_interfaces/__init__.py'...
[12.087s] Listing '/home/denis/diploma_ws/install/btcpp_ros2_interfaces/local/lib/python3.10/dist-packages/btcpp_ros2_interfaces/action'...
[12.087s] Compiling '/home/denis/diploma_ws/install/btcpp_ros2_interfaces/local/lib/python3.10/dist-packages/btcpp_ros2_interfaces/action/__init__.py'...
[12.087s] Compiling '/home/denis/diploma_ws/install/btcpp_ros2_interfaces/local/lib/python3.10/dist-packages/btcpp_ros2_interfaces/action/_sleep.py'...
[12.095s] -- Installing: /home/denis/diploma_ws/install/btcpp_ros2_interfaces/local/lib/python3.10/dist-packages/btcpp_ros2_interfaces/btcpp_ros2_interfaces_s__rosidl_typesupport_fastrtps_c.cpython-310-x86_64-linux-gnu.so
[12.096s] -- Set runtime path of "/home/denis/diploma_ws/install/btcpp_ros2_interfaces/local/lib/python3.10/dist-packages/btcpp_ros2_interfaces/btcpp_ros2_interfaces_s__rosidl_typesupport_fastrtps_c.cpython-310-x86_64-linux-gnu.so" to ""
[12.096s] -- Installing: /home/denis/diploma_ws/install/btcpp_ros2_interfaces/local/lib/python3.10/dist-packages/btcpp_ros2_interfaces/btcpp_ros2_interfaces_s__rosidl_typesupport_introspection_c.cpython-310-x86_64-linux-gnu.so
[12.097s] -- Set runtime path of "/home/denis/diploma_ws/install/btcpp_ros2_interfaces/local/lib/python3.10/dist-packages/btcpp_ros2_interfaces/btcpp_ros2_interfaces_s__rosidl_typesupport_introspection_c.cpython-310-x86_64-linux-gnu.so" to ""
[12.097s] -- Installing: /home/denis/diploma_ws/install/btcpp_ros2_interfaces/local/lib/python3.10/dist-packages/btcpp_ros2_interfaces/btcpp_ros2_interfaces_s__rosidl_typesupport_c.cpython-310-x86_64-linux-gnu.so
[12.098s] -- Set runtime path of "/home/denis/diploma_ws/install/btcpp_ros2_interfaces/local/lib/python3.10/dist-packages/btcpp_ros2_interfaces/btcpp_ros2_interfaces_s__rosidl_typesupport_c.cpython-310-x86_64-linux-gnu.so" to ""
[12.099s] -- Installing: /home/denis/diploma_ws/install/btcpp_ros2_interfaces/lib/libbtcpp_ros2_interfaces__rosidl_generator_py.so
[12.099s] -- Set runtime path of "/home/denis/diploma_ws/install/btcpp_ros2_interfaces/lib/libbtcpp_ros2_interfaces__rosidl_generator_py.so" to ""
[12.100s] -- Installing: /home/denis/diploma_ws/install/btcpp_ros2_interfaces/share/btcpp_ros2_interfaces/action/Sleep.idl
[12.100s] -- Installing: /home/denis/diploma_ws/install/btcpp_ros2_interfaces/share/btcpp_ros2_interfaces/action/Sleep.action
[12.100s] -- Installing: /home/denis/diploma_ws/install/btcpp_ros2_interfaces/share/ament_index/resource_index/package_run_dependencies/btcpp_ros2_interfaces
[12.100s] -- Installing: /home/denis/diploma_ws/install/btcpp_ros2_interfaces/share/ament_index/resource_index/parent_prefix_path/btcpp_ros2_interfaces
[12.101s] -- Installing: /home/denis/diploma_ws/install/btcpp_ros2_interfaces/share/btcpp_ros2_interfaces/environment/ament_prefix_path.sh
[12.101s] -- Installing: /home/denis/diploma_ws/install/btcpp_ros2_interfaces/share/btcpp_ros2_interfaces/environment/ament_prefix_path.dsv
[12.101s] -- Installing: /home/denis/diploma_ws/install/btcpp_ros2_interfaces/share/btcpp_ros2_interfaces/environment/path.sh
[12.102s] -- Installing: /home/denis/diploma_ws/install/btcpp_ros2_interfaces/share/btcpp_ros2_interfaces/environment/path.dsv
[12.102s] -- Installing: /home/denis/diploma_ws/install/btcpp_ros2_interfaces/share/btcpp_ros2_interfaces/local_setup.bash
[12.102s] -- Installing: /home/denis/diploma_ws/install/btcpp_ros2_interfaces/share/btcpp_ros2_interfaces/local_setup.sh
[12.102s] -- Installing: /home/denis/diploma_ws/install/btcpp_ros2_interfaces/share/btcpp_ros2_interfaces/local_setup.zsh
[12.103s] -- Installing: /home/denis/diploma_ws/install/btcpp_ros2_interfaces/share/btcpp_ros2_interfaces/local_setup.dsv
[12.103s] -- Installing: /home/denis/diploma_ws/install/btcpp_ros2_interfaces/share/btcpp_ros2_interfaces/package.dsv
[12.103s] -- Installing: /home/denis/diploma_ws/install/btcpp_ros2_interfaces/share/ament_index/resource_index/packages/btcpp_ros2_interfaces
[12.104s] -- Installing: /home/denis/diploma_ws/install/btcpp_ros2_interfaces/share/btcpp_ros2_interfaces/cmake/export_btcpp_ros2_interfaces__rosidl_generator_cExport.cmake
[12.104s] -- Installing: /home/denis/diploma_ws/install/btcpp_ros2_interfaces/share/btcpp_ros2_interfaces/cmake/export_btcpp_ros2_interfaces__rosidl_generator_cExport-noconfig.cmake
[12.104s] -- Installing: /home/denis/diploma_ws/install/btcpp_ros2_interfaces/share/btcpp_ros2_interfaces/cmake/export_btcpp_ros2_interfaces__rosidl_typesupport_fastrtps_cExport.cmake
[12.105s] -- Installing: /home/denis/diploma_ws/install/btcpp_ros2_interfaces/share/btcpp_ros2_interfaces/cmake/export_btcpp_ros2_interfaces__rosidl_typesupport_fastrtps_cExport-noconfig.cmake
[12.105s] -- Installing: /home/denis/diploma_ws/install/btcpp_ros2_interfaces/share/btcpp_ros2_interfaces/cmake/btcpp_ros2_interfaces__rosidl_typesupport_introspection_cExport.cmake
[12.105s] -- Installing: /home/denis/diploma_ws/install/btcpp_ros2_interfaces/share/btcpp_ros2_interfaces/cmake/btcpp_ros2_interfaces__rosidl_typesupport_introspection_cExport-noconfig.cmake
[12.106s] -- Installing: /home/denis/diploma_ws/install/btcpp_ros2_interfaces/share/btcpp_ros2_interfaces/cmake/btcpp_ros2_interfaces__rosidl_typesupport_cExport.cmake
[12.106s] -- Installing: /home/denis/diploma_ws/install/btcpp_ros2_interfaces/share/btcpp_ros2_interfaces/cmake/btcpp_ros2_interfaces__rosidl_typesupport_cExport-noconfig.cmake
[12.106s] -- Installing: /home/denis/diploma_ws/install/btcpp_ros2_interfaces/share/btcpp_ros2_interfaces/cmake/export_btcpp_ros2_interfaces__rosidl_generator_cppExport.cmake
[12.106s] -- Installing: /home/denis/diploma_ws/install/btcpp_ros2_interfaces/share/btcpp_ros2_interfaces/cmake/export_btcpp_ros2_interfaces__rosidl_typesupport_fastrtps_cppExport.cmake
[12.107s] -- Installing: /home/denis/diploma_ws/install/btcpp_ros2_interfaces/share/btcpp_ros2_interfaces/cmake/export_btcpp_ros2_interfaces__rosidl_typesupport_fastrtps_cppExport-noconfig.cmake
[12.107s] -- Installing: /home/denis/diploma_ws/install/btcpp_ros2_interfaces/share/btcpp_ros2_interfaces/cmake/btcpp_ros2_interfaces__rosidl_typesupport_introspection_cppExport.cmake
[12.107s] -- Installing: /home/denis/diploma_ws/install/btcpp_ros2_interfaces/share/btcpp_ros2_interfaces/cmake/btcpp_ros2_interfaces__rosidl_typesupport_introspection_cppExport-noconfig.cmake
[12.108s] -- Installing: /home/denis/diploma_ws/install/btcpp_ros2_interfaces/share/btcpp_ros2_interfaces/cmake/btcpp_ros2_interfaces__rosidl_typesupport_cppExport.cmake
[12.108s] -- Installing: /home/denis/diploma_ws/install/btcpp_ros2_interfaces/share/btcpp_ros2_interfaces/cmake/btcpp_ros2_interfaces__rosidl_typesupport_cppExport-noconfig.cmake
[12.108s] -- Installing: /home/denis/diploma_ws/install/btcpp_ros2_interfaces/share/btcpp_ros2_interfaces/cmake/export_btcpp_ros2_interfaces__rosidl_generator_pyExport.cmake
[12.108s] -- Installing: /home/denis/diploma_ws/install/btcpp_ros2_interfaces/share/btcpp_ros2_interfaces/cmake/export_btcpp_ros2_interfaces__rosidl_generator_pyExport-noconfig.cmake
[12.109s] -- Installing: /home/denis/diploma_ws/install/btcpp_ros2_interfaces/share/btcpp_ros2_interfaces/cmake/rosidl_cmake-extras.cmake
[12.109s] -- Installing: /home/denis/diploma_ws/install/btcpp_ros2_interfaces/share/btcpp_ros2_interfaces/cmake/ament_cmake_export_dependencies-extras.cmake
[12.109s] -- Installing: /home/denis/diploma_ws/install/btcpp_ros2_interfaces/share/btcpp_ros2_interfaces/cmake/ament_cmake_export_include_directories-extras.cmake
[12.110s] -- Installing: /home/denis/diploma_ws/install/btcpp_ros2_interfaces/share/btcpp_ros2_interfaces/cmake/ament_cmake_export_libraries-extras.cmake
[12.110s] -- Installing: /home/denis/diploma_ws/install/btcpp_ros2_interfaces/share/btcpp_ros2_interfaces/cmake/ament_cmake_export_targets-extras.cmake
[12.110s] -- Installing: /home/denis/diploma_ws/install/btcpp_ros2_interfaces/share/btcpp_ros2_interfaces/cmake/rosidl_cmake_export_typesupport_targets-extras.cmake
[12.111s] -- Installing: /home/denis/diploma_ws/install/btcpp_ros2_interfaces/share/btcpp_ros2_interfaces/cmake/rosidl_cmake_export_typesupport_libraries-extras.cmake
[12.111s] -- Installing: /home/denis/diploma_ws/install/btcpp_ros2_interfaces/share/btcpp_ros2_interfaces/cmake/btcpp_ros2_interfacesConfig.cmake
[12.111s] -- Installing: /home/denis/diploma_ws/install/btcpp_ros2_interfaces/share/btcpp_ros2_interfaces/cmake/btcpp_ros2_interfacesConfig-version.cmake
[12.111s] -- Installing: /home/denis/diploma_ws/install/btcpp_ros2_interfaces/share/btcpp_ros2_interfaces/package.xml
[12.115s] Invoked command in '/home/denis/diploma_ws/build/btcpp_ros2_interfaces' returned '0': CMAKE_PREFIX_PATH=/opt/ros/humble /usr/bin/cmake --install /home/denis/diploma_ws/build/btcpp_ros2_interfaces
