[0.027s] Invoking command in '/home/denis/diploma_ws/build/ssu': CMAKE_PREFIX_PATH=/opt/ros/humble /usr/bin/cmake --build /home/denis/diploma_ws/build/ssu -- -j4 -l4
[0.181s] [100%] Built target sensor_supervisitory_unit
[0.206s] Invoked command in '/home/denis/diploma_ws/build/ssu' returned '0': CMAKE_PREFIX_PATH=/opt/ros/humble /usr/bin/cmake --build /home/denis/diploma_ws/build/ssu -- -j4 -l4
[0.271s] Invoking command in '/home/denis/diploma_ws/build/ssu': CMAKE_PREFIX_PATH=/opt/ros/humble /usr/bin/cmake --install /home/denis/diploma_ws/build/ssu
[0.290s] -- Install configuration: ""
[0.291s] -- Up-to-date: /home/denis/diploma_ws/install/ssu/lib/ssu/sensor_supervisitory_unit
[0.291s] -- Up-to-date: /home/denis/diploma_ws/install/ssu/share/ssu/launch
[0.292s] -- Up-to-date: /home/denis/diploma_ws/install/ssu/share/ssu/launch/sensor_supervisitory_unit.launch.py
[0.292s] -- Up-to-date: /home/denis/diploma_ws/install/ssu/share/ament_index/resource_index/package_run_dependencies/ssu
[0.292s] -- Up-to-date: /home/denis/diploma_ws/install/ssu/share/ament_index/resource_index/parent_prefix_path/ssu
[0.293s] -- Up-to-date: /home/denis/diploma_ws/install/ssu/share/ssu/environment/ament_prefix_path.sh
[0.293s] -- Up-to-date: /home/denis/diploma_ws/install/ssu/share/ssu/environment/ament_prefix_path.dsv
[0.295s] -- Up-to-date: /home/denis/diploma_ws/install/ssu/share/ssu/environment/path.sh
[0.295s] -- Up-to-date: /home/denis/diploma_ws/install/ssu/share/ssu/environment/path.dsv
[0.296s] -- Up-to-date: /home/denis/diploma_ws/install/ssu/share/ssu/local_setup.bash
[0.296s] -- Up-to-date: /home/denis/diploma_ws/install/ssu/share/ssu/local_setup.sh
[0.296s] -- Up-to-date: /home/denis/diploma_ws/install/ssu/share/ssu/local_setup.zsh
[0.296s] -- Up-to-date: /home/denis/diploma_ws/install/ssu/share/ssu/local_setup.dsv
[0.296s] -- Installing: /home/denis/diploma_ws/install/ssu/share/ssu/package.dsv
[0.297s] -- Up-to-date: /home/denis/diploma_ws/install/ssu/share/ament_index/resource_index/packages/ssu
[0.298s] -- Up-to-date: /home/denis/diploma_ws/install/ssu/share/ssu/cmake/ssuConfig.cmake
[0.301s] -- Up-to-date: /home/denis/diploma_ws/install/ssu/share/ssu/cmake/ssuConfig-version.cmake
[0.301s] -- Up-to-date: /home/denis/diploma_ws/install/ssu/share/ssu/package.xml
[0.310s] Invoked command in '/home/denis/diploma_ws/build/ssu' returned '0': CMAKE_PREFIX_PATH=/opt/ros/humble /usr/bin/cmake --install /home/denis/diploma_ws/build/ssu
