[35m[1mConsolidate compiler generated dependencies of target lidar_bt[0m
[100%] Built target lidar_bt
-- Install configuration: ""
-- Up-to-date: /home/denis/diploma_ws/install/bt/lib/bt/lidar_bt
-- Installing: /home/denis/diploma_ws/install/bt/share/bt/resources
-- Installing: /home/denis/diploma_ws/install/bt/share/bt/resources/lidar_bt.xml
-- Installing: /home/denis/diploma_ws/install/bt/share/bt/launch
-- Installing: /home/denis/diploma_ws/install/bt/share/bt/launch/lidar_bt.launch.py
-- Installing: /home/denis/diploma_ws/install/bt/share/ament_index/resource_index/package_run_dependencies/bt
-- Installing: /home/denis/diploma_ws/install/bt/share/ament_index/resource_index/parent_prefix_path/bt
-- Up-to-date: /home/denis/diploma_ws/install/bt/share/bt/environment/ament_prefix_path.sh
-- Installing: /home/denis/diploma_ws/install/bt/share/bt/environment/ament_prefix_path.dsv
-- Up-to-date: /home/denis/diploma_ws/install/bt/share/bt/environment/path.sh
-- Installing: /home/denis/diploma_ws/install/bt/share/bt/environment/path.dsv
-- Up-to-date: /home/denis/diploma_ws/install/bt/share/bt/local_setup.bash
-- Up-to-date: /home/denis/diploma_ws/install/bt/share/bt/local_setup.sh
-- Up-to-date: /home/denis/diploma_ws/install/bt/share/bt/local_setup.zsh
-- Installing: /home/denis/diploma_ws/install/bt/share/bt/local_setup.dsv
-- Installing: /home/denis/diploma_ws/install/bt/share/bt/package.dsv
-- Up-to-date: /home/denis/diploma_ws/install/bt/share/ament_index/resource_index/packages/bt
-- Up-to-date: /home/denis/diploma_ws/install/bt/share/bt/cmake/btConfig.cmake
-- Up-to-date: /home/denis/diploma_ws/install/bt/share/bt/cmake/btConfig-version.cmake
-- Installing: /home/denis/diploma_ws/install/bt/share/bt/package.xml
