[0.043s] Invoking command in '/home/denis/diploma_ws/src/build/turtlebot3_simulations': CMAKE_PREFIX_PATH=/home/denis/diploma_ws/src/install/turtlebot3_gazebo:/home/denis/diploma_ws/src/install/turtlebot3_fake_node:/home/denis/diploma_ws/src/install/turtlebot3_simulations:/home/denis/diploma_ws/src/install/turtlebot3_navigation2:/home/denis/diploma_ws/src/install/ssu:/home/denis/diploma_ws/src/install/nav2_bringup:/home/denis/diploma_ws/src/install/groot:/home/denis/diploma_ws/src/install/fsu:/home/denis/diploma_ws/src/install/csu:/home/denis/diploma_ws/src/install/btcpp_ros2_interfaces:/home/denis/diploma_ws/src/install/bt:/home/denis/diploma_ws/src/install/behaviortree_cpp_v3:/opt/ros/humble /usr/bin/cmake --build /home/denis/diploma_ws/src/build/turtlebot3_simulations -- -j4 -l4
[0.169s] Invoked command in '/home/denis/diploma_ws/src/build/turtlebot3_simulations' returned '0': CMAKE_PREFIX_PATH=/home/denis/diploma_ws/src/install/turtlebot3_gazebo:/home/denis/diploma_ws/src/install/turtlebot3_fake_node:/home/denis/diploma_ws/src/install/turtlebot3_simulations:/home/denis/diploma_ws/src/install/turtlebot3_navigation2:/home/denis/diploma_ws/src/install/ssu:/home/denis/diploma_ws/src/install/nav2_bringup:/home/denis/diploma_ws/src/install/groot:/home/denis/diploma_ws/src/install/fsu:/home/denis/diploma_ws/src/install/csu:/home/denis/diploma_ws/src/install/btcpp_ros2_interfaces:/home/denis/diploma_ws/src/install/bt:/home/denis/diploma_ws/src/install/behaviortree_cpp_v3:/opt/ros/humble /usr/bin/cmake --build /home/denis/diploma_ws/src/build/turtlebot3_simulations -- -j4 -l4
[0.240s] Invoking command in '/home/denis/diploma_ws/src/build/turtlebot3_simulations': CMAKE_PREFIX_PATH=/home/denis/diploma_ws/src/install/turtlebot3_gazebo:/home/denis/diploma_ws/src/install/turtlebot3_fake_node:/home/denis/diploma_ws/src/install/turtlebot3_simulations:/home/denis/diploma_ws/src/install/turtlebot3_navigation2:/home/denis/diploma_ws/src/install/ssu:/home/denis/diploma_ws/src/install/nav2_bringup:/home/denis/diploma_ws/src/install/groot:/home/denis/diploma_ws/src/install/fsu:/home/denis/diploma_ws/src/install/csu:/home/denis/diploma_ws/src/install/btcpp_ros2_interfaces:/home/denis/diploma_ws/src/install/bt:/home/denis/diploma_ws/src/install/behaviortree_cpp_v3:/opt/ros/humble /usr/bin/cmake --install /home/denis/diploma_ws/src/build/turtlebot3_simulations
[0.278s] -- Install configuration: ""
[0.282s] -- Up-to-date: /home/denis/diploma_ws/src/install/turtlebot3_simulations/share/ament_index/resource_index/package_run_dependencies/turtlebot3_simulations
[0.282s] -- Up-to-date: /home/denis/diploma_ws/src/install/turtlebot3_simulations/share/ament_index/resource_index/parent_prefix_path/turtlebot3_simulations
[0.282s] -- Up-to-date: /home/denis/diploma_ws/src/install/turtlebot3_simulations/share/turtlebot3_simulations/environment/ament_prefix_path.sh
[0.283s] -- Up-to-date: /home/denis/diploma_ws/src/install/turtlebot3_simulations/share/turtlebot3_simulations/environment/ament_prefix_path.dsv
[0.283s] -- Up-to-date: /home/denis/diploma_ws/src/install/turtlebot3_simulations/share/turtlebot3_simulations/environment/path.sh
[0.283s] -- Up-to-date: /home/denis/diploma_ws/src/install/turtlebot3_simulations/share/turtlebot3_simulations/environment/path.dsv
[0.283s] -- Up-to-date: /home/denis/diploma_ws/src/install/turtlebot3_simulations/share/turtlebot3_simulations/local_setup.bash
[0.283s] -- Up-to-date: /home/denis/diploma_ws/src/install/turtlebot3_simulations/share/turtlebot3_simulations/local_setup.sh
[0.283s] -- Up-to-date: /home/denis/diploma_ws/src/install/turtlebot3_simulations/share/turtlebot3_simulations/local_setup.zsh
[0.284s] -- Up-to-date: /home/denis/diploma_ws/src/install/turtlebot3_simulations/share/turtlebot3_simulations/local_setup.dsv
[0.284s] -- Installing: /home/denis/diploma_ws/src/install/turtlebot3_simulations/share/turtlebot3_simulations/package.dsv
[0.284s] -- Up-to-date: /home/denis/diploma_ws/src/install/turtlebot3_simulations/share/ament_index/resource_index/packages/turtlebot3_simulations
[0.285s] -- Up-to-date: /home/denis/diploma_ws/src/install/turtlebot3_simulations/share/turtlebot3_simulations/cmake/turtlebot3_simulationsConfig.cmake
[0.285s] -- Up-to-date: /home/denis/diploma_ws/src/install/turtlebot3_simulations/share/turtlebot3_simulations/cmake/turtlebot3_simulationsConfig-version.cmake
[0.285s] -- Up-to-date: /home/denis/diploma_ws/src/install/turtlebot3_simulations/share/turtlebot3_simulations/package.xml
[0.294s] Invoked command in '/home/denis/diploma_ws/src/build/turtlebot3_simulations' returned '0': CMAKE_PREFIX_PATH=/home/denis/diploma_ws/src/install/turtlebot3_gazebo:/home/denis/diploma_ws/src/install/turtlebot3_fake_node:/home/denis/diploma_ws/src/install/turtlebot3_simulations:/home/denis/diploma_ws/src/install/turtlebot3_navigation2:/home/denis/diploma_ws/src/install/ssu:/home/denis/diploma_ws/src/install/nav2_bringup:/home/denis/diploma_ws/src/install/groot:/home/denis/diploma_ws/src/install/fsu:/home/denis/diploma_ws/src/install/csu:/home/denis/diploma_ws/src/install/btcpp_ros2_interfaces:/home/denis/diploma_ws/src/install/bt:/home/denis/diploma_ws/src/install/behaviortree_cpp_v3:/opt/ros/humble /usr/bin/cmake --install /home/denis/diploma_ws/src/build/turtlebot3_simulations
