[0.031s] Invoking command in '/home/denis/diploma_ws/build/bt': CMAKE_PREFIX_PATH=/home/denis/diploma_ws/install/behaviortree_ros2:/home/denis/diploma_ws/install/behaviortree_cpp:/home/denis/diploma_ws/install/btcpp_ros2_samples:/home/denis/diploma_ws/install/btcpp_ros2_interfaces:/home/denis/diploma_ws/install/turtlebot3_navigation2:/home/denis/diploma_ws/install/turtlebot3_simulations:/home/denis/diploma_ws/install/turtlebot3_gazebo:/home/denis/diploma_ws/install/turtlebot3_fake_node:/home/denis/diploma_ws/install/ssu:/home/denis/diploma_ws/install/fsu:/home/denis/diploma_ws/install/csu:/home/denis/diploma_ws/install/bt:/opt/ros/humble LD_LIBRARY_PATH=/home/denis/diploma_ws/install/behaviortree_cpp/lib:/home/denis/diploma_ws/install/btcpp_ros2_interfaces/lib:/usr/lib/x86_64-linux-gnu/gazebo-11/plugins:/opt/ros/humble/opt/rviz_ogre_vendor/lib:/opt/ros/humble/lib/x86_64-linux-gnu:/opt/ros/humble/lib /usr/bin/cmake --build /home/denis/diploma_ws/build/bt -- -j4 -l4
[0.115s] [35m[1mConsolidate compiler generated dependencies of target lidar_bt_2[0m
[0.155s] [ 50%] [32mBuilding CXX object CMakeFiles/lidar_bt_2.dir/src/lidar_bt_2.cpp.o[0m
[5.332s] In file included from [01m[K/home/denis/diploma_ws/src/bt/src/lidar_bt_2.cpp:1[m[K:
[5.332s] [01m[K/home/denis/diploma_ws/src/bt/include/bt/lidar_check_2.hpp:[m[K In static member function ‘[01m[Kstatic BT::PortsList LidarCheck::providedPorts()[m[K’:
[5.332s] [01m[K/home/denis/diploma_ws/src/bt/include/bt/lidar_check_2.hpp:19:34:[m[K [01;31m[Kerror: [m[Kno matching function for call to ‘[01m[KLidarCheck::providedBasicPorts()[m[K’
[5.332s]    19 |         return [01;31m[KprovidedBasicPorts()[m[K;
[5.333s]       |                [01;31m[K~~~~~~~~~~~~~~~~~~^~[m[K
[5.333s] In file included from [01m[K/home/denis/diploma_ws/src/bt/include/bt/lidar_check_2.hpp:1[m[K,
[5.333s]                  from [01m[K/home/denis/diploma_ws/src/bt/src/lidar_bt_2.cpp:1[m[K:
[5.333s] [01m[K/home/denis/diploma_ws/install/behaviortree_ros2/include/behaviortree_ros2/bt_service_node.hpp:94:20:[m[K [01;36m[Knote: [m[Kcandidate: ‘[01m[Kstatic BT::PortsList BT::RosServiceNode<ServiceT>::providedBasicPorts(BT::PortsList) [with ServiceT = std_srvs::srv::SetBool; BT::PortsList = std::unordered_map<std::__cxx11::basic_string<char>, BT::PortInfo>][m[K’
[5.333s]    94 |   static PortsList [01;36m[KprovidedBasicPorts[m[K(PortsList addition)
[5.333s]       |                    [01;36m[K^~~~~~~~~~~~~~~~~~[m[K
[5.334s] [01m[K/home/denis/diploma_ws/install/behaviortree_ros2/include/behaviortree_ros2/bt_service_node.hpp:94:20:[m[K [01;36m[Knote: [m[K  candidate expects 1 argument, 0 provided
[5.346s] In file included from [01m[K/opt/ros/humble/include/rclcpp/rclcpp/logging.hpp:24[m[K,
[5.346s]                  from [01m[K/opt/ros/humble/include/rclcpp/rclcpp/client.hpp:40[m[K,
[5.347s]                  from [01m[K/opt/ros/humble/include/rclcpp/rclcpp/callback_group.hpp:24[m[K,
[5.347s]                  from [01m[K/opt/ros/humble/include/rclcpp/rclcpp/any_executable.hpp:20[m[K,
[5.347s]                  from [01m[K/opt/ros/humble/include/rclcpp/rclcpp/memory_strategy.hpp:25[m[K,
[5.347s]                  from [01m[K/opt/ros/humble/include/rclcpp/rclcpp/memory_strategies.hpp:18[m[K,
[5.347s]                  from [01m[K/opt/ros/humble/include/rclcpp/rclcpp/executor_options.hpp:20[m[K,
[5.347s]                  from [01m[K/opt/ros/humble/include/rclcpp/rclcpp/executor.hpp:37[m[K,
[5.348s]                  from [01m[K/opt/ros/humble/include/rclcpp/rclcpp/executors/multi_threaded_executor.hpp:25[m[K,
[5.348s]                  from [01m[K/opt/ros/humble/include/rclcpp/rclcpp/executors.hpp:21[m[K,
[5.348s]                  from [01m[K/home/denis/diploma_ws/install/behaviortree_ros2/include/behaviortree_ros2/bt_service_node.hpp:20[m[K,
[5.348s]                  from [01m[K/home/denis/diploma_ws/src/bt/include/bt/lidar_check_2.hpp:1[m[K,
[5.348s]                  from [01m[K/home/denis/diploma_ws/src/bt/src/lidar_bt_2.cpp:1[m[K:
[5.349s] [01m[K/home/denis/diploma_ws/src/bt/src/lidar_bt_2.cpp:[m[K In function ‘[01m[Kint main(int, const char**)[m[K’:
[5.349s] [01m[K/home/denis/diploma_ws/src/bt/src/lidar_bt_2.cpp:30:49:[m[K [01;35m[Kwarning: [m[Kformat ‘[01m[K%d[m[K’ expects argument of type ‘[01m[Kint[m[K’, but argument 5 has type ‘[01m[KBT::NodeStatus[m[K’ [[01;35m[K]8;;https://gcc.gnu.org/onlinedocs/gcc/Warning-Options.html#index-Wformat=-Wformat=]8;;[m[K]
[5.349s]    30 |         RCLCPP_INFO(rclcpp::get_logger("root"), [01;35m[K"BT Status: %d"[m[K, [32m[Kstatus[m[K);
[5.349s]       |                                                 [01;35m[K^~~~~~~~~~~~~~~[m[K  [32m[K~~~~~~[m[K
[5.349s]       |                                                                  [32m[K|[m[K
[5.349s]       |                                                                  [32m[KBT::NodeStatus[m[K
[5.350s] [01m[K/home/denis/diploma_ws/src/bt/src/lidar_bt_2.cpp:30:62:[m[K [01;36m[Knote: [m[Kformat string is defined here
[5.350s]    30 |         RCLCPP_INFO(rclcpp::get_logger("root"), "BT Status: [01;36m[K%d[m[K", status);
[5.350s]       |                                                             [01;36m[K~^[m[K
[5.350s]       |                                                              [01;36m[K|[m[K
[5.351s]       |                                                              [01;36m[Kint[m[K
[6.977s] In file included from [01m[K/home/denis/diploma_ws/install/behaviortree_cpp/include/behaviortree_cpp/control_node.h:17[m[K,
[6.977s]                  from [01m[K/home/denis/diploma_ws/install/behaviortree_cpp/include/behaviortree_cpp/controls/parallel_node.h:17[m[K,
[6.977s]                  from [01m[K/home/denis/diploma_ws/install/behaviortree_cpp/include/behaviortree_cpp/behavior_tree.h:16[m[K,
[6.977s]                  from [01m[K/home/denis/diploma_ws/install/behaviortree_cpp/include/behaviortree_cpp/bt_factory.h:25[m[K,
[6.977s]                  from [01m[K/home/denis/diploma_ws/install/behaviortree_ros2/include/behaviortree_ros2/bt_service_node.hpp:22[m[K,
[6.978s]                  from [01m[K/home/denis/diploma_ws/src/bt/include/bt/lidar_check_2.hpp:1[m[K,
[6.978s]                  from [01m[K/home/denis/diploma_ws/src/bt/src/lidar_bt_2.cpp:1[m[K:
[6.978s] /home/denis/diploma_ws/install/behaviortree_cpp/include/behaviortree_cpp/tree_node.h: In instantiation of ‘[01m[Kstatic std::unique_ptr<BT::TreeNode> BT::TreeNode::Instantiate(const string&, const BT::NodeConfig&, ExtraArgs ...) [with DerivedT = LidarCheck; ExtraArgs = {BT::RosNodeParams}; std::string = std::__cxx11::basic_string<char>][m[K’:
[6.978s] [01m[K/home/denis/diploma_ws/install/behaviortree_cpp/include/behaviortree_cpp/bt_factory.h:37:45:[m[K   required from ‘[01m[KBT::NodeBuilder BT::CreateBuilder(Args ...) [with T = LidarCheck; Args = {BT::RosNodeParams}; BT::NodeBuilder = std::function<std::unique_ptr<BT::TreeNode>(const std::__cxx11::basic_string<char>&, const BT::NodeConfig&)>][m[K’
[6.978s] [01m[K/home/denis/diploma_ws/install/behaviortree_cpp/include/behaviortree_cpp/bt_factory.h:349:67:[m[K   required from ‘[01m[Kvoid BT::BehaviorTreeFactory::registerNodeType(const string&, const PortsList&, ExtraArgs ...) [with T = LidarCheck; ExtraArgs = {BT::RosNodeParams}; std::string = std::__cxx11::basic_string<char>; BT::PortsList = std::unordered_map<std::__cxx11::basic_string<char>, BT::PortInfo>][m[K’
[6.978s] [01m[K/home/denis/diploma_ws/install/behaviortree_cpp/include/behaviortree_cpp/bt_factory.h:385:24:[m[K   required from ‘[01m[Kvoid BT::BehaviorTreeFactory::registerNodeType(const string&, ExtraArgs ...) [with T = LidarCheck; ExtraArgs = {BT::RosNodeParams}; std::string = std::__cxx11::basic_string<char>][m[K’
[6.979s] [01m[K/home/denis/diploma_ws/src/bt/src/lidar_bt_2.cpp:16:41:[m[K   required from here
[6.979s] [01m[K/home/denis/diploma_ws/install/behaviortree_cpp/include/behaviortree_cpp/tree_node.h:344:62:[m[K [01;31m[Kerror: [m[Kcould not convert ‘[01m[Kstd::make_unique(_Args&& ...) [with _Tp = LidarCheck; _Args = {const std::__cxx11::basic_string<char, std::char_traits<char>, std::allocator<char> >&, const BT::NodeConfig&, BT::RosNodeParams&}; typename std::_MakeUniq<_Tp>::__single_object = std::unique_ptr<LidarCheck, std::default_delete<LidarCheck> >]((* & config), args#0)[m[K’ from ‘[01m[Kunique_ptr<[01;32m[KLidarCheck[m[K,default_delete<[01;32m[KLidarCheck[m[K>>[m[K’ to ‘[01m[Kunique_ptr<[01;32m[KBT::TreeNode[m[K,default_delete<[01;32m[KBT::TreeNode[m[K>>[m[K’
[6.979s]   344 |       return std::make_unique<DerivedT>(name, config, args...[01;31m[K)[m[K;
[6.979s]       |                                                              [01;31m[K^[m[K
[6.979s]       |                                                              [01;31m[K|[m[K
[6.979s]       |                                                              [01;31m[Kunique_ptr<LidarCheck,default_delete<LidarCheck>>[m[K
[8.069s] gmake[2]: *** [CMakeFiles/lidar_bt_2.dir/build.make:76: CMakeFiles/lidar_bt_2.dir/src/lidar_bt_2.cpp.o] Error 1
[8.069s] gmake[1]: *** [CMakeFiles/Makefile2:137: CMakeFiles/lidar_bt_2.dir/all] Error 2
[8.069s] gmake: *** [Makefile:146: all] Error 2
[8.073s] Invoked command in '/home/denis/diploma_ws/build/bt' returned '2': CMAKE_PREFIX_PATH=/home/denis/diploma_ws/install/behaviortree_ros2:/home/denis/diploma_ws/install/behaviortree_cpp:/home/denis/diploma_ws/install/btcpp_ros2_samples:/home/denis/diploma_ws/install/btcpp_ros2_interfaces:/home/denis/diploma_ws/install/turtlebot3_navigation2:/home/denis/diploma_ws/install/turtlebot3_simulations:/home/denis/diploma_ws/install/turtlebot3_gazebo:/home/denis/diploma_ws/install/turtlebot3_fake_node:/home/denis/diploma_ws/install/ssu:/home/denis/diploma_ws/install/fsu:/home/denis/diploma_ws/install/csu:/home/denis/diploma_ws/install/bt:/opt/ros/humble LD_LIBRARY_PATH=/home/denis/diploma_ws/install/behaviortree_cpp/lib:/home/denis/diploma_ws/install/btcpp_ros2_interfaces/lib:/usr/lib/x86_64-linux-gnu/gazebo-11/plugins:/opt/ros/humble/opt/rviz_ogre_vendor/lib:/opt/ros/humble/lib/x86_64-linux-gnu:/opt/ros/humble/lib /usr/bin/cmake --build /home/denis/diploma_ws/build/bt -- -j4 -l4
