[0.019s] Invoking command in '/home/denis/diploma_ws/build/btcpp_ros2_samples': AMENT_PREFIX_PATH=/home/denis/diploma_ws/install/behaviortree_ros2:/home/denis/diploma_ws/install/btcpp_ros2_interfaces:/home/denis/diploma_ws/install/behaviortree_cpp:${AMENT_PREFIX_PATH} CMAKE_PREFIX_PATH=/home/denis/diploma_ws/install/behaviortree_ros2:/home/denis/diploma_ws/install/btcpp_ros2_interfaces:/home/denis/diploma_ws/install/behaviortree_cpp:/opt/ros/humble LD_LIBRARY_PATH=/home/denis/diploma_ws/install/btcpp_ros2_interfaces/lib:/home/denis/diploma_ws/install/behaviortree_cpp/lib:${LD_LIBRARY_PATH} PATH=/home/denis/diploma_ws/install/behaviortree_cpp/bin:${PATH} PYTHONPATH=/home/denis/diploma_ws/install/btcpp_ros2_interfaces/local/lib/python3.10/dist-packages:${PYTHONPATH} /usr/bin/cmake /home/denis/diploma_ws/src/BehaviorTree.ROS2/btcpp_ros2_samples -DCMAKE_INSTALL_PREFIX=/home/denis/diploma_ws/install/btcpp_ros2_samples
[0.108s] -- The C compiler identification is GNU 11.4.0
[0.200s] -- The CXX compiler identification is GNU 11.4.0
[0.211s] -- Detecting C compiler ABI info
[0.326s] -- Detecting C compiler ABI info - done
[0.338s] -- Check for working C compiler: /usr/bin/cc - skipped
[0.339s] -- Detecting C compile features
[0.339s] -- Detecting C compile features - done
[0.344s] -- Detecting CXX compiler ABI info
[0.476s] -- Detecting CXX compiler ABI info - done
[0.488s] -- Check for working CXX compiler: /usr/bin/c++ - skipped
[0.488s] -- Detecting CXX compile features
[0.489s] -- Detecting CXX compile features - done
[0.493s] -- Found ament_cmake: 1.3.8 (/opt/ros/humble/share/ament_cmake/cmake)
[0.732s] -- Found Python3: /usr/bin/python3 (found version "3.10.12") found components: Interpreter 
[0.876s] -- Found behaviortree_ros2: 0.2.0 (/home/denis/diploma_ws/install/behaviortree_ros2/share/behaviortree_ros2/cmake)
[0.961s] -- Found rosidl_generator_c: 3.1.5 (/opt/ros/humble/share/rosidl_generator_c/cmake)
[0.972s] -- Found rosidl_adapter: 3.1.5 (/opt/ros/humble/share/rosidl_adapter/cmake)
[0.991s] -- Found rosidl_generator_cpp: 3.1.5 (/opt/ros/humble/share/rosidl_generator_cpp/cmake)
[1.015s] -- Using all available rosidl_typesupport_c: rosidl_typesupport_fastrtps_c;rosidl_typesupport_introspection_c
[1.053s] -- Using all available rosidl_typesupport_cpp: rosidl_typesupport_fastrtps_cpp;rosidl_typesupport_introspection_cpp
[1.188s] -- Found rmw_implementation_cmake: 6.1.1 (/opt/ros/humble/share/rmw_implementation_cmake/cmake)
[1.193s] -- Found rmw_fastrtps_cpp: 6.2.6 (/opt/ros/humble/share/rmw_fastrtps_cpp/cmake)
[1.370s] -- Found OpenSSL: /usr/lib/x86_64-linux-gnu/libcrypto.so (found version "3.0.2")  
[1.420s] -- Found FastRTPS: /opt/ros/humble/include  
[1.503s] -- Using RMW implementation 'rmw_fastrtps_cpp' as default
[1.521s] -- Looking for pthread.h
[1.643s] -- Looking for pthread.h - found
[1.643s] -- Performing Test CMAKE_HAVE_LIBC_PTHREAD
[1.764s] -- Performing Test CMAKE_HAVE_LIBC_PTHREAD - Success
[1.765s] -- Found Threads: TRUE  
[2.227s] -- Found btcpp_ros2_interfaces: 0.2.0 (/home/denis/diploma_ws/install/btcpp_ros2_interfaces/share/btcpp_ros2_interfaces/cmake)
[2.600s] -- Configuring done
[2.768s] -- Generating done
[2.771s] -- Build files have been written to: /home/denis/diploma_ws/build/btcpp_ros2_samples
[2.786s] Invoked command in '/home/denis/diploma_ws/build/btcpp_ros2_samples' returned '0': AMENT_PREFIX_PATH=/home/denis/diploma_ws/install/behaviortree_ros2:/home/denis/diploma_ws/install/btcpp_ros2_interfaces:/home/denis/diploma_ws/install/behaviortree_cpp:${AMENT_PREFIX_PATH} CMAKE_PREFIX_PATH=/home/denis/diploma_ws/install/behaviortree_ros2:/home/denis/diploma_ws/install/btcpp_ros2_interfaces:/home/denis/diploma_ws/install/behaviortree_cpp:/opt/ros/humble LD_LIBRARY_PATH=/home/denis/diploma_ws/install/btcpp_ros2_interfaces/lib:/home/denis/diploma_ws/install/behaviortree_cpp/lib:${LD_LIBRARY_PATH} PATH=/home/denis/diploma_ws/install/behaviortree_cpp/bin:${PATH} PYTHONPATH=/home/denis/diploma_ws/install/btcpp_ros2_interfaces/local/lib/python3.10/dist-packages:${PYTHONPATH} /usr/bin/cmake /home/denis/diploma_ws/src/BehaviorTree.ROS2/btcpp_ros2_samples -DCMAKE_INSTALL_PREFIX=/home/denis/diploma_ws/install/btcpp_ros2_samples
[2.789s] Invoking command in '/home/denis/diploma_ws/build/btcpp_ros2_samples': AMENT_PREFIX_PATH=/home/denis/diploma_ws/install/behaviortree_ros2:/home/denis/diploma_ws/install/btcpp_ros2_interfaces:/home/denis/diploma_ws/install/behaviortree_cpp:${AMENT_PREFIX_PATH} CMAKE_PREFIX_PATH=/home/denis/diploma_ws/install/behaviortree_ros2:/home/denis/diploma_ws/install/btcpp_ros2_interfaces:/home/denis/diploma_ws/install/behaviortree_cpp:/opt/ros/humble LD_LIBRARY_PATH=/home/denis/diploma_ws/install/btcpp_ros2_interfaces/lib:/home/denis/diploma_ws/install/behaviortree_cpp/lib:${LD_LIBRARY_PATH} PATH=/home/denis/diploma_ws/install/behaviortree_cpp/bin:${PATH} PYTHONPATH=/home/denis/diploma_ws/install/btcpp_ros2_interfaces/local/lib/python3.10/dist-packages:${PYTHONPATH} /usr/bin/cmake --build /home/denis/diploma_ws/build/btcpp_ros2_samples -- -j4 -l4
[2.889s] [ 18%] [32mBuilding CXX object CMakeFiles/sleep_client.dir/src/sleep_action.cpp.o[0m
[2.890s] [ 27%] [32mBuilding CXX object CMakeFiles/sleep_server.dir/src/sleep_server.cpp.o[0m
[2.890s] [ 36%] [32mBuilding CXX object CMakeFiles/subscriber_test.dir/src/subscriber_test.cpp.o[0m
[2.891s] [ 18%] [32mBuilding CXX object CMakeFiles/sleep_plugin.dir/src/sleep_action.cpp.o[0m
[17.786s] [ 45%] [32m[1mLinking CXX executable sleep_server[0m
[19.135s] [ 45%] Built target sleep_server
[19.159s] [ 54%] [32mBuilding CXX object CMakeFiles/sleep_client.dir/src/sleep_client.cpp.o[0m
[19.498s] [ 63%] [32m[1mLinking CXX shared library libsleep_plugin.so[0m
[20.283s] [ 63%] Built target sleep_plugin
[20.343s] [ 72%] [32mBuilding CXX object CMakeFiles/sleep_client_dyn.dir/src/sleep_client.cpp.o[0m
[32.679s] [ 81%] [32m[1mLinking CXX executable sleep_client_dyn[0m
[33.174s] [ 81%] Built target sleep_client_dyn
[33.830s] [ 90%] [32m[1mLinking CXX executable subscriber_test[0m
[34.279s] [100%] [32m[1mLinking CXX executable sleep_client[0m
[34.810s] [100%] Built target sleep_client
[34.856s] [100%] Built target subscriber_test
[34.874s] Invoked command in '/home/denis/diploma_ws/build/btcpp_ros2_samples' returned '0': AMENT_PREFIX_PATH=/home/denis/diploma_ws/install/behaviortree_ros2:/home/denis/diploma_ws/install/btcpp_ros2_interfaces:/home/denis/diploma_ws/install/behaviortree_cpp:${AMENT_PREFIX_PATH} CMAKE_PREFIX_PATH=/home/denis/diploma_ws/install/behaviortree_ros2:/home/denis/diploma_ws/install/btcpp_ros2_interfaces:/home/denis/diploma_ws/install/behaviortree_cpp:/opt/ros/humble LD_LIBRARY_PATH=/home/denis/diploma_ws/install/btcpp_ros2_interfaces/lib:/home/denis/diploma_ws/install/behaviortree_cpp/lib:${LD_LIBRARY_PATH} PATH=/home/denis/diploma_ws/install/behaviortree_cpp/bin:${PATH} PYTHONPATH=/home/denis/diploma_ws/install/btcpp_ros2_interfaces/local/lib/python3.10/dist-packages:${PYTHONPATH} /usr/bin/cmake --build /home/denis/diploma_ws/build/btcpp_ros2_samples -- -j4 -l4
[34.940s] Invoking command in '/home/denis/diploma_ws/build/btcpp_ros2_samples': AMENT_PREFIX_PATH=/home/denis/diploma_ws/install/behaviortree_ros2:/home/denis/diploma_ws/install/btcpp_ros2_interfaces:/home/denis/diploma_ws/install/behaviortree_cpp:${AMENT_PREFIX_PATH} CMAKE_PREFIX_PATH=/home/denis/diploma_ws/install/behaviortree_ros2:/home/denis/diploma_ws/install/btcpp_ros2_interfaces:/home/denis/diploma_ws/install/behaviortree_cpp:/opt/ros/humble LD_LIBRARY_PATH=/home/denis/diploma_ws/install/btcpp_ros2_interfaces/lib:/home/denis/diploma_ws/install/behaviortree_cpp/lib:${LD_LIBRARY_PATH} PATH=/home/denis/diploma_ws/install/behaviortree_cpp/bin:${PATH} PYTHONPATH=/home/denis/diploma_ws/install/btcpp_ros2_interfaces/local/lib/python3.10/dist-packages:${PYTHONPATH} /usr/bin/cmake --install /home/denis/diploma_ws/build/btcpp_ros2_samples
[34.953s] -- Install configuration: ""
[34.953s] -- Installing: /home/denis/diploma_ws/install/btcpp_ros2_samples/lib/btcpp_ros2_samples/sleep_client
[34.956s] -- Set runtime path of "/home/denis/diploma_ws/install/btcpp_ros2_samples/lib/btcpp_ros2_samples/sleep_client" to ""
[34.956s] -- Installing: /home/denis/diploma_ws/install/btcpp_ros2_samples/lib/btcpp_ros2_samples/sleep_client_dyn
[34.958s] -- Set runtime path of "/home/denis/diploma_ws/install/btcpp_ros2_samples/lib/btcpp_ros2_samples/sleep_client_dyn" to ""
[34.958s] -- Installing: /home/denis/diploma_ws/install/btcpp_ros2_samples/lib/btcpp_ros2_samples/sleep_server
[34.960s] -- Set runtime path of "/home/denis/diploma_ws/install/btcpp_ros2_samples/lib/btcpp_ros2_samples/sleep_server" to ""
[34.960s] -- Installing: /home/denis/diploma_ws/install/btcpp_ros2_samples/lib/btcpp_ros2_samples/libsleep_plugin.so
[34.964s] -- Set runtime path of "/home/denis/diploma_ws/install/btcpp_ros2_samples/lib/btcpp_ros2_samples/libsleep_plugin.so" to ""
[34.965s] -- Installing: /home/denis/diploma_ws/install/btcpp_ros2_samples/lib/btcpp_ros2_samples/subscriber_test
[34.972s] -- Set runtime path of "/home/denis/diploma_ws/install/btcpp_ros2_samples/lib/btcpp_ros2_samples/subscriber_test" to ""
[34.973s] -- Installing: /home/denis/diploma_ws/install/btcpp_ros2_samples/share/btcpp_ros2_samples/bt_plugins/libsleep_plugin.so
[34.978s] -- Set runtime path of "/home/denis/diploma_ws/install/btcpp_ros2_samples/share/btcpp_ros2_samples/bt_plugins/libsleep_plugin.so" to ""
[34.979s] -- Installing: /home/denis/diploma_ws/install/btcpp_ros2_samples/share/ament_index/resource_index/package_run_dependencies/btcpp_ros2_samples
[34.979s] -- Installing: /home/denis/diploma_ws/install/btcpp_ros2_samples/share/ament_index/resource_index/parent_prefix_path/btcpp_ros2_samples
[34.979s] -- Installing: /home/denis/diploma_ws/install/btcpp_ros2_samples/share/btcpp_ros2_samples/environment/ament_prefix_path.sh
[34.979s] -- Installing: /home/denis/diploma_ws/install/btcpp_ros2_samples/share/btcpp_ros2_samples/environment/ament_prefix_path.dsv
[34.979s] -- Installing: /home/denis/diploma_ws/install/btcpp_ros2_samples/share/btcpp_ros2_samples/environment/path.sh
[34.980s] -- Installing: /home/denis/diploma_ws/install/btcpp_ros2_samples/share/btcpp_ros2_samples/environment/path.dsv
[34.980s] -- Installing: /home/denis/diploma_ws/install/btcpp_ros2_samples/share/btcpp_ros2_samples/local_setup.bash
[34.980s] -- Installing: /home/denis/diploma_ws/install/btcpp_ros2_samples/share/btcpp_ros2_samples/local_setup.sh
[34.981s] -- Installing: /home/denis/diploma_ws/install/btcpp_ros2_samples/share/btcpp_ros2_samples/local_setup.zsh
[34.981s] -- Installing: /home/denis/diploma_ws/install/btcpp_ros2_samples/share/btcpp_ros2_samples/local_setup.dsv
[34.981s] -- Installing: /home/denis/diploma_ws/install/btcpp_ros2_samples/share/btcpp_ros2_samples/package.dsv
[34.982s] -- Installing: /home/denis/diploma_ws/install/btcpp_ros2_samples/share/ament_index/resource_index/packages/btcpp_ros2_samples
[34.982s] -- Installing: /home/denis/diploma_ws/install/btcpp_ros2_samples/share/btcpp_ros2_samples/cmake/ament_cmake_export_dependencies-extras.cmake
[34.982s] -- Installing: /home/denis/diploma_ws/install/btcpp_ros2_samples/share/btcpp_ros2_samples/cmake/btcpp_ros2_samplesConfig.cmake
[34.983s] -- Installing: /home/denis/diploma_ws/install/btcpp_ros2_samples/share/btcpp_ros2_samples/cmake/btcpp_ros2_samplesConfig-version.cmake
[34.983s] -- Installing: /home/denis/diploma_ws/install/btcpp_ros2_samples/share/btcpp_ros2_samples/package.xml
[34.990s] Invoked command in '/home/denis/diploma_ws/build/btcpp_ros2_samples' returned '0': AMENT_PREFIX_PATH=/home/denis/diploma_ws/install/behaviortree_ros2:/home/denis/diploma_ws/install/btcpp_ros2_interfaces:/home/denis/diploma_ws/install/behaviortree_cpp:${AMENT_PREFIX_PATH} CMAKE_PREFIX_PATH=/home/denis/diploma_ws/install/behaviortree_ros2:/home/denis/diploma_ws/install/btcpp_ros2_interfaces:/home/denis/diploma_ws/install/behaviortree_cpp:/opt/ros/humble LD_LIBRARY_PATH=/home/denis/diploma_ws/install/btcpp_ros2_interfaces/lib:/home/denis/diploma_ws/install/behaviortree_cpp/lib:${LD_LIBRARY_PATH} PATH=/home/denis/diploma_ws/install/behaviortree_cpp/bin:${PATH} PYTHONPATH=/home/denis/diploma_ws/install/btcpp_ros2_interfaces/local/lib/python3.10/dist-packages:${PYTHONPATH} /usr/bin/cmake --install /home/denis/diploma_ws/build/btcpp_ros2_samples
