[0.020s] Invoking command in '/home/denis/diploma_ws/build/csu': AMENT_PREFIX_PATH=/home/denis/diploma_ws/install/dms_interfaces:${AMENT_PREFIX_PATH} CMAKE_PREFIX_PATH=/home/denis/diploma_ws/install/dms_interfaces:/opt/ros/humble LD_LIBRARY_PATH=/home/denis/diploma_ws/install/dms_interfaces/lib:${LD_LIBRARY_PATH} PYTHONPATH=/home/denis/diploma_ws/install/dms_interfaces/local/lib/python3.10/dist-packages:${PYTHONPATH} /usr/bin/cmake --build /home/denis/diploma_ws/build/csu -- -j4 -l4
[0.076s] -- Found ament_cmake: 1.3.8 (/opt/ros/humble/share/ament_cmake/cmake)
[0.350s] -- Found rclcpp: 16.0.8 (/opt/ros/humble/share/rclcpp/cmake)
[0.429s] -- Found rosidl_generator_c: 3.1.5 (/opt/ros/humble/share/rosidl_generator_c/cmake)
[0.434s] -- Found rosidl_adapter: 3.1.5 (/opt/ros/humble/share/rosidl_adapter/cmake)
[0.451s] -- Found rosidl_generator_cpp: 3.1.5 (/opt/ros/humble/share/rosidl_generator_cpp/cmake)
[0.484s] -- Using all available rosidl_typesupport_c: rosidl_typesupport_fastrtps_c;rosidl_typesupport_introspection_c
[0.529s] -- Using all available rosidl_typesupport_cpp: rosidl_typesupport_fastrtps_cpp;rosidl_typesupport_introspection_cpp
[0.701s] -- Found rmw_implementation_cmake: 6.1.1 (/opt/ros/humble/share/rmw_implementation_cmake/cmake)
[0.706s] -- Found rmw_fastrtps_cpp: 6.2.6 (/opt/ros/humble/share/rmw_fastrtps_cpp/cmake)
[1.042s] -- Using RMW implementation 'rmw_fastrtps_cpp' as default
[1.436s] -- Found geometry_msgs: 4.2.3 (/opt/ros/humble/share/geometry_msgs/cmake)
[1.520s] -- Found dms_interfaces: 0.0.0 (/home/denis/diploma_ws/install/dms_interfaces/share/dms_interfaces/cmake)
[1.658s] -- Found std_srvs: 4.2.3 (/opt/ros/humble/share/std_srvs/cmake)
[1.693s] -- Found ament_lint_auto: 0.12.10 (/opt/ros/humble/share/ament_lint_auto/cmake)
[1.823s] -- Added test 'cppcheck' to perform static code analysis on C / C++ code
[1.824s] -- Configured cppcheck include dirs: /home/denis/diploma_ws/src/csu/include/csu;$<BUILD_INTERFACE:/home/denis/diploma_ws/src/csu/include>
[1.824s] -- Configured cppcheck exclude dirs and/or files: 
[1.825s] -- Added test 'flake8' to check Python code syntax and style conventions
[1.826s] -- Added test 'lint_cmake' to check CMake code style
[1.827s] -- Added test 'pep257' to check Python code against some of the docstring style conventions in PEP 257
[1.829s] -- Added test 'uncrustify' to check C / C++ code style
[1.829s] -- Configured uncrustify additional arguments: 
[1.829s] -- Added test 'xmllint' to check XML markup files
[1.832s] -- Configuring done
[1.859s] -- Generating done
[1.864s] -- Build files have been written to: /home/denis/diploma_ws/build/csu
[1.919s] [35m[1mConsolidate compiler generated dependencies of target control_switching_unit[0m
[1.967s] [ 50%] [32mBuilding CXX object CMakeFiles/control_switching_unit.dir/src/control_switching_unit.cpp.o[0m
[19.456s] [100%] [32m[1mLinking CXX executable control_switching_unit[0m
[20.271s] [100%] Built target control_switching_unit
