[0.043s] Invoking command in '/home/denis/diploma_ws/build/turtlebot3_gazebo': CMAKE_PREFIX_PATH=/opt/ros/humble /usr/bin/cmake --build /home/denis/diploma_ws/build/turtlebot3_gazebo -- -j4 -l4
[0.337s] [ 25%] Built target turtlebot3_drive
[0.435s] [ 50%] Built target obstacle2
[0.436s] [ 75%] Built target obstacle1
[0.454s] [100%] Built target obstacles
[0.533s] Invoked command in '/home/denis/diploma_ws/build/turtlebot3_gazebo' returned '0': CMAKE_PREFIX_PATH=/opt/ros/humble /usr/bin/cmake --build /home/denis/diploma_ws/build/turtlebot3_gazebo -- -j4 -l4
[0.901s] Invoking command in '/home/denis/diploma_ws/build/turtlebot3_gazebo': CMAKE_PREFIX_PATH=/opt/ros/humble /usr/bin/cmake --install /home/denis/diploma_ws/build/turtlebot3_gazebo
[0.929s] -- Install configuration: ""
[0.942s] -- Up-to-date: /home/denis/diploma_ws/install/turtlebot3_gazebo/lib/turtlebot3_gazebo/turtlebot3_drive
[0.943s] -- Up-to-date: /home/denis/diploma_ws/install/turtlebot3_gazebo/share/turtlebot3_gazebo//launch
[0.943s] -- Up-to-date: /home/denis/diploma_ws/install/turtlebot3_gazebo/share/turtlebot3_gazebo//launch/turtlebot3_dqn_stage3.launch.py
[0.943s] -- Up-to-date: /home/denis/diploma_ws/install/turtlebot3_gazebo/share/turtlebot3_gazebo//launch/robot_state_publisher.launch.py
[0.943s] -- Up-to-date: /home/denis/diploma_ws/install/turtlebot3_gazebo/share/turtlebot3_gazebo//launch/turtlebot3_house.launch.py
[0.943s] -- Up-to-date: /home/denis/diploma_ws/install/turtlebot3_gazebo/share/turtlebot3_gazebo//launch/empty_world.launch.py
[0.943s] -- Up-to-date: /home/denis/diploma_ws/install/turtlebot3_gazebo/share/turtlebot3_gazebo//launch/turtlebot3_world.launch.py
[0.944s] -- Up-to-date: /home/denis/diploma_ws/install/turtlebot3_gazebo/share/turtlebot3_gazebo//launch/turtlebot3_dqn_stage1.launch.py
[0.944s] -- Up-to-date: /home/denis/diploma_ws/install/turtlebot3_gazebo/share/turtlebot3_gazebo//launch/spawn_turtlebot3.launch.py
[0.944s] -- Up-to-date: /home/denis/diploma_ws/install/turtlebot3_gazebo/share/turtlebot3_gazebo//launch/turtlebot3_dqn_stage4.launch.py
[0.948s] -- Up-to-date: /home/denis/diploma_ws/install/turtlebot3_gazebo/share/turtlebot3_gazebo//launch/turtlebot3_dqn_stage2.launch.py
[0.949s] -- Up-to-date: /home/denis/diploma_ws/install/turtlebot3_gazebo/share/turtlebot3_gazebo//models
[0.949s] -- Up-to-date: /home/denis/diploma_ws/install/turtlebot3_gazebo/share/turtlebot3_gazebo//models/turtlebot3_waffle_pi
[0.949s] -- Up-to-date: /home/denis/diploma_ws/install/turtlebot3_gazebo/share/turtlebot3_gazebo//models/turtlebot3_waffle_pi/model-1_4__orig.sdf
[0.949s] -- Up-to-date: /home/denis/diploma_ws/install/turtlebot3_gazebo/share/turtlebot3_gazebo//models/turtlebot3_waffle_pi/model.config
[0.949s] -- Up-to-date: /home/denis/diploma_ws/install/turtlebot3_gazebo/share/turtlebot3_gazebo//models/turtlebot3_waffle_pi/model-1_4_.sdf
[0.949s] -- Up-to-date: /home/denis/diploma_ws/install/turtlebot3_gazebo/share/turtlebot3_gazebo//models/turtlebot3_waffle_pi/model_orig.sdf
[0.950s] -- Up-to-date: /home/denis/diploma_ws/install/turtlebot3_gazebo/share/turtlebot3_gazebo//models/turtlebot3_waffle_pi/model.sdf
[0.950s] -- Up-to-date: /home/denis/diploma_ws/install/turtlebot3_gazebo/share/turtlebot3_gazebo//models/turtlebot3_world
[0.950s] -- Up-to-date: /home/denis/diploma_ws/install/turtlebot3_gazebo/share/turtlebot3_gazebo//models/turtlebot3_world/model-1_4.sdf
[0.950s] -- Up-to-date: /home/denis/diploma_ws/install/turtlebot3_gazebo/share/turtlebot3_gazebo//models/turtlebot3_world/model.config
[0.950s] -- Up-to-date: /home/denis/diploma_ws/install/turtlebot3_gazebo/share/turtlebot3_gazebo//models/turtlebot3_world/meshes
[0.951s] -- Up-to-date: /home/denis/diploma_ws/install/turtlebot3_gazebo/share/turtlebot3_gazebo//models/turtlebot3_world/meshes/wall.dae
[0.951s] -- Up-to-date: /home/denis/diploma_ws/install/turtlebot3_gazebo/share/turtlebot3_gazebo//models/turtlebot3_world/meshes/hexagon.dae
[0.951s] -- Up-to-date: /home/denis/diploma_ws/install/turtlebot3_gazebo/share/turtlebot3_gazebo//models/turtlebot3_world/model.sdf
[0.951s] -- Up-to-date: /home/denis/diploma_ws/install/turtlebot3_gazebo/share/turtlebot3_gazebo//models/turtlebot3_dqn_world
[0.951s] -- Up-to-date: /home/denis/diploma_ws/install/turtlebot3_gazebo/share/turtlebot3_gazebo//models/turtlebot3_dqn_world/obstacle1
[0.951s] -- Up-to-date: /home/denis/diploma_ws/install/turtlebot3_gazebo/share/turtlebot3_gazebo//models/turtlebot3_dqn_world/obstacle1/model.config
[0.952s] -- Up-to-date: /home/denis/diploma_ws/install/turtlebot3_gazebo/share/turtlebot3_gazebo//models/turtlebot3_dqn_world/obstacle1/model.sdf
[0.952s] -- Up-to-date: /home/denis/diploma_ws/install/turtlebot3_gazebo/share/turtlebot3_gazebo//models/turtlebot3_dqn_world/obstacle_plugin
[0.952s] -- Up-to-date: /home/denis/diploma_ws/install/turtlebot3_gazebo/share/turtlebot3_gazebo//models/turtlebot3_dqn_world/obstacle_plugin/obstacle1.cc
[0.953s] -- Up-to-date: /home/denis/diploma_ws/install/turtlebot3_gazebo/share/turtlebot3_gazebo//models/turtlebot3_dqn_world/obstacle_plugin/CMakeLists.txt
[0.953s] -- Up-to-date: /home/denis/diploma_ws/install/turtlebot3_gazebo/share/turtlebot3_gazebo//models/turtlebot3_dqn_world/obstacle_plugin/obstacle2.cc
[0.953s] -- Up-to-date: /home/denis/diploma_ws/install/turtlebot3_gazebo/share/turtlebot3_gazebo//models/turtlebot3_dqn_world/obstacle_plugin/obstacles.cc
[0.953s] -- Up-to-date: /home/denis/diploma_ws/install/turtlebot3_gazebo/share/turtlebot3_gazebo//models/turtlebot3_dqn_world/goal_box
[0.956s] -- Up-to-date: /home/denis/diploma_ws/install/turtlebot3_gazebo/share/turtlebot3_gazebo//models/turtlebot3_dqn_world/goal_box/model.config
[0.957s] -- Up-to-date: /home/denis/diploma_ws/install/turtlebot3_gazebo/share/turtlebot3_gazebo//models/turtlebot3_dqn_world/goal_box/model.sdf
[0.957s] -- Up-to-date: /home/denis/diploma_ws/install/turtlebot3_gazebo/share/turtlebot3_gazebo//models/turtlebot3_dqn_world/obstacle2
[0.957s] -- Up-to-date: /home/denis/diploma_ws/install/turtlebot3_gazebo/share/turtlebot3_gazebo//models/turtlebot3_dqn_world/obstacle2/model.config
[0.958s] -- Up-to-date: /home/denis/diploma_ws/install/turtlebot3_gazebo/share/turtlebot3_gazebo//models/turtlebot3_dqn_world/obstacle2/model.sdf
[0.959s] -- Up-to-date: /home/denis/diploma_ws/install/turtlebot3_gazebo/share/turtlebot3_gazebo//models/turtlebot3_dqn_world/obstacles
[0.959s] -- Up-to-date: /home/denis/diploma_ws/install/turtlebot3_gazebo/share/turtlebot3_gazebo//models/turtlebot3_dqn_world/obstacles/model.config
[0.961s] -- Up-to-date: /home/denis/diploma_ws/install/turtlebot3_gazebo/share/turtlebot3_gazebo//models/turtlebot3_dqn_world/obstacles/model.sdf
[0.961s] -- Up-to-date: /home/denis/diploma_ws/install/turtlebot3_gazebo/share/turtlebot3_gazebo//models/turtlebot3_dqn_world/model.config
[0.962s] -- Up-to-date: /home/denis/diploma_ws/install/turtlebot3_gazebo/share/turtlebot3_gazebo//models/turtlebot3_dqn_world/inner_walls
[0.962s] -- Up-to-date: /home/denis/diploma_ws/install/turtlebot3_gazebo/share/turtlebot3_gazebo//models/turtlebot3_dqn_world/inner_walls/model.config
[0.962s] -- Up-to-date: /home/denis/diploma_ws/install/turtlebot3_gazebo/share/turtlebot3_gazebo//models/turtlebot3_dqn_world/inner_walls/model.sdf
[0.962s] -- Up-to-date: /home/denis/diploma_ws/install/turtlebot3_gazebo/share/turtlebot3_gazebo//models/turtlebot3_dqn_world/model.sdf
[0.963s] -- Up-to-date: /home/denis/diploma_ws/install/turtlebot3_gazebo/share/turtlebot3_gazebo//models/turtlebot3_house
[0.963s] -- Up-to-date: /home/denis/diploma_ws/install/turtlebot3_gazebo/share/turtlebot3_gazebo//models/turtlebot3_house/model.config
[0.965s] -- Up-to-date: /home/denis/diploma_ws/install/turtlebot3_gazebo/share/turtlebot3_gazebo//models/turtlebot3_house/model.sdf
[0.965s] -- Up-to-date: /home/denis/diploma_ws/install/turtlebot3_gazebo/share/turtlebot3_gazebo//models/turtlebot3_common
[0.966s] -- Up-to-date: /home/denis/diploma_ws/install/turtlebot3_gazebo/share/turtlebot3_gazebo//models/turtlebot3_common/model.config
[0.969s] -- Up-to-date: /home/denis/diploma_ws/install/turtlebot3_gazebo/share/turtlebot3_gazebo//models/turtlebot3_common/meshes
[0.969s] -- Up-to-date: /home/denis/diploma_ws/install/turtlebot3_gazebo/share/turtlebot3_gazebo//models/turtlebot3_common/meshes/tire.dae
[0.988s] -- Up-to-date: /home/denis/diploma_ws/install/turtlebot3_gazebo/share/turtlebot3_gazebo//models/turtlebot3_common/meshes/r200.dae
[0.997s] -- Up-to-date: /home/denis/diploma_ws/install/turtlebot3_gazebo/share/turtlebot3_gazebo//models/turtlebot3_common/meshes/waffle_base.dae
[0.997s] -- Up-to-date: /home/denis/diploma_ws/install/turtlebot3_gazebo/share/turtlebot3_gazebo//models/turtlebot3_common/meshes/waffle_pi_base.dae
[0.997s] -- Up-to-date: /home/denis/diploma_ws/install/turtlebot3_gazebo/share/turtlebot3_gazebo//models/turtlebot3_common/meshes/burger_base.dae
[0.997s] -- Up-to-date: /home/denis/diploma_ws/install/turtlebot3_gazebo/share/turtlebot3_gazebo//models/turtlebot3_common/meshes/lds.dae
[0.997s] -- Up-to-date: /home/denis/diploma_ws/install/turtlebot3_gazebo/share/turtlebot3_gazebo//rviz
[0.998s] -- Up-to-date: /home/denis/diploma_ws/install/turtlebot3_gazebo/share/turtlebot3_gazebo//rviz/tb3_gazebo.rviz
[0.998s] -- Up-to-date: /home/denis/diploma_ws/install/turtlebot3_gazebo/share/turtlebot3_gazebo//urdf
[0.998s] -- Up-to-date: /home/denis/diploma_ws/install/turtlebot3_gazebo/share/turtlebot3_gazebo//urdf/turtlebot3_burger.urdf
[0.998s] -- Up-to-date: /home/denis/diploma_ws/install/turtlebot3_gazebo/share/turtlebot3_gazebo//urdf/turtlebot3_waffle_pi.urdf
[0.998s] -- Up-to-date: /home/denis/diploma_ws/install/turtlebot3_gazebo/share/turtlebot3_gazebo//urdf/common_properties.urdf
[0.998s] -- Up-to-date: /home/denis/diploma_ws/install/turtlebot3_gazebo/share/turtlebot3_gazebo//urdf/turtlebot3_waffle.urdf
[0.999s] -- Up-to-date: /home/denis/diploma_ws/install/turtlebot3_gazebo/share/turtlebot3_gazebo//worlds
[0.999s] -- Up-to-date: /home/denis/diploma_ws/install/turtlebot3_gazebo/share/turtlebot3_gazebo//worlds/turtlebot3_dqn_stage2.world
[0.999s] -- Up-to-date: /home/denis/diploma_ws/install/turtlebot3_gazebo/share/turtlebot3_gazebo//worlds/turtlebot3_dqn_stage1.world
[0.999s] -- Up-to-date: /home/denis/diploma_ws/install/turtlebot3_gazebo/share/turtlebot3_gazebo//worlds/turtlebot3_world.world
[0.999s] -- Up-to-date: /home/denis/diploma_ws/install/turtlebot3_gazebo/share/turtlebot3_gazebo//worlds/turtlebot3_dqn_stage4.world
[1.000s] -- Up-to-date: /home/denis/diploma_ws/install/turtlebot3_gazebo/share/turtlebot3_gazebo//worlds/empty_world.world
[1.000s] -- Up-to-date: /home/denis/diploma_ws/install/turtlebot3_gazebo/share/turtlebot3_gazebo//worlds/turtlebot3_house.world
[1.000s] -- Up-to-date: /home/denis/diploma_ws/install/turtlebot3_gazebo/share/turtlebot3_gazebo//worlds/turtlebot3_dqn_stage3.world
[1.000s] -- Up-to-date: /home/denis/diploma_ws/install/turtlebot3_gazebo/include/
[1.000s] -- Up-to-date: /home/denis/diploma_ws/install/turtlebot3_gazebo/include//turtlebot3_gazebo
[1.001s] -- Up-to-date: /home/denis/diploma_ws/install/turtlebot3_gazebo/include//turtlebot3_gazebo/turtlebot3_drive.hpp
[1.001s] -- Up-to-date: /home/denis/diploma_ws/install/turtlebot3_gazebo/share/ament_index/resource_index/package_run_dependencies/turtlebot3_gazebo
[1.001s] -- Up-to-date: /home/denis/diploma_ws/install/turtlebot3_gazebo/share/ament_index/resource_index/parent_prefix_path/turtlebot3_gazebo
[1.001s] -- Up-to-date: /home/denis/diploma_ws/install/turtlebot3_gazebo/share/turtlebot3_gazebo/environment/ament_prefix_path.sh
[1.002s] -- Up-to-date: /home/denis/diploma_ws/install/turtlebot3_gazebo/share/turtlebot3_gazebo/environment/ament_prefix_path.dsv
[1.002s] -- Up-to-date: /home/denis/diploma_ws/install/turtlebot3_gazebo/share/turtlebot3_gazebo/environment/path.sh
[1.002s] -- Up-to-date: /home/denis/diploma_ws/install/turtlebot3_gazebo/share/turtlebot3_gazebo/environment/path.dsv
[1.002s] -- Up-to-date: /home/denis/diploma_ws/install/turtlebot3_gazebo/share/turtlebot3_gazebo/local_setup.bash
[1.002s] -- Up-to-date: /home/denis/diploma_ws/install/turtlebot3_gazebo/share/turtlebot3_gazebo/local_setup.sh
[1.003s] -- Up-to-date: /home/denis/diploma_ws/install/turtlebot3_gazebo/share/turtlebot3_gazebo/local_setup.zsh
[1.003s] -- Up-to-date: /home/denis/diploma_ws/install/turtlebot3_gazebo/share/turtlebot3_gazebo/local_setup.dsv
[1.003s] -- Installing: /home/denis/diploma_ws/install/turtlebot3_gazebo/share/turtlebot3_gazebo/package.dsv
[1.003s] -- Up-to-date: /home/denis/diploma_ws/install/turtlebot3_gazebo/share/ament_index/resource_index/packages/turtlebot3_gazebo
[1.003s] -- Up-to-date: /home/denis/diploma_ws/install/turtlebot3_gazebo/share/turtlebot3_gazebo/cmake/ament_cmake_export_include_directories-extras.cmake
[1.004s] -- Up-to-date: /home/denis/diploma_ws/install/turtlebot3_gazebo/share/turtlebot3_gazebo/cmake/ament_cmake_export_dependencies-extras.cmake
[1.004s] -- Up-to-date: /home/denis/diploma_ws/install/turtlebot3_gazebo/share/turtlebot3_gazebo/cmake/turtlebot3_gazeboConfig.cmake
[1.011s] -- Up-to-date: /home/denis/diploma_ws/install/turtlebot3_gazebo/share/turtlebot3_gazebo/cmake/turtlebot3_gazeboConfig-version.cmake
[1.011s] -- Up-to-date: /home/denis/diploma_ws/install/turtlebot3_gazebo/share/turtlebot3_gazebo/package.xml
[1.012s] Invoked command in '/home/denis/diploma_ws/build/turtlebot3_gazebo' returned '0': CMAKE_PREFIX_PATH=/opt/ros/humble /usr/bin/cmake --install /home/denis/diploma_ws/build/turtlebot3_gazebo
