[0.059s] Invoking command in '/home/denis/diploma_ws/build/turtlebot3_simulations': AMENT_PREFIX_PATH=/home/denis/diploma_ws/install/turtlebot3_gazebo:/home/denis/diploma_ws/install/turtlebot3_fake_node:${AMENT_PREFIX_PATH} CMAKE_PREFIX_PATH=/home/denis/diploma_ws/install/turtlebot3_gazebo:/home/denis/diploma_ws/install/turtlebot3_fake_node:/opt/ros/humble /usr/bin/cmake --build /home/denis/diploma_ws/build/turtlebot3_simulations -- -j4 -l4
[0.139s] Invoked command in '/home/denis/diploma_ws/build/turtlebot3_simulations' returned '0': AMENT_PREFIX_PATH=/home/denis/diploma_ws/install/turtlebot3_gazebo:/home/denis/diploma_ws/install/turtlebot3_fake_node:${AMENT_PREFIX_PATH} CMAKE_PREFIX_PATH=/home/denis/diploma_ws/install/turtlebot3_gazebo:/home/denis/diploma_ws/install/turtlebot3_fake_node:/opt/ros/humble /usr/bin/cmake --build /home/denis/diploma_ws/build/turtlebot3_simulations -- -j4 -l4
[0.183s] Invoking command in '/home/denis/diploma_ws/build/turtlebot3_simulations': AMENT_PREFIX_PATH=/home/denis/diploma_ws/install/turtlebot3_gazebo:/home/denis/diploma_ws/install/turtlebot3_fake_node:${AMENT_PREFIX_PATH} CMAKE_PREFIX_PATH=/home/denis/diploma_ws/install/turtlebot3_gazebo:/home/denis/diploma_ws/install/turtlebot3_fake_node:/opt/ros/humble /usr/bin/cmake --install /home/denis/diploma_ws/build/turtlebot3_simulations
[0.198s] -- Install configuration: ""
[0.198s] -- Up-to-date: /home/denis/diploma_ws/install/turtlebot3_simulations/share/ament_index/resource_index/package_run_dependencies/turtlebot3_simulations
[0.198s] -- Up-to-date: /home/denis/diploma_ws/install/turtlebot3_simulations/share/ament_index/resource_index/parent_prefix_path/turtlebot3_simulations
[0.199s] -- Up-to-date: /home/denis/diploma_ws/install/turtlebot3_simulations/share/turtlebot3_simulations/environment/ament_prefix_path.sh
[0.199s] -- Up-to-date: /home/denis/diploma_ws/install/turtlebot3_simulations/share/turtlebot3_simulations/environment/ament_prefix_path.dsv
[0.199s] -- Up-to-date: /home/denis/diploma_ws/install/turtlebot3_simulations/share/turtlebot3_simulations/environment/path.sh
[0.200s] -- Up-to-date: /home/denis/diploma_ws/install/turtlebot3_simulations/share/turtlebot3_simulations/environment/path.dsv
[0.200s] -- Up-to-date: /home/denis/diploma_ws/install/turtlebot3_simulations/share/turtlebot3_simulations/local_setup.bash
[0.200s] -- Up-to-date: /home/denis/diploma_ws/install/turtlebot3_simulations/share/turtlebot3_simulations/local_setup.sh
[0.200s] -- Up-to-date: /home/denis/diploma_ws/install/turtlebot3_simulations/share/turtlebot3_simulations/local_setup.zsh
[0.200s] -- Up-to-date: /home/denis/diploma_ws/install/turtlebot3_simulations/share/turtlebot3_simulations/local_setup.dsv
[0.201s] -- Installing: /home/denis/diploma_ws/install/turtlebot3_simulations/share/turtlebot3_simulations/package.dsv
[0.201s] -- Up-to-date: /home/denis/diploma_ws/install/turtlebot3_simulations/share/ament_index/resource_index/packages/turtlebot3_simulations
[0.201s] -- Up-to-date: /home/denis/diploma_ws/install/turtlebot3_simulations/share/turtlebot3_simulations/cmake/turtlebot3_simulationsConfig.cmake
[0.201s] -- Up-to-date: /home/denis/diploma_ws/install/turtlebot3_simulations/share/turtlebot3_simulations/cmake/turtlebot3_simulationsConfig-version.cmake
[0.202s] -- Up-to-date: /home/denis/diploma_ws/install/turtlebot3_simulations/share/turtlebot3_simulations/package.xml
[0.204s] Invoked command in '/home/denis/diploma_ws/build/turtlebot3_simulations' returned '0': AMENT_PREFIX_PATH=/home/denis/diploma_ws/install/turtlebot3_gazebo:/home/denis/diploma_ws/install/turtlebot3_fake_node:${AMENT_PREFIX_PATH} CMAKE_PREFIX_PATH=/home/denis/diploma_ws/install/turtlebot3_gazebo:/home/denis/diploma_ws/install/turtlebot3_fake_node:/opt/ros/humble /usr/bin/cmake --install /home/denis/diploma_ws/build/turtlebot3_simulations
