[0.052s] Invoking command in '/home/denis/diploma_ws/build/bsu': CMAKE_PREFIX_PATH=/home/denis/diploma_ws/install/dms_interfaces:/home/denis/diploma_ws/install/turtlebot3_simulations:/home/denis/diploma_ws/install/turtlebot3_navigation2:/home/denis/diploma_ws/install/turtlebot3_gazebo:/home/denis/diploma_ws/install/turtlebot3_fake_node:/home/denis/diploma_ws/install/ssu:/home/denis/diploma_ws/install/nspu:/home/denis/diploma_ws/install/nav2_bringup:/home/denis/diploma_ws/install/groot:/home/denis/diploma_ws/install/fsu:/home/denis/diploma_ws/install/csu:/home/denis/diploma_ws/install/bsu:/home/denis/diploma_ws/install/btcpp_ros2_samples:/home/denis/diploma_ws/install/btcpp_ros2_interfaces:/home/denis/diploma_ws/install/bt:/home/denis/diploma_ws/install/behaviortree_ros2:/home/denis/diploma_ws/install/behaviortree_cpp_v3:/home/denis/diploma_ws/install/behaviortree_cpp:/opt/ros/humble LD_LIBRARY_PATH=/home/denis/diploma_ws/install/dms_interfaces/lib:/home/denis/diploma_ws/install/groot/lib:/home/denis/diploma_ws/install/btcpp_ros2_interfaces/lib:/home/denis/diploma_ws/install/behaviortree_cpp_v3/lib:/home/denis/diploma_ws/install/behaviortree_cpp/lib:/usr/lib/x86_64-linux-gnu/gazebo-11/plugins:/opt/ros/humble/opt/rviz_ogre_vendor/lib:/opt/ros/humble/lib/x86_64-linux-gnu:/opt/ros/humble/lib /usr/bin/cmake --build /home/denis/diploma_ws/build/bsu -- -j4 -l4
[0.222s] [ 50%] [32mBuilding CXX object CMakeFiles/battery_simulation_unit.dir/src/battery_simulation_unit.cpp.o[0m
[7.791s] [01m[K/home/denis/diploma_ws/src/bsu/src/battery_simulation_unit.cpp:[m[K In member function ‘[01m[Kvoid BatterySimulationUnit::get_battery_level_srv_cb(dms_interfaces::srv::GetBatteryLevel_Request_<std::allocator<void> >::SharedPtr, dms_interfaces::srv::GetBatteryLevel_Response_<std::allocator<void> >::SharedPtr)[m[K’:
[7.791s] [01m[K/home/denis/diploma_ws/src/bsu/src/battery_simulation_unit.cpp:44:67:[m[K [01;35m[Kwarning: [m[Kunused parameter ‘[01m[Krequest[m[K’ [[01;35m[K]8;;https://gcc.gnu.org/onlinedocs/gcc/Warning-Options.html#index-Wunused-parameter-Wunused-parameter]8;;[m[K]
[7.791s]    44 |     [01;35m[Kconst dms_interfaces::srv::GetBatteryLevel_Request::SharedPtr request[m[K,
[7.791s]       |     [01;35m[K~~~~~~~~~~~~~~~~~~~~~~~~~~~~~~~~~~~~~~~~~~~~~~~~~~~~~~~~~~~~~~^~~~~~~[m[K
[37.083s] [100%] [32m[1mLinking CXX executable battery_simulation_unit[0m
[38.475s] [100%] Built target battery_simulation_unit
[38.513s] Invoked command in '/home/denis/diploma_ws/build/bsu' returned '0': CMAKE_PREFIX_PATH=/home/denis/diploma_ws/install/dms_interfaces:/home/denis/diploma_ws/install/turtlebot3_simulations:/home/denis/diploma_ws/install/turtlebot3_navigation2:/home/denis/diploma_ws/install/turtlebot3_gazebo:/home/denis/diploma_ws/install/turtlebot3_fake_node:/home/denis/diploma_ws/install/ssu:/home/denis/diploma_ws/install/nspu:/home/denis/diploma_ws/install/nav2_bringup:/home/denis/diploma_ws/install/groot:/home/denis/diploma_ws/install/fsu:/home/denis/diploma_ws/install/csu:/home/denis/diploma_ws/install/bsu:/home/denis/diploma_ws/install/btcpp_ros2_samples:/home/denis/diploma_ws/install/btcpp_ros2_interfaces:/home/denis/diploma_ws/install/bt:/home/denis/diploma_ws/install/behaviortree_ros2:/home/denis/diploma_ws/install/behaviortree_cpp_v3:/home/denis/diploma_ws/install/behaviortree_cpp:/opt/ros/humble LD_LIBRARY_PATH=/home/denis/diploma_ws/install/dms_interfaces/lib:/home/denis/diploma_ws/install/groot/lib:/home/denis/diploma_ws/install/btcpp_ros2_interfaces/lib:/home/denis/diploma_ws/install/behaviortree_cpp_v3/lib:/home/denis/diploma_ws/install/behaviortree_cpp/lib:/usr/lib/x86_64-linux-gnu/gazebo-11/plugins:/opt/ros/humble/opt/rviz_ogre_vendor/lib:/opt/ros/humble/lib/x86_64-linux-gnu:/opt/ros/humble/lib /usr/bin/cmake --build /home/denis/diploma_ws/build/bsu -- -j4 -l4
[38.596s] Invoking command in '/home/denis/diploma_ws/build/bsu': CMAKE_PREFIX_PATH=/home/denis/diploma_ws/install/dms_interfaces:/home/denis/diploma_ws/install/turtlebot3_simulations:/home/denis/diploma_ws/install/turtlebot3_navigation2:/home/denis/diploma_ws/install/turtlebot3_gazebo:/home/denis/diploma_ws/install/turtlebot3_fake_node:/home/denis/diploma_ws/install/ssu:/home/denis/diploma_ws/install/nspu:/home/denis/diploma_ws/install/nav2_bringup:/home/denis/diploma_ws/install/groot:/home/denis/diploma_ws/install/fsu:/home/denis/diploma_ws/install/csu:/home/denis/diploma_ws/install/bsu:/home/denis/diploma_ws/install/btcpp_ros2_samples:/home/denis/diploma_ws/install/btcpp_ros2_interfaces:/home/denis/diploma_ws/install/bt:/home/denis/diploma_ws/install/behaviortree_ros2:/home/denis/diploma_ws/install/behaviortree_cpp_v3:/home/denis/diploma_ws/install/behaviortree_cpp:/opt/ros/humble LD_LIBRARY_PATH=/home/denis/diploma_ws/install/dms_interfaces/lib:/home/denis/diploma_ws/install/groot/lib:/home/denis/diploma_ws/install/btcpp_ros2_interfaces/lib:/home/denis/diploma_ws/install/behaviortree_cpp_v3/lib:/home/denis/diploma_ws/install/behaviortree_cpp/lib:/usr/lib/x86_64-linux-gnu/gazebo-11/plugins:/opt/ros/humble/opt/rviz_ogre_vendor/lib:/opt/ros/humble/lib/x86_64-linux-gnu:/opt/ros/humble/lib /usr/bin/cmake --install /home/denis/diploma_ws/build/bsu
[38.627s] -- Install configuration: ""
[38.628s] -- Installing: /home/denis/diploma_ws/install/bsu/lib/bsu/battery_simulation_unit
[38.647s] -- Set runtime path of "/home/denis/diploma_ws/install/bsu/lib/bsu/battery_simulation_unit" to ""
[38.647s] -- Up-to-date: /home/denis/diploma_ws/install/bsu/share/bsu/launch
[38.648s] -- Up-to-date: /home/denis/diploma_ws/install/bsu/share/bsu/launch/battery_simulation_unit.launch.py
[38.648s] -- Up-to-date: /home/denis/diploma_ws/install/bsu/share/ament_index/resource_index/package_run_dependencies/bsu
[38.649s] -- Up-to-date: /home/denis/diploma_ws/install/bsu/share/ament_index/resource_index/parent_prefix_path/bsu
[38.649s] -- Up-to-date: /home/denis/diploma_ws/install/bsu/share/bsu/environment/ament_prefix_path.sh
[38.650s] -- Up-to-date: /home/denis/diploma_ws/install/bsu/share/bsu/environment/ament_prefix_path.dsv
[38.650s] -- Up-to-date: /home/denis/diploma_ws/install/bsu/share/bsu/environment/path.sh
[38.650s] -- Up-to-date: /home/denis/diploma_ws/install/bsu/share/bsu/environment/path.dsv
[38.651s] -- Up-to-date: /home/denis/diploma_ws/install/bsu/share/bsu/local_setup.bash
[38.651s] -- Up-to-date: /home/denis/diploma_ws/install/bsu/share/bsu/local_setup.sh
[38.652s] -- Up-to-date: /home/denis/diploma_ws/install/bsu/share/bsu/local_setup.zsh
[38.653s] -- Up-to-date: /home/denis/diploma_ws/install/bsu/share/bsu/local_setup.dsv
[38.653s] -- Installing: /home/denis/diploma_ws/install/bsu/share/bsu/package.dsv
[38.654s] -- Up-to-date: /home/denis/diploma_ws/install/bsu/share/ament_index/resource_index/packages/bsu
[38.655s] -- Up-to-date: /home/denis/diploma_ws/install/bsu/share/bsu/cmake/bsuConfig.cmake
[38.656s] -- Up-to-date: /home/denis/diploma_ws/install/bsu/share/bsu/cmake/bsuConfig-version.cmake
[38.657s] -- Up-to-date: /home/denis/diploma_ws/install/bsu/share/bsu/package.xml
[38.667s] Invoked command in '/home/denis/diploma_ws/build/bsu' returned '0': CMAKE_PREFIX_PATH=/home/denis/diploma_ws/install/dms_interfaces:/home/denis/diploma_ws/install/turtlebot3_simulations:/home/denis/diploma_ws/install/turtlebot3_navigation2:/home/denis/diploma_ws/install/turtlebot3_gazebo:/home/denis/diploma_ws/install/turtlebot3_fake_node:/home/denis/diploma_ws/install/ssu:/home/denis/diploma_ws/install/nspu:/home/denis/diploma_ws/install/nav2_bringup:/home/denis/diploma_ws/install/groot:/home/denis/diploma_ws/install/fsu:/home/denis/diploma_ws/install/csu:/home/denis/diploma_ws/install/bsu:/home/denis/diploma_ws/install/btcpp_ros2_samples:/home/denis/diploma_ws/install/btcpp_ros2_interfaces:/home/denis/diploma_ws/install/bt:/home/denis/diploma_ws/install/behaviortree_ros2:/home/denis/diploma_ws/install/behaviortree_cpp_v3:/home/denis/diploma_ws/install/behaviortree_cpp:/opt/ros/humble LD_LIBRARY_PATH=/home/denis/diploma_ws/install/dms_interfaces/lib:/home/denis/diploma_ws/install/groot/lib:/home/denis/diploma_ws/install/btcpp_ros2_interfaces/lib:/home/denis/diploma_ws/install/behaviortree_cpp_v3/lib:/home/denis/diploma_ws/install/behaviortree_cpp/lib:/usr/lib/x86_64-linux-gnu/gazebo-11/plugins:/opt/ros/humble/opt/rviz_ogre_vendor/lib:/opt/ros/humble/lib/x86_64-linux-gnu:/opt/ros/humble/lib /usr/bin/cmake --install /home/denis/diploma_ws/build/bsu
