[0.023s] Invoking command in '/home/denis/diploma_ws/build/fsu': CMAKE_PREFIX_PATH=${CMAKE_PREFIX_PATH}:/opt/ros/humble /usr/bin/cmake --build /home/denis/diploma_ws/build/fsu -- -j4 -l4
[0.076s] -- Found ament_cmake: 1.3.8 (/opt/ros/humble/share/ament_cmake/cmake)
[0.357s] -- Found rclcpp: 16.0.8 (/opt/ros/humble/share/rclcpp/cmake)
[0.443s] -- Found rosidl_generator_c: 3.1.5 (/opt/ros/humble/share/rosidl_generator_c/cmake)
[0.447s] -- Found rosidl_adapter: 3.1.5 (/opt/ros/humble/share/rosidl_adapter/cmake)
[0.461s] -- Found rosidl_generator_cpp: 3.1.5 (/opt/ros/humble/share/rosidl_generator_cpp/cmake)
[0.486s] -- Using all available rosidl_typesupport_c: rosidl_typesupport_fastrtps_c;rosidl_typesupport_introspection_c
[0.520s] -- Using all available rosidl_typesupport_cpp: rosidl_typesupport_fastrtps_cpp;rosidl_typesupport_introspection_cpp
[0.642s] -- Found rmw_implementation_cmake: 6.1.1 (/opt/ros/humble/share/rmw_implementation_cmake/cmake)
[0.646s] -- Found rmw_cyclonedds_cpp: 1.3.4 (/opt/ros/humble/share/rmw_cyclonedds_cpp/cmake)
[0.694s] -- Using RMW implementation 'rmw_cyclonedds_cpp' as default
[0.956s] -- Found sensor_msgs: 4.2.3 (/opt/ros/humble/share/sensor_msgs/cmake)
[1.171s] -- Found nav_msgs: 4.2.3 (/opt/ros/humble/share/nav_msgs/cmake)
[1.320s] -- Found ament_lint_auto: 0.12.10 (/opt/ros/humble/share/ament_lint_auto/cmake)
[1.442s] -- Added test 'copyright' to check source files copyright and LICENSE
[1.444s] -- Added test 'cppcheck' to perform static code analysis on C / C++ code
[1.445s] -- Configured cppcheck include dirs: $<BUILD_INTERFACE:/home/denis/diploma_ws/src/fsu/include>
[1.445s] -- Configured cppcheck exclude dirs and/or files: 
[1.447s] -- Added test 'cpplint' to check C / C++ code against the Google style
[1.447s] -- Configured cpplint exclude dirs and/or files: 
[1.447s] -- Added test 'flake8' to check Python code syntax and style conventions
[1.448s] -- Added test 'lint_cmake' to check CMake code style
[1.449s] -- Added test 'pep257' to check Python code against some of the docstring style conventions in PEP 257
[1.450s] -- Added test 'uncrustify' to check C / C++ code style
[1.450s] -- Configured uncrustify additional arguments: 
[1.451s] -- Added test 'xmllint' to check XML markup files
[1.453s] -- Configuring done
[1.480s] -- Generating done
[1.482s] -- Build files have been written to: /home/denis/diploma_ws/build/fsu
[1.528s] [35m[1mConsolidate compiler generated dependencies of target lidar_remapping_node[0m
[1.546s] [ 25%] [32mBuilding CXX object CMakeFiles/imu_remapping_node.dir/src/imu_remapping_node.cpp.o[0m
[1.561s] [ 50%] [32mBuilding CXX object CMakeFiles/lidar_remapping_node.dir/src/lidar_remapping_node.cpp.o[0m
[14.439s] [ 75%] [32m[1mLinking CXX executable imu_remapping_node[0m
[14.465s] [100%] [32m[1mLinking CXX executable lidar_remapping_node[0m
[15.169s] [100%] Built target imu_remapping_node
[15.190s] [100%] Built target lidar_remapping_node
[15.210s] Invoked command in '/home/denis/diploma_ws/build/fsu' returned '0': CMAKE_PREFIX_PATH=${CMAKE_PREFIX_PATH}:/opt/ros/humble /usr/bin/cmake --build /home/denis/diploma_ws/build/fsu -- -j4 -l4
[15.288s] Invoking command in '/home/denis/diploma_ws/build/fsu': CMAKE_PREFIX_PATH=${CMAKE_PREFIX_PATH}:/opt/ros/humble /usr/bin/cmake --install /home/denis/diploma_ws/build/fsu
[15.302s] -- Install configuration: ""
[15.302s] -- Installing: /home/denis/diploma_ws/install/fsu/lib/fsu/lidar_remapping_node
[15.310s] -- Set runtime path of "/home/denis/diploma_ws/install/fsu/lib/fsu/lidar_remapping_node" to ""
[15.310s] -- Installing: /home/denis/diploma_ws/install/fsu/lib/fsu/imu_remapping_node
[15.316s] -- Set runtime path of "/home/denis/diploma_ws/install/fsu/lib/fsu/imu_remapping_node" to ""
[15.316s] -- Up-to-date: /home/denis/diploma_ws/install/fsu/share/fsu/launch
[15.316s] -- Installing: /home/denis/diploma_ws/install/fsu/share/fsu/launch/failure_sensor_unit.launch.py
[15.317s] -- Up-to-date: /home/denis/diploma_ws/install/fsu/share/ament_index/resource_index/package_run_dependencies/fsu
[15.317s] -- Installing: /home/denis/diploma_ws/install/fsu/share/ament_index/resource_index/parent_prefix_path/fsu
[15.318s] -- Up-to-date: /home/denis/diploma_ws/install/fsu/share/fsu/environment/ament_prefix_path.sh
[15.318s] -- Installing: /home/denis/diploma_ws/install/fsu/share/fsu/environment/ament_prefix_path.dsv
[15.318s] -- Up-to-date: /home/denis/diploma_ws/install/fsu/share/fsu/environment/path.sh
[15.319s] -- Installing: /home/denis/diploma_ws/install/fsu/share/fsu/environment/path.dsv
[15.319s] -- Up-to-date: /home/denis/diploma_ws/install/fsu/share/fsu/local_setup.bash
[15.319s] -- Up-to-date: /home/denis/diploma_ws/install/fsu/share/fsu/local_setup.sh
[15.319s] -- Up-to-date: /home/denis/diploma_ws/install/fsu/share/fsu/local_setup.zsh
[15.319s] -- Installing: /home/denis/diploma_ws/install/fsu/share/fsu/local_setup.dsv
[15.319s] -- Installing: /home/denis/diploma_ws/install/fsu/share/fsu/package.dsv
[15.320s] -- Up-to-date: /home/denis/diploma_ws/install/fsu/share/ament_index/resource_index/packages/fsu
[15.320s] -- Up-to-date: /home/denis/diploma_ws/install/fsu/share/fsu/cmake/fsuConfig.cmake
[15.320s] -- Up-to-date: /home/denis/diploma_ws/install/fsu/share/fsu/cmake/fsuConfig-version.cmake
[15.320s] -- Installing: /home/denis/diploma_ws/install/fsu/share/fsu/package.xml
[15.323s] Invoked command in '/home/denis/diploma_ws/build/fsu' returned '0': CMAKE_PREFIX_PATH=${CMAKE_PREFIX_PATH}:/opt/ros/humble /usr/bin/cmake --install /home/denis/diploma_ws/build/fsu
