[0.059s] Invoking command in '/home/denis/diploma_ws/build/bsu': CMAKE_PREFIX_PATH=/home/denis/diploma_ws/install/dms_interfaces:/home/denis/diploma_ws/install/turtlebot3_simulations:/home/denis/diploma_ws/install/turtlebot3_navigation2:/home/denis/diploma_ws/install/turtlebot3_gazebo:/home/denis/diploma_ws/install/turtlebot3_fake_node:/home/denis/diploma_ws/install/ssu:/home/denis/diploma_ws/install/nav2_bringup:/home/denis/diploma_ws/install/groot:/home/denis/diploma_ws/install/fsu:/home/denis/diploma_ws/install/csu:/home/denis/diploma_ws/install/bsu:/home/denis/diploma_ws/install/btcpp_ros2_samples:/home/denis/diploma_ws/install/btcpp_ros2_interfaces:/home/denis/diploma_ws/install/bt:/home/denis/diploma_ws/install/behaviortree_ros2:/home/denis/diploma_ws/install/behaviortree_cpp_v3:/home/denis/diploma_ws/install/behaviortree_cpp:/opt/ros/humble LD_LIBRARY_PATH=/home/denis/diploma_ws/install/dms_interfaces/lib:/home/denis/diploma_ws/install/groot/lib:/home/denis/diploma_ws/install/btcpp_ros2_interfaces/lib:/home/denis/diploma_ws/install/behaviortree_cpp_v3/lib:/home/denis/diploma_ws/install/behaviortree_cpp/lib:/usr/lib/x86_64-linux-gnu/gazebo-11/plugins:/opt/ros/humble/opt/rviz_ogre_vendor/lib:/opt/ros/humble/lib/x86_64-linux-gnu:/opt/ros/humble/lib /usr/bin/cmake --build /home/denis/diploma_ws/build/bsu -- -j4 -l4
[0.181s] -- Found ament_cmake: 1.3.8 (/opt/ros/humble/share/ament_cmake/cmake)
[0.639s] -- Found rclcpp: 16.0.8 (/opt/ros/humble/share/rclcpp/cmake)
[0.816s] -- Found rosidl_generator_c: 3.1.5 (/opt/ros/humble/share/rosidl_generator_c/cmake)
[0.824s] -- Found rosidl_adapter: 3.1.5 (/opt/ros/humble/share/rosidl_adapter/cmake)
[0.842s] -- Found rosidl_generator_cpp: 3.1.5 (/opt/ros/humble/share/rosidl_generator_cpp/cmake)
[0.879s] -- Using all available rosidl_typesupport_c: rosidl_typesupport_fastrtps_c;rosidl_typesupport_introspection_c
[1.002s] -- Using all available rosidl_typesupport_cpp: rosidl_typesupport_fastrtps_cpp;rosidl_typesupport_introspection_cpp
[1.434s] -- Found rmw_implementation_cmake: 6.1.1 (/opt/ros/humble/share/rmw_implementation_cmake/cmake)
[1.445s] -- Found rmw_fastrtps_cpp: 6.2.6 (/opt/ros/humble/share/rmw_fastrtps_cpp/cmake)
[2.096s] -- Using RMW implementation 'rmw_fastrtps_cpp' as default
[2.953s] -- Found geometry_msgs: 4.2.3 (/opt/ros/humble/share/geometry_msgs/cmake)
[3.196s] -- Found dms_interfaces: 0.0.0 (/home/denis/diploma_ws/install/dms_interfaces/share/dms_interfaces/cmake)
[3.687s] -- Found ament_lint_auto: 0.12.10 (/opt/ros/humble/share/ament_lint_auto/cmake)
[3.993s] -- Added test 'cppcheck' to perform static code analysis on C / C++ code
[3.994s] -- Configured cppcheck include dirs: /home/denis/diploma_ws/src/bsu/include/bsu;$<BUILD_INTERFACE:/home/denis/diploma_ws/src/bsu/include>
[3.994s] -- Configured cppcheck exclude dirs and/or files: 
[3.996s] -- Added test 'flake8' to check Python code syntax and style conventions
[3.996s] -- Added test 'lint_cmake' to check CMake code style
[3.998s] -- Added test 'pep257' to check Python code against some of the docstring style conventions in PEP 257
[4.000s] -- Added test 'uncrustify' to check C / C++ code style
[4.000s] -- Configured uncrustify additional arguments: 
[4.000s] -- Added test 'xmllint' to check XML markup files
[4.015s] -- Configuring done
[4.072s] -- Generating done
[4.083s] -- Build files have been written to: /home/denis/diploma_ws/build/bsu
[4.221s] [35m[1mConsolidate compiler generated dependencies of target battery_simulation_unit[0m
[4.324s] [ 50%] [32mBuilding CXX object CMakeFiles/battery_simulation_unit.dir/src/battery_simulation_unit.cpp.o[0m
[10.199s] [01m[K/home/denis/diploma_ws/src/bsu/src/battery_simulation_unit.cpp:[m[K In member function ‘[01m[Kvoid BatterySimulationUnit::get_battery_level_srv_cb(dms_interfaces::srv::GetBatteryLevel_Request_<std::allocator<void> >::SharedPtr, dms_interfaces::srv::GetBatteryLevel_Response_<std::allocator<void> >::SharedPtr)[m[K’:
[10.199s] [01m[K/home/denis/diploma_ws/src/bsu/src/battery_simulation_unit.cpp:44:67:[m[K [01;35m[Kwarning: [m[Kunused parameter ‘[01m[Krequest[m[K’ [[01;35m[K]8;;https://gcc.gnu.org/onlinedocs/gcc/Warning-Options.html#index-Wunused-parameter-Wunused-parameter]8;;[m[K]
[10.199s]    44 |     [01;35m[Kconst dms_interfaces::srv::GetBatteryLevel_Request::SharedPtr request[m[K,
[10.199s]       |     [01;35m[K~~~~~~~~~~~~~~~~~~~~~~~~~~~~~~~~~~~~~~~~~~~~~~~~~~~~~~~~~~~~~~^~~~~~~[m[K
[21.859s] [100%] [32m[1mLinking CXX executable battery_simulation_unit[0m
[22.850s] [100%] Built target battery_simulation_unit
