[01m[K/home/denis/diploma_ws/src/bt/src/lidar_bt.cpp:[m[K In function ‘[01m[Kint main(int, const char**)[m[K’:
[01m[K/home/denis/diploma_ws/src/bt/src/lidar_bt.cpp:35:31:[m[K [01;31m[Kerror: [m[Kno matching function for call to ‘[01m[KBT::Tree::tickRoot()[m[K’
   35 |         status = [01;31m[Ktree.tickRoot()[m[K;
      |                  [01;31m[K~~~~~~~~~~~~~^~[m[K
In file included from [01m[K/home/denis/diploma_ws/src/bt/src/lidar_bt.cpp:4[m[K:
[01m[K/home/denis/diploma_ws/install/behaviortree_cpp/include/behaviortree_cpp/bt_factory.h:191:14:[m[K [01;36m[Knote: [m[Kcandidate: ‘[01m[KBT::NodeStatus BT::Tree::tickRoot(BT::Tree::TickOption, std::chrono::milliseconds)[m[K’
  191 |   NodeStatus [01;36m[KtickRoot[m[K(TickOption opt, std::chrono::milliseconds sleep_time);
      |              [01;36m[K^~~~~~~~[m[K
[01m[K/home/denis/diploma_ws/install/behaviortree_cpp/include/behaviortree_cpp/bt_factory.h:191:14:[m[K [01;36m[Knote: [m[K  candidate expects 2 arguments, 0 provided
In file included from [01m[K/opt/ros/humble/include/rclcpp/rclcpp/logging.hpp:24[m[K,
                 from [01m[K/opt/ros/humble/include/rclcpp/rclcpp/client.hpp:40[m[K,
                 from [01m[K/opt/ros/humble/include/rclcpp/rclcpp/callback_group.hpp:24[m[K,
                 from [01m[K/opt/ros/humble/include/rclcpp/rclcpp/any_executable.hpp:20[m[K,
                 from [01m[K/opt/ros/humble/include/rclcpp/rclcpp/memory_strategy.hpp:25[m[K,
                 from [01m[K/opt/ros/humble/include/rclcpp/rclcpp/memory_strategies.hpp:18[m[K,
                 from [01m[K/opt/ros/humble/include/rclcpp/rclcpp/executor_options.hpp:20[m[K,
                 from [01m[K/opt/ros/humble/include/rclcpp/rclcpp/executor.hpp:37[m[K,
                 from [01m[K/opt/ros/humble/include/rclcpp/rclcpp/executors/multi_threaded_executor.hpp:25[m[K,
                 from [01m[K/opt/ros/humble/include/rclcpp/rclcpp/executors.hpp:21[m[K,
                 from [01m[K/opt/ros/humble/include/rclcpp/rclcpp/rclcpp.hpp:155[m[K,
                 from [01m[K/home/denis/diploma_ws/src/bt/include/bt/lidar_check.hpp:5[m[K,
                 from [01m[K/home/denis/diploma_ws/src/bt/src/lidar_bt.cpp:1[m[K:
[01m[K/home/denis/diploma_ws/src/bt/src/lidar_bt.cpp:37:49:[m[K [01;35m[Kwarning: [m[Kformat ‘[01m[K%d[m[K’ expects argument of type ‘[01m[Kint[m[K’, but argument 5 has type ‘[01m[KBT::NodeStatus[m[K’ [[01;35m[K]8;;https://gcc.gnu.org/onlinedocs/gcc/Warning-Options.html#index-Wformat=-Wformat=]8;;[m[K]
   37 |         RCLCPP_INFO(rclcpp::get_logger("root"), [01;35m[K"BT Status: %d"[m[K, [32m[Kstatus[m[K);
      |                                                 [01;35m[K^~~~~~~~~~~~~~~[m[K  [32m[K~~~~~~[m[K
      |                                                                  [32m[K|[m[K
      |                                                                  [32m[KBT::NodeStatus[m[K
[01m[K/home/denis/diploma_ws/src/bt/src/lidar_bt.cpp:37:62:[m[K [01;36m[Knote: [m[Kformat string is defined here
   37 |         RCLCPP_INFO(rclcpp::get_logger("root"), "BT Status: [01;36m[K%d[m[K", status);
      |                                                             [01;36m[K~^[m[K
      |                                                              [01;36m[K|[m[K
      |                                                              [01;36m[Kint[m[K
gmake[2]: *** [CMakeFiles/lidar_bt.dir/build.make:76: CMakeFiles/lidar_bt.dir/src/lidar_bt.cpp.o] Error 1
gmake[1]: *** [CMakeFiles/Makefile2:137: CMakeFiles/lidar_bt.dir/all] Error 2
gmake: *** [Makefile:146: all] Error 2
