[0.096s] Invoking command in '/home/denis/diploma_ws/build/fsu': CMAKE_PREFIX_PATH=${CMAKE_PREFIX_PATH}:/opt/ros/humble /usr/bin/cmake --build /home/denis/diploma_ws/build/fsu -- -j4 -l4
[0.468s] [ 33%] Built target lidar_remapping_node
[0.513s] [ 66%] Built target imu_remapping_node
[0.589s] [100%] Built target odom_remapping_node
[0.658s] Invoked command in '/home/denis/diploma_ws/build/fsu' returned '0': CMAKE_PREFIX_PATH=${CMAKE_PREFIX_PATH}:/opt/ros/humble /usr/bin/cmake --build /home/denis/diploma_ws/build/fsu -- -j4 -l4
[0.849s] Invoking command in '/home/denis/diploma_ws/build/fsu': CMAKE_PREFIX_PATH=${CMAKE_PREFIX_PATH}:/opt/ros/humble /usr/bin/cmake --install /home/denis/diploma_ws/build/fsu
[0.892s] -- Install configuration: ""
[0.893s] -- Up-to-date: /home/denis/diploma_ws/install/fsu/lib/fsu/lidar_remapping_node
[0.893s] -- Up-to-date: /home/denis/diploma_ws/install/fsu/lib/fsu/imu_remapping_node
[0.893s] -- Up-to-date: /home/denis/diploma_ws/install/fsu/lib/fsu/odom_remapping_node
[0.893s] -- Up-to-date: /home/denis/diploma_ws/install/fsu/share/fsu/launch
[0.893s] -- Up-to-date: /home/denis/diploma_ws/install/fsu/share/fsu/launch/failure_sensor_unit.launch.py
[0.894s] -- Up-to-date: /home/denis/diploma_ws/install/fsu/share/ament_index/resource_index/package_run_dependencies/fsu
[0.895s] -- Up-to-date: /home/denis/diploma_ws/install/fsu/share/ament_index/resource_index/parent_prefix_path/fsu
[0.895s] -- Up-to-date: /home/denis/diploma_ws/install/fsu/share/fsu/environment/ament_prefix_path.sh
[0.896s] -- Up-to-date: /home/denis/diploma_ws/install/fsu/share/fsu/environment/ament_prefix_path.dsv
[0.896s] -- Up-to-date: /home/denis/diploma_ws/install/fsu/share/fsu/environment/path.sh
[0.897s] -- Up-to-date: /home/denis/diploma_ws/install/fsu/share/fsu/environment/path.dsv
[0.897s] -- Up-to-date: /home/denis/diploma_ws/install/fsu/share/fsu/local_setup.bash
[0.898s] -- Up-to-date: /home/denis/diploma_ws/install/fsu/share/fsu/local_setup.sh
[0.898s] -- Up-to-date: /home/denis/diploma_ws/install/fsu/share/fsu/local_setup.zsh
[0.899s] -- Up-to-date: /home/denis/diploma_ws/install/fsu/share/fsu/local_setup.dsv
[0.899s] -- Installing: /home/denis/diploma_ws/install/fsu/share/fsu/package.dsv
[0.902s] -- Up-to-date: /home/denis/diploma_ws/install/fsu/share/ament_index/resource_index/packages/fsu
[0.903s] -- Up-to-date: /home/denis/diploma_ws/install/fsu/share/fsu/cmake/fsuConfig.cmake
[0.904s] -- Up-to-date: /home/denis/diploma_ws/install/fsu/share/fsu/cmake/fsuConfig-version.cmake
[0.904s] -- Up-to-date: /home/denis/diploma_ws/install/fsu/share/fsu/package.xml
[0.911s] Invoked command in '/home/denis/diploma_ws/build/fsu' returned '0': CMAKE_PREFIX_PATH=${CMAKE_PREFIX_PATH}:/opt/ros/humble /usr/bin/cmake --install /home/denis/diploma_ws/build/fsu
