[0.040s] Invoking command in '/home/denis/diploma_ws/build/turtlebot3_navigation2': CMAKE_PREFIX_PATH=${CMAKE_PREFIX_PATH}:/opt/ros/humble /usr/bin/cmake --build /home/denis/diploma_ws/build/turtlebot3_navigation2 -- -j4 -l4
[0.149s] Invoked command in '/home/denis/diploma_ws/build/turtlebot3_navigation2' returned '0': CMAKE_PREFIX_PATH=${CMAKE_PREFIX_PATH}:/opt/ros/humble /usr/bin/cmake --build /home/denis/diploma_ws/build/turtlebot3_navigation2 -- -j4 -l4
[0.219s] Invoking command in '/home/denis/diploma_ws/build/turtlebot3_navigation2': CMAKE_PREFIX_PATH=${CMAKE_PREFIX_PATH}:/opt/ros/humble /usr/bin/cmake --install /home/denis/diploma_ws/build/turtlebot3_navigation2
[0.242s] -- Install configuration: ""
[0.242s] -- Up-to-date: /home/denis/diploma_ws/install/turtlebot3_navigation2/share/turtlebot3_navigation2/launch
[0.243s] -- Up-to-date: /home/denis/diploma_ws/install/turtlebot3_navigation2/share/turtlebot3_navigation2/launch/navigation2.launch.py
[0.243s] -- Up-to-date: /home/denis/diploma_ws/install/turtlebot3_navigation2/share/turtlebot3_navigation2/map
[0.243s] -- Up-to-date: /home/denis/diploma_ws/install/turtlebot3_navigation2/share/turtlebot3_navigation2/map/map.pgm
[0.243s] -- Up-to-date: /home/denis/diploma_ws/install/turtlebot3_navigation2/share/turtlebot3_navigation2/map/map.yaml
[0.243s] -- Up-to-date: /home/denis/diploma_ws/install/turtlebot3_navigation2/share/turtlebot3_navigation2/param
[0.244s] -- Up-to-date: /home/denis/diploma_ws/install/turtlebot3_navigation2/share/turtlebot3_navigation2/param/burger.yaml
[0.244s] -- Up-to-date: /home/denis/diploma_ws/install/turtlebot3_navigation2/share/turtlebot3_navigation2/param/waffle_pi.yaml
[0.244s] -- Up-to-date: /home/denis/diploma_ws/install/turtlebot3_navigation2/share/turtlebot3_navigation2/param/waffle.yaml
[0.244s] -- Up-to-date: /home/denis/diploma_ws/install/turtlebot3_navigation2/share/turtlebot3_navigation2/rviz
[0.245s] -- Up-to-date: /home/denis/diploma_ws/install/turtlebot3_navigation2/share/turtlebot3_navigation2/rviz/tb3_navigation2.rviz
[0.245s] -- Up-to-date: /home/denis/diploma_ws/install/turtlebot3_navigation2/share/ament_index/resource_index/package_run_dependencies/turtlebot3_navigation2
[0.245s] -- Up-to-date: /home/denis/diploma_ws/install/turtlebot3_navigation2/share/ament_index/resource_index/parent_prefix_path/turtlebot3_navigation2
[0.245s] -- Up-to-date: /home/denis/diploma_ws/install/turtlebot3_navigation2/share/turtlebot3_navigation2/environment/ament_prefix_path.sh
[0.245s] -- Up-to-date: /home/denis/diploma_ws/install/turtlebot3_navigation2/share/turtlebot3_navigation2/environment/ament_prefix_path.dsv
[0.246s] -- Up-to-date: /home/denis/diploma_ws/install/turtlebot3_navigation2/share/turtlebot3_navigation2/environment/path.sh
[0.246s] -- Up-to-date: /home/denis/diploma_ws/install/turtlebot3_navigation2/share/turtlebot3_navigation2/environment/path.dsv
[0.246s] -- Up-to-date: /home/denis/diploma_ws/install/turtlebot3_navigation2/share/turtlebot3_navigation2/local_setup.bash
[0.246s] -- Up-to-date: /home/denis/diploma_ws/install/turtlebot3_navigation2/share/turtlebot3_navigation2/local_setup.sh
[0.246s] -- Up-to-date: /home/denis/diploma_ws/install/turtlebot3_navigation2/share/turtlebot3_navigation2/local_setup.zsh
[0.247s] -- Up-to-date: /home/denis/diploma_ws/install/turtlebot3_navigation2/share/turtlebot3_navigation2/local_setup.dsv
[0.254s] -- Installing: /home/denis/diploma_ws/install/turtlebot3_navigation2/share/turtlebot3_navigation2/package.dsv
[0.255s] -- Up-to-date: /home/denis/diploma_ws/install/turtlebot3_navigation2/share/ament_index/resource_index/packages/turtlebot3_navigation2
[0.255s] -- Up-to-date: /home/denis/diploma_ws/install/turtlebot3_navigation2/share/turtlebot3_navigation2/cmake/turtlebot3_navigation2Config.cmake
[0.255s] -- Up-to-date: /home/denis/diploma_ws/install/turtlebot3_navigation2/share/turtlebot3_navigation2/cmake/turtlebot3_navigation2Config-version.cmake
[0.255s] -- Up-to-date: /home/denis/diploma_ws/install/turtlebot3_navigation2/share/turtlebot3_navigation2/package.xml
[0.256s] Invoked command in '/home/denis/diploma_ws/build/turtlebot3_navigation2' returned '0': CMAKE_PREFIX_PATH=${CMAKE_PREFIX_PATH}:/opt/ros/humble /usr/bin/cmake --install /home/denis/diploma_ws/build/turtlebot3_navigation2
