-- Found ament_cmake: 1.3.8 (/opt/ros/humble/share/ament_cmake/cmake)
-- Found rclcpp: 16.0.8 (/opt/ros/humble/share/rclcpp/cmake)
-- Found rosidl_generator_c: 3.1.5 (/opt/ros/humble/share/rosidl_generator_c/cmake)
-- Found rosidl_adapter: 3.1.5 (/opt/ros/humble/share/rosidl_adapter/cmake)
-- Found rosidl_generator_cpp: 3.1.5 (/opt/ros/humble/share/rosidl_generator_cpp/cmake)
-- Using all available rosidl_typesupport_c: rosidl_typesupport_fastrtps_c;rosidl_typesupport_introspection_c
-- Using all available rosidl_typesupport_cpp: rosidl_typesupport_fastrtps_cpp;rosidl_typesupport_introspection_cpp
-- Found rmw_implementation_cmake: 6.1.1 (/opt/ros/humble/share/rmw_implementation_cmake/cmake)
-- Found rmw_cyclonedds_cpp: 1.3.4 (/opt/ros/humble/share/rmw_cyclonedds_cpp/cmake)
-- Using RMW implementation 'rmw_cyclonedds_cpp' as default
-- Found sensor_msgs: 4.2.3 (/opt/ros/humble/share/sensor_msgs/cmake)
-- Found nav_msgs: 4.2.3 (/opt/ros/humble/share/nav_msgs/cmake)
-- Found lifecycle_msgs: 1.2.1 (/opt/ros/humble/share/lifecycle_msgs/cmake)
-- Found rclcpp_lifecycle: 16.0.8 (/opt/ros/humble/share/rclcpp_lifecycle/cmake)
-- Found ament_lint_auto: 0.12.10 (/opt/ros/humble/share/ament_lint_auto/cmake)
-- Added test 'copyright' to check source files copyright and LICENSE
-- Added test 'cppcheck' to perform static code analysis on C / C++ code
-- Configured cppcheck include dirs: $<BUILD_INTERFACE:/home/denis/diploma_ws/src/fsu/include>
-- Configured cppcheck exclude dirs and/or files: 
-- Added test 'cpplint' to check C / C++ code against the Google style
-- Configured cpplint exclude dirs and/or files: 
-- Added test 'flake8' to check Python code syntax and style conventions
-- Added test 'lint_cmake' to check CMake code style
-- Added test 'pep257' to check Python code against some of the docstring style conventions in PEP 257
-- Added test 'uncrustify' to check C / C++ code style
-- Configured uncrustify additional arguments: 
-- Added test 'xmllint' to check XML markup files
-- Configuring done
-- Generating done
-- Build files have been written to: /home/denis/diploma_ws/build/fsu
[ 50%] [32mBuilding CXX object CMakeFiles/lidar_remapping_node.dir/src/lidar_remapping_node.cpp.o[0m
[100%] [32m[1mLinking CXX executable lidar_remapping_node[0m
[100%] Built target lidar_remapping_node
-- Install configuration: ""
-- Installing: /home/denis/diploma_ws/install/fsu/lib/fsu/lidar_remapping_node
-- Set runtime path of "/home/denis/diploma_ws/install/fsu/lib/fsu/lidar_remapping_node" to ""
-- Installing: /home/denis/diploma_ws/install/fsu/share/fsu/launch
-- Installing: /home/denis/diploma_ws/install/fsu/share/fsu/launch/fsu.launch.py
-- Installing: /home/denis/diploma_ws/install/fsu/share/ament_index/resource_index/package_run_dependencies/fsu
-- Installing: /home/denis/diploma_ws/install/fsu/share/ament_index/resource_index/parent_prefix_path/fsu
-- Up-to-date: /home/denis/diploma_ws/install/fsu/share/fsu/environment/ament_prefix_path.sh
-- Installing: /home/denis/diploma_ws/install/fsu/share/fsu/environment/ament_prefix_path.dsv
-- Up-to-date: /home/denis/diploma_ws/install/fsu/share/fsu/environment/path.sh
-- Installing: /home/denis/diploma_ws/install/fsu/share/fsu/environment/path.dsv
-- Up-to-date: /home/denis/diploma_ws/install/fsu/share/fsu/local_setup.bash
-- Up-to-date: /home/denis/diploma_ws/install/fsu/share/fsu/local_setup.sh
-- Up-to-date: /home/denis/diploma_ws/install/fsu/share/fsu/local_setup.zsh
-- Installing: /home/denis/diploma_ws/install/fsu/share/fsu/local_setup.dsv
-- Installing: /home/denis/diploma_ws/install/fsu/share/fsu/package.dsv
-- Up-to-date: /home/denis/diploma_ws/install/fsu/share/ament_index/resource_index/packages/fsu
-- Up-to-date: /home/denis/diploma_ws/install/fsu/share/fsu/cmake/fsuConfig.cmake
-- Up-to-date: /home/denis/diploma_ws/install/fsu/share/fsu/cmake/fsuConfig-version.cmake
-- Installing: /home/denis/diploma_ws/install/fsu/share/fsu/package.xml
