[0.095s] Invoking command in '/home/denis/diploma_ws/build/fsu': CMAKE_PREFIX_PATH=${CMAKE_PREFIX_PATH}:/opt/ros/humble /usr/bin/cmake --build /home/denis/diploma_ws/build/fsu -- -j4 -l4
[0.156s] -- Found ament_cmake: 1.3.8 (/opt/ros/humble/share/ament_cmake/cmake)
[0.494s] -- Found rclcpp: 16.0.8 (/opt/ros/humble/share/rclcpp/cmake)
[0.566s] -- Found rosidl_generator_c: 3.1.5 (/opt/ros/humble/share/rosidl_generator_c/cmake)
[0.570s] -- Found rosidl_adapter: 3.1.5 (/opt/ros/humble/share/rosidl_adapter/cmake)
[0.579s] -- Found rosidl_generator_cpp: 3.1.5 (/opt/ros/humble/share/rosidl_generator_cpp/cmake)
[0.603s] -- Using all available rosidl_typesupport_c: rosidl_typesupport_fastrtps_c;rosidl_typesupport_introspection_c
[0.633s] -- Using all available rosidl_typesupport_cpp: rosidl_typesupport_fastrtps_cpp;rosidl_typesupport_introspection_cpp
[0.734s] -- Found rmw_implementation_cmake: 6.1.1 (/opt/ros/humble/share/rmw_implementation_cmake/cmake)
[0.738s] -- Found rmw_cyclonedds_cpp: 1.3.4 (/opt/ros/humble/share/rmw_cyclonedds_cpp/cmake)
[0.785s] -- Using RMW implementation 'rmw_cyclonedds_cpp' as default
[1.048s] -- Found sensor_msgs: 4.2.3 (/opt/ros/humble/share/sensor_msgs/cmake)
[1.256s] -- Found nav_msgs: 4.2.3 (/opt/ros/humble/share/nav_msgs/cmake)
[1.392s] -- Found lifecycle_msgs: 1.2.1 (/opt/ros/humble/share/lifecycle_msgs/cmake)
[1.424s] -- Found rclcpp_lifecycle: 16.0.8 (/opt/ros/humble/share/rclcpp_lifecycle/cmake)
[1.465s] -- Found ament_lint_auto: 0.12.10 (/opt/ros/humble/share/ament_lint_auto/cmake)
[1.576s] -- Added test 'copyright' to check source files copyright and LICENSE
[1.578s] -- Added test 'cppcheck' to perform static code analysis on C / C++ code
[1.578s] -- Configured cppcheck include dirs: $<BUILD_INTERFACE:/home/denis/diploma_ws/src/fsu/include>
[1.578s] -- Configured cppcheck exclude dirs and/or files: 
[1.580s] -- Added test 'cpplint' to check C / C++ code against the Google style
[1.580s] -- Configured cpplint exclude dirs and/or files: 
[1.580s] -- Added test 'flake8' to check Python code syntax and style conventions
[1.581s] -- Added test 'lint_cmake' to check CMake code style
[1.582s] -- Added test 'pep257' to check Python code against some of the docstring style conventions in PEP 257
[1.583s] -- Added test 'uncrustify' to check C / C++ code style
[1.583s] -- Configured uncrustify additional arguments: 
[1.584s] -- Added test 'xmllint' to check XML markup files
[1.585s] -- Configuring done
[1.602s] -- Generating done
[1.605s] -- Build files have been written to: /home/denis/diploma_ws/build/fsu
[1.662s] [ 50%] [32mBuilding CXX object CMakeFiles/lidar_remapping_node.dir/src/lidar_remapping_node.cpp.o[0m
[14.856s] [100%] [32m[1mLinking CXX executable lidar_remapping_node[0m
[15.640s] [100%] Built target lidar_remapping_node
[15.657s] Invoked command in '/home/denis/diploma_ws/build/fsu' returned '0': CMAKE_PREFIX_PATH=${CMAKE_PREFIX_PATH}:/opt/ros/humble /usr/bin/cmake --build /home/denis/diploma_ws/build/fsu -- -j4 -l4
[15.707s] Invoking command in '/home/denis/diploma_ws/build/fsu': CMAKE_PREFIX_PATH=${CMAKE_PREFIX_PATH}:/opt/ros/humble /usr/bin/cmake --install /home/denis/diploma_ws/build/fsu
[15.719s] -- Install configuration: ""
[15.719s] -- Installing: /home/denis/diploma_ws/install/fsu/lib/fsu/lidar_remapping_node
[15.726s] -- Set runtime path of "/home/denis/diploma_ws/install/fsu/lib/fsu/lidar_remapping_node" to ""
[15.726s] -- Installing: /home/denis/diploma_ws/install/fsu/share/fsu/launch
[15.727s] -- Installing: /home/denis/diploma_ws/install/fsu/share/fsu/launch/fsu.launch.py
[15.727s] -- Installing: /home/denis/diploma_ws/install/fsu/share/ament_index/resource_index/package_run_dependencies/fsu
[15.727s] -- Installing: /home/denis/diploma_ws/install/fsu/share/ament_index/resource_index/parent_prefix_path/fsu
[15.728s] -- Up-to-date: /home/denis/diploma_ws/install/fsu/share/fsu/environment/ament_prefix_path.sh
[15.728s] -- Installing: /home/denis/diploma_ws/install/fsu/share/fsu/environment/ament_prefix_path.dsv
[15.728s] -- Up-to-date: /home/denis/diploma_ws/install/fsu/share/fsu/environment/path.sh
[15.729s] -- Installing: /home/denis/diploma_ws/install/fsu/share/fsu/environment/path.dsv
[15.729s] -- Up-to-date: /home/denis/diploma_ws/install/fsu/share/fsu/local_setup.bash
[15.729s] -- Up-to-date: /home/denis/diploma_ws/install/fsu/share/fsu/local_setup.sh
[15.729s] -- Up-to-date: /home/denis/diploma_ws/install/fsu/share/fsu/local_setup.zsh
[15.730s] -- Installing: /home/denis/diploma_ws/install/fsu/share/fsu/local_setup.dsv
[15.730s] -- Installing: /home/denis/diploma_ws/install/fsu/share/fsu/package.dsv
[15.730s] -- Up-to-date: /home/denis/diploma_ws/install/fsu/share/ament_index/resource_index/packages/fsu
[15.730s] -- Up-to-date: /home/denis/diploma_ws/install/fsu/share/fsu/cmake/fsuConfig.cmake
[15.731s] -- Up-to-date: /home/denis/diploma_ws/install/fsu/share/fsu/cmake/fsuConfig-version.cmake
[15.731s] -- Installing: /home/denis/diploma_ws/install/fsu/share/fsu/package.xml
[15.734s] Invoked command in '/home/denis/diploma_ws/build/fsu' returned '0': CMAKE_PREFIX_PATH=${CMAKE_PREFIX_PATH}:/opt/ros/humble /usr/bin/cmake --install /home/denis/diploma_ws/build/fsu
