[0.042s] Invoking command in '/home/denis/diploma_ws/src/build/dms_interfaces': CMAKE_PREFIX_PATH=${CMAKE_PREFIX_PATH}:/opt/ros/humble /usr/bin/cmake /home/denis/diploma_ws/src/dms_interfaces -DCMAKE_INSTALL_PREFIX=/home/denis/diploma_ws/src/install/dms_interfaces
[0.305s] -- The C compiler identification is GNU 11.4.0
[0.688s] -- The CXX compiler identification is GNU 11.4.0
[0.743s] -- Detecting C compiler ABI info
[1.349s] -- Detecting C compiler ABI info - done
[1.416s] -- Check for working C compiler: /usr/bin/cc - skipped
[1.417s] -- Detecting C compile features
[1.425s] -- Detecting C compile features - done
[1.441s] -- Detecting CXX compiler ABI info
[1.789s] -- Detecting CXX compiler ABI info - done
[1.789s] -- Check for working CXX compiler: /usr/bin/c++ - skipped
[1.789s] -- Detecting CXX compile features
[1.790s] -- Detecting CXX compile features - done
[1.809s] -- Found ament_cmake: 1.3.8 (/opt/ros/humble/share/ament_cmake/cmake)
[2.263s] -- Found Python3: /usr/bin/python3 (found version "3.10.12") found components: Interpreter 
[2.668s] -- Found rosidl_default_generators: 1.2.0 (/opt/ros/humble/share/rosidl_default_generators/cmake)
[2.700s] -- Using all available rosidl_typesupport_c: rosidl_typesupport_fastrtps_c;rosidl_typesupport_introspection_c
[2.749s] -- Found rosidl_adapter: 3.1.5 (/opt/ros/humble/share/rosidl_adapter/cmake)
[3.063s] -- Using all available rosidl_typesupport_cpp: rosidl_typesupport_fastrtps_cpp;rosidl_typesupport_introspection_cpp
[3.276s] -- Found geometry_msgs: 4.2.3 (/opt/ros/humble/share/geometry_msgs/cmake)
[5.668s] -- Found ament_cmake_ros: 0.10.0 (/opt/ros/humble/share/ament_cmake_ros/cmake)
[6.877s] -- Using all available rosidl_typesupport_c: rosidl_typesupport_fastrtps_c;rosidl_typesupport_introspection_c
[7.965s] -- Using all available rosidl_typesupport_cpp: rosidl_typesupport_fastrtps_cpp;rosidl_typesupport_introspection_cpp
[8.024s] -- Found PythonInterp: /usr/bin/python3 (found suitable version "3.10.12", minimum required is "3.6") 
[8.033s] -- Found python_cmake_module: 0.10.0 (/opt/ros/humble/share/python_cmake_module/cmake)
[8.110s] -- Found PythonLibs: /usr/lib/x86_64-linux-gnu/libpython3.10.so (found suitable version "3.10.12", minimum required is "3.5") 
[8.110s] -- Using PYTHON_EXECUTABLE: /usr/bin/python3
[8.110s] -- Using PYTHON_INCLUDE_DIRS: /usr/include/python3.10
[8.111s] -- Using PYTHON_LIBRARIES: /usr/lib/x86_64-linux-gnu/libpython3.10.so
[8.159s] -- Found PythonExtra: .so  
[8.304s] -- Found ament_lint_auto: 0.12.10 (/opt/ros/humble/share/ament_lint_auto/cmake)
[8.367s] -- Added test 'lint_cmake' to check CMake code style
[8.371s] -- Added test 'xmllint' to check XML markup files
[8.378s] -- Configuring done
[8.461s] -- Generating done
[8.468s] -- Build files have been written to: /home/denis/diploma_ws/src/build/dms_interfaces
[8.488s] Invoked command in '/home/denis/diploma_ws/src/build/dms_interfaces' returned '0': CMAKE_PREFIX_PATH=${CMAKE_PREFIX_PATH}:/opt/ros/humble /usr/bin/cmake /home/denis/diploma_ws/src/dms_interfaces -DCMAKE_INSTALL_PREFIX=/home/denis/diploma_ws/src/install/dms_interfaces
[8.489s] Invoking command in '/home/denis/diploma_ws/src/build/dms_interfaces': CMAKE_PREFIX_PATH=${CMAKE_PREFIX_PATH}:/opt/ros/humble /usr/bin/cmake --build /home/denis/diploma_ws/src/build/dms_interfaces -- -j4 -l4
[8.622s] [  3%] [34m[1mGenerating C code for ROS interfaces[0m
[8.696s] [  6%] Built target ament_cmake_python_copy_dms_interfaces
[8.703s] [  6%] [34m[1mGenerating C++ code for ROS interfaces[0m
[9.857s] [  9%] [32mBuilding C object CMakeFiles/dms_interfaces__rosidl_generator_c.dir/rosidl_generator_c/dms_interfaces/srv/detail/pub_res_cmd_vel__functions.c.o[0m
[10.025s] [  9%] Built target dms_interfaces__cpp
[10.151s] [ 12%] [34m[1mGenerating C++ type support for eProsima Fast-RTPS[0m
[10.155s] [ 16%] [34m[1mGenerating C++ type support dispatch for ROS interfaces[0m
[10.359s] running egg_info
[10.362s] creating dms_interfaces.egg-info
[10.362s] writing dms_interfaces.egg-info/PKG-INFO
[10.366s] writing dependency_links to dms_interfaces.egg-info/dependency_links.txt
[10.366s] writing top-level names to dms_interfaces.egg-info/top_level.txt
[10.367s] writing manifest file 'dms_interfaces.egg-info/SOURCES.txt'
[10.367s] [ 19%] [32m[1mLinking C shared library libdms_interfaces__rosidl_generator_c.so[0m
[10.372s] reading manifest file 'dms_interfaces.egg-info/SOURCES.txt'
[10.374s] writing manifest file 'dms_interfaces.egg-info/SOURCES.txt'
[10.506s] [ 19%] Built target dms_interfaces__rosidl_generator_c
[10.536s] [ 22%] [34m[1mGenerating C++ introspection for ROS interfaces[0m
[10.586s] [ 22%] Built target ament_cmake_python_build_dms_interfaces_egg
[10.659s] [ 25%] [34m[1mGenerating C type support for eProsima Fast-RTPS[0m
[11.321s] [ 29%] [32mBuilding CXX object CMakeFiles/dms_interfaces__rosidl_typesupport_fastrtps_cpp.dir/rosidl_typesupport_fastrtps_cpp/dms_interfaces/srv/detail/dds_fastrtps/pub_res_cmd_vel__type_support.cpp.o[0m
[11.457s] [ 32%] [32mBuilding CXX object CMakeFiles/dms_interfaces__rosidl_typesupport_cpp.dir/rosidl_typesupport_cpp/dms_interfaces/srv/pub_res_cmd_vel__type_support.cpp.o[0m
[11.977s] [ 35%] [32mBuilding CXX object CMakeFiles/dms_interfaces__rosidl_typesupport_introspection_cpp.dir/rosidl_typesupport_introspection_cpp/dms_interfaces/srv/detail/pub_res_cmd_vel__type_support.cpp.o[0m
[12.355s] [ 38%] [32mBuilding CXX object CMakeFiles/dms_interfaces__rosidl_typesupport_fastrtps_c.dir/rosidl_typesupport_fastrtps_c/dms_interfaces/srv/detail/pub_res_cmd_vel__type_support_c.cpp.o[0m
[13.218s] [ 41%] [32m[1mLinking CXX shared library libdms_interfaces__rosidl_typesupport_cpp.so[0m
[13.627s] [ 41%] Built target dms_interfaces__rosidl_typesupport_cpp
[13.710s] [ 45%] [34m[1mGenerating C introspection for ROS interfaces[0m
[13.713s] [ 48%] [32m[1mLinking CXX shared library libdms_interfaces__rosidl_typesupport_fastrtps_cpp.so[0m
[14.316s] [ 48%] Built target dms_interfaces__rosidl_typesupport_fastrtps_cpp
[14.397s] [ 51%] [34m[1mGenerating C type support dispatch for ROS interfaces[0m
[14.652s] [ 54%] [32m[1mLinking CXX shared library libdms_interfaces__rosidl_typesupport_introspection_cpp.so[0m
[14.766s] [ 58%] [32m[1mLinking CXX shared library libdms_interfaces__rosidl_typesupport_fastrtps_c.so[0m
[14.911s] [ 61%] [32mBuilding C object CMakeFiles/dms_interfaces__rosidl_typesupport_introspection_c.dir/rosidl_typesupport_introspection_c/dms_interfaces/srv/detail/pub_res_cmd_vel__type_support.c.o[0m
[15.095s] [ 61%] Built target dms_interfaces__rosidl_typesupport_introspection_cpp
[15.100s] [ 61%] Built target dms_interfaces__rosidl_typesupport_fastrtps_c
[15.183s] [ 64%] [32m[1mLinking C shared library libdms_interfaces__rosidl_typesupport_introspection_c.so[0m
[15.288s] [ 64%] Built target dms_interfaces__rosidl_typesupport_introspection_c
[15.359s] [ 67%] [32mBuilding CXX object CMakeFiles/dms_interfaces__rosidl_typesupport_c.dir/rosidl_typesupport_c/dms_interfaces/srv/pub_res_cmd_vel__type_support.cpp.o[0m
[15.452s] [ 70%] [32m[1mLinking CXX shared library libdms_interfaces__rosidl_typesupport_c.so[0m
[15.568s] [ 70%] Built target dms_interfaces__rosidl_typesupport_c
[15.618s] [ 70%] Built target dms_interfaces
[15.677s] [ 74%] [34m[1mGenerating Python code for ROS interfaces[0m
[16.418s] [ 74%] Built target dms_interfaces__py
[16.456s] [ 77%] [32mBuilding C object CMakeFiles/dms_interfaces__rosidl_generator_py.dir/rosidl_generator_py/dms_interfaces/srv/_pub_res_cmd_vel_s.c.o[0m
[16.699s] [ 80%] [32m[1mLinking C shared library rosidl_generator_py/dms_interfaces/libdms_interfaces__rosidl_generator_py.so[0m
[16.786s] [ 80%] Built target dms_interfaces__rosidl_generator_py
[16.842s] [ 83%] [32mBuilding C object CMakeFiles/dms_interfaces__rosidl_typesupport_introspection_c__pyext.dir/rosidl_generator_py/dms_interfaces/_dms_interfaces_s.ep.rosidl_typesupport_introspection_c.c.o[0m
[16.845s] [ 87%] [32mBuilding C object CMakeFiles/dms_interfaces__rosidl_typesupport_c__pyext.dir/rosidl_generator_py/dms_interfaces/_dms_interfaces_s.ep.rosidl_typesupport_c.c.o[0m
[16.938s] [ 90%] [32mBuilding C object CMakeFiles/dms_interfaces__rosidl_typesupport_fastrtps_c__pyext.dir/rosidl_generator_py/dms_interfaces/_dms_interfaces_s.ep.rosidl_typesupport_fastrtps_c.c.o[0m
[17.224s] [ 93%] [32m[1mLinking C shared library rosidl_generator_py/dms_interfaces/dms_interfaces_s__rosidl_typesupport_introspection_c.cpython-310-x86_64-linux-gnu.so[0m
[17.282s] [ 96%] [32m[1mLinking C shared library rosidl_generator_py/dms_interfaces/dms_interfaces_s__rosidl_typesupport_c.cpython-310-x86_64-linux-gnu.so[0m
[17.403s] [100%] [32m[1mLinking C shared library rosidl_generator_py/dms_interfaces/dms_interfaces_s__rosidl_typesupport_fastrtps_c.cpython-310-x86_64-linux-gnu.so[0m
[17.417s] [100%] Built target dms_interfaces__rosidl_typesupport_c__pyext
[17.424s] [100%] Built target dms_interfaces__rosidl_typesupport_introspection_c__pyext
[17.519s] [100%] Built target dms_interfaces__rosidl_typesupport_fastrtps_c__pyext
[17.558s] Invoked command in '/home/denis/diploma_ws/src/build/dms_interfaces' returned '0': CMAKE_PREFIX_PATH=${CMAKE_PREFIX_PATH}:/opt/ros/humble /usr/bin/cmake --build /home/denis/diploma_ws/src/build/dms_interfaces -- -j4 -l4
[17.761s] Invoking command in '/home/denis/diploma_ws/src/build/dms_interfaces': CMAKE_PREFIX_PATH=${CMAKE_PREFIX_PATH}:/opt/ros/humble /usr/bin/cmake --install /home/denis/diploma_ws/src/build/dms_interfaces
[17.787s] -- Install configuration: ""
[17.790s] -- Installing: /home/denis/diploma_ws/src/install/dms_interfaces/share/ament_index/resource_index/rosidl_interfaces/dms_interfaces
[17.795s] -- Installing: /home/denis/diploma_ws/src/install/dms_interfaces/include/dms_interfaces/dms_interfaces
[17.798s] -- Installing: /home/denis/diploma_ws/src/install/dms_interfaces/include/dms_interfaces/dms_interfaces/srv
[17.800s] -- Installing: /home/denis/diploma_ws/src/install/dms_interfaces/include/dms_interfaces/dms_interfaces/srv/pub_res_cmd_vel.h
[17.804s] -- Installing: /home/denis/diploma_ws/src/install/dms_interfaces/include/dms_interfaces/dms_interfaces/srv/detail
[17.806s] -- Installing: /home/denis/diploma_ws/src/install/dms_interfaces/include/dms_interfaces/dms_interfaces/srv/detail/pub_res_cmd_vel__functions.c
[17.807s] -- Installing: /home/denis/diploma_ws/src/install/dms_interfaces/include/dms_interfaces/dms_interfaces/srv/detail/pub_res_cmd_vel__type_support.h
[17.808s] -- Installing: /home/denis/diploma_ws/src/install/dms_interfaces/include/dms_interfaces/dms_interfaces/srv/detail/pub_res_cmd_vel__functions.h
[17.815s] -- Installing: /home/denis/diploma_ws/src/install/dms_interfaces/include/dms_interfaces/dms_interfaces/srv/detail/pub_res_cmd_vel__struct.h
[17.816s] -- Installing: /home/denis/diploma_ws/src/install/dms_interfaces/include/dms_interfaces/dms_interfaces/msg
[17.817s] -- Installing: /home/denis/diploma_ws/src/install/dms_interfaces/include/dms_interfaces/dms_interfaces/msg/rosidl_generator_c__visibility_control.h
[17.818s] -- Installing: /home/denis/diploma_ws/src/install/dms_interfaces/share/dms_interfaces/environment/library_path.sh
[17.818s] -- Installing: /home/denis/diploma_ws/src/install/dms_interfaces/share/dms_interfaces/environment/library_path.dsv
[17.819s] -- Installing: /home/denis/diploma_ws/src/install/dms_interfaces/lib/libdms_interfaces__rosidl_generator_c.so
[17.821s] -- Set runtime path of "/home/denis/diploma_ws/src/install/dms_interfaces/lib/libdms_interfaces__rosidl_generator_c.so" to ""
[17.821s] -- Up-to-date: /home/denis/diploma_ws/src/install/dms_interfaces/include/dms_interfaces/dms_interfaces
[17.822s] -- Up-to-date: /home/denis/diploma_ws/src/install/dms_interfaces/include/dms_interfaces/dms_interfaces/srv
[17.822s] -- Up-to-date: /home/denis/diploma_ws/src/install/dms_interfaces/include/dms_interfaces/dms_interfaces/srv/detail
[17.823s] -- Installing: /home/denis/diploma_ws/src/install/dms_interfaces/include/dms_interfaces/dms_interfaces/srv/detail/pub_res_cmd_vel__rosidl_typesupport_fastrtps_c.h
[17.823s] -- Up-to-date: /home/denis/diploma_ws/src/install/dms_interfaces/include/dms_interfaces/dms_interfaces/msg
[17.824s] -- Installing: /home/denis/diploma_ws/src/install/dms_interfaces/include/dms_interfaces/dms_interfaces/msg/rosidl_typesupport_fastrtps_c__visibility_control.h
[17.824s] -- Installing: /home/denis/diploma_ws/src/install/dms_interfaces/lib/libdms_interfaces__rosidl_typesupport_fastrtps_c.so
[17.826s] -- Set runtime path of "/home/denis/diploma_ws/src/install/dms_interfaces/lib/libdms_interfaces__rosidl_typesupport_fastrtps_c.so" to ""
[17.826s] -- Up-to-date: /home/denis/diploma_ws/src/install/dms_interfaces/include/dms_interfaces/dms_interfaces
[17.827s] -- Up-to-date: /home/denis/diploma_ws/src/install/dms_interfaces/include/dms_interfaces/dms_interfaces/srv
[17.827s] -- Up-to-date: /home/denis/diploma_ws/src/install/dms_interfaces/include/dms_interfaces/dms_interfaces/srv/detail
[17.827s] -- Installing: /home/denis/diploma_ws/src/install/dms_interfaces/include/dms_interfaces/dms_interfaces/srv/detail/pub_res_cmd_vel__rosidl_typesupport_introspection_c.h
[17.828s] -- Installing: /home/denis/diploma_ws/src/install/dms_interfaces/include/dms_interfaces/dms_interfaces/srv/detail/pub_res_cmd_vel__type_support.c
[17.829s] -- Up-to-date: /home/denis/diploma_ws/src/install/dms_interfaces/include/dms_interfaces/dms_interfaces/msg
[17.830s] -- Installing: /home/denis/diploma_ws/src/install/dms_interfaces/include/dms_interfaces/dms_interfaces/msg/rosidl_typesupport_introspection_c__visibility_control.h
[17.840s] -- Installing: /home/denis/diploma_ws/src/install/dms_interfaces/lib/libdms_interfaces__rosidl_typesupport_introspection_c.so
[17.844s] -- Set runtime path of "/home/denis/diploma_ws/src/install/dms_interfaces/lib/libdms_interfaces__rosidl_typesupport_introspection_c.so" to ""
[17.845s] -- Installing: /home/denis/diploma_ws/src/install/dms_interfaces/lib/libdms_interfaces__rosidl_typesupport_c.so
[17.846s] -- Set runtime path of "/home/denis/diploma_ws/src/install/dms_interfaces/lib/libdms_interfaces__rosidl_typesupport_c.so" to ""
[17.847s] -- Up-to-date: /home/denis/diploma_ws/src/install/dms_interfaces/include/dms_interfaces/dms_interfaces
[17.847s] -- Up-to-date: /home/denis/diploma_ws/src/install/dms_interfaces/include/dms_interfaces/dms_interfaces/srv
[17.848s] -- Installing: /home/denis/diploma_ws/src/install/dms_interfaces/include/dms_interfaces/dms_interfaces/srv/pub_res_cmd_vel.hpp
[17.848s] -- Up-to-date: /home/denis/diploma_ws/src/install/dms_interfaces/include/dms_interfaces/dms_interfaces/srv/detail
[17.849s] -- Installing: /home/denis/diploma_ws/src/install/dms_interfaces/include/dms_interfaces/dms_interfaces/srv/detail/pub_res_cmd_vel__traits.hpp
[17.849s] -- Installing: /home/denis/diploma_ws/src/install/dms_interfaces/include/dms_interfaces/dms_interfaces/srv/detail/pub_res_cmd_vel__struct.hpp
[17.850s] -- Installing: /home/denis/diploma_ws/src/install/dms_interfaces/include/dms_interfaces/dms_interfaces/srv/detail/pub_res_cmd_vel__builder.hpp
[17.851s] -- Up-to-date: /home/denis/diploma_ws/src/install/dms_interfaces/include/dms_interfaces/dms_interfaces
[17.851s] -- Up-to-date: /home/denis/diploma_ws/src/install/dms_interfaces/include/dms_interfaces/dms_interfaces/srv
[17.852s] -- Up-to-date: /home/denis/diploma_ws/src/install/dms_interfaces/include/dms_interfaces/dms_interfaces/srv/detail
[17.852s] -- Installing: /home/denis/diploma_ws/src/install/dms_interfaces/include/dms_interfaces/dms_interfaces/srv/detail/dds_fastrtps
[17.852s] -- Installing: /home/denis/diploma_ws/src/install/dms_interfaces/include/dms_interfaces/dms_interfaces/srv/detail/pub_res_cmd_vel__rosidl_typesupport_fastrtps_cpp.hpp
[17.853s] -- Up-to-date: /home/denis/diploma_ws/src/install/dms_interfaces/include/dms_interfaces/dms_interfaces/msg
[17.853s] -- Installing: /home/denis/diploma_ws/src/install/dms_interfaces/include/dms_interfaces/dms_interfaces/msg/rosidl_typesupport_fastrtps_cpp__visibility_control.h
[17.854s] -- Installing: /home/denis/diploma_ws/src/install/dms_interfaces/lib/libdms_interfaces__rosidl_typesupport_fastrtps_cpp.so
[17.856s] -- Set runtime path of "/home/denis/diploma_ws/src/install/dms_interfaces/lib/libdms_interfaces__rosidl_typesupport_fastrtps_cpp.so" to ""
[17.857s] -- Up-to-date: /home/denis/diploma_ws/src/install/dms_interfaces/include/dms_interfaces/dms_interfaces
[17.857s] -- Up-to-date: /home/denis/diploma_ws/src/install/dms_interfaces/include/dms_interfaces/dms_interfaces/srv
[17.857s] -- Up-to-date: /home/denis/diploma_ws/src/install/dms_interfaces/include/dms_interfaces/dms_interfaces/srv/detail
[17.858s] -- Installing: /home/denis/diploma_ws/src/install/dms_interfaces/include/dms_interfaces/dms_interfaces/srv/detail/pub_res_cmd_vel__rosidl_typesupport_introspection_cpp.hpp
[17.859s] -- Installing: /home/denis/diploma_ws/src/install/dms_interfaces/include/dms_interfaces/dms_interfaces/srv/detail/pub_res_cmd_vel__type_support.cpp
[17.860s] -- Installing: /home/denis/diploma_ws/src/install/dms_interfaces/lib/libdms_interfaces__rosidl_typesupport_introspection_cpp.so
[17.862s] -- Set runtime path of "/home/denis/diploma_ws/src/install/dms_interfaces/lib/libdms_interfaces__rosidl_typesupport_introspection_cpp.so" to ""
[17.862s] -- Installing: /home/denis/diploma_ws/src/install/dms_interfaces/lib/libdms_interfaces__rosidl_typesupport_cpp.so
[17.864s] -- Set runtime path of "/home/denis/diploma_ws/src/install/dms_interfaces/lib/libdms_interfaces__rosidl_typesupport_cpp.so" to ""
[17.865s] -- Installing: /home/denis/diploma_ws/src/install/dms_interfaces/share/dms_interfaces/environment/pythonpath.sh
[17.865s] -- Installing: /home/denis/diploma_ws/src/install/dms_interfaces/share/dms_interfaces/environment/pythonpath.dsv
[17.866s] -- Installing: /home/denis/diploma_ws/src/install/dms_interfaces/local/lib/python3.10/dist-packages/dms_interfaces-0.0.0-py3.10.egg-info
[17.867s] -- Installing: /home/denis/diploma_ws/src/install/dms_interfaces/local/lib/python3.10/dist-packages/dms_interfaces-0.0.0-py3.10.egg-info/SOURCES.txt
[17.868s] -- Installing: /home/denis/diploma_ws/src/install/dms_interfaces/local/lib/python3.10/dist-packages/dms_interfaces-0.0.0-py3.10.egg-info/dependency_links.txt
[17.868s] -- Installing: /home/denis/diploma_ws/src/install/dms_interfaces/local/lib/python3.10/dist-packages/dms_interfaces-0.0.0-py3.10.egg-info/PKG-INFO
[17.869s] -- Installing: /home/denis/diploma_ws/src/install/dms_interfaces/local/lib/python3.10/dist-packages/dms_interfaces-0.0.0-py3.10.egg-info/top_level.txt
[17.869s] -- Installing: /home/denis/diploma_ws/src/install/dms_interfaces/local/lib/python3.10/dist-packages/dms_interfaces
[17.870s] -- Installing: /home/denis/diploma_ws/src/install/dms_interfaces/local/lib/python3.10/dist-packages/dms_interfaces/dms_interfaces_s__rosidl_typesupport_c.cpython-310-x86_64-linux-gnu.so
[17.871s] -- Installing: /home/denis/diploma_ws/src/install/dms_interfaces/local/lib/python3.10/dist-packages/dms_interfaces/srv
[17.871s] -- Installing: /home/denis/diploma_ws/src/install/dms_interfaces/local/lib/python3.10/dist-packages/dms_interfaces/srv/_pub_res_cmd_vel.py
[17.872s] -- Installing: /home/denis/diploma_ws/src/install/dms_interfaces/local/lib/python3.10/dist-packages/dms_interfaces/srv/__init__.py
[17.873s] -- Installing: /home/denis/diploma_ws/src/install/dms_interfaces/local/lib/python3.10/dist-packages/dms_interfaces/srv/_pub_res_cmd_vel_s.c
[17.873s] -- Installing: /home/denis/diploma_ws/src/install/dms_interfaces/local/lib/python3.10/dist-packages/dms_interfaces/dms_interfaces_s__rosidl_typesupport_fastrtps_c.cpython-310-x86_64-linux-gnu.so
[17.874s] -- Installing: /home/denis/diploma_ws/src/install/dms_interfaces/local/lib/python3.10/dist-packages/dms_interfaces/dms_interfaces_s__rosidl_typesupport_introspection_c.cpython-310-x86_64-linux-gnu.so
[17.875s] -- Installing: /home/denis/diploma_ws/src/install/dms_interfaces/local/lib/python3.10/dist-packages/dms_interfaces/_dms_interfaces_s.ep.rosidl_typesupport_c.c
[17.875s] -- Installing: /home/denis/diploma_ws/src/install/dms_interfaces/local/lib/python3.10/dist-packages/dms_interfaces/libdms_interfaces__rosidl_generator_py.so
[17.876s] -- Installing: /home/denis/diploma_ws/src/install/dms_interfaces/local/lib/python3.10/dist-packages/dms_interfaces/__init__.py
[17.876s] -- Installing: /home/denis/diploma_ws/src/install/dms_interfaces/local/lib/python3.10/dist-packages/dms_interfaces/_dms_interfaces_s.ep.rosidl_typesupport_introspection_c.c
[17.877s] -- Installing: /home/denis/diploma_ws/src/install/dms_interfaces/local/lib/python3.10/dist-packages/dms_interfaces/_dms_interfaces_s.ep.rosidl_typesupport_fastrtps_c.c
[17.995s] Listing '/home/denis/diploma_ws/src/install/dms_interfaces/local/lib/python3.10/dist-packages/dms_interfaces'...
[17.995s] Compiling '/home/denis/diploma_ws/src/install/dms_interfaces/local/lib/python3.10/dist-packages/dms_interfaces/__init__.py'...
[17.995s] Listing '/home/denis/diploma_ws/src/install/dms_interfaces/local/lib/python3.10/dist-packages/dms_interfaces/srv'...
[17.996s] Compiling '/home/denis/diploma_ws/src/install/dms_interfaces/local/lib/python3.10/dist-packages/dms_interfaces/srv/__init__.py'...
[17.996s] Compiling '/home/denis/diploma_ws/src/install/dms_interfaces/local/lib/python3.10/dist-packages/dms_interfaces/srv/_pub_res_cmd_vel.py'...
[18.007s] -- Installing: /home/denis/diploma_ws/src/install/dms_interfaces/local/lib/python3.10/dist-packages/dms_interfaces/dms_interfaces_s__rosidl_typesupport_fastrtps_c.cpython-310-x86_64-linux-gnu.so
[18.008s] -- Set runtime path of "/home/denis/diploma_ws/src/install/dms_interfaces/local/lib/python3.10/dist-packages/dms_interfaces/dms_interfaces_s__rosidl_typesupport_fastrtps_c.cpython-310-x86_64-linux-gnu.so" to ""
[18.009s] -- Installing: /home/denis/diploma_ws/src/install/dms_interfaces/local/lib/python3.10/dist-packages/dms_interfaces/dms_interfaces_s__rosidl_typesupport_introspection_c.cpython-310-x86_64-linux-gnu.so
[18.010s] -- Set runtime path of "/home/denis/diploma_ws/src/install/dms_interfaces/local/lib/python3.10/dist-packages/dms_interfaces/dms_interfaces_s__rosidl_typesupport_introspection_c.cpython-310-x86_64-linux-gnu.so" to ""
[18.011s] -- Installing: /home/denis/diploma_ws/src/install/dms_interfaces/local/lib/python3.10/dist-packages/dms_interfaces/dms_interfaces_s__rosidl_typesupport_c.cpython-310-x86_64-linux-gnu.so
[18.012s] -- Set runtime path of "/home/denis/diploma_ws/src/install/dms_interfaces/local/lib/python3.10/dist-packages/dms_interfaces/dms_interfaces_s__rosidl_typesupport_c.cpython-310-x86_64-linux-gnu.so" to ""
[18.016s] -- Installing: /home/denis/diploma_ws/src/install/dms_interfaces/lib/libdms_interfaces__rosidl_generator_py.so
[18.017s] -- Set runtime path of "/home/denis/diploma_ws/src/install/dms_interfaces/lib/libdms_interfaces__rosidl_generator_py.so" to ""
[18.017s] -- Installing: /home/denis/diploma_ws/src/install/dms_interfaces/share/dms_interfaces/srv/PubResCmdVel.idl
[18.018s] -- Installing: /home/denis/diploma_ws/src/install/dms_interfaces/share/dms_interfaces/srv/PubResCmdVel.srv
[18.018s] -- Installing: /home/denis/diploma_ws/src/install/dms_interfaces/share/dms_interfaces/srv/PubResCmdVel_Request.msg
[18.018s] -- Installing: /home/denis/diploma_ws/src/install/dms_interfaces/share/dms_interfaces/srv/PubResCmdVel_Response.msg
[18.019s] -- Installing: /home/denis/diploma_ws/src/install/dms_interfaces/share/ament_index/resource_index/package_run_dependencies/dms_interfaces
[18.019s] -- Installing: /home/denis/diploma_ws/src/install/dms_interfaces/share/ament_index/resource_index/parent_prefix_path/dms_interfaces
[18.020s] -- Installing: /home/denis/diploma_ws/src/install/dms_interfaces/share/dms_interfaces/environment/ament_prefix_path.sh
[18.020s] -- Installing: /home/denis/diploma_ws/src/install/dms_interfaces/share/dms_interfaces/environment/ament_prefix_path.dsv
[18.021s] -- Installing: /home/denis/diploma_ws/src/install/dms_interfaces/share/dms_interfaces/environment/path.sh
[18.021s] -- Installing: /home/denis/diploma_ws/src/install/dms_interfaces/share/dms_interfaces/environment/path.dsv
[18.022s] -- Installing: /home/denis/diploma_ws/src/install/dms_interfaces/share/dms_interfaces/local_setup.bash
[18.022s] -- Installing: /home/denis/diploma_ws/src/install/dms_interfaces/share/dms_interfaces/local_setup.sh
[18.023s] -- Installing: /home/denis/diploma_ws/src/install/dms_interfaces/share/dms_interfaces/local_setup.zsh
[18.023s] -- Installing: /home/denis/diploma_ws/src/install/dms_interfaces/share/dms_interfaces/local_setup.dsv
[18.024s] -- Installing: /home/denis/diploma_ws/src/install/dms_interfaces/share/dms_interfaces/package.dsv
[18.024s] -- Installing: /home/denis/diploma_ws/src/install/dms_interfaces/share/ament_index/resource_index/packages/dms_interfaces
[18.025s] -- Installing: /home/denis/diploma_ws/src/install/dms_interfaces/share/dms_interfaces/cmake/export_dms_interfaces__rosidl_generator_cExport.cmake
[18.025s] -- Installing: /home/denis/diploma_ws/src/install/dms_interfaces/share/dms_interfaces/cmake/export_dms_interfaces__rosidl_generator_cExport-noconfig.cmake
[18.026s] -- Installing: /home/denis/diploma_ws/src/install/dms_interfaces/share/dms_interfaces/cmake/export_dms_interfaces__rosidl_typesupport_fastrtps_cExport.cmake
[18.027s] -- Installing: /home/denis/diploma_ws/src/install/dms_interfaces/share/dms_interfaces/cmake/export_dms_interfaces__rosidl_typesupport_fastrtps_cExport-noconfig.cmake
[18.027s] -- Installing: /home/denis/diploma_ws/src/install/dms_interfaces/share/dms_interfaces/cmake/dms_interfaces__rosidl_typesupport_introspection_cExport.cmake
[18.028s] -- Installing: /home/denis/diploma_ws/src/install/dms_interfaces/share/dms_interfaces/cmake/dms_interfaces__rosidl_typesupport_introspection_cExport-noconfig.cmake
[18.028s] -- Installing: /home/denis/diploma_ws/src/install/dms_interfaces/share/dms_interfaces/cmake/dms_interfaces__rosidl_typesupport_cExport.cmake
[18.029s] -- Installing: /home/denis/diploma_ws/src/install/dms_interfaces/share/dms_interfaces/cmake/dms_interfaces__rosidl_typesupport_cExport-noconfig.cmake
[18.029s] -- Installing: /home/denis/diploma_ws/src/install/dms_interfaces/share/dms_interfaces/cmake/export_dms_interfaces__rosidl_generator_cppExport.cmake
[18.030s] -- Installing: /home/denis/diploma_ws/src/install/dms_interfaces/share/dms_interfaces/cmake/export_dms_interfaces__rosidl_typesupport_fastrtps_cppExport.cmake
[18.030s] -- Installing: /home/denis/diploma_ws/src/install/dms_interfaces/share/dms_interfaces/cmake/export_dms_interfaces__rosidl_typesupport_fastrtps_cppExport-noconfig.cmake
[18.031s] -- Installing: /home/denis/diploma_ws/src/install/dms_interfaces/share/dms_interfaces/cmake/dms_interfaces__rosidl_typesupport_introspection_cppExport.cmake
[18.041s] -- Installing: /home/denis/diploma_ws/src/install/dms_interfaces/share/dms_interfaces/cmake/dms_interfaces__rosidl_typesupport_introspection_cppExport-noconfig.cmake
[18.043s] -- Installing: /home/denis/diploma_ws/src/install/dms_interfaces/share/dms_interfaces/cmake/dms_interfaces__rosidl_typesupport_cppExport.cmake
[18.044s] -- Installing: /home/denis/diploma_ws/src/install/dms_interfaces/share/dms_interfaces/cmake/dms_interfaces__rosidl_typesupport_cppExport-noconfig.cmake
[18.045s] -- Installing: /home/denis/diploma_ws/src/install/dms_interfaces/share/dms_interfaces/cmake/export_dms_interfaces__rosidl_generator_pyExport.cmake
[18.045s] -- Installing: /home/denis/diploma_ws/src/install/dms_interfaces/share/dms_interfaces/cmake/export_dms_interfaces__rosidl_generator_pyExport-noconfig.cmake
[18.046s] -- Installing: /home/denis/diploma_ws/src/install/dms_interfaces/share/dms_interfaces/cmake/rosidl_cmake-extras.cmake
[18.046s] -- Installing: /home/denis/diploma_ws/src/install/dms_interfaces/share/dms_interfaces/cmake/ament_cmake_export_dependencies-extras.cmake
[18.047s] -- Installing: /home/denis/diploma_ws/src/install/dms_interfaces/share/dms_interfaces/cmake/ament_cmake_export_include_directories-extras.cmake
[18.047s] -- Installing: /home/denis/diploma_ws/src/install/dms_interfaces/share/dms_interfaces/cmake/ament_cmake_export_libraries-extras.cmake
[18.048s] -- Installing: /home/denis/diploma_ws/src/install/dms_interfaces/share/dms_interfaces/cmake/ament_cmake_export_targets-extras.cmake
[18.048s] -- Installing: /home/denis/diploma_ws/src/install/dms_interfaces/share/dms_interfaces/cmake/rosidl_cmake_export_typesupport_targets-extras.cmake
[18.049s] -- Installing: /home/denis/diploma_ws/src/install/dms_interfaces/share/dms_interfaces/cmake/rosidl_cmake_export_typesupport_libraries-extras.cmake
[18.049s] -- Installing: /home/denis/diploma_ws/src/install/dms_interfaces/share/dms_interfaces/cmake/dms_interfacesConfig.cmake
[18.050s] -- Installing: /home/denis/diploma_ws/src/install/dms_interfaces/share/dms_interfaces/cmake/dms_interfacesConfig-version.cmake
[18.050s] -- Installing: /home/denis/diploma_ws/src/install/dms_interfaces/share/dms_interfaces/package.xml
[18.059s] Invoked command in '/home/denis/diploma_ws/src/build/dms_interfaces' returned '0': CMAKE_PREFIX_PATH=${CMAKE_PREFIX_PATH}:/opt/ros/humble /usr/bin/cmake --install /home/denis/diploma_ws/src/build/dms_interfaces
