[0.027s] Invoking command in '/home/denis/diploma_ws/build/csu': AMENT_PREFIX_PATH=/home/denis/diploma_ws/install/dms_interfaces:${AMENT_PREFIX_PATH} CMAKE_PREFIX_PATH=/home/denis/diploma_ws/install/dms_interfaces:/opt/ros/humble LD_LIBRARY_PATH=/home/denis/diploma_ws/install/dms_interfaces/lib:${LD_LIBRARY_PATH} PYTHONPATH=/home/denis/diploma_ws/install/dms_interfaces/local/lib/python3.10/dist-packages:${PYTHONPATH} /usr/bin/cmake --build /home/denis/diploma_ws/build/csu -- -j4 -l4
[0.140s] [35m[1mConsolidate compiler generated dependencies of target control_switching_unit[0m
[0.193s] [100%] Built target control_switching_unit
[0.218s] Invoked command in '/home/denis/diploma_ws/build/csu' returned '0': AMENT_PREFIX_PATH=/home/denis/diploma_ws/install/dms_interfaces:${AMENT_PREFIX_PATH} CMAKE_PREFIX_PATH=/home/denis/diploma_ws/install/dms_interfaces:/opt/ros/humble LD_LIBRARY_PATH=/home/denis/diploma_ws/install/dms_interfaces/lib:${LD_LIBRARY_PATH} PYTHONPATH=/home/denis/diploma_ws/install/dms_interfaces/local/lib/python3.10/dist-packages:${PYTHONPATH} /usr/bin/cmake --build /home/denis/diploma_ws/build/csu -- -j4 -l4
[0.268s] Invoking command in '/home/denis/diploma_ws/build/csu': AMENT_PREFIX_PATH=/home/denis/diploma_ws/install/dms_interfaces:${AMENT_PREFIX_PATH} CMAKE_PREFIX_PATH=/home/denis/diploma_ws/install/dms_interfaces:/opt/ros/humble LD_LIBRARY_PATH=/home/denis/diploma_ws/install/dms_interfaces/lib:${LD_LIBRARY_PATH} PYTHONPATH=/home/denis/diploma_ws/install/dms_interfaces/local/lib/python3.10/dist-packages:${PYTHONPATH} /usr/bin/cmake --install /home/denis/diploma_ws/build/csu
[0.287s] -- Install configuration: ""
[0.288s] -- Installing: /home/denis/diploma_ws/install/csu/lib/csu/control_switching_unit
[0.301s] -- Set runtime path of "/home/denis/diploma_ws/install/csu/lib/csu/control_switching_unit" to ""
[0.301s] -- Up-to-date: /home/denis/diploma_ws/install/csu/share/csu/launch
[0.305s] -- Up-to-date: /home/denis/diploma_ws/install/csu/share/csu/launch/control_switching_unit.launch.py
[0.305s] -- Up-to-date: /home/denis/diploma_ws/install/csu/share/ament_index/resource_index/package_run_dependencies/csu
[0.306s] -- Installing: /home/denis/diploma_ws/install/csu/share/ament_index/resource_index/parent_prefix_path/csu
[0.307s] -- Up-to-date: /home/denis/diploma_ws/install/csu/share/csu/environment/ament_prefix_path.sh
[0.307s] -- Installing: /home/denis/diploma_ws/install/csu/share/csu/environment/ament_prefix_path.dsv
[0.308s] -- Up-to-date: /home/denis/diploma_ws/install/csu/share/csu/environment/path.sh
[0.309s] -- Installing: /home/denis/diploma_ws/install/csu/share/csu/environment/path.dsv
[0.310s] -- Up-to-date: /home/denis/diploma_ws/install/csu/share/csu/local_setup.bash
[0.310s] -- Up-to-date: /home/denis/diploma_ws/install/csu/share/csu/local_setup.sh
[0.311s] -- Up-to-date: /home/denis/diploma_ws/install/csu/share/csu/local_setup.zsh
[0.311s] -- Installing: /home/denis/diploma_ws/install/csu/share/csu/local_setup.dsv
[0.312s] -- Installing: /home/denis/diploma_ws/install/csu/share/csu/package.dsv
[0.313s] -- Up-to-date: /home/denis/diploma_ws/install/csu/share/ament_index/resource_index/packages/csu
[0.313s] -- Up-to-date: /home/denis/diploma_ws/install/csu/share/csu/cmake/csuConfig.cmake
[0.314s] -- Up-to-date: /home/denis/diploma_ws/install/csu/share/csu/cmake/csuConfig-version.cmake
[0.314s] -- Up-to-date: /home/denis/diploma_ws/install/csu/share/csu/package.xml
[0.321s] Invoked command in '/home/denis/diploma_ws/build/csu' returned '0': AMENT_PREFIX_PATH=/home/denis/diploma_ws/install/dms_interfaces:${AMENT_PREFIX_PATH} CMAKE_PREFIX_PATH=/home/denis/diploma_ws/install/dms_interfaces:/opt/ros/humble LD_LIBRARY_PATH=/home/denis/diploma_ws/install/dms_interfaces/lib:${LD_LIBRARY_PATH} PYTHONPATH=/home/denis/diploma_ws/install/dms_interfaces/local/lib/python3.10/dist-packages:${PYTHONPATH} /usr/bin/cmake --install /home/denis/diploma_ws/build/csu
