[0.103s] Invoking command in '/home/denis/diploma_ws/build/turtlebot3_navigation2': CMAKE_PREFIX_PATH=/home/denis/diploma_ws/install/nav2_bringup:/home/denis/diploma_ws/install/turtlebot3_simulations:/home/denis/diploma_ws/install/turtlebot3_navigation2:/home/denis/diploma_ws/install/turtlebot3_gazebo:/home/denis/diploma_ws/install/turtlebot3_fake_node:/home/denis/diploma_ws/install/ssu:/home/denis/diploma_ws/install/groot:/home/denis/diploma_ws/install/fsu:/home/denis/diploma_ws/install/csu:/home/denis/diploma_ws/install/dms_interfaces:/home/denis/diploma_ws/install/btcpp_ros2_samples:/home/denis/diploma_ws/install/btcpp_ros2_interfaces:/home/denis/diploma_ws/install/bt:/home/denis/diploma_ws/install/behaviortree_ros2:/home/denis/diploma_ws/install/behaviortree_cpp_v3:/home/denis/diploma_ws/install/behaviortree_cpp:/opt/ros/humble /usr/bin/cmake --build /home/denis/diploma_ws/build/turtlebot3_navigation2 -- -j4 -l4
[0.269s] Invoked command in '/home/denis/diploma_ws/build/turtlebot3_navigation2' returned '0': CMAKE_PREFIX_PATH=/home/denis/diploma_ws/install/nav2_bringup:/home/denis/diploma_ws/install/turtlebot3_simulations:/home/denis/diploma_ws/install/turtlebot3_navigation2:/home/denis/diploma_ws/install/turtlebot3_gazebo:/home/denis/diploma_ws/install/turtlebot3_fake_node:/home/denis/diploma_ws/install/ssu:/home/denis/diploma_ws/install/groot:/home/denis/diploma_ws/install/fsu:/home/denis/diploma_ws/install/csu:/home/denis/diploma_ws/install/dms_interfaces:/home/denis/diploma_ws/install/btcpp_ros2_samples:/home/denis/diploma_ws/install/btcpp_ros2_interfaces:/home/denis/diploma_ws/install/bt:/home/denis/diploma_ws/install/behaviortree_ros2:/home/denis/diploma_ws/install/behaviortree_cpp_v3:/home/denis/diploma_ws/install/behaviortree_cpp:/opt/ros/humble /usr/bin/cmake --build /home/denis/diploma_ws/build/turtlebot3_navigation2 -- -j4 -l4
[0.333s] Invoking command in '/home/denis/diploma_ws/build/turtlebot3_navigation2': CMAKE_PREFIX_PATH=/home/denis/diploma_ws/install/nav2_bringup:/home/denis/diploma_ws/install/turtlebot3_simulations:/home/denis/diploma_ws/install/turtlebot3_navigation2:/home/denis/diploma_ws/install/turtlebot3_gazebo:/home/denis/diploma_ws/install/turtlebot3_fake_node:/home/denis/diploma_ws/install/ssu:/home/denis/diploma_ws/install/groot:/home/denis/diploma_ws/install/fsu:/home/denis/diploma_ws/install/csu:/home/denis/diploma_ws/install/dms_interfaces:/home/denis/diploma_ws/install/btcpp_ros2_samples:/home/denis/diploma_ws/install/btcpp_ros2_interfaces:/home/denis/diploma_ws/install/bt:/home/denis/diploma_ws/install/behaviortree_ros2:/home/denis/diploma_ws/install/behaviortree_cpp_v3:/home/denis/diploma_ws/install/behaviortree_cpp:/opt/ros/humble /usr/bin/cmake --install /home/denis/diploma_ws/build/turtlebot3_navigation2
[0.356s] -- Install configuration: ""
[0.357s] -- Up-to-date: /home/denis/diploma_ws/install/turtlebot3_navigation2/share/turtlebot3_navigation2/launch
[0.357s] -- Up-to-date: /home/denis/diploma_ws/install/turtlebot3_navigation2/share/turtlebot3_navigation2/launch/navigation2.launch.py
[0.357s] -- Up-to-date: /home/denis/diploma_ws/install/turtlebot3_navigation2/share/turtlebot3_navigation2/map
[0.357s] -- Up-to-date: /home/denis/diploma_ws/install/turtlebot3_navigation2/share/turtlebot3_navigation2/map/map.pgm
[0.358s] -- Up-to-date: /home/denis/diploma_ws/install/turtlebot3_navigation2/share/turtlebot3_navigation2/map/map.yaml
[0.358s] -- Up-to-date: /home/denis/diploma_ws/install/turtlebot3_navigation2/share/turtlebot3_navigation2/param
[0.358s] -- Up-to-date: /home/denis/diploma_ws/install/turtlebot3_navigation2/share/turtlebot3_navigation2/param/waffle_pi.yaml
[0.358s] -- Up-to-date: /home/denis/diploma_ws/install/turtlebot3_navigation2/share/turtlebot3_navigation2/rviz
[0.359s] -- Up-to-date: /home/denis/diploma_ws/install/turtlebot3_navigation2/share/turtlebot3_navigation2/rviz/tb3_navigation2.rviz
[0.359s] -- Up-to-date: /home/denis/diploma_ws/install/turtlebot3_navigation2/share/ament_index/resource_index/package_run_dependencies/turtlebot3_navigation2
[0.359s] -- Up-to-date: /home/denis/diploma_ws/install/turtlebot3_navigation2/share/ament_index/resource_index/parent_prefix_path/turtlebot3_navigation2
[0.360s] -- Up-to-date: /home/denis/diploma_ws/install/turtlebot3_navigation2/share/turtlebot3_navigation2/environment/ament_prefix_path.sh
[0.360s] -- Up-to-date: /home/denis/diploma_ws/install/turtlebot3_navigation2/share/turtlebot3_navigation2/environment/ament_prefix_path.dsv
[0.360s] -- Up-to-date: /home/denis/diploma_ws/install/turtlebot3_navigation2/share/turtlebot3_navigation2/environment/path.sh
[0.360s] -- Up-to-date: /home/denis/diploma_ws/install/turtlebot3_navigation2/share/turtlebot3_navigation2/environment/path.dsv
[0.361s] -- Up-to-date: /home/denis/diploma_ws/install/turtlebot3_navigation2/share/turtlebot3_navigation2/local_setup.bash
[0.361s] -- Up-to-date: /home/denis/diploma_ws/install/turtlebot3_navigation2/share/turtlebot3_navigation2/local_setup.sh
[0.361s] -- Up-to-date: /home/denis/diploma_ws/install/turtlebot3_navigation2/share/turtlebot3_navigation2/local_setup.zsh
[0.361s] -- Up-to-date: /home/denis/diploma_ws/install/turtlebot3_navigation2/share/turtlebot3_navigation2/local_setup.dsv
[0.362s] -- Installing: /home/denis/diploma_ws/install/turtlebot3_navigation2/share/turtlebot3_navigation2/package.dsv
[0.363s] -- Up-to-date: /home/denis/diploma_ws/install/turtlebot3_navigation2/share/ament_index/resource_index/packages/turtlebot3_navigation2
[0.373s] -- Up-to-date: /home/denis/diploma_ws/install/turtlebot3_navigation2/share/turtlebot3_navigation2/cmake/turtlebot3_navigation2Config.cmake
[0.373s] -- Up-to-date: /home/denis/diploma_ws/install/turtlebot3_navigation2/share/turtlebot3_navigation2/cmake/turtlebot3_navigation2Config-version.cmake
[0.374s] -- Up-to-date: /home/denis/diploma_ws/install/turtlebot3_navigation2/share/turtlebot3_navigation2/package.xml
[0.374s] Invoked command in '/home/denis/diploma_ws/build/turtlebot3_navigation2' returned '0': CMAKE_PREFIX_PATH=/home/denis/diploma_ws/install/nav2_bringup:/home/denis/diploma_ws/install/turtlebot3_simulations:/home/denis/diploma_ws/install/turtlebot3_navigation2:/home/denis/diploma_ws/install/turtlebot3_gazebo:/home/denis/diploma_ws/install/turtlebot3_fake_node:/home/denis/diploma_ws/install/ssu:/home/denis/diploma_ws/install/groot:/home/denis/diploma_ws/install/fsu:/home/denis/diploma_ws/install/csu:/home/denis/diploma_ws/install/dms_interfaces:/home/denis/diploma_ws/install/btcpp_ros2_samples:/home/denis/diploma_ws/install/btcpp_ros2_interfaces:/home/denis/diploma_ws/install/bt:/home/denis/diploma_ws/install/behaviortree_ros2:/home/denis/diploma_ws/install/behaviortree_cpp_v3:/home/denis/diploma_ws/install/behaviortree_cpp:/opt/ros/humble /usr/bin/cmake --install /home/denis/diploma_ws/build/turtlebot3_navigation2
