[0.039s] Invoking command in '/home/denis/diploma_ws/build/behaviortree_cpp': CMAKE_PREFIX_PATH=/opt/ros/humble /usr/bin/cmake --build /home/denis/diploma_ws/build/behaviortree_cpp -- -j4 -l4
[0.266s] [  1%] Built target lexy_file
[0.289s] [  3%] Built target gtest_main
[0.308s] [  4%] Built target gtest
[0.451s] [ 36%] Built target behaviortree_cpp
[0.521s] [ 38%] Built target movebase_node_dyn
[0.527s] [ 40%] Built target crossdoor_nodes_dyn
[0.547s] [ 41%] Built target dummy_nodes_dyn
[0.555s] [ 44%] Built target bt_sample_nodes
[0.629s] [ 45%] Built target bt4_plugin_manifest
[0.636s] [ 47%] Built target bt4_log_cat
[0.643s] [ 48%] Built target t01_first_tree_dynamic
[0.672s] [ 50%] Built target t13_plugin_action
[0.759s] [ 52%] Built target t01_first_tree_static
[0.782s] [ 53%] Built target t02_basic_ports
[0.788s] [ 72%] Built target behaviortree_cpp_test
[0.826s] [ 74%] Built target t03_generic_ports
[0.865s] [ 76%] Built target t05_crossdoor
[0.868s] [ 77%] Built target t04_reactive_sequence
[0.904s] [ 78%] Built target t06_subtree_port_remapping
[0.956s] [ 80%] Built target t07_load_multiple_xml
[0.965s] [ 82%] Built target t09_scripting
[0.978s] [ 83%] Built target t08_additional_node_args
[1.041s] [ 84%] Built target t12_groot_howto
[1.067s] [ 85%] Built target t10_observer
[1.081s] [ 87%] Built target t11_replace_rules
[1.087s] [ 89%] Built target generate_log
[1.146s] [ 90%] Built target ex02_runtime_ports
[1.162s] [ 92%] Built target ex01_wrap_legacy
[1.171s] [ 94%] Built target ex04_waypoints
[1.215s] [ 95%] Built target ex05_subtree_model
[1.224s] [ 97%] Built target ex06_access_by_ptr
[1.250s] [ 99%] Built target t13_plugin_executor
[1.272s] [100%] Built target ex07_blackboard_backup
[1.310s] Invoked command in '/home/denis/diploma_ws/build/behaviortree_cpp' returned '0': CMAKE_PREFIX_PATH=/opt/ros/humble /usr/bin/cmake --build /home/denis/diploma_ws/build/behaviortree_cpp -- -j4 -l4
[1.628s] Invoking command in '/home/denis/diploma_ws/build/behaviortree_cpp': CMAKE_PREFIX_PATH=/opt/ros/humble /usr/bin/cmake --install /home/denis/diploma_ws/build/behaviortree_cpp
[1.641s] -- Install configuration: "Release"
[1.642s] -- Up-to-date: /home/denis/diploma_ws/install/behaviortree_cpp/bin/bt4_log_cat
[1.643s] -- Up-to-date: /home/denis/diploma_ws/install/behaviortree_cpp/bin/bt4_plugin_manifest
[1.645s] -- Up-to-date: /home/denis/diploma_ws/install/behaviortree_cpp/lib/libbehaviortree_cpp.so
[1.645s] -- Up-to-date: /home/denis/diploma_ws/install/behaviortree_cpp/include
[1.646s] -- Up-to-date: /home/denis/diploma_ws/install/behaviortree_cpp/include/behaviortree_cpp
[1.646s] -- Up-to-date: /home/denis/diploma_ws/install/behaviortree_cpp/include/behaviortree_cpp/bt_factory.h
[1.647s] -- Up-to-date: /home/denis/diploma_ws/install/behaviortree_cpp/include/behaviortree_cpp/behavior_tree.h
[1.648s] -- Up-to-date: /home/denis/diploma_ws/install/behaviortree_cpp/include/behaviortree_cpp/decorators
[1.648s] -- Up-to-date: /home/denis/diploma_ws/install/behaviortree_cpp/include/behaviortree_cpp/decorators/run_once_node.h
[1.649s] -- Up-to-date: /home/denis/diploma_ws/install/behaviortree_cpp/include/behaviortree_cpp/decorators/skip_unless_updated.h
[1.649s] -- Up-to-date: /home/denis/diploma_ws/install/behaviortree_cpp/include/behaviortree_cpp/decorators/force_failure_node.h
[1.649s] -- Up-to-date: /home/denis/diploma_ws/install/behaviortree_cpp/include/behaviortree_cpp/decorators/delay_node.h
[1.649s] -- Up-to-date: /home/denis/diploma_ws/install/behaviortree_cpp/include/behaviortree_cpp/decorators/subtree_node.h
[1.650s] -- Up-to-date: /home/denis/diploma_ws/install/behaviortree_cpp/include/behaviortree_cpp/decorators/retry_node.h
[1.650s] -- Up-to-date: /home/denis/diploma_ws/install/behaviortree_cpp/include/behaviortree_cpp/decorators/repeat_node.h
[1.650s] -- Up-to-date: /home/denis/diploma_ws/install/behaviortree_cpp/include/behaviortree_cpp/decorators/timeout_node.h
[1.650s] -- Up-to-date: /home/denis/diploma_ws/install/behaviortree_cpp/include/behaviortree_cpp/decorators/keep_running_until_failure_node.h
[1.651s] -- Up-to-date: /home/denis/diploma_ws/install/behaviortree_cpp/include/behaviortree_cpp/decorators/force_success_node.h
[1.651s] -- Up-to-date: /home/denis/diploma_ws/install/behaviortree_cpp/include/behaviortree_cpp/decorators/script_precondition.h
[1.651s] -- Up-to-date: /home/denis/diploma_ws/install/behaviortree_cpp/include/behaviortree_cpp/decorators/inverter_node.h
[1.651s] -- Up-to-date: /home/denis/diploma_ws/install/behaviortree_cpp/include/behaviortree_cpp/decorators/wait_update.h
[1.652s] -- Up-to-date: /home/denis/diploma_ws/install/behaviortree_cpp/include/behaviortree_cpp/decorators/consume_queue.h
[1.652s] -- Up-to-date: /home/denis/diploma_ws/install/behaviortree_cpp/include/behaviortree_cpp/decorators/loop_node.h
[1.652s] -- Up-to-date: /home/denis/diploma_ws/install/behaviortree_cpp/include/behaviortree_cpp/flatbuffers
[1.652s] -- Up-to-date: /home/denis/diploma_ws/install/behaviortree_cpp/include/behaviortree_cpp/flatbuffers/stl_emulation.h
[1.652s] -- Up-to-date: /home/denis/diploma_ws/install/behaviortree_cpp/include/behaviortree_cpp/flatbuffers/bt_flatbuffer_helper.h
[1.653s] -- Up-to-date: /home/denis/diploma_ws/install/behaviortree_cpp/include/behaviortree_cpp/flatbuffers/BT_logger_generated.h
[1.653s] -- Up-to-date: /home/denis/diploma_ws/install/behaviortree_cpp/include/behaviortree_cpp/flatbuffers/flatbuffers.h
[1.653s] -- Up-to-date: /home/denis/diploma_ws/install/behaviortree_cpp/include/behaviortree_cpp/flatbuffers/base.h
[1.653s] -- Up-to-date: /home/denis/diploma_ws/install/behaviortree_cpp/include/behaviortree_cpp/action_node.h
[1.653s] -- Up-to-date: /home/denis/diploma_ws/install/behaviortree_cpp/include/behaviortree_cpp/decorator_node.h
[1.653s] -- Up-to-date: /home/denis/diploma_ws/install/behaviortree_cpp/include/behaviortree_cpp/xml_parsing.h
[1.654s] -- Up-to-date: /home/denis/diploma_ws/install/behaviortree_cpp/include/behaviortree_cpp/contrib
[1.654s] -- Up-to-date: /home/denis/diploma_ws/install/behaviortree_cpp/include/behaviortree_cpp/contrib/any.hpp
[1.654s] -- Up-to-date: /home/denis/diploma_ws/install/behaviortree_cpp/include/behaviortree_cpp/contrib/magic_enum.hpp
[1.654s] -- Up-to-date: /home/denis/diploma_ws/install/behaviortree_cpp/include/behaviortree_cpp/contrib/expected.hpp
[1.654s] -- Up-to-date: /home/denis/diploma_ws/install/behaviortree_cpp/include/behaviortree_cpp/contrib/json.hpp
[1.654s] -- Up-to-date: /home/denis/diploma_ws/install/behaviortree_cpp/include/behaviortree_cpp/blackboard.h
[1.655s] -- Up-to-date: /home/denis/diploma_ws/install/behaviortree_cpp/include/behaviortree_cpp/loggers
[1.655s] -- Up-to-date: /home/denis/diploma_ws/install/behaviortree_cpp/include/behaviortree_cpp/loggers/bt_file_logger.h
[1.655s] -- Up-to-date: /home/denis/diploma_ws/install/behaviortree_cpp/include/behaviortree_cpp/loggers/bt_cout_logger.h
[1.655s] -- Up-to-date: /home/denis/diploma_ws/install/behaviortree_cpp/include/behaviortree_cpp/loggers/abstract_logger.h
[1.656s] -- Up-to-date: /home/denis/diploma_ws/install/behaviortree_cpp/include/behaviortree_cpp/loggers/groot2_protocol.h
[1.656s] -- Up-to-date: /home/denis/diploma_ws/install/behaviortree_cpp/include/behaviortree_cpp/loggers/bt_observer.h
[1.657s] -- Up-to-date: /home/denis/diploma_ws/install/behaviortree_cpp/include/behaviortree_cpp/loggers/bt_sqlite_logger.h
[1.658s] -- Up-to-date: /home/denis/diploma_ws/install/behaviortree_cpp/include/behaviortree_cpp/loggers/bt_minitrace_logger.h
[1.658s] -- Up-to-date: /home/denis/diploma_ws/install/behaviortree_cpp/include/behaviortree_cpp/loggers/groot2_publisher.h
[1.658s] -- Up-to-date: /home/denis/diploma_ws/install/behaviortree_cpp/include/behaviortree_cpp/loggers/bt_file_logger_v2.h
[1.658s] -- Up-to-date: /home/denis/diploma_ws/install/behaviortree_cpp/include/behaviortree_cpp/control_node.h
[1.658s] -- Up-to-date: /home/denis/diploma_ws/install/behaviortree_cpp/include/behaviortree_cpp/json_export.h
[1.659s] -- Up-to-date: /home/denis/diploma_ws/install/behaviortree_cpp/include/behaviortree_cpp/exceptions.h
[1.659s] -- Up-to-date: /home/denis/diploma_ws/install/behaviortree_cpp/include/behaviortree_cpp/controls
[1.659s] -- Up-to-date: /home/denis/diploma_ws/install/behaviortree_cpp/include/behaviortree_cpp/controls/if_then_else_node.h
[1.660s] -- Up-to-date: /home/denis/diploma_ws/install/behaviortree_cpp/include/behaviortree_cpp/controls/sequence_node.h
[1.660s] -- Up-to-date: /home/denis/diploma_ws/install/behaviortree_cpp/include/behaviortree_cpp/controls/reactive_sequence.h
[1.660s] -- Up-to-date: /home/denis/diploma_ws/install/behaviortree_cpp/include/behaviortree_cpp/controls/reactive_fallback.h
[1.661s] -- Up-to-date: /home/denis/diploma_ws/install/behaviortree_cpp/include/behaviortree_cpp/controls/while_do_else_node.h
[1.661s] -- Up-to-date: /home/denis/diploma_ws/install/behaviortree_cpp/include/behaviortree_cpp/controls/fallback_node.h
[1.661s] -- Up-to-date: /home/denis/diploma_ws/install/behaviortree_cpp/include/behaviortree_cpp/controls/parallel_all_node.h
[1.662s] -- Up-to-date: /home/denis/diploma_ws/install/behaviortree_cpp/include/behaviortree_cpp/controls/manual_node.h
[1.662s] -- Up-to-date: /home/denis/diploma_ws/install/behaviortree_cpp/include/behaviortree_cpp/controls/sequence_with_memory_node.h
[1.662s] -- Up-to-date: /home/denis/diploma_ws/install/behaviortree_cpp/include/behaviortree_cpp/controls/parallel_node.h
[1.662s] -- Up-to-date: /home/denis/diploma_ws/install/behaviortree_cpp/include/behaviortree_cpp/controls/switch_node.h
[1.663s] -- Up-to-date: /home/denis/diploma_ws/install/behaviortree_cpp/include/behaviortree_cpp/actions
[1.663s] -- Up-to-date: /home/denis/diploma_ws/install/behaviortree_cpp/include/behaviortree_cpp/actions/always_success_node.h
[1.663s] -- Up-to-date: /home/denis/diploma_ws/install/behaviortree_cpp/include/behaviortree_cpp/actions/script_node.h
[1.664s] -- Up-to-date: /home/denis/diploma_ws/install/behaviortree_cpp/include/behaviortree_cpp/actions/set_blackboard_node.h
[1.664s] -- Up-to-date: /home/denis/diploma_ws/install/behaviortree_cpp/include/behaviortree_cpp/actions/always_failure_node.h
[1.664s] -- Up-to-date: /home/denis/diploma_ws/install/behaviortree_cpp/include/behaviortree_cpp/actions/unset_blackboard_node.h
[1.664s] -- Up-to-date: /home/denis/diploma_ws/install/behaviortree_cpp/include/behaviortree_cpp/actions/pop_from_queue.hpp
[1.665s] -- Up-to-date: /home/denis/diploma_ws/install/behaviortree_cpp/include/behaviortree_cpp/actions/sleep_node.h
[1.665s] -- Up-to-date: /home/denis/diploma_ws/install/behaviortree_cpp/include/behaviortree_cpp/actions/script_condition.h
[1.665s] -- Up-to-date: /home/denis/diploma_ws/install/behaviortree_cpp/include/behaviortree_cpp/actions/test_node.h
[1.666s] -- Up-to-date: /home/denis/diploma_ws/install/behaviortree_cpp/include/behaviortree_cpp/bt_parser.h
[1.666s] -- Up-to-date: /home/denis/diploma_ws/install/behaviortree_cpp/include/behaviortree_cpp/leaf_node.h
[1.666s] -- Up-to-date: /home/denis/diploma_ws/install/behaviortree_cpp/include/behaviortree_cpp/tree_node.h
[1.666s] -- Up-to-date: /home/denis/diploma_ws/install/behaviortree_cpp/include/behaviortree_cpp/utils
[1.667s] -- Up-to-date: /home/denis/diploma_ws/install/behaviortree_cpp/include/behaviortree_cpp/utils/strcat.hpp
[1.667s] -- Up-to-date: /home/denis/diploma_ws/install/behaviortree_cpp/include/behaviortree_cpp/utils/platform.hpp
[1.668s] -- Up-to-date: /home/denis/diploma_ws/install/behaviortree_cpp/include/behaviortree_cpp/utils/signal.h
[1.668s] -- Up-to-date: /home/denis/diploma_ws/install/behaviortree_cpp/include/behaviortree_cpp/utils/simple_string.hpp
[1.669s] -- Up-to-date: /home/denis/diploma_ws/install/behaviortree_cpp/include/behaviortree_cpp/utils/safe_any.hpp
[1.669s] -- Up-to-date: /home/denis/diploma_ws/install/behaviortree_cpp/include/behaviortree_cpp/utils/locked_reference.hpp
[1.669s] -- Up-to-date: /home/denis/diploma_ws/install/behaviortree_cpp/include/behaviortree_cpp/utils/timer_queue.h
[1.670s] -- Up-to-date: /home/denis/diploma_ws/install/behaviortree_cpp/include/behaviortree_cpp/utils/shared_library.h
[1.670s] -- Up-to-date: /home/denis/diploma_ws/install/behaviortree_cpp/include/behaviortree_cpp/utils/demangle_util.h
[1.671s] -- Up-to-date: /home/denis/diploma_ws/install/behaviortree_cpp/include/behaviortree_cpp/utils/convert_impl.hpp
[1.671s] -- Up-to-date: /home/denis/diploma_ws/install/behaviortree_cpp/include/behaviortree_cpp/utils/wakeup_signal.hpp
[1.671s] -- Up-to-date: /home/denis/diploma_ws/install/behaviortree_cpp/include/behaviortree_cpp/scripting
[1.672s] -- Up-to-date: /home/denis/diploma_ws/install/behaviortree_cpp/include/behaviortree_cpp/scripting/any_types.hpp
[1.672s] -- Up-to-date: /home/denis/diploma_ws/install/behaviortree_cpp/include/behaviortree_cpp/scripting/script_parser.hpp
[1.673s] -- Up-to-date: /home/denis/diploma_ws/install/behaviortree_cpp/include/behaviortree_cpp/scripting/operators.hpp
[1.673s] -- Up-to-date: /home/denis/diploma_ws/install/behaviortree_cpp/include/behaviortree_cpp/basic_types.h
[1.674s] -- Up-to-date: /home/denis/diploma_ws/install/behaviortree_cpp/include/behaviortree_cpp/condition_node.h
[1.674s] -- Up-to-date: /home/denis/diploma_ws/install/behaviortree_cpp/share/behaviortree_cpp/environment/library_path.sh
[1.675s] -- Up-to-date: /home/denis/diploma_ws/install/behaviortree_cpp/share/behaviortree_cpp/environment/library_path.dsv
[1.675s] -- Up-to-date: /home/denis/diploma_ws/install/behaviortree_cpp/share/ament_index/resource_index/package_run_dependencies/behaviortree_cpp
[1.676s] -- Up-to-date: /home/denis/diploma_ws/install/behaviortree_cpp/share/ament_index/resource_index/parent_prefix_path/behaviortree_cpp
[1.676s] -- Up-to-date: /home/denis/diploma_ws/install/behaviortree_cpp/share/behaviortree_cpp/environment/ament_prefix_path.sh
[1.677s] -- Up-to-date: /home/denis/diploma_ws/install/behaviortree_cpp/share/behaviortree_cpp/environment/ament_prefix_path.dsv
[1.677s] -- Up-to-date: /home/denis/diploma_ws/install/behaviortree_cpp/share/behaviortree_cpp/environment/path.sh
[1.678s] -- Up-to-date: /home/denis/diploma_ws/install/behaviortree_cpp/share/behaviortree_cpp/environment/path.dsv
[1.678s] -- Up-to-date: /home/denis/diploma_ws/install/behaviortree_cpp/share/behaviortree_cpp/local_setup.bash
[1.678s] -- Up-to-date: /home/denis/diploma_ws/install/behaviortree_cpp/share/behaviortree_cpp/local_setup.sh
[1.679s] -- Up-to-date: /home/denis/diploma_ws/install/behaviortree_cpp/share/behaviortree_cpp/local_setup.zsh
[1.679s] -- Up-to-date: /home/denis/diploma_ws/install/behaviortree_cpp/share/behaviortree_cpp/local_setup.dsv
[1.680s] -- Installing: /home/denis/diploma_ws/install/behaviortree_cpp/share/behaviortree_cpp/package.dsv
[1.680s] -- Up-to-date: /home/denis/diploma_ws/install/behaviortree_cpp/share/ament_index/resource_index/packages/behaviortree_cpp
[1.680s] -- Up-to-date: /home/denis/diploma_ws/install/behaviortree_cpp/share/behaviortree_cpp/cmake/ament_cmake_export_dependencies-extras.cmake
[1.681s] -- Up-to-date: /home/denis/diploma_ws/install/behaviortree_cpp/share/behaviortree_cpp/cmake/ament_cmake_export_include_directories-extras.cmake
[1.681s] -- Up-to-date: /home/denis/diploma_ws/install/behaviortree_cpp/share/behaviortree_cpp/cmake/ament_cmake_export_libraries-extras.cmake
[1.681s] -- Up-to-date: /home/denis/diploma_ws/install/behaviortree_cpp/share/behaviortree_cpp/cmake/behaviortree_cppConfig.cmake
[1.681s] -- Up-to-date: /home/denis/diploma_ws/install/behaviortree_cpp/share/behaviortree_cpp/cmake/behaviortree_cppConfig-version.cmake
[1.682s] -- Up-to-date: /home/denis/diploma_ws/install/behaviortree_cpp/share/behaviortree_cpp/package.xml
[1.682s] Invoked command in '/home/denis/diploma_ws/build/behaviortree_cpp' returned '0': CMAKE_PREFIX_PATH=/opt/ros/humble /usr/bin/cmake --install /home/denis/diploma_ws/build/behaviortree_cpp
