[0.021s] Invoking command in '/home/denis/diploma_ws/build/turtlebot3_simulations': AMENT_PREFIX_PATH=/home/denis/diploma_ws/install/turtlebot3_gazebo:/home/denis/diploma_ws/install/turtlebot3_fake_node:${AMENT_PREFIX_PATH} CMAKE_PREFIX_PATH=/home/denis/diploma_ws/install/turtlebot3_gazebo:/home/denis/diploma_ws/install/turtlebot3_fake_node:/opt/ros/humble /usr/bin/cmake --build /home/denis/diploma_ws/build/turtlebot3_simulations -- -j4 -l4
[0.130s] Invoked command in '/home/denis/diploma_ws/build/turtlebot3_simulations' returned '0': AMENT_PREFIX_PATH=/home/denis/diploma_ws/install/turtlebot3_gazebo:/home/denis/diploma_ws/install/turtlebot3_fake_node:${AMENT_PREFIX_PATH} CMAKE_PREFIX_PATH=/home/denis/diploma_ws/install/turtlebot3_gazebo:/home/denis/diploma_ws/install/turtlebot3_fake_node:/opt/ros/humble /usr/bin/cmake --build /home/denis/diploma_ws/build/turtlebot3_simulations -- -j4 -l4
[0.221s] Invoking command in '/home/denis/diploma_ws/build/turtlebot3_simulations': AMENT_PREFIX_PATH=/home/denis/diploma_ws/install/turtlebot3_gazebo:/home/denis/diploma_ws/install/turtlebot3_fake_node:${AMENT_PREFIX_PATH} CMAKE_PREFIX_PATH=/home/denis/diploma_ws/install/turtlebot3_gazebo:/home/denis/diploma_ws/install/turtlebot3_fake_node:/opt/ros/humble /usr/bin/cmake --install /home/denis/diploma_ws/build/turtlebot3_simulations
[0.242s] -- Install configuration: ""
[0.242s] -- Up-to-date: /home/denis/diploma_ws/install/turtlebot3_simulations/share/ament_index/resource_index/package_run_dependencies/turtlebot3_simulations
[0.243s] -- Up-to-date: /home/denis/diploma_ws/install/turtlebot3_simulations/share/ament_index/resource_index/parent_prefix_path/turtlebot3_simulations
[0.243s] -- Up-to-date: /home/denis/diploma_ws/install/turtlebot3_simulations/share/turtlebot3_simulations/environment/ament_prefix_path.sh
[0.244s] -- Up-to-date: /home/denis/diploma_ws/install/turtlebot3_simulations/share/turtlebot3_simulations/environment/ament_prefix_path.dsv
[0.244s] -- Up-to-date: /home/denis/diploma_ws/install/turtlebot3_simulations/share/turtlebot3_simulations/environment/path.sh
[0.245s] -- Up-to-date: /home/denis/diploma_ws/install/turtlebot3_simulations/share/turtlebot3_simulations/environment/path.dsv
[0.245s] -- Up-to-date: /home/denis/diploma_ws/install/turtlebot3_simulations/share/turtlebot3_simulations/local_setup.bash
[0.246s] -- Up-to-date: /home/denis/diploma_ws/install/turtlebot3_simulations/share/turtlebot3_simulations/local_setup.sh
[0.246s] -- Up-to-date: /home/denis/diploma_ws/install/turtlebot3_simulations/share/turtlebot3_simulations/local_setup.zsh
[0.247s] -- Up-to-date: /home/denis/diploma_ws/install/turtlebot3_simulations/share/turtlebot3_simulations/local_setup.dsv
[0.247s] -- Installing: /home/denis/diploma_ws/install/turtlebot3_simulations/share/turtlebot3_simulations/package.dsv
[0.248s] -- Up-to-date: /home/denis/diploma_ws/install/turtlebot3_simulations/share/ament_index/resource_index/packages/turtlebot3_simulations
[0.249s] -- Up-to-date: /home/denis/diploma_ws/install/turtlebot3_simulations/share/turtlebot3_simulations/cmake/turtlebot3_simulationsConfig.cmake
[0.249s] -- Up-to-date: /home/denis/diploma_ws/install/turtlebot3_simulations/share/turtlebot3_simulations/cmake/turtlebot3_simulationsConfig-version.cmake
[0.250s] -- Up-to-date: /home/denis/diploma_ws/install/turtlebot3_simulations/share/turtlebot3_simulations/package.xml
[0.275s] Invoked command in '/home/denis/diploma_ws/build/turtlebot3_simulations' returned '0': AMENT_PREFIX_PATH=/home/denis/diploma_ws/install/turtlebot3_gazebo:/home/denis/diploma_ws/install/turtlebot3_fake_node:${AMENT_PREFIX_PATH} CMAKE_PREFIX_PATH=/home/denis/diploma_ws/install/turtlebot3_gazebo:/home/denis/diploma_ws/install/turtlebot3_fake_node:/opt/ros/humble /usr/bin/cmake --install /home/denis/diploma_ws/build/turtlebot3_simulations
