[0.092s] Invoking command in '/home/denis/diploma_ws/src/build/turtlebot3_gazebo': CMAKE_PREFIX_PATH=${CMAKE_PREFIX_PATH}:/opt/ros/humble /usr/bin/cmake --build /home/denis/diploma_ws/src/build/turtlebot3_gazebo -- -j4 -l4
[0.312s] [35m[1mConsolidate compiler generated dependencies of target turtlebot3_drive[0m
[0.378s] [35m[1mConsolidate compiler generated dependencies of target obstacle1[0m
[0.380s] [35m[1mConsolidate compiler generated dependencies of target obstacles[0m
[0.400s] [35m[1mConsolidate compiler generated dependencies of target obstacle2[0m
[0.537s] [ 25%] Built target turtlebot3_drive
[0.638s] [ 50%] Built target obstacles
[0.682s] [ 75%] Built target obstacle1
[0.720s] [100%] Built target obstacle2
[0.785s] Invoked command in '/home/denis/diploma_ws/src/build/turtlebot3_gazebo' returned '0': CMAKE_PREFIX_PATH=${CMAKE_PREFIX_PATH}:/opt/ros/humble /usr/bin/cmake --build /home/denis/diploma_ws/src/build/turtlebot3_gazebo -- -j4 -l4
[1.300s] Invoking command in '/home/denis/diploma_ws/src/build/turtlebot3_gazebo': CMAKE_PREFIX_PATH=${CMAKE_PREFIX_PATH}:/opt/ros/humble /usr/bin/cmake --install /home/denis/diploma_ws/src/build/turtlebot3_gazebo
[1.355s] -- Install configuration: ""
[1.356s] -- Up-to-date: /home/denis/diploma_ws/src/install/turtlebot3_gazebo/lib/turtlebot3_gazebo/turtlebot3_drive
[1.357s] -- Up-to-date: /home/denis/diploma_ws/src/install/turtlebot3_gazebo/share/turtlebot3_gazebo//launch
[1.357s] -- Up-to-date: /home/denis/diploma_ws/src/install/turtlebot3_gazebo/share/turtlebot3_gazebo//launch/turtlebot3_dqn_stage3.launch.py
[1.357s] -- Up-to-date: /home/denis/diploma_ws/src/install/turtlebot3_gazebo/share/turtlebot3_gazebo//launch/robot_state_publisher.launch.py
[1.357s] -- Up-to-date: /home/denis/diploma_ws/src/install/turtlebot3_gazebo/share/turtlebot3_gazebo//launch/turtlebot3_house.launch.py
[1.358s] -- Up-to-date: /home/denis/diploma_ws/src/install/turtlebot3_gazebo/share/turtlebot3_gazebo//launch/empty_world.launch.py
[1.366s] -- Up-to-date: /home/denis/diploma_ws/src/install/turtlebot3_gazebo/share/turtlebot3_gazebo//launch/turtlebot3_world.launch.py
[1.366s] -- Up-to-date: /home/denis/diploma_ws/src/install/turtlebot3_gazebo/share/turtlebot3_gazebo//launch/turtlebot3_dqn_stage1.launch.py
[1.366s] -- Up-to-date: /home/denis/diploma_ws/src/install/turtlebot3_gazebo/share/turtlebot3_gazebo//launch/spawn_turtlebot3.launch.py
[1.367s] -- Up-to-date: /home/denis/diploma_ws/src/install/turtlebot3_gazebo/share/turtlebot3_gazebo//launch/turtlebot3_dqn_stage4.launch.py
[1.367s] -- Up-to-date: /home/denis/diploma_ws/src/install/turtlebot3_gazebo/share/turtlebot3_gazebo//launch/turtlebot3_dqn_stage2.launch.py
[1.367s] -- Up-to-date: /home/denis/diploma_ws/src/install/turtlebot3_gazebo/share/turtlebot3_gazebo//models
[1.367s] -- Up-to-date: /home/denis/diploma_ws/src/install/turtlebot3_gazebo/share/turtlebot3_gazebo//models/turtlebot3_waffle_pi
[1.368s] -- Up-to-date: /home/denis/diploma_ws/src/install/turtlebot3_gazebo/share/turtlebot3_gazebo//models/turtlebot3_waffle_pi/model-1_4__orig.sdf
[1.368s] -- Up-to-date: /home/denis/diploma_ws/src/install/turtlebot3_gazebo/share/turtlebot3_gazebo//models/turtlebot3_waffle_pi/model.config
[1.368s] -- Up-to-date: /home/denis/diploma_ws/src/install/turtlebot3_gazebo/share/turtlebot3_gazebo//models/turtlebot3_waffle_pi/model-1_4_.sdf
[1.368s] -- Up-to-date: /home/denis/diploma_ws/src/install/turtlebot3_gazebo/share/turtlebot3_gazebo//models/turtlebot3_waffle_pi/model_orig.sdf
[1.368s] -- Up-to-date: /home/denis/diploma_ws/src/install/turtlebot3_gazebo/share/turtlebot3_gazebo//models/turtlebot3_waffle_pi/model.sdf
[1.369s] -- Up-to-date: /home/denis/diploma_ws/src/install/turtlebot3_gazebo/share/turtlebot3_gazebo//models/turtlebot3_world
[1.369s] -- Up-to-date: /home/denis/diploma_ws/src/install/turtlebot3_gazebo/share/turtlebot3_gazebo//models/turtlebot3_world/model-1_4.sdf
[1.369s] -- Up-to-date: /home/denis/diploma_ws/src/install/turtlebot3_gazebo/share/turtlebot3_gazebo//models/turtlebot3_world/model.config
[1.369s] -- Up-to-date: /home/denis/diploma_ws/src/install/turtlebot3_gazebo/share/turtlebot3_gazebo//models/turtlebot3_world/meshes
[1.370s] -- Up-to-date: /home/denis/diploma_ws/src/install/turtlebot3_gazebo/share/turtlebot3_gazebo//models/turtlebot3_world/meshes/wall.dae
[1.370s] -- Up-to-date: /home/denis/diploma_ws/src/install/turtlebot3_gazebo/share/turtlebot3_gazebo//models/turtlebot3_world/meshes/hexagon.dae
[1.370s] -- Up-to-date: /home/denis/diploma_ws/src/install/turtlebot3_gazebo/share/turtlebot3_gazebo//models/turtlebot3_world/model.sdf
[1.370s] -- Up-to-date: /home/denis/diploma_ws/src/install/turtlebot3_gazebo/share/turtlebot3_gazebo//models/turtlebot3_dqn_world
[1.371s] -- Up-to-date: /home/denis/diploma_ws/src/install/turtlebot3_gazebo/share/turtlebot3_gazebo//models/turtlebot3_dqn_world/obstacle1
[1.371s] -- Up-to-date: /home/denis/diploma_ws/src/install/turtlebot3_gazebo/share/turtlebot3_gazebo//models/turtlebot3_dqn_world/obstacle1/model.config
[1.371s] -- Up-to-date: /home/denis/diploma_ws/src/install/turtlebot3_gazebo/share/turtlebot3_gazebo//models/turtlebot3_dqn_world/obstacle1/model.sdf
[1.371s] -- Up-to-date: /home/denis/diploma_ws/src/install/turtlebot3_gazebo/share/turtlebot3_gazebo//models/turtlebot3_dqn_world/obstacle_plugin
[1.371s] -- Up-to-date: /home/denis/diploma_ws/src/install/turtlebot3_gazebo/share/turtlebot3_gazebo//models/turtlebot3_dqn_world/obstacle_plugin/obstacle1.cc
[1.371s] -- Up-to-date: /home/denis/diploma_ws/src/install/turtlebot3_gazebo/share/turtlebot3_gazebo//models/turtlebot3_dqn_world/obstacle_plugin/CMakeLists.txt
[1.371s] -- Up-to-date: /home/denis/diploma_ws/src/install/turtlebot3_gazebo/share/turtlebot3_gazebo//models/turtlebot3_dqn_world/obstacle_plugin/obstacle2.cc
[1.372s] -- Up-to-date: /home/denis/diploma_ws/src/install/turtlebot3_gazebo/share/turtlebot3_gazebo//models/turtlebot3_dqn_world/obstacle_plugin/obstacles.cc
[1.372s] -- Up-to-date: /home/denis/diploma_ws/src/install/turtlebot3_gazebo/share/turtlebot3_gazebo//models/turtlebot3_dqn_world/goal_box
[1.372s] -- Up-to-date: /home/denis/diploma_ws/src/install/turtlebot3_gazebo/share/turtlebot3_gazebo//models/turtlebot3_dqn_world/goal_box/model.config
[1.372s] -- Up-to-date: /home/denis/diploma_ws/src/install/turtlebot3_gazebo/share/turtlebot3_gazebo//models/turtlebot3_dqn_world/goal_box/model.sdf
[1.372s] -- Up-to-date: /home/denis/diploma_ws/src/install/turtlebot3_gazebo/share/turtlebot3_gazebo//models/turtlebot3_dqn_world/obstacle2
[1.372s] -- Up-to-date: /home/denis/diploma_ws/src/install/turtlebot3_gazebo/share/turtlebot3_gazebo//models/turtlebot3_dqn_world/obstacle2/model.config
[1.373s] -- Up-to-date: /home/denis/diploma_ws/src/install/turtlebot3_gazebo/share/turtlebot3_gazebo//models/turtlebot3_dqn_world/obstacle2/model.sdf
[1.373s] -- Up-to-date: /home/denis/diploma_ws/src/install/turtlebot3_gazebo/share/turtlebot3_gazebo//models/turtlebot3_dqn_world/obstacles
[1.373s] -- Up-to-date: /home/denis/diploma_ws/src/install/turtlebot3_gazebo/share/turtlebot3_gazebo//models/turtlebot3_dqn_world/obstacles/model.config
[1.373s] -- Up-to-date: /home/denis/diploma_ws/src/install/turtlebot3_gazebo/share/turtlebot3_gazebo//models/turtlebot3_dqn_world/obstacles/model.sdf
[1.373s] -- Up-to-date: /home/denis/diploma_ws/src/install/turtlebot3_gazebo/share/turtlebot3_gazebo//models/turtlebot3_dqn_world/model.config
[1.373s] -- Up-to-date: /home/denis/diploma_ws/src/install/turtlebot3_gazebo/share/turtlebot3_gazebo//models/turtlebot3_dqn_world/inner_walls
[1.373s] -- Up-to-date: /home/denis/diploma_ws/src/install/turtlebot3_gazebo/share/turtlebot3_gazebo//models/turtlebot3_dqn_world/inner_walls/model.config
[1.374s] -- Up-to-date: /home/denis/diploma_ws/src/install/turtlebot3_gazebo/share/turtlebot3_gazebo//models/turtlebot3_dqn_world/inner_walls/model.sdf
[1.374s] -- Up-to-date: /home/denis/diploma_ws/src/install/turtlebot3_gazebo/share/turtlebot3_gazebo//models/turtlebot3_dqn_world/model.sdf
[1.374s] -- Up-to-date: /home/denis/diploma_ws/src/install/turtlebot3_gazebo/share/turtlebot3_gazebo//models/turtlebot3_house
[1.374s] -- Up-to-date: /home/denis/diploma_ws/src/install/turtlebot3_gazebo/share/turtlebot3_gazebo//models/turtlebot3_house/model.config
[1.374s] -- Up-to-date: /home/denis/diploma_ws/src/install/turtlebot3_gazebo/share/turtlebot3_gazebo//models/turtlebot3_house/model.sdf
[1.375s] -- Up-to-date: /home/denis/diploma_ws/src/install/turtlebot3_gazebo/share/turtlebot3_gazebo//models/turtlebot3_common
[1.375s] -- Up-to-date: /home/denis/diploma_ws/src/install/turtlebot3_gazebo/share/turtlebot3_gazebo//models/turtlebot3_common/model.config
[1.375s] -- Up-to-date: /home/denis/diploma_ws/src/install/turtlebot3_gazebo/share/turtlebot3_gazebo//models/turtlebot3_common/meshes
[1.375s] -- Up-to-date: /home/denis/diploma_ws/src/install/turtlebot3_gazebo/share/turtlebot3_gazebo//models/turtlebot3_common/meshes/tire.dae
[1.375s] -- Up-to-date: /home/denis/diploma_ws/src/install/turtlebot3_gazebo/share/turtlebot3_gazebo//models/turtlebot3_common/meshes/r200.dae
[1.375s] -- Up-to-date: /home/denis/diploma_ws/src/install/turtlebot3_gazebo/share/turtlebot3_gazebo//models/turtlebot3_common/meshes/waffle_base.dae
[1.376s] -- Up-to-date: /home/denis/diploma_ws/src/install/turtlebot3_gazebo/share/turtlebot3_gazebo//models/turtlebot3_common/meshes/waffle_pi_base.dae
[1.376s] -- Up-to-date: /home/denis/diploma_ws/src/install/turtlebot3_gazebo/share/turtlebot3_gazebo//models/turtlebot3_common/meshes/burger_base.dae
[1.376s] -- Up-to-date: /home/denis/diploma_ws/src/install/turtlebot3_gazebo/share/turtlebot3_gazebo//models/turtlebot3_common/meshes/lds.dae
[1.376s] -- Up-to-date: /home/denis/diploma_ws/src/install/turtlebot3_gazebo/share/turtlebot3_gazebo//rviz
[1.376s] -- Up-to-date: /home/denis/diploma_ws/src/install/turtlebot3_gazebo/share/turtlebot3_gazebo//rviz/tb3_gazebo.rviz
[1.376s] -- Up-to-date: /home/denis/diploma_ws/src/install/turtlebot3_gazebo/share/turtlebot3_gazebo//urdf
[1.376s] -- Up-to-date: /home/denis/diploma_ws/src/install/turtlebot3_gazebo/share/turtlebot3_gazebo//urdf/turtlebot3_burger.urdf
[1.377s] -- Up-to-date: /home/denis/diploma_ws/src/install/turtlebot3_gazebo/share/turtlebot3_gazebo//urdf/turtlebot3_waffle_pi.urdf
[1.377s] -- Up-to-date: /home/denis/diploma_ws/src/install/turtlebot3_gazebo/share/turtlebot3_gazebo//urdf/common_properties.urdf
[1.377s] -- Up-to-date: /home/denis/diploma_ws/src/install/turtlebot3_gazebo/share/turtlebot3_gazebo//urdf/turtlebot3_waffle.urdf
[1.385s] -- Up-to-date: /home/denis/diploma_ws/src/install/turtlebot3_gazebo/share/turtlebot3_gazebo//worlds
[1.407s] -- Up-to-date: /home/denis/diploma_ws/src/install/turtlebot3_gazebo/share/turtlebot3_gazebo//worlds/turtlebot3_dqn_stage2.world
[1.407s] -- Up-to-date: /home/denis/diploma_ws/src/install/turtlebot3_gazebo/share/turtlebot3_gazebo//worlds/turtlebot3_dqn_stage1.world
[1.408s] -- Up-to-date: /home/denis/diploma_ws/src/install/turtlebot3_gazebo/share/turtlebot3_gazebo//worlds/turtlebot3_world.world
[1.408s] -- Up-to-date: /home/denis/diploma_ws/src/install/turtlebot3_gazebo/share/turtlebot3_gazebo//worlds/turtlebot3_dqn_stage4.world
[1.410s] -- Up-to-date: /home/denis/diploma_ws/src/install/turtlebot3_gazebo/share/turtlebot3_gazebo//worlds/empty_world.world
[1.410s] -- Up-to-date: /home/denis/diploma_ws/src/install/turtlebot3_gazebo/share/turtlebot3_gazebo//worlds/turtlebot3_house.world
[1.410s] -- Up-to-date: /home/denis/diploma_ws/src/install/turtlebot3_gazebo/share/turtlebot3_gazebo//worlds/turtlebot3_dqn_stage3.world
[1.411s] -- Up-to-date: /home/denis/diploma_ws/src/install/turtlebot3_gazebo/include/
[1.411s] -- Up-to-date: /home/denis/diploma_ws/src/install/turtlebot3_gazebo/include//turtlebot3_gazebo
[1.411s] -- Up-to-date: /home/denis/diploma_ws/src/install/turtlebot3_gazebo/include//turtlebot3_gazebo/turtlebot3_drive.hpp
[1.411s] -- Up-to-date: /home/denis/diploma_ws/src/install/turtlebot3_gazebo/share/ament_index/resource_index/package_run_dependencies/turtlebot3_gazebo
[1.411s] -- Up-to-date: /home/denis/diploma_ws/src/install/turtlebot3_gazebo/share/ament_index/resource_index/parent_prefix_path/turtlebot3_gazebo
[1.412s] -- Up-to-date: /home/denis/diploma_ws/src/install/turtlebot3_gazebo/share/turtlebot3_gazebo/environment/ament_prefix_path.sh
[1.412s] -- Up-to-date: /home/denis/diploma_ws/src/install/turtlebot3_gazebo/share/turtlebot3_gazebo/environment/ament_prefix_path.dsv
[1.412s] -- Up-to-date: /home/denis/diploma_ws/src/install/turtlebot3_gazebo/share/turtlebot3_gazebo/environment/path.sh
[1.412s] -- Up-to-date: /home/denis/diploma_ws/src/install/turtlebot3_gazebo/share/turtlebot3_gazebo/environment/path.dsv
[1.412s] -- Up-to-date: /home/denis/diploma_ws/src/install/turtlebot3_gazebo/share/turtlebot3_gazebo/local_setup.bash
[1.430s] -- Up-to-date: /home/denis/diploma_ws/src/install/turtlebot3_gazebo/share/turtlebot3_gazebo/local_setup.sh
[1.431s] -- Up-to-date: /home/denis/diploma_ws/src/install/turtlebot3_gazebo/share/turtlebot3_gazebo/local_setup.zsh
[1.431s] -- Up-to-date: /home/denis/diploma_ws/src/install/turtlebot3_gazebo/share/turtlebot3_gazebo/local_setup.dsv
[1.431s] -- Installing: /home/denis/diploma_ws/src/install/turtlebot3_gazebo/share/turtlebot3_gazebo/package.dsv
[1.431s] -- Up-to-date: /home/denis/diploma_ws/src/install/turtlebot3_gazebo/share/ament_index/resource_index/packages/turtlebot3_gazebo
[1.432s] -- Up-to-date: /home/denis/diploma_ws/src/install/turtlebot3_gazebo/share/turtlebot3_gazebo/cmake/ament_cmake_export_include_directories-extras.cmake
[1.432s] -- Up-to-date: /home/denis/diploma_ws/src/install/turtlebot3_gazebo/share/turtlebot3_gazebo/cmake/ament_cmake_export_dependencies-extras.cmake
[1.432s] -- Up-to-date: /home/denis/diploma_ws/src/install/turtlebot3_gazebo/share/turtlebot3_gazebo/cmake/turtlebot3_gazeboConfig.cmake
[1.432s] -- Up-to-date: /home/denis/diploma_ws/src/install/turtlebot3_gazebo/share/turtlebot3_gazebo/cmake/turtlebot3_gazeboConfig-version.cmake
[1.433s] -- Up-to-date: /home/denis/diploma_ws/src/install/turtlebot3_gazebo/share/turtlebot3_gazebo/package.xml
[1.433s] Invoked command in '/home/denis/diploma_ws/src/build/turtlebot3_gazebo' returned '0': CMAKE_PREFIX_PATH=${CMAKE_PREFIX_PATH}:/opt/ros/humble /usr/bin/cmake --install /home/denis/diploma_ws/src/build/turtlebot3_gazebo
