[35m[1mConsolidate compiler generated dependencies of target control_switching_unit[0m
[ 50%] [32mBuilding CXX object CMakeFiles/control_switching_unit.dir/src/control_switching_unit.cpp.o[0m
[01m[K/home/denis/diploma_ws/src/csu/src/control_switching_unit.cpp:[m[K In member function ‘[01m[Kvoid ControlSwitchingUnit::nav2_cmd_vel_cb(geometry_msgs::msg::Twist_<std::allocator<void> >::SharedPtr)[m[K’:
[01m[K/home/denis/diploma_ws/src/csu/src/control_switching_unit.cpp:76:9:[m[K [01;35m[Kwarning: [m[Kthis ‘[01m[Kelse[m[K’ clause does not guard... [[01;35m[K]8;;https://gcc.gnu.org/onlinedocs/gcc/Warning-Options.html#index-Wmisleading-indentation-Wmisleading-indentation]8;;[m[K]
   76 |         [01;35m[Kelse[m[K
      |         [01;35m[K^~~~[m[K
[01m[K/home/denis/diploma_ws/src/csu/src/control_switching_unit.cpp:78:13:[m[K [01;36m[Knote: [m[K...this statement, but the latter is misleadingly indented as if it were guarded by the ‘[01m[Kelse[m[K’
   78 |             [01;36m[Ktwist_msg[m[K.angular.z = 0.0;
      |             [01;36m[K^~~~~~~~~[m[K
[100%] [32m[1mLinking CXX executable control_switching_unit[0m
[100%] Built target control_switching_unit
-- Install configuration: ""
-- Installing: /home/denis/diploma_ws/install/csu/lib/csu/control_switching_unit
-- Set runtime path of "/home/denis/diploma_ws/install/csu/lib/csu/control_switching_unit" to ""
-- Installing: /home/denis/diploma_ws/install/csu/share/ament_index/resource_index/package_run_dependencies/csu
-- Installing: /home/denis/diploma_ws/install/csu/share/ament_index/resource_index/parent_prefix_path/csu
-- Up-to-date: /home/denis/diploma_ws/install/csu/share/csu/environment/ament_prefix_path.sh
-- Installing: /home/denis/diploma_ws/install/csu/share/csu/environment/ament_prefix_path.dsv
-- Up-to-date: /home/denis/diploma_ws/install/csu/share/csu/environment/path.sh
-- Installing: /home/denis/diploma_ws/install/csu/share/csu/environment/path.dsv
-- Up-to-date: /home/denis/diploma_ws/install/csu/share/csu/local_setup.bash
-- Up-to-date: /home/denis/diploma_ws/install/csu/share/csu/local_setup.sh
-- Up-to-date: /home/denis/diploma_ws/install/csu/share/csu/local_setup.zsh
-- Installing: /home/denis/diploma_ws/install/csu/share/csu/local_setup.dsv
-- Installing: /home/denis/diploma_ws/install/csu/share/csu/package.dsv
-- Up-to-date: /home/denis/diploma_ws/install/csu/share/ament_index/resource_index/packages/csu
-- Up-to-date: /home/denis/diploma_ws/install/csu/share/csu/cmake/csuConfig.cmake
-- Up-to-date: /home/denis/diploma_ws/install/csu/share/csu/cmake/csuConfig-version.cmake
-- Installing: /home/denis/diploma_ws/install/csu/share/csu/package.xml
