[0.029s] Invoking command in '/home/denis/diploma_ws/build/csu': AMENT_PREFIX_PATH=/home/denis/diploma_ws/install/dms_interfaces:${AMENT_PREFIX_PATH} CMAKE_PREFIX_PATH=/home/denis/diploma_ws/install/dms_interfaces:/home/denis/diploma_ws/install/turtlebot3_simulations:/home/denis/diploma_ws/install/turtlebot3_navigation2:/home/denis/diploma_ws/install/turtlebot3_gazebo:/home/denis/diploma_ws/install/turtlebot3_fake_node:/home/denis/diploma_ws/install/ssu:/home/denis/diploma_ws/install/groot:/home/denis/diploma_ws/install/fsu:/home/denis/diploma_ws/install/csu:/home/denis/diploma_ws/install/btcpp_ros2_samples:/home/denis/diploma_ws/install/btcpp_ros2_interfaces:/home/denis/diploma_ws/install/bt:/home/denis/diploma_ws/install/behaviortree_ros2:/home/denis/diploma_ws/install/behaviortree_cpp_v3:/home/denis/diploma_ws/install/behaviortree_cpp:/opt/ros/humble LD_LIBRARY_PATH=/home/denis/diploma_ws/install/dms_interfaces/lib:${LD_LIBRARY_PATH} PYTHONPATH=/home/denis/diploma_ws/install/dms_interfaces/local/lib/python3.10/dist-packages:${PYTHONPATH} /usr/bin/cmake --build /home/denis/diploma_ws/build/csu -- -j4 -l4
[0.107s] [35m[1mConsolidate compiler generated dependencies of target control_switching_unit[0m
[0.148s] [ 50%] [32mBuilding CXX object CMakeFiles/control_switching_unit.dir/src/control_switching_unit.cpp.o[0m
[4.324s] [01m[K/home/denis/diploma_ws/src/csu/src/control_switching_unit.cpp:[m[K In member function ‘[01m[Kvoid ControlSwitchingUnit::nav2_cmd_vel_cb(geometry_msgs::msg::Twist_<std::allocator<void> >::SharedPtr)[m[K’:
[4.324s] [01m[K/home/denis/diploma_ws/src/csu/src/control_switching_unit.cpp:76:9:[m[K [01;35m[Kwarning: [m[Kthis ‘[01m[Kelse[m[K’ clause does not guard... [[01;35m[K]8;;https://gcc.gnu.org/onlinedocs/gcc/Warning-Options.html#index-Wmisleading-indentation-Wmisleading-indentation]8;;[m[K]
[4.324s]    76 |         [01;35m[Kelse[m[K
[4.324s]       |         [01;35m[K^~~~[m[K
[4.324s] [01m[K/home/denis/diploma_ws/src/csu/src/control_switching_unit.cpp:78:13:[m[K [01;36m[Knote: [m[K...this statement, but the latter is misleadingly indented as if it were guarded by the ‘[01m[Kelse[m[K’
[4.324s]    78 |             [01;36m[Ktwist_msg[m[K.angular.z = 0.0;
[4.325s]       |             [01;36m[K^~~~~~~~~[m[K
[14.298s] [100%] [32m[1mLinking CXX executable control_switching_unit[0m
[15.056s] [100%] Built target control_switching_unit
[15.075s] Invoked command in '/home/denis/diploma_ws/build/csu' returned '0': AMENT_PREFIX_PATH=/home/denis/diploma_ws/install/dms_interfaces:${AMENT_PREFIX_PATH} CMAKE_PREFIX_PATH=/home/denis/diploma_ws/install/dms_interfaces:/home/denis/diploma_ws/install/turtlebot3_simulations:/home/denis/diploma_ws/install/turtlebot3_navigation2:/home/denis/diploma_ws/install/turtlebot3_gazebo:/home/denis/diploma_ws/install/turtlebot3_fake_node:/home/denis/diploma_ws/install/ssu:/home/denis/diploma_ws/install/groot:/home/denis/diploma_ws/install/fsu:/home/denis/diploma_ws/install/csu:/home/denis/diploma_ws/install/btcpp_ros2_samples:/home/denis/diploma_ws/install/btcpp_ros2_interfaces:/home/denis/diploma_ws/install/bt:/home/denis/diploma_ws/install/behaviortree_ros2:/home/denis/diploma_ws/install/behaviortree_cpp_v3:/home/denis/diploma_ws/install/behaviortree_cpp:/opt/ros/humble LD_LIBRARY_PATH=/home/denis/diploma_ws/install/dms_interfaces/lib:${LD_LIBRARY_PATH} PYTHONPATH=/home/denis/diploma_ws/install/dms_interfaces/local/lib/python3.10/dist-packages:${PYTHONPATH} /usr/bin/cmake --build /home/denis/diploma_ws/build/csu -- -j4 -l4
[15.140s] Invoking command in '/home/denis/diploma_ws/build/csu': AMENT_PREFIX_PATH=/home/denis/diploma_ws/install/dms_interfaces:${AMENT_PREFIX_PATH} CMAKE_PREFIX_PATH=/home/denis/diploma_ws/install/dms_interfaces:/home/denis/diploma_ws/install/turtlebot3_simulations:/home/denis/diploma_ws/install/turtlebot3_navigation2:/home/denis/diploma_ws/install/turtlebot3_gazebo:/home/denis/diploma_ws/install/turtlebot3_fake_node:/home/denis/diploma_ws/install/ssu:/home/denis/diploma_ws/install/groot:/home/denis/diploma_ws/install/fsu:/home/denis/diploma_ws/install/csu:/home/denis/diploma_ws/install/btcpp_ros2_samples:/home/denis/diploma_ws/install/btcpp_ros2_interfaces:/home/denis/diploma_ws/install/bt:/home/denis/diploma_ws/install/behaviortree_ros2:/home/denis/diploma_ws/install/behaviortree_cpp_v3:/home/denis/diploma_ws/install/behaviortree_cpp:/opt/ros/humble LD_LIBRARY_PATH=/home/denis/diploma_ws/install/dms_interfaces/lib:${LD_LIBRARY_PATH} PYTHONPATH=/home/denis/diploma_ws/install/dms_interfaces/local/lib/python3.10/dist-packages:${PYTHONPATH} /usr/bin/cmake --install /home/denis/diploma_ws/build/csu
[15.153s] -- Install configuration: ""
[15.153s] -- Installing: /home/denis/diploma_ws/install/csu/lib/csu/control_switching_unit
[15.161s] -- Set runtime path of "/home/denis/diploma_ws/install/csu/lib/csu/control_switching_unit" to ""
[15.161s] -- Installing: /home/denis/diploma_ws/install/csu/share/ament_index/resource_index/package_run_dependencies/csu
[15.161s] -- Installing: /home/denis/diploma_ws/install/csu/share/ament_index/resource_index/parent_prefix_path/csu
[15.161s] -- Up-to-date: /home/denis/diploma_ws/install/csu/share/csu/environment/ament_prefix_path.sh
[15.162s] -- Installing: /home/denis/diploma_ws/install/csu/share/csu/environment/ament_prefix_path.dsv
[15.162s] -- Up-to-date: /home/denis/diploma_ws/install/csu/share/csu/environment/path.sh
[15.162s] -- Installing: /home/denis/diploma_ws/install/csu/share/csu/environment/path.dsv
[15.162s] -- Up-to-date: /home/denis/diploma_ws/install/csu/share/csu/local_setup.bash
[15.162s] -- Up-to-date: /home/denis/diploma_ws/install/csu/share/csu/local_setup.sh
[15.162s] -- Up-to-date: /home/denis/diploma_ws/install/csu/share/csu/local_setup.zsh
[15.163s] -- Installing: /home/denis/diploma_ws/install/csu/share/csu/local_setup.dsv
[15.163s] -- Installing: /home/denis/diploma_ws/install/csu/share/csu/package.dsv
[15.163s] -- Up-to-date: /home/denis/diploma_ws/install/csu/share/ament_index/resource_index/packages/csu
[15.163s] -- Up-to-date: /home/denis/diploma_ws/install/csu/share/csu/cmake/csuConfig.cmake
[15.164s] -- Up-to-date: /home/denis/diploma_ws/install/csu/share/csu/cmake/csuConfig-version.cmake
[15.164s] -- Installing: /home/denis/diploma_ws/install/csu/share/csu/package.xml
[15.166s] Invoked command in '/home/denis/diploma_ws/build/csu' returned '0': AMENT_PREFIX_PATH=/home/denis/diploma_ws/install/dms_interfaces:${AMENT_PREFIX_PATH} CMAKE_PREFIX_PATH=/home/denis/diploma_ws/install/dms_interfaces:/home/denis/diploma_ws/install/turtlebot3_simulations:/home/denis/diploma_ws/install/turtlebot3_navigation2:/home/denis/diploma_ws/install/turtlebot3_gazebo:/home/denis/diploma_ws/install/turtlebot3_fake_node:/home/denis/diploma_ws/install/ssu:/home/denis/diploma_ws/install/groot:/home/denis/diploma_ws/install/fsu:/home/denis/diploma_ws/install/csu:/home/denis/diploma_ws/install/btcpp_ros2_samples:/home/denis/diploma_ws/install/btcpp_ros2_interfaces:/home/denis/diploma_ws/install/bt:/home/denis/diploma_ws/install/behaviortree_ros2:/home/denis/diploma_ws/install/behaviortree_cpp_v3:/home/denis/diploma_ws/install/behaviortree_cpp:/opt/ros/humble LD_LIBRARY_PATH=/home/denis/diploma_ws/install/dms_interfaces/lib:${LD_LIBRARY_PATH} PYTHONPATH=/home/denis/diploma_ws/install/dms_interfaces/local/lib/python3.10/dist-packages:${PYTHONPATH} /usr/bin/cmake --install /home/denis/diploma_ws/build/csu
